%MSG-i configureMessageFacility:  RunControlStateMachine  24-Jan-2019 10:47:13 CST pre-events configureMessageFacility.cc:286
Message Facility Application RunControlStateMachine configured with: debugModules:["*"] destinations:{file:{append:false directory:"/home/mu2edcs/dcs_ots_demo/ots/srcs/otsdaq_mu2e/DataDCS/Logs/RunControlStateMachine" pattern:"RunControlStateMachine-%?H%t-%p.log" seperator:"-" threshold:"DEBUG" timestamp_pattern:"%Y%m%d%H%M%S" type:"GenFile"} udp:{host:"192.168.157.6" port:30000 threshold:"DEBUG" type:"UDP"}}
%MSG
%MSG-i _TCPConnect:  RunControlStateMachine 24-Jan-2019 10:47:13 CST pre-events TCPConnect.cc:334
Resolving host 192.168.157.6, on port 30000
%MSG
%MSG-i _TCPConnect:  RunControlStateMachine 24-Jan-2019 10:47:13 CST pre-events TCPConnect.cc:241
Resolving ip mu2edaq01.fnal.gov
%MSG
%MSG-i configureMessageFacility:  CorePropertySupervisorBase  24-Jan-2019 10:47:13 CST pre-events configureMessageFacility.cc:286
Message Facility Application CorePropertySupervisorBase configured with: debugModules:["*"] destinations:{file:{append:false directory:"/home/mu2edcs/dcs_ots_demo/ots/srcs/otsdaq_mu2e/DataDCS/Logs/CorePropertySupervisorBase" pattern:"CorePropertySupervisorBase-%?H%t-%p.log" seperator:"-" threshold:"DEBUG" timestamp_pattern:"%Y%m%d%H%M%S" type:"GenFile"} udp:{host:"192.168.157.6" port:30000 threshold:"DEBUG" type:"UDP"}}
%MSG
%MSG-i WebUsers:  CorePropertySupervisorBase-mu2edaq01-0  24-Jan-2019 10:47:13 CST pre-events
otsdaq/otsdaq-core/WebUsersUtilities/WebUsers.cc [2803]	User 'admin' has locked out the system!
%MSG
%MSG-d Iterator:  CorePropertySupervisorBase-mu2edaq01-0  24-Jan-2019 10:47:13 CST pre-events
otsdaq/otsdaq-core/GatewaySupervisor/Iterator.cc [28]	Iterator constructed.
%MSG
%MSG-i configureMessageFacility:  GatewaySupervisor 24-Jan-2019 10:47:13 CST  pre-events configureMessageFacility.cc:286
Message Facility Application GatewaySupervisor configured with: debugModules:["*"] destinations:{file:{append:false directory:"/home/mu2edcs/dcs_ots_demo/ots/srcs/otsdaq_mu2e/DataDCS/Logs/GatewaySupervisor" pattern:"GatewaySupervisor-%?H%t-%p.log" seperator:"-" threshold:"DEBUG" timestamp_pattern:"%Y%m%d%H%M%S" type:"GenFile"} udp:{host:"192.168.157.6" port:30000 threshold:"DEBUG" type:"UDP"}}
%MSG
%MSG-i configureMessageFacility:  CorePropertySupervisorBase  24-Jan-2019 10:47:13 CST pre-events configureMessageFacility.cc:286
Message Facility Application CorePropertySupervisorBase configured with: debugModules:["*"] destinations:{file:{append:false directory:"/home/mu2edcs/dcs_ots_demo/ots/srcs/otsdaq_mu2e/DataDCS/Logs/CorePropertySupervisorBase" pattern:"CorePropertySupervisorBase-%?H%t-%p.log" seperator:"-" threshold:"DEBUG" timestamp_pattern:"%Y%m%d%H%M%S" type:"GenFile"} udp:{host:"192.168.157.6" port:30000 threshold:"DEBUG" type:"UDP"}}
%MSG
%MSG-i configureMessageFacility:  RunControlStateMachine  24-Jan-2019 10:47:13 CST pre-events configureMessageFacility.cc:286
Message Facility Application RunControlStateMachine configured with: debugModules:["*"] destinations:{file:{append:false directory:"/home/mu2edcs/dcs_ots_demo/ots/srcs/otsdaq_mu2e/DataDCS/Logs/RunControlStateMachine" pattern:"RunControlStateMachine-%?H%t-%p.log" seperator:"-" threshold:"DEBUG" timestamp_pattern:"%Y%m%d%H%M%S" type:"GenFile"} udp:{host:"192.168.157.6" port:30000 threshold:"DEBUG" type:"UDP"}}
%MSG
%MSG-i configureMessageFacility:  CoreSupervisorBase 24-Jan-2019 10:47:13 CST  pre-events configureMessageFacility.cc:286
Message Facility Application CoreSupervisorBase configured with: debugModules:["*"] destinations:{file:{append:false directory:"/home/mu2edcs/dcs_ots_demo/ots/srcs/otsdaq_mu2e/DataDCS/Logs/CoreSupervisorBase" pattern:"CoreSupervisorBase-%?H%t-%p.log" seperator:"-" threshold:"DEBUG" timestamp_pattern:"%Y%m%d%H%M%S" type:"GenFile"} udp:{host:"192.168.157.6" port:30000 threshold:"DEBUG" type:"UDP"}}
%MSG
%MSG-i configureMessageFacility:  ChatSupervisor 24-Jan-2019 10:47:13 CST  pre-events configureMessageFacility.cc:286
Message Facility Application ChatSupervisor configured with: debugModules:["*"] destinations:{file:{append:false directory:"/home/mu2edcs/dcs_ots_demo/ots/srcs/otsdaq_mu2e/DataDCS/Logs/ChatSupervisor" pattern:"ChatSupervisor-%?H%t-%p.log" seperator:"-" threshold:"DEBUG" timestamp_pattern:"%Y%m%d%H%M%S" type:"GenFile"} udp:{host:"192.168.157.6" port:30000 threshold:"DEBUG" type:"UDP"}}
%MSG
%MSG-i configureMessageFacility:  CorePropertySupervisorBase  24-Jan-2019 10:47:13 CST pre-events configureMessageFacility.cc:286
Message Facility Application CorePropertySupervisorBase configured with: debugModules:["*"] destinations:{file:{append:false directory:"/home/mu2edcs/dcs_ots_demo/ots/srcs/otsdaq_mu2e/DataDCS/Logs/CorePropertySupervisorBase" pattern:"CorePropertySupervisorBase-%?H%t-%p.log" seperator:"-" threshold:"DEBUG" timestamp_pattern:"%Y%m%d%H%M%S" type:"GenFile"} udp:{host:"192.168.157.6" port:30000 threshold:"DEBUG" type:"UDP"}}
%MSG
%MSG-i configureMessageFacility:  RunControlStateMachine  24-Jan-2019 10:47:13 CST pre-events configureMessageFacility.cc:286
Message Facility Application RunControlStateMachine configured with: debugModules:["*"] destinations:{file:{append:false directory:"/home/mu2edcs/dcs_ots_demo/ots/srcs/otsdaq_mu2e/DataDCS/Logs/RunControlStateMachine" pattern:"RunControlStateMachine-%?H%t-%p.log" seperator:"-" threshold:"DEBUG" timestamp_pattern:"%Y%m%d%H%M%S" type:"GenFile"} udp:{host:"192.168.157.6" port:30000 threshold:"DEBUG" type:"UDP"}}
%MSG
%MSG-i configureMessageFacility:  CoreSupervisorBase 24-Jan-2019 10:47:13 CST  pre-events configureMessageFacility.cc:286
Message Facility Application CoreSupervisorBase configured with: debugModules:["*"] destinations:{file:{append:false directory:"/home/mu2edcs/dcs_ots_demo/ots/srcs/otsdaq_mu2e/DataDCS/Logs/CoreSupervisorBase" pattern:"CoreSupervisorBase-%?H%t-%p.log" seperator:"-" threshold:"DEBUG" timestamp_pattern:"%Y%m%d%H%M%S" type:"GenFile"} udp:{host:"192.168.157.6" port:30000 threshold:"DEBUG" type:"UDP"}}
%MSG
%MSG-i configureMessageFacility:  ConsoleSupervisor 24-Jan-2019 10:47:13 CST  pre-events configureMessageFacility.cc:286
Message Facility Application ConsoleSupervisor configured with: debugModules:["*"] destinations:{file:{append:false directory:"/home/mu2edcs/dcs_ots_demo/ots/srcs/otsdaq_mu2e/DataDCS/Logs/ConsoleSupervisor" pattern:"ConsoleSupervisor-%?H%t-%p.log" seperator:"-" threshold:"DEBUG" timestamp_pattern:"%Y%m%d%H%M%S" type:"GenFile"} udp:{host:"192.168.157.6" port:30000 threshold:"DEBUG" type:"UDP"}}
%MSG
%MSG-i configureMessageFacility:  CorePropertySupervisorBase  24-Jan-2019 10:47:13 CST pre-events configureMessageFacility.cc:286
Message Facility Application CorePropertySupervisorBase configured with: debugModules:["*"] destinations:{file:{append:false directory:"/home/mu2edcs/dcs_ots_demo/ots/srcs/otsdaq_mu2e/DataDCS/Logs/CorePropertySupervisorBase" pattern:"CorePropertySupervisorBase-%?H%t-%p.log" seperator:"-" threshold:"DEBUG" timestamp_pattern:"%Y%m%d%H%M%S" type:"GenFile"} udp:{host:"192.168.157.6" port:30000 threshold:"DEBUG" type:"UDP"}}
%MSG
%MSG-i configureMessageFacility:  RunControlStateMachine  24-Jan-2019 10:47:13 CST pre-events configureMessageFacility.cc:286
Message Facility Application RunControlStateMachine configured with: debugModules:["*"] destinations:{file:{append:false directory:"/home/mu2edcs/dcs_ots_demo/ots/srcs/otsdaq_mu2e/DataDCS/Logs/RunControlStateMachine" pattern:"RunControlStateMachine-%?H%t-%p.log" seperator:"-" threshold:"DEBUG" timestamp_pattern:"%Y%m%d%H%M%S" type:"GenFile"} udp:{host:"192.168.157.6" port:30000 threshold:"DEBUG" type:"UDP"}}
%MSG
%MSG-i configureMessageFacility:  CoreSupervisorBase 24-Jan-2019 10:47:13 CST  pre-events configureMessageFacility.cc:286
Message Facility Application CoreSupervisorBase configured with: debugModules:["*"] destinations:{file:{append:false directory:"/home/mu2edcs/dcs_ots_demo/ots/srcs/otsdaq_mu2e/DataDCS/Logs/CoreSupervisorBase" pattern:"CoreSupervisorBase-%?H%t-%p.log" seperator:"-" threshold:"DEBUG" timestamp_pattern:"%Y%m%d%H%M%S" type:"GenFile"} udp:{host:"192.168.157.6" port:30000 threshold:"DEBUG" type:"UDP"}}
%MSG
%MSG-i configureMessageFacility:  LogbookSupervisor 24-Jan-2019 10:47:13 CST  pre-events configureMessageFacility.cc:286
Message Facility Application LogbookSupervisor configured with: debugModules:["*"] destinations:{file:{append:false directory:"/home/mu2edcs/dcs_ots_demo/ots/srcs/otsdaq_mu2e/DataDCS/Logs/LogbookSupervisor" pattern:"LogbookSupervisor-%?H%t-%p.log" seperator:"-" threshold:"DEBUG" timestamp_pattern:"%Y%m%d%H%M%S" type:"GenFile"} udp:{host:"192.168.157.6" port:30000 threshold:"DEBUG" type:"UDP"}}
%MSG
%MSG-i configureMessageFacility:  CorePropertySupervisorBase  24-Jan-2019 10:47:14 CST pre-events configureMessageFacility.cc:286
Message Facility Application CorePropertySupervisorBase configured with: debugModules:["*"] destinations:{file:{append:false directory:"/home/mu2edcs/dcs_ots_demo/ots/srcs/otsdaq_mu2e/DataDCS/Logs/CorePropertySupervisorBase" pattern:"CorePropertySupervisorBase-%?H%t-%p.log" seperator:"-" threshold:"DEBUG" timestamp_pattern:"%Y%m%d%H%M%S" type:"GenFile"} udp:{host:"192.168.157.6" port:30000 threshold:"DEBUG" type:"UDP"}}
%MSG
%MSG-i configureMessageFacility:  RunControlStateMachine  24-Jan-2019 10:47:14 CST pre-events configureMessageFacility.cc:286
[RATE LIMIT] Message Facility Application RunControlStateMachine configured with: debugModules:["*"] destinations:{file:{append:false directory:"/home/mu2edcs/dcs_ots_demo/ots/srcs/otsdaq_mu2e/DataDCS/Logs/RunControlStateMachine" pattern:"RunControlStateMachine-%?H%t-%p.log" seperator:"-" threshold:"DEBUG" timestamp_pattern:"%Y%m%d%H%M%S" type:"GenFile"} udp:{host:"192.168.157.6" port:30000 threshold:"DEBUG" type:"UDP"}}
%MSG
%MSG-d Console:  Early 24-Jan-2019 10:47:15 CST pre-events
otsdaq_utilities/otsdaq-utilities/Console/ConsoleSupervisor.cc [239]	Console is alive and waiting... (if no messages, next heartbeat is in approximately two minutes)
%MSG
%MSG-d Console:  Early 24-Jan-2019 10:47:17 CST pre-events
otsdaq_utilities/otsdaq-utilities/Console/ConsoleSupervisor.cc [239]	Console is alive and waiting... (if no messages, next heartbeat is in approximately two minutes)
%MSG
%MSG-d Console:  Early 24-Jan-2019 10:47:19 CST pre-events
otsdaq_utilities/otsdaq-utilities/Console/ConsoleSupervisor.cc [239]	Console is alive and waiting... (if no messages, next heartbeat is in approximately two minutes)
%MSG
%MSG-d Console:  Early 24-Jan-2019 10:47:21 CST pre-events
otsdaq_utilities/otsdaq-utilities/Console/ConsoleSupervisor.cc [239]	Console is alive and waiting... (if no messages, next heartbeat is in approximately two minutes)
%MSG
%MSG-d Console:  Early 24-Jan-2019 10:47:23 CST pre-events
otsdaq_utilities/otsdaq-utilities/Console/ConsoleSupervisor.cc [239]	Console is alive and waiting... (if no messages, next heartbeat is in approximately two minutes)
%MSG
%MSG-d GatewaySupervisor:  Early 24-Jan-2019 10:55:03 CST pre-events
otsdaq/otsdaq-core/GatewaySupervisor/GatewaySupervisor.cc [462]	Making logbook entry: ots started.
%MSG
%MSG-d GatewaySupervisor:  Early 24-Jan-2019 10:55:03 CST pre-events
otsdaq/otsdaq-core/GatewaySupervisor/GatewaySupervisor.cc [462]	Making logbook entry: admin logged in.
%MSG
%MSG-d GatewaySupervisor:  Early 24-Jan-2019 10:55:08 CST pre-events
otsdaq/otsdaq-core/GatewaySupervisor/GatewaySupervisor.cc [462]	Making logbook entry: admin logged in.
%MSG
%MSG-d CodeEditor:  Early 24-Jan-2019 11:18:47 CST pre-events
otsdaq/otsdaq-core/CodeEditor/CodeEditor.cc [561]	/home/mu2edcs/dcs_ots_demo/ots/build_slf7.x86_64
%MSG
%MSG-d CodeEditor:  Early 24-Jan-2019 11:18:47 CST pre-events
otsdaq/otsdaq-core/CodeEditor/CodeEditor.cc [561]	calling buildtool -I /home/mu2edcs/dcs_ots_demo/ots/localProducts_otsdaq_demo_v2_01_00_e15_s64_prof -b
%MSG
%MSG-d CodeEditor:  Early 24-Jan-2019 11:18:47 CST pre-events
otsdaq/otsdaq-core/CodeEditor/CodeEditor.cc [561]	INFO: Install prefix = /home/mu2edcs/dcs_ots_demo/ots/localProducts_otsdaq_demo_v2_01_00_e15_s64_prof
%MSG
%MSG-d CodeEditor:  Early 24-Jan-2019 11:18:47 CST pre-events
otsdaq/otsdaq-core/CodeEditor/CodeEditor.cc [561]	INFO: CETPKG_TYPE = Prof
%MSG
%MSG-d CodeEditor:  Early 24-Jan-2019 11:18:51 CST pre-events
otsdaq/otsdaq-core/CodeEditor/CodeEditor.cc [561]	
%MSG
%MSG-d CodeEditor:  Early 24-Jan-2019 11:18:51 CST pre-events
otsdaq/otsdaq-core/CodeEditor/CodeEditor.cc [561]	------------------------------------
%MSG
%MSG-d CodeEditor:  Early 24-Jan-2019 11:18:51 CST pre-events
otsdaq/otsdaq-core/CodeEditor/CodeEditor.cc [561]	INFO: Stage cmake.
%MSG
%MSG-d CodeEditor:  Early 24-Jan-2019 11:18:51 CST pre-events
otsdaq/otsdaq-core/CodeEditor/CodeEditor.cc [561]	------------------------------------
%MSG
%MSG-d CodeEditor:  Early 24-Jan-2019 11:18:51 CST pre-events
otsdaq/otsdaq-core/CodeEditor/CodeEditor.cc [561]	
%MSG
%MSG-d CodeEditor:  Early 24-Jan-2019 11:18:51 CST pre-events
otsdaq/otsdaq-core/CodeEditor/CodeEditor.cc [561]	-- CMAKE_MODULE_PATH is /cvmfs/fermilab.opensciencegrid.org/products/artdaq/art/v2_10_02/Modules;/cvmfs/fermilab.opensciencegri
%MSG
%MSG-d CodeEditor:  Early 24-Jan-2019 11:18:51 CST pre-events
otsdaq/otsdaq-core/CodeEditor/CodeEditor.cc [561]	-- CMAKE_MODULE_PATH is /cvmfs/fermilab.opensciencegrid.org/products/artdaq/art/v2_10_02/Modules;/cvmfs/fermilab.opensciencegrid.org/products/artdaq/cetbuildtools/v7_02_01/Modules;/home/mu2edaq/sync_demo/ots/products/xdaq/v14_4_1a/Modules;/cvmfs/fermilab
%MSG
%MSG-d CodeEditor:  Early 24-Jan-2019 11:18:51 CST pre-events
otsdaq/otsdaq-core/CodeEditor/CodeEditor.cc [561]	-- CMAKE_MODULE_PATH is /cvmfs/fermilab.opensciencegrid.org/products/artdaq/art/v2_10_02/Modules;/cvmfs/fermilab.opensciencegrid.org/products/artdaq/cetbuildtools/v7_02_01/Modules;/home/mu2edaq/sync_demo/ots/products/xdaq/v14_4_1a/Modules;/cvmfs/fermilab.opensciencegrid.org/products/artdaq/artdaq_utilities/v1_04_08/Modules
%MSG
%MSG-d CodeEditor:  Early 24-Jan-2019 11:18:51 CST pre-events
otsdaq/otsdaq-core/CodeEditor/CodeEditor.cc [561]	-- cetbuildtools_BINDIR = /cvmfs/fermilab.opensciencegrid.org/products/artdaq/cetbuildtools/v7_02_01/bin
%MSG
%MSG-d CodeEditor:  Early 24-Jan-2019 11:18:51 CST pre-events
otsdaq/otsdaq-core/CodeEditor/CodeEditor.cc [561]	-- full qual e15:s64:prof reduced to e15:s64
%MSG
%MSG-d CodeEditor:  Early 24-Jan-2019 11:18:51 CST pre-events
otsdaq/otsdaq-core/CodeEditor/CodeEditor.cc [561]	-- Product is otsdaq_utilities v2_02_00 e15:s64:prof
%MSG
%MSG-d CodeEditor:  Early 24-Jan-2019 11:18:51 CST pre-events
otsdaq/otsdaq-core/CodeEditor/CodeEditor.cc [561]	-- Module path is /cvmfs/fermilab.opensciencegrid.org/products/artdaq/art/v2_10_02/Modules;/cvmfs/fermilab.opensciencegrid.org/
%MSG
%MSG-d CodeEditor:  Early 24-Jan-2019 11:18:51 CST pre-events
otsdaq/otsdaq-core/CodeEditor/CodeEditor.cc [561]	-- Module path is /cvmfs/fermilab.opensciencegrid.org/products/artdaq/art/v2_10_02/Modules;/cvmfs/fermilab.opensciencegrid.org/products/artdaq/cetbuildtools/v7_02_01/Modules;/home/mu2edaq/sync_demo/ots/products/xdaq/v14_4_1a/Modules;/cvmfs/fermilab.opens
%MSG
%MSG-d CodeEditor:  Early 24-Jan-2019 11:18:51 CST pre-events
otsdaq/otsdaq-core/CodeEditor/CodeEditor.cc [561]	-- Module path is /cvmfs/fermilab.opensciencegrid.org/products/artdaq/art/v2_10_02/Modules;/cvmfs/fermilab.opensciencegrid.org/products/artdaq/cetbuildtools/v7_02_01/Modules;/home/mu2edaq/sync_demo/ots/products/xdaq/v14_4_1a/Modules;/cvmfs/fermilab.opensciencegrid.org/products/artdaq/artdaq_utilities/v1_04_08/Modules
%MSG
%MSG-d CodeEditor:  Early 24-Jan-2019 11:18:51 CST pre-events
otsdaq/otsdaq-core/CodeEditor/CodeEditor.cc [561]	-- set_install_root: PACKAGE_TOP_DIRECTORY is /home/mu2edcs/dcs_ots_demo/ots/srcs/otsdaq_utilities
%MSG
%MSG-d CodeEditor:  Early 24-Jan-2019 11:18:51 CST pre-events
otsdaq/otsdaq-core/CodeEditor/CodeEditor.cc [561]	-- cet dot version: 2.02.00
%MSG
%MSG-d CodeEditor:  Early 24-Jan-2019 11:18:51 CST pre-events
otsdaq/otsdaq-core/CodeEditor/CodeEditor.cc [561]	-- CET_REPORT: /cvmfs/fermilab.opensciencegrid.org/products/artdaq/cetbuildtools/v7_02_01/bin/cet_report
%MSG
%MSG-d CodeEditor:  Early 24-Jan-2019 11:18:51 CST pre-events
otsdaq/otsdaq-core/CodeEditor/CodeEditor.cc [561]	-- Building for Linux slf7 x86_64
%MSG
%MSG-d CodeEditor:  Early 24-Jan-2019 11:18:51 CST pre-events
otsdaq/otsdaq-core/CodeEditor/CodeEditor.cc [561]	-- Selected diagnostics option VIGILANT
%MSG
%MSG-d CodeEditor:  Early 24-Jan-2019 11:18:51 CST pre-events
otsdaq/otsdaq-core/CodeEditor/CodeEditor.cc [561]	--    DEFINE (-D): NDEBUG
%MSG
%MSG-d CodeEditor:  Early 24-Jan-2019 11:18:51 CST pre-events
otsdaq/otsdaq-core/CodeEditor/CodeEditor.cc [561]	-- compiler flags for directory  and below
%MSG
%MSG-d CodeEditor:  Early 24-Jan-2019 11:18:51 CST pre-events
otsdaq/otsdaq-core/CodeEditor/CodeEditor.cc [561]	--    C++     FLAGS: -g -gdwarf-4 -O3 -fno-omit-frame-pointer -Werror -pedantic -Wno-unused-parameter -Wno-unused-but-set-varia
%MSG
%MSG-d CodeEditor:  Early 24-Jan-2019 11:18:51 CST pre-events
otsdaq/otsdaq-core/CodeEditor/CodeEditor.cc [561]	--    C++     FLAGS: -g -gdwarf-4 -O3 -fno-omit-frame-pointer -Werror -pedantic -Wno-unused-parameter -Wno-unused-but-set-variable -Wno-maybe-uninitialized -Wno-ignored-qualifiers -Wno-unused-variable -std=c++14 -Wall -Werror=return-type -Wextra -Wno-lon
%MSG
%MSG-d CodeEditor:  Early 24-Jan-2019 11:18:51 CST pre-events
otsdaq/otsdaq-core/CodeEditor/CodeEditor.cc [561]	--    C++     FLAGS: -g -gdwarf-4 -O3 -fno-omit-frame-pointer -Werror -pedantic -Wno-unused-parameter -Wno-unused-but-set-variable -Wno-maybe-uninitialized -Wno-ignored-qualifiers -Wno-unused-variable -std=c++14 -Wall -Werror=return-type -Wextra -Wno-long-long -Winit-self -Wno-unused-local-typedefs -Woverloaded-virtual -Wnon-virtual-dtor -Wdelete-non-virtual-dtor
%MSG
%MSG-d CodeEditor:  Early 24-Jan-2019 11:18:51 CST pre-events
otsdaq/otsdaq-core/CodeEditor/CodeEditor.cc [561]	--    C       FLAGS: -g -gdwarf-4 -O3 -fno-omit-frame-pointer -Werror -pedantic -Wno-unused-parameter -Wno-unused-but-set-varia
%MSG
%MSG-d CodeEditor:  Early 24-Jan-2019 11:18:51 CST pre-events
otsdaq/otsdaq-core/CodeEditor/CodeEditor.cc [561]	--    C       FLAGS: -g -gdwarf-4 -O3 -fno-omit-frame-pointer -Werror -pedantic -Wno-unused-parameter -Wno-unused-but-set-variable -Wno-maybe-uninitialized -Wno-ignored-qualifiers -Wno-unused-variable -Wall -Werror=return-type -Wextra -Wno-long-long -Win
%MSG
%MSG-d CodeEditor:  Early 24-Jan-2019 11:18:51 CST pre-events
otsdaq/otsdaq-core/CodeEditor/CodeEditor.cc [561]	--    C       FLAGS: -g -gdwarf-4 -O3 -fno-omit-frame-pointer -Werror -pedantic -Wno-unused-parameter -Wno-unused-but-set-variable -Wno-maybe-uninitialized -Wno-ignored-qualifiers -Wno-unused-variable -Wall -Werror=return-type -Wextra -Wno-long-long -Winit-self -Wno-unused-local-typedefs
%MSG
%MSG-d CodeEditor:  Early 24-Jan-2019 11:18:52 CST pre-events
otsdaq/otsdaq-core/CodeEditor/CodeEditor.cc [561]	-- Boost version: 1.66.0
%MSG
%MSG-d CodeEditor:  Early 24-Jan-2019 11:18:52 CST pre-events
otsdaq/otsdaq-core/CodeEditor/CodeEditor.cc [561]	-- Found the following Boost libraries:
%MSG
%MSG-d CodeEditor:  Early 24-Jan-2019 11:18:52 CST pre-events
otsdaq/otsdaq-core/CodeEditor/CodeEditor.cc [561]	--   chrono
%MSG
%MSG-d CodeEditor:  Early 24-Jan-2019 11:18:52 CST pre-events
otsdaq/otsdaq-core/CodeEditor/CodeEditor.cc [561]	--   date_time
%MSG
%MSG-d CodeEditor:  Early 24-Jan-2019 11:18:52 CST pre-events
otsdaq/otsdaq-core/CodeEditor/CodeEditor.cc [561]	--   filesystem
%MSG
%MSG-d CodeEditor:  Early 24-Jan-2019 11:18:52 CST pre-events
otsdaq/otsdaq-core/CodeEditor/CodeEditor.cc [561]	--   graph
%MSG
%MSG-d CodeEditor:  Early 24-Jan-2019 11:18:52 CST pre-events
otsdaq/otsdaq-core/CodeEditor/CodeEditor.cc [561]	--   iostreams
%MSG
%MSG-d CodeEditor:  Early 24-Jan-2019 11:18:52 CST pre-events
otsdaq/otsdaq-core/CodeEditor/CodeEditor.cc [561]	--   locale
%MSG
%MSG-d CodeEditor:  Early 24-Jan-2019 11:18:52 CST pre-events
otsdaq/otsdaq-core/CodeEditor/CodeEditor.cc [561]	--   prg_exec_monitor
%MSG
%MSG-d CodeEditor:  Early 24-Jan-2019 11:18:52 CST pre-events
otsdaq/otsdaq-core/CodeEditor/CodeEditor.cc [561]	--   program_options
%MSG
%MSG-d CodeEditor:  Early 24-Jan-2019 11:18:52 CST pre-events
otsdaq/otsdaq-core/CodeEditor/CodeEditor.cc [561]	--   random
%MSG
%MSG-d CodeEditor:  Early 24-Jan-2019 11:18:52 CST pre-events
otsdaq/otsdaq-core/CodeEditor/CodeEditor.cc [561]	--   regex
%MSG
%MSG-d CodeEditor:  Early 24-Jan-2019 11:18:52 CST pre-events
otsdaq/otsdaq-core/CodeEditor/CodeEditor.cc [561]	--   serialization
%MSG
%MSG-d CodeEditor:  Early 24-Jan-2019 11:18:52 CST pre-events
otsdaq/otsdaq-core/CodeEditor/CodeEditor.cc [561]	--   signals
%MSG
%MSG-d CodeEditor:  Early 24-Jan-2019 11:18:52 CST pre-events
otsdaq/otsdaq-core/CodeEditor/CodeEditor.cc [561]	--   system
%MSG
%MSG-d CodeEditor:  Early 24-Jan-2019 11:18:52 CST pre-events
otsdaq/otsdaq-core/CodeEditor/CodeEditor.cc [561]	--   thread
%MSG
%MSG-d CodeEditor:  Early 24-Jan-2019 11:18:52 CST pre-events
otsdaq/otsdaq-core/CodeEditor/CodeEditor.cc [561]	--   timer
%MSG
%MSG-d CodeEditor:  Early 24-Jan-2019 11:18:52 CST pre-events
otsdaq/otsdaq-core/CodeEditor/CodeEditor.cc [561]	--   unit_test_framework
%MSG
%MSG-d CodeEditor:  Early 24-Jan-2019 11:18:52 CST pre-events
otsdaq/otsdaq-core/CodeEditor/CodeEditor.cc [561]	--   wave
%MSG
%MSG-d CodeEditor:  Early 24-Jan-2019 11:18:52 CST pre-events
otsdaq/otsdaq-core/CodeEditor/CodeEditor.cc [561]	--   wserialization
%MSG
%MSG-d CodeEditor:  Early 24-Jan-2019 11:18:52 CST pre-events
otsdaq/otsdaq-core/CodeEditor/CodeEditor.cc [561]	--   atomic
%MSG
%MSG-d CodeEditor:  Early 24-Jan-2019 11:18:53 CST pre-events
otsdaq/otsdaq-core/CodeEditor/CodeEditor.cc [561]	-DMESSAGEFACILITY_HEX_VERSION=0x20106
%MSG
%MSG-d CodeEditor:  Early 24-Jan-2019 11:18:53 CST pre-events
otsdaq/otsdaq-core/CodeEditor/CodeEditor.cc [561]	-- Could NOT find XSD (missing: XSD_INCLUDE_DIR) 
%MSG
%MSG-d CodeEditor:  Early 24-Jan-2019 11:18:53 CST pre-events
otsdaq/otsdaq-core/CodeEditor/CodeEditor.cc [561]	-- CPACK_PACKAGE_VERSION is 2.02.00
%MSG
%MSG-d CodeEditor:  Early 24-Jan-2019 11:18:53 CST pre-events
otsdaq/otsdaq-core/CodeEditor/CodeEditor.cc [561]	-- CPACK_PACKAGE_NAME and CPACK_SYSTEM_NAME are otsdaq_demo slf7-x86_64-e15-s64-prof
%MSG
%MSG-d CodeEditor:  Early 24-Jan-2019 11:18:53 CST pre-events
otsdaq/otsdaq-core/CodeEditor/CodeEditor.cc [561]	-- CMAKE_MODULE_PATH is /cvmfs/fermilab.opensciencegrid.org/products/artdaq/art/v2_10_02/Modules;/cvmfs/fermilab.opensciencegri
%MSG
%MSG-d CodeEditor:  Early 24-Jan-2019 11:18:53 CST pre-events
otsdaq/otsdaq-core/CodeEditor/CodeEditor.cc [561]	-- CMAKE_MODULE_PATH is /cvmfs/fermilab.opensciencegrid.org/products/artdaq/art/v2_10_02/Modules;/cvmfs/fermilab.opensciencegrid.org/products/artdaq/cetbuildtools/v7_02_01/Modules;/home/mu2edaq/sync_demo/ots/products/xdaq/v14_4_1a/Modules;/cvmfs/fermilab
%MSG
%MSG-d CodeEditor:  Early 24-Jan-2019 11:18:53 CST pre-events
otsdaq/otsdaq-core/CodeEditor/CodeEditor.cc [561]	-- CMAKE_MODULE_PATH is /cvmfs/fermilab.opensciencegrid.org/products/artdaq/art/v2_10_02/Modules;/cvmfs/fermilab.opensciencegrid.org/products/artdaq/cetbuildtools/v7_02_01/Modules;/home/mu2edaq/sync_demo/ots/products/xdaq/v14_4_1a/Modules;/cvmfs/fermilab.opensciencegrid.org/products/artdaq/artdaq_utilities/v1_04_08/Modules
%MSG
%MSG-d CodeEditor:  Early 24-Jan-2019 11:18:53 CST pre-events
otsdaq/otsdaq-core/CodeEditor/CodeEditor.cc [561]	-- cetbuildtools_BINDIR = /cvmfs/fermilab.opensciencegrid.org/products/artdaq/cetbuildtools/v7_02_01/bin
%MSG
%MSG-d CodeEditor:  Early 24-Jan-2019 11:18:53 CST pre-events
otsdaq/otsdaq-core/CodeEditor/CodeEditor.cc [561]	-- full qual e15:s64:prof reduced to e15:s64
%MSG
%MSG-d CodeEditor:  Early 24-Jan-2019 11:18:53 CST pre-events
otsdaq/otsdaq-core/CodeEditor/CodeEditor.cc [561]	-- Product is otsdaq_mu2e v2_01_01 e15:s64:prof
%MSG
%MSG-d CodeEditor:  Early 24-Jan-2019 11:18:53 CST pre-events
otsdaq/otsdaq-core/CodeEditor/CodeEditor.cc [561]	-- Module path is /cvmfs/fermilab.opensciencegrid.org/products/artdaq/art/v2_10_02/Modules;/cvmfs/fermilab.opensciencegrid.org/
%MSG
%MSG-d CodeEditor:  Early 24-Jan-2019 11:18:53 CST pre-events
otsdaq/otsdaq-core/CodeEditor/CodeEditor.cc [561]	-- Module path is /cvmfs/fermilab.opensciencegrid.org/products/artdaq/art/v2_10_02/Modules;/cvmfs/fermilab.opensciencegrid.org/products/artdaq/cetbuildtools/v7_02_01/Modules;/home/mu2edaq/sync_demo/ots/products/xdaq/v14_4_1a/Modules;/cvmfs/fermilab.opens
%MSG
%MSG-d CodeEditor:  Early 24-Jan-2019 11:18:53 CST pre-events
otsdaq/otsdaq-core/CodeEditor/CodeEditor.cc [561]	-- Module path is /cvmfs/fermilab.opensciencegrid.org/products/artdaq/art/v2_10_02/Modules;/cvmfs/fermilab.opensciencegrid.org/products/artdaq/cetbuildtools/v7_02_01/Modules;/home/mu2edaq/sync_demo/ots/products/xdaq/v14_4_1a/Modules;/cvmfs/fermilab.opensciencegrid.org/products/artdaq/artdaq_utilities/v1_04_08/Modules
%MSG
%MSG-d CodeEditor:  Early 24-Jan-2019 11:18:53 CST pre-events
otsdaq/otsdaq-core/CodeEditor/CodeEditor.cc [561]	-- set_install_root: PACKAGE_TOP_DIRECTORY is /home/mu2edcs/dcs_ots_demo/ots/srcs/otsdaq_mu2e
%MSG
%MSG-d CodeEditor:  Early 24-Jan-2019 11:18:53 CST pre-events
otsdaq/otsdaq-core/CodeEditor/CodeEditor.cc [561]	-- cet dot version: 2.01.01
%MSG
%MSG-d CodeEditor:  Early 24-Jan-2019 11:18:53 CST pre-events
otsdaq/otsdaq-core/CodeEditor/CodeEditor.cc [561]	-- CET_REPORT: /cvmfs/fermilab.opensciencegrid.org/products/artdaq/cetbuildtools/v7_02_01/bin/cet_report
%MSG
%MSG-d CodeEditor:  Early 24-Jan-2019 11:18:53 CST pre-events
otsdaq/otsdaq-core/CodeEditor/CodeEditor.cc [561]	-- Building for Linux slf7 x86_64
%MSG
%MSG-d CodeEditor:  Early 24-Jan-2019 11:18:54 CST pre-events
otsdaq/otsdaq-core/CodeEditor/CodeEditor.cc [561]	-- Selected diagnostics option VIGILANT
%MSG
%MSG-d CodeEditor:  Early 24-Jan-2019 11:18:54 CST pre-events
otsdaq/otsdaq-core/CodeEditor/CodeEditor.cc [561]	--    DEFINE (-D): NDEBUG
%MSG
%MSG-d CodeEditor:  Early 24-Jan-2019 11:18:54 CST pre-events
otsdaq/otsdaq-core/CodeEditor/CodeEditor.cc [561]	-- compiler flags for directory  and below
%MSG
%MSG-d CodeEditor:  Early 24-Jan-2019 11:18:54 CST pre-events
otsdaq/otsdaq-core/CodeEditor/CodeEditor.cc [561]	--    C++     FLAGS: -g -gdwarf-4 -O3 -fno-omit-frame-pointer -std=c++98 -Werror -pedantic -Wno-unused-parameter -Wno-unused-bu
%MSG
%MSG-d CodeEditor:  Early 24-Jan-2019 11:18:54 CST pre-events
otsdaq/otsdaq-core/CodeEditor/CodeEditor.cc [561]	--    C++     FLAGS: -g -gdwarf-4 -O3 -fno-omit-frame-pointer -std=c++98 -Werror -pedantic -Wno-unused-parameter -Wno-unused-but-set-variable -Wno-maybe-uninitialized -Wno-ignored-qualifiers -Wno-unused-variable -std=c++14 -Wall -Werror=return-type -Wext
%MSG
%MSG-d CodeEditor:  Early 24-Jan-2019 11:18:54 CST pre-events
otsdaq/otsdaq-core/CodeEditor/CodeEditor.cc [561]	--    C++     FLAGS: -g -gdwarf-4 -O3 -fno-omit-frame-pointer -std=c++98 -Werror -pedantic -Wno-unused-parameter -Wno-unused-but-set-variable -Wno-maybe-uninitialized -Wno-ignored-qualifiers -Wno-unused-variable -std=c++14 -Wall -Werror=return-type -Wextra -Wno-long-long -Winit-self -Wno-unused-local-typedefs -Woverloaded-virtual -Wnon-virtual-dtor -Wdelete-non-virtual-dtor
%MSG
%MSG-d CodeEditor:  Early 24-Jan-2019 11:18:54 CST pre-events
otsdaq/otsdaq-core/CodeEditor/CodeEditor.cc [561]	--    C       FLAGS: -g -gdwarf-4 -O3 -fno-omit-frame-pointer -Werror -pedantic -Wno-unused-parameter -Wno-unused-but-set-varia
%MSG
%MSG-d CodeEditor:  Early 24-Jan-2019 11:18:54 CST pre-events
otsdaq/otsdaq-core/CodeEditor/CodeEditor.cc [561]	--    C       FLAGS: -g -gdwarf-4 -O3 -fno-omit-frame-pointer -Werror -pedantic -Wno-unused-parameter -Wno-unused-but-set-variable -Wno-maybe-uninitialized -Wno-ignored-qualifiers -Wno-unused-variable -Wall -Werror=return-type -Wextra -Wno-long-long -Win
%MSG
%MSG-d CodeEditor:  Early 24-Jan-2019 11:18:54 CST pre-events
otsdaq/otsdaq-core/CodeEditor/CodeEditor.cc [561]	--    C       FLAGS: -g -gdwarf-4 -O3 -fno-omit-frame-pointer -Werror -pedantic -Wno-unused-parameter -Wno-unused-but-set-variable -Wno-maybe-uninitialized -Wno-ignored-qualifiers -Wno-unused-variable -Wall -Werror=return-type -Wextra -Wno-long-long -Winit-self -Wno-unused-local-typedefs
%MSG
%MSG-d CodeEditor:  Early 24-Jan-2019 11:18:54 CST pre-events
otsdaq/otsdaq-core/CodeEditor/CodeEditor.cc [561]	-- Boost version: 1.66.0
%MSG
%MSG-d CodeEditor:  Early 24-Jan-2019 11:18:54 CST pre-events
otsdaq/otsdaq-core/CodeEditor/CodeEditor.cc [561]	-- Found the following Boost libraries:
%MSG
%MSG-d CodeEditor:  Early 24-Jan-2019 11:18:54 CST pre-events
otsdaq/otsdaq-core/CodeEditor/CodeEditor.cc [561]	--   chrono
%MSG
%MSG-d CodeEditor:  Early 24-Jan-2019 11:18:54 CST pre-events
otsdaq/otsdaq-core/CodeEditor/CodeEditor.cc [561]	--   date_time
%MSG
%MSG-d CodeEditor:  Early 24-Jan-2019 11:18:54 CST pre-events
otsdaq/otsdaq-core/CodeEditor/CodeEditor.cc [561]	--   filesystem
%MSG
%MSG-d CodeEditor:  Early 24-Jan-2019 11:18:54 CST pre-events
otsdaq/otsdaq-core/CodeEditor/CodeEditor.cc [561]	--   graph
%MSG
%MSG-d CodeEditor:  Early 24-Jan-2019 11:18:54 CST pre-events
otsdaq/otsdaq-core/CodeEditor/CodeEditor.cc [561]	--   iostreams
%MSG
%MSG-d CodeEditor:  Early 24-Jan-2019 11:18:54 CST pre-events
otsdaq/otsdaq-core/CodeEditor/CodeEditor.cc [561]	--   locale
%MSG
%MSG-d CodeEditor:  Early 24-Jan-2019 11:18:54 CST pre-events
otsdaq/otsdaq-core/CodeEditor/CodeEditor.cc [561]	--   prg_exec_monitor
%MSG
%MSG-d CodeEditor:  Early 24-Jan-2019 11:18:54 CST pre-events
otsdaq/otsdaq-core/CodeEditor/CodeEditor.cc [561]	--   program_options
%MSG
%MSG-d CodeEditor:  Early 24-Jan-2019 11:18:54 CST pre-events
otsdaq/otsdaq-core/CodeEditor/CodeEditor.cc [561]	--   random
%MSG
%MSG-d CodeEditor:  Early 24-Jan-2019 11:18:54 CST pre-events
otsdaq/otsdaq-core/CodeEditor/CodeEditor.cc [561]	--   regex
%MSG
%MSG-d CodeEditor:  Early 24-Jan-2019 11:18:54 CST pre-events
otsdaq/otsdaq-core/CodeEditor/CodeEditor.cc [561]	--   serialization
%MSG
%MSG-d CodeEditor:  Early 24-Jan-2019 11:18:54 CST pre-events
otsdaq/otsdaq-core/CodeEditor/CodeEditor.cc [561]	--   signals
%MSG
%MSG-d CodeEditor:  Early 24-Jan-2019 11:18:54 CST pre-events
otsdaq/otsdaq-core/CodeEditor/CodeEditor.cc [561]	--   system
%MSG
%MSG-d CodeEditor:  Early 24-Jan-2019 11:18:54 CST pre-events
otsdaq/otsdaq-core/CodeEditor/CodeEditor.cc [561]	--   thread
%MSG
%MSG-d CodeEditor:  Early 24-Jan-2019 11:18:54 CST pre-events
otsdaq/otsdaq-core/CodeEditor/CodeEditor.cc [561]	--   timer
%MSG
%MSG-d CodeEditor:  Early 24-Jan-2019 11:18:54 CST pre-events
otsdaq/otsdaq-core/CodeEditor/CodeEditor.cc [561]	--   unit_test_framework
%MSG
%MSG-d CodeEditor:  Early 24-Jan-2019 11:18:54 CST pre-events
otsdaq/otsdaq-core/CodeEditor/CodeEditor.cc [561]	--   wave
%MSG
%MSG-d CodeEditor:  Early 24-Jan-2019 11:18:54 CST pre-events
otsdaq/otsdaq-core/CodeEditor/CodeEditor.cc [561]	--   wserialization
%MSG
%MSG-d CodeEditor:  Early 24-Jan-2019 11:18:54 CST pre-events
otsdaq/otsdaq-core/CodeEditor/CodeEditor.cc [561]	--   atomic
%MSG
%MSG-d CodeEditor:  Early 24-Jan-2019 11:18:56 CST pre-events
otsdaq/otsdaq-core/CodeEditor/CodeEditor.cc [561]	-- CPACK_PACKAGE_VERSION is 2.01.01
%MSG
%MSG-d CodeEditor:  Early 24-Jan-2019 11:18:56 CST pre-events
otsdaq/otsdaq-core/CodeEditor/CodeEditor.cc [561]	-- CPACK_PACKAGE_NAME and CPACK_SYSTEM_NAME are otsdaq_demo slf7-x86_64-e15-s64-prof
%MSG
%MSG-d CodeEditor:  Early 24-Jan-2019 11:18:56 CST pre-events
otsdaq/otsdaq-core/CodeEditor/CodeEditor.cc [561]	-- CMAKE_MODULE_PATH is /cvmfs/fermilab.opensciencegrid.org/products/artdaq/art/v2_10_02/Modules;/cvmfs/fermilab.opensciencegri
%MSG
%MSG-d CodeEditor:  Early 24-Jan-2019 11:18:56 CST pre-events
otsdaq/otsdaq-core/CodeEditor/CodeEditor.cc [561]	-- CMAKE_MODULE_PATH is /cvmfs/fermilab.opensciencegrid.org/products/artdaq/art/v2_10_02/Modules;/cvmfs/fermilab.opensciencegrid.org/products/artdaq/cetbuildtools/v7_02_01/Modules;/home/mu2edaq/sync_demo/ots/products/xdaq/v14_4_1a/Modules;/cvmfs/fermilab
%MSG
%MSG-d CodeEditor:  Early 24-Jan-2019 11:18:56 CST pre-events
otsdaq/otsdaq-core/CodeEditor/CodeEditor.cc [561]	-- CMAKE_MODULE_PATH is /cvmfs/fermilab.opensciencegrid.org/products/artdaq/art/v2_10_02/Modules;/cvmfs/fermilab.opensciencegrid.org/products/artdaq/cetbuildtools/v7_02_01/Modules;/home/mu2edaq/sync_demo/ots/products/xdaq/v14_4_1a/Modules;/cvmfs/fermilab.opensciencegrid.org/products/artdaq/artdaq_utilities/v1_04_08/Modules
%MSG
%MSG-d CodeEditor:  Early 24-Jan-2019 11:18:56 CST pre-events
otsdaq/otsdaq-core/CodeEditor/CodeEditor.cc [561]	-- cetbuildtools_BINDIR = /cvmfs/fermilab.opensciencegrid.org/products/artdaq/cetbuildtools/v7_02_01/bin
%MSG
%MSG-d CodeEditor:  Early 24-Jan-2019 11:18:56 CST pre-events
otsdaq/otsdaq-core/CodeEditor/CodeEditor.cc [561]	-- full qual e15:s64:prof reduced to e15:s64
%MSG
%MSG-d CodeEditor:  Early 24-Jan-2019 11:18:56 CST pre-events
otsdaq/otsdaq-core/CodeEditor/CodeEditor.cc [561]	-- Product is otsdaq_components v2_02_00 e15:s64:prof
%MSG
%MSG-d CodeEditor:  Early 24-Jan-2019 11:18:56 CST pre-events
otsdaq/otsdaq-core/CodeEditor/CodeEditor.cc [561]	-- Module path is /cvmfs/fermilab.opensciencegrid.org/products/artdaq/art/v2_10_02/Modules;/cvmfs/fermilab.opensciencegrid.org/
%MSG
%MSG-d CodeEditor:  Early 24-Jan-2019 11:18:56 CST pre-events
otsdaq/otsdaq-core/CodeEditor/CodeEditor.cc [561]	-- Module path is /cvmfs/fermilab.opensciencegrid.org/products/artdaq/art/v2_10_02/Modules;/cvmfs/fermilab.opensciencegrid.org/products/artdaq/cetbuildtools/v7_02_01/Modules;/home/mu2edaq/sync_demo/ots/products/xdaq/v14_4_1a/Modules;/cvmfs/fermilab.opens
%MSG
%MSG-d CodeEditor:  Early 24-Jan-2019 11:18:56 CST pre-events
otsdaq/otsdaq-core/CodeEditor/CodeEditor.cc [561]	-- Module path is /cvmfs/fermilab.opensciencegrid.org/products/artdaq/art/v2_10_02/Modules;/cvmfs/fermilab.opensciencegrid.org/products/artdaq/cetbuildtools/v7_02_01/Modules;/home/mu2edaq/sync_demo/ots/products/xdaq/v14_4_1a/Modules;/cvmfs/fermilab.opensciencegrid.org/products/artdaq/artdaq_utilities/v1_04_08/Modules
%MSG
%MSG-d CodeEditor:  Early 24-Jan-2019 11:18:56 CST pre-events
otsdaq/otsdaq-core/CodeEditor/CodeEditor.cc [561]	-- set_install_root: PACKAGE_TOP_DIRECTORY is /home/mu2edcs/dcs_ots_demo/ots/srcs/otsdaq_components
%MSG
%MSG-d CodeEditor:  Early 24-Jan-2019 11:18:56 CST pre-events
otsdaq/otsdaq-core/CodeEditor/CodeEditor.cc [561]	-- cet dot version: 2.02.00
%MSG
%MSG-d CodeEditor:  Early 24-Jan-2019 11:18:56 CST pre-events
otsdaq/otsdaq-core/CodeEditor/CodeEditor.cc [561]	-- CET_REPORT: /cvmfs/fermilab.opensciencegrid.org/products/artdaq/cetbuildtools/v7_02_01/bin/cet_report
%MSG
%MSG-d CodeEditor:  Early 24-Jan-2019 11:18:56 CST pre-events
otsdaq/otsdaq-core/CodeEditor/CodeEditor.cc [561]	-- Building for Linux slf7 x86_64
%MSG
%MSG-d CodeEditor:  Early 24-Jan-2019 11:18:56 CST pre-events
otsdaq/otsdaq-core/CodeEditor/CodeEditor.cc [561]	-- Selected diagnostics option VIGILANT
%MSG
%MSG-d CodeEditor:  Early 24-Jan-2019 11:18:56 CST pre-events
otsdaq/otsdaq-core/CodeEditor/CodeEditor.cc [561]	--    DEFINE (-D): NDEBUG
%MSG
%MSG-d CodeEditor:  Early 24-Jan-2019 11:18:56 CST pre-events
otsdaq/otsdaq-core/CodeEditor/CodeEditor.cc [561]	-- compiler flags for directory  and below
%MSG
%MSG-d CodeEditor:  Early 24-Jan-2019 11:18:56 CST pre-events
otsdaq/otsdaq-core/CodeEditor/CodeEditor.cc [561]	--    C++     FLAGS: -g -gdwarf-4 -O3 -fno-omit-frame-pointer -Werror -pedantic -Wno-unused-parameter -Wno-unused-but-set-varia
%MSG
%MSG-d CodeEditor:  Early 24-Jan-2019 11:18:56 CST pre-events
otsdaq/otsdaq-core/CodeEditor/CodeEditor.cc [561]	--    C++     FLAGS: -g -gdwarf-4 -O3 -fno-omit-frame-pointer -Werror -pedantic -Wno-unused-parameter -Wno-unused-but-set-variable -Wno-maybe-uninitialized -Wno-ignored-qualifiers -Wno-unused-variable -std=c++14 -Wall -Werror=return-type -Wextra -Wno-lon
%MSG
%MSG-d CodeEditor:  Early 24-Jan-2019 11:18:56 CST pre-events
otsdaq/otsdaq-core/CodeEditor/CodeEditor.cc [561]	--    C++     FLAGS: -g -gdwarf-4 -O3 -fno-omit-frame-pointer -Werror -pedantic -Wno-unused-parameter -Wno-unused-but-set-variable -Wno-maybe-uninitialized -Wno-ignored-qualifiers -Wno-unused-variable -std=c++14 -Wall -Werror=return-type -Wextra -Wno-long-long -Winit-self -Wno-unused-local-typedefs -Woverloaded-virtual -Wnon-virtual-dtor -Wdelete-non-virtual-dtor
%MSG
%MSG-d CodeEditor:  Early 24-Jan-2019 11:18:56 CST pre-events
otsdaq/otsdaq-core/CodeEditor/CodeEditor.cc [561]	--    C       FLAGS: -g -gdwarf-4 -O3 -fno-omit-frame-pointer -Werror -pedantic -Wno-unused-parameter -Wno-unused-but-set-varia
%MSG
%MSG-d CodeEditor:  Early 24-Jan-2019 11:18:56 CST pre-events
otsdaq/otsdaq-core/CodeEditor/CodeEditor.cc [561]	--    C       FLAGS: -g -gdwarf-4 -O3 -fno-omit-frame-pointer -Werror -pedantic -Wno-unused-parameter -Wno-unused-but-set-variable -Wno-maybe-uninitialized -Wno-ignored-qualifiers -Wno-unused-variable -Wall -Werror=return-type -Wextra -Wno-long-long -Win
%MSG
%MSG-d CodeEditor:  Early 24-Jan-2019 11:18:56 CST pre-events
otsdaq/otsdaq-core/CodeEditor/CodeEditor.cc [561]	--    C       FLAGS: -g -gdwarf-4 -O3 -fno-omit-frame-pointer -Werror -pedantic -Wno-unused-parameter -Wno-unused-but-set-variable -Wno-maybe-uninitialized -Wno-ignored-qualifiers -Wno-unused-variable -Wall -Werror=return-type -Wextra -Wno-long-long -Winit-self -Wno-unused-local-typedefs
%MSG
%MSG-d CodeEditor:  Early 24-Jan-2019 11:18:57 CST pre-events
otsdaq/otsdaq-core/CodeEditor/CodeEditor.cc [561]	-- Boost version: 1.66.0
%MSG
%MSG-d CodeEditor:  Early 24-Jan-2019 11:18:57 CST pre-events
otsdaq/otsdaq-core/CodeEditor/CodeEditor.cc [561]	-- Found the following Boost libraries:
%MSG
%MSG-d CodeEditor:  Early 24-Jan-2019 11:18:57 CST pre-events
otsdaq/otsdaq-core/CodeEditor/CodeEditor.cc [561]	--   chrono
%MSG
%MSG-d CodeEditor:  Early 24-Jan-2019 11:18:57 CST pre-events
otsdaq/otsdaq-core/CodeEditor/CodeEditor.cc [561]	--   date_time
%MSG
%MSG-d CodeEditor:  Early 24-Jan-2019 11:18:57 CST pre-events
otsdaq/otsdaq-core/CodeEditor/CodeEditor.cc [561]	--   filesystem
%MSG
%MSG-d CodeEditor:  Early 24-Jan-2019 11:18:57 CST pre-events
otsdaq/otsdaq-core/CodeEditor/CodeEditor.cc [561]	--   graph
%MSG
%MSG-d CodeEditor:  Early 24-Jan-2019 11:18:57 CST pre-events
otsdaq/otsdaq-core/CodeEditor/CodeEditor.cc [561]	--   iostreams
%MSG
%MSG-d CodeEditor:  Early 24-Jan-2019 11:18:57 CST pre-events
otsdaq/otsdaq-core/CodeEditor/CodeEditor.cc [561]	--   locale
%MSG
%MSG-d CodeEditor:  Early 24-Jan-2019 11:18:57 CST pre-events
otsdaq/otsdaq-core/CodeEditor/CodeEditor.cc [561]	--   prg_exec_monitor
%MSG
%MSG-d CodeEditor:  Early 24-Jan-2019 11:18:57 CST pre-events
otsdaq/otsdaq-core/CodeEditor/CodeEditor.cc [561]	--   program_options
%MSG
%MSG-d CodeEditor:  Early 24-Jan-2019 11:18:57 CST pre-events
otsdaq/otsdaq-core/CodeEditor/CodeEditor.cc [561]	--   random
%MSG
%MSG-d CodeEditor:  Early 24-Jan-2019 11:18:57 CST pre-events
otsdaq/otsdaq-core/CodeEditor/CodeEditor.cc [561]	--   regex
%MSG
%MSG-d CodeEditor:  Early 24-Jan-2019 11:18:57 CST pre-events
otsdaq/otsdaq-core/CodeEditor/CodeEditor.cc [561]	--   serialization
%MSG
%MSG-d CodeEditor:  Early 24-Jan-2019 11:18:57 CST pre-events
otsdaq/otsdaq-core/CodeEditor/CodeEditor.cc [561]	--   signals
%MSG
%MSG-d CodeEditor:  Early 24-Jan-2019 11:18:57 CST pre-events
otsdaq/otsdaq-core/CodeEditor/CodeEditor.cc [561]	--   system
%MSG
%MSG-d CodeEditor:  Early 24-Jan-2019 11:18:57 CST pre-events
otsdaq/otsdaq-core/CodeEditor/CodeEditor.cc [561]	--   thread
%MSG
%MSG-d CodeEditor:  Early 24-Jan-2019 11:18:57 CST pre-events
otsdaq/otsdaq-core/CodeEditor/CodeEditor.cc [561]	--   timer
%MSG
%MSG-d CodeEditor:  Early 24-Jan-2019 11:18:57 CST pre-events
otsdaq/otsdaq-core/CodeEditor/CodeEditor.cc [561]	--   unit_test_framework
%MSG
%MSG-d CodeEditor:  Early 24-Jan-2019 11:18:57 CST pre-events
otsdaq/otsdaq-core/CodeEditor/CodeEditor.cc [561]	--   wave
%MSG
%MSG-d CodeEditor:  Early 24-Jan-2019 11:18:57 CST pre-events
otsdaq/otsdaq-core/CodeEditor/CodeEditor.cc [561]	--   wserialization
%MSG
%MSG-d CodeEditor:  Early 24-Jan-2019 11:18:57 CST pre-events
otsdaq/otsdaq-core/CodeEditor/CodeEditor.cc [561]	--   atomic
%MSG
%MSG-d CodeEditor:  Early 24-Jan-2019 11:18:58 CST pre-events
otsdaq/otsdaq-core/CodeEditor/CodeEditor.cc [561]	-- Found LATEX: /usr/bin/latex   
%MSG
%MSG-d CodeEditor:  Early 24-Jan-2019 11:18:58 CST pre-events
otsdaq/otsdaq-core/CodeEditor/CodeEditor.cc [561]	-- Found LATEX: /usr/bin/latex  found components:  PDFLATEX PS2PDF MAKEINDEX 
%MSG
%MSG-d CodeEditor:  Early 24-Jan-2019 11:18:58 CST pre-events
otsdaq/otsdaq-core/CodeEditor/CodeEditor.cc [561]	-- Found epstopdf
%MSG
%MSG-d CodeEditor:  Early 24-Jan-2019 11:18:58 CST pre-events
otsdaq/otsdaq-core/CodeEditor/CodeEditor.cc [561]	-- CPACK_PACKAGE_VERSION is 2.02.00
%MSG
%MSG-d CodeEditor:  Early 24-Jan-2019 11:18:58 CST pre-events
otsdaq/otsdaq-core/CodeEditor/CodeEditor.cc [561]	-- CPACK_PACKAGE_NAME and CPACK_SYSTEM_NAME are otsdaq_demo slf7-x86_64-e15-s64-prof
%MSG
%MSG-d CodeEditor:  Early 24-Jan-2019 11:18:58 CST pre-events
otsdaq/otsdaq-core/CodeEditor/CodeEditor.cc [561]	-- CMAKE_MODULE_PATH is /cvmfs/fermilab.opensciencegrid.org/products/artdaq/art/v2_10_02/Modules;/cvmfs/fermilab.opensciencegri
%MSG
%MSG-d CodeEditor:  Early 24-Jan-2019 11:18:58 CST pre-events
otsdaq/otsdaq-core/CodeEditor/CodeEditor.cc [561]	-- CMAKE_MODULE_PATH is /cvmfs/fermilab.opensciencegrid.org/products/artdaq/art/v2_10_02/Modules;/cvmfs/fermilab.opensciencegrid.org/products/artdaq/cetbuildtools/v7_02_01/Modules;/home/mu2edaq/sync_demo/ots/products/xdaq/v14_4_1a/Modules;/cvmfs/fermilab
%MSG
%MSG-d CodeEditor:  Early 24-Jan-2019 11:18:58 CST pre-events
otsdaq/otsdaq-core/CodeEditor/CodeEditor.cc [561]	-- CMAKE_MODULE_PATH is /cvmfs/fermilab.opensciencegrid.org/products/artdaq/art/v2_10_02/Modules;/cvmfs/fermilab.opensciencegrid.org/products/artdaq/cetbuildtools/v7_02_01/Modules;/home/mu2edaq/sync_demo/ots/products/xdaq/v14_4_1a/Modules;/cvmfs/fermilab.opensciencegrid.org/products/artdaq/artdaq_utilities/v1_04_08/Modules
%MSG
%MSG-d CodeEditor:  Early 24-Jan-2019 11:18:58 CST pre-events
otsdaq/otsdaq-core/CodeEditor/CodeEditor.cc [561]	-- cetbuildtools_BINDIR = /cvmfs/fermilab.opensciencegrid.org/products/artdaq/cetbuildtools/v7_02_01/bin
%MSG
%MSG-d CodeEditor:  Early 24-Jan-2019 11:18:58 CST pre-events
otsdaq/otsdaq-core/CodeEditor/CodeEditor.cc [561]	-- full qual e15:s64:prof reduced to e15:s64
%MSG
%MSG-d CodeEditor:  Early 24-Jan-2019 11:18:58 CST pre-events
otsdaq/otsdaq-core/CodeEditor/CodeEditor.cc [561]	-- Product is otsdaq v2_02_00 e15:s64:prof
%MSG
%MSG-d CodeEditor:  Early 24-Jan-2019 11:18:58 CST pre-events
otsdaq/otsdaq-core/CodeEditor/CodeEditor.cc [561]	-- Module path is /cvmfs/fermilab.opensciencegrid.org/products/artdaq/art/v2_10_02/Modules;/cvmfs/fermilab.opensciencegrid.org/
%MSG
%MSG-d CodeEditor:  Early 24-Jan-2019 11:18:58 CST pre-events
otsdaq/otsdaq-core/CodeEditor/CodeEditor.cc [561]	-- Module path is /cvmfs/fermilab.opensciencegrid.org/products/artdaq/art/v2_10_02/Modules;/cvmfs/fermilab.opensciencegrid.org/products/artdaq/cetbuildtools/v7_02_01/Modules;/home/mu2edaq/sync_demo/ots/products/xdaq/v14_4_1a/Modules;/cvmfs/fermilab.opens
%MSG
%MSG-d CodeEditor:  Early 24-Jan-2019 11:18:58 CST pre-events
otsdaq/otsdaq-core/CodeEditor/CodeEditor.cc [561]	-- Module path is /cvmfs/fermilab.opensciencegrid.org/products/artdaq/art/v2_10_02/Modules;/cvmfs/fermilab.opensciencegrid.org/products/artdaq/cetbuildtools/v7_02_01/Modules;/home/mu2edaq/sync_demo/ots/products/xdaq/v14_4_1a/Modules;/cvmfs/fermilab.opensciencegrid.org/products/artdaq/artdaq_utilities/v1_04_08/Modules
%MSG
%MSG-d CodeEditor:  Early 24-Jan-2019 11:18:58 CST pre-events
otsdaq/otsdaq-core/CodeEditor/CodeEditor.cc [561]	-- set_install_root: PACKAGE_TOP_DIRECTORY is /home/mu2edcs/dcs_ots_demo/ots/srcs/otsdaq
%MSG
%MSG-d CodeEditor:  Early 24-Jan-2019 11:18:58 CST pre-events
otsdaq/otsdaq-core/CodeEditor/CodeEditor.cc [561]	-- cet dot version: 2.02.00
%MSG
%MSG-d CodeEditor:  Early 24-Jan-2019 11:18:58 CST pre-events
otsdaq/otsdaq-core/CodeEditor/CodeEditor.cc [561]	-- CET_REPORT: /cvmfs/fermilab.opensciencegrid.org/products/artdaq/cetbuildtools/v7_02_01/bin/cet_report
%MSG
%MSG-d CodeEditor:  Early 24-Jan-2019 11:18:58 CST pre-events
otsdaq/otsdaq-core/CodeEditor/CodeEditor.cc [561]	-- Building for Linux slf7 x86_64
%MSG
%MSG-d CodeEditor:  Early 24-Jan-2019 11:18:58 CST pre-events
otsdaq/otsdaq-core/CodeEditor/CodeEditor.cc [561]	-- Selected diagnostics option VIGILANT
%MSG
%MSG-d CodeEditor:  Early 24-Jan-2019 11:18:58 CST pre-events
otsdaq/otsdaq-core/CodeEditor/CodeEditor.cc [561]	--    DEFINE (-D): NDEBUG
%MSG
%MSG-d CodeEditor:  Early 24-Jan-2019 11:18:58 CST pre-events
otsdaq/otsdaq-core/CodeEditor/CodeEditor.cc [561]	-- compiler flags for directory  and below
%MSG
%MSG-d CodeEditor:  Early 24-Jan-2019 11:18:58 CST pre-events
otsdaq/otsdaq-core/CodeEditor/CodeEditor.cc [561]	--    C++     FLAGS: -g -gdwarf-4 -O3 -fno-omit-frame-pointer -Werror -pedantic -Wno-unused-parameter -Wno-unused-but-set-varia
%MSG
%MSG-d CodeEditor:  Early 24-Jan-2019 11:18:58 CST pre-events
otsdaq/otsdaq-core/CodeEditor/CodeEditor.cc [561]	--    C++     FLAGS: -g -gdwarf-4 -O3 -fno-omit-frame-pointer -Werror -pedantic -Wno-unused-parameter -Wno-unused-but-set-variable -Wno-maybe-uninitialized -Wno-ignored-qualifiers -Wno-unused-variable -std=c++14 -Wall -Werror=return-type -Wextra -Wno-lon
%MSG
%MSG-d CodeEditor:  Early 24-Jan-2019 11:18:58 CST pre-events
otsdaq/otsdaq-core/CodeEditor/CodeEditor.cc [561]	--    C++     FLAGS: -g -gdwarf-4 -O3 -fno-omit-frame-pointer -Werror -pedantic -Wno-unused-parameter -Wno-unused-but-set-variable -Wno-maybe-uninitialized -Wno-ignored-qualifiers -Wno-unused-variable -std=c++14 -Wall -Werror=return-type -Wextra -Wno-long-long -Winit-self -Wno-unused-local-typedefs -Woverloaded-virtual -Wnon-virtual-dtor -Wdelete-non-virtual-dtor
%MSG
%MSG-d CodeEditor:  Early 24-Jan-2019 11:18:58 CST pre-events
otsdaq/otsdaq-core/CodeEditor/CodeEditor.cc [561]	--    C       FLAGS: -g -gdwarf-4 -O3 -fno-omit-frame-pointer -Werror -pedantic -Wno-unused-parameter -Wno-unused-but-set-varia
%MSG
%MSG-d CodeEditor:  Early 24-Jan-2019 11:18:58 CST pre-events
otsdaq/otsdaq-core/CodeEditor/CodeEditor.cc [561]	--    C       FLAGS: -g -gdwarf-4 -O3 -fno-omit-frame-pointer -Werror -pedantic -Wno-unused-parameter -Wno-unused-but-set-variable -Wno-maybe-uninitialized -Wno-ignored-qualifiers -Wno-unused-variable -Wall -Werror=return-type -Wextra -Wno-long-long -Win
%MSG
%MSG-d CodeEditor:  Early 24-Jan-2019 11:18:58 CST pre-events
otsdaq/otsdaq-core/CodeEditor/CodeEditor.cc [561]	--    C       FLAGS: -g -gdwarf-4 -O3 -fno-omit-frame-pointer -Werror -pedantic -Wno-unused-parameter -Wno-unused-but-set-variable -Wno-maybe-uninitialized -Wno-ignored-qualifiers -Wno-unused-variable -Wall -Werror=return-type -Wextra -Wno-long-long -Winit-self -Wno-unused-local-typedefs
%MSG
%MSG-d CodeEditor:  Early 24-Jan-2019 11:18:59 CST pre-events
otsdaq/otsdaq-core/CodeEditor/CodeEditor.cc [561]	-- Boost version: 1.66.0
%MSG
%MSG-d CodeEditor:  Early 24-Jan-2019 11:18:59 CST pre-events
otsdaq/otsdaq-core/CodeEditor/CodeEditor.cc [561]	-- Found the following Boost libraries:
%MSG
%MSG-d CodeEditor:  Early 24-Jan-2019 11:18:59 CST pre-events
otsdaq/otsdaq-core/CodeEditor/CodeEditor.cc [561]	--   chrono
%MSG
%MSG-d CodeEditor:  Early 24-Jan-2019 11:18:59 CST pre-events
otsdaq/otsdaq-core/CodeEditor/CodeEditor.cc [561]	--   date_time
%MSG
%MSG-d CodeEditor:  Early 24-Jan-2019 11:18:59 CST pre-events
otsdaq/otsdaq-core/CodeEditor/CodeEditor.cc [561]	--   filesystem
%MSG
%MSG-d CodeEditor:  Early 24-Jan-2019 11:18:59 CST pre-events
otsdaq/otsdaq-core/CodeEditor/CodeEditor.cc [561]	--   graph
%MSG
%MSG-d CodeEditor:  Early 24-Jan-2019 11:18:59 CST pre-events
otsdaq/otsdaq-core/CodeEditor/CodeEditor.cc [561]	--   iostreams
%MSG
%MSG-d CodeEditor:  Early 24-Jan-2019 11:18:59 CST pre-events
otsdaq/otsdaq-core/CodeEditor/CodeEditor.cc [561]	--   locale
%MSG
%MSG-d CodeEditor:  Early 24-Jan-2019 11:18:59 CST pre-events
otsdaq/otsdaq-core/CodeEditor/CodeEditor.cc [561]	--   prg_exec_monitor
%MSG
%MSG-d CodeEditor:  Early 24-Jan-2019 11:18:59 CST pre-events
otsdaq/otsdaq-core/CodeEditor/CodeEditor.cc [561]	--   program_options
%MSG
%MSG-d CodeEditor:  Early 24-Jan-2019 11:18:59 CST pre-events
otsdaq/otsdaq-core/CodeEditor/CodeEditor.cc [561]	--   random
%MSG
%MSG-d CodeEditor:  Early 24-Jan-2019 11:18:59 CST pre-events
otsdaq/otsdaq-core/CodeEditor/CodeEditor.cc [561]	--   regex
%MSG
%MSG-d CodeEditor:  Early 24-Jan-2019 11:18:59 CST pre-events
otsdaq/otsdaq-core/CodeEditor/CodeEditor.cc [561]	--   serialization
%MSG
%MSG-d CodeEditor:  Early 24-Jan-2019 11:18:59 CST pre-events
otsdaq/otsdaq-core/CodeEditor/CodeEditor.cc [561]	--   signals
%MSG
%MSG-d CodeEditor:  Early 24-Jan-2019 11:18:59 CST pre-events
otsdaq/otsdaq-core/CodeEditor/CodeEditor.cc [561]	--   system
%MSG
%MSG-d CodeEditor:  Early 24-Jan-2019 11:18:59 CST pre-events
otsdaq/otsdaq-core/CodeEditor/CodeEditor.cc [561]	--   thread
%MSG
%MSG-d CodeEditor:  Early 24-Jan-2019 11:18:59 CST pre-events
otsdaq/otsdaq-core/CodeEditor/CodeEditor.cc [561]	--   timer
%MSG
%MSG-d CodeEditor:  Early 24-Jan-2019 11:18:59 CST pre-events
otsdaq/otsdaq-core/CodeEditor/CodeEditor.cc [561]	--   unit_test_framework
%MSG
%MSG-d CodeEditor:  Early 24-Jan-2019 11:18:59 CST pre-events
otsdaq/otsdaq-core/CodeEditor/CodeEditor.cc [561]	--   wave
%MSG
%MSG-d CodeEditor:  Early 24-Jan-2019 11:18:59 CST pre-events
otsdaq/otsdaq-core/CodeEditor/CodeEditor.cc [561]	--   wserialization
%MSG
%MSG-d CodeEditor:  Early 24-Jan-2019 11:18:59 CST pre-events
otsdaq/otsdaq-core/CodeEditor/CodeEditor.cc [561]	--   atomic
%MSG
