%MSG-i configureMessageFacility:  RunControlStateMachine  12-Oct-2018 14:04:41 CDT pre-events configureMessageFacility.cc:286
Message Facility Application RunControlStateMachine configured with: debugModules:["*"] destinations:{file:{append:false directory:"/home/mu2edaq/sync_demo/ots/srcs/otsdaq_mu2e/Data/Logs/RunControlStateMachine" pattern:"RunControlStateMachine-%?H%t-%p.log" seperator:"-" threshold:"DEBUG" timestamp_pattern:"%Y%m%d%H%M%S" type:"GenFile"} udp:{host:"127.0.0.1" port:30000 threshold:"DEBUG" type:"UDP"}}
%MSG
%MSG-i _TCPConnect:  RunControlStateMachine 12-Oct-2018 14:04:41 CDT pre-events TCPConnect.cc:334
Resolving host 127.0.0.1, on port 30000
%MSG
%MSG-i _TCPConnect:  RunControlStateMachine 12-Oct-2018 14:04:41 CDT pre-events TCPConnect.cc:241
Resolving ip mu2edaq06.fnal.gov
%MSG
%MSG-i configureMessageFacility:  CorePropertySupervisorBase  12-Oct-2018 14:04:42 CDT pre-events configureMessageFacility.cc:286
Message Facility Application CorePropertySupervisorBase configured with: debugModules:["*"] destinations:{file:{append:false directory:"/home/mu2edaq/sync_demo/ots/srcs/otsdaq_mu2e/Data/Logs/CorePropertySupervisorBase" pattern:"CorePropertySupervisorBase-%?H%t-%p.log" seperator:"-" threshold:"DEBUG" timestamp_pattern:"%Y%m%d%H%M%S" type:"GenFile"} udp:{host:"127.0.0.1" port:30000 threshold:"DEBUG" type:"UDP"}}
%MSG
%MSG-i WebUsers:  CorePropertySupervisorBase-mu2edaq06-0  12-Oct-2018 14:04:42 CDT pre-events
otsdaq/otsdaq-core/WebUsersUtilities/WebUsers.cc [2803]	User 'admin' has locked out the system!
%MSG
%MSG-d Iterator:  CorePropertySupervisorBase-mu2edaq06-0  12-Oct-2018 14:04:42 CDT pre-events
otsdaq/otsdaq-core/GatewaySupervisor/Iterator.cc [28]	Iterator constructed.
%MSG
%MSG-i configureMessageFacility:  GatewaySupervisor 12-Oct-2018 14:04:42 CDT  pre-events configureMessageFacility.cc:286
Message Facility Application GatewaySupervisor configured with: debugModules:["*"] destinations:{file:{append:false directory:"/home/mu2edaq/sync_demo/ots/srcs/otsdaq_mu2e/Data/Logs/GatewaySupervisor" pattern:"GatewaySupervisor-%?H%t-%p.log" seperator:"-" threshold:"DEBUG" timestamp_pattern:"%Y%m%d%H%M%S" type:"GenFile"} udp:{host:"127.0.0.1" port:30000 threshold:"DEBUG" type:"UDP"}}
%MSG
%MSG-i configureMessageFacility:  CorePropertySupervisorBase  12-Oct-2018 14:04:43 CDT pre-events configureMessageFacility.cc:286
Message Facility Application CorePropertySupervisorBase configured with: debugModules:["*"] destinations:{file:{append:false directory:"/home/mu2edaq/sync_demo/ots/srcs/otsdaq_mu2e/Data/Logs/CorePropertySupervisorBase" pattern:"CorePropertySupervisorBase-%?H%t-%p.log" seperator:"-" threshold:"DEBUG" timestamp_pattern:"%Y%m%d%H%M%S" type:"GenFile"} udp:{host:"127.0.0.1" port:30000 threshold:"DEBUG" type:"UDP"}}
%MSG
%MSG-i configureMessageFacility:  RunControlStateMachine  12-Oct-2018 14:04:43 CDT pre-events configureMessageFacility.cc:286
Message Facility Application RunControlStateMachine configured with: debugModules:["*"] destinations:{file:{append:false directory:"/home/mu2edaq/sync_demo/ots/srcs/otsdaq_mu2e/Data/Logs/RunControlStateMachine" pattern:"RunControlStateMachine-%?H%t-%p.log" seperator:"-" threshold:"DEBUG" timestamp_pattern:"%Y%m%d%H%M%S" type:"GenFile"} udp:{host:"127.0.0.1" port:30000 threshold:"DEBUG" type:"UDP"}}
%MSG
%MSG-i configureMessageFacility:  CoreSupervisorBase 12-Oct-2018 14:04:43 CDT  pre-events configureMessageFacility.cc:286
Message Facility Application CoreSupervisorBase configured with: debugModules:["*"] destinations:{file:{append:false directory:"/home/mu2edaq/sync_demo/ots/srcs/otsdaq_mu2e/Data/Logs/CoreSupervisorBase" pattern:"CoreSupervisorBase-%?H%t-%p.log" seperator:"-" threshold:"DEBUG" timestamp_pattern:"%Y%m%d%H%M%S" type:"GenFile"} udp:{host:"127.0.0.1" port:30000 threshold:"DEBUG" type:"UDP"}}
%MSG
%MSG-i configureMessageFacility:  ChatSupervisor 12-Oct-2018 14:04:43 CDT  pre-events configureMessageFacility.cc:286
Message Facility Application ChatSupervisor configured with: debugModules:["*"] destinations:{file:{append:false directory:"/home/mu2edaq/sync_demo/ots/srcs/otsdaq_mu2e/Data/Logs/ChatSupervisor" pattern:"ChatSupervisor-%?H%t-%p.log" seperator:"-" threshold:"DEBUG" timestamp_pattern:"%Y%m%d%H%M%S" type:"GenFile"} udp:{host:"127.0.0.1" port:30000 threshold:"DEBUG" type:"UDP"}}
%MSG
%MSG-i configureMessageFacility:  CorePropertySupervisorBase  12-Oct-2018 14:04:43 CDT pre-events configureMessageFacility.cc:286
Message Facility Application CorePropertySupervisorBase configured with: debugModules:["*"] destinations:{file:{append:false directory:"/home/mu2edaq/sync_demo/ots/srcs/otsdaq_mu2e/Data/Logs/CorePropertySupervisorBase" pattern:"CorePropertySupervisorBase-%?H%t-%p.log" seperator:"-" threshold:"DEBUG" timestamp_pattern:"%Y%m%d%H%M%S" type:"GenFile"} udp:{host:"127.0.0.1" port:30000 threshold:"DEBUG" type:"UDP"}}
%MSG
%MSG-i configureMessageFacility:  RunControlStateMachine  12-Oct-2018 14:04:44 CDT pre-events configureMessageFacility.cc:286
Message Facility Application RunControlStateMachine configured with: debugModules:["*"] destinations:{file:{append:false directory:"/home/mu2edaq/sync_demo/ots/srcs/otsdaq_mu2e/Data/Logs/RunControlStateMachine" pattern:"RunControlStateMachine-%?H%t-%p.log" seperator:"-" threshold:"DEBUG" timestamp_pattern:"%Y%m%d%H%M%S" type:"GenFile"} udp:{host:"127.0.0.1" port:30000 threshold:"DEBUG" type:"UDP"}}
%MSG
%MSG-i configureMessageFacility:  CoreSupervisorBase 12-Oct-2018 14:04:44 CDT  pre-events configureMessageFacility.cc:286
Message Facility Application CoreSupervisorBase configured with: debugModules:["*"] destinations:{file:{append:false directory:"/home/mu2edaq/sync_demo/ots/srcs/otsdaq_mu2e/Data/Logs/CoreSupervisorBase" pattern:"CoreSupervisorBase-%?H%t-%p.log" seperator:"-" threshold:"DEBUG" timestamp_pattern:"%Y%m%d%H%M%S" type:"GenFile"} udp:{host:"127.0.0.1" port:30000 threshold:"DEBUG" type:"UDP"}}
%MSG
%MSG-i configureMessageFacility:  ConsoleSupervisor 12-Oct-2018 14:04:44 CDT  pre-events configureMessageFacility.cc:286
Message Facility Application ConsoleSupervisor configured with: debugModules:["*"] destinations:{file:{append:false directory:"/home/mu2edaq/sync_demo/ots/srcs/otsdaq_mu2e/Data/Logs/ConsoleSupervisor" pattern:"ConsoleSupervisor-%?H%t-%p.log" seperator:"-" threshold:"DEBUG" timestamp_pattern:"%Y%m%d%H%M%S" type:"GenFile"} udp:{host:"127.0.0.1" port:30000 threshold:"DEBUG" type:"UDP"}}
%MSG
%MSG-i configureMessageFacility:  CorePropertySupervisorBase  12-Oct-2018 14:04:44 CDT pre-events configureMessageFacility.cc:286
Message Facility Application CorePropertySupervisorBase configured with: debugModules:["*"] destinations:{file:{append:false directory:"/home/mu2edaq/sync_demo/ots/srcs/otsdaq_mu2e/Data/Logs/CorePropertySupervisorBase" pattern:"CorePropertySupervisorBase-%?H%t-%p.log" seperator:"-" threshold:"DEBUG" timestamp_pattern:"%Y%m%d%H%M%S" type:"GenFile"} udp:{host:"127.0.0.1" port:30000 threshold:"DEBUG" type:"UDP"}}
%MSG
%MSG-d Console:  Early 12-Oct-2018 14:04:44 CDT pre-events
otsdaq_utilities/otsdaq-utilities/Console/ConsoleSupervisor.cc [161]	DEBUG messages look like this.
%MSG
%MSG-i Console:  Early 12-Oct-2018 14:04:44 CDT pre-events
otsdaq_utilities/otsdaq-utilities/Console/ConsoleSupervisor.cc [162]	INFO messages look like this.
%MSG
%MSG-w Console:  Early 12-Oct-2018 14:04:44 CDT pre-events
otsdaq_utilities/otsdaq-utilities/Console/ConsoleSupervisor.cc [163]	WARNING messages look like this.
%MSG
%MSG-e Console:  Early 12-Oct-2018 14:04:44 CDT pre-events
otsdaq_utilities/otsdaq-utilities/Console/ConsoleSupervisor.cc [164]	ERROR messages look like this.
%MSG
%MSG-i configureMessageFacility:  RunControlStateMachine  12-Oct-2018 14:04:45 CDT pre-events configureMessageFacility.cc:286
Message Facility Application RunControlStateMachine configured with: debugModules:["*"] destinations:{file:{append:false directory:"/home/mu2edaq/sync_demo/ots/srcs/otsdaq_mu2e/Data/Logs/RunControlStateMachine" pattern:"RunControlStateMachine-%?H%t-%p.log" seperator:"-" threshold:"DEBUG" timestamp_pattern:"%Y%m%d%H%M%S" type:"GenFile"} udp:{host:"127.0.0.1" port:30000 threshold:"DEBUG" type:"UDP"}}
%MSG
%MSG-i configureMessageFacility:  CoreSupervisorBase 12-Oct-2018 14:04:45 CDT  pre-events configureMessageFacility.cc:286
Message Facility Application CoreSupervisorBase configured with: debugModules:["*"] destinations:{file:{append:false directory:"/home/mu2edaq/sync_demo/ots/srcs/otsdaq_mu2e/Data/Logs/CoreSupervisorBase" pattern:"CoreSupervisorBase-%?H%t-%p.log" seperator:"-" threshold:"DEBUG" timestamp_pattern:"%Y%m%d%H%M%S" type:"GenFile"} udp:{host:"127.0.0.1" port:30000 threshold:"DEBUG" type:"UDP"}}
%MSG
%MSG-i configureMessageFacility:  LogbookSupervisor 12-Oct-2018 14:04:45 CDT  pre-events configureMessageFacility.cc:286
Message Facility Application LogbookSupervisor configured with: debugModules:["*"] destinations:{file:{append:false directory:"/home/mu2edaq/sync_demo/ots/srcs/otsdaq_mu2e/Data/Logs/LogbookSupervisor" pattern:"LogbookSupervisor-%?H%t-%p.log" seperator:"-" threshold:"DEBUG" timestamp_pattern:"%Y%m%d%H%M%S" type:"GenFile"} udp:{host:"127.0.0.1" port:30000 threshold:"DEBUG" type:"UDP"}}
%MSG
%MSG-i configureMessageFacility:  CorePropertySupervisorBase  12-Oct-2018 14:04:45 CDT pre-events configureMessageFacility.cc:286
Message Facility Application CorePropertySupervisorBase configured with: debugModules:["*"] destinations:{file:{append:false directory:"/home/mu2edaq/sync_demo/ots/srcs/otsdaq_mu2e/Data/Logs/CorePropertySupervisorBase" pattern:"CorePropertySupervisorBase-%?H%t-%p.log" seperator:"-" threshold:"DEBUG" timestamp_pattern:"%Y%m%d%H%M%S" type:"GenFile"} udp:{host:"127.0.0.1" port:30000 threshold:"DEBUG" type:"UDP"}}
%MSG
%MSG-i configureMessageFacility:  RunControlStateMachine  12-Oct-2018 14:04:46 CDT pre-events configureMessageFacility.cc:286
Message Facility Application RunControlStateMachine configured with: debugModules:["*"] destinations:{file:{append:false directory:"/home/mu2edaq/sync_demo/ots/srcs/otsdaq_mu2e/Data/Logs/RunControlStateMachine" pattern:"RunControlStateMachine-%?H%t-%p.log" seperator:"-" threshold:"DEBUG" timestamp_pattern:"%Y%m%d%H%M%S" type:"GenFile"} udp:{host:"127.0.0.1" port:30000 threshold:"DEBUG" type:"UDP"}}
%MSG
%MSG-i configureMessageFacility:  CoreSupervisorBase 12-Oct-2018 14:04:46 CDT  pre-events configureMessageFacility.cc:286
Message Facility Application CoreSupervisorBase configured with: debugModules:["*"] destinations:{file:{append:false directory:"/home/mu2edaq/sync_demo/ots/srcs/otsdaq_mu2e/Data/Logs/CoreSupervisorBase" pattern:"CoreSupervisorBase-%?H%t-%p.log" seperator:"-" threshold:"DEBUG" timestamp_pattern:"%Y%m%d%H%M%S" type:"GenFile"} udp:{host:"127.0.0.1" port:30000 threshold:"DEBUG" type:"UDP"}}
%MSG
%MSG-i configureMessageFacility:  ConfigurationGUI 12-Oct-2018 14:04:46 CDT  pre-events configureMessageFacility.cc:286
Message Facility Application ConfigurationGUI configured with: debugModules:["*"] destinations:{file:{append:false directory:"/home/mu2edaq/sync_demo/ots/srcs/otsdaq_mu2e/Data/Logs/ConfigurationGUI" pattern:"ConfigurationGUI-%?H%t-%p.log" seperator:"-" threshold:"DEBUG" timestamp_pattern:"%Y%m%d%H%M%S" type:"GenFile"} udp:{host:"127.0.0.1" port:30000 threshold:"DEBUG" type:"UDP"}}
%MSG
%MSG-i configureMessageFacility:  CorePropertySupervisorBase  12-Oct-2018 14:04:46 CDT pre-events configureMessageFacility.cc:286
Message Facility Application CorePropertySupervisorBase configured with: debugModules:["*"] destinations:{file:{append:false directory:"/home/mu2edaq/sync_demo/ots/srcs/otsdaq_mu2e/Data/Logs/CorePropertySupervisorBase" pattern:"CorePropertySupervisorBase-%?H%t-%p.log" seperator:"-" threshold:"DEBUG" timestamp_pattern:"%Y%m%d%H%M%S" type:"GenFile"} udp:{host:"127.0.0.1" port:30000 threshold:"DEBUG" type:"UDP"}}
%MSG
%MSG-i configureMessageFacility:  RunControlStateMachine  12-Oct-2018 14:04:47 CDT pre-events configureMessageFacility.cc:286
Message Facility Application RunControlStateMachine configured with: debugModules:["*"] destinations:{file:{append:false directory:"/home/mu2edaq/sync_demo/ots/srcs/otsdaq_mu2e/Data/Logs/RunControlStateMachine" pattern:"RunControlStateMachine-%?H%t-%p.log" seperator:"-" threshold:"DEBUG" timestamp_pattern:"%Y%m%d%H%M%S" type:"GenFile"} udp:{host:"127.0.0.1" port:30000 threshold:"DEBUG" type:"UDP"}}
%MSG
%MSG-i configureMessageFacility:  CoreSupervisorBase 12-Oct-2018 14:04:47 CDT  pre-events configureMessageFacility.cc:286
Message Facility Application CoreSupervisorBase configured with: debugModules:["*"] destinations:{file:{append:false directory:"/home/mu2edaq/sync_demo/ots/srcs/otsdaq_mu2e/Data/Logs/CoreSupervisorBase" pattern:"CoreSupervisorBase-%?H%t-%p.log" seperator:"-" threshold:"DEBUG" timestamp_pattern:"%Y%m%d%H%M%S" type:"GenFile"} udp:{host:"127.0.0.1" port:30000 threshold:"DEBUG" type:"UDP"}}
%MSG
%MSG-i configureMessageFacility:  MacroMaker 12-Oct-2018 14:04:47 CDT pre-events configureMessageFacility.cc:286
Message Facility Application MacroMaker configured with: debugModules:["*"] destinations:{file:{append:false directory:"/home/mu2edaq/sync_demo/ots/srcs/otsdaq_mu2e/Data/Logs/MacroMaker" pattern:"MacroMaker-%?H%t-%p.log" seperator:"-" threshold:"DEBUG" timestamp_pattern:"%Y%m%d%H%M%S" type:"GenFile"} udp:{host:"127.0.0.1" port:30000 threshold:"DEBUG" type:"UDP"}}
%MSG
%MSG-d Console:  Early 12-Oct-2018 14:06:47 CDT pre-events
otsdaq_utilities/otsdaq-utilities/Console/ConsoleSupervisor.cc [240]	Console is alive and waiting... (if no messages, next heartbeat is in approximately two minutes)
%MSG
%MSG-d Console:  Early 12-Oct-2018 14:08:48 CDT pre-events
otsdaq_utilities/otsdaq-utilities/Console/ConsoleSupervisor.cc [240]	Console is alive and waiting... (if no messages, next heartbeat is in approximately two minutes)
%MSG
%MSG-d Console:  Early 12-Oct-2018 14:10:49 CDT pre-events
otsdaq_utilities/otsdaq-utilities/Console/ConsoleSupervisor.cc [240]	Console is alive and waiting... (if no messages, next heartbeat is in approximately two minutes)
%MSG
%MSG-d Console:  Early 12-Oct-2018 14:12:50 CDT pre-events
otsdaq_utilities/otsdaq-utilities/Console/ConsoleSupervisor.cc [240]	Console is alive and waiting... (if no messages, next heartbeat is in approximately two minutes)
%MSG
%MSG-d Console:  Early 12-Oct-2018 14:14:51 CDT pre-events
otsdaq_utilities/otsdaq-utilities/Console/ConsoleSupervisor.cc [240]	Console is alive and waiting... (if no messages, next heartbeat is in approximately two minutes)
%MSG
%MSG-d Console:  Early 12-Oct-2018 15:06:54 CDT pre-events
otsdaq_utilities/otsdaq-utilities/Console/ConsoleSupervisor.cc [245]	Console is alive and waiting a long time... (if no messages, next heartbeat is in approximately one hour)
%MSG
%MSG-d Console:  Early 12-Oct-2018 16:06:57 CDT pre-events
otsdaq_utilities/otsdaq-utilities/Console/ConsoleSupervisor.cc [245]	Console is alive and waiting a long time... (if no messages, next heartbeat is in approximately one hour)
%MSG
%MSG-d Console:  Early 12-Oct-2018 17:06:59 CDT pre-events
otsdaq_utilities/otsdaq-utilities/Console/ConsoleSupervisor.cc [245]	Console is alive and waiting a long time... (if no messages, next heartbeat is in approximately one hour)
%MSG
%MSG-d Console:  Early 12-Oct-2018 18:07:01 CDT pre-events
otsdaq_utilities/otsdaq-utilities/Console/ConsoleSupervisor.cc [245]	Console is alive and waiting a long time... (if no messages, next heartbeat is in approximately one hour)
%MSG
%MSG-d Console:  Early 12-Oct-2018 19:07:04 CDT pre-events
otsdaq_utilities/otsdaq-utilities/Console/ConsoleSupervisor.cc [245]	Console is alive and waiting a long time... (if no messages, next heartbeat is in approximately one hour)
%MSG
%MSG-d Console:  Early 12-Oct-2018 20:07:06 CDT pre-events
otsdaq_utilities/otsdaq-utilities/Console/ConsoleSupervisor.cc [245]	Console is alive and waiting a long time... (if no messages, next heartbeat is in approximately one hour)
%MSG
%MSG-d Console:  Early 12-Oct-2018 21:07:08 CDT pre-events
otsdaq_utilities/otsdaq-utilities/Console/ConsoleSupervisor.cc [245]	Console is alive and waiting a long time... (if no messages, next heartbeat is in approximately one hour)
%MSG
%MSG-d Console:  Early 12-Oct-2018 22:07:10 CDT pre-events
otsdaq_utilities/otsdaq-utilities/Console/ConsoleSupervisor.cc [245]	Console is alive and waiting a long time... (if no messages, next heartbeat is in approximately one hour)
%MSG
%MSG-d Console:  Early 12-Oct-2018 23:07:13 CDT pre-events
otsdaq_utilities/otsdaq-utilities/Console/ConsoleSupervisor.cc [245]	Console is alive and waiting a long time... (if no messages, next heartbeat is in approximately one hour)
%MSG
%MSG-d Console:  Early 13-Oct-2018 00:07:15 CDT pre-events
otsdaq_utilities/otsdaq-utilities/Console/ConsoleSupervisor.cc [245]	Console is alive and waiting a long time... (if no messages, next heartbeat is in approximately one hour)
%MSG
%MSG-d Console:  Early 13-Oct-2018 01:07:17 CDT pre-events
otsdaq_utilities/otsdaq-utilities/Console/ConsoleSupervisor.cc [245]	Console is alive and waiting a long time... (if no messages, next heartbeat is in approximately one hour)
%MSG
%MSG-d Console:  Early 13-Oct-2018 02:07:20 CDT pre-events
otsdaq_utilities/otsdaq-utilities/Console/ConsoleSupervisor.cc [245]	Console is alive and waiting a long time... (if no messages, next heartbeat is in approximately one hour)
%MSG
%MSG-d Console:  Early 13-Oct-2018 03:07:22 CDT pre-events
otsdaq_utilities/otsdaq-utilities/Console/ConsoleSupervisor.cc [245]	Console is alive and waiting a long time... (if no messages, next heartbeat is in approximately one hour)
%MSG
%MSG-d Console:  Early 13-Oct-2018 04:07:24 CDT pre-events
otsdaq_utilities/otsdaq-utilities/Console/ConsoleSupervisor.cc [245]	Console is alive and waiting a long time... (if no messages, next heartbeat is in approximately one hour)
%MSG
%MSG-d Console:  Early 13-Oct-2018 05:07:27 CDT pre-events
otsdaq_utilities/otsdaq-utilities/Console/ConsoleSupervisor.cc [245]	Console is alive and waiting a long time... (if no messages, next heartbeat is in approximately one hour)
%MSG
%MSG-d Console:  Early 13-Oct-2018 06:07:29 CDT pre-events
otsdaq_utilities/otsdaq-utilities/Console/ConsoleSupervisor.cc [245]	Console is alive and waiting a long time... (if no messages, next heartbeat is in approximately one hour)
%MSG
%MSG-d Console:  Early 13-Oct-2018 07:07:31 CDT pre-events
otsdaq_utilities/otsdaq-utilities/Console/ConsoleSupervisor.cc [245]	Console is alive and waiting a long time... (if no messages, next heartbeat is in approximately one hour)
%MSG
%MSG-d Console:  Early 13-Oct-2018 08:07:33 CDT pre-events
otsdaq_utilities/otsdaq-utilities/Console/ConsoleSupervisor.cc [245]	Console is alive and waiting a long time... (if no messages, next heartbeat is in approximately one hour)
%MSG
%MSG-d Console:  Early 13-Oct-2018 09:07:36 CDT pre-events
otsdaq_utilities/otsdaq-utilities/Console/ConsoleSupervisor.cc [245]	Console is alive and waiting a long time... (if no messages, next heartbeat is in approximately one hour)
%MSG
%MSG-d Console:  Early 13-Oct-2018 10:07:38 CDT pre-events
otsdaq_utilities/otsdaq-utilities/Console/ConsoleSupervisor.cc [245]	Console is alive and waiting a long time... (if no messages, next heartbeat is in approximately one hour)
%MSG
%MSG-d Console:  Early 13-Oct-2018 11:07:40 CDT pre-events
otsdaq_utilities/otsdaq-utilities/Console/ConsoleSupervisor.cc [245]	Console is alive and waiting a long time... (if no messages, next heartbeat is in approximately one hour)
%MSG
%MSG-d Console:  Early 13-Oct-2018 12:07:43 CDT pre-events
otsdaq_utilities/otsdaq-utilities/Console/ConsoleSupervisor.cc [245]	Console is alive and waiting a long time... (if no messages, next heartbeat is in approximately one hour)
%MSG
%MSG-d Console:  Early 13-Oct-2018 13:07:45 CDT pre-events
otsdaq_utilities/otsdaq-utilities/Console/ConsoleSupervisor.cc [245]	Console is alive and waiting a long time... (if no messages, next heartbeat is in approximately one hour)
%MSG
%MSG-d Console:  Early 13-Oct-2018 14:07:47 CDT pre-events
otsdaq_utilities/otsdaq-utilities/Console/ConsoleSupervisor.cc [245]	Console is alive and waiting a long time... (if no messages, next heartbeat is in approximately one hour)
%MSG
%MSG-d Console:  Early 13-Oct-2018 15:07:49 CDT pre-events
otsdaq_utilities/otsdaq-utilities/Console/ConsoleSupervisor.cc [245]	Console is alive and waiting a long time... (if no messages, next heartbeat is in approximately one hour)
%MSG
%MSG-d Console:  Early 13-Oct-2018 16:07:52 CDT pre-events
otsdaq_utilities/otsdaq-utilities/Console/ConsoleSupervisor.cc [245]	Console is alive and waiting a long time... (if no messages, next heartbeat is in approximately one hour)
%MSG
%MSG-d Console:  Early 13-Oct-2018 17:07:54 CDT pre-events
otsdaq_utilities/otsdaq-utilities/Console/ConsoleSupervisor.cc [245]	Console is alive and waiting a long time... (if no messages, next heartbeat is in approximately one hour)
%MSG
%MSG-d Console:  Early 13-Oct-2018 18:07:56 CDT pre-events
otsdaq_utilities/otsdaq-utilities/Console/ConsoleSupervisor.cc [245]	Console is alive and waiting a long time... (if no messages, next heartbeat is in approximately one hour)
%MSG
%MSG-d Console:  Early 13-Oct-2018 19:07:59 CDT pre-events
otsdaq_utilities/otsdaq-utilities/Console/ConsoleSupervisor.cc [245]	Console is alive and waiting a long time... (if no messages, next heartbeat is in approximately one hour)
%MSG
%MSG-d Console:  Early 13-Oct-2018 20:08:01 CDT pre-events
otsdaq_utilities/otsdaq-utilities/Console/ConsoleSupervisor.cc [245]	Console is alive and waiting a long time... (if no messages, next heartbeat is in approximately one hour)
%MSG
%MSG-d Console:  Early 13-Oct-2018 21:08:03 CDT pre-events
otsdaq_utilities/otsdaq-utilities/Console/ConsoleSupervisor.cc [245]	Console is alive and waiting a long time... (if no messages, next heartbeat is in approximately one hour)
%MSG
%MSG-d Console:  Early 13-Oct-2018 22:08:06 CDT pre-events
otsdaq_utilities/otsdaq-utilities/Console/ConsoleSupervisor.cc [245]	Console is alive and waiting a long time... (if no messages, next heartbeat is in approximately one hour)
%MSG
%MSG-d Console:  Early 13-Oct-2018 23:08:08 CDT pre-events
otsdaq_utilities/otsdaq-utilities/Console/ConsoleSupervisor.cc [245]	Console is alive and waiting a long time... (if no messages, next heartbeat is in approximately one hour)
%MSG
%MSG-d Console:  Early 14-Oct-2018 00:08:10 CDT pre-events
otsdaq_utilities/otsdaq-utilities/Console/ConsoleSupervisor.cc [245]	Console is alive and waiting a long time... (if no messages, next heartbeat is in approximately one hour)
%MSG
%MSG-d Console:  Early 14-Oct-2018 01:08:12 CDT pre-events
otsdaq_utilities/otsdaq-utilities/Console/ConsoleSupervisor.cc [245]	Console is alive and waiting a long time... (if no messages, next heartbeat is in approximately one hour)
%MSG
%MSG-d Console:  Early 14-Oct-2018 02:08:15 CDT pre-events
otsdaq_utilities/otsdaq-utilities/Console/ConsoleSupervisor.cc [245]	Console is alive and waiting a long time... (if no messages, next heartbeat is in approximately one hour)
%MSG
%MSG-d Console:  Early 14-Oct-2018 03:08:17 CDT pre-events
otsdaq_utilities/otsdaq-utilities/Console/ConsoleSupervisor.cc [245]	Console is alive and waiting a long time... (if no messages, next heartbeat is in approximately one hour)
%MSG
%MSG-d Console:  Early 14-Oct-2018 04:08:19 CDT pre-events
otsdaq_utilities/otsdaq-utilities/Console/ConsoleSupervisor.cc [245]	Console is alive and waiting a long time... (if no messages, next heartbeat is in approximately one hour)
%MSG
%MSG-d Console:  Early 14-Oct-2018 05:08:21 CDT pre-events
otsdaq_utilities/otsdaq-utilities/Console/ConsoleSupervisor.cc [245]	Console is alive and waiting a long time... (if no messages, next heartbeat is in approximately one hour)
%MSG
%MSG-d Console:  Early 14-Oct-2018 06:08:24 CDT pre-events
otsdaq_utilities/otsdaq-utilities/Console/ConsoleSupervisor.cc [245]	Console is alive and waiting a long time... (if no messages, next heartbeat is in approximately one hour)
%MSG
%MSG-d Console:  Early 14-Oct-2018 07:08:26 CDT pre-events
otsdaq_utilities/otsdaq-utilities/Console/ConsoleSupervisor.cc [245]	Console is alive and waiting a long time... (if no messages, next heartbeat is in approximately one hour)
%MSG
%MSG-d Console:  Early 14-Oct-2018 08:08:28 CDT pre-events
otsdaq_utilities/otsdaq-utilities/Console/ConsoleSupervisor.cc [245]	Console is alive and waiting a long time... (if no messages, next heartbeat is in approximately one hour)
%MSG
%MSG-d Console:  Early 14-Oct-2018 09:08:31 CDT pre-events
otsdaq_utilities/otsdaq-utilities/Console/ConsoleSupervisor.cc [245]	Console is alive and waiting a long time... (if no messages, next heartbeat is in approximately one hour)
%MSG
%MSG-d Console:  Early 14-Oct-2018 10:08:33 CDT pre-events
otsdaq_utilities/otsdaq-utilities/Console/ConsoleSupervisor.cc [245]	Console is alive and waiting a long time... (if no messages, next heartbeat is in approximately one hour)
%MSG
%MSG-d Console:  Early 14-Oct-2018 11:08:35 CDT pre-events
otsdaq_utilities/otsdaq-utilities/Console/ConsoleSupervisor.cc [245]	Console is alive and waiting a long time... (if no messages, next heartbeat is in approximately one hour)
%MSG
%MSG-d Console:  Early 14-Oct-2018 12:08:37 CDT pre-events
otsdaq_utilities/otsdaq-utilities/Console/ConsoleSupervisor.cc [245]	Console is alive and waiting a long time... (if no messages, next heartbeat is in approximately one hour)
%MSG
%MSG-d Console:  Early 14-Oct-2018 13:08:40 CDT pre-events
otsdaq_utilities/otsdaq-utilities/Console/ConsoleSupervisor.cc [245]	Console is alive and waiting a long time... (if no messages, next heartbeat is in approximately one hour)
%MSG
%MSG-d Console:  Early 14-Oct-2018 14:08:42 CDT pre-events
otsdaq_utilities/otsdaq-utilities/Console/ConsoleSupervisor.cc [245]	Console is alive and waiting a long time... (if no messages, next heartbeat is in approximately one hour)
%MSG
%MSG-d Console:  Early 14-Oct-2018 15:08:44 CDT pre-events
otsdaq_utilities/otsdaq-utilities/Console/ConsoleSupervisor.cc [245]	Console is alive and waiting a long time... (if no messages, next heartbeat is in approximately one hour)
%MSG
%MSG-d Console:  Early 14-Oct-2018 16:08:47 CDT pre-events
otsdaq_utilities/otsdaq-utilities/Console/ConsoleSupervisor.cc [245]	Console is alive and waiting a long time... (if no messages, next heartbeat is in approximately one hour)
%MSG
%MSG-d Console:  Early 14-Oct-2018 17:08:49 CDT pre-events
otsdaq_utilities/otsdaq-utilities/Console/ConsoleSupervisor.cc [245]	Console is alive and waiting a long time... (if no messages, next heartbeat is in approximately one hour)
%MSG
%MSG-d Console:  Early 14-Oct-2018 18:08:51 CDT pre-events
otsdaq_utilities/otsdaq-utilities/Console/ConsoleSupervisor.cc [245]	Console is alive and waiting a long time... (if no messages, next heartbeat is in approximately one hour)
%MSG
%MSG-d Console:  Early 14-Oct-2018 19:08:53 CDT pre-events
otsdaq_utilities/otsdaq-utilities/Console/ConsoleSupervisor.cc [245]	Console is alive and waiting a long time... (if no messages, next heartbeat is in approximately one hour)
%MSG
%MSG-d Console:  Early 14-Oct-2018 20:08:56 CDT pre-events
otsdaq_utilities/otsdaq-utilities/Console/ConsoleSupervisor.cc [245]	Console is alive and waiting a long time... (if no messages, next heartbeat is in approximately one hour)
%MSG
%MSG-d Console:  Early 14-Oct-2018 21:08:58 CDT pre-events
otsdaq_utilities/otsdaq-utilities/Console/ConsoleSupervisor.cc [245]	Console is alive and waiting a long time... (if no messages, next heartbeat is in approximately one hour)
%MSG
%MSG-d Console:  Early 14-Oct-2018 22:09:00 CDT pre-events
otsdaq_utilities/otsdaq-utilities/Console/ConsoleSupervisor.cc [245]	Console is alive and waiting a long time... (if no messages, next heartbeat is in approximately one hour)
%MSG
%MSG-d Console:  Early 14-Oct-2018 23:09:03 CDT pre-events
otsdaq_utilities/otsdaq-utilities/Console/ConsoleSupervisor.cc [245]	Console is alive and waiting a long time... (if no messages, next heartbeat is in approximately one hour)
%MSG
%MSG-d Console:  Early 15-Oct-2018 00:09:05 CDT pre-events
otsdaq_utilities/otsdaq-utilities/Console/ConsoleSupervisor.cc [245]	Console is alive and waiting a long time... (if no messages, next heartbeat is in approximately one hour)
%MSG
%MSG-d Console:  Early 15-Oct-2018 01:09:07 CDT pre-events
otsdaq_utilities/otsdaq-utilities/Console/ConsoleSupervisor.cc [245]	Console is alive and waiting a long time... (if no messages, next heartbeat is in approximately one hour)
%MSG
%MSG-d Console:  Early 15-Oct-2018 02:09:10 CDT pre-events
otsdaq_utilities/otsdaq-utilities/Console/ConsoleSupervisor.cc [245]	Console is alive and waiting a long time... (if no messages, next heartbeat is in approximately one hour)
%MSG
%MSG-d Console:  Early 15-Oct-2018 03:09:12 CDT pre-events
otsdaq_utilities/otsdaq-utilities/Console/ConsoleSupervisor.cc [245]	Console is alive and waiting a long time... (if no messages, next heartbeat is in approximately one hour)
%MSG
%MSG-d Console:  Early 15-Oct-2018 04:09:14 CDT pre-events
otsdaq_utilities/otsdaq-utilities/Console/ConsoleSupervisor.cc [245]	Console is alive and waiting a long time... (if no messages, next heartbeat is in approximately one hour)
%MSG
%MSG-d Console:  Early 15-Oct-2018 05:09:16 CDT pre-events
otsdaq_utilities/otsdaq-utilities/Console/ConsoleSupervisor.cc [245]	Console is alive and waiting a long time... (if no messages, next heartbeat is in approximately one hour)
%MSG
%MSG-d Console:  Early 15-Oct-2018 06:09:19 CDT pre-events
otsdaq_utilities/otsdaq-utilities/Console/ConsoleSupervisor.cc [245]	Console is alive and waiting a long time... (if no messages, next heartbeat is in approximately one hour)
%MSG
%MSG-d Console:  Early 15-Oct-2018 07:09:21 CDT pre-events
otsdaq_utilities/otsdaq-utilities/Console/ConsoleSupervisor.cc [245]	Console is alive and waiting a long time... (if no messages, next heartbeat is in approximately one hour)
%MSG
%MSG-d Console:  Early 15-Oct-2018 08:09:23 CDT pre-events
otsdaq_utilities/otsdaq-utilities/Console/ConsoleSupervisor.cc [245]	Console is alive and waiting a long time... (if no messages, next heartbeat is in approximately one hour)
%MSG
%MSG-d Console:  Early 15-Oct-2018 09:09:25 CDT pre-events
otsdaq_utilities/otsdaq-utilities/Console/ConsoleSupervisor.cc [245]	Console is alive and waiting a long time... (if no messages, next heartbeat is in approximately one hour)
%MSG
