%MSG-i configureMessageFacility:  RunControlStateMachine  09-Oct-2018 16:50:39 CDT pre-events configureMessageFacility.cc:286
Message Facility Application RunControlStateMachine configured with: debugModules:["*"] destinations:{file:{append:false directory:"/home/mu2edaq/sync_demo/ots/srcs/otsdaq_mu2e/Data/Logs/RunControlStateMachine" pattern:"RunControlStateMachine-%?H%t-%p.log" seperator:"-" threshold:"DEBUG" timestamp_pattern:"%Y%m%d%H%M%S" type:"GenFile"} udp:{host:"127.0.0.1" port:30000 threshold:"DEBUG" type:"UDP"}}
%MSG
%MSG-i _TCPConnect:  RunControlStateMachine 09-Oct-2018 16:50:39 CDT pre-events TCPConnect.cc:334
Resolving host 127.0.0.1, on port 30000
%MSG
%MSG-i _TCPConnect:  RunControlStateMachine 09-Oct-2018 16:50:39 CDT pre-events TCPConnect.cc:241
Resolving ip mu2edaq06.fnal.gov
%MSG
%MSG-i configureMessageFacility:  CorePropertySupervisorBase  09-Oct-2018 16:50:39 CDT pre-events configureMessageFacility.cc:286
Message Facility Application CorePropertySupervisorBase configured with: debugModules:["*"] destinations:{file:{append:false directory:"/home/mu2edaq/sync_demo/ots/srcs/otsdaq_mu2e/Data/Logs/CorePropertySupervisorBase" pattern:"CorePropertySupervisorBase-%?H%t-%p.log" seperator:"-" threshold:"DEBUG" timestamp_pattern:"%Y%m%d%H%M%S" type:"GenFile"} udp:{host:"127.0.0.1" port:30000 threshold:"DEBUG" type:"UDP"}}
%MSG
%MSG-i WebUsers:  CorePropertySupervisorBase-mu2edaq06-0  09-Oct-2018 16:50:40 CDT pre-events
otsdaq/otsdaq-core/WebUsersUtilities/WebUsers.cc [2803]	User 'admin' has locked out the system!
%MSG
%MSG-d Iterator:  CorePropertySupervisorBase-mu2edaq06-0  09-Oct-2018 16:50:40 CDT pre-events
otsdaq/otsdaq-core/GatewaySupervisor/Iterator.cc [28]	Iterator constructed.
%MSG
%MSG-i configureMessageFacility:  GatewaySupervisor 09-Oct-2018 16:50:40 CDT  pre-events configureMessageFacility.cc:286
Message Facility Application GatewaySupervisor configured with: debugModules:["*"] destinations:{file:{append:false directory:"/home/mu2edaq/sync_demo/ots/srcs/otsdaq_mu2e/Data/Logs/GatewaySupervisor" pattern:"GatewaySupervisor-%?H%t-%p.log" seperator:"-" threshold:"DEBUG" timestamp_pattern:"%Y%m%d%H%M%S" type:"GenFile"} udp:{host:"127.0.0.1" port:30000 threshold:"DEBUG" type:"UDP"}}
%MSG
%MSG-i configureMessageFacility:  CorePropertySupervisorBase  09-Oct-2018 16:50:40 CDT pre-events configureMessageFacility.cc:286
Message Facility Application CorePropertySupervisorBase configured with: debugModules:["*"] destinations:{file:{append:false directory:"/home/mu2edaq/sync_demo/ots/srcs/otsdaq_mu2e/Data/Logs/CorePropertySupervisorBase" pattern:"CorePropertySupervisorBase-%?H%t-%p.log" seperator:"-" threshold:"DEBUG" timestamp_pattern:"%Y%m%d%H%M%S" type:"GenFile"} udp:{host:"127.0.0.1" port:30000 threshold:"DEBUG" type:"UDP"}}
%MSG
%MSG-i configureMessageFacility:  RunControlStateMachine  09-Oct-2018 16:50:41 CDT pre-events configureMessageFacility.cc:286
Message Facility Application RunControlStateMachine configured with: debugModules:["*"] destinations:{file:{append:false directory:"/home/mu2edaq/sync_demo/ots/srcs/otsdaq_mu2e/Data/Logs/RunControlStateMachine" pattern:"RunControlStateMachine-%?H%t-%p.log" seperator:"-" threshold:"DEBUG" timestamp_pattern:"%Y%m%d%H%M%S" type:"GenFile"} udp:{host:"127.0.0.1" port:30000 threshold:"DEBUG" type:"UDP"}}
%MSG
%MSG-i configureMessageFacility:  CoreSupervisorBase 09-Oct-2018 16:50:41 CDT  pre-events configureMessageFacility.cc:286
Message Facility Application CoreSupervisorBase configured with: debugModules:["*"] destinations:{file:{append:false directory:"/home/mu2edaq/sync_demo/ots/srcs/otsdaq_mu2e/Data/Logs/CoreSupervisorBase" pattern:"CoreSupervisorBase-%?H%t-%p.log" seperator:"-" threshold:"DEBUG" timestamp_pattern:"%Y%m%d%H%M%S" type:"GenFile"} udp:{host:"127.0.0.1" port:30000 threshold:"DEBUG" type:"UDP"}}
%MSG
%MSG-i configureMessageFacility:  ChatSupervisor 09-Oct-2018 16:50:41 CDT  pre-events configureMessageFacility.cc:286
Message Facility Application ChatSupervisor configured with: debugModules:["*"] destinations:{file:{append:false directory:"/home/mu2edaq/sync_demo/ots/srcs/otsdaq_mu2e/Data/Logs/ChatSupervisor" pattern:"ChatSupervisor-%?H%t-%p.log" seperator:"-" threshold:"DEBUG" timestamp_pattern:"%Y%m%d%H%M%S" type:"GenFile"} udp:{host:"127.0.0.1" port:30000 threshold:"DEBUG" type:"UDP"}}
%MSG
%MSG-i configureMessageFacility:  CorePropertySupervisorBase  09-Oct-2018 16:50:41 CDT pre-events configureMessageFacility.cc:286
Message Facility Application CorePropertySupervisorBase configured with: debugModules:["*"] destinations:{file:{append:false directory:"/home/mu2edaq/sync_demo/ots/srcs/otsdaq_mu2e/Data/Logs/CorePropertySupervisorBase" pattern:"CorePropertySupervisorBase-%?H%t-%p.log" seperator:"-" threshold:"DEBUG" timestamp_pattern:"%Y%m%d%H%M%S" type:"GenFile"} udp:{host:"127.0.0.1" port:30000 threshold:"DEBUG" type:"UDP"}}
%MSG
%MSG-i configureMessageFacility:  RunControlStateMachine  09-Oct-2018 16:50:41 CDT pre-events configureMessageFacility.cc:286
Message Facility Application RunControlStateMachine configured with: debugModules:["*"] destinations:{file:{append:false directory:"/home/mu2edaq/sync_demo/ots/srcs/otsdaq_mu2e/Data/Logs/RunControlStateMachine" pattern:"RunControlStateMachine-%?H%t-%p.log" seperator:"-" threshold:"DEBUG" timestamp_pattern:"%Y%m%d%H%M%S" type:"GenFile"} udp:{host:"127.0.0.1" port:30000 threshold:"DEBUG" type:"UDP"}}
%MSG
%MSG-i configureMessageFacility:  CoreSupervisorBase 09-Oct-2018 16:50:41 CDT  pre-events configureMessageFacility.cc:286
Message Facility Application CoreSupervisorBase configured with: debugModules:["*"] destinations:{file:{append:false directory:"/home/mu2edaq/sync_demo/ots/srcs/otsdaq_mu2e/Data/Logs/CoreSupervisorBase" pattern:"CoreSupervisorBase-%?H%t-%p.log" seperator:"-" threshold:"DEBUG" timestamp_pattern:"%Y%m%d%H%M%S" type:"GenFile"} udp:{host:"127.0.0.1" port:30000 threshold:"DEBUG" type:"UDP"}}
%MSG
%MSG-i configureMessageFacility:  ConsoleSupervisor 09-Oct-2018 16:50:41 CDT  pre-events configureMessageFacility.cc:286
Message Facility Application ConsoleSupervisor configured with: debugModules:["*"] destinations:{file:{append:false directory:"/home/mu2edaq/sync_demo/ots/srcs/otsdaq_mu2e/Data/Logs/ConsoleSupervisor" pattern:"ConsoleSupervisor-%?H%t-%p.log" seperator:"-" threshold:"DEBUG" timestamp_pattern:"%Y%m%d%H%M%S" type:"GenFile"} udp:{host:"127.0.0.1" port:30000 threshold:"DEBUG" type:"UDP"}}
%MSG
%MSG-i configureMessageFacility:  CorePropertySupervisorBase  09-Oct-2018 16:50:42 CDT pre-events configureMessageFacility.cc:286
Message Facility Application CorePropertySupervisorBase configured with: debugModules:["*"] destinations:{file:{append:false directory:"/home/mu2edaq/sync_demo/ots/srcs/otsdaq_mu2e/Data/Logs/CorePropertySupervisorBase" pattern:"CorePropertySupervisorBase-%?H%t-%p.log" seperator:"-" threshold:"DEBUG" timestamp_pattern:"%Y%m%d%H%M%S" type:"GenFile"} udp:{host:"127.0.0.1" port:30000 threshold:"DEBUG" type:"UDP"}}
%MSG
%MSG-d Console:  Early 09-Oct-2018 16:50:42 CDT pre-events
otsdaq_utilities/otsdaq-utilities/Console/ConsoleSupervisor.cc [161]	DEBUG messages look like this.
%MSG
%MSG-i Console:  Early 09-Oct-2018 16:50:42 CDT pre-events
otsdaq_utilities/otsdaq-utilities/Console/ConsoleSupervisor.cc [162]	INFO messages look like this.
%MSG
%MSG-w Console:  Early 09-Oct-2018 16:50:42 CDT pre-events
otsdaq_utilities/otsdaq-utilities/Console/ConsoleSupervisor.cc [163]	WARNING messages look like this.
%MSG
%MSG-e Console:  Early 09-Oct-2018 16:50:42 CDT pre-events
otsdaq_utilities/otsdaq-utilities/Console/ConsoleSupervisor.cc [164]	ERROR messages look like this.
%MSG
%MSG-i configureMessageFacility:  RunControlStateMachine  09-Oct-2018 16:50:42 CDT pre-events configureMessageFacility.cc:286
Message Facility Application RunControlStateMachine configured with: debugModules:["*"] destinations:{file:{append:false directory:"/home/mu2edaq/sync_demo/ots/srcs/otsdaq_mu2e/Data/Logs/RunControlStateMachine" pattern:"RunControlStateMachine-%?H%t-%p.log" seperator:"-" threshold:"DEBUG" timestamp_pattern:"%Y%m%d%H%M%S" type:"GenFile"} udp:{host:"127.0.0.1" port:30000 threshold:"DEBUG" type:"UDP"}}
%MSG
%MSG-i configureMessageFacility:  CoreSupervisorBase 09-Oct-2018 16:50:42 CDT  pre-events configureMessageFacility.cc:286
Message Facility Application CoreSupervisorBase configured with: debugModules:["*"] destinations:{file:{append:false directory:"/home/mu2edaq/sync_demo/ots/srcs/otsdaq_mu2e/Data/Logs/CoreSupervisorBase" pattern:"CoreSupervisorBase-%?H%t-%p.log" seperator:"-" threshold:"DEBUG" timestamp_pattern:"%Y%m%d%H%M%S" type:"GenFile"} udp:{host:"127.0.0.1" port:30000 threshold:"DEBUG" type:"UDP"}}
%MSG
%MSG-i configureMessageFacility:  LogbookSupervisor 09-Oct-2018 16:50:42 CDT  pre-events configureMessageFacility.cc:286
Message Facility Application LogbookSupervisor configured with: debugModules:["*"] destinations:{file:{append:false directory:"/home/mu2edaq/sync_demo/ots/srcs/otsdaq_mu2e/Data/Logs/LogbookSupervisor" pattern:"LogbookSupervisor-%?H%t-%p.log" seperator:"-" threshold:"DEBUG" timestamp_pattern:"%Y%m%d%H%M%S" type:"GenFile"} udp:{host:"127.0.0.1" port:30000 threshold:"DEBUG" type:"UDP"}}
%MSG
%MSG-i configureMessageFacility:  CorePropertySupervisorBase  09-Oct-2018 16:50:42 CDT pre-events configureMessageFacility.cc:286
Message Facility Application CorePropertySupervisorBase configured with: debugModules:["*"] destinations:{file:{append:false directory:"/home/mu2edaq/sync_demo/ots/srcs/otsdaq_mu2e/Data/Logs/CorePropertySupervisorBase" pattern:"CorePropertySupervisorBase-%?H%t-%p.log" seperator:"-" threshold:"DEBUG" timestamp_pattern:"%Y%m%d%H%M%S" type:"GenFile"} udp:{host:"127.0.0.1" port:30000 threshold:"DEBUG" type:"UDP"}}
%MSG
%MSG-i configureMessageFacility:  RunControlStateMachine  09-Oct-2018 16:50:43 CDT pre-events configureMessageFacility.cc:286
Message Facility Application RunControlStateMachine configured with: debugModules:["*"] destinations:{file:{append:false directory:"/home/mu2edaq/sync_demo/ots/srcs/otsdaq_mu2e/Data/Logs/RunControlStateMachine" pattern:"RunControlStateMachine-%?H%t-%p.log" seperator:"-" threshold:"DEBUG" timestamp_pattern:"%Y%m%d%H%M%S" type:"GenFile"} udp:{host:"127.0.0.1" port:30000 threshold:"DEBUG" type:"UDP"}}
%MSG
%MSG-i configureMessageFacility:  CoreSupervisorBase 09-Oct-2018 16:50:43 CDT  pre-events configureMessageFacility.cc:286
Message Facility Application CoreSupervisorBase configured with: debugModules:["*"] destinations:{file:{append:false directory:"/home/mu2edaq/sync_demo/ots/srcs/otsdaq_mu2e/Data/Logs/CoreSupervisorBase" pattern:"CoreSupervisorBase-%?H%t-%p.log" seperator:"-" threshold:"DEBUG" timestamp_pattern:"%Y%m%d%H%M%S" type:"GenFile"} udp:{host:"127.0.0.1" port:30000 threshold:"DEBUG" type:"UDP"}}
%MSG
%MSG-i configureMessageFacility:  ConfigurationGUI 09-Oct-2018 16:50:43 CDT  pre-events configureMessageFacility.cc:286
Message Facility Application ConfigurationGUI configured with: debugModules:["*"] destinations:{file:{append:false directory:"/home/mu2edaq/sync_demo/ots/srcs/otsdaq_mu2e/Data/Logs/ConfigurationGUI" pattern:"ConfigurationGUI-%?H%t-%p.log" seperator:"-" threshold:"DEBUG" timestamp_pattern:"%Y%m%d%H%M%S" type:"GenFile"} udp:{host:"127.0.0.1" port:30000 threshold:"DEBUG" type:"UDP"}}
%MSG
%MSG-i configureMessageFacility:  CorePropertySupervisorBase  09-Oct-2018 16:50:44 CDT pre-events configureMessageFacility.cc:286
Message Facility Application CorePropertySupervisorBase configured with: debugModules:["*"] destinations:{file:{append:false directory:"/home/mu2edaq/sync_demo/ots/srcs/otsdaq_mu2e/Data/Logs/CorePropertySupervisorBase" pattern:"CorePropertySupervisorBase-%?H%t-%p.log" seperator:"-" threshold:"DEBUG" timestamp_pattern:"%Y%m%d%H%M%S" type:"GenFile"} udp:{host:"127.0.0.1" port:30000 threshold:"DEBUG" type:"UDP"}}
%MSG
%MSG-i configureMessageFacility:  RunControlStateMachine  09-Oct-2018 16:50:44 CDT pre-events configureMessageFacility.cc:286
Message Facility Application RunControlStateMachine configured with: debugModules:["*"] destinations:{file:{append:false directory:"/home/mu2edaq/sync_demo/ots/srcs/otsdaq_mu2e/Data/Logs/RunControlStateMachine" pattern:"RunControlStateMachine-%?H%t-%p.log" seperator:"-" threshold:"DEBUG" timestamp_pattern:"%Y%m%d%H%M%S" type:"GenFile"} udp:{host:"127.0.0.1" port:30000 threshold:"DEBUG" type:"UDP"}}
%MSG
%MSG-i configureMessageFacility:  CoreSupervisorBase 09-Oct-2018 16:50:44 CDT  pre-events configureMessageFacility.cc:286
Message Facility Application CoreSupervisorBase configured with: debugModules:["*"] destinations:{file:{append:false directory:"/home/mu2edaq/sync_demo/ots/srcs/otsdaq_mu2e/Data/Logs/CoreSupervisorBase" pattern:"CoreSupervisorBase-%?H%t-%p.log" seperator:"-" threshold:"DEBUG" timestamp_pattern:"%Y%m%d%H%M%S" type:"GenFile"} udp:{host:"127.0.0.1" port:30000 threshold:"DEBUG" type:"UDP"}}
%MSG
%MSG-i configureMessageFacility:  MacroMaker 09-Oct-2018 16:50:44 CDT pre-events configureMessageFacility.cc:286
Message Facility Application MacroMaker configured with: debugModules:["*"] destinations:{file:{append:false directory:"/home/mu2edaq/sync_demo/ots/srcs/otsdaq_mu2e/Data/Logs/MacroMaker" pattern:"MacroMaker-%?H%t-%p.log" seperator:"-" threshold:"DEBUG" timestamp_pattern:"%Y%m%d%H%M%S" type:"GenFile"} udp:{host:"127.0.0.1" port:30000 threshold:"DEBUG" type:"UDP"}}
%MSG
%MSG-d GatewaySupervisor:  Early 09-Oct-2018 16:50:58 CDT pre-events
otsdaq/otsdaq-core/GatewaySupervisor/GatewaySupervisor.cc [450]	Making logbook entry: ots started.
%MSG
%MSG-d GatewaySupervisor:  Early 09-Oct-2018 16:50:58 CDT pre-events
otsdaq/otsdaq-core/GatewaySupervisor/GatewaySupervisor.cc [450]	Making logbook entry: admin logged in.
%MSG
%MSG-d GatewaySupervisor:  Early 09-Oct-2018 16:51:18 CDT pre-events
otsdaq/otsdaq-core/GatewaySupervisor/GatewaySupervisor.cc [450]	Making logbook entry: Configuring 'defaultSystemAlias' which translates to testContext (26).
%MSG
%MSG-i ConfigurationManagerRW:  Early 09-Oct-2018 16:51:19 CDT pre-events
otsdaq/otsdaq-core/ConfigurationInterface/ConfigurationManagerRW.cc [336]	Updating persistent active groups to /home/mu2edaq/sync_demo/ots/srcs/otsdaq_mu2e/Data/ServiceData/ActiveConfigurationGroups.cfg ...
%MSG
%MSG-i ConfigurationManagerRW:  Early 09-Oct-2018 16:51:19 CDT pre-events
otsdaq/otsdaq-core/ConfigurationInterface/ConfigurationManagerRW.cc [359]	Active Context: testContext(26)
%MSG
%MSG-i ConfigurationManagerRW:  Early 09-Oct-2018 16:51:19 CDT pre-events
otsdaq/otsdaq-core/ConfigurationInterface/ConfigurationManagerRW.cc [361]	Active Backbone: GroupAliasSaveWizBackbone(9)
%MSG
%MSG-i ConfigurationManagerRW:  Early 09-Oct-2018 16:51:19 CDT pre-events
otsdaq/otsdaq-core/ConfigurationInterface/ConfigurationManagerRW.cc [363]	Active Iterate: (-1)
%MSG
%MSG-i ConfigurationManagerRW:  Early 09-Oct-2018 16:51:19 CDT pre-events
otsdaq/otsdaq-core/ConfigurationInterface/ConfigurationManagerRW.cc [365]	Active Configuration: defaultConfig(14)
%MSG
%MSG-d GatewaySupervisor:  Early 09-Oct-2018 16:52:02 CDT pre-events
otsdaq/otsdaq-core/GatewaySupervisor/GatewaySupervisor.cc [450]	Making logbook entry: Run 212 starting.
%MSG
%MSG-d Console:  Early 09-Oct-2018 16:54:03 CDT pre-events
otsdaq_utilities/otsdaq-utilities/Console/ConsoleSupervisor.cc [240]	Console is alive and waiting... (if no messages, next heartbeat is in approximately two minutes)
%MSG
%MSG-d GatewaySupervisor:  Early 09-Oct-2018 16:55:40 CDT pre-events
otsdaq/otsdaq-core/GatewaySupervisor/GatewaySupervisor.cc [450]	Making logbook entry: Run halting.
%MSG
%MSG-d Console:  Early 09-Oct-2018 16:57:41 CDT pre-events
otsdaq_utilities/otsdaq-utilities/Console/ConsoleSupervisor.cc [240]	Console is alive and waiting... (if no messages, next heartbeat is in approximately two minutes)
%MSG
%MSG-d Console:  Early 09-Oct-2018 16:59:42 CDT pre-events
otsdaq_utilities/otsdaq-utilities/Console/ConsoleSupervisor.cc [240]	Console is alive and waiting... (if no messages, next heartbeat is in approximately two minutes)
%MSG
%MSG-d Console:  Early 09-Oct-2018 17:01:43 CDT pre-events
otsdaq_utilities/otsdaq-utilities/Console/ConsoleSupervisor.cc [240]	Console is alive and waiting... (if no messages, next heartbeat is in approximately two minutes)
%MSG
%MSG-d Console:  Early 09-Oct-2018 17:03:44 CDT pre-events
otsdaq_utilities/otsdaq-utilities/Console/ConsoleSupervisor.cc [240]	Console is alive and waiting... (if no messages, next heartbeat is in approximately two minutes)
%MSG
%MSG-d Console:  Early 09-Oct-2018 17:05:45 CDT pre-events
otsdaq_utilities/otsdaq-utilities/Console/ConsoleSupervisor.cc [240]	Console is alive and waiting... (if no messages, next heartbeat is in approximately two minutes)
%MSG
%MSG-d Console:  Early 09-Oct-2018 17:57:48 CDT pre-events
otsdaq_utilities/otsdaq-utilities/Console/ConsoleSupervisor.cc [245]	Console is alive and waiting a long time... (if no messages, next heartbeat is in approximately one hour)
%MSG
%MSG-d Console:  Early 09-Oct-2018 18:57:50 CDT pre-events
otsdaq_utilities/otsdaq-utilities/Console/ConsoleSupervisor.cc [245]	Console is alive and waiting a long time... (if no messages, next heartbeat is in approximately one hour)
%MSG
%MSG-d Console:  Early 09-Oct-2018 19:57:53 CDT pre-events
otsdaq_utilities/otsdaq-utilities/Console/ConsoleSupervisor.cc [245]	Console is alive and waiting a long time... (if no messages, next heartbeat is in approximately one hour)
%MSG
%MSG-d Console:  Early 09-Oct-2018 20:57:55 CDT pre-events
otsdaq_utilities/otsdaq-utilities/Console/ConsoleSupervisor.cc [245]	Console is alive and waiting a long time... (if no messages, next heartbeat is in approximately one hour)
%MSG
%MSG-d Console:  Early 09-Oct-2018 21:57:57 CDT pre-events
otsdaq_utilities/otsdaq-utilities/Console/ConsoleSupervisor.cc [245]	Console is alive and waiting a long time... (if no messages, next heartbeat is in approximately one hour)
%MSG
%MSG-d Console:  Early 09-Oct-2018 22:58:00 CDT pre-events
otsdaq_utilities/otsdaq-utilities/Console/ConsoleSupervisor.cc [245]	Console is alive and waiting a long time... (if no messages, next heartbeat is in approximately one hour)
%MSG
%MSG-d Console:  Early 09-Oct-2018 23:58:02 CDT pre-events
otsdaq_utilities/otsdaq-utilities/Console/ConsoleSupervisor.cc [245]	Console is alive and waiting a long time... (if no messages, next heartbeat is in approximately one hour)
%MSG
%MSG-d Console:  Early 10-Oct-2018 00:58:04 CDT pre-events
otsdaq_utilities/otsdaq-utilities/Console/ConsoleSupervisor.cc [245]	Console is alive and waiting a long time... (if no messages, next heartbeat is in approximately one hour)
%MSG
%MSG-d Console:  Early 10-Oct-2018 01:58:07 CDT pre-events
otsdaq_utilities/otsdaq-utilities/Console/ConsoleSupervisor.cc [245]	Console is alive and waiting a long time... (if no messages, next heartbeat is in approximately one hour)
%MSG
%MSG-d Console:  Early 10-Oct-2018 02:58:09 CDT pre-events
otsdaq_utilities/otsdaq-utilities/Console/ConsoleSupervisor.cc [245]	Console is alive and waiting a long time... (if no messages, next heartbeat is in approximately one hour)
%MSG
%MSG-d Console:  Early 10-Oct-2018 03:58:11 CDT pre-events
otsdaq_utilities/otsdaq-utilities/Console/ConsoleSupervisor.cc [245]	Console is alive and waiting a long time... (if no messages, next heartbeat is in approximately one hour)
%MSG
%MSG-d Console:  Early 10-Oct-2018 04:58:14 CDT pre-events
otsdaq_utilities/otsdaq-utilities/Console/ConsoleSupervisor.cc [245]	Console is alive and waiting a long time... (if no messages, next heartbeat is in approximately one hour)
%MSG
%MSG-d Console:  Early 10-Oct-2018 05:58:16 CDT pre-events
otsdaq_utilities/otsdaq-utilities/Console/ConsoleSupervisor.cc [245]	Console is alive and waiting a long time... (if no messages, next heartbeat is in approximately one hour)
%MSG
%MSG-d Console:  Early 10-Oct-2018 06:58:18 CDT pre-events
otsdaq_utilities/otsdaq-utilities/Console/ConsoleSupervisor.cc [245]	Console is alive and waiting a long time... (if no messages, next heartbeat is in approximately one hour)
%MSG
