%MSG-i configureMessageFacility:  RunControlStateMachine  12-Sep-2018 14:13:43 CDT pre-events configureMessageFacility.cc:300
Message Facility Application RunControlStateMachine configured with: debugModules:["*"] destinations:{file:{append:false directory:"/home/mu2edaq/sync_demo/ots/srcs/otsdaq_mu2e/Data/Logs/RunControlStateMachine" pattern:"RunControlStateMachine-%?H%t-%p.log" seperator:"-" threshold:"DEBUG" timestamp_pattern:"%Y%m%d%H%M%S" type:"GenFile"} udp:{host:"127.0.0.1" port:30000 threshold:"DEBUG" type:"UDP"}}
%MSG
%MSG-i configureMessageFacility:  CorePropertySupervisorBase  12-Sep-2018 14:13:43 CDT pre-events configureMessageFacility.cc:300
Message Facility Application CorePropertySupervisorBase configured with: debugModules:["*"] destinations:{file:{append:false directory:"/home/mu2edaq/sync_demo/ots/srcs/otsdaq_mu2e/Data/Logs/CorePropertySupervisorBase" pattern:"CorePropertySupervisorBase-%?H%t-%p.log" seperator:"-" threshold:"DEBUG" timestamp_pattern:"%Y%m%d%H%M%S" type:"GenFile"} udp:{host:"127.0.0.1" port:30000 threshold:"DEBUG" type:"UDP"}}
%MSG
%MSG-i WebUsers:  CorePropertySupervisorBase-mu2edaq06-0  12-Sep-2018 14:13:44 CDT pre-events
otsdaq/otsdaq-core/WebUsersUtilities/WebUsers.cc [2803]	User 'admin' has locked out the system!
%MSG
%MSG-d Iterator:  CorePropertySupervisorBase-mu2edaq06-0  12-Sep-2018 14:13:44 CDT pre-events
otsdaq/otsdaq-core/GatewaySupervisor/Iterator.cc [28]	Iterator constructed.
%MSG
%MSG-i configureMessageFacility:  GatewaySupervisor 12-Sep-2018 14:13:44 CDT  pre-events configureMessageFacility.cc:300
Message Facility Application GatewaySupervisor configured with: debugModules:["*"] destinations:{file:{append:false directory:"/home/mu2edaq/sync_demo/ots/srcs/otsdaq_mu2e/Data/Logs/GatewaySupervisor" pattern:"GatewaySupervisor-%?H%t-%p.log" seperator:"-" threshold:"DEBUG" timestamp_pattern:"%Y%m%d%H%M%S" type:"GenFile"} udp:{host:"127.0.0.1" port:30000 threshold:"DEBUG" type:"UDP"}}
%MSG
%MSG-i configureMessageFacility:  CorePropertySupervisorBase  12-Sep-2018 14:13:44 CDT pre-events configureMessageFacility.cc:300
Message Facility Application CorePropertySupervisorBase configured with: debugModules:["*"] destinations:{file:{append:false directory:"/home/mu2edaq/sync_demo/ots/srcs/otsdaq_mu2e/Data/Logs/CorePropertySupervisorBase" pattern:"CorePropertySupervisorBase-%?H%t-%p.log" seperator:"-" threshold:"DEBUG" timestamp_pattern:"%Y%m%d%H%M%S" type:"GenFile"} udp:{host:"127.0.0.1" port:30000 threshold:"DEBUG" type:"UDP"}}
%MSG
%MSG-i configureMessageFacility:  RunControlStateMachine  12-Sep-2018 14:13:44 CDT pre-events configureMessageFacility.cc:300
Message Facility Application RunControlStateMachine configured with: debugModules:["*"] destinations:{file:{append:false directory:"/home/mu2edaq/sync_demo/ots/srcs/otsdaq_mu2e/Data/Logs/RunControlStateMachine" pattern:"RunControlStateMachine-%?H%t-%p.log" seperator:"-" threshold:"DEBUG" timestamp_pattern:"%Y%m%d%H%M%S" type:"GenFile"} udp:{host:"127.0.0.1" port:30000 threshold:"DEBUG" type:"UDP"}}
%MSG
%MSG-i configureMessageFacility:  CoreSupervisorBase 12-Sep-2018 14:13:44 CDT  pre-events configureMessageFacility.cc:300
Message Facility Application CoreSupervisorBase configured with: debugModules:["*"] destinations:{file:{append:false directory:"/home/mu2edaq/sync_demo/ots/srcs/otsdaq_mu2e/Data/Logs/CoreSupervisorBase" pattern:"CoreSupervisorBase-%?H%t-%p.log" seperator:"-" threshold:"DEBUG" timestamp_pattern:"%Y%m%d%H%M%S" type:"GenFile"} udp:{host:"127.0.0.1" port:30000 threshold:"DEBUG" type:"UDP"}}
%MSG
%MSG-i configureMessageFacility:  CorePropertySupervisorBase  12-Sep-2018 14:13:45 CDT pre-events configureMessageFacility.cc:300
Message Facility Application CorePropertySupervisorBase configured with: debugModules:["*"] destinations:{file:{append:false directory:"/home/mu2edaq/sync_demo/ots/srcs/otsdaq_mu2e/Data/Logs/CorePropertySupervisorBase" pattern:"CorePropertySupervisorBase-%?H%t-%p.log" seperator:"-" threshold:"DEBUG" timestamp_pattern:"%Y%m%d%H%M%S" type:"GenFile"} udp:{host:"127.0.0.1" port:30000 threshold:"DEBUG" type:"UDP"}}
%MSG
%MSG-i configureMessageFacility:  RunControlStateMachine  12-Sep-2018 14:13:45 CDT pre-events configureMessageFacility.cc:300
Message Facility Application RunControlStateMachine configured with: debugModules:["*"] destinations:{file:{append:false directory:"/home/mu2edaq/sync_demo/ots/srcs/otsdaq_mu2e/Data/Logs/RunControlStateMachine" pattern:"RunControlStateMachine-%?H%t-%p.log" seperator:"-" threshold:"DEBUG" timestamp_pattern:"%Y%m%d%H%M%S" type:"GenFile"} udp:{host:"127.0.0.1" port:30000 threshold:"DEBUG" type:"UDP"}}
%MSG
%MSG-i configureMessageFacility:  CoreSupervisorBase 12-Sep-2018 14:13:45 CDT  pre-events configureMessageFacility.cc:300
Message Facility Application CoreSupervisorBase configured with: debugModules:["*"] destinations:{file:{append:false directory:"/home/mu2edaq/sync_demo/ots/srcs/otsdaq_mu2e/Data/Logs/CoreSupervisorBase" pattern:"CoreSupervisorBase-%?H%t-%p.log" seperator:"-" threshold:"DEBUG" timestamp_pattern:"%Y%m%d%H%M%S" type:"GenFile"} udp:{host:"127.0.0.1" port:30000 threshold:"DEBUG" type:"UDP"}}
%MSG
%MSG-i configureMessageFacility:  ChatSupervisor 12-Sep-2018 14:13:45 CDT  pre-events configureMessageFacility.cc:300
Message Facility Application ChatSupervisor configured with: debugModules:["*"] destinations:{file:{append:false directory:"/home/mu2edaq/sync_demo/ots/srcs/otsdaq_mu2e/Data/Logs/ChatSupervisor" pattern:"ChatSupervisor-%?H%t-%p.log" seperator:"-" threshold:"DEBUG" timestamp_pattern:"%Y%m%d%H%M%S" type:"GenFile"} udp:{host:"127.0.0.1" port:30000 threshold:"DEBUG" type:"UDP"}}
%MSG
%MSG-i configureMessageFacility:  CorePropertySupervisorBase  12-Sep-2018 14:13:45 CDT pre-events configureMessageFacility.cc:300
Message Facility Application CorePropertySupervisorBase configured with: debugModules:["*"] destinations:{file:{append:false directory:"/home/mu2edaq/sync_demo/ots/srcs/otsdaq_mu2e/Data/Logs/CorePropertySupervisorBase" pattern:"CorePropertySupervisorBase-%?H%t-%p.log" seperator:"-" threshold:"DEBUG" timestamp_pattern:"%Y%m%d%H%M%S" type:"GenFile"} udp:{host:"127.0.0.1" port:30000 threshold:"DEBUG" type:"UDP"}}
%MSG
%MSG-i configureMessageFacility:  RunControlStateMachine  12-Sep-2018 14:13:46 CDT pre-events configureMessageFacility.cc:300
Message Facility Application RunControlStateMachine configured with: debugModules:["*"] destinations:{file:{append:false directory:"/home/mu2edaq/sync_demo/ots/srcs/otsdaq_mu2e/Data/Logs/RunControlStateMachine" pattern:"RunControlStateMachine-%?H%t-%p.log" seperator:"-" threshold:"DEBUG" timestamp_pattern:"%Y%m%d%H%M%S" type:"GenFile"} udp:{host:"127.0.0.1" port:30000 threshold:"DEBUG" type:"UDP"}}
%MSG
%MSG-i configureMessageFacility:  CoreSupervisorBase 12-Sep-2018 14:13:46 CDT  pre-events configureMessageFacility.cc:300
Message Facility Application CoreSupervisorBase configured with: debugModules:["*"] destinations:{file:{append:false directory:"/home/mu2edaq/sync_demo/ots/srcs/otsdaq_mu2e/Data/Logs/CoreSupervisorBase" pattern:"CoreSupervisorBase-%?H%t-%p.log" seperator:"-" threshold:"DEBUG" timestamp_pattern:"%Y%m%d%H%M%S" type:"GenFile"} udp:{host:"127.0.0.1" port:30000 threshold:"DEBUG" type:"UDP"}}
%MSG
%MSG-i configureMessageFacility:  ConsoleSupervisor 12-Sep-2018 14:13:46 CDT  pre-events configureMessageFacility.cc:300
Message Facility Application ConsoleSupervisor configured with: debugModules:["*"] destinations:{file:{append:false directory:"/home/mu2edaq/sync_demo/ots/srcs/otsdaq_mu2e/Data/Logs/ConsoleSupervisor" pattern:"ConsoleSupervisor-%?H%t-%p.log" seperator:"-" threshold:"DEBUG" timestamp_pattern:"%Y%m%d%H%M%S" type:"GenFile"} udp:{host:"127.0.0.1" port:30000 threshold:"DEBUG" type:"UDP"}}
%MSG
%MSG-d Console:  Early 12-Sep-2018 14:13:46 CDT pre-events
otsdaq_utilities/otsdaq-utilities/Console/ConsoleSupervisor.cc [157]	DEBUG messages look like this.
%MSG
%MSG-i Console:  Early 12-Sep-2018 14:13:46 CDT pre-events
otsdaq_utilities/otsdaq-utilities/Console/ConsoleSupervisor.cc [158]	INFO messages look like this.
%MSG
%MSG-w Console:  Early 12-Sep-2018 14:13:46 CDT pre-events
otsdaq_utilities/otsdaq-utilities/Console/ConsoleSupervisor.cc [159]	WARNING messages look like this.
%MSG
%MSG-e Console:  Early 12-Sep-2018 14:13:46 CDT pre-events
otsdaq_utilities/otsdaq-utilities/Console/ConsoleSupervisor.cc [160]	ERROR messages look like this.
%MSG
%MSG-i configureMessageFacility:  CorePropertySupervisorBase  12-Sep-2018 14:13:46 CDT pre-events configureMessageFacility.cc:300
Message Facility Application CorePropertySupervisorBase configured with: debugModules:["*"] destinations:{file:{append:false directory:"/home/mu2edaq/sync_demo/ots/srcs/otsdaq_mu2e/Data/Logs/CorePropertySupervisorBase" pattern:"CorePropertySupervisorBase-%?H%t-%p.log" seperator:"-" threshold:"DEBUG" timestamp_pattern:"%Y%m%d%H%M%S" type:"GenFile"} udp:{host:"127.0.0.1" port:30000 threshold:"DEBUG" type:"UDP"}}
%MSG
%MSG-i configureMessageFacility:  RunControlStateMachine  12-Sep-2018 14:13:46 CDT pre-events configureMessageFacility.cc:300
Message Facility Application RunControlStateMachine configured with: debugModules:["*"] destinations:{file:{append:false directory:"/home/mu2edaq/sync_demo/ots/srcs/otsdaq_mu2e/Data/Logs/RunControlStateMachine" pattern:"RunControlStateMachine-%?H%t-%p.log" seperator:"-" threshold:"DEBUG" timestamp_pattern:"%Y%m%d%H%M%S" type:"GenFile"} udp:{host:"127.0.0.1" port:30000 threshold:"DEBUG" type:"UDP"}}
%MSG
%MSG-i configureMessageFacility:  CoreSupervisorBase 12-Sep-2018 14:13:46 CDT  pre-events configureMessageFacility.cc:300
Message Facility Application CoreSupervisorBase configured with: debugModules:["*"] destinations:{file:{append:false directory:"/home/mu2edaq/sync_demo/ots/srcs/otsdaq_mu2e/Data/Logs/CoreSupervisorBase" pattern:"CoreSupervisorBase-%?H%t-%p.log" seperator:"-" threshold:"DEBUG" timestamp_pattern:"%Y%m%d%H%M%S" type:"GenFile"} udp:{host:"127.0.0.1" port:30000 threshold:"DEBUG" type:"UDP"}}
%MSG
%MSG-i configureMessageFacility:  LogbookSupervisor 12-Sep-2018 14:13:46 CDT  pre-events configureMessageFacility.cc:300
Message Facility Application LogbookSupervisor configured with: debugModules:["*"] destinations:{file:{append:false directory:"/home/mu2edaq/sync_demo/ots/srcs/otsdaq_mu2e/Data/Logs/LogbookSupervisor" pattern:"LogbookSupervisor-%?H%t-%p.log" seperator:"-" threshold:"DEBUG" timestamp_pattern:"%Y%m%d%H%M%S" type:"GenFile"} udp:{host:"127.0.0.1" port:30000 threshold:"DEBUG" type:"UDP"}}
%MSG
%MSG-i configureMessageFacility:  CorePropertySupervisorBase  12-Sep-2018 14:13:47 CDT pre-events configureMessageFacility.cc:300
Message Facility Application CorePropertySupervisorBase configured with: debugModules:["*"] destinations:{file:{append:false directory:"/home/mu2edaq/sync_demo/ots/srcs/otsdaq_mu2e/Data/Logs/CorePropertySupervisorBase" pattern:"CorePropertySupervisorBase-%?H%t-%p.log" seperator:"-" threshold:"DEBUG" timestamp_pattern:"%Y%m%d%H%M%S" type:"GenFile"} udp:{host:"127.0.0.1" port:30000 threshold:"DEBUG" type:"UDP"}}
%MSG
%MSG-i configureMessageFacility:  RunControlStateMachine  12-Sep-2018 14:13:47 CDT pre-events configureMessageFacility.cc:300
Message Facility Application RunControlStateMachine configured with: debugModules:["*"] destinations:{file:{append:false directory:"/home/mu2edaq/sync_demo/ots/srcs/otsdaq_mu2e/Data/Logs/RunControlStateMachine" pattern:"RunControlStateMachine-%?H%t-%p.log" seperator:"-" threshold:"DEBUG" timestamp_pattern:"%Y%m%d%H%M%S" type:"GenFile"} udp:{host:"127.0.0.1" port:30000 threshold:"DEBUG" type:"UDP"}}
%MSG
%MSG-i configureMessageFacility:  CoreSupervisorBase 12-Sep-2018 14:13:47 CDT  pre-events configureMessageFacility.cc:300
Message Facility Application CoreSupervisorBase configured with: debugModules:["*"] destinations:{file:{append:false directory:"/home/mu2edaq/sync_demo/ots/srcs/otsdaq_mu2e/Data/Logs/CoreSupervisorBase" pattern:"CoreSupervisorBase-%?H%t-%p.log" seperator:"-" threshold:"DEBUG" timestamp_pattern:"%Y%m%d%H%M%S" type:"GenFile"} udp:{host:"127.0.0.1" port:30000 threshold:"DEBUG" type:"UDP"}}
%MSG
%MSG-i configureMessageFacility:  ConfigurationGUI 12-Sep-2018 14:13:47 CDT  pre-events configureMessageFacility.cc:300
Message Facility Application ConfigurationGUI configured with: debugModules:["*"] destinations:{file:{append:false directory:"/home/mu2edaq/sync_demo/ots/srcs/otsdaq_mu2e/Data/Logs/ConfigurationGUI" pattern:"ConfigurationGUI-%?H%t-%p.log" seperator:"-" threshold:"DEBUG" timestamp_pattern:"%Y%m%d%H%M%S" type:"GenFile"} udp:{host:"127.0.0.1" port:30000 threshold:"DEBUG" type:"UDP"}}
%MSG
%MSG-i configureMessageFacility:  CorePropertySupervisorBase  12-Sep-2018 14:13:48 CDT pre-events configureMessageFacility.cc:300
Message Facility Application CorePropertySupervisorBase configured with: debugModules:["*"] destinations:{file:{append:false directory:"/home/mu2edaq/sync_demo/ots/srcs/otsdaq_mu2e/Data/Logs/CorePropertySupervisorBase" pattern:"CorePropertySupervisorBase-%?H%t-%p.log" seperator:"-" threshold:"DEBUG" timestamp_pattern:"%Y%m%d%H%M%S" type:"GenFile"} udp:{host:"127.0.0.1" port:30000 threshold:"DEBUG" type:"UDP"}}
%MSG
%MSG-i configureMessageFacility:  RunControlStateMachine  12-Sep-2018 14:13:48 CDT pre-events configureMessageFacility.cc:300
Message Facility Application RunControlStateMachine configured with: debugModules:["*"] destinations:{file:{append:false directory:"/home/mu2edaq/sync_demo/ots/srcs/otsdaq_mu2e/Data/Logs/RunControlStateMachine" pattern:"RunControlStateMachine-%?H%t-%p.log" seperator:"-" threshold:"DEBUG" timestamp_pattern:"%Y%m%d%H%M%S" type:"GenFile"} udp:{host:"127.0.0.1" port:30000 threshold:"DEBUG" type:"UDP"}}
%MSG
%MSG-i configureMessageFacility:  CoreSupervisorBase 12-Sep-2018 14:13:48 CDT  pre-events configureMessageFacility.cc:300
Message Facility Application CoreSupervisorBase configured with: debugModules:["*"] destinations:{file:{append:false directory:"/home/mu2edaq/sync_demo/ots/srcs/otsdaq_mu2e/Data/Logs/CoreSupervisorBase" pattern:"CoreSupervisorBase-%?H%t-%p.log" seperator:"-" threshold:"DEBUG" timestamp_pattern:"%Y%m%d%H%M%S" type:"GenFile"} udp:{host:"127.0.0.1" port:30000 threshold:"DEBUG" type:"UDP"}}
%MSG
%MSG-i configureMessageFacility:  MacroMaker 12-Sep-2018 14:13:48 CDT pre-events configureMessageFacility.cc:300
Message Facility Application MacroMaker configured with: debugModules:["*"] destinations:{file:{append:false directory:"/home/mu2edaq/sync_demo/ots/srcs/otsdaq_mu2e/Data/Logs/MacroMaker" pattern:"MacroMaker-%?H%t-%p.log" seperator:"-" threshold:"DEBUG" timestamp_pattern:"%Y%m%d%H%M%S" type:"GenFile"} udp:{host:"127.0.0.1" port:30000 threshold:"DEBUG" type:"UDP"}}
%MSG
%MSG-d GatewaySupervisor:  Early 12-Sep-2018 14:14:01 CDT pre-events
otsdaq/otsdaq-core/GatewaySupervisor/GatewaySupervisor.cc [463]	Making logbook entry: Configuring 'defaultSystemAlias' which translates to defaultConfig (6).
%MSG
%MSG-i ConfigurationManagerRW:  Early 12-Sep-2018 14:14:01 CDT pre-events
otsdaq/otsdaq-core/ConfigurationInterface/ConfigurationManagerRW.cc [336]	Updating persistent active groups to /home/mu2edaq/sync_demo/ots/srcs/otsdaq_mu2e/Data/ServiceData/ActiveConfigurationGroups.cfg ...
%MSG
%MSG-i ConfigurationManagerRW:  Early 12-Sep-2018 14:14:01 CDT pre-events
otsdaq/otsdaq-core/ConfigurationInterface/ConfigurationManagerRW.cc [359]	Active Context: testContext(3)
%MSG
%MSG-i ConfigurationManagerRW:  Early 12-Sep-2018 14:14:01 CDT pre-events
otsdaq/otsdaq-core/ConfigurationInterface/ConfigurationManagerRW.cc [361]	Active Backbone: GroupAliasSaveWizBackbone(1)
%MSG
%MSG-i ConfigurationManagerRW:  Early 12-Sep-2018 14:14:01 CDT pre-events
otsdaq/otsdaq-core/ConfigurationInterface/ConfigurationManagerRW.cc [363]	Active Iterate: (-1)
%MSG
%MSG-i ConfigurationManagerRW:  Early 12-Sep-2018 14:14:01 CDT pre-events
otsdaq/otsdaq-core/ConfigurationInterface/ConfigurationManagerRW.cc [365]	Active Configuration: defaultConfig(6)
%MSG
%MSG-d GatewaySupervisor:  Early 12-Sep-2018 14:14:05 CDT pre-events
otsdaq/otsdaq-core/GatewaySupervisor/GatewaySupervisor.cc [463]	Making logbook entry: Run 57 starting.
%MSG
%MSG-d Console:  Early 12-Sep-2018 14:16:06 CDT pre-events
Console is alive and waiting... (if no messages, next heartbeat is in approximately two minutes)
%MSG
%MSG-d Console:  Early 12-Sep-2018 14:18:07 CDT pre-events
Console is alive and waiting... (if no messages, next heartbeat is in approximately two minutes)
%MSG
%MSG-d Console:  Early 12-Sep-2018 14:20:08 CDT pre-events
Console is alive and waiting... (if no messages, next heartbeat is in approximately two minutes)
%MSG
%MSG-d Console:  Early 12-Sep-2018 14:22:09 CDT pre-events
Console is alive and waiting... (if no messages, next heartbeat is in approximately two minutes)
%MSG
%MSG-d Console:  Early 12-Sep-2018 14:24:10 CDT pre-events
Console is alive and waiting... (if no messages, next heartbeat is in approximately two minutes)
%MSG
%MSG-d Console:  Early 12-Sep-2018 15:16:13 CDT pre-events
Console is alive and waiting a long time... (if no messages, next heartbeat is in approximately one hour)
%MSG
%MSG-d Console:  Early 12-Sep-2018 16:16:15 CDT pre-events
Console is alive and waiting a long time... (if no messages, next heartbeat is in approximately one hour)
%MSG
%MSG-d Console:  Early 12-Sep-2018 17:16:17 CDT pre-events
Console is alive and waiting a long time... (if no messages, next heartbeat is in approximately one hour)
%MSG
%MSG-d Console:  Early 12-Sep-2018 18:16:20 CDT pre-events
Console is alive and waiting a long time... (if no messages, next heartbeat is in approximately one hour)
%MSG
%MSG-d Console:  Early 12-Sep-2018 19:16:22 CDT pre-events
Console is alive and waiting a long time... (if no messages, next heartbeat is in approximately one hour)
%MSG
%MSG-d Console:  Early 12-Sep-2018 20:16:24 CDT pre-events
Console is alive and waiting a long time... (if no messages, next heartbeat is in approximately one hour)
%MSG
%MSG-d Console:  Early 12-Sep-2018 21:16:27 CDT pre-events
Console is alive and waiting a long time... (if no messages, next heartbeat is in approximately one hour)
%MSG
%MSG-d Console:  Early 12-Sep-2018 22:16:29 CDT pre-events
Console is alive and waiting a long time... (if no messages, next heartbeat is in approximately one hour)
%MSG
%MSG-d Console:  Early 12-Sep-2018 23:16:31 CDT pre-events
Console is alive and waiting a long time... (if no messages, next heartbeat is in approximately one hour)
%MSG
%MSG-d Console:  Early 13-Sep-2018 00:16:34 CDT pre-events
Console is alive and waiting a long time... (if no messages, next heartbeat is in approximately one hour)
%MSG
%MSG-d Console:  Early 13-Sep-2018 01:16:36 CDT pre-events
Console is alive and waiting a long time... (if no messages, next heartbeat is in approximately one hour)
%MSG
%MSG-d Console:  Early 13-Sep-2018 02:16:38 CDT pre-events
Console is alive and waiting a long time... (if no messages, next heartbeat is in approximately one hour)
%MSG
%MSG-d Console:  Early 13-Sep-2018 03:16:40 CDT pre-events
Console is alive and waiting a long time... (if no messages, next heartbeat is in approximately one hour)
%MSG
%MSG-d Console:  Early 13-Sep-2018 04:16:43 CDT pre-events
Console is alive and waiting a long time... (if no messages, next heartbeat is in approximately one hour)
%MSG
%MSG-d Console:  Early 13-Sep-2018 05:16:45 CDT pre-events
Console is alive and waiting a long time... (if no messages, next heartbeat is in approximately one hour)
%MSG
%MSG-d Console:  Early 13-Sep-2018 06:16:47 CDT pre-events
Console is alive and waiting a long time... (if no messages, next heartbeat is in approximately one hour)
%MSG
%MSG-d Console:  Early 13-Sep-2018 07:16:50 CDT pre-events
Console is alive and waiting a long time... (if no messages, next heartbeat is in approximately one hour)
%MSG
%MSG-d Console:  Early 13-Sep-2018 08:16:52 CDT pre-events
Console is alive and waiting a long time... (if no messages, next heartbeat is in approximately one hour)
%MSG
%MSG-d Console:  Early 13-Sep-2018 09:16:54 CDT pre-events
Console is alive and waiting a long time... (if no messages, next heartbeat is in approximately one hour)
%MSG
%MSG-d Console:  Early 13-Sep-2018 10:16:57 CDT pre-events
Console is alive and waiting a long time... (if no messages, next heartbeat is in approximately one hour)
%MSG
%MSG-d Console:  Early 13-Sep-2018 11:16:59 CDT pre-events
Console is alive and waiting a long time... (if no messages, next heartbeat is in approximately one hour)
%MSG
%MSG-d Console:  Early 13-Sep-2018 12:17:01 CDT pre-events
Console is alive and waiting a long time... (if no messages, next heartbeat is in approximately one hour)
%MSG
%MSG-d Console:  Early 13-Sep-2018 13:17:04 CDT pre-events
Console is alive and waiting a long time... (if no messages, next heartbeat is in approximately one hour)
%MSG
%MSG-d Console:  Early 13-Sep-2018 14:17:06 CDT pre-events
Console is alive and waiting a long time... (if no messages, next heartbeat is in approximately one hour)
%MSG
%MSG-d Console:  Early 13-Sep-2018 15:17:08 CDT pre-events
Console is alive and waiting a long time... (if no messages, next heartbeat is in approximately one hour)
%MSG
%MSG-d Console:  Early 13-Sep-2018 16:17:11 CDT pre-events
Console is alive and waiting a long time... (if no messages, next heartbeat is in approximately one hour)
%MSG
%MSG-d Console:  Early 13-Sep-2018 17:17:13 CDT pre-events
Console is alive and waiting a long time... (if no messages, next heartbeat is in approximately one hour)
%MSG
%MSG-d Console:  Early 13-Sep-2018 18:17:15 CDT pre-events
Console is alive and waiting a long time... (if no messages, next heartbeat is in approximately one hour)
%MSG
%MSG-d Console:  Early 13-Sep-2018 19:17:17 CDT pre-events
Console is alive and waiting a long time... (if no messages, next heartbeat is in approximately one hour)
%MSG
%MSG-d Console:  Early 13-Sep-2018 20:17:20 CDT pre-events
Console is alive and waiting a long time... (if no messages, next heartbeat is in approximately one hour)
%MSG
%MSG-d Console:  Early 13-Sep-2018 21:17:22 CDT pre-events
Console is alive and waiting a long time... (if no messages, next heartbeat is in approximately one hour)
%MSG
%MSG-d Console:  Early 13-Sep-2018 22:17:24 CDT pre-events
Console is alive and waiting a long time... (if no messages, next heartbeat is in approximately one hour)
%MSG
%MSG-d Console:  Early 13-Sep-2018 23:17:27 CDT pre-events
Console is alive and waiting a long time... (if no messages, next heartbeat is in approximately one hour)
%MSG
%MSG-d Console:  Early 14-Sep-2018 00:17:29 CDT pre-events
Console is alive and waiting a long time... (if no messages, next heartbeat is in approximately one hour)
%MSG
%MSG-d Console:  Early 14-Sep-2018 01:17:31 CDT pre-events
Console is alive and waiting a long time... (if no messages, next heartbeat is in approximately one hour)
%MSG
%MSG-d Console:  Early 14-Sep-2018 02:17:34 CDT pre-events
Console is alive and waiting a long time... (if no messages, next heartbeat is in approximately one hour)
%MSG
%MSG-d Console:  Early 14-Sep-2018 03:17:36 CDT pre-events
Console is alive and waiting a long time... (if no messages, next heartbeat is in approximately one hour)
%MSG
%MSG-d Console:  Early 14-Sep-2018 04:17:38 CDT pre-events
Console is alive and waiting a long time... (if no messages, next heartbeat is in approximately one hour)
%MSG
%MSG-d Console:  Early 14-Sep-2018 05:17:41 CDT pre-events
Console is alive and waiting a long time... (if no messages, next heartbeat is in approximately one hour)
%MSG
%MSG-d Console:  Early 14-Sep-2018 06:17:43 CDT pre-events
Console is alive and waiting a long time... (if no messages, next heartbeat is in approximately one hour)
%MSG
%MSG-d Console:  Early 14-Sep-2018 07:17:45 CDT pre-events
Console is alive and waiting a long time... (if no messages, next heartbeat is in approximately one hour)
%MSG
%MSG-d Console:  Early 14-Sep-2018 08:17:48 CDT pre-events
Console is alive and waiting a long time... (if no messages, next heartbeat is in approximately one hour)
%MSG
%MSG-d Console:  Early 14-Sep-2018 09:17:50 CDT pre-events
Console is alive and waiting a long time... (if no messages, next heartbeat is in approximately one hour)
%MSG
%MSG-d Console:  Early 14-Sep-2018 10:17:52 CDT pre-events
Console is alive and waiting a long time... (if no messages, next heartbeat is in approximately one hour)
%MSG
%MSG-d Console:  Early 14-Sep-2018 11:17:55 CDT pre-events
Console is alive and waiting a long time... (if no messages, next heartbeat is in approximately one hour)
%MSG
%MSG-d Console:  Early 14-Sep-2018 12:17:57 CDT pre-events
Console is alive and waiting a long time... (if no messages, next heartbeat is in approximately one hour)
%MSG
%MSG-d Console:  Early 14-Sep-2018 13:17:59 CDT pre-events
Console is alive and waiting a long time... (if no messages, next heartbeat is in approximately one hour)
%MSG
%MSG-d Console:  Early 14-Sep-2018 14:18:02 CDT pre-events
Console is alive and waiting a long time... (if no messages, next heartbeat is in approximately one hour)
%MSG
%MSG-d Console:  Early 14-Sep-2018 15:18:04 CDT pre-events
Console is alive and waiting a long time... (if no messages, next heartbeat is in approximately one hour)
%MSG
%MSG-d Console:  Early 14-Sep-2018 16:18:06 CDT pre-events
Console is alive and waiting a long time... (if no messages, next heartbeat is in approximately one hour)
%MSG
