%MSG-i configureMessageFacility:  RunControlStateMachine  11-Oct-2018 14:15:20 CDT pre-events configureMessageFacility.cc:286
Message Facility Application RunControlStateMachine configured with: debugModules:["*"] destinations:{file:{append:false directory:"/home/mu2edaq/sync_demo/ots/srcs/otsdaq_mu2e/Data/Logs/RunControlStateMachine" pattern:"RunControlStateMachine-%?H%t-%p.log" seperator:"-" threshold:"DEBUG" timestamp_pattern:"%Y%m%d%H%M%S" type:"GenFile"} udp:{host:"127.0.0.1" port:30000 threshold:"DEBUG" type:"UDP"}}
%MSG
%MSG-i _TCPConnect:  RunControlStateMachine 11-Oct-2018 14:15:20 CDT pre-events TCPConnect.cc:334
Resolving host 127.0.0.1, on port 30000
%MSG
%MSG-i _TCPConnect:  RunControlStateMachine 11-Oct-2018 14:15:20 CDT pre-events TCPConnect.cc:241
Resolving ip mu2edaq06.fnal.gov
%MSG
%MSG-i configureMessageFacility:  CorePropertySupervisorBase  11-Oct-2018 14:15:20 CDT pre-events configureMessageFacility.cc:286
Message Facility Application CorePropertySupervisorBase configured with: debugModules:["*"] destinations:{file:{append:false directory:"/home/mu2edaq/sync_demo/ots/srcs/otsdaq_mu2e/Data/Logs/CorePropertySupervisorBase" pattern:"CorePropertySupervisorBase-%?H%t-%p.log" seperator:"-" threshold:"DEBUG" timestamp_pattern:"%Y%m%d%H%M%S" type:"GenFile"} udp:{host:"127.0.0.1" port:30000 threshold:"DEBUG" type:"UDP"}}
%MSG
%MSG-i WebUsers:  CorePropertySupervisorBase-mu2edaq06-0  11-Oct-2018 14:15:21 CDT pre-events
otsdaq/otsdaq-core/WebUsersUtilities/WebUsers.cc [2803]	User 'admin' has locked out the system!
%MSG
%MSG-d Iterator:  CorePropertySupervisorBase-mu2edaq06-0  11-Oct-2018 14:15:21 CDT pre-events
otsdaq/otsdaq-core/GatewaySupervisor/Iterator.cc [28]	Iterator constructed.
%MSG
%MSG-i configureMessageFacility:  GatewaySupervisor 11-Oct-2018 14:15:21 CDT  pre-events configureMessageFacility.cc:286
Message Facility Application GatewaySupervisor configured with: debugModules:["*"] destinations:{file:{append:false directory:"/home/mu2edaq/sync_demo/ots/srcs/otsdaq_mu2e/Data/Logs/GatewaySupervisor" pattern:"GatewaySupervisor-%?H%t-%p.log" seperator:"-" threshold:"DEBUG" timestamp_pattern:"%Y%m%d%H%M%S" type:"GenFile"} udp:{host:"127.0.0.1" port:30000 threshold:"DEBUG" type:"UDP"}}
%MSG
%MSG-i configureMessageFacility:  CorePropertySupervisorBase  11-Oct-2018 14:15:21 CDT pre-events configureMessageFacility.cc:286
Message Facility Application CorePropertySupervisorBase configured with: debugModules:["*"] destinations:{file:{append:false directory:"/home/mu2edaq/sync_demo/ots/srcs/otsdaq_mu2e/Data/Logs/CorePropertySupervisorBase" pattern:"CorePropertySupervisorBase-%?H%t-%p.log" seperator:"-" threshold:"DEBUG" timestamp_pattern:"%Y%m%d%H%M%S" type:"GenFile"} udp:{host:"127.0.0.1" port:30000 threshold:"DEBUG" type:"UDP"}}
%MSG
%MSG-i configureMessageFacility:  RunControlStateMachine  11-Oct-2018 14:15:22 CDT pre-events configureMessageFacility.cc:286
Message Facility Application RunControlStateMachine configured with: debugModules:["*"] destinations:{file:{append:false directory:"/home/mu2edaq/sync_demo/ots/srcs/otsdaq_mu2e/Data/Logs/RunControlStateMachine" pattern:"RunControlStateMachine-%?H%t-%p.log" seperator:"-" threshold:"DEBUG" timestamp_pattern:"%Y%m%d%H%M%S" type:"GenFile"} udp:{host:"127.0.0.1" port:30000 threshold:"DEBUG" type:"UDP"}}
%MSG
%MSG-i configureMessageFacility:  CoreSupervisorBase 11-Oct-2018 14:15:22 CDT  pre-events configureMessageFacility.cc:286
Message Facility Application CoreSupervisorBase configured with: debugModules:["*"] destinations:{file:{append:false directory:"/home/mu2edaq/sync_demo/ots/srcs/otsdaq_mu2e/Data/Logs/CoreSupervisorBase" pattern:"CoreSupervisorBase-%?H%t-%p.log" seperator:"-" threshold:"DEBUG" timestamp_pattern:"%Y%m%d%H%M%S" type:"GenFile"} udp:{host:"127.0.0.1" port:30000 threshold:"DEBUG" type:"UDP"}}
%MSG
%MSG-i configureMessageFacility:  ChatSupervisor 11-Oct-2018 14:15:22 CDT  pre-events configureMessageFacility.cc:286
Message Facility Application ChatSupervisor configured with: debugModules:["*"] destinations:{file:{append:false directory:"/home/mu2edaq/sync_demo/ots/srcs/otsdaq_mu2e/Data/Logs/ChatSupervisor" pattern:"ChatSupervisor-%?H%t-%p.log" seperator:"-" threshold:"DEBUG" timestamp_pattern:"%Y%m%d%H%M%S" type:"GenFile"} udp:{host:"127.0.0.1" port:30000 threshold:"DEBUG" type:"UDP"}}
%MSG
%MSG-i configureMessageFacility:  CorePropertySupervisorBase  11-Oct-2018 14:15:22 CDT pre-events configureMessageFacility.cc:286
Message Facility Application CorePropertySupervisorBase configured with: debugModules:["*"] destinations:{file:{append:false directory:"/home/mu2edaq/sync_demo/ots/srcs/otsdaq_mu2e/Data/Logs/CorePropertySupervisorBase" pattern:"CorePropertySupervisorBase-%?H%t-%p.log" seperator:"-" threshold:"DEBUG" timestamp_pattern:"%Y%m%d%H%M%S" type:"GenFile"} udp:{host:"127.0.0.1" port:30000 threshold:"DEBUG" type:"UDP"}}
%MSG
%MSG-i configureMessageFacility:  RunControlStateMachine  11-Oct-2018 14:15:23 CDT pre-events configureMessageFacility.cc:286
Message Facility Application RunControlStateMachine configured with: debugModules:["*"] destinations:{file:{append:false directory:"/home/mu2edaq/sync_demo/ots/srcs/otsdaq_mu2e/Data/Logs/RunControlStateMachine" pattern:"RunControlStateMachine-%?H%t-%p.log" seperator:"-" threshold:"DEBUG" timestamp_pattern:"%Y%m%d%H%M%S" type:"GenFile"} udp:{host:"127.0.0.1" port:30000 threshold:"DEBUG" type:"UDP"}}
%MSG
%MSG-i configureMessageFacility:  CoreSupervisorBase 11-Oct-2018 14:15:23 CDT  pre-events configureMessageFacility.cc:286
Message Facility Application CoreSupervisorBase configured with: debugModules:["*"] destinations:{file:{append:false directory:"/home/mu2edaq/sync_demo/ots/srcs/otsdaq_mu2e/Data/Logs/CoreSupervisorBase" pattern:"CoreSupervisorBase-%?H%t-%p.log" seperator:"-" threshold:"DEBUG" timestamp_pattern:"%Y%m%d%H%M%S" type:"GenFile"} udp:{host:"127.0.0.1" port:30000 threshold:"DEBUG" type:"UDP"}}
%MSG
%MSG-i configureMessageFacility:  ConsoleSupervisor 11-Oct-2018 14:15:23 CDT  pre-events configureMessageFacility.cc:286
Message Facility Application ConsoleSupervisor configured with: debugModules:["*"] destinations:{file:{append:false directory:"/home/mu2edaq/sync_demo/ots/srcs/otsdaq_mu2e/Data/Logs/ConsoleSupervisor" pattern:"ConsoleSupervisor-%?H%t-%p.log" seperator:"-" threshold:"DEBUG" timestamp_pattern:"%Y%m%d%H%M%S" type:"GenFile"} udp:{host:"127.0.0.1" port:30000 threshold:"DEBUG" type:"UDP"}}
%MSG
%MSG-i configureMessageFacility:  CorePropertySupervisorBase  11-Oct-2018 14:15:23 CDT pre-events configureMessageFacility.cc:286
Message Facility Application CorePropertySupervisorBase configured with: debugModules:["*"] destinations:{file:{append:false directory:"/home/mu2edaq/sync_demo/ots/srcs/otsdaq_mu2e/Data/Logs/CorePropertySupervisorBase" pattern:"CorePropertySupervisorBase-%?H%t-%p.log" seperator:"-" threshold:"DEBUG" timestamp_pattern:"%Y%m%d%H%M%S" type:"GenFile"} udp:{host:"127.0.0.1" port:30000 threshold:"DEBUG" type:"UDP"}}
%MSG
%MSG-i configureMessageFacility:  RunControlStateMachine  11-Oct-2018 14:15:23 CDT pre-events configureMessageFacility.cc:286
Message Facility Application RunControlStateMachine configured with: debugModules:["*"] destinations:{file:{append:false directory:"/home/mu2edaq/sync_demo/ots/srcs/otsdaq_mu2e/Data/Logs/RunControlStateMachine" pattern:"RunControlStateMachine-%?H%t-%p.log" seperator:"-" threshold:"DEBUG" timestamp_pattern:"%Y%m%d%H%M%S" type:"GenFile"} udp:{host:"127.0.0.1" port:30000 threshold:"DEBUG" type:"UDP"}}
%MSG
%MSG-i configureMessageFacility:  CoreSupervisorBase 11-Oct-2018 14:15:23 CDT  pre-events configureMessageFacility.cc:286
Message Facility Application CoreSupervisorBase configured with: debugModules:["*"] destinations:{file:{append:false directory:"/home/mu2edaq/sync_demo/ots/srcs/otsdaq_mu2e/Data/Logs/CoreSupervisorBase" pattern:"CoreSupervisorBase-%?H%t-%p.log" seperator:"-" threshold:"DEBUG" timestamp_pattern:"%Y%m%d%H%M%S" type:"GenFile"} udp:{host:"127.0.0.1" port:30000 threshold:"DEBUG" type:"UDP"}}
%MSG
%MSG-i configureMessageFacility:  LogbookSupervisor 11-Oct-2018 14:15:23 CDT  pre-events configureMessageFacility.cc:286
Message Facility Application LogbookSupervisor configured with: debugModules:["*"] destinations:{file:{append:false directory:"/home/mu2edaq/sync_demo/ots/srcs/otsdaq_mu2e/Data/Logs/LogbookSupervisor" pattern:"LogbookSupervisor-%?H%t-%p.log" seperator:"-" threshold:"DEBUG" timestamp_pattern:"%Y%m%d%H%M%S" type:"GenFile"} udp:{host:"127.0.0.1" port:30000 threshold:"DEBUG" type:"UDP"}}
%MSG
%MSG-i configureMessageFacility:  CorePropertySupervisorBase  11-Oct-2018 14:15:24 CDT pre-events configureMessageFacility.cc:286
Message Facility Application CorePropertySupervisorBase configured with: debugModules:["*"] destinations:{file:{append:false directory:"/home/mu2edaq/sync_demo/ots/srcs/otsdaq_mu2e/Data/Logs/CorePropertySupervisorBase" pattern:"CorePropertySupervisorBase-%?H%t-%p.log" seperator:"-" threshold:"DEBUG" timestamp_pattern:"%Y%m%d%H%M%S" type:"GenFile"} udp:{host:"127.0.0.1" port:30000 threshold:"DEBUG" type:"UDP"}}
%MSG
%MSG-i configureMessageFacility:  RunControlStateMachine  11-Oct-2018 14:15:24 CDT pre-events configureMessageFacility.cc:286
Message Facility Application RunControlStateMachine configured with: debugModules:["*"] destinations:{file:{append:false directory:"/home/mu2edaq/sync_demo/ots/srcs/otsdaq_mu2e/Data/Logs/RunControlStateMachine" pattern:"RunControlStateMachine-%?H%t-%p.log" seperator:"-" threshold:"DEBUG" timestamp_pattern:"%Y%m%d%H%M%S" type:"GenFile"} udp:{host:"127.0.0.1" port:30000 threshold:"DEBUG" type:"UDP"}}
%MSG
%MSG-i configureMessageFacility:  CoreSupervisorBase 11-Oct-2018 14:15:24 CDT  pre-events configureMessageFacility.cc:286
Message Facility Application CoreSupervisorBase configured with: debugModules:["*"] destinations:{file:{append:false directory:"/home/mu2edaq/sync_demo/ots/srcs/otsdaq_mu2e/Data/Logs/CoreSupervisorBase" pattern:"CoreSupervisorBase-%?H%t-%p.log" seperator:"-" threshold:"DEBUG" timestamp_pattern:"%Y%m%d%H%M%S" type:"GenFile"} udp:{host:"127.0.0.1" port:30000 threshold:"DEBUG" type:"UDP"}}
%MSG
%MSG-i configureMessageFacility:  ConfigurationGUI 11-Oct-2018 14:15:24 CDT  pre-events configureMessageFacility.cc:286
Message Facility Application ConfigurationGUI configured with: debugModules:["*"] destinations:{file:{append:false directory:"/home/mu2edaq/sync_demo/ots/srcs/otsdaq_mu2e/Data/Logs/ConfigurationGUI" pattern:"ConfigurationGUI-%?H%t-%p.log" seperator:"-" threshold:"DEBUG" timestamp_pattern:"%Y%m%d%H%M%S" type:"GenFile"} udp:{host:"127.0.0.1" port:30000 threshold:"DEBUG" type:"UDP"}}
%MSG
%MSG-d Console:  Early 11-Oct-2018 14:15:25 CDT pre-events
otsdaq_utilities/otsdaq-utilities/Console/ConsoleSupervisor.cc [240]	Console is alive and waiting... (if no messages, next heartbeat is in approximately two minutes)
%MSG
%MSG-i configureMessageFacility:  CorePropertySupervisorBase  11-Oct-2018 14:15:25 CDT pre-events configureMessageFacility.cc:286
Message Facility Application CorePropertySupervisorBase configured with: debugModules:["*"] destinations:{file:{append:false directory:"/home/mu2edaq/sync_demo/ots/srcs/otsdaq_mu2e/Data/Logs/CorePropertySupervisorBase" pattern:"CorePropertySupervisorBase-%?H%t-%p.log" seperator:"-" threshold:"DEBUG" timestamp_pattern:"%Y%m%d%H%M%S" type:"GenFile"} udp:{host:"127.0.0.1" port:30000 threshold:"DEBUG" type:"UDP"}}
%MSG
%MSG-i configureMessageFacility:  RunControlStateMachine  11-Oct-2018 14:15:25 CDT pre-events configureMessageFacility.cc:286
Message Facility Application RunControlStateMachine configured with: debugModules:["*"] destinations:{file:{append:false directory:"/home/mu2edaq/sync_demo/ots/srcs/otsdaq_mu2e/Data/Logs/RunControlStateMachine" pattern:"RunControlStateMachine-%?H%t-%p.log" seperator:"-" threshold:"DEBUG" timestamp_pattern:"%Y%m%d%H%M%S" type:"GenFile"} udp:{host:"127.0.0.1" port:30000 threshold:"DEBUG" type:"UDP"}}
%MSG
%MSG-i configureMessageFacility:  CoreSupervisorBase 11-Oct-2018 14:15:25 CDT  pre-events configureMessageFacility.cc:286
Message Facility Application CoreSupervisorBase configured with: debugModules:["*"] destinations:{file:{append:false directory:"/home/mu2edaq/sync_demo/ots/srcs/otsdaq_mu2e/Data/Logs/CoreSupervisorBase" pattern:"CoreSupervisorBase-%?H%t-%p.log" seperator:"-" threshold:"DEBUG" timestamp_pattern:"%Y%m%d%H%M%S" type:"GenFile"} udp:{host:"127.0.0.1" port:30000 threshold:"DEBUG" type:"UDP"}}
%MSG
%MSG-i configureMessageFacility:  MacroMaker 11-Oct-2018 14:15:25 CDT pre-events configureMessageFacility.cc:286
Message Facility Application MacroMaker configured with: debugModules:["*"] destinations:{file:{append:false directory:"/home/mu2edaq/sync_demo/ots/srcs/otsdaq_mu2e/Data/Logs/MacroMaker" pattern:"MacroMaker-%?H%t-%p.log" seperator:"-" threshold:"DEBUG" timestamp_pattern:"%Y%m%d%H%M%S" type:"GenFile"} udp:{host:"127.0.0.1" port:30000 threshold:"DEBUG" type:"UDP"}}
%MSG
%MSG-d Console:  Early 11-Oct-2018 14:15:27 CDT pre-events
otsdaq_utilities/otsdaq-utilities/Console/ConsoleSupervisor.cc [240]	Console is alive and waiting... (if no messages, next heartbeat is in approximately two minutes)
%MSG
%MSG-d Console:  Early 11-Oct-2018 14:15:29 CDT pre-events
otsdaq_utilities/otsdaq-utilities/Console/ConsoleSupervisor.cc [240]	Console is alive and waiting... (if no messages, next heartbeat is in approximately two minutes)
%MSG
%MSG-d Console:  Early 11-Oct-2018 14:15:31 CDT pre-events
otsdaq_utilities/otsdaq-utilities/Console/ConsoleSupervisor.cc [240]	Console is alive and waiting... (if no messages, next heartbeat is in approximately two minutes)
%MSG
%MSG-d Console:  Early 11-Oct-2018 14:15:33 CDT pre-events
otsdaq_utilities/otsdaq-utilities/Console/ConsoleSupervisor.cc [240]	Console is alive and waiting... (if no messages, next heartbeat is in approximately two minutes)
%MSG
%MSG-d GatewaySupervisor:  Early 11-Oct-2018 14:16:36 CDT pre-events
otsdaq/otsdaq-core/GatewaySupervisor/GatewaySupervisor.cc [450]	Making logbook entry: ots started.
%MSG
%MSG-d GatewaySupervisor:  Early 11-Oct-2018 14:16:36 CDT pre-events
otsdaq/otsdaq-core/GatewaySupervisor/GatewaySupervisor.cc [450]	Making logbook entry: admin logged in.
%MSG
%MSG-d CodeEditor:  Early 11-Oct-2018 14:42:54 CDT pre-events
otsdaq/otsdaq-core/CodeEditor/CodeEditor.cc [520]	/home/mu2edaq/sync_demo/ots/build_slf7.x86_64
%MSG
%MSG-d CodeEditor:  Early 11-Oct-2018 14:42:54 CDT pre-events
otsdaq/otsdaq-core/CodeEditor/CodeEditor.cc [520]	calling buildtool -I /home/mu2edaq/sync_demo/ots/localProducts_otsdaq_demo_v2_01_00_e15_s64_prof -b
%MSG
%MSG-d CodeEditor:  Early 11-Oct-2018 14:42:55 CDT pre-events
otsdaq/otsdaq-core/CodeEditor/CodeEditor.cc [520]	INFO: Install prefix = /home/mu2edaq/sync_demo/ots/localProducts_otsdaq_demo_v2_01_00_e15_s64_prof
%MSG
%MSG-d CodeEditor:  Early 11-Oct-2018 14:42:55 CDT pre-events
otsdaq/otsdaq-core/CodeEditor/CodeEditor.cc [520]	INFO: CETPKG_TYPE = Prof
%MSG
%MSG-d CodeEditor:  Early 11-Oct-2018 14:44:16 CDT pre-events
otsdaq/otsdaq-core/CodeEditor/CodeEditor.cc [520]	
%MSG
%MSG-d CodeEditor:  Early 11-Oct-2018 14:44:16 CDT pre-events
otsdaq/otsdaq-core/CodeEditor/CodeEditor.cc [520]	------------------------------------
%MSG
%MSG-d CodeEditor:  Early 11-Oct-2018 14:44:16 CDT pre-events
otsdaq/otsdaq-core/CodeEditor/CodeEditor.cc [520]	INFO: Stage cmake.
%MSG
%MSG-d CodeEditor:  Early 11-Oct-2018 14:44:16 CDT pre-events
otsdaq/otsdaq-core/CodeEditor/CodeEditor.cc [520]	------------------------------------
%MSG
%MSG-d CodeEditor:  Early 11-Oct-2018 14:44:16 CDT pre-events
otsdaq/otsdaq-core/CodeEditor/CodeEditor.cc [520]	
%MSG
%MSG-d CodeEditor:  Early 11-Oct-2018 14:44:16 CDT pre-events
otsdaq/otsdaq-core/CodeEditor/CodeEditor.cc [520]	-- CMAKE_MODULE_PATH is /cvmfs/fermilab.opensciencegrid.org/products/artdaq/art/v2_10_02/Modules;/cvmfs/fermilab.opensciencegri
%MSG
%MSG-d CodeEditor:  Early 11-Oct-2018 14:44:16 CDT pre-events
otsdaq/otsdaq-core/CodeEditor/CodeEditor.cc [520]	-- CMAKE_MODULE_PATH is /cvmfs/fermilab.opensciencegrid.org/products/artdaq/art/v2_10_02/Modules;/cvmfs/fermilab.opensciencegrid.org/products/artdaq/cetbuildtools/v7_02_01/Modules;/home/mu2edaq/sync_demo/ots/products/xdaq/v14_4_0b/Modules;/cvmfs/fermilab
%MSG
%MSG-d CodeEditor:  Early 11-Oct-2018 14:44:16 CDT pre-events
otsdaq/otsdaq-core/CodeEditor/CodeEditor.cc [520]	-- CMAKE_MODULE_PATH is /cvmfs/fermilab.opensciencegrid.org/products/artdaq/art/v2_10_02/Modules;/cvmfs/fermilab.opensciencegrid.org/products/artdaq/cetbuildtools/v7_02_01/Modules;/home/mu2edaq/sync_demo/ots/products/xdaq/v14_4_0b/Modules;/cvmfs/fermilab.opensciencegrid.org/products/artdaq/artdaq_utilities/v1_04_08/Modules
%MSG
%MSG-d CodeEditor:  Early 11-Oct-2018 14:44:16 CDT pre-events
otsdaq/otsdaq-core/CodeEditor/CodeEditor.cc [520]	-- cetbuildtools_BINDIR = /cvmfs/fermilab.opensciencegrid.org/products/artdaq/cetbuildtools/v7_02_01/bin
%MSG
%MSG-d CodeEditor:  Early 11-Oct-2018 14:44:16 CDT pre-events
otsdaq/otsdaq-core/CodeEditor/CodeEditor.cc [520]	-- full qual e15:s64:prof reduced to e15:s64
%MSG
%MSG-d CodeEditor:  Early 11-Oct-2018 14:44:16 CDT pre-events
otsdaq/otsdaq-core/CodeEditor/CodeEditor.cc [520]	-- Product is otsdaq_utilities v2_02_00 e15:s64:prof
%MSG
%MSG-d CodeEditor:  Early 11-Oct-2018 14:44:16 CDT pre-events
otsdaq/otsdaq-core/CodeEditor/CodeEditor.cc [520]	-- Module path is /cvmfs/fermilab.opensciencegrid.org/products/artdaq/art/v2_10_02/Modules;/cvmfs/fermilab.opensciencegrid.org/
%MSG
%MSG-d CodeEditor:  Early 11-Oct-2018 14:44:16 CDT pre-events
otsdaq/otsdaq-core/CodeEditor/CodeEditor.cc [520]	-- Module path is /cvmfs/fermilab.opensciencegrid.org/products/artdaq/art/v2_10_02/Modules;/cvmfs/fermilab.opensciencegrid.org/products/artdaq/cetbuildtools/v7_02_01/Modules;/home/mu2edaq/sync_demo/ots/products/xdaq/v14_4_0b/Modules;/cvmfs/fermilab.opens
%MSG
%MSG-d CodeEditor:  Early 11-Oct-2018 14:44:16 CDT pre-events
otsdaq/otsdaq-core/CodeEditor/CodeEditor.cc [520]	-- Module path is /cvmfs/fermilab.opensciencegrid.org/products/artdaq/art/v2_10_02/Modules;/cvmfs/fermilab.opensciencegrid.org/products/artdaq/cetbuildtools/v7_02_01/Modules;/home/mu2edaq/sync_demo/ots/products/xdaq/v14_4_0b/Modules;/cvmfs/fermilab.opensciencegrid.org/products/artdaq/artdaq_utilities/v1_04_08/Modules
%MSG
%MSG-d CodeEditor:  Early 11-Oct-2018 14:44:16 CDT pre-events
otsdaq/otsdaq-core/CodeEditor/CodeEditor.cc [520]	-- set_install_root: PACKAGE_TOP_DIRECTORY is /home/mu2edaq/sync_demo/ots/srcs/otsdaq_utilities
%MSG
%MSG-d CodeEditor:  Early 11-Oct-2018 14:44:16 CDT pre-events
otsdaq/otsdaq-core/CodeEditor/CodeEditor.cc [520]	-- cet dot version: 2.02.00
%MSG
%MSG-d CodeEditor:  Early 11-Oct-2018 14:44:16 CDT pre-events
otsdaq/otsdaq-core/CodeEditor/CodeEditor.cc [520]	-- CET_REPORT: /cvmfs/fermilab.opensciencegrid.org/products/artdaq/cetbuildtools/v7_02_01/bin/cet_report
%MSG
%MSG-d CodeEditor:  Early 11-Oct-2018 14:44:16 CDT pre-events
otsdaq/otsdaq-core/CodeEditor/CodeEditor.cc [520]	-- Building for Linux slf7 x86_64
%MSG
%MSG-d CodeEditor:  Early 11-Oct-2018 14:44:16 CDT pre-events
otsdaq/otsdaq-core/CodeEditor/CodeEditor.cc [520]	-- Selected diagnostics option VIGILANT
%MSG
%MSG-d CodeEditor:  Early 11-Oct-2018 14:44:16 CDT pre-events
otsdaq/otsdaq-core/CodeEditor/CodeEditor.cc [520]	--    DEFINE (-D): NDEBUG
%MSG
%MSG-d CodeEditor:  Early 11-Oct-2018 14:44:16 CDT pre-events
otsdaq/otsdaq-core/CodeEditor/CodeEditor.cc [520]	-- compiler flags for directory  and below
%MSG
%MSG-d CodeEditor:  Early 11-Oct-2018 14:44:16 CDT pre-events
otsdaq/otsdaq-core/CodeEditor/CodeEditor.cc [520]	--    C++     FLAGS: -g -gdwarf-4 -O3 -fno-omit-frame-pointer -std=c++98 -Werror -pedantic -Wno-unused-parameter -Wno-unused-bu
%MSG
%MSG-d CodeEditor:  Early 11-Oct-2018 14:44:16 CDT pre-events
otsdaq/otsdaq-core/CodeEditor/CodeEditor.cc [520]	--    C++     FLAGS: -g -gdwarf-4 -O3 -fno-omit-frame-pointer -std=c++98 -Werror -pedantic -Wno-unused-parameter -Wno-unused-but-set-variable -Wno-maybe-uninitialized -Wno-ignored-qualifiers -Wno-unused-variable -std=c++14 -Wall -Werror=return-type -Wext
%MSG
%MSG-d CodeEditor:  Early 11-Oct-2018 14:44:16 CDT pre-events
otsdaq/otsdaq-core/CodeEditor/CodeEditor.cc [520]	--    C++     FLAGS: -g -gdwarf-4 -O3 -fno-omit-frame-pointer -std=c++98 -Werror -pedantic -Wno-unused-parameter -Wno-unused-but-set-variable -Wno-maybe-uninitialized -Wno-ignored-qualifiers -Wno-unused-variable -std=c++14 -Wall -Werror=return-type -Wextra -Wno-long-long -Winit-self -Wno-unused-local-typedefs -Woverloaded-virtual -Wnon-virtual-dtor -Wdelete-non-virtual-dtor
%MSG
%MSG-d CodeEditor:  Early 11-Oct-2018 14:44:16 CDT pre-events
otsdaq/otsdaq-core/CodeEditor/CodeEditor.cc [520]	--    C       FLAGS: -g -gdwarf-4 -O3 -fno-omit-frame-pointer -Werror -pedantic -Wno-unused-parameter -Wno-unused-but-set-varia
%MSG
%MSG-d CodeEditor:  Early 11-Oct-2018 14:44:16 CDT pre-events
otsdaq/otsdaq-core/CodeEditor/CodeEditor.cc [520]	--    C       FLAGS: -g -gdwarf-4 -O3 -fno-omit-frame-pointer -Werror -pedantic -Wno-unused-parameter -Wno-unused-but-set-variable -Wno-maybe-uninitialized -Wno-ignored-qualifiers -Wno-unused-variable -Wall -Werror=return-type -Wextra -Wno-long-long -Win
%MSG
%MSG-d CodeEditor:  Early 11-Oct-2018 14:44:16 CDT pre-events
otsdaq/otsdaq-core/CodeEditor/CodeEditor.cc [520]	--    C       FLAGS: -g -gdwarf-4 -O3 -fno-omit-frame-pointer -Werror -pedantic -Wno-unused-parameter -Wno-unused-but-set-variable -Wno-maybe-uninitialized -Wno-ignored-qualifiers -Wno-unused-variable -Wall -Werror=return-type -Wextra -Wno-long-long -Winit-self -Wno-unused-local-typedefs
%MSG
%MSG-d CodeEditor:  Early 11-Oct-2018 14:44:16 CDT pre-events
otsdaq/otsdaq-core/CodeEditor/CodeEditor.cc [520]	-- Boost version: 1.66.0
%MSG
%MSG-d CodeEditor:  Early 11-Oct-2018 14:44:16 CDT pre-events
otsdaq/otsdaq-core/CodeEditor/CodeEditor.cc [520]	-- Found the following Boost libraries:
%MSG
%MSG-d CodeEditor:  Early 11-Oct-2018 14:44:16 CDT pre-events
otsdaq/otsdaq-core/CodeEditor/CodeEditor.cc [520]	--   chrono
%MSG
%MSG-d CodeEditor:  Early 11-Oct-2018 14:44:16 CDT pre-events
otsdaq/otsdaq-core/CodeEditor/CodeEditor.cc [520]	--   date_time
%MSG
%MSG-d CodeEditor:  Early 11-Oct-2018 14:44:16 CDT pre-events
otsdaq/otsdaq-core/CodeEditor/CodeEditor.cc [520]	--   filesystem
%MSG
%MSG-d CodeEditor:  Early 11-Oct-2018 14:44:16 CDT pre-events
otsdaq/otsdaq-core/CodeEditor/CodeEditor.cc [520]	--   graph
%MSG
%MSG-d CodeEditor:  Early 11-Oct-2018 14:44:16 CDT pre-events
otsdaq/otsdaq-core/CodeEditor/CodeEditor.cc [520]	--   iostreams
%MSG
%MSG-d CodeEditor:  Early 11-Oct-2018 14:44:16 CDT pre-events
otsdaq/otsdaq-core/CodeEditor/CodeEditor.cc [520]	--   locale
%MSG
%MSG-d CodeEditor:  Early 11-Oct-2018 14:44:16 CDT pre-events
otsdaq/otsdaq-core/CodeEditor/CodeEditor.cc [520]	--   prg_exec_monitor
%MSG
%MSG-d CodeEditor:  Early 11-Oct-2018 14:44:16 CDT pre-events
otsdaq/otsdaq-core/CodeEditor/CodeEditor.cc [520]	--   program_options
%MSG
%MSG-d CodeEditor:  Early 11-Oct-2018 14:44:16 CDT pre-events
otsdaq/otsdaq-core/CodeEditor/CodeEditor.cc [520]	--   random
%MSG
%MSG-d CodeEditor:  Early 11-Oct-2018 14:44:16 CDT pre-events
otsdaq/otsdaq-core/CodeEditor/CodeEditor.cc [520]	--   regex
%MSG
%MSG-d CodeEditor:  Early 11-Oct-2018 14:44:16 CDT pre-events
otsdaq/otsdaq-core/CodeEditor/CodeEditor.cc [520]	--   serialization
%MSG
%MSG-d CodeEditor:  Early 11-Oct-2018 14:44:16 CDT pre-events
otsdaq/otsdaq-core/CodeEditor/CodeEditor.cc [520]	--   signals
%MSG
%MSG-d CodeEditor:  Early 11-Oct-2018 14:44:16 CDT pre-events
otsdaq/otsdaq-core/CodeEditor/CodeEditor.cc [520]	--   system
%MSG
%MSG-d CodeEditor:  Early 11-Oct-2018 14:44:16 CDT pre-events
otsdaq/otsdaq-core/CodeEditor/CodeEditor.cc [520]	--   thread
%MSG
%MSG-d CodeEditor:  Early 11-Oct-2018 14:44:16 CDT pre-events
otsdaq/otsdaq-core/CodeEditor/CodeEditor.cc [520]	--   timer
%MSG
%MSG-d CodeEditor:  Early 11-Oct-2018 14:44:16 CDT pre-events
otsdaq/otsdaq-core/CodeEditor/CodeEditor.cc [520]	--   unit_test_framework
%MSG
%MSG-d CodeEditor:  Early 11-Oct-2018 14:44:16 CDT pre-events
otsdaq/otsdaq-core/CodeEditor/CodeEditor.cc [520]	--   wave
%MSG
%MSG-d CodeEditor:  Early 11-Oct-2018 14:44:16 CDT pre-events
otsdaq/otsdaq-core/CodeEditor/CodeEditor.cc [520]	--   wserialization
%MSG
%MSG-d CodeEditor:  Early 11-Oct-2018 14:44:16 CDT pre-events
otsdaq/otsdaq-core/CodeEditor/CodeEditor.cc [520]	--   atomic
%MSG
%MSG-d CodeEditor:  Early 11-Oct-2018 14:44:17 CDT pre-events
otsdaq/otsdaq-core/CodeEditor/CodeEditor.cc [520]	-DMESSAGEFACILITY_HEX_VERSION=0x20106
%MSG
%MSG-d CodeEditor:  Early 11-Oct-2018 14:44:18 CDT pre-events
otsdaq/otsdaq-core/CodeEditor/CodeEditor.cc [520]	-- Could NOT find XSD (missing: XSD_INCLUDE_DIR) 
%MSG
%MSG-d CodeEditor:  Early 11-Oct-2018 14:44:22 CDT pre-events
otsdaq/otsdaq-core/CodeEditor/CodeEditor.cc [520]	-- CPACK_PACKAGE_VERSION is 2.02.00
%MSG
%MSG-d CodeEditor:  Early 11-Oct-2018 14:44:22 CDT pre-events
otsdaq/otsdaq-core/CodeEditor/CodeEditor.cc [520]	-- CPACK_PACKAGE_NAME and CPACK_SYSTEM_NAME are otsdaq_demo slf7-x86_64-e15-s64-prof
%MSG
%MSG-d CodeEditor:  Early 11-Oct-2018 14:44:22 CDT pre-events
otsdaq/otsdaq-core/CodeEditor/CodeEditor.cc [520]	-- CMAKE_MODULE_PATH is /cvmfs/fermilab.opensciencegrid.org/products/artdaq/art/v2_10_02/Modules;/cvmfs/fermilab.opensciencegri
%MSG
%MSG-d CodeEditor:  Early 11-Oct-2018 14:44:22 CDT pre-events
otsdaq/otsdaq-core/CodeEditor/CodeEditor.cc [520]	-- CMAKE_MODULE_PATH is /cvmfs/fermilab.opensciencegrid.org/products/artdaq/art/v2_10_02/Modules;/cvmfs/fermilab.opensciencegrid.org/products/artdaq/cetbuildtools/v7_02_01/Modules;/home/mu2edaq/sync_demo/ots/products/xdaq/v14_4_0b/Modules;/cvmfs/fermilab
%MSG
%MSG-d CodeEditor:  Early 11-Oct-2018 14:44:22 CDT pre-events
otsdaq/otsdaq-core/CodeEditor/CodeEditor.cc [520]	-- CMAKE_MODULE_PATH is /cvmfs/fermilab.opensciencegrid.org/products/artdaq/art/v2_10_02/Modules;/cvmfs/fermilab.opensciencegrid.org/products/artdaq/cetbuildtools/v7_02_01/Modules;/home/mu2edaq/sync_demo/ots/products/xdaq/v14_4_0b/Modules;/cvmfs/fermilab.opensciencegrid.org/products/artdaq/artdaq_utilities/v1_04_08/Modules
%MSG
%MSG-d CodeEditor:  Early 11-Oct-2018 14:44:22 CDT pre-events
otsdaq/otsdaq-core/CodeEditor/CodeEditor.cc [520]	-- cetbuildtools_BINDIR = /cvmfs/fermilab.opensciencegrid.org/products/artdaq/cetbuildtools/v7_02_01/bin
%MSG
%MSG-d CodeEditor:  Early 11-Oct-2018 14:44:22 CDT pre-events
otsdaq/otsdaq-core/CodeEditor/CodeEditor.cc [520]	-- full qual e15:s64:prof reduced to e15:s64
%MSG
%MSG-d CodeEditor:  Early 11-Oct-2018 14:44:22 CDT pre-events
otsdaq/otsdaq-core/CodeEditor/CodeEditor.cc [520]	-- Product is otsdaq_mu2e v2_01_01 e15:s64:prof
%MSG
%MSG-d CodeEditor:  Early 11-Oct-2018 14:44:22 CDT pre-events
otsdaq/otsdaq-core/CodeEditor/CodeEditor.cc [520]	-- Module path is /cvmfs/fermilab.opensciencegrid.org/products/artdaq/art/v2_10_02/Modules;/cvmfs/fermilab.opensciencegrid.org/
%MSG
%MSG-d CodeEditor:  Early 11-Oct-2018 14:44:22 CDT pre-events
otsdaq/otsdaq-core/CodeEditor/CodeEditor.cc [520]	-- Module path is /cvmfs/fermilab.opensciencegrid.org/products/artdaq/art/v2_10_02/Modules;/cvmfs/fermilab.opensciencegrid.org/products/artdaq/cetbuildtools/v7_02_01/Modules;/home/mu2edaq/sync_demo/ots/products/xdaq/v14_4_0b/Modules;/cvmfs/fermilab.opens
%MSG
%MSG-d CodeEditor:  Early 11-Oct-2018 14:44:22 CDT pre-events
otsdaq/otsdaq-core/CodeEditor/CodeEditor.cc [520]	-- Module path is /cvmfs/fermilab.opensciencegrid.org/products/artdaq/art/v2_10_02/Modules;/cvmfs/fermilab.opensciencegrid.org/products/artdaq/cetbuildtools/v7_02_01/Modules;/home/mu2edaq/sync_demo/ots/products/xdaq/v14_4_0b/Modules;/cvmfs/fermilab.opensciencegrid.org/products/artdaq/artdaq_utilities/v1_04_08/Modules
%MSG
%MSG-d CodeEditor:  Early 11-Oct-2018 14:44:22 CDT pre-events
otsdaq/otsdaq-core/CodeEditor/CodeEditor.cc [520]	-- set_install_root: PACKAGE_TOP_DIRECTORY is /home/mu2edaq/sync_demo/ots/srcs/otsdaq_mu2e
%MSG
%MSG-d CodeEditor:  Early 11-Oct-2018 14:44:22 CDT pre-events
otsdaq/otsdaq-core/CodeEditor/CodeEditor.cc [520]	-- cet dot version: 2.01.01
%MSG
%MSG-d CodeEditor:  Early 11-Oct-2018 14:44:22 CDT pre-events
otsdaq/otsdaq-core/CodeEditor/CodeEditor.cc [520]	-- CET_REPORT: /cvmfs/fermilab.opensciencegrid.org/products/artdaq/cetbuildtools/v7_02_01/bin/cet_report
%MSG
%MSG-d CodeEditor:  Early 11-Oct-2018 14:44:22 CDT pre-events
otsdaq/otsdaq-core/CodeEditor/CodeEditor.cc [520]	-- Building for Linux slf7 x86_64
%MSG
%MSG-d CodeEditor:  Early 11-Oct-2018 14:44:22 CDT pre-events
otsdaq/otsdaq-core/CodeEditor/CodeEditor.cc [520]	-- Selected diagnostics option VIGILANT
%MSG
%MSG-d CodeEditor:  Early 11-Oct-2018 14:44:22 CDT pre-events
otsdaq/otsdaq-core/CodeEditor/CodeEditor.cc [520]	--    DEFINE (-D): NDEBUG
%MSG
%MSG-d CodeEditor:  Early 11-Oct-2018 14:44:22 CDT pre-events
otsdaq/otsdaq-core/CodeEditor/CodeEditor.cc [520]	-- compiler flags for directory  and below
%MSG
%MSG-d CodeEditor:  Early 11-Oct-2018 14:44:22 CDT pre-events
otsdaq/otsdaq-core/CodeEditor/CodeEditor.cc [520]	--    C++     FLAGS: -g -gdwarf-4 -O3 -fno-omit-frame-pointer -std=c++98 -Werror -pedantic -Wno-unused-parameter -Wno-unused-bu
%MSG
%MSG-d CodeEditor:  Early 11-Oct-2018 14:44:22 CDT pre-events
otsdaq/otsdaq-core/CodeEditor/CodeEditor.cc [520]	--    C++     FLAGS: -g -gdwarf-4 -O3 -fno-omit-frame-pointer -std=c++98 -Werror -pedantic -Wno-unused-parameter -Wno-unused-but-set-variable -Wno-maybe-uninitialized -Wno-ignored-qualifiers -Wno-unused-variable -std=c++14 -Wall -Werror=return-type -Wext
%MSG
%MSG-d CodeEditor:  Early 11-Oct-2018 14:44:22 CDT pre-events
otsdaq/otsdaq-core/CodeEditor/CodeEditor.cc [520]	--    C++     FLAGS: -g -gdwarf-4 -O3 -fno-omit-frame-pointer -std=c++98 -Werror -pedantic -Wno-unused-parameter -Wno-unused-but-set-variable -Wno-maybe-uninitialized -Wno-ignored-qualifiers -Wno-unused-variable -std=c++14 -Wall -Werror=return-type -Wextra -Wno-long-long -Winit-self -Wno-unused-local-typedefs -Woverloaded-virtual -Wnon-virtual-dtor -Wdelete-non-virtual-dtor
%MSG
%MSG-d CodeEditor:  Early 11-Oct-2018 14:44:22 CDT pre-events
otsdaq/otsdaq-core/CodeEditor/CodeEditor.cc [520]	--    C       FLAGS: -g -gdwarf-4 -O3 -fno-omit-frame-pointer -Werror -pedantic -Wno-unused-parameter -Wno-unused-but-set-varia
%MSG
%MSG-d CodeEditor:  Early 11-Oct-2018 14:44:22 CDT pre-events
otsdaq/otsdaq-core/CodeEditor/CodeEditor.cc [520]	--    C       FLAGS: -g -gdwarf-4 -O3 -fno-omit-frame-pointer -Werror -pedantic -Wno-unused-parameter -Wno-unused-but-set-variable -Wno-maybe-uninitialized -Wno-ignored-qualifiers -Wno-unused-variable -Wall -Werror=return-type -Wextra -Wno-long-long -Win
%MSG
%MSG-d CodeEditor:  Early 11-Oct-2018 14:44:22 CDT pre-events
otsdaq/otsdaq-core/CodeEditor/CodeEditor.cc [520]	--    C       FLAGS: -g -gdwarf-4 -O3 -fno-omit-frame-pointer -Werror -pedantic -Wno-unused-parameter -Wno-unused-but-set-variable -Wno-maybe-uninitialized -Wno-ignored-qualifiers -Wno-unused-variable -Wall -Werror=return-type -Wextra -Wno-long-long -Winit-self -Wno-unused-local-typedefs
%MSG
%MSG-d CodeEditor:  Early 11-Oct-2018 14:44:23 CDT pre-events
otsdaq/otsdaq-core/CodeEditor/CodeEditor.cc [520]	-- Boost version: 1.66.0
%MSG
%MSG-d CodeEditor:  Early 11-Oct-2018 14:44:23 CDT pre-events
otsdaq/otsdaq-core/CodeEditor/CodeEditor.cc [520]	-- Found the following Boost libraries:
%MSG
%MSG-d CodeEditor:  Early 11-Oct-2018 14:44:23 CDT pre-events
otsdaq/otsdaq-core/CodeEditor/CodeEditor.cc [520]	--   chrono
%MSG
%MSG-d CodeEditor:  Early 11-Oct-2018 14:44:23 CDT pre-events
otsdaq/otsdaq-core/CodeEditor/CodeEditor.cc [520]	--   date_time
%MSG
%MSG-d CodeEditor:  Early 11-Oct-2018 14:44:23 CDT pre-events
otsdaq/otsdaq-core/CodeEditor/CodeEditor.cc [520]	--   filesystem
%MSG
%MSG-d CodeEditor:  Early 11-Oct-2018 14:44:23 CDT pre-events
otsdaq/otsdaq-core/CodeEditor/CodeEditor.cc [520]	--   graph
%MSG
%MSG-d CodeEditor:  Early 11-Oct-2018 14:44:23 CDT pre-events
otsdaq/otsdaq-core/CodeEditor/CodeEditor.cc [520]	--   iostreams
%MSG
%MSG-d CodeEditor:  Early 11-Oct-2018 14:44:23 CDT pre-events
otsdaq/otsdaq-core/CodeEditor/CodeEditor.cc [520]	--   locale
%MSG
%MSG-d CodeEditor:  Early 11-Oct-2018 14:44:23 CDT pre-events
otsdaq/otsdaq-core/CodeEditor/CodeEditor.cc [520]	--   prg_exec_monitor
%MSG
%MSG-d CodeEditor:  Early 11-Oct-2018 14:44:23 CDT pre-events
otsdaq/otsdaq-core/CodeEditor/CodeEditor.cc [520]	--   program_options
%MSG
%MSG-d CodeEditor:  Early 11-Oct-2018 14:44:23 CDT pre-events
otsdaq/otsdaq-core/CodeEditor/CodeEditor.cc [520]	--   random
%MSG
%MSG-d CodeEditor:  Early 11-Oct-2018 14:44:23 CDT pre-events
otsdaq/otsdaq-core/CodeEditor/CodeEditor.cc [520]	--   regex
%MSG
%MSG-d CodeEditor:  Early 11-Oct-2018 14:44:23 CDT pre-events
otsdaq/otsdaq-core/CodeEditor/CodeEditor.cc [520]	--   serialization
%MSG
%MSG-d CodeEditor:  Early 11-Oct-2018 14:44:23 CDT pre-events
otsdaq/otsdaq-core/CodeEditor/CodeEditor.cc [520]	--   signals
%MSG
%MSG-d CodeEditor:  Early 11-Oct-2018 14:44:23 CDT pre-events
otsdaq/otsdaq-core/CodeEditor/CodeEditor.cc [520]	--   system
%MSG
%MSG-d CodeEditor:  Early 11-Oct-2018 14:44:23 CDT pre-events
otsdaq/otsdaq-core/CodeEditor/CodeEditor.cc [520]	--   thread
%MSG
%MSG-d CodeEditor:  Early 11-Oct-2018 14:44:23 CDT pre-events
otsdaq/otsdaq-core/CodeEditor/CodeEditor.cc [520]	--   timer
%MSG
%MSG-d CodeEditor:  Early 11-Oct-2018 14:44:23 CDT pre-events
otsdaq/otsdaq-core/CodeEditor/CodeEditor.cc [520]	--   unit_test_framework
%MSG
%MSG-d CodeEditor:  Early 11-Oct-2018 14:44:23 CDT pre-events
otsdaq/otsdaq-core/CodeEditor/CodeEditor.cc [520]	--   wave
%MSG
%MSG-d CodeEditor:  Early 11-Oct-2018 14:44:23 CDT pre-events
otsdaq/otsdaq-core/CodeEditor/CodeEditor.cc [520]	--   wserialization
%MSG
%MSG-d CodeEditor:  Early 11-Oct-2018 14:44:23 CDT pre-events
otsdaq/otsdaq-core/CodeEditor/CodeEditor.cc [520]	--   atomic
%MSG
%MSG-d CodeEditor:  Early 11-Oct-2018 14:44:49 CDT pre-events
otsdaq/otsdaq-core/CodeEditor/CodeEditor.cc [520]	-- Found LATEX: /usr/bin/latex   
%MSG
%MSG-d CodeEditor:  Early 11-Oct-2018 14:44:49 CDT pre-events
otsdaq/otsdaq-core/CodeEditor/CodeEditor.cc [520]	-- Found LATEX: /usr/bin/latex  found components:  PDFLATEX PS2PDF MAKEINDEX 
%MSG
%MSG-d CodeEditor:  Early 11-Oct-2018 14:44:49 CDT pre-events
otsdaq/otsdaq-core/CodeEditor/CodeEditor.cc [520]	-- Found epstopdf
%MSG
%MSG-d CodeEditor:  Early 11-Oct-2018 14:44:50 CDT pre-events
otsdaq/otsdaq-core/CodeEditor/CodeEditor.cc [520]	-- CPACK_PACKAGE_VERSION is 2.01.01
%MSG
%MSG-d CodeEditor:  Early 11-Oct-2018 14:44:50 CDT pre-events
otsdaq/otsdaq-core/CodeEditor/CodeEditor.cc [520]	-- CPACK_PACKAGE_NAME and CPACK_SYSTEM_NAME are otsdaq_demo slf7-x86_64-e15-s64-prof
%MSG
%MSG-d CodeEditor:  Early 11-Oct-2018 14:44:50 CDT pre-events
otsdaq/otsdaq-core/CodeEditor/CodeEditor.cc [520]	-- CMAKE_MODULE_PATH is /cvmfs/fermilab.opensciencegrid.org/products/artdaq/art/v2_10_02/Modules;/cvmfs/fermilab.opensciencegri
%MSG
%MSG-d CodeEditor:  Early 11-Oct-2018 14:44:50 CDT pre-events
otsdaq/otsdaq-core/CodeEditor/CodeEditor.cc [520]	-- CMAKE_MODULE_PATH is /cvmfs/fermilab.opensciencegrid.org/products/artdaq/art/v2_10_02/Modules;/cvmfs/fermilab.opensciencegrid.org/products/artdaq/cetbuildtools/v7_02_01/Modules;/home/mu2edaq/sync_demo/ots/products/xdaq/v14_4_0b/Modules;/cvmfs/fermilab
%MSG
%MSG-d CodeEditor:  Early 11-Oct-2018 14:44:50 CDT pre-events
otsdaq/otsdaq-core/CodeEditor/CodeEditor.cc [520]	-- CMAKE_MODULE_PATH is /cvmfs/fermilab.opensciencegrid.org/products/artdaq/art/v2_10_02/Modules;/cvmfs/fermilab.opensciencegrid.org/products/artdaq/cetbuildtools/v7_02_01/Modules;/home/mu2edaq/sync_demo/ots/products/xdaq/v14_4_0b/Modules;/cvmfs/fermilab.opensciencegrid.org/products/artdaq/artdaq_utilities/v1_04_08/Modules
%MSG
%MSG-d CodeEditor:  Early 11-Oct-2018 14:44:50 CDT pre-events
otsdaq/otsdaq-core/CodeEditor/CodeEditor.cc [520]	-- cetbuildtools_BINDIR = /cvmfs/fermilab.opensciencegrid.org/products/artdaq/cetbuildtools/v7_02_01/bin
%MSG
%MSG-d CodeEditor:  Early 11-Oct-2018 14:44:50 CDT pre-events
otsdaq/otsdaq-core/CodeEditor/CodeEditor.cc [520]	-- full qual e15:s64:prof reduced to e15:s64
%MSG
%MSG-d CodeEditor:  Early 11-Oct-2018 14:44:50 CDT pre-events
otsdaq/otsdaq-core/CodeEditor/CodeEditor.cc [520]	-- Product is otsdaq_components v2_02_00 e15:s64:prof
%MSG
%MSG-d CodeEditor:  Early 11-Oct-2018 14:44:50 CDT pre-events
otsdaq/otsdaq-core/CodeEditor/CodeEditor.cc [520]	-- Module path is /cvmfs/fermilab.opensciencegrid.org/products/artdaq/art/v2_10_02/Modules;/cvmfs/fermilab.opensciencegrid.org/
%MSG
%MSG-d CodeEditor:  Early 11-Oct-2018 14:44:50 CDT pre-events
otsdaq/otsdaq-core/CodeEditor/CodeEditor.cc [520]	-- Module path is /cvmfs/fermilab.opensciencegrid.org/products/artdaq/art/v2_10_02/Modules;/cvmfs/fermilab.opensciencegrid.org/products/artdaq/cetbuildtools/v7_02_01/Modules;/home/mu2edaq/sync_demo/ots/products/xdaq/v14_4_0b/Modules;/cvmfs/fermilab.opens
%MSG
%MSG-d CodeEditor:  Early 11-Oct-2018 14:44:50 CDT pre-events
otsdaq/otsdaq-core/CodeEditor/CodeEditor.cc [520]	-- Module path is /cvmfs/fermilab.opensciencegrid.org/products/artdaq/art/v2_10_02/Modules;/cvmfs/fermilab.opensciencegrid.org/products/artdaq/cetbuildtools/v7_02_01/Modules;/home/mu2edaq/sync_demo/ots/products/xdaq/v14_4_0b/Modules;/cvmfs/fermilab.opensciencegrid.org/products/artdaq/artdaq_utilities/v1_04_08/Modules
%MSG
%MSG-d CodeEditor:  Early 11-Oct-2018 14:44:50 CDT pre-events
otsdaq/otsdaq-core/CodeEditor/CodeEditor.cc [520]	-- set_install_root: PACKAGE_TOP_DIRECTORY is /home/mu2edaq/sync_demo/ots/srcs/otsdaq_components
%MSG
%MSG-d CodeEditor:  Early 11-Oct-2018 14:44:50 CDT pre-events
otsdaq/otsdaq-core/CodeEditor/CodeEditor.cc [520]	-- cet dot version: 2.02.00
%MSG
%MSG-d CodeEditor:  Early 11-Oct-2018 14:44:50 CDT pre-events
otsdaq/otsdaq-core/CodeEditor/CodeEditor.cc [520]	-- CET_REPORT: /cvmfs/fermilab.opensciencegrid.org/products/artdaq/cetbuildtools/v7_02_01/bin/cet_report
%MSG
%MSG-d CodeEditor:  Early 11-Oct-2018 14:44:51 CDT pre-events
otsdaq/otsdaq-core/CodeEditor/CodeEditor.cc [520]	-- Building for Linux slf7 x86_64
%MSG
%MSG-d CodeEditor:  Early 11-Oct-2018 14:44:51 CDT pre-events
otsdaq/otsdaq-core/CodeEditor/CodeEditor.cc [520]	-- Selected diagnostics option VIGILANT
%MSG
%MSG-d CodeEditor:  Early 11-Oct-2018 14:44:51 CDT pre-events
otsdaq/otsdaq-core/CodeEditor/CodeEditor.cc [520]	--    DEFINE (-D): NDEBUG
%MSG
%MSG-d CodeEditor:  Early 11-Oct-2018 14:44:51 CDT pre-events
otsdaq/otsdaq-core/CodeEditor/CodeEditor.cc [520]	-- compiler flags for directory  and below
%MSG
%MSG-d CodeEditor:  Early 11-Oct-2018 14:44:51 CDT pre-events
otsdaq/otsdaq-core/CodeEditor/CodeEditor.cc [520]	--    C++     FLAGS: -g -gdwarf-4 -O3 -fno-omit-frame-pointer -std=c++98 -Werror -pedantic -Wno-unused-parameter -Wno-unused-bu
%MSG
%MSG-d CodeEditor:  Early 11-Oct-2018 14:44:51 CDT pre-events
otsdaq/otsdaq-core/CodeEditor/CodeEditor.cc [520]	--    C++     FLAGS: -g -gdwarf-4 -O3 -fno-omit-frame-pointer -std=c++98 -Werror -pedantic -Wno-unused-parameter -Wno-unused-but-set-variable -Wno-maybe-uninitialized -Wno-ignored-qualifiers -Wno-unused-variable -std=c++14 -Wall -Werror=return-type -Wext
%MSG
%MSG-d CodeEditor:  Early 11-Oct-2018 14:44:51 CDT pre-events
otsdaq/otsdaq-core/CodeEditor/CodeEditor.cc [520]	--    C++     FLAGS: -g -gdwarf-4 -O3 -fno-omit-frame-pointer -std=c++98 -Werror -pedantic -Wno-unused-parameter -Wno-unused-but-set-variable -Wno-maybe-uninitialized -Wno-ignored-qualifiers -Wno-unused-variable -std=c++14 -Wall -Werror=return-type -Wextra -Wno-long-long -Winit-self -Wno-unused-local-typedefs -Woverloaded-virtual -Wnon-virtual-dtor -Wdelete-non-virtual-dtor
%MSG
%MSG-d CodeEditor:  Early 11-Oct-2018 14:44:51 CDT pre-events
otsdaq/otsdaq-core/CodeEditor/CodeEditor.cc [520]	--    C       FLAGS: -g -gdwarf-4 -O3 -fno-omit-frame-pointer -Werror -pedantic -Wno-unused-parameter -Wno-unused-but-set-varia
%MSG
%MSG-d CodeEditor:  Early 11-Oct-2018 14:44:51 CDT pre-events
otsdaq/otsdaq-core/CodeEditor/CodeEditor.cc [520]	--    C       FLAGS: -g -gdwarf-4 -O3 -fno-omit-frame-pointer -Werror -pedantic -Wno-unused-parameter -Wno-unused-but-set-variable -Wno-maybe-uninitialized -Wno-ignored-qualifiers -Wno-unused-variable -Wall -Werror=return-type -Wextra -Wno-long-long -Win
%MSG
%MSG-d CodeEditor:  Early 11-Oct-2018 14:44:51 CDT pre-events
otsdaq/otsdaq-core/CodeEditor/CodeEditor.cc [520]	--    C       FLAGS: -g -gdwarf-4 -O3 -fno-omit-frame-pointer -Werror -pedantic -Wno-unused-parameter -Wno-unused-but-set-variable -Wno-maybe-uninitialized -Wno-ignored-qualifiers -Wno-unused-variable -Wall -Werror=return-type -Wextra -Wno-long-long -Winit-self -Wno-unused-local-typedefs
%MSG
%MSG-d CodeEditor:  Early 11-Oct-2018 14:44:51 CDT pre-events
otsdaq/otsdaq-core/CodeEditor/CodeEditor.cc [520]	-- Boost version: 1.66.0
%MSG
%MSG-d CodeEditor:  Early 11-Oct-2018 14:44:51 CDT pre-events
otsdaq/otsdaq-core/CodeEditor/CodeEditor.cc [520]	-- Found the following Boost libraries:
%MSG
%MSG-d CodeEditor:  Early 11-Oct-2018 14:44:51 CDT pre-events
otsdaq/otsdaq-core/CodeEditor/CodeEditor.cc [520]	--   chrono
%MSG
%MSG-d CodeEditor:  Early 11-Oct-2018 14:44:51 CDT pre-events
otsdaq/otsdaq-core/CodeEditor/CodeEditor.cc [520]	--   date_time
%MSG
%MSG-d CodeEditor:  Early 11-Oct-2018 14:44:51 CDT pre-events
otsdaq/otsdaq-core/CodeEditor/CodeEditor.cc [520]	--   filesystem
%MSG
%MSG-d CodeEditor:  Early 11-Oct-2018 14:44:51 CDT pre-events
otsdaq/otsdaq-core/CodeEditor/CodeEditor.cc [520]	--   graph
%MSG
%MSG-d CodeEditor:  Early 11-Oct-2018 14:44:51 CDT pre-events
otsdaq/otsdaq-core/CodeEditor/CodeEditor.cc [520]	--   iostreams
%MSG
%MSG-d CodeEditor:  Early 11-Oct-2018 14:44:51 CDT pre-events
otsdaq/otsdaq-core/CodeEditor/CodeEditor.cc [520]	--   locale
%MSG
%MSG-d CodeEditor:  Early 11-Oct-2018 14:44:51 CDT pre-events
otsdaq/otsdaq-core/CodeEditor/CodeEditor.cc [520]	--   prg_exec_monitor
%MSG
%MSG-d CodeEditor:  Early 11-Oct-2018 14:44:51 CDT pre-events
otsdaq/otsdaq-core/CodeEditor/CodeEditor.cc [520]	--   program_options
%MSG
%MSG-d CodeEditor:  Early 11-Oct-2018 14:44:51 CDT pre-events
otsdaq/otsdaq-core/CodeEditor/CodeEditor.cc [520]	--   random
%MSG
%MSG-d CodeEditor:  Early 11-Oct-2018 14:44:51 CDT pre-events
otsdaq/otsdaq-core/CodeEditor/CodeEditor.cc [520]	--   regex
%MSG
%MSG-d CodeEditor:  Early 11-Oct-2018 14:44:51 CDT pre-events
otsdaq/otsdaq-core/CodeEditor/CodeEditor.cc [520]	--   serialization
%MSG
%MSG-d CodeEditor:  Early 11-Oct-2018 14:44:51 CDT pre-events
otsdaq/otsdaq-core/CodeEditor/CodeEditor.cc [520]	--   signals
%MSG
%MSG-d CodeEditor:  Early 11-Oct-2018 14:44:51 CDT pre-events
otsdaq/otsdaq-core/CodeEditor/CodeEditor.cc [520]	--   system
%MSG
%MSG-d CodeEditor:  Early 11-Oct-2018 14:44:51 CDT pre-events
otsdaq/otsdaq-core/CodeEditor/CodeEditor.cc [520]	--   thread
%MSG
%MSG-d CodeEditor:  Early 11-Oct-2018 14:44:51 CDT pre-events
otsdaq/otsdaq-core/CodeEditor/CodeEditor.cc [520]	--   timer
%MSG
%MSG-d CodeEditor:  Early 11-Oct-2018 14:44:51 CDT pre-events
otsdaq/otsdaq-core/CodeEditor/CodeEditor.cc [520]	--   unit_test_framework
%MSG
%MSG-d CodeEditor:  Early 11-Oct-2018 14:44:51 CDT pre-events
otsdaq/otsdaq-core/CodeEditor/CodeEditor.cc [520]	--   wave
%MSG
%MSG-d CodeEditor:  Early 11-Oct-2018 14:44:51 CDT pre-events
otsdaq/otsdaq-core/CodeEditor/CodeEditor.cc [520]	--   wserialization
%MSG
%MSG-d CodeEditor:  Early 11-Oct-2018 14:44:51 CDT pre-events
otsdaq/otsdaq-core/CodeEditor/CodeEditor.cc [520]	--   atomic
%MSG
%MSG-d CodeEditor:  Early 11-Oct-2018 14:45:13 CDT pre-events
otsdaq/otsdaq-core/CodeEditor/CodeEditor.cc [520]	-- Found LATEX: /usr/bin/latex   
%MSG
%MSG-d CodeEditor:  Early 11-Oct-2018 14:45:13 CDT pre-events
otsdaq/otsdaq-core/CodeEditor/CodeEditor.cc [520]	-- Found LATEX: /usr/bin/latex  found components:  PDFLATEX PS2PDF MAKEINDEX 
%MSG
%MSG-d CodeEditor:  Early 11-Oct-2018 14:45:13 CDT pre-events
otsdaq/otsdaq-core/CodeEditor/CodeEditor.cc [520]	-- Found epstopdf
%MSG
%MSG-d CodeEditor:  Early 11-Oct-2018 14:45:14 CDT pre-events
otsdaq/otsdaq-core/CodeEditor/CodeEditor.cc [520]	-- CPACK_PACKAGE_VERSION is 2.02.00
%MSG
%MSG-d CodeEditor:  Early 11-Oct-2018 14:45:14 CDT pre-events
otsdaq/otsdaq-core/CodeEditor/CodeEditor.cc [520]	-- CPACK_PACKAGE_NAME and CPACK_SYSTEM_NAME are otsdaq_demo slf7-x86_64-e15-s64-prof
%MSG
%MSG-d CodeEditor:  Early 11-Oct-2018 14:45:14 CDT pre-events
otsdaq/otsdaq-core/CodeEditor/CodeEditor.cc [520]	-- CMAKE_MODULE_PATH is /cvmfs/fermilab.opensciencegrid.org/products/artdaq/art/v2_10_02/Modules;/cvmfs/fermilab.opensciencegri
%MSG
%MSG-d CodeEditor:  Early 11-Oct-2018 14:45:14 CDT pre-events
otsdaq/otsdaq-core/CodeEditor/CodeEditor.cc [520]	-- CMAKE_MODULE_PATH is /cvmfs/fermilab.opensciencegrid.org/products/artdaq/art/v2_10_02/Modules;/cvmfs/fermilab.opensciencegrid.org/products/artdaq/cetbuildtools/v7_02_01/Modules;/home/mu2edaq/sync_demo/ots/products/xdaq/v14_4_0b/Modules;/cvmfs/fermilab
%MSG
%MSG-d CodeEditor:  Early 11-Oct-2018 14:45:14 CDT pre-events
otsdaq/otsdaq-core/CodeEditor/CodeEditor.cc [520]	-- CMAKE_MODULE_PATH is /cvmfs/fermilab.opensciencegrid.org/products/artdaq/art/v2_10_02/Modules;/cvmfs/fermilab.opensciencegrid.org/products/artdaq/cetbuildtools/v7_02_01/Modules;/home/mu2edaq/sync_demo/ots/products/xdaq/v14_4_0b/Modules;/cvmfs/fermilab.opensciencegrid.org/products/artdaq/artdaq_utilities/v1_04_08/Modules
%MSG
%MSG-d CodeEditor:  Early 11-Oct-2018 14:45:14 CDT pre-events
otsdaq/otsdaq-core/CodeEditor/CodeEditor.cc [520]	-- cetbuildtools_BINDIR = /cvmfs/fermilab.opensciencegrid.org/products/artdaq/cetbuildtools/v7_02_01/bin
%MSG
%MSG-d CodeEditor:  Early 11-Oct-2018 14:45:14 CDT pre-events
otsdaq/otsdaq-core/CodeEditor/CodeEditor.cc [520]	-- full qual e15:s64:prof reduced to e15:s64
%MSG
%MSG-d CodeEditor:  Early 11-Oct-2018 14:45:14 CDT pre-events
otsdaq/otsdaq-core/CodeEditor/CodeEditor.cc [520]	-- Product is otsdaq v2_02_00 e15:s64:prof
%MSG
%MSG-d CodeEditor:  Early 11-Oct-2018 14:45:14 CDT pre-events
otsdaq/otsdaq-core/CodeEditor/CodeEditor.cc [520]	-- Module path is /cvmfs/fermilab.opensciencegrid.org/products/artdaq/art/v2_10_02/Modules;/cvmfs/fermilab.opensciencegrid.org/
%MSG
%MSG-d CodeEditor:  Early 11-Oct-2018 14:45:14 CDT pre-events
otsdaq/otsdaq-core/CodeEditor/CodeEditor.cc [520]	-- Module path is /cvmfs/fermilab.opensciencegrid.org/products/artdaq/art/v2_10_02/Modules;/cvmfs/fermilab.opensciencegrid.org/products/artdaq/cetbuildtools/v7_02_01/Modules;/home/mu2edaq/sync_demo/ots/products/xdaq/v14_4_0b/Modules;/cvmfs/fermilab.opens
%MSG
%MSG-d CodeEditor:  Early 11-Oct-2018 14:45:14 CDT pre-events
otsdaq/otsdaq-core/CodeEditor/CodeEditor.cc [520]	-- Module path is /cvmfs/fermilab.opensciencegrid.org/products/artdaq/art/v2_10_02/Modules;/cvmfs/fermilab.opensciencegrid.org/products/artdaq/cetbuildtools/v7_02_01/Modules;/home/mu2edaq/sync_demo/ots/products/xdaq/v14_4_0b/Modules;/cvmfs/fermilab.opensciencegrid.org/products/artdaq/artdaq_utilities/v1_04_08/Modules
%MSG
%MSG-d CodeEditor:  Early 11-Oct-2018 14:45:14 CDT pre-events
otsdaq/otsdaq-core/CodeEditor/CodeEditor.cc [520]	-- set_install_root: PACKAGE_TOP_DIRECTORY is /home/mu2edaq/sync_demo/ots/srcs/otsdaq
%MSG
%MSG-d CodeEditor:  Early 11-Oct-2018 14:45:14 CDT pre-events
otsdaq/otsdaq-core/CodeEditor/CodeEditor.cc [520]	-- cet dot version: 2.02.00
%MSG
%MSG-d CodeEditor:  Early 11-Oct-2018 14:45:14 CDT pre-events
otsdaq/otsdaq-core/CodeEditor/CodeEditor.cc [520]	-- CET_REPORT: /cvmfs/fermilab.opensciencegrid.org/products/artdaq/cetbuildtools/v7_02_01/bin/cet_report
%MSG
%MSG-d CodeEditor:  Early 11-Oct-2018 14:45:14 CDT pre-events
otsdaq/otsdaq-core/CodeEditor/CodeEditor.cc [520]	-- Building for Linux slf7 x86_64
%MSG
%MSG-d CodeEditor:  Early 11-Oct-2018 14:45:14 CDT pre-events
otsdaq/otsdaq-core/CodeEditor/CodeEditor.cc [520]	-- Selected diagnostics option VIGILANT
%MSG
%MSG-d CodeEditor:  Early 11-Oct-2018 14:45:14 CDT pre-events
otsdaq/otsdaq-core/CodeEditor/CodeEditor.cc [520]	--    DEFINE (-D): NDEBUG
%MSG
%MSG-d CodeEditor:  Early 11-Oct-2018 14:45:14 CDT pre-events
otsdaq/otsdaq-core/CodeEditor/CodeEditor.cc [520]	-- compiler flags for directory  and below
%MSG
%MSG-d CodeEditor:  Early 11-Oct-2018 14:45:14 CDT pre-events
otsdaq/otsdaq-core/CodeEditor/CodeEditor.cc [520]	--    C++     FLAGS: -g -gdwarf-4 -O3 -fno-omit-frame-pointer -std=c++98 -Werror -pedantic -Wno-unused-parameter -Wno-unused-bu
%MSG
%MSG-d CodeEditor:  Early 11-Oct-2018 14:45:14 CDT pre-events
otsdaq/otsdaq-core/CodeEditor/CodeEditor.cc [520]	--    C++     FLAGS: -g -gdwarf-4 -O3 -fno-omit-frame-pointer -std=c++98 -Werror -pedantic -Wno-unused-parameter -Wno-unused-but-set-variable -Wno-maybe-uninitialized -Wno-ignored-qualifiers -Wno-unused-variable -std=c++14 -Wall -Werror=return-type -Wext
%MSG
%MSG-d CodeEditor:  Early 11-Oct-2018 14:45:14 CDT pre-events
otsdaq/otsdaq-core/CodeEditor/CodeEditor.cc [520]	--    C++     FLAGS: -g -gdwarf-4 -O3 -fno-omit-frame-pointer -std=c++98 -Werror -pedantic -Wno-unused-parameter -Wno-unused-but-set-variable -Wno-maybe-uninitialized -Wno-ignored-qualifiers -Wno-unused-variable -std=c++14 -Wall -Werror=return-type -Wextra -Wno-long-long -Winit-self -Wno-unused-local-typedefs -Woverloaded-virtual -Wnon-virtual-dtor -Wdelete-non-virtual-dtor
%MSG
%MSG-d CodeEditor:  Early 11-Oct-2018 14:45:14 CDT pre-events
otsdaq/otsdaq-core/CodeEditor/CodeEditor.cc [520]	--    C       FLAGS: -g -gdwarf-4 -O3 -fno-omit-frame-pointer -Werror -pedantic -Wno-unused-parameter -Wno-unused-but-set-varia
%MSG
%MSG-d CodeEditor:  Early 11-Oct-2018 14:45:14 CDT pre-events
otsdaq/otsdaq-core/CodeEditor/CodeEditor.cc [520]	--    C       FLAGS: -g -gdwarf-4 -O3 -fno-omit-frame-pointer -Werror -pedantic -Wno-unused-parameter -Wno-unused-but-set-variable -Wno-maybe-uninitialized -Wno-ignored-qualifiers -Wno-unused-variable -Wall -Werror=return-type -Wextra -Wno-long-long -Win
%MSG
%MSG-d CodeEditor:  Early 11-Oct-2018 14:45:14 CDT pre-events
otsdaq/otsdaq-core/CodeEditor/CodeEditor.cc [520]	--    C       FLAGS: -g -gdwarf-4 -O3 -fno-omit-frame-pointer -Werror -pedantic -Wno-unused-parameter -Wno-unused-but-set-variable -Wno-maybe-uninitialized -Wno-ignored-qualifiers -Wno-unused-variable -Wall -Werror=return-type -Wextra -Wno-long-long -Winit-self -Wno-unused-local-typedefs
%MSG
%MSG-d CodeEditor:  Early 11-Oct-2018 14:45:15 CDT pre-events
otsdaq/otsdaq-core/CodeEditor/CodeEditor.cc [520]	-- Boost version: 1.66.0
%MSG
%MSG-d CodeEditor:  Early 11-Oct-2018 14:45:15 CDT pre-events
otsdaq/otsdaq-core/CodeEditor/CodeEditor.cc [520]	-- Found the following Boost libraries:
%MSG
%MSG-d CodeEditor:  Early 11-Oct-2018 14:45:15 CDT pre-events
otsdaq/otsdaq-core/CodeEditor/CodeEditor.cc [520]	--   chrono
%MSG
%MSG-d CodeEditor:  Early 11-Oct-2018 14:45:15 CDT pre-events
otsdaq/otsdaq-core/CodeEditor/CodeEditor.cc [520]	--   date_time
%MSG
%MSG-d CodeEditor:  Early 11-Oct-2018 14:45:15 CDT pre-events
otsdaq/otsdaq-core/CodeEditor/CodeEditor.cc [520]	--   filesystem
%MSG
%MSG-d CodeEditor:  Early 11-Oct-2018 14:45:15 CDT pre-events
otsdaq/otsdaq-core/CodeEditor/CodeEditor.cc [520]	--   graph
%MSG
%MSG-d CodeEditor:  Early 11-Oct-2018 14:45:15 CDT pre-events
otsdaq/otsdaq-core/CodeEditor/CodeEditor.cc [520]	--   iostreams
%MSG
%MSG-d CodeEditor:  Early 11-Oct-2018 14:45:15 CDT pre-events
otsdaq/otsdaq-core/CodeEditor/CodeEditor.cc [520]	--   locale
%MSG
%MSG-d CodeEditor:  Early 11-Oct-2018 14:45:15 CDT pre-events
otsdaq/otsdaq-core/CodeEditor/CodeEditor.cc [520]	--   prg_exec_monitor
%MSG
%MSG-d CodeEditor:  Early 11-Oct-2018 14:45:15 CDT pre-events
otsdaq/otsdaq-core/CodeEditor/CodeEditor.cc [520]	--   program_options
%MSG
%MSG-d CodeEditor:  Early 11-Oct-2018 14:45:15 CDT pre-events
otsdaq/otsdaq-core/CodeEditor/CodeEditor.cc [520]	--   random
%MSG
%MSG-d CodeEditor:  Early 11-Oct-2018 14:45:15 CDT pre-events
otsdaq/otsdaq-core/CodeEditor/CodeEditor.cc [520]	--   regex
%MSG
%MSG-d CodeEditor:  Early 11-Oct-2018 14:45:15 CDT pre-events
otsdaq/otsdaq-core/CodeEditor/CodeEditor.cc [520]	--   serialization
%MSG
%MSG-d CodeEditor:  Early 11-Oct-2018 14:45:15 CDT pre-events
otsdaq/otsdaq-core/CodeEditor/CodeEditor.cc [520]	--   signals
%MSG
%MSG-d CodeEditor:  Early 11-Oct-2018 14:45:15 CDT pre-events
otsdaq/otsdaq-core/CodeEditor/CodeEditor.cc [520]	--   system
%MSG
%MSG-d CodeEditor:  Early 11-Oct-2018 14:45:15 CDT pre-events
otsdaq/otsdaq-core/CodeEditor/CodeEditor.cc [520]	--   thread
%MSG
%MSG-d CodeEditor:  Early 11-Oct-2018 14:45:15 CDT pre-events
otsdaq/otsdaq-core/CodeEditor/CodeEditor.cc [520]	--   timer
%MSG
%MSG-d CodeEditor:  Early 11-Oct-2018 14:45:15 CDT pre-events
otsdaq/otsdaq-core/CodeEditor/CodeEditor.cc [520]	--   unit_test_framework
%MSG
%MSG-d CodeEditor:  Early 11-Oct-2018 14:45:15 CDT pre-events
otsdaq/otsdaq-core/CodeEditor/CodeEditor.cc [520]	--   wave
%MSG
%MSG-d CodeEditor:  Early 11-Oct-2018 14:45:15 CDT pre-events
otsdaq/otsdaq-core/CodeEditor/CodeEditor.cc [520]	--   wserialization
%MSG
%MSG-d CodeEditor:  Early 11-Oct-2018 14:45:15 CDT pre-events
otsdaq/otsdaq-core/CodeEditor/CodeEditor.cc [520]	--   atomic
%MSG
%MSG-d CodeEditor:  Early 11-Oct-2018 14:45:15 CDT pre-events
otsdaq/otsdaq-core/CodeEditor/CodeEditor.cc [520]	-DART_HEX_VERSION=0x21002
%MSG
%MSG-d CodeEditor:  Early 11-Oct-2018 14:45:15 CDT pre-events
otsdaq/otsdaq-core/CodeEditor/CodeEditor.cc [520]	-DMESSAGEFACILITY_HEX_VERSION=0x20106
%MSG
%MSG-d CodeEditor:  Early 11-Oct-2018 14:45:37 CDT pre-events
otsdaq/otsdaq-core/CodeEditor/CodeEditor.cc [520]	-- Found LATEX: /usr/bin/latex   
%MSG
%MSG-d CodeEditor:  Early 11-Oct-2018 14:45:37 CDT pre-events
otsdaq/otsdaq-core/CodeEditor/CodeEditor.cc [520]	-- Found LATEX: /usr/bin/latex  found components:  PDFLATEX PS2PDF MAKEINDEX 
%MSG
%MSG-d CodeEditor:  Early 11-Oct-2018 14:45:37 CDT pre-events
otsdaq/otsdaq-core/CodeEditor/CodeEditor.cc [520]	-- Found epstopdf
%MSG
%MSG-d CodeEditor:  Early 11-Oct-2018 14:45:38 CDT pre-events
otsdaq/otsdaq-core/CodeEditor/CodeEditor.cc [520]	-- CPACK_PACKAGE_VERSION is 2.02.00
%MSG
%MSG-d CodeEditor:  Early 11-Oct-2018 14:45:38 CDT pre-events
otsdaq/otsdaq-core/CodeEditor/CodeEditor.cc [520]	-- CPACK_PACKAGE_NAME and CPACK_SYSTEM_NAME are otsdaq_demo slf7-x86_64-e15-s64-prof
%MSG
%MSG-d CodeEditor:  Early 11-Oct-2018 14:45:38 CDT pre-events
otsdaq/otsdaq-core/CodeEditor/CodeEditor.cc [520]	-- Configuring done
%MSG
%MSG-d CodeEditor:  Early 11-Oct-2018 14:46:20 CDT pre-events
otsdaq/otsdaq-core/CodeEditor/CodeEditor.cc [520]	-- Generating done
%MSG
%MSG-d CodeEditor:  Early 11-Oct-2018 14:46:29 CDT pre-events
otsdaq/otsdaq-core/CodeEditor/CodeEditor.cc [520]	-- Build files have been written to: /home/mu2edaq/sync_demo/ots/build_slf7.x86_64
%MSG
%MSG-d CodeEditor:  Early 11-Oct-2018 14:46:30 CDT pre-events
otsdaq/otsdaq-core/CodeEditor/CodeEditor.cc [520]	
%MSG
%MSG-d CodeEditor:  Early 11-Oct-2018 14:46:30 CDT pre-events
otsdaq/otsdaq-core/CodeEditor/CodeEditor.cc [520]	------------------------------------
%MSG
%MSG-d CodeEditor:  Early 11-Oct-2018 14:46:30 CDT pre-events
otsdaq/otsdaq-core/CodeEditor/CodeEditor.cc [520]	INFO: Stage cmake successful.
%MSG
%MSG-d CodeEditor:  Early 11-Oct-2018 14:46:30 CDT pre-events
otsdaq/otsdaq-core/CodeEditor/CodeEditor.cc [520]	------------------------------------
%MSG
%MSG-d CodeEditor:  Early 11-Oct-2018 14:46:30 CDT pre-events
otsdaq/otsdaq-core/CodeEditor/CodeEditor.cc [520]	
%MSG
%MSG-d CodeEditor:  Early 11-Oct-2018 14:46:30 CDT pre-events
otsdaq/otsdaq-core/CodeEditor/CodeEditor.cc [520]	
%MSG
%MSG-d CodeEditor:  Early 11-Oct-2018 14:46:30 CDT pre-events
otsdaq/otsdaq-core/CodeEditor/CodeEditor.cc [520]	------------------------------------
%MSG
%MSG-d CodeEditor:  Early 11-Oct-2018 14:46:30 CDT pre-events
otsdaq/otsdaq-core/CodeEditor/CodeEditor.cc [520]	INFO: Stage build.
%MSG
%MSG-d CodeEditor:  Early 11-Oct-2018 14:46:30 CDT pre-events
otsdaq/otsdaq-core/CodeEditor/CodeEditor.cc [520]	------------------------------------
%MSG
%MSG-d CodeEditor:  Early 11-Oct-2018 14:46:30 CDT pre-events
otsdaq/otsdaq-core/CodeEditor/CodeEditor.cc [520]	
%MSG
%MSG-d CodeEditor:  Early 11-Oct-2018 14:46:30 CDT pre-events
otsdaq/otsdaq-core/CodeEditor/CodeEditor.cc [520]	[  6%] Built target mf_rcv_n_fwd
%MSG
%MSG-d CodeEditor:  Early 11-Oct-2018 14:46:30 CDT pre-events
otsdaq/otsdaq-core/CodeEditor/CodeEditor.cc [520]	[  7%] Built target ProductsUpdate.py
%MSG
%MSG-d CodeEditor:  Early 11-Oct-2018 14:46:30 CDT pre-events
otsdaq/otsdaq-core/CodeEditor/CodeEditor.cc [520]	[  7%] Built target UpdateOTS.sh
%MSG
%MSG-d CodeEditor:  Early 11-Oct-2018 14:46:30 CDT pre-events
otsdaq/otsdaq-core/CodeEditor/CodeEditor.cc [520]	[  7%] Built target Macros
%MSG
%MSG-d CodeEditor:  Early 11-Oct-2018 14:46:30 CDT pre-events
otsdaq/otsdaq-core/CodeEditor/CodeEditor.cc [520]	[  6%] Built target udp_send_artdaq.py
%MSG
%MSG-d CodeEditor:  Early 11-Oct-2018 14:46:30 CDT pre-events
otsdaq/otsdaq-core/CodeEditor/CodeEditor.cc [520]	[  7%] Built target AddNewInterface.py
%MSG
%MSG-d CodeEditor:  Early 11-Oct-2018 14:46:30 CDT pre-events
otsdaq/otsdaq-core/CodeEditor/CodeEditor.cc [520]	[  9%] Built target ProgressBar
%MSG
%MSG-d CodeEditor:  Early 11-Oct-2018 14:46:30 CDT pre-events
otsdaq/otsdaq-core/CodeEditor/CodeEditor.cc [520]	[  9%] Built target doxygen_main_editor
%MSG
%MSG-d CodeEditor:  Early 11-Oct-2018 14:46:30 CDT pre-events
otsdaq/otsdaq-core/CodeEditor/CodeEditor.cc [520]	[  9%] Built target multi_udp_send_artdaq.py
%MSG
%MSG-d CodeEditor:  Early 11-Oct-2018 14:46:30 CDT pre-events
otsdaq/otsdaq-core/CodeEditor/CodeEditor.cc [520]	[  9%] Built target CgiDataUtilities
%MSG
%MSG-d CodeEditor:  Early 11-Oct-2018 14:46:31 CDT pre-events
otsdaq/otsdaq-core/CodeEditor/CodeEditor.cc [520]	Copying /home/mu2edaq/sync_demo/ots/build_slf7.x86_64/otsdaq_mu2e/doc/man to otsdaq_mu2e/v2_01_01/slf7.x86_64.e15.s64.prof/lib/
%MSG
%MSG-d CodeEditor:  Early 11-Oct-2018 14:46:31 CDT pre-events
otsdaq/otsdaq-core/CodeEditor/CodeEditor.cc [520]	Copying /home/mu2edaq/sync_demo/ots/build_slf7.x86_64/otsdaq_mu2e/doc/man to otsdaq_mu2e/v2_01_01/slf7.x86_64.e15.s64.prof/lib/../share/man
%MSG
%MSG-d CodeEditor:  Early 11-Oct-2018 14:46:31 CDT pre-events
otsdaq/otsdaq-core/CodeEditor/CodeEditor.cc [520]	Copying /home/mu2edaq/sync_demo/ots/build_slf7.x86_64/otsdaq_components/doc/man to otsdaq_components/v2_02_00/slf7.x86_64.e15.s
%MSG
%MSG-d CodeEditor:  Early 11-Oct-2018 14:46:31 CDT pre-events
otsdaq/otsdaq-core/CodeEditor/CodeEditor.cc [520]	Copying /home/mu2edaq/sync_demo/ots/build_slf7.x86_64/otsdaq_components/doc/man to otsdaq_components/v2_02_00/slf7.x86_64.e15.s64.prof/lib/../share/man
%MSG
%MSG-d CodeEditor:  Early 11-Oct-2018 14:46:31 CDT pre-events
otsdaq/otsdaq-core/CodeEditor/CodeEditor.cc [520]	[ 11%] Built target PluginMakers
%MSG
%MSG-d CodeEditor:  Early 11-Oct-2018 14:46:31 CDT pre-events
otsdaq/otsdaq-core/CodeEditor/CodeEditor.cc [520]	[ 11%] Built target SystemMessenger
%MSG
%MSG-d CodeEditor:  Early 11-Oct-2018 14:46:31 CDT pre-events
otsdaq/otsdaq-core/CodeEditor/CodeEditor.cc [520]	[ 16%] Built target ots_udp_hw_emulator
%MSG
%MSG-d CodeEditor:  Early 11-Oct-2018 14:46:31 CDT pre-events
otsdaq/otsdaq-core/CodeEditor/CodeEditor.cc [520]	[ 17%] Built target BitManipulator
%MSG
%MSG-d CodeEditor:  Early 11-Oct-2018 14:46:31 CDT pre-events
otsdaq/otsdaq-core/CodeEditor/CodeEditor.cc [520]	[ 21%] Built target udp_data_emulator
%MSG
%MSG-d CodeEditor:  Early 11-Oct-2018 14:46:31 CDT pre-events
otsdaq/otsdaq-core/CodeEditor/CodeEditor.cc [520]	[ 20%] Built target ots_udp_sw_emulator
%MSG
%MSG-d CodeEditor:  Early 11-Oct-2018 14:46:31 CDT pre-events
otsdaq/otsdaq-core/CodeEditor/CodeEditor.cc [520]	[ 21%] Built target XmlUtilities
%MSG
%MSG-d CodeEditor:  Early 11-Oct-2018 14:46:31 CDT pre-events
otsdaq/otsdaq-core/CodeEditor/CodeEditor.cc [520]	[ 22%] Built target SOAPUtilities
%MSG
%MSG-d CodeEditor:  Early 11-Oct-2018 14:46:31 CDT pre-events
otsdaq/otsdaq-core/CodeEditor/CodeEditor.cc [520]	[ 25%] Built target artdaq-ots_ArtModules_UDPDump_module
%MSG
%MSG-d CodeEditor:  Early 11-Oct-2018 14:46:31 CDT pre-events
otsdaq/otsdaq-core/CodeEditor/CodeEditor.cc [520]	[ 23%] Built target artdaq-ots_Overlays
%MSG
%MSG-d CodeEditor:  Early 11-Oct-2018 14:46:32 CDT pre-events
otsdaq/otsdaq-core/CodeEditor/CodeEditor.cc [520]	[ 26%] Built target generateAggregator.rb
%MSG
%MSG-d CodeEditor:  Early 11-Oct-2018 14:46:32 CDT pre-events
otsdaq/otsdaq-core/CodeEditor/CodeEditor.cc [520]	[ 26%] Built target artdaq-ots_ArtModules_JSONDispatcher_module
%MSG
%MSG-d CodeEditor:  Early 11-Oct-2018 14:46:32 CDT pre-events
otsdaq/otsdaq-core/CodeEditor/CodeEditor.cc [520]	[ 26%] Built target generateEventBuilder.rb
%MSG
%MSG-d CodeEditor:  Early 11-Oct-2018 14:46:32 CDT pre-events
otsdaq/otsdaq-core/CodeEditor/CodeEditor.cc [520]	[ 26%] Built target DataDecoders
%MSG
%MSG-d CodeEditor:  Early 11-Oct-2018 14:46:32 CDT pre-events
otsdaq/otsdaq-core/CodeEditor/CodeEditor.cc [520]	[ 27%] Built target NetworkUtilities
%MSG
%MSG-d CodeEditor:  Early 11-Oct-2018 14:46:32 CDT pre-events
otsdaq/otsdaq-core/CodeEditor/CodeEditor.cc [520]	[ 27%] Built target generateAggregatorMain.rb
%MSG
%MSG-d CodeEditor:  Early 11-Oct-2018 14:46:32 CDT pre-events
otsdaq/otsdaq-core/CodeEditor/CodeEditor.cc [520]	[ 28%] Built target generateJSONDispatcher.rb
%MSG
%MSG-d CodeEditor:  Early 11-Oct-2018 14:46:32 CDT pre-events
otsdaq/otsdaq-core/CodeEditor/CodeEditor.cc [520]	[ 28%] Built target generateBoardReaderMain.rb
%MSG
%MSG-d CodeEditor:  Early 11-Oct-2018 14:46:32 CDT pre-events
otsdaq/otsdaq-core/CodeEditor/CodeEditor.cc [520]	[ 28%] Built target ots_utilities.rb
%MSG
%MSG-d CodeEditor:  Early 11-Oct-2018 14:46:32 CDT pre-events
otsdaq/otsdaq-core/CodeEditor/CodeEditor.cc [520]	[ 28%] Built target StartOTS.sh
%MSG
%MSG-d CodeEditor:  Early 11-Oct-2018 14:46:32 CDT pre-events
otsdaq/otsdaq-core/CodeEditor/CodeEditor.cc [520]	[ 28%] Built target generateEventBuilderMain.rb
%MSG
%MSG-d CodeEditor:  Early 11-Oct-2018 14:46:32 CDT pre-events
otsdaq/otsdaq-core/CodeEditor/CodeEditor.cc [520]	Scanning dependencies of target artdaq-ots_BuildInfo
%MSG
%MSG-d CodeEditor:  Early 11-Oct-2018 14:46:32 CDT pre-events
otsdaq/otsdaq-core/CodeEditor/CodeEditor.cc [520]	Copying /home/mu2edaq/sync_demo/ots/build_slf7.x86_64/otsdaq/doc/man to otsdaq/v2_02_00/slf7.x86_64.e15.s64.prof/lib/../share/m
%MSG
%MSG-d CodeEditor:  Early 11-Oct-2018 14:46:32 CDT pre-events
otsdaq/otsdaq-core/CodeEditor/CodeEditor.cc [520]	Copying /home/mu2edaq/sync_demo/ots/build_slf7.x86_64/otsdaq/doc/man to otsdaq/v2_02_00/slf7.x86_64.e15.s64.prof/lib/../share/man
%MSG
%MSG-d CodeEditor:  Early 11-Oct-2018 14:46:32 CDT pre-events
otsdaq/otsdaq-core/CodeEditor/CodeEditor.cc [520]	[ 31%] Built target generateUDP.rb
%MSG
%MSG-d CodeEditor:  Early 11-Oct-2018 14:46:32 CDT pre-events
otsdaq/otsdaq-core/CodeEditor/CodeEditor.cc [520]	[ 31%] Built target xt_cmd.sh
%MSG
%MSG-d CodeEditor:  Early 11-Oct-2018 14:46:32 CDT pre-events
otsdaq/otsdaq-core/CodeEditor/CodeEditor.cc [520]	[ 31%] Built target setupOtsEnvironment.sh
%MSG
%MSG-d CodeEditor:  Early 11-Oct-2018 14:46:32 CDT pre-events
otsdaq/otsdaq-core/CodeEditor/CodeEditor.cc [520]	[ 31%] Building CXX object otsdaq/artdaq-ots/BuildInfo/CMakeFiles/artdaq-ots_BuildInfo.dir/GetPackageBuildInfo.cc.o
%MSG
%MSG-d CodeEditor:  Early 11-Oct-2018 14:46:32 CDT pre-events
otsdaq/otsdaq-core/CodeEditor/CodeEditor.cc [520]	[ 33%] Built target DetectorHardware
%MSG
%MSG-d CodeEditor:  Early 11-Oct-2018 14:46:32 CDT pre-events
otsdaq/otsdaq-core/CodeEditor/CodeEditor.cc [520]	[ 35%] Built target FiniteStateMachine
%MSG
%MSG-d CodeEditor:  Early 11-Oct-2018 14:46:33 CDT pre-events
otsdaq/otsdaq-core/CodeEditor/CodeEditor.cc [520]	[ 39%] Built target WorkLoopManager
%MSG
%MSG-d CodeEditor:  Early 11-Oct-2018 14:46:33 CDT pre-events
otsdaq/otsdaq-core/CodeEditor/CodeEditor.cc [520]	[ 39%] Built target CodeEditor
%MSG
%MSG-d CodeEditor:  Early 11-Oct-2018 14:46:33 CDT pre-events
otsdaq/otsdaq-core/CodeEditor/CodeEditor.cc [520]	[ 39%] Built target ConfigurationDataFormats
%MSG
%MSG-d CodeEditor:  Early 11-Oct-2018 14:46:33 CDT pre-events
otsdaq/otsdaq-core/CodeEditor/CodeEditor.cc [520]	[ 40%] Built target artdaq-ots_Generators_UDPReceiver_generator
%MSG
%MSG-d CodeEditor:  Early 11-Oct-2018 14:46:33 CDT pre-events
otsdaq/otsdaq-core/CodeEditor/CodeEditor.cc [520]	[ 41%] Built target MonicelliInterface
%MSG
%MSG-d CodeEditor:  Early 11-Oct-2018 14:46:34 CDT pre-events
otsdaq/otsdaq-core/CodeEditor/CodeEditor.cc [520]	[ 41%] Linking CXX shared library ../../lib/libartdaq-ots_BuildInfo.so
%MSG
%MSG-d CodeEditor:  Early 11-Oct-2018 14:46:34 CDT pre-events
otsdaq/otsdaq-core/CodeEditor/CodeEditor.cc [520]	[ 44%] Built target artdaq-ots_BuildInfo
%MSG
%MSG-d CodeEditor:  Early 11-Oct-2018 14:46:34 CDT pre-events
otsdaq/otsdaq-core/CodeEditor/CodeEditor.cc [520]	[ 45%] Built target ConfigurationInterface
%MSG
%MSG-d CodeEditor:  Early 11-Oct-2018 14:46:34 CDT pre-events
otsdaq/otsdaq-core/CodeEditor/CodeEditor.cc [520]	[ 46%] Built target RootUtilities
%MSG
%MSG-d CodeEditor:  Early 11-Oct-2018 14:46:35 CDT pre-events
otsdaq/otsdaq-core/CodeEditor/CodeEditor.cc [520]	[ 52%] Built target otsdaq-core_ConfigurationPluginDataFormats_MessageFacilityConfiguration_configuration
%MSG
%MSG-d CodeEditor:  Early 11-Oct-2018 14:46:35 CDT pre-events
otsdaq/otsdaq-core/CodeEditor/CodeEditor.cc [520]	[ 52%] Built target otsdaq_flatten_system_aliases
%MSG
%MSG-d CodeEditor:  Early 11-Oct-2018 14:46:35 CDT pre-events
otsdaq/otsdaq-core/CodeEditor/CodeEditor.cc [520]	[ 48%] Linking CXX shared library ../../lib/libartdaq-ots_ArtModules_ArtdaqOtsBuildInfo_module.so
%MSG
%MSG-d CodeEditor:  Early 11-Oct-2018 14:46:35 CDT pre-events
otsdaq/otsdaq-core/CodeEditor/CodeEditor.cc [520]	[ 53%] Built target otsdaq-core_ConfigurationPluginDataFormats_XDAQContextConfiguration_configuration
%MSG
%MSG-d CodeEditor:  Early 11-Oct-2018 14:46:35 CDT pre-events
otsdaq/otsdaq-core/CodeEditor/CodeEditor.cc [520]	[ 53%] Built target DetectorConfiguration
%MSG
%MSG-d CodeEditor:  Early 11-Oct-2018 14:46:35 CDT pre-events
otsdaq/otsdaq-core/CodeEditor/CodeEditor.cc [520]	[ 53%] Built target otsdaq-core_ConfigurationPluginDataFormats_FESlowControlsConfiguration_configuration
%MSG
%MSG-d CodeEditor:  Early 11-Oct-2018 14:46:35 CDT pre-events
otsdaq/otsdaq-core/CodeEditor/CodeEditor.cc [520]	[ 53%] Built target otsdaq_import_system_aliases
%MSG
%MSG-d CodeEditor:  Early 11-Oct-2018 14:46:35 CDT pre-events
otsdaq/otsdaq-core/CodeEditor/CodeEditor.cc [520]	[ 55%] Built target DatabaseInterfaceTest_t
%MSG
%MSG-d CodeEditor:  Early 11-Oct-2018 14:46:35 CDT pre-events
otsdaq/otsdaq-core/CodeEditor/CodeEditor.cc [520]	[ 55%] Built target otsdaq-core_ConfigurationPluginDataFormats_IterateConfiguration_configuration
%MSG
%MSG-d CodeEditor:  Early 11-Oct-2018 14:46:35 CDT pre-events
otsdaq/otsdaq-core/CodeEditor/CodeEditor.cc [520]	[ 55%] Built target DatabaseConfiguration_t
%MSG
%MSG-d CodeEditor:  Early 11-Oct-2018 14:46:36 CDT pre-events
otsdaq/otsdaq-core/CodeEditor/CodeEditor.cc [520]	[ 58%] Built target otsdaq-core_ConfigurationPluginDataFormats_ARTDAQAggregatorConfiguration_configuration
%MSG
%MSG-d CodeEditor:  Early 11-Oct-2018 14:46:36 CDT pre-events
otsdaq/otsdaq-core/CodeEditor/CodeEditor.cc [520]	[ 58%] Built target Configurable
%MSG
%MSG-d CodeEditor:  Early 11-Oct-2018 14:46:36 CDT pre-events
otsdaq/otsdaq-core/CodeEditor/CodeEditor.cc [520]	[ 58%] Built target otsdaq-core_ConfigurationPluginDataFormats_ARTDAQBuilderConfiguration_configuration
%MSG
%MSG-d CodeEditor:  Early 11-Oct-2018 14:46:36 CDT pre-events
otsdaq/otsdaq-core/CodeEditor/CodeEditor.cc [520]	[ 58%] Built target otsdaq-core_ConfigurationPluginDataFormats_ARTDAQBoardReaderConfiguration_configuration
%MSG
%MSG-d CodeEditor:  Early 11-Oct-2018 14:46:36 CDT pre-events
otsdaq/otsdaq-core/CodeEditor/CodeEditor.cc [520]	[ 60%] Built target SupervisorInfo
%MSG
%MSG-d CodeEditor:  Early 11-Oct-2018 14:46:36 CDT pre-events
otsdaq/otsdaq-core/CodeEditor/CodeEditor.cc [520]	[ 65%] Built target artdaq-ots_ArtModules_ArtdaqOtsBuildInfo_module
%MSG
%MSG-d CodeEditor:  Early 11-Oct-2018 14:46:36 CDT pre-events
otsdaq/otsdaq-core/CodeEditor/CodeEditor.cc [520]	[ 65%] Built target DAQHardware
%MSG
%MSG-d CodeEditor:  Early 11-Oct-2018 14:46:36 CDT pre-events
otsdaq/otsdaq-core/CodeEditor/CodeEditor.cc [520]	[ 65%] Built target ControlsCore
%MSG
%MSG-d CodeEditor:  Early 11-Oct-2018 14:46:37 CDT pre-events
otsdaq/otsdaq-core/CodeEditor/CodeEditor.cc [520]	[ 66%] Built target WebUsersUtilities
%MSG
%MSG-d CodeEditor:  Early 11-Oct-2018 14:46:37 CDT pre-events
otsdaq/otsdaq-core/CodeEditor/CodeEditor.cc [520]	[ 69%] Built target EventBuilderApp
%MSG
%MSG-d CodeEditor:  Early 11-Oct-2018 14:46:37 CDT pre-events
otsdaq/otsdaq-core/CodeEditor/CodeEditor.cc [520]	[ 70%] Built target DataLoggerApp
%MSG
%MSG-d CodeEditor:  Early 11-Oct-2018 14:46:37 CDT pre-events
otsdaq/otsdaq-core/CodeEditor/CodeEditor.cc [520]	[ 70%] Built target DispatcherApp
%MSG
%MSG-d CodeEditor:  Early 11-Oct-2018 14:46:37 CDT pre-events
otsdaq/otsdaq-core/CodeEditor/CodeEditor.cc [520]	[ 70%] Built target DataManager
%MSG
%MSG-d CodeEditor:  Early 11-Oct-2018 14:46:37 CDT pre-events
otsdaq/otsdaq-core/CodeEditor/CodeEditor.cc [520]	[ 71%] Built target otsdaq-core_ConfigurationPluginDataFormats_DesktopIconConfiguration_configuration
%MSG
%MSG-d CodeEditor:  Early 11-Oct-2018 14:46:38 CDT pre-events
otsdaq/otsdaq-core/CodeEditor/CodeEditor.cc [520]	[ 77%] Built target otsdaq-core_DataProcessorPlugins_RawDataSaverConsumer_processor
%MSG
%MSG-d CodeEditor:  Early 11-Oct-2018 14:46:38 CDT pre-events
otsdaq/otsdaq-core/CodeEditor/CodeEditor.cc [520]	[ 77%] Built target otsdaq-core_DataProcessorPlugins_UDPDataStreamerConsumer_processor
%MSG
%MSG-d CodeEditor:  Early 11-Oct-2018 14:46:38 CDT pre-events
otsdaq/otsdaq-core/CodeEditor/CodeEditor.cc [520]	[ 77%] Built target otsdaq-core_DataProcessorPlugins_OtsDataSaverConsumer_processor
%MSG
%MSG-d CodeEditor:  Early 11-Oct-2018 14:46:38 CDT pre-events
otsdaq/otsdaq-core/CodeEditor/CodeEditor.cc [520]	[ 77%] Built target otsdaq-core_DataProcessorPlugins_UDPDataListenerProducer_processor
%MSG
%MSG-d CodeEditor:  Early 11-Oct-2018 14:46:38 CDT pre-events
otsdaq/otsdaq-core/CodeEditor/CodeEditor.cc [520]	[ 77%] Built target otsdaq-core_DataProcessorPlugins_TCPDataListenerProducer_processor
%MSG
%MSG-d CodeEditor:  Early 11-Oct-2018 14:46:38 CDT pre-events
otsdaq/otsdaq-core/CodeEditor/CodeEditor.cc [520]	[ 78%] Built target otsdaq-core_DataProcessorPlugins_RawDataVisualizerConsumer_processor
%MSG
%MSG-d CodeEditor:  Early 11-Oct-2018 14:46:38 CDT pre-events
otsdaq/otsdaq-core/CodeEditor/CodeEditor.cc [520]	[ 79%] Built target otsdaq-core_DataProcessorPlugins_ARTDAQProducer_processor
%MSG
%MSG-d CodeEditor:  Early 11-Oct-2018 14:46:38 CDT pre-events
otsdaq/otsdaq-core/CodeEditor/CodeEditor.cc [520]	[ 79%] Built target otsdaq-core_DataProcessorPlugins_TCPDataStreamerConsumer_processor
%MSG
%MSG-d CodeEditor:  Early 11-Oct-2018 14:46:38 CDT pre-events
otsdaq/otsdaq-core/CodeEditor/CodeEditor.cc [520]	[ 81%] Built target otsdaq-core_DataProcessorPlugins_ARTDAQConsumer_processor
%MSG
%MSG-d CodeEditor:  Early 11-Oct-2018 14:46:38 CDT pre-events
otsdaq/otsdaq-core/CodeEditor/CodeEditor.cc [520]	[ 81%] Built target FECore
%MSG
%MSG-d CodeEditor:  Early 11-Oct-2018 14:46:38 CDT pre-events
otsdaq/otsdaq-core/CodeEditor/CodeEditor.cc [520]	[ 83%] Built target EventBuilder
%MSG
%MSG-d CodeEditor:  Early 11-Oct-2018 14:46:40 CDT pre-events
otsdaq/otsdaq-core/CodeEditor/CodeEditor.cc [520]	[ 85%] Built target InterfacePluginTestMain
%MSG
%MSG-d CodeEditor:  Early 11-Oct-2018 14:46:40 CDT pre-events
otsdaq/otsdaq-core/CodeEditor/CodeEditor.cc [520]	[ 85%] Built target otsdaq-components_FEInterfaces_FEOtsUDPTemplateInterface_interface
%MSG
%MSG-d CodeEditor:  Early 11-Oct-2018 14:46:40 CDT pre-events
otsdaq/otsdaq-core/CodeEditor/CodeEditor.cc [520]	[ 85%] Built target ARTDAQDataManager
%MSG
%MSG-d CodeEditor:  Early 11-Oct-2018 14:46:40 CDT pre-events
otsdaq/otsdaq-core/CodeEditor/CodeEditor.cc [520]	[ 86%] Built target otsdaq-mu2e_FEInterfaces_DTCFrontEndInterface_interface
%MSG
%MSG-d CodeEditor:  Early 11-Oct-2018 14:46:41 CDT pre-events
otsdaq/otsdaq-core/CodeEditor/CodeEditor.cc [520]	[ 89%] Built target CoreSupervisors
%MSG
%MSG-d CodeEditor:  Early 11-Oct-2018 14:46:41 CDT pre-events
otsdaq/otsdaq-core/CodeEditor/CodeEditor.cc [520]	Scanning dependencies of target otsdaq-mu2e_FEInterfaces_CFOFrontEndInterface_interface
%MSG
%MSG-d CodeEditor:  Early 11-Oct-2018 14:46:41 CDT pre-events
otsdaq/otsdaq-core/CodeEditor/CodeEditor.cc [520]	[ 89%] Building CXX object otsdaq_mu2e/otsdaq-mu2e/FEInterfaces/CMakeFiles/otsdaq-mu2e_FEInterfaces_CFOFrontEndInterface_interf
%MSG
%MSG-d CodeEditor:  Early 11-Oct-2018 14:46:41 CDT pre-events
otsdaq/otsdaq-core/CodeEditor/CodeEditor.cc [520]	[ 89%] Building CXX object otsdaq_mu2e/otsdaq-mu2e/FEInterfaces/CMakeFiles/otsdaq-mu2e_FEInterfaces_CFOFrontEndInterface_interface.dir/CFOFrontEndInterface_interface.cc.o
%MSG
%MSG-d CodeEditor:  Early 11-Oct-2018 14:46:42 CDT pre-events
otsdaq/otsdaq-core/CodeEditor/CodeEditor.cc [520]	[ 96%] Built target MacroMaker
%MSG
%MSG-d CodeEditor:  Early 11-Oct-2018 14:46:42 CDT pre-events
otsdaq/otsdaq-core/CodeEditor/CodeEditor.cc [520]	[ 96%] Built target ConfigurationGUI
%MSG
%MSG-d CodeEditor:  Early 11-Oct-2018 14:46:42 CDT pre-events
otsdaq/otsdaq-core/CodeEditor/CodeEditor.cc [520]	[ 96%] Built target ControlsDashboard
%MSG
%MSG-d CodeEditor:  Early 11-Oct-2018 14:46:42 CDT pre-events
otsdaq/otsdaq-core/CodeEditor/CodeEditor.cc [520]	[ 96%] Built target Logbook
%MSG
%MSG-d CodeEditor:  Early 11-Oct-2018 14:46:42 CDT pre-events
otsdaq/otsdaq-core/CodeEditor/CodeEditor.cc [520]	[ 96%] Built target Chat
%MSG
%MSG-d CodeEditor:  Early 11-Oct-2018 14:46:42 CDT pre-events
otsdaq/otsdaq-core/CodeEditor/CodeEditor.cc [520]	[ 96%] Built target Console
%MSG
%MSG-d CodeEditor:  Early 11-Oct-2018 14:46:42 CDT pre-events
otsdaq/otsdaq-core/CodeEditor/CodeEditor.cc [520]	[ 96%] Built target Visualization
%MSG
%MSG-d CodeEditor:  Early 11-Oct-2018 14:46:42 CDT pre-events
otsdaq/otsdaq-core/CodeEditor/CodeEditor.cc [520]	[ 98%] Built target GatewaySupervisor
%MSG
%MSG-d CodeEditor:  Early 11-Oct-2018 14:46:42 CDT pre-events
otsdaq/otsdaq-core/CodeEditor/CodeEditor.cc [520]	[100%] Built target WizardSupervisor
%MSG
%MSG-d CodeEditor:  Early 11-Oct-2018 14:46:47 CDT pre-events
otsdaq/otsdaq-core/CodeEditor/CodeEditor.cc [520]	[100%] Linking CXX shared library ../../lib/libotsdaq-mu2e_FEInterfaces_CFOFrontEndInterface_interface.so
%MSG
%MSG-d CodeEditor:  Early 11-Oct-2018 14:46:48 CDT pre-events
otsdaq/otsdaq-core/CodeEditor/CodeEditor.cc [520]	[100%] Built target otsdaq-mu2e_FEInterfaces_CFOFrontEndInterface_interface
%MSG
%MSG-d CodeEditor:  Early 11-Oct-2018 14:46:53 CDT pre-events
otsdaq/otsdaq-core/CodeEditor/CodeEditor.cc [520]	[100%] Built target otsdaq_mu2e_doc
%MSG
%MSG-d CodeEditor:  Early 11-Oct-2018 14:46:58 CDT pre-events
otsdaq/otsdaq-core/CodeEditor/CodeEditor.cc [520]	[100%] Built target otsdaq_components_doc
%MSG
%MSG-d CodeEditor:  Early 11-Oct-2018 14:48:35 CDT pre-events
otsdaq/otsdaq-core/CodeEditor/CodeEditor.cc [520]	[100%] Built target otsdaq_doc
%MSG
%MSG-d CodeEditor:  Early 11-Oct-2018 14:48:36 CDT pre-events
otsdaq/otsdaq-core/CodeEditor/CodeEditor.cc [520]	10.93user 8.09system 2:06.31elapsed 15%CPU (0avgtext+0avgdata 397096maxresident)k
%MSG
%MSG-d CodeEditor:  Early 11-Oct-2018 14:48:36 CDT pre-events
otsdaq/otsdaq-core/CodeEditor/CodeEditor.cc [520]	2094280inputs+41696outputs (13860major+763416minor)pagefaults 0swaps
%MSG
%MSG-d CodeEditor:  Early 11-Oct-2018 14:48:36 CDT pre-events
otsdaq/otsdaq-core/CodeEditor/CodeEditor.cc [520]	
%MSG
%MSG-d CodeEditor:  Early 11-Oct-2018 14:48:36 CDT pre-events
otsdaq/otsdaq-core/CodeEditor/CodeEditor.cc [520]	------------------------------------
%MSG
%MSG-d CodeEditor:  Early 11-Oct-2018 14:48:36 CDT pre-events
otsdaq/otsdaq-core/CodeEditor/CodeEditor.cc [520]	INFO: Stage build successful.
%MSG
%MSG-d CodeEditor:  Early 11-Oct-2018 14:48:36 CDT pre-events
otsdaq/otsdaq-core/CodeEditor/CodeEditor.cc [520]	------------------------------------
%MSG
%MSG-d CodeEditor:  Early 11-Oct-2018 14:48:36 CDT pre-events
otsdaq/otsdaq-core/CodeEditor/CodeEditor.cc [520]	
%MSG
%MSG-d CodeEditor:  Early 11-Oct-2018 14:48:36 CDT pre-events
otsdaq/otsdaq-core/CodeEditor/CodeEditor.cc [526]	
%MSG
