%MSG-i configureMessageFacility:  RunControlStateMachine  05-Dec-2018 13:49:58 CST pre-events configureMessageFacility.cc:286
Message Facility Application RunControlStateMachine configured with: debugModules:["*"] destinations:{file:{append:false directory:"/home/mu2edaq/sync_demo/ots/srcs/otsdaq_mu2e/Data/Logs/RunControlStateMachine" pattern:"RunControlStateMachine-%?H%t-%p.log" seperator:"-" threshold:"DEBUG" timestamp_pattern:"%Y%m%d%H%M%S" type:"GenFile"} udp:{host:"192.168.157.6" port:30000 threshold:"DEBUG" type:"UDP"}}
%MSG
%MSG-i _TCPConnect:  RunControlStateMachine 05-Dec-2018 13:49:58 CST pre-events TCPConnect.cc:334
Resolving host 192.168.157.6, on port 30000
%MSG
%MSG-i _TCPConnect:  RunControlStateMachine 05-Dec-2018 13:49:58 CST pre-events TCPConnect.cc:241
Resolving ip mu2edaq06.fnal.gov
%MSG
%MSG-i configureMessageFacility:  CorePropertySupervisorBase  05-Dec-2018 13:49:58 CST pre-events configureMessageFacility.cc:286
Message Facility Application CorePropertySupervisorBase configured with: debugModules:["*"] destinations:{file:{append:false directory:"/home/mu2edaq/sync_demo/ots/srcs/otsdaq_mu2e/Data/Logs/CorePropertySupervisorBase" pattern:"CorePropertySupervisorBase-%?H%t-%p.log" seperator:"-" threshold:"DEBUG" timestamp_pattern:"%Y%m%d%H%M%S" type:"GenFile"} udp:{host:"192.168.157.6" port:30000 threshold:"DEBUG" type:"UDP"}}
%MSG
%MSG-i WebUsers:  CorePropertySupervisorBase-mu2edaq06-0  05-Dec-2018 13:49:59 CST pre-events
otsdaq/otsdaq-core/WebUsersUtilities/WebUsers.cc [2803]	User 'admin' has locked out the system!
%MSG
%MSG-d Iterator:  CorePropertySupervisorBase-mu2edaq06-0  05-Dec-2018 13:49:59 CST pre-events
otsdaq/otsdaq-core/GatewaySupervisor/Iterator.cc [28]	Iterator constructed.
%MSG
%MSG-i configureMessageFacility:  GatewaySupervisor 05-Dec-2018 13:49:59 CST  pre-events configureMessageFacility.cc:286
Message Facility Application GatewaySupervisor configured with: debugModules:["*"] destinations:{file:{append:false directory:"/home/mu2edaq/sync_demo/ots/srcs/otsdaq_mu2e/Data/Logs/GatewaySupervisor" pattern:"GatewaySupervisor-%?H%t-%p.log" seperator:"-" threshold:"DEBUG" timestamp_pattern:"%Y%m%d%H%M%S" type:"GenFile"} udp:{host:"192.168.157.6" port:30000 threshold:"DEBUG" type:"UDP"}}
%MSG
%MSG-i configureMessageFacility:  CorePropertySupervisorBase  05-Dec-2018 13:49:59 CST pre-events configureMessageFacility.cc:286
Message Facility Application CorePropertySupervisorBase configured with: debugModules:["*"] destinations:{file:{append:false directory:"/home/mu2edaq/sync_demo/ots/srcs/otsdaq_mu2e/Data/Logs/CorePropertySupervisorBase" pattern:"CorePropertySupervisorBase-%?H%t-%p.log" seperator:"-" threshold:"DEBUG" timestamp_pattern:"%Y%m%d%H%M%S" type:"GenFile"} udp:{host:"192.168.157.6" port:30000 threshold:"DEBUG" type:"UDP"}}
%MSG
%MSG-i configureMessageFacility:  RunControlStateMachine  05-Dec-2018 13:50:00 CST pre-events configureMessageFacility.cc:286
Message Facility Application RunControlStateMachine configured with: debugModules:["*"] destinations:{file:{append:false directory:"/home/mu2edaq/sync_demo/ots/srcs/otsdaq_mu2e/Data/Logs/RunControlStateMachine" pattern:"RunControlStateMachine-%?H%t-%p.log" seperator:"-" threshold:"DEBUG" timestamp_pattern:"%Y%m%d%H%M%S" type:"GenFile"}}
%MSG
%MSG-i configureMessageFacility:  CoreSupervisorBase 05-Dec-2018 13:50:00 CST  pre-events configureMessageFacility.cc:286
Message Facility Application CoreSupervisorBase configured with: debugModules:["*"] destinations:{file:{append:false directory:"/home/mu2edaq/sync_demo/ots/srcs/otsdaq_mu2e/Data/Logs/CoreSupervisorBase" pattern:"CoreSupervisorBase-%?H%t-%p.log" seperator:"-" threshold:"DEBUG" timestamp_pattern:"%Y%m%d%H%M%S" type:"GenFile"}}
%MSG
%MSG-i configureMessageFacility:  ChatSupervisor 05-Dec-2018 13:50:00 CST  pre-events configureMessageFacility.cc:286
Message Facility Application ChatSupervisor configured with: debugModules:["*"] destinations:{file:{append:false directory:"/home/mu2edaq/sync_demo/ots/srcs/otsdaq_mu2e/Data/Logs/ChatSupervisor" pattern:"ChatSupervisor-%?H%t-%p.log" seperator:"-" threshold:"DEBUG" timestamp_pattern:"%Y%m%d%H%M%S" type:"GenFile"}}
%MSG
%MSG-i configureMessageFacility:  CorePropertySupervisorBase  05-Dec-2018 13:50:00 CST pre-events configureMessageFacility.cc:286
Message Facility Application CorePropertySupervisorBase configured with: debugModules:["*"] destinations:{file:{append:false directory:"/home/mu2edaq/sync_demo/ots/srcs/otsdaq_mu2e/Data/Logs/CorePropertySupervisorBase" pattern:"CorePropertySupervisorBase-%?H%t-%p.log" seperator:"-" threshold:"DEBUG" timestamp_pattern:"%Y%m%d%H%M%S" type:"GenFile"} udp:{host:"192.168.157.6" port:30000 threshold:"DEBUG" type:"UDP"}}
%MSG
%MSG-i configureMessageFacility:  RunControlStateMachine  05-Dec-2018 13:50:01 CST pre-events configureMessageFacility.cc:286
Message Facility Application RunControlStateMachine configured with: debugModules:["*"] destinations:{file:{append:false directory:"/home/mu2edaq/sync_demo/ots/srcs/otsdaq_mu2e/Data/Logs/RunControlStateMachine" pattern:"RunControlStateMachine-%?H%t-%p.log" seperator:"-" threshold:"DEBUG" timestamp_pattern:"%Y%m%d%H%M%S" type:"GenFile"} udp:{host:"192.168.157.6" port:30000 threshold:"DEBUG" type:"UDP"}}
%MSG
%MSG-i configureMessageFacility:  CoreSupervisorBase 05-Dec-2018 13:50:01 CST  pre-events configureMessageFacility.cc:286
Message Facility Application CoreSupervisorBase configured with: debugModules:["*"] destinations:{file:{append:false directory:"/home/mu2edaq/sync_demo/ots/srcs/otsdaq_mu2e/Data/Logs/CoreSupervisorBase" pattern:"CoreSupervisorBase-%?H%t-%p.log" seperator:"-" threshold:"DEBUG" timestamp_pattern:"%Y%m%d%H%M%S" type:"GenFile"} udp:{host:"192.168.157.6" port:30000 threshold:"DEBUG" type:"UDP"}}
%MSG
%MSG-i configureMessageFacility:  ConsoleSupervisor 05-Dec-2018 13:50:01 CST  pre-events configureMessageFacility.cc:286
Message Facility Application ConsoleSupervisor configured with: debugModules:["*"] destinations:{file:{append:false directory:"/home/mu2edaq/sync_demo/ots/srcs/otsdaq_mu2e/Data/Logs/ConsoleSupervisor" pattern:"ConsoleSupervisor-%?H%t-%p.log" seperator:"-" threshold:"DEBUG" timestamp_pattern:"%Y%m%d%H%M%S" type:"GenFile"} udp:{host:"192.168.157.6" port:30000 threshold:"DEBUG" type:"UDP"}}
%MSG
%MSG-d Console:  Early 05-Dec-2018 13:50:01 CST pre-events
otsdaq_utilities/otsdaq-utilities/Console/ConsoleSupervisor.cc [161]	DEBUG messages look like this.
%MSG
%MSG-i Console:  Early 05-Dec-2018 13:50:01 CST pre-events
otsdaq_utilities/otsdaq-utilities/Console/ConsoleSupervisor.cc [162]	INFO messages look like this.
%MSG
%MSG-w Console:  Early 05-Dec-2018 13:50:01 CST pre-events
otsdaq_utilities/otsdaq-utilities/Console/ConsoleSupervisor.cc [163]	WARNING messages look like this.
%MSG
%MSG-e Console:  Early 05-Dec-2018 13:50:01 CST pre-events
otsdaq_utilities/otsdaq-utilities/Console/ConsoleSupervisor.cc [164]	ERROR messages look like this.
%MSG
%MSG-i configureMessageFacility:  CorePropertySupervisorBase  05-Dec-2018 13:50:01 CST pre-events configureMessageFacility.cc:286
Message Facility Application CorePropertySupervisorBase configured with: debugModules:["*"] destinations:{file:{append:false directory:"/home/mu2edaq/sync_demo/ots/srcs/otsdaq_mu2e/Data/Logs/CorePropertySupervisorBase" pattern:"CorePropertySupervisorBase-%?H%t-%p.log" seperator:"-" threshold:"DEBUG" timestamp_pattern:"%Y%m%d%H%M%S" type:"GenFile"} udp:{host:"192.168.157.6" port:30000 threshold:"DEBUG" type:"UDP"}}
%MSG
%MSG-i configureMessageFacility:  RunControlStateMachine  05-Dec-2018 13:50:01 CST pre-events configureMessageFacility.cc:286
Message Facility Application RunControlStateMachine configured with: debugModules:["*"] destinations:{file:{append:false directory:"/home/mu2edaq/sync_demo/ots/srcs/otsdaq_mu2e/Data/Logs/RunControlStateMachine" pattern:"RunControlStateMachine-%?H%t-%p.log" seperator:"-" threshold:"DEBUG" timestamp_pattern:"%Y%m%d%H%M%S" type:"GenFile"} udp:{host:"192.168.157.6" port:30000 threshold:"DEBUG" type:"UDP"}}
%MSG
%MSG-i configureMessageFacility:  CoreSupervisorBase 05-Dec-2018 13:50:01 CST  pre-events configureMessageFacility.cc:286
Message Facility Application CoreSupervisorBase configured with: debugModules:["*"] destinations:{file:{append:false directory:"/home/mu2edaq/sync_demo/ots/srcs/otsdaq_mu2e/Data/Logs/CoreSupervisorBase" pattern:"CoreSupervisorBase-%?H%t-%p.log" seperator:"-" threshold:"DEBUG" timestamp_pattern:"%Y%m%d%H%M%S" type:"GenFile"} udp:{host:"192.168.157.6" port:30000 threshold:"DEBUG" type:"UDP"}}
%MSG
%MSG-i configureMessageFacility:  LogbookSupervisor 05-Dec-2018 13:50:01 CST  pre-events configureMessageFacility.cc:286
Message Facility Application LogbookSupervisor configured with: debugModules:["*"] destinations:{file:{append:false directory:"/home/mu2edaq/sync_demo/ots/srcs/otsdaq_mu2e/Data/Logs/LogbookSupervisor" pattern:"LogbookSupervisor-%?H%t-%p.log" seperator:"-" threshold:"DEBUG" timestamp_pattern:"%Y%m%d%H%M%S" type:"GenFile"} udp:{host:"192.168.157.6" port:30000 threshold:"DEBUG" type:"UDP"}}
%MSG
%MSG-i configureMessageFacility:  CorePropertySupervisorBase  05-Dec-2018 13:50:02 CST pre-events configureMessageFacility.cc:286
Message Facility Application CorePropertySupervisorBase configured with: debugModules:["*"] destinations:{file:{append:false directory:"/home/mu2edaq/sync_demo/ots/srcs/otsdaq_mu2e/Data/Logs/CorePropertySupervisorBase" pattern:"CorePropertySupervisorBase-%?H%t-%p.log" seperator:"-" threshold:"DEBUG" timestamp_pattern:"%Y%m%d%H%M%S" type:"GenFile"} udp:{host:"192.168.157.6" port:30000 threshold:"DEBUG" type:"UDP"}}
%MSG
%MSG-i configureMessageFacility:  RunControlStateMachine  05-Dec-2018 13:50:02 CST pre-events configureMessageFacility.cc:286
Message Facility Application RunControlStateMachine configured with: debugModules:["*"] destinations:{file:{append:false directory:"/home/mu2edaq/sync_demo/ots/srcs/otsdaq_mu2e/Data/Logs/RunControlStateMachine" pattern:"RunControlStateMachine-%?H%t-%p.log" seperator:"-" threshold:"DEBUG" timestamp_pattern:"%Y%m%d%H%M%S" type:"GenFile"} udp:{host:"192.168.157.6" port:30000 threshold:"DEBUG" type:"UDP"}}
%MSG
%MSG-i configureMessageFacility:  CoreSupervisorBase 05-Dec-2018 13:50:02 CST  pre-events configureMessageFacility.cc:286
Message Facility Application CoreSupervisorBase configured with: debugModules:["*"] destinations:{file:{append:false directory:"/home/mu2edaq/sync_demo/ots/srcs/otsdaq_mu2e/Data/Logs/CoreSupervisorBase" pattern:"CoreSupervisorBase-%?H%t-%p.log" seperator:"-" threshold:"DEBUG" timestamp_pattern:"%Y%m%d%H%M%S" type:"GenFile"} udp:{host:"192.168.157.6" port:30000 threshold:"DEBUG" type:"UDP"}}
%MSG
%MSG-i configureMessageFacility:  ConfigurationGUI 05-Dec-2018 13:50:02 CST  pre-events configureMessageFacility.cc:286
Message Facility Application ConfigurationGUI configured with: debugModules:["*"] destinations:{file:{append:false directory:"/home/mu2edaq/sync_demo/ots/srcs/otsdaq_mu2e/Data/Logs/ConfigurationGUI" pattern:"ConfigurationGUI-%?H%t-%p.log" seperator:"-" threshold:"DEBUG" timestamp_pattern:"%Y%m%d%H%M%S" type:"GenFile"} udp:{host:"192.168.157.6" port:30000 threshold:"DEBUG" type:"UDP"}}
%MSG
%MSG-i configureMessageFacility:  CorePropertySupervisorBase  05-Dec-2018 13:50:03 CST pre-events configureMessageFacility.cc:286
Message Facility Application CorePropertySupervisorBase configured with: debugModules:["*"] destinations:{file:{append:false directory:"/home/mu2edaq/sync_demo/ots/srcs/otsdaq_mu2e/Data/Logs/CorePropertySupervisorBase" pattern:"CorePropertySupervisorBase-%?H%t-%p.log" seperator:"-" threshold:"DEBUG" timestamp_pattern:"%Y%m%d%H%M%S" type:"GenFile"} udp:{host:"192.168.157.6" port:30000 threshold:"DEBUG" type:"UDP"}}
%MSG
%MSG-d GatewaySupervisor:  Early 05-Dec-2018 13:50:04 CST pre-events
otsdaq/otsdaq-core/GatewaySupervisor/GatewaySupervisor.cc [453]	Making logbook entry: ots started.
%MSG
%MSG-i configureMessageFacility:  RunControlStateMachine  05-Dec-2018 13:50:04 CST pre-events configureMessageFacility.cc:286
Message Facility Application RunControlStateMachine configured with: debugModules:["*"] destinations:{file:{append:false directory:"/home/mu2edaq/sync_demo/ots/srcs/otsdaq_mu2e/Data/Logs/RunControlStateMachine" pattern:"RunControlStateMachine-%?H%t-%p.log" seperator:"-" threshold:"DEBUG" timestamp_pattern:"%Y%m%d%H%M%S" type:"GenFile"} udp:{host:"192.168.157.6" port:30000 threshold:"DEBUG" type:"UDP"}}
%MSG
%MSG-i configureMessageFacility:  CoreSupervisorBase 05-Dec-2018 13:50:04 CST  pre-events configureMessageFacility.cc:286
Message Facility Application CoreSupervisorBase configured with: debugModules:["*"] destinations:{file:{append:false directory:"/home/mu2edaq/sync_demo/ots/srcs/otsdaq_mu2e/Data/Logs/CoreSupervisorBase" pattern:"CoreSupervisorBase-%?H%t-%p.log" seperator:"-" threshold:"DEBUG" timestamp_pattern:"%Y%m%d%H%M%S" type:"GenFile"} udp:{host:"192.168.157.6" port:30000 threshold:"DEBUG" type:"UDP"}}
%MSG
%MSG-i configureMessageFacility:  MacroMaker 05-Dec-2018 13:50:04 CST pre-events configureMessageFacility.cc:286
Message Facility Application MacroMaker configured with: debugModules:["*"] destinations:{file:{append:false directory:"/home/mu2edaq/sync_demo/ots/srcs/otsdaq_mu2e/Data/Logs/MacroMaker" pattern:"MacroMaker-%?H%t-%p.log" seperator:"-" threshold:"DEBUG" timestamp_pattern:"%Y%m%d%H%M%S" type:"GenFile"} udp:{host:"192.168.157.6" port:30000 threshold:"DEBUG" type:"UDP"}}
%MSG
%MSG-d GatewaySupervisor:  Early 05-Dec-2018 13:50:21 CST pre-events
otsdaq/otsdaq-core/GatewaySupervisor/GatewaySupervisor.cc [453]	Making logbook entry: admin logged in.
%MSG
%MSG-d GatewaySupervisor:  Early 05-Dec-2018 13:50:21 CST pre-events
otsdaq/otsdaq-core/GatewaySupervisor/GatewaySupervisor.cc [453]	Making logbook entry: admin logged in.
%MSG
%MSG-d GatewaySupervisor:  Early 05-Dec-2018 13:50:27 CST pre-events
otsdaq/otsdaq-core/GatewaySupervisor/GatewaySupervisor.cc [453]	Making logbook entry: Configuring 'defaultSystemAlias' which translates to defaultConfig (31).
%MSG
%MSG-i ConfigurationManagerRW:  Early 05-Dec-2018 13:50:27 CST pre-events
otsdaq/otsdaq-core/ConfigurationInterface/ConfigurationManagerRW.cc [336]	Updating persistent active groups to /home/mu2edaq/sync_demo/ots/srcs/otsdaq_mu2e/Data/ServiceData/ActiveConfigurationGroups.cfg ...
%MSG
%MSG-i ConfigurationManagerRW:  Early 05-Dec-2018 13:50:27 CST pre-events
otsdaq/otsdaq-core/ConfigurationInterface/ConfigurationManagerRW.cc [359]	Active Context: testContext(52)
%MSG
%MSG-i ConfigurationManagerRW:  Early 05-Dec-2018 13:50:27 CST pre-events
otsdaq/otsdaq-core/ConfigurationInterface/ConfigurationManagerRW.cc [361]	Active Backbone: TableEditWizBackbone(17)
%MSG
%MSG-i ConfigurationManagerRW:  Early 05-Dec-2018 13:50:27 CST pre-events
otsdaq/otsdaq-core/ConfigurationInterface/ConfigurationManagerRW.cc [363]	Active Iterate: (-1)
%MSG
%MSG-i ConfigurationManagerRW:  Early 05-Dec-2018 13:50:27 CST pre-events
otsdaq/otsdaq-core/ConfigurationInterface/ConfigurationManagerRW.cc [365]	Active Configuration: defaultConfig(31)
%MSG
%MSG-e GatewaySupervisor:  Early 05-Dec-2018 13:51:14 CST pre-events
otsdaq/otsdaq-core/GatewaySupervisor/GatewaySupervisor.cc [1690]	:GatewaySupervisor:otsdaq/otsdaq-core/GatewaySupervisor/GatewaySupervisor.cc [1682]	Error! Gateway Supervisor can NOT Configure Supervisor instance = 'FESupervisor1' [LID=311] in Context 'ContextDTC0' [URL=http://mu2edaq05.fnal.gov:2017].

Xoap message failure. Did the target Supervisor crash? Try re-initializing or restarting otsdaq.

%MSG
%MSG-e GatewaySupervisor:  Early 05-Dec-2018 13:52:15 CST pre-events
otsdaq/otsdaq-core/GatewaySupervisor/GatewaySupervisor.cc [1690]	:GatewaySupervisor:otsdaq/otsdaq-core/GatewaySupervisor/GatewaySupervisor.cc [1682]	Error! Gateway Supervisor can NOT Error Supervisor instance = 'FESupervisor1' [LID=311] in Context 'ContextDTC0' [URL=http://mu2edaq05.fnal.gov:2017].

Xoap message failure. Did the target Supervisor crash? Try re-initializing or restarting otsdaq.

%MSG
%MSG-e GatewaySupervisor:  Early 05-Dec-2018 13:52:45 CST pre-events
otsdaq/otsdaq-core/GatewaySupervisor/GatewaySupervisor.cc [869]	:GatewaySupervisor:otsdaq/otsdaq-core/GatewaySupervisor/GatewaySupervisor.cc [866]	Failure to send Workloop transition command 'Configure!' An error response 'Fault' was received.

%MSG
%MSG-d Console:  Early 05-Dec-2018 13:54:46 CST pre-events
otsdaq_utilities/otsdaq-utilities/Console/ConsoleSupervisor.cc [240]	Console is alive and waiting... (if no messages, next heartbeat is in approximately two minutes)
%MSG
%MSG-e ots:  Early 05-Dec-2018 13:56:37 CST pre-events
otsdaq/otsdaq-core/CoreSupervisors/CoreSupervisorBase.cc [131]	'getFEMacroList' ERROR encountered: :MacroMaker:otsdaq_utilities/otsdaq-utilities/MacroMaker/MacroMakerSupervisor.cc [120] Unknown error occurred handling request &apos;getFEMacroList!&apos;
%MSG
%MSG-e ots:  Early 05-Dec-2018 13:56:37 CST pre-events
otsdaq/otsdaq-core/CoreSupervisors/CoreSupervisorBase.cc [131]	'getFEMacroList' ERROR encountered: :MacroMaker:otsdaq_utilities/otsdaq-utilities/MacroMaker/MacroMakerSupervisor.cc [120] Unknown error occurred handling request &apos;getFEMacroList!&apos;
%MSG
%MSG-d GatewaySupervisor:  Early 05-Dec-2018 13:56:40 CST pre-events
otsdaq/otsdaq-core/GatewaySupervisor/GatewaySupervisor.cc [453]	Making logbook entry: Run halting.
%MSG
%MSG-e GatewaySupervisor:  Early 05-Dec-2018 13:56:41 CST pre-events
otsdaq/otsdaq-core/GatewaySupervisor/GatewaySupervisor.cc [1690]	:GatewaySupervisor:otsdaq/otsdaq-core/GatewaySupervisor/GatewaySupervisor.cc [1682]	Error! Gateway Supervisor can NOT Halt Supervisor instance = 'FESupervisor1' [LID=311] in Context 'ContextDTC0' [URL=http://mu2edaq05.fnal.gov:2017].

Xoap message failure. Did the target Supervisor crash? Try re-initializing or restarting otsdaq.

%MSG
%MSG-e GatewaySupervisor:  Early 05-Dec-2018 13:56:41 CST pre-events
otsdaq/otsdaq-core/GatewaySupervisor/GatewaySupervisor.cc [1690]	:GatewaySupervisor:otsdaq/otsdaq-core/GatewaySupervisor/GatewaySupervisor.cc [1682]	Error! Gateway Supervisor can NOT Error Supervisor instance = 'FESupervisor1' [LID=311] in Context 'ContextDTC0' [URL=http://mu2edaq05.fnal.gov:2017].

Xoap message failure. Did the target Supervisor crash? Try re-initializing or restarting otsdaq.

%MSG
%MSG-e GatewaySupervisor:  Early 05-Dec-2018 13:56:42 CST pre-events
otsdaq/otsdaq-core/GatewaySupervisor/GatewaySupervisor.cc [869]	:GatewaySupervisor:otsdaq/otsdaq-core/GatewaySupervisor/GatewaySupervisor.cc [866]	Failure to send Workloop transition command 'Halt!' An error response 'Fault' was received.

%MSG
%MSG-e ots:  Early 05-Dec-2018 13:56:46 CST pre-events
otsdaq/otsdaq-core/CoreSupervisors/CoreSupervisorBase.cc [131]	'getFEMacroList' ERROR encountered: :MacroMaker:otsdaq_utilities/otsdaq-utilities/MacroMaker/MacroMakerSupervisor.cc [120] Unknown error occurred handling request &apos;getFEMacroList!&apos;
%MSG
%MSG-e ots:  Early 05-Dec-2018 13:56:47 CST pre-events
otsdaq/otsdaq-core/CoreSupervisors/CoreSupervisorBase.cc [131]	'getFEMacroList' ERROR encountered: :MacroMaker:otsdaq_utilities/otsdaq-utilities/MacroMaker/MacroMakerSupervisor.cc [120] Unknown error occurred handling request &apos;getFEMacroList!&apos;
%MSG
%MSG-d GatewaySupervisor:  Early 05-Dec-2018 13:56:51 CST pre-events
otsdaq/otsdaq-core/GatewaySupervisor/GatewaySupervisor.cc [453]	Making logbook entry: System shutting down.
%MSG
%MSG-d GatewaySupervisor:  Early 05-Dec-2018 13:56:59 CST pre-events
otsdaq/otsdaq-core/GatewaySupervisor/GatewaySupervisor.cc [453]	Making logbook entry: System starting up.
%MSG
