%MSG-i configureMessageFacility:  RunControlStateMachine  07-Nov-2018 16:45:57 CST pre-events configureMessageFacility.cc:286
Message Facility Application RunControlStateMachine configured with: debugModules:["*"] destinations:{file:{append:false directory:"/home/mu2edaq/sync_demo/ots/srcs/otsdaq_mu2e/Data/Logs/RunControlStateMachine" pattern:"RunControlStateMachine-%?H%t-%p.log" seperator:"-" threshold:"DEBUG" timestamp_pattern:"%Y%m%d%H%M%S" type:"GenFile"} udp:{host:"192.168.157.6" port:30000 threshold:"DEBUG" type:"UDP"}}
%MSG
%MSG-i _TCPConnect:  RunControlStateMachine 07-Nov-2018 16:45:57 CST pre-events TCPConnect.cc:334
Resolving host 192.168.157.6, on port 30000
%MSG
%MSG-i _TCPConnect:  RunControlStateMachine 07-Nov-2018 16:45:57 CST pre-events TCPConnect.cc:241
Resolving ip mu2edaq06.fnal.gov
%MSG
%MSG-i configureMessageFacility:  CorePropertySupervisorBase  07-Nov-2018 16:45:57 CST pre-events configureMessageFacility.cc:286
Message Facility Application CorePropertySupervisorBase configured with: debugModules:["*"] destinations:{file:{append:false directory:"/home/mu2edaq/sync_demo/ots/srcs/otsdaq_mu2e/Data/Logs/CorePropertySupervisorBase" pattern:"CorePropertySupervisorBase-%?H%t-%p.log" seperator:"-" threshold:"DEBUG" timestamp_pattern:"%Y%m%d%H%M%S" type:"GenFile"} udp:{host:"192.168.157.6" port:30000 threshold:"DEBUG" type:"UDP"}}
%MSG
%MSG-i WebUsers:  CorePropertySupervisorBase-mu2edaq06-0  07-Nov-2018 16:45:58 CST pre-events
otsdaq/otsdaq-core/WebUsersUtilities/WebUsers.cc [2803]	User 'admin' has locked out the system!
%MSG
%MSG-d Iterator:  CorePropertySupervisorBase-mu2edaq06-0  07-Nov-2018 16:45:58 CST pre-events
otsdaq/otsdaq-core/GatewaySupervisor/Iterator.cc [28]	Iterator constructed.
%MSG
%MSG-i configureMessageFacility:  GatewaySupervisor 07-Nov-2018 16:45:58 CST  pre-events configureMessageFacility.cc:286
Message Facility Application GatewaySupervisor configured with: debugModules:["*"] destinations:{file:{append:false directory:"/home/mu2edaq/sync_demo/ots/srcs/otsdaq_mu2e/Data/Logs/GatewaySupervisor" pattern:"GatewaySupervisor-%?H%t-%p.log" seperator:"-" threshold:"DEBUG" timestamp_pattern:"%Y%m%d%H%M%S" type:"GenFile"} udp:{host:"192.168.157.6" port:30000 threshold:"DEBUG" type:"UDP"}}
%MSG
%MSG-i configureMessageFacility:  CorePropertySupervisorBase  07-Nov-2018 16:45:58 CST pre-events configureMessageFacility.cc:286
Message Facility Application CorePropertySupervisorBase configured with: debugModules:["*"] destinations:{file:{append:false directory:"/home/mu2edaq/sync_demo/ots/srcs/otsdaq_mu2e/Data/Logs/CorePropertySupervisorBase" pattern:"CorePropertySupervisorBase-%?H%t-%p.log" seperator:"-" threshold:"DEBUG" timestamp_pattern:"%Y%m%d%H%M%S" type:"GenFile"} udp:{host:"192.168.157.6" port:30000 threshold:"DEBUG" type:"UDP"}}
%MSG
%MSG-i configureMessageFacility:  RunControlStateMachine  07-Nov-2018 16:45:59 CST pre-events configureMessageFacility.cc:286
Message Facility Application RunControlStateMachine configured with: debugModules:["*"] destinations:{file:{append:false directory:"/home/mu2edaq/sync_demo/ots/srcs/otsdaq_mu2e/Data/Logs/RunControlStateMachine" pattern:"RunControlStateMachine-%?H%t-%p.log" seperator:"-" threshold:"DEBUG" timestamp_pattern:"%Y%m%d%H%M%S" type:"GenFile"} udp:{host:"192.168.157.6" port:30000 threshold:"DEBUG" type:"UDP"}}
%MSG
%MSG-i configureMessageFacility:  CoreSupervisorBase 07-Nov-2018 16:45:59 CST  pre-events configureMessageFacility.cc:286
Message Facility Application CoreSupervisorBase configured with: debugModules:["*"] destinations:{file:{append:false directory:"/home/mu2edaq/sync_demo/ots/srcs/otsdaq_mu2e/Data/Logs/CoreSupervisorBase" pattern:"CoreSupervisorBase-%?H%t-%p.log" seperator:"-" threshold:"DEBUG" timestamp_pattern:"%Y%m%d%H%M%S" type:"GenFile"} udp:{host:"192.168.157.6" port:30000 threshold:"DEBUG" type:"UDP"}}
%MSG
%MSG-i configureMessageFacility:  ChatSupervisor 07-Nov-2018 16:45:59 CST  pre-events configureMessageFacility.cc:286
Message Facility Application ChatSupervisor configured with: debugModules:["*"] destinations:{file:{append:false directory:"/home/mu2edaq/sync_demo/ots/srcs/otsdaq_mu2e/Data/Logs/ChatSupervisor" pattern:"ChatSupervisor-%?H%t-%p.log" seperator:"-" threshold:"DEBUG" timestamp_pattern:"%Y%m%d%H%M%S" type:"GenFile"} udp:{host:"192.168.157.6" port:30000 threshold:"DEBUG" type:"UDP"}}
%MSG
%MSG-i configureMessageFacility:  CorePropertySupervisorBase  07-Nov-2018 16:45:59 CST pre-events configureMessageFacility.cc:286
Message Facility Application CorePropertySupervisorBase configured with: debugModules:["*"] destinations:{file:{append:false directory:"/home/mu2edaq/sync_demo/ots/srcs/otsdaq_mu2e/Data/Logs/CorePropertySupervisorBase" pattern:"CorePropertySupervisorBase-%?H%t-%p.log" seperator:"-" threshold:"DEBUG" timestamp_pattern:"%Y%m%d%H%M%S" type:"GenFile"} udp:{host:"192.168.157.6" port:30000 threshold:"DEBUG" type:"UDP"}}
%MSG
%MSG-i configureMessageFacility:  RunControlStateMachine  07-Nov-2018 16:45:59 CST pre-events configureMessageFacility.cc:286
Message Facility Application RunControlStateMachine configured with: debugModules:["*"] destinations:{file:{append:false directory:"/home/mu2edaq/sync_demo/ots/srcs/otsdaq_mu2e/Data/Logs/RunControlStateMachine" pattern:"RunControlStateMachine-%?H%t-%p.log" seperator:"-" threshold:"DEBUG" timestamp_pattern:"%Y%m%d%H%M%S" type:"GenFile"} udp:{host:"192.168.157.6" port:30000 threshold:"DEBUG" type:"UDP"}}
%MSG
%MSG-i configureMessageFacility:  CoreSupervisorBase 07-Nov-2018 16:45:59 CST  pre-events configureMessageFacility.cc:286
Message Facility Application CoreSupervisorBase configured with: debugModules:["*"] destinations:{file:{append:false directory:"/home/mu2edaq/sync_demo/ots/srcs/otsdaq_mu2e/Data/Logs/CoreSupervisorBase" pattern:"CoreSupervisorBase-%?H%t-%p.log" seperator:"-" threshold:"DEBUG" timestamp_pattern:"%Y%m%d%H%M%S" type:"GenFile"} udp:{host:"192.168.157.6" port:30000 threshold:"DEBUG" type:"UDP"}}
%MSG
%MSG-i configureMessageFacility:  ConsoleSupervisor 07-Nov-2018 16:45:59 CST  pre-events configureMessageFacility.cc:286
Message Facility Application ConsoleSupervisor configured with: debugModules:["*"] destinations:{file:{append:false directory:"/home/mu2edaq/sync_demo/ots/srcs/otsdaq_mu2e/Data/Logs/ConsoleSupervisor" pattern:"ConsoleSupervisor-%?H%t-%p.log" seperator:"-" threshold:"DEBUG" timestamp_pattern:"%Y%m%d%H%M%S" type:"GenFile"} udp:{host:"192.168.157.6" port:30000 threshold:"DEBUG" type:"UDP"}}
%MSG
%MSG-d Console:  Early 07-Nov-2018 16:46:00 CST pre-events
otsdaq_utilities/otsdaq-utilities/Console/ConsoleSupervisor.cc [161]	DEBUG messages look like this.
%MSG
%MSG-i Console:  Early 07-Nov-2018 16:46:00 CST pre-events
otsdaq_utilities/otsdaq-utilities/Console/ConsoleSupervisor.cc [162]	INFO messages look like this.
%MSG
%MSG-w Console:  Early 07-Nov-2018 16:46:00 CST pre-events
otsdaq_utilities/otsdaq-utilities/Console/ConsoleSupervisor.cc [163]	WARNING messages look like this.
%MSG
%MSG-e Console:  Early 07-Nov-2018 16:46:00 CST pre-events
otsdaq_utilities/otsdaq-utilities/Console/ConsoleSupervisor.cc [164]	ERROR messages look like this.
%MSG
%MSG-i configureMessageFacility:  CorePropertySupervisorBase  07-Nov-2018 16:46:00 CST pre-events configureMessageFacility.cc:286
Message Facility Application CorePropertySupervisorBase configured with: debugModules:["*"] destinations:{file:{append:false directory:"/home/mu2edaq/sync_demo/ots/srcs/otsdaq_mu2e/Data/Logs/CorePropertySupervisorBase" pattern:"CorePropertySupervisorBase-%?H%t-%p.log" seperator:"-" threshold:"DEBUG" timestamp_pattern:"%Y%m%d%H%M%S" type:"GenFile"} udp:{host:"192.168.157.6" port:30000 threshold:"DEBUG" type:"UDP"}}
%MSG
%MSG-i configureMessageFacility:  RunControlStateMachine  07-Nov-2018 16:46:00 CST pre-events configureMessageFacility.cc:286
Message Facility Application RunControlStateMachine configured with: debugModules:["*"] destinations:{file:{append:false directory:"/home/mu2edaq/sync_demo/ots/srcs/otsdaq_mu2e/Data/Logs/RunControlStateMachine" pattern:"RunControlStateMachine-%?H%t-%p.log" seperator:"-" threshold:"DEBUG" timestamp_pattern:"%Y%m%d%H%M%S" type:"GenFile"} udp:{host:"192.168.157.6" port:30000 threshold:"DEBUG" type:"UDP"}}
%MSG
%MSG-i configureMessageFacility:  CoreSupervisorBase 07-Nov-2018 16:46:00 CST  pre-events configureMessageFacility.cc:286
Message Facility Application CoreSupervisorBase configured with: debugModules:["*"] destinations:{file:{append:false directory:"/home/mu2edaq/sync_demo/ots/srcs/otsdaq_mu2e/Data/Logs/CoreSupervisorBase" pattern:"CoreSupervisorBase-%?H%t-%p.log" seperator:"-" threshold:"DEBUG" timestamp_pattern:"%Y%m%d%H%M%S" type:"GenFile"} udp:{host:"192.168.157.6" port:30000 threshold:"DEBUG" type:"UDP"}}
%MSG
%MSG-i configureMessageFacility:  LogbookSupervisor 07-Nov-2018 16:46:00 CST  pre-events configureMessageFacility.cc:286
Message Facility Application LogbookSupervisor configured with: debugModules:["*"] destinations:{file:{append:false directory:"/home/mu2edaq/sync_demo/ots/srcs/otsdaq_mu2e/Data/Logs/LogbookSupervisor" pattern:"LogbookSupervisor-%?H%t-%p.log" seperator:"-" threshold:"DEBUG" timestamp_pattern:"%Y%m%d%H%M%S" type:"GenFile"} udp:{host:"192.168.157.6" port:30000 threshold:"DEBUG" type:"UDP"}}
%MSG
%MSG-i configureMessageFacility:  CorePropertySupervisorBase  07-Nov-2018 16:46:01 CST pre-events configureMessageFacility.cc:286
Message Facility Application CorePropertySupervisorBase configured with: debugModules:["*"] destinations:{file:{append:false directory:"/home/mu2edaq/sync_demo/ots/srcs/otsdaq_mu2e/Data/Logs/CorePropertySupervisorBase" pattern:"CorePropertySupervisorBase-%?H%t-%p.log" seperator:"-" threshold:"DEBUG" timestamp_pattern:"%Y%m%d%H%M%S" type:"GenFile"} udp:{host:"192.168.157.6" port:30000 threshold:"DEBUG" type:"UDP"}}
%MSG
%MSG-i configureMessageFacility:  RunControlStateMachine  07-Nov-2018 16:46:02 CST pre-events configureMessageFacility.cc:286
Message Facility Application RunControlStateMachine configured with: debugModules:["*"] destinations:{file:{append:false directory:"/home/mu2edaq/sync_demo/ots/srcs/otsdaq_mu2e/Data/Logs/RunControlStateMachine" pattern:"RunControlStateMachine-%?H%t-%p.log" seperator:"-" threshold:"DEBUG" timestamp_pattern:"%Y%m%d%H%M%S" type:"GenFile"} udp:{host:"192.168.157.6" port:30000 threshold:"DEBUG" type:"UDP"}}
%MSG
%MSG-i configureMessageFacility:  CoreSupervisorBase 07-Nov-2018 16:46:02 CST  pre-events configureMessageFacility.cc:286
Message Facility Application CoreSupervisorBase configured with: debugModules:["*"] destinations:{file:{append:false directory:"/home/mu2edaq/sync_demo/ots/srcs/otsdaq_mu2e/Data/Logs/CoreSupervisorBase" pattern:"CoreSupervisorBase-%?H%t-%p.log" seperator:"-" threshold:"DEBUG" timestamp_pattern:"%Y%m%d%H%M%S" type:"GenFile"} udp:{host:"192.168.157.6" port:30000 threshold:"DEBUG" type:"UDP"}}
%MSG
%MSG-i configureMessageFacility:  ConfigurationGUI 07-Nov-2018 16:46:02 CST  pre-events configureMessageFacility.cc:286
Message Facility Application ConfigurationGUI configured with: debugModules:["*"] destinations:{file:{append:false directory:"/home/mu2edaq/sync_demo/ots/srcs/otsdaq_mu2e/Data/Logs/ConfigurationGUI" pattern:"ConfigurationGUI-%?H%t-%p.log" seperator:"-" threshold:"DEBUG" timestamp_pattern:"%Y%m%d%H%M%S" type:"GenFile"} udp:{host:"192.168.157.6" port:30000 threshold:"DEBUG" type:"UDP"}}
%MSG
%MSG-i configureMessageFacility:  CorePropertySupervisorBase  07-Nov-2018 16:46:03 CST pre-events configureMessageFacility.cc:286
Message Facility Application CorePropertySupervisorBase configured with: debugModules:["*"] destinations:{file:{append:false directory:"/home/mu2edaq/sync_demo/ots/srcs/otsdaq_mu2e/Data/Logs/CorePropertySupervisorBase" pattern:"CorePropertySupervisorBase-%?H%t-%p.log" seperator:"-" threshold:"DEBUG" timestamp_pattern:"%Y%m%d%H%M%S" type:"GenFile"} udp:{host:"192.168.157.6" port:30000 threshold:"DEBUG" type:"UDP"}}
%MSG
%MSG-i configureMessageFacility:  RunControlStateMachine  07-Nov-2018 16:46:03 CST pre-events configureMessageFacility.cc:286
Message Facility Application RunControlStateMachine configured with: debugModules:["*"] destinations:{file:{append:false directory:"/home/mu2edaq/sync_demo/ots/srcs/otsdaq_mu2e/Data/Logs/RunControlStateMachine" pattern:"RunControlStateMachine-%?H%t-%p.log" seperator:"-" threshold:"DEBUG" timestamp_pattern:"%Y%m%d%H%M%S" type:"GenFile"} udp:{host:"192.168.157.6" port:30000 threshold:"DEBUG" type:"UDP"}}
%MSG
%MSG-i configureMessageFacility:  CoreSupervisorBase 07-Nov-2018 16:46:03 CST  pre-events configureMessageFacility.cc:286
Message Facility Application CoreSupervisorBase configured with: debugModules:["*"] destinations:{file:{append:false directory:"/home/mu2edaq/sync_demo/ots/srcs/otsdaq_mu2e/Data/Logs/CoreSupervisorBase" pattern:"CoreSupervisorBase-%?H%t-%p.log" seperator:"-" threshold:"DEBUG" timestamp_pattern:"%Y%m%d%H%M%S" type:"GenFile"} udp:{host:"192.168.157.6" port:30000 threshold:"DEBUG" type:"UDP"}}
%MSG
%MSG-i configureMessageFacility:  MacroMaker 07-Nov-2018 16:46:03 CST pre-events configureMessageFacility.cc:286
Message Facility Application MacroMaker configured with: debugModules:["*"] destinations:{file:{append:false directory:"/home/mu2edaq/sync_demo/ots/srcs/otsdaq_mu2e/Data/Logs/MacroMaker" pattern:"MacroMaker-%?H%t-%p.log" seperator:"-" threshold:"DEBUG" timestamp_pattern:"%Y%m%d%H%M%S" type:"GenFile"} udp:{host:"192.168.157.6" port:30000 threshold:"DEBUG" type:"UDP"}}
%MSG
%MSG-d GatewaySupervisor:  Early 07-Nov-2018 16:46:14 CST pre-events
otsdaq/otsdaq-core/GatewaySupervisor/GatewaySupervisor.cc [452]	Making logbook entry: ots started.
%MSG
%MSG-d GatewaySupervisor:  Early 07-Nov-2018 16:46:15 CST pre-events
otsdaq/otsdaq-core/GatewaySupervisor/GatewaySupervisor.cc [452]	Making logbook entry: admin logged in.
%MSG
%MSG-d GatewaySupervisor:  Early 07-Nov-2018 16:46:20 CST pre-events
otsdaq/otsdaq-core/GatewaySupervisor/GatewaySupervisor.cc [452]	Making logbook entry: Configuring 'defaultSystemAlias' which translates to defaultConfig (16).
%MSG
%MSG-i ConfigurationManagerRW:  Early 07-Nov-2018 16:46:21 CST pre-events
otsdaq/otsdaq-core/ConfigurationInterface/ConfigurationManagerRW.cc [336]	Updating persistent active groups to /home/mu2edaq/sync_demo/ots/srcs/otsdaq_mu2e/Data/ServiceData/ActiveConfigurationGroups.cfg ...
%MSG
%MSG-i ConfigurationManagerRW:  Early 07-Nov-2018 16:46:21 CST pre-events
otsdaq/otsdaq-core/ConfigurationInterface/ConfigurationManagerRW.cc [359]	Active Context: testContext(38)
%MSG
%MSG-i ConfigurationManagerRW:  Early 07-Nov-2018 16:46:21 CST pre-events
otsdaq/otsdaq-core/ConfigurationInterface/ConfigurationManagerRW.cc [361]	Active Backbone: GroupAliasSaveWizBackbone(14)
%MSG
%MSG-i ConfigurationManagerRW:  Early 07-Nov-2018 16:46:21 CST pre-events
otsdaq/otsdaq-core/ConfigurationInterface/ConfigurationManagerRW.cc [363]	Active Iterate: (-1)
%MSG
%MSG-i ConfigurationManagerRW:  Early 07-Nov-2018 16:46:21 CST pre-events
otsdaq/otsdaq-core/ConfigurationInterface/ConfigurationManagerRW.cc [365]	Active Configuration: defaultConfig(16)
%MSG
%MSG-d GatewaySupervisor:  Early 07-Nov-2018 16:46:57 CST pre-events
otsdaq/otsdaq-core/GatewaySupervisor/GatewaySupervisor.cc [452]	Making logbook entry: Run halting.
%MSG
%MSG-d GatewaySupervisor:  Early 07-Nov-2018 16:47:00 CST pre-events
otsdaq/otsdaq-core/GatewaySupervisor/GatewaySupervisor.cc [452]	Making logbook entry: Configuring 'defaultSystemAlias' which translates to defaultConfig (16).
%MSG
%MSG-i ConfigurationManagerRW:  Early 07-Nov-2018 16:47:00 CST pre-events
otsdaq/otsdaq-core/ConfigurationInterface/ConfigurationManagerRW.cc [336]	Updating persistent active groups to /home/mu2edaq/sync_demo/ots/srcs/otsdaq_mu2e/Data/ServiceData/ActiveConfigurationGroups.cfg ...
%MSG
%MSG-i ConfigurationManagerRW:  Early 07-Nov-2018 16:47:00 CST pre-events
otsdaq/otsdaq-core/ConfigurationInterface/ConfigurationManagerRW.cc [359]	Active Context: testContext(38)
%MSG
%MSG-i ConfigurationManagerRW:  Early 07-Nov-2018 16:47:00 CST pre-events
otsdaq/otsdaq-core/ConfigurationInterface/ConfigurationManagerRW.cc [361]	Active Backbone: GroupAliasSaveWizBackbone(14)
%MSG
%MSG-i ConfigurationManagerRW:  Early 07-Nov-2018 16:47:00 CST pre-events
otsdaq/otsdaq-core/ConfigurationInterface/ConfigurationManagerRW.cc [363]	Active Iterate: (-1)
%MSG
%MSG-i ConfigurationManagerRW:  Early 07-Nov-2018 16:47:00 CST pre-events
otsdaq/otsdaq-core/ConfigurationInterface/ConfigurationManagerRW.cc [365]	Active Configuration: defaultConfig(16)
%MSG
%MSG-d GatewaySupervisor:  Early 07-Nov-2018 16:48:13 CST pre-events
otsdaq/otsdaq-core/GatewaySupervisor/GatewaySupervisor.cc [452]	Making logbook entry: Run halting.
%MSG
%MSG-d GatewaySupervisor:  Early 07-Nov-2018 16:48:16 CST pre-events
otsdaq/otsdaq-core/GatewaySupervisor/GatewaySupervisor.cc [452]	Making logbook entry: Configuring 'defaultSystemAlias' which translates to defaultConfig (16).
%MSG
%MSG-i ConfigurationManagerRW:  Early 07-Nov-2018 16:48:16 CST pre-events
otsdaq/otsdaq-core/ConfigurationInterface/ConfigurationManagerRW.cc [336]	Updating persistent active groups to /home/mu2edaq/sync_demo/ots/srcs/otsdaq_mu2e/Data/ServiceData/ActiveConfigurationGroups.cfg ...
%MSG
%MSG-i ConfigurationManagerRW:  Early 07-Nov-2018 16:48:16 CST pre-events
otsdaq/otsdaq-core/ConfigurationInterface/ConfigurationManagerRW.cc [359]	Active Context: testContext(38)
%MSG
%MSG-i ConfigurationManagerRW:  Early 07-Nov-2018 16:48:16 CST pre-events
otsdaq/otsdaq-core/ConfigurationInterface/ConfigurationManagerRW.cc [361]	Active Backbone: GroupAliasSaveWizBackbone(14)
%MSG
%MSG-i ConfigurationManagerRW:  Early 07-Nov-2018 16:48:16 CST pre-events
otsdaq/otsdaq-core/ConfigurationInterface/ConfigurationManagerRW.cc [363]	Active Iterate: (-1)
%MSG
%MSG-i ConfigurationManagerRW:  Early 07-Nov-2018 16:48:16 CST pre-events
otsdaq/otsdaq-core/ConfigurationInterface/ConfigurationManagerRW.cc [365]	Active Configuration: defaultConfig(16)
%MSG
%MSG-d Console:  Early 07-Nov-2018 16:50:31 CST pre-events
otsdaq_utilities/otsdaq-utilities/Console/ConsoleSupervisor.cc [240]	Console is alive and waiting... (if no messages, next heartbeat is in approximately two minutes)
%MSG
%MSG-d Console:  Early 07-Nov-2018 16:52:32 CST pre-events
otsdaq_utilities/otsdaq-utilities/Console/ConsoleSupervisor.cc [240]	Console is alive and waiting... (if no messages, next heartbeat is in approximately two minutes)
%MSG
%MSG-d Console:  Early 07-Nov-2018 16:54:33 CST pre-events
otsdaq_utilities/otsdaq-utilities/Console/ConsoleSupervisor.cc [240]	Console is alive and waiting... (if no messages, next heartbeat is in approximately two minutes)
%MSG
%MSG-d Console:  Early 07-Nov-2018 16:56:34 CST pre-events
otsdaq_utilities/otsdaq-utilities/Console/ConsoleSupervisor.cc [240]	Console is alive and waiting... (if no messages, next heartbeat is in approximately two minutes)
%MSG
%MSG-d Console:  Early 07-Nov-2018 16:58:35 CST pre-events
otsdaq_utilities/otsdaq-utilities/Console/ConsoleSupervisor.cc [240]	Console is alive and waiting... (if no messages, next heartbeat is in approximately two minutes)
%MSG
%MSG-d Console:  Early 07-Nov-2018 17:50:38 CST pre-events
otsdaq_utilities/otsdaq-utilities/Console/ConsoleSupervisor.cc [245]	Console is alive and waiting a long time... (if no messages, next heartbeat is in approximately one hour)
%MSG
%MSG-d Console:  Early 07-Nov-2018 18:50:40 CST pre-events
otsdaq_utilities/otsdaq-utilities/Console/ConsoleSupervisor.cc [245]	Console is alive and waiting a long time... (if no messages, next heartbeat is in approximately one hour)
%MSG
%MSG-d Console:  Early 07-Nov-2018 19:50:43 CST pre-events
otsdaq_utilities/otsdaq-utilities/Console/ConsoleSupervisor.cc [245]	Console is alive and waiting a long time... (if no messages, next heartbeat is in approximately one hour)
%MSG
%MSG-d Console:  Early 07-Nov-2018 20:50:45 CST pre-events
otsdaq_utilities/otsdaq-utilities/Console/ConsoleSupervisor.cc [245]	Console is alive and waiting a long time... (if no messages, next heartbeat is in approximately one hour)
%MSG
%MSG-d Console:  Early 07-Nov-2018 21:50:48 CST pre-events
otsdaq_utilities/otsdaq-utilities/Console/ConsoleSupervisor.cc [245]	Console is alive and waiting a long time... (if no messages, next heartbeat is in approximately one hour)
%MSG
%MSG-d Console:  Early 07-Nov-2018 22:50:50 CST pre-events
otsdaq_utilities/otsdaq-utilities/Console/ConsoleSupervisor.cc [245]	Console is alive and waiting a long time... (if no messages, next heartbeat is in approximately one hour)
%MSG
%MSG-d Console:  Early 07-Nov-2018 23:50:53 CST pre-events
otsdaq_utilities/otsdaq-utilities/Console/ConsoleSupervisor.cc [245]	Console is alive and waiting a long time... (if no messages, next heartbeat is in approximately one hour)
%MSG
%MSG-d Console:  Early 08-Nov-2018 00:50:55 CST pre-events
otsdaq_utilities/otsdaq-utilities/Console/ConsoleSupervisor.cc [245]	Console is alive and waiting a long time... (if no messages, next heartbeat is in approximately one hour)
%MSG
%MSG-d Console:  Early 08-Nov-2018 01:50:57 CST pre-events
otsdaq_utilities/otsdaq-utilities/Console/ConsoleSupervisor.cc [245]	Console is alive and waiting a long time... (if no messages, next heartbeat is in approximately one hour)
%MSG
%MSG-d Console:  Early 08-Nov-2018 02:51:00 CST pre-events
otsdaq_utilities/otsdaq-utilities/Console/ConsoleSupervisor.cc [245]	Console is alive and waiting a long time... (if no messages, next heartbeat is in approximately one hour)
%MSG
%MSG-d Console:  Early 08-Nov-2018 03:51:02 CST pre-events
otsdaq_utilities/otsdaq-utilities/Console/ConsoleSupervisor.cc [245]	Console is alive and waiting a long time... (if no messages, next heartbeat is in approximately one hour)
%MSG
%MSG-d Console:  Early 08-Nov-2018 04:51:05 CST pre-events
otsdaq_utilities/otsdaq-utilities/Console/ConsoleSupervisor.cc [245]	Console is alive and waiting a long time... (if no messages, next heartbeat is in approximately one hour)
%MSG
%MSG-d Console:  Early 08-Nov-2018 05:51:07 CST pre-events
otsdaq_utilities/otsdaq-utilities/Console/ConsoleSupervisor.cc [245]	Console is alive and waiting a long time... (if no messages, next heartbeat is in approximately one hour)
%MSG
%MSG-d Console:  Early 08-Nov-2018 06:51:10 CST pre-events
otsdaq_utilities/otsdaq-utilities/Console/ConsoleSupervisor.cc [245]	Console is alive and waiting a long time... (if no messages, next heartbeat is in approximately one hour)
%MSG
%MSG-d Console:  Early 08-Nov-2018 07:51:12 CST pre-events
otsdaq_utilities/otsdaq-utilities/Console/ConsoleSupervisor.cc [245]	Console is alive and waiting a long time... (if no messages, next heartbeat is in approximately one hour)
%MSG
%MSG-d Console:  Early 08-Nov-2018 08:51:15 CST pre-events
otsdaq_utilities/otsdaq-utilities/Console/ConsoleSupervisor.cc [245]	Console is alive and waiting a long time... (if no messages, next heartbeat is in approximately one hour)
%MSG
%MSG-d Console:  Early 08-Nov-2018 09:51:17 CST pre-events
otsdaq_utilities/otsdaq-utilities/Console/ConsoleSupervisor.cc [245]	Console is alive and waiting a long time... (if no messages, next heartbeat is in approximately one hour)
%MSG
%MSG-d Console:  Early 08-Nov-2018 10:51:19 CST pre-events
otsdaq_utilities/otsdaq-utilities/Console/ConsoleSupervisor.cc [245]	Console is alive and waiting a long time... (if no messages, next heartbeat is in approximately one hour)
%MSG
%MSG-d GatewaySupervisor:  Early 08-Nov-2018 11:04:31 CST pre-events
otsdaq/otsdaq-core/GatewaySupervisor/GatewaySupervisor.cc [452]	Making logbook entry: admin logged in.
%MSG
%MSG-d Console:  Early 08-Nov-2018 11:06:32 CST pre-events
otsdaq_utilities/otsdaq-utilities/Console/ConsoleSupervisor.cc [240]	Console is alive and waiting... (if no messages, next heartbeat is in approximately two minutes)
%MSG
%MSG-d Console:  Early 08-Nov-2018 11:08:33 CST pre-events
otsdaq_utilities/otsdaq-utilities/Console/ConsoleSupervisor.cc [240]	Console is alive and waiting... (if no messages, next heartbeat is in approximately two minutes)
%MSG
%MSG-d Console:  Early 08-Nov-2018 11:10:34 CST pre-events
otsdaq_utilities/otsdaq-utilities/Console/ConsoleSupervisor.cc [240]	Console is alive and waiting... (if no messages, next heartbeat is in approximately two minutes)
%MSG
%MSG-d Console:  Early 08-Nov-2018 11:12:35 CST pre-events
otsdaq_utilities/otsdaq-utilities/Console/ConsoleSupervisor.cc [240]	Console is alive and waiting... (if no messages, next heartbeat is in approximately two minutes)
%MSG
%MSG-d Console:  Early 08-Nov-2018 11:14:36 CST pre-events
otsdaq_utilities/otsdaq-utilities/Console/ConsoleSupervisor.cc [240]	Console is alive and waiting... (if no messages, next heartbeat is in approximately two minutes)
%MSG
%MSG-d Console:  Early 08-Nov-2018 12:06:39 CST pre-events
otsdaq_utilities/otsdaq-utilities/Console/ConsoleSupervisor.cc [245]	Console is alive and waiting a long time... (if no messages, next heartbeat is in approximately one hour)
%MSG
%MSG-d Console:  Early 08-Nov-2018 13:06:41 CST pre-events
otsdaq_utilities/otsdaq-utilities/Console/ConsoleSupervisor.cc [245]	Console is alive and waiting a long time... (if no messages, next heartbeat is in approximately one hour)
%MSG
%MSG-d Console:  Early 08-Nov-2018 14:06:44 CST pre-events
otsdaq_utilities/otsdaq-utilities/Console/ConsoleSupervisor.cc [245]	Console is alive and waiting a long time... (if no messages, next heartbeat is in approximately one hour)
%MSG
%MSG-d Console:  Early 08-Nov-2018 15:06:46 CST pre-events
otsdaq_utilities/otsdaq-utilities/Console/ConsoleSupervisor.cc [245]	Console is alive and waiting a long time... (if no messages, next heartbeat is in approximately one hour)
%MSG
%MSG-d Console:  Early 08-Nov-2018 16:01:52 CST pre-events
otsdaq_utilities/otsdaq-utilities/Console/ConsoleSupervisor.cc [240]	Console is alive and waiting... (if no messages, next heartbeat is in approximately two minutes)
%MSG
%MSG-d Console:  Early 08-Nov-2018 16:06:10 CST pre-events
otsdaq_utilities/otsdaq-utilities/Console/ConsoleSupervisor.cc [240]	Console is alive and waiting... (if no messages, next heartbeat is in approximately two minutes)
%MSG
%MSG-e ots:  Early 08-Nov-2018 16:15:10 CST pre-events
otsdaq/otsdaq-core/CoreSupervisors/CoreSupervisorBase.cc [131]	'runFEMacro' ERROR encountered: :MacroMaker:otsdaq_utilities/otsdaq-utilities/MacroMaker/MacroMakerSupervisor.cc [1349] Attempted FE Macro Failed. Attempted target was UID=DTC1 at feSupervisorID=312.    The error was:
%MSG
%MSG-e ots:  Early 08-Nov-2018 16:15:23 CST pre-events
otsdaq/otsdaq-core/CoreSupervisors/CoreSupervisorBase.cc [131]	'runFEMacro' ERROR encountered: :MacroMaker:otsdaq_utilities/otsdaq-utilities/MacroMaker/MacroMakerSupervisor.cc [1349] Attempted FE Macro Failed. Attempted target was UID=DTC1 at feSupervisorID=312.    The error was:
%MSG
%MSG-e ots:  Early 08-Nov-2018 16:16:23 CST pre-events
otsdaq/otsdaq-core/CoreSupervisors/CoreSupervisorBase.cc [131]	'runFEMacro' ERROR encountered: :MacroMaker:otsdaq_utilities/otsdaq-utilities/MacroMaker/MacroMakerSupervisor.cc [1349] Attempted FE Macro Failed. Attempted target was UID=DTC1 at feSupervisorID=312.    The error was:
%MSG
%MSG-e ots:  Early 08-Nov-2018 16:17:12 CST pre-events
otsdaq/otsdaq-core/CoreSupervisors/CoreSupervisorBase.cc [131]	'runFEMacro' ERROR encountered: :MacroMaker:otsdaq_utilities/otsdaq-utilities/MacroMaker/MacroMakerSupervisor.cc [1349] Attempted FE Macro Failed. Attempted target was UID=DTC1 at feSupervisorID=312.    The error was:
%MSG
%MSG-e ots:  Early 08-Nov-2018 16:17:29 CST pre-events
otsdaq/otsdaq-core/CoreSupervisors/CoreSupervisorBase.cc [131]	'runFEMacro' ERROR encountered: :MacroMaker:otsdaq_utilities/otsdaq-utilities/MacroMaker/MacroMakerSupervisor.cc [1349] Attempted FE Macro Failed. Attempted target was UID=DTC1 at feSupervisorID=312.    The error was:
%MSG
%MSG-d Console:  Early 08-Nov-2018 16:19:29 CST pre-events
otsdaq_utilities/otsdaq-utilities/Console/ConsoleSupervisor.cc [240]	Console is alive and waiting... (if no messages, next heartbeat is in approximately two minutes)
%MSG
%MSG-e ots:  Early 08-Nov-2018 16:20:34 CST pre-events
otsdaq/otsdaq-core/CoreSupervisors/CoreSupervisorBase.cc [131]	'runFEMacro' ERROR encountered: :MacroMaker:otsdaq_utilities/otsdaq-utilities/MacroMaker/MacroMakerSupervisor.cc [1349] Attempted FE Macro Failed. Attempted target was UID=DTC1 at feSupervisorID=312.    The error was:
%MSG
%MSG-d Console:  Early 08-Nov-2018 16:22:35 CST pre-events
otsdaq_utilities/otsdaq-utilities/Console/ConsoleSupervisor.cc [240]	Console is alive and waiting... (if no messages, next heartbeat is in approximately two minutes)
%MSG
%MSG-d Console:  Early 08-Nov-2018 16:24:36 CST pre-events
otsdaq_utilities/otsdaq-utilities/Console/ConsoleSupervisor.cc [240]	Console is alive and waiting... (if no messages, next heartbeat is in approximately two minutes)
%MSG
%MSG-d Console:  Early 08-Nov-2018 16:26:37 CST pre-events
otsdaq_utilities/otsdaq-utilities/Console/ConsoleSupervisor.cc [240]	Console is alive and waiting... (if no messages, next heartbeat is in approximately two minutes)
%MSG
%MSG-d Console:  Early 08-Nov-2018 16:28:38 CST pre-events
otsdaq_utilities/otsdaq-utilities/Console/ConsoleSupervisor.cc [240]	Console is alive and waiting... (if no messages, next heartbeat is in approximately two minutes)
%MSG
%MSG-d Console:  Early 08-Nov-2018 16:30:39 CST pre-events
otsdaq_utilities/otsdaq-utilities/Console/ConsoleSupervisor.cc [240]	Console is alive and waiting... (if no messages, next heartbeat is in approximately two minutes)
%MSG
%MSG-d Console:  Early 08-Nov-2018 17:22:42 CST pre-events
otsdaq_utilities/otsdaq-utilities/Console/ConsoleSupervisor.cc [245]	Console is alive and waiting a long time... (if no messages, next heartbeat is in approximately one hour)
%MSG
%MSG-d Console:  Early 08-Nov-2018 18:22:45 CST pre-events
otsdaq_utilities/otsdaq-utilities/Console/ConsoleSupervisor.cc [245]	Console is alive and waiting a long time... (if no messages, next heartbeat is in approximately one hour)
%MSG
%MSG-d Console:  Early 08-Nov-2018 19:22:47 CST pre-events
otsdaq_utilities/otsdaq-utilities/Console/ConsoleSupervisor.cc [245]	Console is alive and waiting a long time... (if no messages, next heartbeat is in approximately one hour)
%MSG
%MSG-d Console:  Early 08-Nov-2018 20:22:50 CST pre-events
otsdaq_utilities/otsdaq-utilities/Console/ConsoleSupervisor.cc [245]	Console is alive and waiting a long time... (if no messages, next heartbeat is in approximately one hour)
%MSG
%MSG-d Console:  Early 08-Nov-2018 21:22:52 CST pre-events
otsdaq_utilities/otsdaq-utilities/Console/ConsoleSupervisor.cc [245]	Console is alive and waiting a long time... (if no messages, next heartbeat is in approximately one hour)
%MSG
%MSG-d Console:  Early 08-Nov-2018 22:22:55 CST pre-events
otsdaq_utilities/otsdaq-utilities/Console/ConsoleSupervisor.cc [245]	Console is alive and waiting a long time... (if no messages, next heartbeat is in approximately one hour)
%MSG
%MSG-d Console:  Early 08-Nov-2018 23:22:57 CST pre-events
otsdaq_utilities/otsdaq-utilities/Console/ConsoleSupervisor.cc [245]	Console is alive and waiting a long time... (if no messages, next heartbeat is in approximately one hour)
%MSG
%MSG-d Console:  Early 09-Nov-2018 00:22:59 CST pre-events
otsdaq_utilities/otsdaq-utilities/Console/ConsoleSupervisor.cc [245]	Console is alive and waiting a long time... (if no messages, next heartbeat is in approximately one hour)
%MSG
%MSG-d Console:  Early 09-Nov-2018 01:23:02 CST pre-events
otsdaq_utilities/otsdaq-utilities/Console/ConsoleSupervisor.cc [245]	Console is alive and waiting a long time... (if no messages, next heartbeat is in approximately one hour)
%MSG
%MSG-d Console:  Early 09-Nov-2018 02:23:04 CST pre-events
otsdaq_utilities/otsdaq-utilities/Console/ConsoleSupervisor.cc [245]	Console is alive and waiting a long time... (if no messages, next heartbeat is in approximately one hour)
%MSG
%MSG-d Console:  Early 09-Nov-2018 03:23:07 CST pre-events
otsdaq_utilities/otsdaq-utilities/Console/ConsoleSupervisor.cc [245]	Console is alive and waiting a long time... (if no messages, next heartbeat is in approximately one hour)
%MSG
%MSG-d Console:  Early 09-Nov-2018 04:23:09 CST pre-events
otsdaq_utilities/otsdaq-utilities/Console/ConsoleSupervisor.cc [245]	Console is alive and waiting a long time... (if no messages, next heartbeat is in approximately one hour)
%MSG
%MSG-d Console:  Early 09-Nov-2018 05:23:12 CST pre-events
otsdaq_utilities/otsdaq-utilities/Console/ConsoleSupervisor.cc [245]	Console is alive and waiting a long time... (if no messages, next heartbeat is in approximately one hour)
%MSG
%MSG-d Console:  Early 09-Nov-2018 06:23:14 CST pre-events
otsdaq_utilities/otsdaq-utilities/Console/ConsoleSupervisor.cc [245]	Console is alive and waiting a long time... (if no messages, next heartbeat is in approximately one hour)
%MSG
%MSG-d Console:  Early 09-Nov-2018 07:23:17 CST pre-events
otsdaq_utilities/otsdaq-utilities/Console/ConsoleSupervisor.cc [245]	Console is alive and waiting a long time... (if no messages, next heartbeat is in approximately one hour)
%MSG
%MSG-d Console:  Early 09-Nov-2018 08:23:19 CST pre-events
otsdaq_utilities/otsdaq-utilities/Console/ConsoleSupervisor.cc [245]	Console is alive and waiting a long time... (if no messages, next heartbeat is in approximately one hour)
%MSG
%MSG-d GatewaySupervisor:  Early 09-Nov-2018 08:36:52 CST pre-events
otsdaq/otsdaq-core/GatewaySupervisor/GatewaySupervisor.cc [452]	Making logbook entry: admin logged in.
%MSG
%MSG-d Console:  Early 09-Nov-2018 08:38:53 CST pre-events
otsdaq_utilities/otsdaq-utilities/Console/ConsoleSupervisor.cc [240]	Console is alive and waiting... (if no messages, next heartbeat is in approximately two minutes)
%MSG
%MSG-d GatewaySupervisor:  Early 09-Nov-2018 08:40:48 CST pre-events
otsdaq/otsdaq-core/GatewaySupervisor/GatewaySupervisor.cc [452]	Making logbook entry: Run halting.
%MSG
%MSG-d GatewaySupervisor:  Early 09-Nov-2018 08:40:55 CST pre-events
otsdaq/otsdaq-core/GatewaySupervisor/GatewaySupervisor.cc [452]	Making logbook entry: Configuring 'defaultSystemAlias' which translates to defaultConfig (16).
%MSG
%MSG-i ConfigurationManagerRW:  Early 09-Nov-2018 08:40:56 CST pre-events
otsdaq/otsdaq-core/ConfigurationInterface/ConfigurationManagerRW.cc [336]	Updating persistent active groups to /home/mu2edaq/sync_demo/ots/srcs/otsdaq_mu2e/Data/ServiceData/ActiveConfigurationGroups.cfg ...
%MSG
%MSG-i ConfigurationManagerRW:  Early 09-Nov-2018 08:40:56 CST pre-events
otsdaq/otsdaq-core/ConfigurationInterface/ConfigurationManagerRW.cc [359]	Active Context: testContext(38)
%MSG
%MSG-i ConfigurationManagerRW:  Early 09-Nov-2018 08:40:56 CST pre-events
otsdaq/otsdaq-core/ConfigurationInterface/ConfigurationManagerRW.cc [361]	Active Backbone: GroupAliasSaveWizBackbone(14)
%MSG
%MSG-i ConfigurationManagerRW:  Early 09-Nov-2018 08:40:56 CST pre-events
otsdaq/otsdaq-core/ConfigurationInterface/ConfigurationManagerRW.cc [363]	Active Iterate: (-1)
%MSG
%MSG-i ConfigurationManagerRW:  Early 09-Nov-2018 08:40:56 CST pre-events
otsdaq/otsdaq-core/ConfigurationInterface/ConfigurationManagerRW.cc [365]	Active Configuration: defaultConfig(16)
%MSG
%MSG-d GatewaySupervisor:  Early 09-Nov-2018 08:43:17 CST pre-events
otsdaq/otsdaq-core/GatewaySupervisor/GatewaySupervisor.cc [452]	Making logbook entry: Run halting.
%MSG
%MSG-d GatewaySupervisor:  Early 09-Nov-2018 08:43:44 CST pre-events
otsdaq/otsdaq-core/GatewaySupervisor/GatewaySupervisor.cc [452]	Making logbook entry: Configuring 'defaultSystemAlias' which translates to defaultConfig (16).
%MSG
%MSG-i ConfigurationManagerRW:  Early 09-Nov-2018 08:43:45 CST pre-events
otsdaq/otsdaq-core/ConfigurationInterface/ConfigurationManagerRW.cc [336]	Updating persistent active groups to /home/mu2edaq/sync_demo/ots/srcs/otsdaq_mu2e/Data/ServiceData/ActiveConfigurationGroups.cfg ...
%MSG
%MSG-i ConfigurationManagerRW:  Early 09-Nov-2018 08:43:45 CST pre-events
otsdaq/otsdaq-core/ConfigurationInterface/ConfigurationManagerRW.cc [359]	Active Context: testContext(38)
%MSG
%MSG-i ConfigurationManagerRW:  Early 09-Nov-2018 08:43:45 CST pre-events
otsdaq/otsdaq-core/ConfigurationInterface/ConfigurationManagerRW.cc [361]	Active Backbone: GroupAliasSaveWizBackbone(14)
%MSG
%MSG-i ConfigurationManagerRW:  Early 09-Nov-2018 08:43:45 CST pre-events
otsdaq/otsdaq-core/ConfigurationInterface/ConfigurationManagerRW.cc [363]	Active Iterate: (-1)
%MSG
%MSG-i ConfigurationManagerRW:  Early 09-Nov-2018 08:43:45 CST pre-events
otsdaq/otsdaq-core/ConfigurationInterface/ConfigurationManagerRW.cc [365]	Active Configuration: defaultConfig(16)
%MSG
