%MSG-i configureMessageFacility:  RunControlStateMachine  12-Nov-2018 13:49:00 CST pre-events configureMessageFacility.cc:286
Message Facility Application RunControlStateMachine configured with: debugModules:["*"] destinations:{file:{append:false directory:"/home/mu2edaq/sync_demo/ots/srcs/otsdaq_mu2e/Data/Logs/RunControlStateMachine" pattern:"RunControlStateMachine-%?H%t-%p.log" seperator:"-" threshold:"DEBUG" timestamp_pattern:"%Y%m%d%H%M%S" type:"GenFile"} udp:{host:"192.168.157.6" port:30000 threshold:"DEBUG" type:"UDP"}}
%MSG
%MSG-i _TCPConnect:  RunControlStateMachine 12-Nov-2018 13:49:00 CST pre-events TCPConnect.cc:334
Resolving host 192.168.157.6, on port 30000
%MSG
%MSG-i _TCPConnect:  RunControlStateMachine 12-Nov-2018 13:49:00 CST pre-events TCPConnect.cc:241
Resolving ip mu2edaq06.fnal.gov
%MSG
%MSG-i configureMessageFacility:  CorePropertySupervisorBase  12-Nov-2018 13:49:01 CST pre-events configureMessageFacility.cc:286
Message Facility Application CorePropertySupervisorBase configured with: debugModules:["*"] destinations:{file:{append:false directory:"/home/mu2edaq/sync_demo/ots/srcs/otsdaq_mu2e/Data/Logs/CorePropertySupervisorBase" pattern:"CorePropertySupervisorBase-%?H%t-%p.log" seperator:"-" threshold:"DEBUG" timestamp_pattern:"%Y%m%d%H%M%S" type:"GenFile"} udp:{host:"192.168.157.6" port:30000 threshold:"DEBUG" type:"UDP"}}
%MSG
%MSG-i WebUsers:  CorePropertySupervisorBase-mu2edaq06-0  12-Nov-2018 13:49:01 CST pre-events
otsdaq/otsdaq-core/WebUsersUtilities/WebUsers.cc [2803]	User 'admin' has locked out the system!
%MSG
%MSG-d Iterator:  CorePropertySupervisorBase-mu2edaq06-0  12-Nov-2018 13:49:01 CST pre-events
otsdaq/otsdaq-core/GatewaySupervisor/Iterator.cc [28]	Iterator constructed.
%MSG
%MSG-i configureMessageFacility:  GatewaySupervisor 12-Nov-2018 13:49:01 CST  pre-events configureMessageFacility.cc:286
Message Facility Application GatewaySupervisor configured with: debugModules:["*"] destinations:{file:{append:false directory:"/home/mu2edaq/sync_demo/ots/srcs/otsdaq_mu2e/Data/Logs/GatewaySupervisor" pattern:"GatewaySupervisor-%?H%t-%p.log" seperator:"-" threshold:"DEBUG" timestamp_pattern:"%Y%m%d%H%M%S" type:"GenFile"} udp:{host:"192.168.157.6" port:30000 threshold:"DEBUG" type:"UDP"}}
%MSG
%MSG-i configureMessageFacility:  CorePropertySupervisorBase  12-Nov-2018 13:49:02 CST pre-events configureMessageFacility.cc:286
Message Facility Application CorePropertySupervisorBase configured with: debugModules:["*"] destinations:{file:{append:false directory:"/home/mu2edaq/sync_demo/ots/srcs/otsdaq_mu2e/Data/Logs/CorePropertySupervisorBase" pattern:"CorePropertySupervisorBase-%?H%t-%p.log" seperator:"-" threshold:"DEBUG" timestamp_pattern:"%Y%m%d%H%M%S" type:"GenFile"} udp:{host:"192.168.157.6" port:30000 threshold:"DEBUG" type:"UDP"}}
%MSG
%MSG-i configureMessageFacility:  RunControlStateMachine  12-Nov-2018 13:49:02 CST pre-events configureMessageFacility.cc:286
Message Facility Application RunControlStateMachine configured with: debugModules:["*"] destinations:{file:{append:false directory:"/home/mu2edaq/sync_demo/ots/srcs/otsdaq_mu2e/Data/Logs/RunControlStateMachine" pattern:"RunControlStateMachine-%?H%t-%p.log" seperator:"-" threshold:"DEBUG" timestamp_pattern:"%Y%m%d%H%M%S" type:"GenFile"} udp:{host:"192.168.157.6" port:30000 threshold:"DEBUG" type:"UDP"}}
%MSG
%MSG-i configureMessageFacility:  CoreSupervisorBase 12-Nov-2018 13:49:02 CST  pre-events configureMessageFacility.cc:286
Message Facility Application CoreSupervisorBase configured with: debugModules:["*"] destinations:{file:{append:false directory:"/home/mu2edaq/sync_demo/ots/srcs/otsdaq_mu2e/Data/Logs/CoreSupervisorBase" pattern:"CoreSupervisorBase-%?H%t-%p.log" seperator:"-" threshold:"DEBUG" timestamp_pattern:"%Y%m%d%H%M%S" type:"GenFile"} udp:{host:"192.168.157.6" port:30000 threshold:"DEBUG" type:"UDP"}}
%MSG
%MSG-i configureMessageFacility:  ChatSupervisor 12-Nov-2018 13:49:02 CST  pre-events configureMessageFacility.cc:286
Message Facility Application ChatSupervisor configured with: debugModules:["*"] destinations:{file:{append:false directory:"/home/mu2edaq/sync_demo/ots/srcs/otsdaq_mu2e/Data/Logs/ChatSupervisor" pattern:"ChatSupervisor-%?H%t-%p.log" seperator:"-" threshold:"DEBUG" timestamp_pattern:"%Y%m%d%H%M%S" type:"GenFile"} udp:{host:"192.168.157.6" port:30000 threshold:"DEBUG" type:"UDP"}}
%MSG
%MSG-i configureMessageFacility:  CorePropertySupervisorBase  12-Nov-2018 13:49:02 CST pre-events configureMessageFacility.cc:286
Message Facility Application CorePropertySupervisorBase configured with: debugModules:["*"] destinations:{file:{append:false directory:"/home/mu2edaq/sync_demo/ots/srcs/otsdaq_mu2e/Data/Logs/CorePropertySupervisorBase" pattern:"CorePropertySupervisorBase-%?H%t-%p.log" seperator:"-" threshold:"DEBUG" timestamp_pattern:"%Y%m%d%H%M%S" type:"GenFile"} udp:{host:"192.168.157.6" port:30000 threshold:"DEBUG" type:"UDP"}}
%MSG
%MSG-i configureMessageFacility:  RunControlStateMachine  12-Nov-2018 13:49:03 CST pre-events configureMessageFacility.cc:286
Message Facility Application RunControlStateMachine configured with: debugModules:["*"] destinations:{file:{append:false directory:"/home/mu2edaq/sync_demo/ots/srcs/otsdaq_mu2e/Data/Logs/RunControlStateMachine" pattern:"RunControlStateMachine-%?H%t-%p.log" seperator:"-" threshold:"DEBUG" timestamp_pattern:"%Y%m%d%H%M%S" type:"GenFile"} udp:{host:"192.168.157.6" port:30000 threshold:"DEBUG" type:"UDP"}}
%MSG
%MSG-i configureMessageFacility:  CoreSupervisorBase 12-Nov-2018 13:49:03 CST  pre-events configureMessageFacility.cc:286
Message Facility Application CoreSupervisorBase configured with: debugModules:["*"] destinations:{file:{append:false directory:"/home/mu2edaq/sync_demo/ots/srcs/otsdaq_mu2e/Data/Logs/CoreSupervisorBase" pattern:"CoreSupervisorBase-%?H%t-%p.log" seperator:"-" threshold:"DEBUG" timestamp_pattern:"%Y%m%d%H%M%S" type:"GenFile"} udp:{host:"192.168.157.6" port:30000 threshold:"DEBUG" type:"UDP"}}
%MSG
%MSG-i configureMessageFacility:  ConsoleSupervisor 12-Nov-2018 13:49:03 CST  pre-events configureMessageFacility.cc:286
Message Facility Application ConsoleSupervisor configured with: debugModules:["*"] destinations:{file:{append:false directory:"/home/mu2edaq/sync_demo/ots/srcs/otsdaq_mu2e/Data/Logs/ConsoleSupervisor" pattern:"ConsoleSupervisor-%?H%t-%p.log" seperator:"-" threshold:"DEBUG" timestamp_pattern:"%Y%m%d%H%M%S" type:"GenFile"} udp:{host:"192.168.157.6" port:30000 threshold:"DEBUG" type:"UDP"}}
%MSG
%MSG-d Console:  Early 12-Nov-2018 13:49:03 CST pre-events
otsdaq_utilities/otsdaq-utilities/Console/ConsoleSupervisor.cc [161]	DEBUG messages look like this.
%MSG
%MSG-i Console:  Early 12-Nov-2018 13:49:03 CST pre-events
otsdaq_utilities/otsdaq-utilities/Console/ConsoleSupervisor.cc [162]	INFO messages look like this.
%MSG
%MSG-w Console:  Early 12-Nov-2018 13:49:03 CST pre-events
otsdaq_utilities/otsdaq-utilities/Console/ConsoleSupervisor.cc [163]	WARNING messages look like this.
%MSG
%MSG-e Console:  Early 12-Nov-2018 13:49:03 CST pre-events
otsdaq_utilities/otsdaq-utilities/Console/ConsoleSupervisor.cc [164]	ERROR messages look like this.
%MSG
%MSG-i configureMessageFacility:  CorePropertySupervisorBase  12-Nov-2018 13:49:03 CST pre-events configureMessageFacility.cc:286
Message Facility Application CorePropertySupervisorBase configured with: debugModules:["*"] destinations:{file:{append:false directory:"/home/mu2edaq/sync_demo/ots/srcs/otsdaq_mu2e/Data/Logs/CorePropertySupervisorBase" pattern:"CorePropertySupervisorBase-%?H%t-%p.log" seperator:"-" threshold:"DEBUG" timestamp_pattern:"%Y%m%d%H%M%S" type:"GenFile"} udp:{host:"192.168.157.6" port:30000 threshold:"DEBUG" type:"UDP"}}
%MSG
%MSG-d GatewaySupervisor:  Early 12-Nov-2018 13:49:03 CST pre-events
otsdaq/otsdaq-core/GatewaySupervisor/GatewaySupervisor.cc [452]	Making logbook entry: ots started.
%MSG
%MSG-d GatewaySupervisor:  Early 12-Nov-2018 13:49:04 CST pre-events
otsdaq/otsdaq-core/GatewaySupervisor/GatewaySupervisor.cc [452]	Making logbook entry: admin logged in.
%MSG
%MSG-i configureMessageFacility:  RunControlStateMachine  12-Nov-2018 13:49:04 CST pre-events configureMessageFacility.cc:286
Message Facility Application RunControlStateMachine configured with: debugModules:["*"] destinations:{file:{append:false directory:"/home/mu2edaq/sync_demo/ots/srcs/otsdaq_mu2e/Data/Logs/RunControlStateMachine" pattern:"RunControlStateMachine-%?H%t-%p.log" seperator:"-" threshold:"DEBUG" timestamp_pattern:"%Y%m%d%H%M%S" type:"GenFile"} udp:{host:"192.168.157.6" port:30000 threshold:"DEBUG" type:"UDP"}}
%MSG
%MSG-i configureMessageFacility:  CoreSupervisorBase 12-Nov-2018 13:49:04 CST  pre-events configureMessageFacility.cc:286
Message Facility Application CoreSupervisorBase configured with: debugModules:["*"] destinations:{file:{append:false directory:"/home/mu2edaq/sync_demo/ots/srcs/otsdaq_mu2e/Data/Logs/CoreSupervisorBase" pattern:"CoreSupervisorBase-%?H%t-%p.log" seperator:"-" threshold:"DEBUG" timestamp_pattern:"%Y%m%d%H%M%S" type:"GenFile"} udp:{host:"192.168.157.6" port:30000 threshold:"DEBUG" type:"UDP"}}
%MSG
%MSG-i configureMessageFacility:  LogbookSupervisor 12-Nov-2018 13:49:04 CST  pre-events configureMessageFacility.cc:286
Message Facility Application LogbookSupervisor configured with: debugModules:["*"] destinations:{file:{append:false directory:"/home/mu2edaq/sync_demo/ots/srcs/otsdaq_mu2e/Data/Logs/LogbookSupervisor" pattern:"LogbookSupervisor-%?H%t-%p.log" seperator:"-" threshold:"DEBUG" timestamp_pattern:"%Y%m%d%H%M%S" type:"GenFile"} udp:{host:"192.168.157.6" port:30000 threshold:"DEBUG" type:"UDP"}}
%MSG
%MSG-i configureMessageFacility:  CorePropertySupervisorBase  12-Nov-2018 13:49:04 CST pre-events configureMessageFacility.cc:286
Message Facility Application CorePropertySupervisorBase configured with: debugModules:["*"] destinations:{file:{append:false directory:"/home/mu2edaq/sync_demo/ots/srcs/otsdaq_mu2e/Data/Logs/CorePropertySupervisorBase" pattern:"CorePropertySupervisorBase-%?H%t-%p.log" seperator:"-" threshold:"DEBUG" timestamp_pattern:"%Y%m%d%H%M%S" type:"GenFile"} udp:{host:"192.168.157.6" port:30000 threshold:"DEBUG" type:"UDP"}}
%MSG
%MSG-i configureMessageFacility:  RunControlStateMachine  12-Nov-2018 13:49:05 CST pre-events configureMessageFacility.cc:286
Message Facility Application RunControlStateMachine configured with: debugModules:["*"] destinations:{file:{append:false directory:"/home/mu2edaq/sync_demo/ots/srcs/otsdaq_mu2e/Data/Logs/RunControlStateMachine" pattern:"RunControlStateMachine-%?H%t-%p.log" seperator:"-" threshold:"DEBUG" timestamp_pattern:"%Y%m%d%H%M%S" type:"GenFile"} udp:{host:"192.168.157.6" port:30000 threshold:"DEBUG" type:"UDP"}}
%MSG
%MSG-i configureMessageFacility:  CoreSupervisorBase 12-Nov-2018 13:49:05 CST  pre-events configureMessageFacility.cc:286
Message Facility Application CoreSupervisorBase configured with: debugModules:["*"] destinations:{file:{append:false directory:"/home/mu2edaq/sync_demo/ots/srcs/otsdaq_mu2e/Data/Logs/CoreSupervisorBase" pattern:"CoreSupervisorBase-%?H%t-%p.log" seperator:"-" threshold:"DEBUG" timestamp_pattern:"%Y%m%d%H%M%S" type:"GenFile"} udp:{host:"192.168.157.6" port:30000 threshold:"DEBUG" type:"UDP"}}
%MSG
%MSG-i configureMessageFacility:  ConfigurationGUI 12-Nov-2018 13:49:05 CST  pre-events configureMessageFacility.cc:286
Message Facility Application ConfigurationGUI configured with: debugModules:["*"] destinations:{file:{append:false directory:"/home/mu2edaq/sync_demo/ots/srcs/otsdaq_mu2e/Data/Logs/ConfigurationGUI" pattern:"ConfigurationGUI-%?H%t-%p.log" seperator:"-" threshold:"DEBUG" timestamp_pattern:"%Y%m%d%H%M%S" type:"GenFile"} udp:{host:"192.168.157.6" port:30000 threshold:"DEBUG" type:"UDP"}}
%MSG
%MSG-i configureMessageFacility:  CorePropertySupervisorBase  12-Nov-2018 13:49:06 CST pre-events configureMessageFacility.cc:286
Message Facility Application CorePropertySupervisorBase configured with: debugModules:["*"] destinations:{file:{append:false directory:"/home/mu2edaq/sync_demo/ots/srcs/otsdaq_mu2e/Data/Logs/CorePropertySupervisorBase" pattern:"CorePropertySupervisorBase-%?H%t-%p.log" seperator:"-" threshold:"DEBUG" timestamp_pattern:"%Y%m%d%H%M%S" type:"GenFile"} udp:{host:"192.168.157.6" port:30000 threshold:"DEBUG" type:"UDP"}}
%MSG
%MSG-i configureMessageFacility:  RunControlStateMachine  12-Nov-2018 13:49:06 CST pre-events configureMessageFacility.cc:286
Message Facility Application RunControlStateMachine configured with: debugModules:["*"] destinations:{file:{append:false directory:"/home/mu2edaq/sync_demo/ots/srcs/otsdaq_mu2e/Data/Logs/RunControlStateMachine" pattern:"RunControlStateMachine-%?H%t-%p.log" seperator:"-" threshold:"DEBUG" timestamp_pattern:"%Y%m%d%H%M%S" type:"GenFile"} udp:{host:"192.168.157.6" port:30000 threshold:"DEBUG" type:"UDP"}}
%MSG
%MSG-i configureMessageFacility:  CoreSupervisorBase 12-Nov-2018 13:49:06 CST  pre-events configureMessageFacility.cc:286
Message Facility Application CoreSupervisorBase configured with: debugModules:["*"] destinations:{file:{append:false directory:"/home/mu2edaq/sync_demo/ots/srcs/otsdaq_mu2e/Data/Logs/CoreSupervisorBase" pattern:"CoreSupervisorBase-%?H%t-%p.log" seperator:"-" threshold:"DEBUG" timestamp_pattern:"%Y%m%d%H%M%S" type:"GenFile"} udp:{host:"192.168.157.6" port:30000 threshold:"DEBUG" type:"UDP"}}
%MSG
%MSG-i configureMessageFacility:  MacroMaker 12-Nov-2018 13:49:06 CST pre-events configureMessageFacility.cc:286
Message Facility Application MacroMaker configured with: debugModules:["*"] destinations:{file:{append:false directory:"/home/mu2edaq/sync_demo/ots/srcs/otsdaq_mu2e/Data/Logs/MacroMaker" pattern:"MacroMaker-%?H%t-%p.log" seperator:"-" threshold:"DEBUG" timestamp_pattern:"%Y%m%d%H%M%S" type:"GenFile"} udp:{host:"192.168.157.6" port:30000 threshold:"DEBUG" type:"UDP"}}
%MSG
%MSG-d GatewaySupervisor:  Early 12-Nov-2018 13:49:23 CST pre-events
otsdaq/otsdaq-core/GatewaySupervisor/GatewaySupervisor.cc [452]	Making logbook entry: Configuring 'defaultSystemAlias' which translates to defaultConfig (16).
%MSG
%MSG-i ConfigurationManagerRW:  Early 12-Nov-2018 13:49:24 CST pre-events
otsdaq/otsdaq-core/ConfigurationInterface/ConfigurationManagerRW.cc [336]	Updating persistent active groups to /home/mu2edaq/sync_demo/ots/srcs/otsdaq_mu2e/Data/ServiceData/ActiveConfigurationGroups.cfg ...
%MSG
%MSG-i ConfigurationManagerRW:  Early 12-Nov-2018 13:49:24 CST pre-events
otsdaq/otsdaq-core/ConfigurationInterface/ConfigurationManagerRW.cc [359]	Active Context: testContext(38)
%MSG
%MSG-i ConfigurationManagerRW:  Early 12-Nov-2018 13:49:24 CST pre-events
otsdaq/otsdaq-core/ConfigurationInterface/ConfigurationManagerRW.cc [361]	Active Backbone: GroupAliasSaveWizBackbone(14)
%MSG
%MSG-i ConfigurationManagerRW:  Early 12-Nov-2018 13:49:24 CST pre-events
otsdaq/otsdaq-core/ConfigurationInterface/ConfigurationManagerRW.cc [363]	Active Iterate: (-1)
%MSG
%MSG-i ConfigurationManagerRW:  Early 12-Nov-2018 13:49:24 CST pre-events
otsdaq/otsdaq-core/ConfigurationInterface/ConfigurationManagerRW.cc [365]	Active Configuration: defaultConfig(16)
%MSG
%MSG-d Console:  Early 12-Nov-2018 13:52:31 CST pre-events
otsdaq_utilities/otsdaq-utilities/Console/ConsoleSupervisor.cc [240]	Console is alive and waiting... (if no messages, next heartbeat is in approximately two minutes)
%MSG
%MSG-d Console:  Early 12-Nov-2018 13:54:32 CST pre-events
otsdaq_utilities/otsdaq-utilities/Console/ConsoleSupervisor.cc [240]	Console is alive and waiting... (if no messages, next heartbeat is in approximately two minutes)
%MSG
%MSG-d GatewaySupervisor:  Early 12-Nov-2018 13:54:46 CST pre-events
otsdaq/otsdaq-core/GatewaySupervisor/GatewaySupervisor.cc [452]	Making logbook entry: Run halting.
%MSG
%MSG-d GatewaySupervisor:  Early 12-Nov-2018 13:54:49 CST pre-events
otsdaq/otsdaq-core/GatewaySupervisor/GatewaySupervisor.cc [452]	Making logbook entry: Configuring 'defaultSystemAlias' which translates to defaultConfig (16).
%MSG
%MSG-i ConfigurationManagerRW:  Early 12-Nov-2018 13:54:49 CST pre-events
otsdaq/otsdaq-core/ConfigurationInterface/ConfigurationManagerRW.cc [336]	Updating persistent active groups to /home/mu2edaq/sync_demo/ots/srcs/otsdaq_mu2e/Data/ServiceData/ActiveConfigurationGroups.cfg ...
%MSG
%MSG-i ConfigurationManagerRW:  Early 12-Nov-2018 13:54:49 CST pre-events
otsdaq/otsdaq-core/ConfigurationInterface/ConfigurationManagerRW.cc [359]	Active Context: testContext(38)
%MSG
%MSG-i ConfigurationManagerRW:  Early 12-Nov-2018 13:54:49 CST pre-events
otsdaq/otsdaq-core/ConfigurationInterface/ConfigurationManagerRW.cc [361]	Active Backbone: GroupAliasSaveWizBackbone(14)
%MSG
%MSG-i ConfigurationManagerRW:  Early 12-Nov-2018 13:54:49 CST pre-events
otsdaq/otsdaq-core/ConfigurationInterface/ConfigurationManagerRW.cc [363]	Active Iterate: (-1)
%MSG
%MSG-i ConfigurationManagerRW:  Early 12-Nov-2018 13:54:49 CST pre-events
otsdaq/otsdaq-core/ConfigurationInterface/ConfigurationManagerRW.cc [365]	Active Configuration: defaultConfig(16)
%MSG
%MSG-d Console:  Early 12-Nov-2018 13:57:56 CST pre-events
otsdaq_utilities/otsdaq-utilities/Console/ConsoleSupervisor.cc [240]	Console is alive and waiting... (if no messages, next heartbeat is in approximately two minutes)
%MSG
%MSG-d Console:  Early 12-Nov-2018 13:59:57 CST pre-events
otsdaq_utilities/otsdaq-utilities/Console/ConsoleSupervisor.cc [240]	Console is alive and waiting... (if no messages, next heartbeat is in approximately two minutes)
%MSG
%MSG-d Console:  Early 12-Nov-2018 14:01:58 CST pre-events
otsdaq_utilities/otsdaq-utilities/Console/ConsoleSupervisor.cc [240]	Console is alive and waiting... (if no messages, next heartbeat is in approximately two minutes)
%MSG
%MSG-d Console:  Early 12-Nov-2018 14:03:59 CST pre-events
otsdaq_utilities/otsdaq-utilities/Console/ConsoleSupervisor.cc [240]	Console is alive and waiting... (if no messages, next heartbeat is in approximately two minutes)
%MSG
%MSG-d GatewaySupervisor:  Early 12-Nov-2018 14:05:46 CST pre-events
otsdaq/otsdaq-core/GatewaySupervisor/GatewaySupervisor.cc [452]	Making logbook entry: Run halting.
%MSG
%MSG-d GatewaySupervisor:  Early 12-Nov-2018 14:05:48 CST pre-events
otsdaq/otsdaq-core/GatewaySupervisor/GatewaySupervisor.cc [452]	Making logbook entry: Configuring 'defaultSystemAlias' which translates to defaultConfig (16).
%MSG
%MSG-i ConfigurationManagerRW:  Early 12-Nov-2018 14:05:49 CST pre-events
otsdaq/otsdaq-core/ConfigurationInterface/ConfigurationManagerRW.cc [336]	Updating persistent active groups to /home/mu2edaq/sync_demo/ots/srcs/otsdaq_mu2e/Data/ServiceData/ActiveConfigurationGroups.cfg ...
%MSG
%MSG-i ConfigurationManagerRW:  Early 12-Nov-2018 14:05:49 CST pre-events
otsdaq/otsdaq-core/ConfigurationInterface/ConfigurationManagerRW.cc [359]	Active Context: testContext(38)
%MSG
%MSG-i ConfigurationManagerRW:  Early 12-Nov-2018 14:05:49 CST pre-events
otsdaq/otsdaq-core/ConfigurationInterface/ConfigurationManagerRW.cc [361]	Active Backbone: GroupAliasSaveWizBackbone(14)
%MSG
%MSG-i ConfigurationManagerRW:  Early 12-Nov-2018 14:05:49 CST pre-events
otsdaq/otsdaq-core/ConfigurationInterface/ConfigurationManagerRW.cc [363]	Active Iterate: (-1)
%MSG
%MSG-i ConfigurationManagerRW:  Early 12-Nov-2018 14:05:49 CST pre-events
otsdaq/otsdaq-core/ConfigurationInterface/ConfigurationManagerRW.cc [365]	Active Configuration: defaultConfig(16)
%MSG
%MSG-d Console:  Early 12-Nov-2018 14:08:56 CST pre-events
otsdaq_utilities/otsdaq-utilities/Console/ConsoleSupervisor.cc [240]	Console is alive and waiting... (if no messages, next heartbeat is in approximately two minutes)
%MSG
