%MSG-i configureMessageFacility:  Early 05-Apr-2019 11:53:15 CDT pre-events configureMessageFacility.cc:286
Message Facility Application RunControlStateMachine configured with: debugModules:["*"] destinations:{file:{append:false directory:"/home/mu2edaq/sync_demo/ots/srcs/otsdaq_mu2e/Data/Logs/RunControlStateMachine" pattern:"RunControlStateMachine-%?H%t-%p.log" seperator:"-" threshold:"DEBUG" timestamp_pattern:"%Y%m%d%H%M%S" type:"GenFile"} udp:{host:"192.168.157.6" port:30000 threshold:"DEBUG" type:"UDP"}}
%MSG
%MSG-i _TCPConnect:  DAQ 05-Apr-2019 11:53:15 CDT Booted TCPConnect.cc:334
Resolving host 192.168.157.6, on port 30000
%MSG
%MSG-i _TCPConnect:  DAQ 05-Apr-2019 11:53:15 CDT Booted TCPConnect.cc:241
Resolving ip mu2edaq06.fnal.gov
%MSG
%MSG-i configureMessageFacility:  DAQ 05-Apr-2019 11:53:22 CDT Booted configureMessageFacility.cc:286
Message Facility Application CorePropertySupervisorBase configured with: debugModules:["*"] destinations:{file:{append:false directory:"/home/mu2edaq/sync_demo/ots/srcs/otsdaq_mu2e/Data/Logs/CorePropertySupervisorBase" pattern:"CorePropertySupervisorBase-%?H%t-%p.log" seperator:"-" threshold:"DEBUG" timestamp_pattern:"%Y%m%d%H%M%S" type:"GenFile"} udp:{host:"192.168.157.6" port:30000 threshold:"DEBUG" type:"UDP"}}
%MSG
%MSG-i WebUsers:  DAQ 05-Apr-2019 11:53:39 CDT Booted WebUsers.cc:3050
otsdaq/otsdaq-core/WebUsersUtilities/WebUsers.cc [3050]	User 'admin' has locked out the system!
%MSG
%MSG-i configureMessageFacility:  DAQ 05-Apr-2019 11:53:41 CDT Booted configureMessageFacility.cc:286
Message Facility Application GatewaySupervisor configured with: debugModules:["*"] destinations:{file:{append:false directory:"/home/mu2edaq/sync_demo/ots/srcs/otsdaq_mu2e/Data/Logs/GatewaySupervisor" pattern:"GatewaySupervisor-%?H%t-%p.log" seperator:"-" threshold:"DEBUG" timestamp_pattern:"%Y%m%d%H%M%S" type:"GenFile"} udp:{host:"192.168.157.6" port:30000 threshold:"DEBUG" type:"UDP"}}
%MSG
%MSG-i configureMessageFacility:  DAQ 05-Apr-2019 11:53:49 CDT Booted configureMessageFacility.cc:286
Message Facility Application CorePropertySupervisorBase configured with: debugModules:["*"] destinations:{file:{append:false directory:"/home/mu2edaq/sync_demo/ots/srcs/otsdaq_mu2e/Data/Logs/CorePropertySupervisorBase" pattern:"CorePropertySupervisorBase-%?H%t-%p.log" seperator:"-" threshold:"DEBUG" timestamp_pattern:"%Y%m%d%H%M%S" type:"GenFile"} udp:{host:"192.168.157.6" port:30000 threshold:"DEBUG" type:"UDP"}}
%MSG
%MSG-i configureMessageFacility:  DAQ 05-Apr-2019 11:53:57 CDT Booted configureMessageFacility.cc:286
Message Facility Application RunControlStateMachine configured with: debugModules:["*"] destinations:{file:{append:false directory:"/home/mu2edaq/sync_demo/ots/srcs/otsdaq_mu2e/Data/Logs/RunControlStateMachine" pattern:"RunControlStateMachine-%?H%t-%p.log" seperator:"-" threshold:"DEBUG" timestamp_pattern:"%Y%m%d%H%M%S" type:"GenFile"} udp:{host:"192.168.157.6" port:30000 threshold:"DEBUG" type:"UDP"}}
%MSG
%MSG-i configureMessageFacility:  DAQ 05-Apr-2019 11:53:57 CDT Booted configureMessageFacility.cc:286
Message Facility Application CoreSupervisorBase configured with: debugModules:["*"] destinations:{file:{append:false directory:"/home/mu2edaq/sync_demo/ots/srcs/otsdaq_mu2e/Data/Logs/CoreSupervisorBase" pattern:"CoreSupervisorBase-%?H%t-%p.log" seperator:"-" threshold:"DEBUG" timestamp_pattern:"%Y%m%d%H%M%S" type:"GenFile"} udp:{host:"192.168.157.6" port:30000 threshold:"DEBUG" type:"UDP"}}
%MSG
%MSG-i configureMessageFacility:  DAQ 05-Apr-2019 11:53:57 CDT Booted configureMessageFacility.cc:286
Message Facility Application ChatSupervisor configured with: debugModules:["*"] destinations:{file:{append:false directory:"/home/mu2edaq/sync_demo/ots/srcs/otsdaq_mu2e/Data/Logs/ChatSupervisor" pattern:"ChatSupervisor-%?H%t-%p.log" seperator:"-" threshold:"DEBUG" timestamp_pattern:"%Y%m%d%H%M%S" type:"GenFile"} udp:{host:"192.168.157.6" port:30000 threshold:"DEBUG" type:"UDP"}}
%MSG
%MSG-i configureMessageFacility:  DAQ 05-Apr-2019 11:54:10 CDT Booted configureMessageFacility.cc:286
Message Facility Application CorePropertySupervisorBase configured with: debugModules:["*"] destinations:{file:{append:false directory:"/home/mu2edaq/sync_demo/ots/srcs/otsdaq_mu2e/Data/Logs/CorePropertySupervisorBase" pattern:"CorePropertySupervisorBase-%?H%t-%p.log" seperator:"-" threshold:"DEBUG" timestamp_pattern:"%Y%m%d%H%M%S" type:"GenFile"} udp:{host:"192.168.157.6" port:30000 threshold:"DEBUG" type:"UDP"}}
%MSG
%MSG-i configureMessageFacility:  DAQ 05-Apr-2019 11:54:28 CDT Booted configureMessageFacility.cc:286
Message Facility Application RunControlStateMachine configured with: debugModules:["*"] destinations:{file:{append:false directory:"/home/mu2edaq/sync_demo/ots/srcs/otsdaq_mu2e/Data/Logs/RunControlStateMachine" pattern:"RunControlStateMachine-%?H%t-%p.log" seperator:"-" threshold:"DEBUG" timestamp_pattern:"%Y%m%d%H%M%S" type:"GenFile"}}
%MSG
%MSG-i configureMessageFacility:  DAQ 05-Apr-2019 11:54:28 CDT Booted configureMessageFacility.cc:286
Message Facility Application CoreSupervisorBase configured with: debugModules:["*"] destinations:{file:{append:false directory:"/home/mu2edaq/sync_demo/ots/srcs/otsdaq_mu2e/Data/Logs/CoreSupervisorBase" pattern:"CoreSupervisorBase-%?H%t-%p.log" seperator:"-" threshold:"DEBUG" timestamp_pattern:"%Y%m%d%H%M%S" type:"GenFile"}}
%MSG
%MSG-i configureMessageFacility:  DAQ 05-Apr-2019 11:54:28 CDT Booted configureMessageFacility.cc:286
Message Facility Application ConsoleSupervisor configured with: debugModules:["*"] destinations:{file:{append:false directory:"/home/mu2edaq/sync_demo/ots/srcs/otsdaq_mu2e/Data/Logs/ConsoleSupervisor" pattern:"ConsoleSupervisor-%?H%t-%p.log" seperator:"-" threshold:"DEBUG" timestamp_pattern:"%Y%m%d%H%M%S" type:"GenFile"}}
%MSG
%MSG-i Console:  Early 05-Apr-2019 11:54:29 CDT pre-events ConsoleSupervisor.cc:171
otsdaq_utilities/otsdaq-utilities/Console/ConsoleSupervisor.cc [171]	INFO messages look like this.
%MSG
%MSG-w Console:  Early 05-Apr-2019 11:54:29 CDT pre-events ConsoleSupervisor.cc:172
otsdaq_utilities/otsdaq-utilities/Console/ConsoleSupervisor.cc [172]	WARNING messages look like this.
%MSG
%MSG-e Console:  Early 05-Apr-2019 11:54:29 CDT pre-events ConsoleSupervisor.cc:173
otsdaq_utilities/otsdaq-utilities/Console/ConsoleSupervisor.cc [173]	ERROR messages look like this.
%MSG
%MSG-i configureMessageFacility:  DAQ 05-Apr-2019 11:54:40 CDT Booted configureMessageFacility.cc:286
Message Facility Application CorePropertySupervisorBase configured with: debugModules:["*"] destinations:{file:{append:false directory:"/home/mu2edaq/sync_demo/ots/srcs/otsdaq_mu2e/Data/Logs/CorePropertySupervisorBase" pattern:"CorePropertySupervisorBase-%?H%t-%p.log" seperator:"-" threshold:"DEBUG" timestamp_pattern:"%Y%m%d%H%M%S" type:"GenFile"} udp:{host:"192.168.157.6" port:30000 threshold:"DEBUG" type:"UDP"}}
%MSG
%MSG-i configureMessageFacility:  DAQ 05-Apr-2019 11:54:55 CDT Booted configureMessageFacility.cc:286
Message Facility Application RunControlStateMachine configured with: debugModules:["*"] destinations:{file:{append:false directory:"/home/mu2edaq/sync_demo/ots/srcs/otsdaq_mu2e/Data/Logs/RunControlStateMachine" pattern:"RunControlStateMachine-%?H%t-%p.log" seperator:"-" threshold:"DEBUG" timestamp_pattern:"%Y%m%d%H%M%S" type:"GenFile"} udp:{host:"192.168.157.6" port:30000 threshold:"DEBUG" type:"UDP"}}
%MSG
%MSG-i configureMessageFacility:  DAQ 05-Apr-2019 11:54:55 CDT Booted configureMessageFacility.cc:286
Message Facility Application CoreSupervisorBase configured with: debugModules:["*"] destinations:{file:{append:false directory:"/home/mu2edaq/sync_demo/ots/srcs/otsdaq_mu2e/Data/Logs/CoreSupervisorBase" pattern:"CoreSupervisorBase-%?H%t-%p.log" seperator:"-" threshold:"DEBUG" timestamp_pattern:"%Y%m%d%H%M%S" type:"GenFile"} udp:{host:"192.168.157.6" port:30000 threshold:"DEBUG" type:"UDP"}}
%MSG
%MSG-i configureMessageFacility:  DAQ 05-Apr-2019 11:54:55 CDT Booted configureMessageFacility.cc:286
Message Facility Application LogbookSupervisor configured with: debugModules:["*"] destinations:{file:{append:false directory:"/home/mu2edaq/sync_demo/ots/srcs/otsdaq_mu2e/Data/Logs/LogbookSupervisor" pattern:"LogbookSupervisor-%?H%t-%p.log" seperator:"-" threshold:"DEBUG" timestamp_pattern:"%Y%m%d%H%M%S" type:"GenFile"} udp:{host:"192.168.157.6" port:30000 threshold:"DEBUG" type:"UDP"}}
%MSG
%MSG-i configureMessageFacility:  DAQ 05-Apr-2019 11:54:59 CDT Booted configureMessageFacility.cc:286
Message Facility Application CorePropertySupervisorBase configured with: debugModules:["*"] destinations:{file:{append:false directory:"/home/mu2edaq/sync_demo/ots/srcs/otsdaq_mu2e/Data/Logs/CorePropertySupervisorBase" pattern:"CorePropertySupervisorBase-%?H%t-%p.log" seperator:"-" threshold:"DEBUG" timestamp_pattern:"%Y%m%d%H%M%S" type:"GenFile"} udp:{host:"192.168.157.6" port:30000 threshold:"DEBUG" type:"UDP"}}
%MSG
%MSG-i configureMessageFacility:  DAQ 05-Apr-2019 11:55:12 CDT Booted configureMessageFacility.cc:286
Message Facility Application RunControlStateMachine configured with: debugModules:["*"] destinations:{file:{append:false directory:"/home/mu2edaq/sync_demo/ots/srcs/otsdaq_mu2e/Data/Logs/RunControlStateMachine" pattern:"RunControlStateMachine-%?H%t-%p.log" seperator:"-" threshold:"DEBUG" timestamp_pattern:"%Y%m%d%H%M%S" type:"GenFile"} udp:{host:"192.168.157.6" port:30000 threshold:"DEBUG" type:"UDP"}}
%MSG
%MSG-i configureMessageFacility:  DAQ 05-Apr-2019 11:55:12 CDT Booted configureMessageFacility.cc:286
Message Facility Application CoreSupervisorBase configured with: debugModules:["*"] destinations:{file:{append:false directory:"/home/mu2edaq/sync_demo/ots/srcs/otsdaq_mu2e/Data/Logs/CoreSupervisorBase" pattern:"CoreSupervisorBase-%?H%t-%p.log" seperator:"-" threshold:"DEBUG" timestamp_pattern:"%Y%m%d%H%M%S" type:"GenFile"} udp:{host:"192.168.157.6" port:30000 threshold:"DEBUG" type:"UDP"}}
%MSG
%MSG-i configureMessageFacility:  DAQ 05-Apr-2019 11:55:12 CDT Booted configureMessageFacility.cc:286
Message Facility Application ConfigurationGUI configured with: debugModules:["*"] destinations:{file:{append:false directory:"/home/mu2edaq/sync_demo/ots/srcs/otsdaq_mu2e/Data/Logs/ConfigurationGUI" pattern:"ConfigurationGUI-%?H%t-%p.log" seperator:"-" threshold:"DEBUG" timestamp_pattern:"%Y%m%d%H%M%S" type:"GenFile"} udp:{host:"192.168.157.6" port:30000 threshold:"DEBUG" type:"UDP"}}
%MSG
%MSG-e GatewaySupervisor:  Early 05-Apr-2019 11:55:42 CDT pre-events GatewaySupervisor.cc:1793
otsdaq/otsdaq-core/GatewaySupervisor/GatewaySupervisor.cc [1793]	:GatewaySupervisor:otsdaq/otsdaq-core/GatewaySupervisor/GatewaySupervisor.cc [1786]	Error! Gateway Supervisor can NOT Initialize Supervisor instance = 'CodeEditorSupervisor' [LID=314] in Context 'mainContext' [URL=http://mu2edaq06.fnal.gov:2015].

Fault
%MSG
%MSG-e GatewaySupervisor:  Early 05-Apr-2019 11:55:42 CDT pre-events GatewaySupervisor.cc:1827
otsdaq/otsdaq-core/GatewaySupervisor/GatewaySupervisor.cc [1827]	:GatewaySupervisor:otsdaq/otsdaq-core/GatewaySupervisor/GatewaySupervisor.cc [1820]	Received error from Supervisor instance = 'CodeEditorSupervisor' [LID=314] in Context 'mainContext' [URL=http://mu2edaq06.fnal.gov:2015].

 Error Message = Unknown error from Supervisor instance = 'CodeEditorSupervisor' [LID=314] in Context 'mainContext' [URL=http://mu2edaq06.fnal.gov:2015]. If the problem persists or is repeatable, please notify admins.
%MSG
%MSG-i configureMessageFacility:  DAQ 05-Apr-2019 11:55:44 CDT Booted configureMessageFacility.cc:286
Message Facility Application CorePropertySupervisorBase configured with: debugModules:["*"] destinations:{file:{append:false directory:"/home/mu2edaq/sync_demo/ots/srcs/otsdaq_mu2e/Data/Logs/CorePropertySupervisorBase" pattern:"CorePropertySupervisorBase-%?H%t-%p.log" seperator:"-" threshold:"DEBUG" timestamp_pattern:"%Y%m%d%H%M%S" type:"GenFile"} udp:{host:"192.168.157.6" port:30000 threshold:"DEBUG" type:"UDP"}}
%MSG
%MSG-e GatewaySupervisor:  Early 05-Apr-2019 11:55:52 CDT pre-events GatewaySupervisor.cc:1793
otsdaq/otsdaq-core/GatewaySupervisor/GatewaySupervisor.cc [1793]	:GatewaySupervisor:otsdaq/otsdaq-core/GatewaySupervisor/GatewaySupervisor.cc [1786]	Error! Gateway Supervisor can NOT Error Supervisor instance = 'CodeEditorSupervisor' [LID=314] in Context 'mainContext' [URL=http://mu2edaq06.fnal.gov:2015].

Fault
%MSG
%MSG-e GatewaySupervisor:  Early 05-Apr-2019 11:55:52 CDT pre-events GatewaySupervisor.cc:1827
otsdaq/otsdaq-core/GatewaySupervisor/GatewaySupervisor.cc [1827]	:GatewaySupervisor:otsdaq/otsdaq-core/GatewaySupervisor/GatewaySupervisor.cc [1820]	Received error from Supervisor instance = 'CodeEditorSupervisor' [LID=314] in Context 'mainContext' [URL=http://mu2edaq06.fnal.gov:2015].

 Error Message = Unknown error from Supervisor instance = 'CodeEditorSupervisor' [LID=314] in Context 'mainContext' [URL=http://mu2edaq06.fnal.gov:2015]. If the problem persists or is repeatable, please notify admins.
%MSG
%MSG-e GatewaySupervisor:  Early 05-Apr-2019 11:55:54 CDT pre-events GatewaySupervisor.cc:830
otsdaq/otsdaq-core/GatewaySupervisor/GatewaySupervisor.cc [830]	:GatewaySupervisor:otsdaq/otsdaq-core/GatewaySupervisor/GatewaySupervisor.cc [827]	Failure to send Workloop transition command 'Initialize!' An error response 'Fault' was received.
%MSG
%MSG-i configureMessageFacility:  DAQ 05-Apr-2019 11:55:54 CDT Booted configureMessageFacility.cc:286
Message Facility Application RunControlStateMachine configured with: debugModules:["*"] destinations:{file:{append:false directory:"/home/mu2edaq/sync_demo/ots/srcs/otsdaq_mu2e/Data/Logs/RunControlStateMachine" pattern:"RunControlStateMachine-%?H%t-%p.log" seperator:"-" threshold:"DEBUG" timestamp_pattern:"%Y%m%d%H%M%S" type:"GenFile"} udp:{host:"192.168.157.6" port:30000 threshold:"DEBUG" type:"UDP"}}
%MSG
%MSG-i configureMessageFacility:  DAQ 05-Apr-2019 11:55:54 CDT Booted configureMessageFacility.cc:286
Message Facility Application CoreSupervisorBase configured with: debugModules:["*"] destinations:{file:{append:false directory:"/home/mu2edaq/sync_demo/ots/srcs/otsdaq_mu2e/Data/Logs/CoreSupervisorBase" pattern:"CoreSupervisorBase-%?H%t-%p.log" seperator:"-" threshold:"DEBUG" timestamp_pattern:"%Y%m%d%H%M%S" type:"GenFile"} udp:{host:"192.168.157.6" port:30000 threshold:"DEBUG" type:"UDP"}}
%MSG
%MSG-i configureMessageFacility:  DAQ 05-Apr-2019 11:55:54 CDT Booted configureMessageFacility.cc:286
Message Facility Application MacroMaker configured with: debugModules:["*"] destinations:{file:{append:false directory:"/home/mu2edaq/sync_demo/ots/srcs/otsdaq_mu2e/Data/Logs/MacroMaker" pattern:"MacroMaker-%?H%t-%p.log" seperator:"-" threshold:"DEBUG" timestamp_pattern:"%Y%m%d%H%M%S" type:"GenFile"} udp:{host:"192.168.157.6" port:30000 threshold:"DEBUG" type:"UDP"}}
%MSG
%MSG-i configureMessageFacility:  DAQ 05-Apr-2019 11:56:07 CDT Booted configureMessageFacility.cc:286
Message Facility Application CorePropertySupervisorBase configured with: debugModules:["*"] destinations:{file:{append:false directory:"/home/mu2edaq/sync_demo/ots/srcs/otsdaq_mu2e/Data/Logs/CorePropertySupervisorBase" pattern:"CorePropertySupervisorBase-%?H%t-%p.log" seperator:"-" threshold:"DEBUG" timestamp_pattern:"%Y%m%d%H%M%S" type:"GenFile"} udp:{host:"192.168.157.6" port:30000 threshold:"DEBUG" type:"UDP"}}
%MSG
%MSG-i configureMessageFacility:  DAQ 05-Apr-2019 11:56:16 CDT Booted configureMessageFacility.cc:286
Message Facility Application RunControlStateMachine configured with: debugModules:["*"] destinations:{file:{append:false directory:"/home/mu2edaq/sync_demo/ots/srcs/otsdaq_mu2e/Data/Logs/RunControlStateMachine" pattern:"RunControlStateMachine-%?H%t-%p.log" seperator:"-" threshold:"DEBUG" timestamp_pattern:"%Y%m%d%H%M%S" type:"GenFile"} udp:{host:"192.168.157.6" port:30000 threshold:"DEBUG" type:"UDP"}}
%MSG
%MSG-i configureMessageFacility:  DAQ 05-Apr-2019 11:56:16 CDT Booted configureMessageFacility.cc:286
Message Facility Application CoreSupervisorBase configured with: debugModules:["*"] destinations:{file:{append:false directory:"/home/mu2edaq/sync_demo/ots/srcs/otsdaq_mu2e/Data/Logs/CoreSupervisorBase" pattern:"CoreSupervisorBase-%?H%t-%p.log" seperator:"-" threshold:"DEBUG" timestamp_pattern:"%Y%m%d%H%M%S" type:"GenFile"} udp:{host:"192.168.157.6" port:30000 threshold:"DEBUG" type:"UDP"}}
%MSG
%MSG-e GatewaySupervisor:  Early 05-Apr-2019 13:37:45 CDT pre-events GatewaySupervisor.cc:1793
otsdaq/otsdaq-core/GatewaySupervisor/GatewaySupervisor.cc [1793]	:GatewaySupervisor:otsdaq/otsdaq-core/GatewaySupervisor/GatewaySupervisor.cc [1786]	Error! Gateway Supervisor can NOT Halt Supervisor instance = 'CodeEditorSupervisor' [LID=314] in Context 'mainContext' [URL=http://mu2edaq06.fnal.gov:2015].

Fault
%MSG
%MSG-e GatewaySupervisor:  Early 05-Apr-2019 13:37:45 CDT pre-events GatewaySupervisor.cc:1827
otsdaq/otsdaq-core/GatewaySupervisor/GatewaySupervisor.cc [1827]	:GatewaySupervisor:otsdaq/otsdaq-core/GatewaySupervisor/GatewaySupervisor.cc [1820]	Received error from Supervisor instance = 'CodeEditorSupervisor' [LID=314] in Context 'mainContext' [URL=http://mu2edaq06.fnal.gov:2015].

 Error Message = :FSM-CodeEditorSupervisor:CodeEditorSupervisor:otsdaq/otsdaq-core/FiniteStateMachine/RunControlStateMachine.cc [436]	Run Control Message Handling Failed: Halt is not in the list of the transitions from current state Initial 
%MSG
%MSG-e GatewaySupervisor:  Early 05-Apr-2019 13:37:55 CDT pre-events GatewaySupervisor.cc:830
otsdaq/otsdaq-core/GatewaySupervisor/GatewaySupervisor.cc [830]	:GatewaySupervisor:otsdaq/otsdaq-core/GatewaySupervisor/GatewaySupervisor.cc [827]	Failure to send Workloop transition command 'Halt!' An error response 'Fault' was received.
%MSG
