%MSG-i configureMessageFacility:  RunControlStateMachine  11-Sep-2018 14:59:11 CDT pre-events configureMessageFacility.cc:300
Message Facility Application RunControlStateMachine configured with: debugModules:["*"] destinations:{file:{append:false directory:"/home/mu2edaq/sync_demo/ots/srcs/otsdaq_mu2e/Data/Logs/RunControlStateMachine" pattern:"RunControlStateMachine-%?H%t-%p.log" seperator:"-" threshold:"DEBUG" timestamp_pattern:"%Y%m%d%H%M%S" type:"GenFile"} udp:{host:"127.0.0.1" port:30000 threshold:"DEBUG" type:"UDP"}}
%MSG
%MSG-i configureMessageFacility:  CorePropertySupervisorBase  11-Sep-2018 14:59:11 CDT pre-events configureMessageFacility.cc:300
Message Facility Application CorePropertySupervisorBase configured with: debugModules:["*"] destinations:{file:{append:false directory:"/home/mu2edaq/sync_demo/ots/srcs/otsdaq_mu2e/Data/Logs/CorePropertySupervisorBase" pattern:"CorePropertySupervisorBase-%?H%t-%p.log" seperator:"-" threshold:"DEBUG" timestamp_pattern:"%Y%m%d%H%M%S" type:"GenFile"} udp:{host:"127.0.0.1" port:30000 threshold:"DEBUG" type:"UDP"}}
%MSG
%MSG-i WebUsers:  CorePropertySupervisorBase-mu2edaq06-0  11-Sep-2018 14:59:12 CDT pre-events
otsdaq/otsdaq-core/WebUsersUtilities/WebUsers.cc [2803]	User 'admin' has locked out the system!
%MSG
%MSG-d Iterator:  CorePropertySupervisorBase-mu2edaq06-0  11-Sep-2018 14:59:12 CDT pre-events
otsdaq/otsdaq-core/GatewaySupervisor/Iterator.cc [28]	Iterator constructed.
%MSG
%MSG-i configureMessageFacility:  GatewaySupervisor 11-Sep-2018 14:59:12 CDT  pre-events configureMessageFacility.cc:300
Message Facility Application GatewaySupervisor configured with: debugModules:["*"] destinations:{file:{append:false directory:"/home/mu2edaq/sync_demo/ots/srcs/otsdaq_mu2e/Data/Logs/GatewaySupervisor" pattern:"GatewaySupervisor-%?H%t-%p.log" seperator:"-" threshold:"DEBUG" timestamp_pattern:"%Y%m%d%H%M%S" type:"GenFile"} udp:{host:"127.0.0.1" port:30000 threshold:"DEBUG" type:"UDP"}}
%MSG
%MSG-i configureMessageFacility:  CorePropertySupervisorBase  11-Sep-2018 14:59:13 CDT pre-events configureMessageFacility.cc:300
Message Facility Application CorePropertySupervisorBase configured with: debugModules:["*"] destinations:{file:{append:false directory:"/home/mu2edaq/sync_demo/ots/srcs/otsdaq_mu2e/Data/Logs/CorePropertySupervisorBase" pattern:"CorePropertySupervisorBase-%?H%t-%p.log" seperator:"-" threshold:"DEBUG" timestamp_pattern:"%Y%m%d%H%M%S" type:"GenFile"} udp:{host:"127.0.0.1" port:30000 threshold:"DEBUG" type:"UDP"}}
%MSG
%MSG-i configureMessageFacility:  RunControlStateMachine  11-Sep-2018 14:59:13 CDT pre-events configureMessageFacility.cc:300
Message Facility Application RunControlStateMachine configured with: debugModules:["*"] destinations:{file:{append:false directory:"/home/mu2edaq/sync_demo/ots/srcs/otsdaq_mu2e/Data/Logs/RunControlStateMachine" pattern:"RunControlStateMachine-%?H%t-%p.log" seperator:"-" threshold:"DEBUG" timestamp_pattern:"%Y%m%d%H%M%S" type:"GenFile"} udp:{host:"127.0.0.1" port:30000 threshold:"DEBUG" type:"UDP"}}
%MSG
%MSG-i configureMessageFacility:  CoreSupervisorBase 11-Sep-2018 14:59:13 CDT  pre-events configureMessageFacility.cc:300
Message Facility Application CoreSupervisorBase configured with: debugModules:["*"] destinations:{file:{append:false directory:"/home/mu2edaq/sync_demo/ots/srcs/otsdaq_mu2e/Data/Logs/CoreSupervisorBase" pattern:"CoreSupervisorBase-%?H%t-%p.log" seperator:"-" threshold:"DEBUG" timestamp_pattern:"%Y%m%d%H%M%S" type:"GenFile"} udp:{host:"127.0.0.1" port:30000 threshold:"DEBUG" type:"UDP"}}
%MSG
%MSG-i configureMessageFacility:  CorePropertySupervisorBase  11-Sep-2018 14:59:14 CDT pre-events configureMessageFacility.cc:300
Message Facility Application CorePropertySupervisorBase configured with: debugModules:["*"] destinations:{file:{append:false directory:"/home/mu2edaq/sync_demo/ots/srcs/otsdaq_mu2e/Data/Logs/CorePropertySupervisorBase" pattern:"CorePropertySupervisorBase-%?H%t-%p.log" seperator:"-" threshold:"DEBUG" timestamp_pattern:"%Y%m%d%H%M%S" type:"GenFile"} udp:{host:"127.0.0.1" port:30000 threshold:"DEBUG" type:"UDP"}}
%MSG
%MSG-i configureMessageFacility:  RunControlStateMachine  11-Sep-2018 14:59:14 CDT pre-events configureMessageFacility.cc:300
Message Facility Application RunControlStateMachine configured with: debugModules:["*"] destinations:{file:{append:false directory:"/home/mu2edaq/sync_demo/ots/srcs/otsdaq_mu2e/Data/Logs/RunControlStateMachine" pattern:"RunControlStateMachine-%?H%t-%p.log" seperator:"-" threshold:"DEBUG" timestamp_pattern:"%Y%m%d%H%M%S" type:"GenFile"} udp:{host:"127.0.0.1" port:30000 threshold:"DEBUG" type:"UDP"}}
%MSG
%MSG-i configureMessageFacility:  CoreSupervisorBase 11-Sep-2018 14:59:14 CDT  pre-events configureMessageFacility.cc:300
Message Facility Application CoreSupervisorBase configured with: debugModules:["*"] destinations:{file:{append:false directory:"/home/mu2edaq/sync_demo/ots/srcs/otsdaq_mu2e/Data/Logs/CoreSupervisorBase" pattern:"CoreSupervisorBase-%?H%t-%p.log" seperator:"-" threshold:"DEBUG" timestamp_pattern:"%Y%m%d%H%M%S" type:"GenFile"} udp:{host:"127.0.0.1" port:30000 threshold:"DEBUG" type:"UDP"}}
%MSG
%MSG-i configureMessageFacility:  ChatSupervisor 11-Sep-2018 14:59:14 CDT  pre-events configureMessageFacility.cc:300
Message Facility Application ChatSupervisor configured with: debugModules:["*"] destinations:{file:{append:false directory:"/home/mu2edaq/sync_demo/ots/srcs/otsdaq_mu2e/Data/Logs/ChatSupervisor" pattern:"ChatSupervisor-%?H%t-%p.log" seperator:"-" threshold:"DEBUG" timestamp_pattern:"%Y%m%d%H%M%S" type:"GenFile"} udp:{host:"127.0.0.1" port:30000 threshold:"DEBUG" type:"UDP"}}
%MSG
%MSG-i configureMessageFacility:  CorePropertySupervisorBase  11-Sep-2018 14:59:14 CDT pre-events configureMessageFacility.cc:300
Message Facility Application CorePropertySupervisorBase configured with: debugModules:["*"] destinations:{file:{append:false directory:"/home/mu2edaq/sync_demo/ots/srcs/otsdaq_mu2e/Data/Logs/CorePropertySupervisorBase" pattern:"CorePropertySupervisorBase-%?H%t-%p.log" seperator:"-" threshold:"DEBUG" timestamp_pattern:"%Y%m%d%H%M%S" type:"GenFile"} udp:{host:"127.0.0.1" port:30000 threshold:"DEBUG" type:"UDP"}}
%MSG
%MSG-i configureMessageFacility:  RunControlStateMachine  11-Sep-2018 14:59:15 CDT pre-events configureMessageFacility.cc:300
Message Facility Application RunControlStateMachine configured with: debugModules:["*"] destinations:{file:{append:false directory:"/home/mu2edaq/sync_demo/ots/srcs/otsdaq_mu2e/Data/Logs/RunControlStateMachine" pattern:"RunControlStateMachine-%?H%t-%p.log" seperator:"-" threshold:"DEBUG" timestamp_pattern:"%Y%m%d%H%M%S" type:"GenFile"} udp:{host:"127.0.0.1" port:30000 threshold:"DEBUG" type:"UDP"}}
%MSG
%MSG-i configureMessageFacility:  CoreSupervisorBase 11-Sep-2018 14:59:15 CDT  pre-events configureMessageFacility.cc:300
Message Facility Application CoreSupervisorBase configured with: debugModules:["*"] destinations:{file:{append:false directory:"/home/mu2edaq/sync_demo/ots/srcs/otsdaq_mu2e/Data/Logs/CoreSupervisorBase" pattern:"CoreSupervisorBase-%?H%t-%p.log" seperator:"-" threshold:"DEBUG" timestamp_pattern:"%Y%m%d%H%M%S" type:"GenFile"} udp:{host:"127.0.0.1" port:30000 threshold:"DEBUG" type:"UDP"}}
%MSG
%MSG-i configureMessageFacility:  ConsoleSupervisor 11-Sep-2018 14:59:15 CDT  pre-events configureMessageFacility.cc:300
Message Facility Application ConsoleSupervisor configured with: debugModules:["*"] destinations:{file:{append:false directory:"/home/mu2edaq/sync_demo/ots/srcs/otsdaq_mu2e/Data/Logs/ConsoleSupervisor" pattern:"ConsoleSupervisor-%?H%t-%p.log" seperator:"-" threshold:"DEBUG" timestamp_pattern:"%Y%m%d%H%M%S" type:"GenFile"} udp:{host:"127.0.0.1" port:30000 threshold:"DEBUG" type:"UDP"}}
%MSG
%MSG-d Console:  Early 11-Sep-2018 14:59:15 CDT pre-events
otsdaq_utilities/otsdaq-utilities/Console/ConsoleSupervisor.cc [157]	DEBUG messages look like this.
%MSG
%MSG-i Console:  Early 11-Sep-2018 14:59:15 CDT pre-events
otsdaq_utilities/otsdaq-utilities/Console/ConsoleSupervisor.cc [158]	INFO messages look like this.
%MSG
%MSG-w Console:  Early 11-Sep-2018 14:59:15 CDT pre-events
otsdaq_utilities/otsdaq-utilities/Console/ConsoleSupervisor.cc [159]	WARNING messages look like this.
%MSG
%MSG-e Console:  Early 11-Sep-2018 14:59:15 CDT pre-events
otsdaq_utilities/otsdaq-utilities/Console/ConsoleSupervisor.cc [160]	ERROR messages look like this.
%MSG
%MSG-i configureMessageFacility:  CorePropertySupervisorBase  11-Sep-2018 14:59:15 CDT pre-events configureMessageFacility.cc:300
Message Facility Application CorePropertySupervisorBase configured with: debugModules:["*"] destinations:{file:{append:false directory:"/home/mu2edaq/sync_demo/ots/srcs/otsdaq_mu2e/Data/Logs/CorePropertySupervisorBase" pattern:"CorePropertySupervisorBase-%?H%t-%p.log" seperator:"-" threshold:"DEBUG" timestamp_pattern:"%Y%m%d%H%M%S" type:"GenFile"} udp:{host:"127.0.0.1" port:30000 threshold:"DEBUG" type:"UDP"}}
%MSG
%MSG-i configureMessageFacility:  RunControlStateMachine  11-Sep-2018 14:59:15 CDT pre-events configureMessageFacility.cc:300
Message Facility Application RunControlStateMachine configured with: debugModules:["*"] destinations:{file:{append:false directory:"/home/mu2edaq/sync_demo/ots/srcs/otsdaq_mu2e/Data/Logs/RunControlStateMachine" pattern:"RunControlStateMachine-%?H%t-%p.log" seperator:"-" threshold:"DEBUG" timestamp_pattern:"%Y%m%d%H%M%S" type:"GenFile"} udp:{host:"127.0.0.1" port:30000 threshold:"DEBUG" type:"UDP"}}
%MSG
%MSG-i configureMessageFacility:  CoreSupervisorBase 11-Sep-2018 14:59:15 CDT  pre-events configureMessageFacility.cc:300
Message Facility Application CoreSupervisorBase configured with: debugModules:["*"] destinations:{file:{append:false directory:"/home/mu2edaq/sync_demo/ots/srcs/otsdaq_mu2e/Data/Logs/CoreSupervisorBase" pattern:"CoreSupervisorBase-%?H%t-%p.log" seperator:"-" threshold:"DEBUG" timestamp_pattern:"%Y%m%d%H%M%S" type:"GenFile"} udp:{host:"127.0.0.1" port:30000 threshold:"DEBUG" type:"UDP"}}
%MSG
%MSG-i configureMessageFacility:  LogbookSupervisor 11-Sep-2018 14:59:15 CDT  pre-events configureMessageFacility.cc:300
Message Facility Application LogbookSupervisor configured with: debugModules:["*"] destinations:{file:{append:false directory:"/home/mu2edaq/sync_demo/ots/srcs/otsdaq_mu2e/Data/Logs/LogbookSupervisor" pattern:"LogbookSupervisor-%?H%t-%p.log" seperator:"-" threshold:"DEBUG" timestamp_pattern:"%Y%m%d%H%M%S" type:"GenFile"} udp:{host:"127.0.0.1" port:30000 threshold:"DEBUG" type:"UDP"}}
%MSG
%MSG-i configureMessageFacility:  CorePropertySupervisorBase  11-Sep-2018 14:59:16 CDT pre-events configureMessageFacility.cc:300
Message Facility Application CorePropertySupervisorBase configured with: debugModules:["*"] destinations:{file:{append:false directory:"/home/mu2edaq/sync_demo/ots/srcs/otsdaq_mu2e/Data/Logs/CorePropertySupervisorBase" pattern:"CorePropertySupervisorBase-%?H%t-%p.log" seperator:"-" threshold:"DEBUG" timestamp_pattern:"%Y%m%d%H%M%S" type:"GenFile"} udp:{host:"127.0.0.1" port:30000 threshold:"DEBUG" type:"UDP"}}
%MSG
%MSG-i configureMessageFacility:  RunControlStateMachine  11-Sep-2018 14:59:16 CDT pre-events configureMessageFacility.cc:300
Message Facility Application RunControlStateMachine configured with: debugModules:["*"] destinations:{file:{append:false directory:"/home/mu2edaq/sync_demo/ots/srcs/otsdaq_mu2e/Data/Logs/RunControlStateMachine" pattern:"RunControlStateMachine-%?H%t-%p.log" seperator:"-" threshold:"DEBUG" timestamp_pattern:"%Y%m%d%H%M%S" type:"GenFile"} udp:{host:"127.0.0.1" port:30000 threshold:"DEBUG" type:"UDP"}}
%MSG
%MSG-i configureMessageFacility:  CoreSupervisorBase 11-Sep-2018 14:59:16 CDT  pre-events configureMessageFacility.cc:300
Message Facility Application CoreSupervisorBase configured with: debugModules:["*"] destinations:{file:{append:false directory:"/home/mu2edaq/sync_demo/ots/srcs/otsdaq_mu2e/Data/Logs/CoreSupervisorBase" pattern:"CoreSupervisorBase-%?H%t-%p.log" seperator:"-" threshold:"DEBUG" timestamp_pattern:"%Y%m%d%H%M%S" type:"GenFile"} udp:{host:"127.0.0.1" port:30000 threshold:"DEBUG" type:"UDP"}}
%MSG
%MSG-i configureMessageFacility:  ConfigurationGUI 11-Sep-2018 14:59:16 CDT  pre-events configureMessageFacility.cc:300
Message Facility Application ConfigurationGUI configured with: debugModules:["*"] destinations:{file:{append:false directory:"/home/mu2edaq/sync_demo/ots/srcs/otsdaq_mu2e/Data/Logs/ConfigurationGUI" pattern:"ConfigurationGUI-%?H%t-%p.log" seperator:"-" threshold:"DEBUG" timestamp_pattern:"%Y%m%d%H%M%S" type:"GenFile"} udp:{host:"127.0.0.1" port:30000 threshold:"DEBUG" type:"UDP"}}
%MSG
%MSG-i configureMessageFacility:  CorePropertySupervisorBase  11-Sep-2018 14:59:17 CDT pre-events configureMessageFacility.cc:300
Message Facility Application CorePropertySupervisorBase configured with: debugModules:["*"] destinations:{file:{append:false directory:"/home/mu2edaq/sync_demo/ots/srcs/otsdaq_mu2e/Data/Logs/CorePropertySupervisorBase" pattern:"CorePropertySupervisorBase-%?H%t-%p.log" seperator:"-" threshold:"DEBUG" timestamp_pattern:"%Y%m%d%H%M%S" type:"GenFile"} udp:{host:"127.0.0.1" port:30000 threshold:"DEBUG" type:"UDP"}}
%MSG
%MSG-i configureMessageFacility:  RunControlStateMachine  11-Sep-2018 14:59:17 CDT pre-events configureMessageFacility.cc:300
Message Facility Application RunControlStateMachine configured with: debugModules:["*"] destinations:{file:{append:false directory:"/home/mu2edaq/sync_demo/ots/srcs/otsdaq_mu2e/Data/Logs/RunControlStateMachine" pattern:"RunControlStateMachine-%?H%t-%p.log" seperator:"-" threshold:"DEBUG" timestamp_pattern:"%Y%m%d%H%M%S" type:"GenFile"} udp:{host:"127.0.0.1" port:30000 threshold:"DEBUG" type:"UDP"}}
%MSG
%MSG-i configureMessageFacility:  CoreSupervisorBase 11-Sep-2018 14:59:17 CDT  pre-events configureMessageFacility.cc:300
Message Facility Application CoreSupervisorBase configured with: debugModules:["*"] destinations:{file:{append:false directory:"/home/mu2edaq/sync_demo/ots/srcs/otsdaq_mu2e/Data/Logs/CoreSupervisorBase" pattern:"CoreSupervisorBase-%?H%t-%p.log" seperator:"-" threshold:"DEBUG" timestamp_pattern:"%Y%m%d%H%M%S" type:"GenFile"} udp:{host:"127.0.0.1" port:30000 threshold:"DEBUG" type:"UDP"}}
%MSG
%MSG-i configureMessageFacility:  MacroMaker 11-Sep-2018 14:59:17 CDT pre-events configureMessageFacility.cc:300
Message Facility Application MacroMaker configured with: debugModules:["*"] destinations:{file:{append:false directory:"/home/mu2edaq/sync_demo/ots/srcs/otsdaq_mu2e/Data/Logs/MacroMaker" pattern:"MacroMaker-%?H%t-%p.log" seperator:"-" threshold:"DEBUG" timestamp_pattern:"%Y%m%d%H%M%S" type:"GenFile"} udp:{host:"127.0.0.1" port:30000 threshold:"DEBUG" type:"UDP"}}
%MSG
%MSG-d GatewaySupervisor:  Early 11-Sep-2018 14:59:30 CDT pre-events
otsdaq/otsdaq-core/GatewaySupervisor/GatewaySupervisor.cc [463]	Making logbook entry: ots started.
%MSG
%MSG-d GatewaySupervisor:  Early 11-Sep-2018 14:59:30 CDT pre-events
otsdaq/otsdaq-core/GatewaySupervisor/GatewaySupervisor.cc [463]	Making logbook entry: admin logged in.
%MSG
%MSG-d GatewaySupervisor:  Early 11-Sep-2018 14:59:41 CDT pre-events
otsdaq/otsdaq-core/GatewaySupervisor/GatewaySupervisor.cc [463]	Making logbook entry: Configuring 'defaultSystemAlias' which translates to defaultConfig (6).
%MSG
%MSG-i ConfigurationManagerRW:  Early 11-Sep-2018 14:59:41 CDT pre-events
otsdaq/otsdaq-core/ConfigurationInterface/ConfigurationManagerRW.cc [336]	Updating persistent active groups to /home/mu2edaq/sync_demo/ots/srcs/otsdaq_mu2e/Data/ServiceData/ActiveConfigurationGroups.cfg ...
%MSG
%MSG-i ConfigurationManagerRW:  Early 11-Sep-2018 14:59:41 CDT pre-events
otsdaq/otsdaq-core/ConfigurationInterface/ConfigurationManagerRW.cc [359]	Active Context: testContext(3)
%MSG
%MSG-i ConfigurationManagerRW:  Early 11-Sep-2018 14:59:41 CDT pre-events
otsdaq/otsdaq-core/ConfigurationInterface/ConfigurationManagerRW.cc [361]	Active Backbone: GroupAliasSaveWizBackbone(1)
%MSG
%MSG-i ConfigurationManagerRW:  Early 11-Sep-2018 14:59:41 CDT pre-events
otsdaq/otsdaq-core/ConfigurationInterface/ConfigurationManagerRW.cc [363]	Active Iterate: (-1)
%MSG
%MSG-i ConfigurationManagerRW:  Early 11-Sep-2018 14:59:41 CDT pre-events
otsdaq/otsdaq-core/ConfigurationInterface/ConfigurationManagerRW.cc [365]	Active Configuration: defaultConfig(6)
%MSG
%MSG-d GatewaySupervisor:  Early 11-Sep-2018 14:59:46 CDT pre-events
otsdaq/otsdaq-core/GatewaySupervisor/GatewaySupervisor.cc [463]	Making logbook entry: Run 46 starting.
%MSG
%MSG-d GatewaySupervisor:  Early 11-Sep-2018 15:00:56 CDT pre-events
otsdaq/otsdaq-core/GatewaySupervisor/GatewaySupervisor.cc [463]	Making logbook entry: Run halting.
%MSG
%MSG-d WorkLoop:  Early 11-Sep-2018 15:00:57 CDT pre-events
Destroying WorkLoop: CFO0-SlowControls
%MSG
%MSG-d WorkLoop:  Early 11-Sep-2018 15:00:57 CDT pre-events
Destroyed WorkLoop: CFO0-SlowControls
%MSG
%MSG-d WorkLoop:  Early 11-Sep-2018 15:00:57 CDT pre-events
Destroying WorkLoop: CFO0
%MSG
%MSG-d WorkLoop:  Early 11-Sep-2018 15:00:57 CDT pre-events
Destroyed WorkLoop: CFO0
%MSG
%MSG-d WorkLoop:  Early 11-Sep-2018 15:00:57 CDT pre-events
Destroying WorkLoop: ExampleInterface0-SlowControls
%MSG
%MSG-d WorkLoop:  Early 11-Sep-2018 15:00:57 CDT pre-events
Destroyed WorkLoop: ExampleInterface0-SlowControls
%MSG
%MSG-d WorkLoop:  Early 11-Sep-2018 15:00:57 CDT pre-events
Destroying WorkLoop: ExampleInterface0
%MSG
%MSG-d WorkLoop:  Early 11-Sep-2018 15:00:57 CDT pre-events
Destroyed WorkLoop: ExampleInterface0
%MSG
%MSG-d GatewaySupervisor:  Early 11-Sep-2018 15:00:59 CDT pre-events
otsdaq/otsdaq-core/GatewaySupervisor/GatewaySupervisor.cc [463]	Making logbook entry: Configuring 'defaultSystemAlias' which translates to defaultConfig (6).
%MSG
%MSG-i ConfigurationManagerRW:  Early 11-Sep-2018 15:01:00 CDT pre-events
otsdaq/otsdaq-core/ConfigurationInterface/ConfigurationManagerRW.cc [336]	Updating persistent active groups to /home/mu2edaq/sync_demo/ots/srcs/otsdaq_mu2e/Data/ServiceData/ActiveConfigurationGroups.cfg ...
%MSG
%MSG-i ConfigurationManagerRW:  Early 11-Sep-2018 15:01:00 CDT pre-events
otsdaq/otsdaq-core/ConfigurationInterface/ConfigurationManagerRW.cc [359]	Active Context: testContext(3)
%MSG
%MSG-i ConfigurationManagerRW:  Early 11-Sep-2018 15:01:00 CDT pre-events
otsdaq/otsdaq-core/ConfigurationInterface/ConfigurationManagerRW.cc [361]	Active Backbone: GroupAliasSaveWizBackbone(1)
%MSG
%MSG-i ConfigurationManagerRW:  Early 11-Sep-2018 15:01:00 CDT pre-events
otsdaq/otsdaq-core/ConfigurationInterface/ConfigurationManagerRW.cc [363]	Active Iterate: (-1)
%MSG
%MSG-i ConfigurationManagerRW:  Early 11-Sep-2018 15:01:00 CDT pre-events
otsdaq/otsdaq-core/ConfigurationInterface/ConfigurationManagerRW.cc [365]	Active Configuration: defaultConfig(6)
%MSG
%MSG-d GatewaySupervisor:  Early 11-Sep-2018 15:01:04 CDT pre-events
otsdaq/otsdaq-core/GatewaySupervisor/GatewaySupervisor.cc [463]	Making logbook entry: Run 47 starting.
%MSG
%MSG-d Console:  Early 11-Sep-2018 15:03:05 CDT pre-events
Console is alive and waiting... (if no messages, next heartbeat is in approximately two minutes)
%MSG
%MSG-d GatewaySupervisor:  Early 11-Sep-2018 15:03:31 CDT pre-events
otsdaq/otsdaq-core/GatewaySupervisor/GatewaySupervisor.cc [463]	Making logbook entry: Run halting.
%MSG
%MSG-d WorkLoop:  Early 11-Sep-2018 15:03:32 CDT pre-events
Destroying WorkLoop: CFO0-SlowControls
%MSG
%MSG-d WorkLoop:  Early 11-Sep-2018 15:03:32 CDT pre-events
Destroyed WorkLoop: CFO0-SlowControls
%MSG
%MSG-d WorkLoop:  Early 11-Sep-2018 15:03:32 CDT pre-events
Destroying WorkLoop: CFO0
%MSG
%MSG-d WorkLoop:  Early 11-Sep-2018 15:03:32 CDT pre-events
Destroyed WorkLoop: CFO0
%MSG
%MSG-d WorkLoop:  Early 11-Sep-2018 15:03:32 CDT pre-events
Destroying WorkLoop: ExampleInterface0-SlowControls
%MSG
%MSG-d WorkLoop:  Early 11-Sep-2018 15:03:32 CDT pre-events
Destroyed WorkLoop: ExampleInterface0-SlowControls
%MSG
%MSG-d WorkLoop:  Early 11-Sep-2018 15:03:32 CDT pre-events
Destroying WorkLoop: ExampleInterface0
%MSG
%MSG-d WorkLoop:  Early 11-Sep-2018 15:03:32 CDT pre-events
Destroyed WorkLoop: ExampleInterface0
%MSG
%MSG-d GatewaySupervisor:  Early 11-Sep-2018 15:03:48 CDT pre-events
otsdaq/otsdaq-core/GatewaySupervisor/GatewaySupervisor.cc [463]	Making logbook entry: Configuring 'defaultSystemAlias' which translates to defaultConfig (6).
%MSG
%MSG-i ConfigurationManagerRW:  Early 11-Sep-2018 15:03:48 CDT pre-events
otsdaq/otsdaq-core/ConfigurationInterface/ConfigurationManagerRW.cc [336]	Updating persistent active groups to /home/mu2edaq/sync_demo/ots/srcs/otsdaq_mu2e/Data/ServiceData/ActiveConfigurationGroups.cfg ...
%MSG
%MSG-i ConfigurationManagerRW:  Early 11-Sep-2018 15:03:48 CDT pre-events
otsdaq/otsdaq-core/ConfigurationInterface/ConfigurationManagerRW.cc [359]	Active Context: testContext(3)
%MSG
%MSG-i ConfigurationManagerRW:  Early 11-Sep-2018 15:03:48 CDT pre-events
otsdaq/otsdaq-core/ConfigurationInterface/ConfigurationManagerRW.cc [361]	Active Backbone: GroupAliasSaveWizBackbone(1)
%MSG
%MSG-i ConfigurationManagerRW:  Early 11-Sep-2018 15:03:48 CDT pre-events
otsdaq/otsdaq-core/ConfigurationInterface/ConfigurationManagerRW.cc [363]	Active Iterate: (-1)
%MSG
%MSG-i ConfigurationManagerRW:  Early 11-Sep-2018 15:03:48 CDT pre-events
otsdaq/otsdaq-core/ConfigurationInterface/ConfigurationManagerRW.cc [365]	Active Configuration: defaultConfig(6)
%MSG
%MSG-d GatewaySupervisor:  Early 11-Sep-2018 15:03:57 CDT pre-events
otsdaq/otsdaq-core/GatewaySupervisor/GatewaySupervisor.cc [463]	Making logbook entry: Run 48 starting.
%MSG
%MSG-d GatewaySupervisor:  Early 11-Sep-2018 15:05:38 CDT pre-events
otsdaq/otsdaq-core/GatewaySupervisor/GatewaySupervisor.cc [463]	Making logbook entry: Run halting.
%MSG
%MSG-d WorkLoop:  Early 11-Sep-2018 15:05:38 CDT pre-events
Destroying WorkLoop: CFO0-SlowControls
%MSG
%MSG-d WorkLoop:  Early 11-Sep-2018 15:05:38 CDT pre-events
Destroyed WorkLoop: CFO0-SlowControls
%MSG
%MSG-d WorkLoop:  Early 11-Sep-2018 15:05:38 CDT pre-events
Destroying WorkLoop: CFO0
%MSG
%MSG-d WorkLoop:  Early 11-Sep-2018 15:05:38 CDT pre-events
Destroyed WorkLoop: CFO0
%MSG
%MSG-d WorkLoop:  Early 11-Sep-2018 15:05:38 CDT pre-events
Destroying WorkLoop: ExampleInterface0-SlowControls
%MSG
%MSG-d WorkLoop:  Early 11-Sep-2018 15:05:38 CDT pre-events
Destroyed WorkLoop: ExampleInterface0-SlowControls
%MSG
%MSG-d WorkLoop:  Early 11-Sep-2018 15:05:38 CDT pre-events
Destroying WorkLoop: ExampleInterface0
%MSG
%MSG-d WorkLoop:  Early 11-Sep-2018 15:05:38 CDT pre-events
Destroyed WorkLoop: ExampleInterface0
%MSG
%MSG-d GatewaySupervisor:  Early 11-Sep-2018 15:06:34 CDT pre-events
otsdaq/otsdaq-core/GatewaySupervisor/GatewaySupervisor.cc [463]	Making logbook entry: Configuring 'defaultSystemAlias' which translates to defaultConfig (6).
%MSG
%MSG-i ConfigurationManagerRW:  Early 11-Sep-2018 15:06:35 CDT pre-events
otsdaq/otsdaq-core/ConfigurationInterface/ConfigurationManagerRW.cc [336]	Updating persistent active groups to /home/mu2edaq/sync_demo/ots/srcs/otsdaq_mu2e/Data/ServiceData/ActiveConfigurationGroups.cfg ...
%MSG
%MSG-i ConfigurationManagerRW:  Early 11-Sep-2018 15:06:35 CDT pre-events
otsdaq/otsdaq-core/ConfigurationInterface/ConfigurationManagerRW.cc [359]	Active Context: testContext(3)
%MSG
%MSG-i ConfigurationManagerRW:  Early 11-Sep-2018 15:06:35 CDT pre-events
otsdaq/otsdaq-core/ConfigurationInterface/ConfigurationManagerRW.cc [361]	Active Backbone: GroupAliasSaveWizBackbone(1)
%MSG
%MSG-i ConfigurationManagerRW:  Early 11-Sep-2018 15:06:35 CDT pre-events
otsdaq/otsdaq-core/ConfigurationInterface/ConfigurationManagerRW.cc [363]	Active Iterate: (-1)
%MSG
%MSG-i ConfigurationManagerRW:  Early 11-Sep-2018 15:06:35 CDT pre-events
otsdaq/otsdaq-core/ConfigurationInterface/ConfigurationManagerRW.cc [365]	Active Configuration: defaultConfig(6)
%MSG
%MSG-d GatewaySupervisor:  Early 11-Sep-2018 15:06:37 CDT pre-events
otsdaq/otsdaq-core/GatewaySupervisor/GatewaySupervisor.cc [463]	Making logbook entry: Run 49 starting.
%MSG
%MSG-d GatewaySupervisor:  Early 11-Sep-2018 15:06:57 CDT pre-events
otsdaq/otsdaq-core/GatewaySupervisor/GatewaySupervisor.cc [463]	Making logbook entry: Run halting.
%MSG
%MSG-d WorkLoop:  Early 11-Sep-2018 15:06:58 CDT pre-events
Destroying WorkLoop: CFO0-SlowControls
%MSG
%MSG-d WorkLoop:  Early 11-Sep-2018 15:06:58 CDT pre-events
Destroyed WorkLoop: CFO0-SlowControls
%MSG
%MSG-d WorkLoop:  Early 11-Sep-2018 15:06:58 CDT pre-events
Destroying WorkLoop: CFO0
%MSG
%MSG-d WorkLoop:  Early 11-Sep-2018 15:06:58 CDT pre-events
Destroyed WorkLoop: CFO0
%MSG
%MSG-d WorkLoop:  Early 11-Sep-2018 15:06:58 CDT pre-events
Destroying WorkLoop: ExampleInterface0-SlowControls
%MSG
%MSG-d WorkLoop:  Early 11-Sep-2018 15:06:58 CDT pre-events
Destroyed WorkLoop: ExampleInterface0-SlowControls
%MSG
%MSG-d WorkLoop:  Early 11-Sep-2018 15:06:58 CDT pre-events
Destroying WorkLoop: ExampleInterface0
%MSG
%MSG-d WorkLoop:  Early 11-Sep-2018 15:06:58 CDT pre-events
Destroyed WorkLoop: ExampleInterface0
%MSG
%MSG-d GatewaySupervisor:  Early 11-Sep-2018 15:07:04 CDT pre-events
otsdaq/otsdaq-core/GatewaySupervisor/GatewaySupervisor.cc [463]	Making logbook entry: Configuring 'defaultSystemAlias' which translates to defaultConfig (6).
%MSG
%MSG-i ConfigurationManagerRW:  Early 11-Sep-2018 15:07:05 CDT pre-events
otsdaq/otsdaq-core/ConfigurationInterface/ConfigurationManagerRW.cc [336]	Updating persistent active groups to /home/mu2edaq/sync_demo/ots/srcs/otsdaq_mu2e/Data/ServiceData/ActiveConfigurationGroups.cfg ...
%MSG
%MSG-i ConfigurationManagerRW:  Early 11-Sep-2018 15:07:05 CDT pre-events
otsdaq/otsdaq-core/ConfigurationInterface/ConfigurationManagerRW.cc [359]	Active Context: testContext(3)
%MSG
%MSG-i ConfigurationManagerRW:  Early 11-Sep-2018 15:07:05 CDT pre-events
otsdaq/otsdaq-core/ConfigurationInterface/ConfigurationManagerRW.cc [361]	Active Backbone: GroupAliasSaveWizBackbone(1)
%MSG
%MSG-i ConfigurationManagerRW:  Early 11-Sep-2018 15:07:05 CDT pre-events
otsdaq/otsdaq-core/ConfigurationInterface/ConfigurationManagerRW.cc [363]	Active Iterate: (-1)
%MSG
%MSG-i ConfigurationManagerRW:  Early 11-Sep-2018 15:07:05 CDT pre-events
otsdaq/otsdaq-core/ConfigurationInterface/ConfigurationManagerRW.cc [365]	Active Configuration: defaultConfig(6)
%MSG
%MSG-d GatewaySupervisor:  Early 11-Sep-2018 15:07:08 CDT pre-events
otsdaq/otsdaq-core/GatewaySupervisor/GatewaySupervisor.cc [463]	Making logbook entry: Run 50 starting.
%MSG
%MSG-d GatewaySupervisor:  Early 11-Sep-2018 15:07:46 CDT pre-events
otsdaq/otsdaq-core/GatewaySupervisor/GatewaySupervisor.cc [463]	Making logbook entry: Run halting.
%MSG
%MSG-d WorkLoop:  Early 11-Sep-2018 15:07:46 CDT pre-events
Destroying WorkLoop: CFO0-SlowControls
%MSG
%MSG-d WorkLoop:  Early 11-Sep-2018 15:07:46 CDT pre-events
Destroyed WorkLoop: CFO0-SlowControls
%MSG
%MSG-d WorkLoop:  Early 11-Sep-2018 15:07:46 CDT pre-events
Destroying WorkLoop: CFO0
%MSG
%MSG-d WorkLoop:  Early 11-Sep-2018 15:07:46 CDT pre-events
Destroyed WorkLoop: CFO0
%MSG
%MSG-d WorkLoop:  Early 11-Sep-2018 15:07:46 CDT pre-events
Destroying WorkLoop: ExampleInterface0-SlowControls
%MSG
%MSG-d WorkLoop:  Early 11-Sep-2018 15:07:46 CDT pre-events
Destroyed WorkLoop: ExampleInterface0-SlowControls
%MSG
%MSG-d WorkLoop:  Early 11-Sep-2018 15:07:46 CDT pre-events
Destroying WorkLoop: ExampleInterface0
%MSG
%MSG-d WorkLoop:  Early 11-Sep-2018 15:07:46 CDT pre-events
Destroyed WorkLoop: ExampleInterface0
%MSG
%MSG-d GatewaySupervisor:  Early 11-Sep-2018 15:07:49 CDT pre-events
otsdaq/otsdaq-core/GatewaySupervisor/GatewaySupervisor.cc [463]	Making logbook entry: Configuring 'defaultSystemAlias' which translates to defaultConfig (6).
%MSG
%MSG-i ConfigurationManagerRW:  Early 11-Sep-2018 15:07:50 CDT pre-events
otsdaq/otsdaq-core/ConfigurationInterface/ConfigurationManagerRW.cc [336]	Updating persistent active groups to /home/mu2edaq/sync_demo/ots/srcs/otsdaq_mu2e/Data/ServiceData/ActiveConfigurationGroups.cfg ...
%MSG
%MSG-i ConfigurationManagerRW:  Early 11-Sep-2018 15:07:50 CDT pre-events
otsdaq/otsdaq-core/ConfigurationInterface/ConfigurationManagerRW.cc [359]	Active Context: testContext(3)
%MSG
%MSG-i ConfigurationManagerRW:  Early 11-Sep-2018 15:07:50 CDT pre-events
otsdaq/otsdaq-core/ConfigurationInterface/ConfigurationManagerRW.cc [361]	Active Backbone: GroupAliasSaveWizBackbone(1)
%MSG
%MSG-i ConfigurationManagerRW:  Early 11-Sep-2018 15:07:50 CDT pre-events
otsdaq/otsdaq-core/ConfigurationInterface/ConfigurationManagerRW.cc [363]	Active Iterate: (-1)
%MSG
%MSG-i ConfigurationManagerRW:  Early 11-Sep-2018 15:07:50 CDT pre-events
otsdaq/otsdaq-core/ConfigurationInterface/ConfigurationManagerRW.cc [365]	Active Configuration: defaultConfig(6)
%MSG
%MSG-d GatewaySupervisor:  Early 11-Sep-2018 15:07:53 CDT pre-events
otsdaq/otsdaq-core/GatewaySupervisor/GatewaySupervisor.cc [463]	Making logbook entry: Run 51 starting.
%MSG
%MSG-d Console:  Early 11-Sep-2018 15:09:53 CDT pre-events
Console is alive and waiting... (if no messages, next heartbeat is in approximately two minutes)
%MSG
%MSG-d Console:  Early 11-Sep-2018 15:11:54 CDT pre-events
Console is alive and waiting... (if no messages, next heartbeat is in approximately two minutes)
%MSG
%MSG-d Console:  Early 11-Sep-2018 15:13:55 CDT pre-events
Console is alive and waiting... (if no messages, next heartbeat is in approximately two minutes)
%MSG
%MSG-d Console:  Early 11-Sep-2018 15:15:56 CDT pre-events
Console is alive and waiting... (if no messages, next heartbeat is in approximately two minutes)
%MSG
