%MSG-i configureMessageFacility:  CorePropertySupervisorBase  18-Dec-2018 10:22:59 CST pre-events configureMessageFacility.cc:286
Message Facility Application CorePropertySupervisorBase configured with: debugModules:["*"] destinations:{file:{append:false directory:"/home/mu2edaq/sync_demo/ots/srcs/otsdaq_mu2e/Data/Logs/CorePropertySupervisorBase" pattern:"CorePropertySupervisorBase-%?H%t-%p.log" seperator:"-" threshold:"DEBUG" timestamp_pattern:"%Y%m%d%H%M%S" type:"GenFile"} udp:{host:"192.168.157.6" port:30000 threshold:"DEBUG" type:"UDP"}}
%MSG
%MSG-i _TCPConnect:  CorePropertySupervisorBase 18-Dec-2018 10:22:59 CST  pre-events TCPConnect.cc:334
Resolving host 192.168.157.6, on port 30000
%MSG
%MSG-i _TCPConnect:  CorePropertySupervisorBase 18-Dec-2018 10:22:59 CST  pre-events TCPConnect.cc:241
Resolving ip mu2edaq04.fnal.gov
%MSG
%MSG-i configureMessageFacility:  RunControlStateMachine  18-Dec-2018 10:23:00 CST pre-events configureMessageFacility.cc:286
Message Facility Application RunControlStateMachine configured with: debugModules:["*"] destinations:{file:{append:false directory:"/home/mu2edaq/sync_demo/ots/srcs/otsdaq_mu2e/Data/Logs/RunControlStateMachine" pattern:"RunControlStateMachine-%?H%t-%p.log" seperator:"-" threshold:"DEBUG" timestamp_pattern:"%Y%m%d%H%M%S" type:"GenFile"} udp:{host:"192.168.157.6" port:30000 threshold:"DEBUG" type:"UDP"}}
%MSG
%MSG-i configureMessageFacility:  CoreSupervisorBase 18-Dec-2018 10:23:00 CST  pre-events configureMessageFacility.cc:286
Message Facility Application CoreSupervisorBase configured with: debugModules:["*"] destinations:{file:{append:false directory:"/home/mu2edaq/sync_demo/ots/srcs/otsdaq_mu2e/Data/Logs/CoreSupervisorBase" pattern:"CoreSupervisorBase-%?H%t-%p.log" seperator:"-" threshold:"DEBUG" timestamp_pattern:"%Y%m%d%H%M%S" type:"GenFile"} udp:{host:"192.168.157.6" port:30000 threshold:"DEBUG" type:"UDP"}}
%MSG
%MSG-i CFOFrontEndInterface:  Early 18-Dec-2018 10:23:38 CST pre-events
otsdaq_mu2e/otsdaq-mu2e/FEInterfaces/CFOFrontEndInterface_interface.cc [463]	Step 1: CFO do NOT reset clock...
%MSG
%MSG-i CFOFrontEndInterface:  Early 18-Dec-2018 10:23:38 CST pre-events
otsdaq_mu2e/otsdaq-mu2e/FEInterfaces/CFOFrontEndInterface_interface.cc [472]	Step 3: CFO reset TX...
%MSG
%MSG-i CFOFrontEndInterface:  Early 18-Dec-2018 10:23:58 CST pre-events
otsdaq_mu2e/otsdaq-mu2e/FEInterfaces/CFOFrontEndInterface_interface.cc [492]	Step 6: CFO enable Event start characters, SERDES Tx and Rx, and event window interval
%MSG
%MSG-i CFOFrontEndInterface:  Early 18-Dec-2018 10:24:01 CST pre-events
otsdaq_mu2e/otsdaq-mu2e/FEInterfaces/CFOFrontEndInterface_interface.cc [514]	--------------
%MSG
%MSG-i CFOFrontEndInterface:  Early 18-Dec-2018 10:24:01 CST pre-events
otsdaq_mu2e/otsdaq-mu2e/FEInterfaces/CFOFrontEndInterface_interface.cc [515]	CFO configured
%MSG
%MSG-i CFOFrontEndInterface:  Early 18-Dec-2018 10:24:01 CST pre-events
otsdaq_mu2e/otsdaq-mu2e/FEInterfaces/CFOFrontEndInterface_interface.cc [519]	CFO links OK = 0x1
%MSG
%MSG-i CFOFrontEndInterface:  Early 18-Dec-2018 10:24:13 CST pre-events
otsdaq_mu2e/otsdaq-mu2e/FEInterfaces/CFOFrontEndInterface_interface.cc [657]	 Looping back DTC0 ROC0
%MSG
%MSG-d CFOFrontEndInterface:  Early 18-Dec-2018 10:24:21 CST pre-events
otsdaq_mu2e/otsdaq-mu2e/FEInterfaces/CFOFrontEndInterface_interface.cc [369]	 delay [ 166 ] = 0
%MSG
%MSG-d CFOFrontEndInterface:  Early 18-Dec-2018 10:24:21 CST pre-events
otsdaq_mu2e/otsdaq-mu2e/FEInterfaces/CFOFrontEndInterface_interface.cc [369]	 delay [ 167 ] = 0
%MSG
%MSG-d CFOFrontEndInterface:  Early 18-Dec-2018 10:24:21 CST pre-events
otsdaq_mu2e/otsdaq-mu2e/FEInterfaces/CFOFrontEndInterface_interface.cc [369]	 delay [ 168 ] = 0
%MSG
%MSG-d CFOFrontEndInterface:  Early 18-Dec-2018 10:24:21 CST pre-events
otsdaq_mu2e/otsdaq-mu2e/FEInterfaces/CFOFrontEndInterface_interface.cc [369]	 delay [ 169 ] = 0
%MSG
%MSG-d CFOFrontEndInterface:  Early 18-Dec-2018 10:24:21 CST pre-events
otsdaq_mu2e/otsdaq-mu2e/FEInterfaces/CFOFrontEndInterface_interface.cc [369]	 delay [ 170 ] = 0
%MSG
%MSG-d CFOFrontEndInterface:  Early 18-Dec-2018 10:24:21 CST pre-events
otsdaq_mu2e/otsdaq-mu2e/FEInterfaces/CFOFrontEndInterface_interface.cc [369]	 delay [ 171 ] = 2
%MSG
%MSG-d CFOFrontEndInterface:  Early 18-Dec-2018 10:24:21 CST pre-events
otsdaq_mu2e/otsdaq-mu2e/FEInterfaces/CFOFrontEndInterface_interface.cc [369]	 delay [ 172 ] = 9962
%MSG
%MSG-d CFOFrontEndInterface:  Early 18-Dec-2018 10:24:21 CST pre-events
otsdaq_mu2e/otsdaq-mu2e/FEInterfaces/CFOFrontEndInterface_interface.cc [369]	 delay [ 173 ] = 34
%MSG
%MSG-d CFOFrontEndInterface:  Early 18-Dec-2018 10:24:21 CST pre-events
otsdaq_mu2e/otsdaq-mu2e/FEInterfaces/CFOFrontEndInterface_interface.cc [369]	 delay [ 174 ] = 0
%MSG
%MSG-d CFOFrontEndInterface:  Early 18-Dec-2018 10:24:21 CST pre-events
otsdaq_mu2e/otsdaq-mu2e/FEInterfaces/CFOFrontEndInterface_interface.cc [369]	 delay [ 175 ] = 0
%MSG
%MSG-d CFOFrontEndInterface:  Early 18-Dec-2018 10:24:21 CST pre-events
otsdaq_mu2e/otsdaq-mu2e/FEInterfaces/CFOFrontEndInterface_interface.cc [369]	 delay [ 176 ] = 0
%MSG
%MSG-d CFOFrontEndInterface:  Early 18-Dec-2018 10:24:21 CST pre-events
otsdaq_mu2e/otsdaq-mu2e/FEInterfaces/CFOFrontEndInterface_interface.cc [369]	 delay [ 177 ] = 0
%MSG
%MSG-i CFOFrontEndInterface:  Early 18-Dec-2018 10:24:25 CST pre-events
otsdaq_mu2e/otsdaq-mu2e/FEInterfaces/CFOFrontEndInterface_interface.cc [657]	 Looping back DTC0 ROC1
%MSG
%MSG-d CFOFrontEndInterface:  Early 18-Dec-2018 10:24:33 CST pre-events
otsdaq_mu2e/otsdaq-mu2e/FEInterfaces/CFOFrontEndInterface_interface.cc [369]	 delay [ 91 ] = 0
%MSG
%MSG-d CFOFrontEndInterface:  Early 18-Dec-2018 10:24:33 CST pre-events
otsdaq_mu2e/otsdaq-mu2e/FEInterfaces/CFOFrontEndInterface_interface.cc [369]	 delay [ 92 ] = 0
%MSG
%MSG-d CFOFrontEndInterface:  Early 18-Dec-2018 10:24:33 CST pre-events
otsdaq_mu2e/otsdaq-mu2e/FEInterfaces/CFOFrontEndInterface_interface.cc [369]	 delay [ 93 ] = 0
%MSG
%MSG-d CFOFrontEndInterface:  Early 18-Dec-2018 10:24:33 CST pre-events
otsdaq_mu2e/otsdaq-mu2e/FEInterfaces/CFOFrontEndInterface_interface.cc [369]	 delay [ 94 ] = 0
%MSG
%MSG-d CFOFrontEndInterface:  Early 18-Dec-2018 10:24:33 CST pre-events
otsdaq_mu2e/otsdaq-mu2e/FEInterfaces/CFOFrontEndInterface_interface.cc [369]	 delay [ 95 ] = 0
%MSG
%MSG-d CFOFrontEndInterface:  Early 18-Dec-2018 10:24:33 CST pre-events
otsdaq_mu2e/otsdaq-mu2e/FEInterfaces/CFOFrontEndInterface_interface.cc [369]	 delay [ 96 ] = 10000
%MSG
%MSG-d CFOFrontEndInterface:  Early 18-Dec-2018 10:24:33 CST pre-events
otsdaq_mu2e/otsdaq-mu2e/FEInterfaces/CFOFrontEndInterface_interface.cc [369]	 delay [ 97 ] = 0
%MSG
%MSG-d CFOFrontEndInterface:  Early 18-Dec-2018 10:24:33 CST pre-events
otsdaq_mu2e/otsdaq-mu2e/FEInterfaces/CFOFrontEndInterface_interface.cc [369]	 delay [ 98 ] = 0
%MSG
%MSG-d CFOFrontEndInterface:  Early 18-Dec-2018 10:24:33 CST pre-events
otsdaq_mu2e/otsdaq-mu2e/FEInterfaces/CFOFrontEndInterface_interface.cc [369]	 delay [ 99 ] = 0
%MSG
%MSG-d CFOFrontEndInterface:  Early 18-Dec-2018 10:24:33 CST pre-events
otsdaq_mu2e/otsdaq-mu2e/FEInterfaces/CFOFrontEndInterface_interface.cc [369]	 delay [ 100 ] = 0
%MSG
%MSG-i CFOFrontEndInterface:  Early 18-Dec-2018 10:24:37 CST pre-events
otsdaq_mu2e/otsdaq-mu2e/FEInterfaces/CFOFrontEndInterface_interface.cc [657]	 Looping back DTC1 ROC0
%MSG
%MSG-d CFOFrontEndInterface:  Early 18-Dec-2018 10:24:45 CST pre-events
otsdaq_mu2e/otsdaq-mu2e/FEInterfaces/CFOFrontEndInterface_interface.cc [369]	 delay [ 202 ] = 0
%MSG
%MSG-d CFOFrontEndInterface:  Early 18-Dec-2018 10:24:45 CST pre-events
otsdaq_mu2e/otsdaq-mu2e/FEInterfaces/CFOFrontEndInterface_interface.cc [369]	 delay [ 203 ] = 0
%MSG
%MSG-d CFOFrontEndInterface:  Early 18-Dec-2018 10:24:45 CST pre-events
otsdaq_mu2e/otsdaq-mu2e/FEInterfaces/CFOFrontEndInterface_interface.cc [369]	 delay [ 204 ] = 0
%MSG
%MSG-d CFOFrontEndInterface:  Early 18-Dec-2018 10:24:45 CST pre-events
otsdaq_mu2e/otsdaq-mu2e/FEInterfaces/CFOFrontEndInterface_interface.cc [369]	 delay [ 205 ] = 0
%MSG
%MSG-d CFOFrontEndInterface:  Early 18-Dec-2018 10:24:45 CST pre-events
otsdaq_mu2e/otsdaq-mu2e/FEInterfaces/CFOFrontEndInterface_interface.cc [369]	 delay [ 206 ] = 0
%MSG
%MSG-d CFOFrontEndInterface:  Early 18-Dec-2018 10:24:45 CST pre-events
otsdaq_mu2e/otsdaq-mu2e/FEInterfaces/CFOFrontEndInterface_interface.cc [369]	 delay [ 207 ] = 1302
%MSG
%MSG-d CFOFrontEndInterface:  Early 18-Dec-2018 10:24:45 CST pre-events
otsdaq_mu2e/otsdaq-mu2e/FEInterfaces/CFOFrontEndInterface_interface.cc [369]	 delay [ 208 ] = 8694
%MSG
%MSG-d CFOFrontEndInterface:  Early 18-Dec-2018 10:24:45 CST pre-events
otsdaq_mu2e/otsdaq-mu2e/FEInterfaces/CFOFrontEndInterface_interface.cc [369]	 delay [ 209 ] = 0
%MSG
%MSG-d CFOFrontEndInterface:  Early 18-Dec-2018 10:24:45 CST pre-events
otsdaq_mu2e/otsdaq-mu2e/FEInterfaces/CFOFrontEndInterface_interface.cc [369]	 delay [ 210 ] = 0
%MSG
%MSG-d CFOFrontEndInterface:  Early 18-Dec-2018 10:24:45 CST pre-events
otsdaq_mu2e/otsdaq-mu2e/FEInterfaces/CFOFrontEndInterface_interface.cc [369]	 delay [ 211 ] = 0
%MSG
%MSG-d CFOFrontEndInterface:  Early 18-Dec-2018 10:24:45 CST pre-events
otsdaq_mu2e/otsdaq-mu2e/FEInterfaces/CFOFrontEndInterface_interface.cc [369]	 delay [ 212 ] = 0
%MSG
%MSG-i CFOFrontEndInterface:  Early 18-Dec-2018 10:24:49 CST pre-events
otsdaq_mu2e/otsdaq-mu2e/FEInterfaces/CFOFrontEndInterface_interface.cc [657]	 Looping back DTC1 ROC1
%MSG
%MSG-d CFOFrontEndInterface:  Early 18-Dec-2018 10:24:57 CST pre-events
otsdaq_mu2e/otsdaq-mu2e/FEInterfaces/CFOFrontEndInterface_interface.cc [369]	 delay [ 136 ] = 0
%MSG
%MSG-d CFOFrontEndInterface:  Early 18-Dec-2018 10:24:57 CST pre-events
otsdaq_mu2e/otsdaq-mu2e/FEInterfaces/CFOFrontEndInterface_interface.cc [369]	 delay [ 137 ] = 0
%MSG
%MSG-d CFOFrontEndInterface:  Early 18-Dec-2018 10:24:57 CST pre-events
otsdaq_mu2e/otsdaq-mu2e/FEInterfaces/CFOFrontEndInterface_interface.cc [369]	 delay [ 138 ] = 0
%MSG
%MSG-d CFOFrontEndInterface:  Early 18-Dec-2018 10:24:57 CST pre-events
otsdaq_mu2e/otsdaq-mu2e/FEInterfaces/CFOFrontEndInterface_interface.cc [369]	 delay [ 139 ] = 0
%MSG
%MSG-d CFOFrontEndInterface:  Early 18-Dec-2018 10:24:57 CST pre-events
otsdaq_mu2e/otsdaq-mu2e/FEInterfaces/CFOFrontEndInterface_interface.cc [369]	 delay [ 140 ] = 0
%MSG
%MSG-d CFOFrontEndInterface:  Early 18-Dec-2018 10:24:57 CST pre-events
otsdaq_mu2e/otsdaq-mu2e/FEInterfaces/CFOFrontEndInterface_interface.cc [369]	 delay [ 141 ] = 10000
%MSG
%MSG-d CFOFrontEndInterface:  Early 18-Dec-2018 10:24:57 CST pre-events
otsdaq_mu2e/otsdaq-mu2e/FEInterfaces/CFOFrontEndInterface_interface.cc [369]	 delay [ 142 ] = 0
%MSG
%MSG-d CFOFrontEndInterface:  Early 18-Dec-2018 10:24:57 CST pre-events
otsdaq_mu2e/otsdaq-mu2e/FEInterfaces/CFOFrontEndInterface_interface.cc [369]	 delay [ 143 ] = 0
%MSG
%MSG-d CFOFrontEndInterface:  Early 18-Dec-2018 10:24:57 CST pre-events
otsdaq_mu2e/otsdaq-mu2e/FEInterfaces/CFOFrontEndInterface_interface.cc [369]	 delay [ 144 ] = 0
%MSG
%MSG-d CFOFrontEndInterface:  Early 18-Dec-2018 10:24:57 CST pre-events
otsdaq_mu2e/otsdaq-mu2e/FEInterfaces/CFOFrontEndInterface_interface.cc [369]	 delay [ 145 ] = 0
%MSG
%MSG-i CFOFrontEndInterface:  Early 18-Dec-2018 10:24:58 CST pre-events
otsdaq_mu2e/otsdaq-mu2e/FEInterfaces/CFOFrontEndInterface_interface.cc [591]	-------------------------
%MSG
%MSG-i CFOFrontEndInterface:  Early 18-Dec-2018 10:24:58 CST pre-events
otsdaq_mu2e/otsdaq-mu2e/FEInterfaces/CFOFrontEndInterface_interface.cc [592]	FULL SYSTEM loopback DONE
%MSG
%MSG-i CFOFrontEndInterface:  Early 18-Dec-2018 10:24:58 CST pre-events
otsdaq_mu2e/otsdaq-mu2e/FEInterfaces/CFOFrontEndInterface_interface.cc [599]	chain 0 - DTC 0 - ROC 0 = 172.003 +/- 0.0599201
%MSG
%MSG-i CFOFrontEndInterface:  Early 18-Dec-2018 10:24:58 CST pre-events
otsdaq_mu2e/otsdaq-mu2e/FEInterfaces/CFOFrontEndInterface_interface.cc [599]	chain 0 - DTC 0 - ROC 1 = 96 +/- 0
%MSG
%MSG-i CFOFrontEndInterface:  Early 18-Dec-2018 10:24:58 CST pre-events
otsdaq_mu2e/otsdaq-mu2e/FEInterfaces/CFOFrontEndInterface_interface.cc [599]	chain 0 - DTC 1 - ROC 0 = 207.87 +/- 0.336472
%MSG
%MSG-i CFOFrontEndInterface:  Early 18-Dec-2018 10:24:58 CST pre-events
otsdaq_mu2e/otsdaq-mu2e/FEInterfaces/CFOFrontEndInterface_interface.cc [599]	chain 0 - DTC 1 - ROC 1 = 141 +/- 0
%MSG
%MSG-i CFOFrontEndInterface:  Early 18-Dec-2018 10:24:58 CST pre-events
otsdaq_mu2e/otsdaq-mu2e/FEInterfaces/CFOFrontEndInterface_interface.cc [606]	DTC1 - DTC0 = 35.8665
%MSG
%MSG-i CFOFrontEndInterface:  Early 18-Dec-2018 10:24:58 CST pre-events
otsdaq_mu2e/otsdaq-mu2e/FEInterfaces/CFOFrontEndInterface_interface.cc [607]	-------------------------
%MSG
