%MSG-i configureMessageFacility:  CorePropertySupervisorBase  31-Oct-2018 11:30:45 CDT pre-events configureMessageFacility.cc:286
Message Facility Application CorePropertySupervisorBase configured with: debugModules:["*"] destinations:{file:{append:false directory:"/home/mu2edaq/sync_demo/ots/srcs/otsdaq_mu2e/Data/Logs/CorePropertySupervisorBase" pattern:"CorePropertySupervisorBase-%?H%t-%p.log" seperator:"-" threshold:"DEBUG" timestamp_pattern:"%Y%m%d%H%M%S" type:"GenFile"} udp:{host:"192.168.157.6" port:30000 threshold:"DEBUG" type:"UDP"}}
%MSG
%MSG-i _TCPConnect:  CorePropertySupervisorBase 31-Oct-2018 11:30:45 CDT  pre-events TCPConnect.cc:334
Resolving host 192.168.157.6, on port 30000
%MSG
%MSG-i _TCPConnect:  CorePropertySupervisorBase 31-Oct-2018 11:30:45 CDT  pre-events TCPConnect.cc:241
Resolving ip mu2edaq04.fnal.gov
%MSG
%MSG-i configureMessageFacility:  RunControlStateMachine  31-Oct-2018 11:30:46 CDT pre-events configureMessageFacility.cc:286
Message Facility Application RunControlStateMachine configured with: debugModules:["*"] destinations:{file:{append:false directory:"/home/mu2edaq/sync_demo/ots/srcs/otsdaq_mu2e/Data/Logs/RunControlStateMachine" pattern:"RunControlStateMachine-%?H%t-%p.log" seperator:"-" threshold:"DEBUG" timestamp_pattern:"%Y%m%d%H%M%S" type:"GenFile"} udp:{host:"192.168.157.6" port:30000 threshold:"DEBUG" type:"UDP"}}
%MSG
%MSG-i configureMessageFacility:  CoreSupervisorBase 31-Oct-2018 11:30:46 CDT  pre-events configureMessageFacility.cc:286
Message Facility Application CoreSupervisorBase configured with: debugModules:["*"] destinations:{file:{append:false directory:"/home/mu2edaq/sync_demo/ots/srcs/otsdaq_mu2e/Data/Logs/CoreSupervisorBase" pattern:"CoreSupervisorBase-%?H%t-%p.log" seperator:"-" threshold:"DEBUG" timestamp_pattern:"%Y%m%d%H%M%S" type:"GenFile"} udp:{host:"192.168.157.6" port:30000 threshold:"DEBUG" type:"UDP"}}
%MSG
%MSG-i CFOFrontEndInterface:  Early 31-Oct-2018 11:31:34 CDT pre-events
otsdaq_mu2e/otsdaq-mu2e/FEInterfaces/CFOFrontEndInterface_interface.cc [444]	CFO configured
%MSG
%MSG-i CFOFrontEndInterface:  Early 31-Oct-2018 11:31:34 CDT pre-events
otsdaq_mu2e/otsdaq-mu2e/FEInterfaces/CFOFrontEndInterface_interface.cc [448]	CFO links OK = 0x1
%MSG
%MSG-i CFOFrontEndInterface:  Early 31-Oct-2018 11:31:49 CDT pre-events
otsdaq_mu2e/otsdaq-mu2e/FEInterfaces/CFOFrontEndInterface_interface.cc [569]	 Looping back DTC0 ROC0
%MSG
%MSG-i CFOFrontEndInterface:  Early 31-Oct-2018 11:32:02 CDT pre-events
otsdaq_mu2e/otsdaq-mu2e/FEInterfaces/CFOFrontEndInterface_interface.cc [569]	 Looping back DTC0 ROC1
%MSG
%MSG-i CFOFrontEndInterface:  Early 31-Oct-2018 11:32:15 CDT pre-events
otsdaq_mu2e/otsdaq-mu2e/FEInterfaces/CFOFrontEndInterface_interface.cc [569]	 Looping back DTC1 ROC0
%MSG
%MSG-i CFOFrontEndInterface:  Early 31-Oct-2018 11:32:28 CDT pre-events
otsdaq_mu2e/otsdaq-mu2e/FEInterfaces/CFOFrontEndInterface_interface.cc [569]	 Looping back DTC1 ROC1
%MSG
%MSG-i CFOFrontEndInterface:  Early 31-Oct-2018 11:32:37 CDT pre-events
otsdaq_mu2e/otsdaq-mu2e/FEInterfaces/CFOFrontEndInterface_interface.cc [515]	-------------------------
%MSG
%MSG-i CFOFrontEndInterface:  Early 31-Oct-2018 11:32:37 CDT pre-events
otsdaq_mu2e/otsdaq-mu2e/FEInterfaces/CFOFrontEndInterface_interface.cc [516]	FULL SYSTEM loopback DONE
%MSG
%MSG-i CFOFrontEndInterface:  Early 31-Oct-2018 11:32:37 CDT pre-events
otsdaq_mu2e/otsdaq-mu2e/FEInterfaces/CFOFrontEndInterface_interface.cc [522]	chain 0 - DTC 0 - ROC 0 = -999
%MSG
%MSG-i CFOFrontEndInterface:  Early 31-Oct-2018 11:32:37 CDT pre-events
otsdaq_mu2e/otsdaq-mu2e/FEInterfaces/CFOFrontEndInterface_interface.cc [522]	chain 0 - DTC 0 - ROC 1 = -999
%MSG
%MSG-i CFOFrontEndInterface:  Early 31-Oct-2018 11:32:37 CDT pre-events
otsdaq_mu2e/otsdaq-mu2e/FEInterfaces/CFOFrontEndInterface_interface.cc [522]	chain 0 - DTC 1 - ROC 0 = -999
%MSG
%MSG-i CFOFrontEndInterface:  Early 31-Oct-2018 11:32:37 CDT pre-events
otsdaq_mu2e/otsdaq-mu2e/FEInterfaces/CFOFrontEndInterface_interface.cc [522]	chain 0 - DTC 1 - ROC 1 = 203.363
%MSG
%MSG-i CFOFrontEndInterface:  Early 31-Oct-2018 11:32:37 CDT pre-events
otsdaq_mu2e/otsdaq-mu2e/FEInterfaces/CFOFrontEndInterface_interface.cc [526]	-------------------------
%MSG
%MSG-i CFOFrontEndInterface:  Early 31-Oct-2018 11:33:51 CDT pre-events
otsdaq_mu2e/otsdaq-mu2e/FEInterfaces/CFOFrontEndInterface_interface.cc [569]	 Looping back DTC0 ROC0
%MSG
%MSG-i CFOFrontEndInterface:  Early 31-Oct-2018 11:34:04 CDT pre-events
otsdaq_mu2e/otsdaq-mu2e/FEInterfaces/CFOFrontEndInterface_interface.cc [569]	 Looping back DTC0 ROC1
%MSG
%MSG-i CFOFrontEndInterface:  Early 31-Oct-2018 11:34:17 CDT pre-events
otsdaq_mu2e/otsdaq-mu2e/FEInterfaces/CFOFrontEndInterface_interface.cc [569]	 Looping back DTC1 ROC0
%MSG
%MSG-i CFOFrontEndInterface:  Early 31-Oct-2018 11:34:31 CDT pre-events
otsdaq_mu2e/otsdaq-mu2e/FEInterfaces/CFOFrontEndInterface_interface.cc [569]	 Looping back DTC1 ROC1
%MSG
%MSG-i CFOFrontEndInterface:  Early 31-Oct-2018 11:34:40 CDT pre-events
otsdaq_mu2e/otsdaq-mu2e/FEInterfaces/CFOFrontEndInterface_interface.cc [515]	-------------------------
%MSG
%MSG-i CFOFrontEndInterface:  Early 31-Oct-2018 11:34:40 CDT pre-events
otsdaq_mu2e/otsdaq-mu2e/FEInterfaces/CFOFrontEndInterface_interface.cc [516]	FULL SYSTEM loopback DONE
%MSG
%MSG-i CFOFrontEndInterface:  Early 31-Oct-2018 11:34:40 CDT pre-events
otsdaq_mu2e/otsdaq-mu2e/FEInterfaces/CFOFrontEndInterface_interface.cc [522]	chain 0 - DTC 0 - ROC 0 = -999
%MSG
%MSG-i CFOFrontEndInterface:  Early 31-Oct-2018 11:34:40 CDT pre-events
otsdaq_mu2e/otsdaq-mu2e/FEInterfaces/CFOFrontEndInterface_interface.cc [522]	chain 0 - DTC 0 - ROC 1 = -999
%MSG
%MSG-i CFOFrontEndInterface:  Early 31-Oct-2018 11:34:40 CDT pre-events
otsdaq_mu2e/otsdaq-mu2e/FEInterfaces/CFOFrontEndInterface_interface.cc [522]	chain 0 - DTC 1 - ROC 0 = 142
%MSG
%MSG-i CFOFrontEndInterface:  Early 31-Oct-2018 11:34:40 CDT pre-events
otsdaq_mu2e/otsdaq-mu2e/FEInterfaces/CFOFrontEndInterface_interface.cc [522]	chain 0 - DTC 1 - ROC 1 = 204.382
%MSG
%MSG-i CFOFrontEndInterface:  Early 31-Oct-2018 11:34:40 CDT pre-events
otsdaq_mu2e/otsdaq-mu2e/FEInterfaces/CFOFrontEndInterface_interface.cc [526]	-------------------------
%MSG
%MSG-i CFOFrontEndInterface:  Early 31-Oct-2018 11:36:01 CDT pre-events
otsdaq_mu2e/otsdaq-mu2e/FEInterfaces/CFOFrontEndInterface_interface.cc [569]	 Looping back DTC0 ROC0
%MSG
%MSG-i CFOFrontEndInterface:  Early 31-Oct-2018 11:36:14 CDT pre-events
otsdaq_mu2e/otsdaq-mu2e/FEInterfaces/CFOFrontEndInterface_interface.cc [569]	 Looping back DTC0 ROC1
%MSG
%MSG-i CFOFrontEndInterface:  Early 31-Oct-2018 11:36:27 CDT pre-events
otsdaq_mu2e/otsdaq-mu2e/FEInterfaces/CFOFrontEndInterface_interface.cc [569]	 Looping back DTC1 ROC0
%MSG
%MSG-i CFOFrontEndInterface:  Early 31-Oct-2018 11:36:40 CDT pre-events
otsdaq_mu2e/otsdaq-mu2e/FEInterfaces/CFOFrontEndInterface_interface.cc [569]	 Looping back DTC1 ROC1
%MSG
%MSG-i CFOFrontEndInterface:  Early 31-Oct-2018 11:36:50 CDT pre-events
otsdaq_mu2e/otsdaq-mu2e/FEInterfaces/CFOFrontEndInterface_interface.cc [515]	-------------------------
%MSG
%MSG-i CFOFrontEndInterface:  Early 31-Oct-2018 11:36:50 CDT pre-events
otsdaq_mu2e/otsdaq-mu2e/FEInterfaces/CFOFrontEndInterface_interface.cc [516]	FULL SYSTEM loopback DONE
%MSG
%MSG-i CFOFrontEndInterface:  Early 31-Oct-2018 11:36:50 CDT pre-events
otsdaq_mu2e/otsdaq-mu2e/FEInterfaces/CFOFrontEndInterface_interface.cc [522]	chain 0 - DTC 0 - ROC 0 = -999
%MSG
%MSG-i CFOFrontEndInterface:  Early 31-Oct-2018 11:36:50 CDT pre-events
otsdaq_mu2e/otsdaq-mu2e/FEInterfaces/CFOFrontEndInterface_interface.cc [522]	chain 0 - DTC 0 - ROC 1 = -999
%MSG
%MSG-i CFOFrontEndInterface:  Early 31-Oct-2018 11:36:50 CDT pre-events
otsdaq_mu2e/otsdaq-mu2e/FEInterfaces/CFOFrontEndInterface_interface.cc [522]	chain 0 - DTC 1 - ROC 0 = 142
%MSG
%MSG-i CFOFrontEndInterface:  Early 31-Oct-2018 11:36:50 CDT pre-events
otsdaq_mu2e/otsdaq-mu2e/FEInterfaces/CFOFrontEndInterface_interface.cc [522]	chain 0 - DTC 1 - ROC 1 = 205.915
%MSG
%MSG-i CFOFrontEndInterface:  Early 31-Oct-2018 11:36:50 CDT pre-events
otsdaq_mu2e/otsdaq-mu2e/FEInterfaces/CFOFrontEndInterface_interface.cc [526]	-------------------------
%MSG
%MSG-i CFOFrontEndInterface:  Early 31-Oct-2018 11:44:13 CDT pre-events
otsdaq_mu2e/otsdaq-mu2e/FEInterfaces/CFOFrontEndInterface_interface.cc [569]	 Looping back DTC0 ROC0
%MSG
%MSG-i CFOFrontEndInterface:  Early 31-Oct-2018 11:44:26 CDT pre-events
otsdaq_mu2e/otsdaq-mu2e/FEInterfaces/CFOFrontEndInterface_interface.cc [569]	 Looping back DTC0 ROC1
%MSG
%MSG-i CFOFrontEndInterface:  Early 31-Oct-2018 11:44:39 CDT pre-events
otsdaq_mu2e/otsdaq-mu2e/FEInterfaces/CFOFrontEndInterface_interface.cc [569]	 Looping back DTC1 ROC0
%MSG
%MSG-i CFOFrontEndInterface:  Early 31-Oct-2018 11:44:52 CDT pre-events
otsdaq_mu2e/otsdaq-mu2e/FEInterfaces/CFOFrontEndInterface_interface.cc [569]	 Looping back DTC1 ROC1
%MSG
%MSG-i CFOFrontEndInterface:  Early 31-Oct-2018 11:45:01 CDT pre-events
otsdaq_mu2e/otsdaq-mu2e/FEInterfaces/CFOFrontEndInterface_interface.cc [515]	-------------------------
%MSG
%MSG-i CFOFrontEndInterface:  Early 31-Oct-2018 11:45:01 CDT pre-events
otsdaq_mu2e/otsdaq-mu2e/FEInterfaces/CFOFrontEndInterface_interface.cc [516]	FULL SYSTEM loopback DONE
%MSG
%MSG-i CFOFrontEndInterface:  Early 31-Oct-2018 11:45:01 CDT pre-events
otsdaq_mu2e/otsdaq-mu2e/FEInterfaces/CFOFrontEndInterface_interface.cc [522]	chain 0 - DTC 0 - ROC 0 = -999
%MSG
%MSG-i CFOFrontEndInterface:  Early 31-Oct-2018 11:45:01 CDT pre-events
otsdaq_mu2e/otsdaq-mu2e/FEInterfaces/CFOFrontEndInterface_interface.cc [522]	chain 0 - DTC 0 - ROC 1 = -999
%MSG
%MSG-i CFOFrontEndInterface:  Early 31-Oct-2018 11:45:01 CDT pre-events
otsdaq_mu2e/otsdaq-mu2e/FEInterfaces/CFOFrontEndInterface_interface.cc [522]	chain 0 - DTC 1 - ROC 0 = 142
%MSG
%MSG-i CFOFrontEndInterface:  Early 31-Oct-2018 11:45:01 CDT pre-events
otsdaq_mu2e/otsdaq-mu2e/FEInterfaces/CFOFrontEndInterface_interface.cc [522]	chain 0 - DTC 1 - ROC 1 = 206.672
%MSG
%MSG-i CFOFrontEndInterface:  Early 31-Oct-2018 11:45:01 CDT pre-events
otsdaq_mu2e/otsdaq-mu2e/FEInterfaces/CFOFrontEndInterface_interface.cc [526]	-------------------------
%MSG
%MSG-i CFOFrontEndInterface:  Early 31-Oct-2018 11:49:14 CDT pre-events
otsdaq_mu2e/otsdaq-mu2e/FEInterfaces/CFOFrontEndInterface_interface.cc [569]	 Looping back DTC0 ROC0
%MSG
%MSG-i CFOFrontEndInterface:  Early 31-Oct-2018 11:49:27 CDT pre-events
otsdaq_mu2e/otsdaq-mu2e/FEInterfaces/CFOFrontEndInterface_interface.cc [569]	 Looping back DTC0 ROC1
%MSG
%MSG-i CFOFrontEndInterface:  Early 31-Oct-2018 11:49:40 CDT pre-events
otsdaq_mu2e/otsdaq-mu2e/FEInterfaces/CFOFrontEndInterface_interface.cc [569]	 Looping back DTC1 ROC0
%MSG
%MSG-i CFOFrontEndInterface:  Early 31-Oct-2018 11:49:53 CDT pre-events
otsdaq_mu2e/otsdaq-mu2e/FEInterfaces/CFOFrontEndInterface_interface.cc [569]	 Looping back DTC1 ROC1
%MSG
%MSG-i CFOFrontEndInterface:  Early 31-Oct-2018 11:50:03 CDT pre-events
otsdaq_mu2e/otsdaq-mu2e/FEInterfaces/CFOFrontEndInterface_interface.cc [515]	-------------------------
%MSG
%MSG-i CFOFrontEndInterface:  Early 31-Oct-2018 11:50:03 CDT pre-events
otsdaq_mu2e/otsdaq-mu2e/FEInterfaces/CFOFrontEndInterface_interface.cc [516]	FULL SYSTEM loopback DONE
%MSG
%MSG-i CFOFrontEndInterface:  Early 31-Oct-2018 11:50:03 CDT pre-events
otsdaq_mu2e/otsdaq-mu2e/FEInterfaces/CFOFrontEndInterface_interface.cc [522]	chain 0 - DTC 0 - ROC 0 = -999
%MSG
%MSG-i CFOFrontEndInterface:  Early 31-Oct-2018 11:50:03 CDT pre-events
otsdaq_mu2e/otsdaq-mu2e/FEInterfaces/CFOFrontEndInterface_interface.cc [522]	chain 0 - DTC 0 - ROC 1 = -999
%MSG
%MSG-i CFOFrontEndInterface:  Early 31-Oct-2018 11:50:03 CDT pre-events
otsdaq_mu2e/otsdaq-mu2e/FEInterfaces/CFOFrontEndInterface_interface.cc [522]	chain 0 - DTC 1 - ROC 0 = 142
%MSG
%MSG-i CFOFrontEndInterface:  Early 31-Oct-2018 11:50:03 CDT pre-events
otsdaq_mu2e/otsdaq-mu2e/FEInterfaces/CFOFrontEndInterface_interface.cc [522]	chain 0 - DTC 1 - ROC 1 = 202.391
%MSG
%MSG-i CFOFrontEndInterface:  Early 31-Oct-2018 11:50:03 CDT pre-events
otsdaq_mu2e/otsdaq-mu2e/FEInterfaces/CFOFrontEndInterface_interface.cc [526]	-------------------------
%MSG
%MSG-i CFOFrontEndInterface:  Early 31-Oct-2018 11:53:50 CDT pre-events
otsdaq_mu2e/otsdaq-mu2e/FEInterfaces/CFOFrontEndInterface_interface.cc [569]	 Looping back DTC0 ROC0
%MSG
%MSG-i CFOFrontEndInterface:  Early 31-Oct-2018 11:54:03 CDT pre-events
otsdaq_mu2e/otsdaq-mu2e/FEInterfaces/CFOFrontEndInterface_interface.cc [569]	 Looping back DTC0 ROC1
%MSG
%MSG-i CFOFrontEndInterface:  Early 31-Oct-2018 11:54:16 CDT pre-events
otsdaq_mu2e/otsdaq-mu2e/FEInterfaces/CFOFrontEndInterface_interface.cc [569]	 Looping back DTC1 ROC0
%MSG
%MSG-i CFOFrontEndInterface:  Early 31-Oct-2018 11:54:29 CDT pre-events
otsdaq_mu2e/otsdaq-mu2e/FEInterfaces/CFOFrontEndInterface_interface.cc [569]	 Looping back DTC1 ROC1
%MSG
%MSG-i CFOFrontEndInterface:  Early 31-Oct-2018 11:54:38 CDT pre-events
otsdaq_mu2e/otsdaq-mu2e/FEInterfaces/CFOFrontEndInterface_interface.cc [515]	-------------------------
%MSG
%MSG-i CFOFrontEndInterface:  Early 31-Oct-2018 11:54:38 CDT pre-events
otsdaq_mu2e/otsdaq-mu2e/FEInterfaces/CFOFrontEndInterface_interface.cc [516]	FULL SYSTEM loopback DONE
%MSG
%MSG-i CFOFrontEndInterface:  Early 31-Oct-2018 11:54:38 CDT pre-events
otsdaq_mu2e/otsdaq-mu2e/FEInterfaces/CFOFrontEndInterface_interface.cc [522]	chain 0 - DTC 0 - ROC 0 = -999
%MSG
%MSG-i CFOFrontEndInterface:  Early 31-Oct-2018 11:54:38 CDT pre-events
otsdaq_mu2e/otsdaq-mu2e/FEInterfaces/CFOFrontEndInterface_interface.cc [522]	chain 0 - DTC 0 - ROC 1 = -999
%MSG
%MSG-i CFOFrontEndInterface:  Early 31-Oct-2018 11:54:38 CDT pre-events
otsdaq_mu2e/otsdaq-mu2e/FEInterfaces/CFOFrontEndInterface_interface.cc [522]	chain 0 - DTC 1 - ROC 0 = 142
%MSG
%MSG-i CFOFrontEndInterface:  Early 31-Oct-2018 11:54:38 CDT pre-events
otsdaq_mu2e/otsdaq-mu2e/FEInterfaces/CFOFrontEndInterface_interface.cc [522]	chain 0 - DTC 1 - ROC 1 = 202.391
%MSG
%MSG-i CFOFrontEndInterface:  Early 31-Oct-2018 11:54:38 CDT pre-events
otsdaq_mu2e/otsdaq-mu2e/FEInterfaces/CFOFrontEndInterface_interface.cc [526]	-------------------------
%MSG
%MSG-i CFOFrontEndInterface:  Early 31-Oct-2018 11:55:33 CDT pre-events
otsdaq_mu2e/otsdaq-mu2e/FEInterfaces/CFOFrontEndInterface_interface.cc [569]	 Looping back DTC0 ROC0
%MSG
%MSG-i CFOFrontEndInterface:  Early 31-Oct-2018 11:55:46 CDT pre-events
otsdaq_mu2e/otsdaq-mu2e/FEInterfaces/CFOFrontEndInterface_interface.cc [569]	 Looping back DTC0 ROC1
%MSG
%MSG-i CFOFrontEndInterface:  Early 31-Oct-2018 11:55:59 CDT pre-events
otsdaq_mu2e/otsdaq-mu2e/FEInterfaces/CFOFrontEndInterface_interface.cc [569]	 Looping back DTC1 ROC0
%MSG
%MSG-i CFOFrontEndInterface:  Early 31-Oct-2018 11:56:12 CDT pre-events
otsdaq_mu2e/otsdaq-mu2e/FEInterfaces/CFOFrontEndInterface_interface.cc [569]	 Looping back DTC1 ROC1
%MSG
%MSG-i CFOFrontEndInterface:  Early 31-Oct-2018 11:56:21 CDT pre-events
otsdaq_mu2e/otsdaq-mu2e/FEInterfaces/CFOFrontEndInterface_interface.cc [515]	-------------------------
%MSG
%MSG-i CFOFrontEndInterface:  Early 31-Oct-2018 11:56:21 CDT pre-events
otsdaq_mu2e/otsdaq-mu2e/FEInterfaces/CFOFrontEndInterface_interface.cc [516]	FULL SYSTEM loopback DONE
%MSG
%MSG-i CFOFrontEndInterface:  Early 31-Oct-2018 11:56:21 CDT pre-events
otsdaq_mu2e/otsdaq-mu2e/FEInterfaces/CFOFrontEndInterface_interface.cc [522]	chain 0 - DTC 0 - ROC 0 = -999
%MSG
%MSG-i CFOFrontEndInterface:  Early 31-Oct-2018 11:56:21 CDT pre-events
otsdaq_mu2e/otsdaq-mu2e/FEInterfaces/CFOFrontEndInterface_interface.cc [522]	chain 0 - DTC 0 - ROC 1 = -999
%MSG
%MSG-i CFOFrontEndInterface:  Early 31-Oct-2018 11:56:21 CDT pre-events
otsdaq_mu2e/otsdaq-mu2e/FEInterfaces/CFOFrontEndInterface_interface.cc [522]	chain 0 - DTC 1 - ROC 0 = 142
%MSG
%MSG-i CFOFrontEndInterface:  Early 31-Oct-2018 11:56:21 CDT pre-events
otsdaq_mu2e/otsdaq-mu2e/FEInterfaces/CFOFrontEndInterface_interface.cc [522]	chain 0 - DTC 1 - ROC 1 = 202.383
%MSG
%MSG-i CFOFrontEndInterface:  Early 31-Oct-2018 11:56:21 CDT pre-events
otsdaq_mu2e/otsdaq-mu2e/FEInterfaces/CFOFrontEndInterface_interface.cc [526]	-------------------------
%MSG
%MSG-i CFOFrontEndInterface:  Early 31-Oct-2018 11:57:02 CDT pre-events
otsdaq_mu2e/otsdaq-mu2e/FEInterfaces/CFOFrontEndInterface_interface.cc [569]	 Looping back DTC0 ROC0
%MSG
%MSG-i CFOFrontEndInterface:  Early 31-Oct-2018 11:57:15 CDT pre-events
otsdaq_mu2e/otsdaq-mu2e/FEInterfaces/CFOFrontEndInterface_interface.cc [569]	 Looping back DTC0 ROC1
%MSG
%MSG-i CFOFrontEndInterface:  Early 31-Oct-2018 11:57:28 CDT pre-events
otsdaq_mu2e/otsdaq-mu2e/FEInterfaces/CFOFrontEndInterface_interface.cc [569]	 Looping back DTC1 ROC0
%MSG
%MSG-i CFOFrontEndInterface:  Early 31-Oct-2018 11:57:41 CDT pre-events
otsdaq_mu2e/otsdaq-mu2e/FEInterfaces/CFOFrontEndInterface_interface.cc [569]	 Looping back DTC1 ROC1
%MSG
%MSG-i CFOFrontEndInterface:  Early 31-Oct-2018 11:57:50 CDT pre-events
otsdaq_mu2e/otsdaq-mu2e/FEInterfaces/CFOFrontEndInterface_interface.cc [515]	-------------------------
%MSG
%MSG-i CFOFrontEndInterface:  Early 31-Oct-2018 11:57:50 CDT pre-events
otsdaq_mu2e/otsdaq-mu2e/FEInterfaces/CFOFrontEndInterface_interface.cc [516]	FULL SYSTEM loopback DONE
%MSG
%MSG-i CFOFrontEndInterface:  Early 31-Oct-2018 11:57:50 CDT pre-events
otsdaq_mu2e/otsdaq-mu2e/FEInterfaces/CFOFrontEndInterface_interface.cc [522]	chain 0 - DTC 0 - ROC 0 = -999
%MSG
%MSG-i CFOFrontEndInterface:  Early 31-Oct-2018 11:57:50 CDT pre-events
otsdaq_mu2e/otsdaq-mu2e/FEInterfaces/CFOFrontEndInterface_interface.cc [522]	chain 0 - DTC 0 - ROC 1 = -999
%MSG
%MSG-i CFOFrontEndInterface:  Early 31-Oct-2018 11:57:50 CDT pre-events
otsdaq_mu2e/otsdaq-mu2e/FEInterfaces/CFOFrontEndInterface_interface.cc [522]	chain 0 - DTC 1 - ROC 0 = 142
%MSG
%MSG-i CFOFrontEndInterface:  Early 31-Oct-2018 11:57:50 CDT pre-events
otsdaq_mu2e/otsdaq-mu2e/FEInterfaces/CFOFrontEndInterface_interface.cc [522]	chain 0 - DTC 1 - ROC 1 = 202.39
%MSG
%MSG-i CFOFrontEndInterface:  Early 31-Oct-2018 11:57:50 CDT pre-events
otsdaq_mu2e/otsdaq-mu2e/FEInterfaces/CFOFrontEndInterface_interface.cc [526]	-------------------------
%MSG
%MSG-i CFOFrontEndInterface:  Early 31-Oct-2018 11:59:55 CDT pre-events
otsdaq_mu2e/otsdaq-mu2e/FEInterfaces/CFOFrontEndInterface_interface.cc [569]	 Looping back DTC0 ROC0
%MSG
%MSG-i CFOFrontEndInterface:  Early 31-Oct-2018 12:00:08 CDT pre-events
otsdaq_mu2e/otsdaq-mu2e/FEInterfaces/CFOFrontEndInterface_interface.cc [569]	 Looping back DTC0 ROC1
%MSG
%MSG-i CFOFrontEndInterface:  Early 31-Oct-2018 12:00:21 CDT pre-events
otsdaq_mu2e/otsdaq-mu2e/FEInterfaces/CFOFrontEndInterface_interface.cc [569]	 Looping back DTC1 ROC0
%MSG
%MSG-i CFOFrontEndInterface:  Early 31-Oct-2018 12:00:34 CDT pre-events
otsdaq_mu2e/otsdaq-mu2e/FEInterfaces/CFOFrontEndInterface_interface.cc [569]	 Looping back DTC1 ROC1
%MSG
%MSG-i CFOFrontEndInterface:  Early 31-Oct-2018 12:00:43 CDT pre-events
otsdaq_mu2e/otsdaq-mu2e/FEInterfaces/CFOFrontEndInterface_interface.cc [515]	-------------------------
%MSG
%MSG-i CFOFrontEndInterface:  Early 31-Oct-2018 12:00:43 CDT pre-events
otsdaq_mu2e/otsdaq-mu2e/FEInterfaces/CFOFrontEndInterface_interface.cc [516]	FULL SYSTEM loopback DONE
%MSG
%MSG-i CFOFrontEndInterface:  Early 31-Oct-2018 12:00:43 CDT pre-events
otsdaq_mu2e/otsdaq-mu2e/FEInterfaces/CFOFrontEndInterface_interface.cc [522]	chain 0 - DTC 0 - ROC 0 = -999
%MSG
%MSG-i CFOFrontEndInterface:  Early 31-Oct-2018 12:00:43 CDT pre-events
otsdaq_mu2e/otsdaq-mu2e/FEInterfaces/CFOFrontEndInterface_interface.cc [522]	chain 0 - DTC 0 - ROC 1 = -999
%MSG
%MSG-i CFOFrontEndInterface:  Early 31-Oct-2018 12:00:43 CDT pre-events
otsdaq_mu2e/otsdaq-mu2e/FEInterfaces/CFOFrontEndInterface_interface.cc [522]	chain 0 - DTC 1 - ROC 0 = 141
%MSG
%MSG-i CFOFrontEndInterface:  Early 31-Oct-2018 12:00:43 CDT pre-events
otsdaq_mu2e/otsdaq-mu2e/FEInterfaces/CFOFrontEndInterface_interface.cc [522]	chain 0 - DTC 1 - ROC 1 = -999
%MSG
%MSG-i CFOFrontEndInterface:  Early 31-Oct-2018 12:00:43 CDT pre-events
otsdaq_mu2e/otsdaq-mu2e/FEInterfaces/CFOFrontEndInterface_interface.cc [526]	-------------------------
%MSG
%MSG-i CFOFrontEndInterface:  Early 31-Oct-2018 12:03:41 CDT pre-events
otsdaq_mu2e/otsdaq-mu2e/FEInterfaces/CFOFrontEndInterface_interface.cc [569]	 Looping back DTC0 ROC0
%MSG
%MSG-i CFOFrontEndInterface:  Early 31-Oct-2018 12:03:54 CDT pre-events
otsdaq_mu2e/otsdaq-mu2e/FEInterfaces/CFOFrontEndInterface_interface.cc [569]	 Looping back DTC0 ROC1
%MSG
%MSG-i CFOFrontEndInterface:  Early 31-Oct-2018 12:04:07 CDT pre-events
otsdaq_mu2e/otsdaq-mu2e/FEInterfaces/CFOFrontEndInterface_interface.cc [569]	 Looping back DTC1 ROC0
%MSG
%MSG-i CFOFrontEndInterface:  Early 31-Oct-2018 12:04:20 CDT pre-events
otsdaq_mu2e/otsdaq-mu2e/FEInterfaces/CFOFrontEndInterface_interface.cc [569]	 Looping back DTC1 ROC1
%MSG
%MSG-i CFOFrontEndInterface:  Early 31-Oct-2018 12:04:29 CDT pre-events
otsdaq_mu2e/otsdaq-mu2e/FEInterfaces/CFOFrontEndInterface_interface.cc [515]	-------------------------
%MSG
%MSG-i CFOFrontEndInterface:  Early 31-Oct-2018 12:04:29 CDT pre-events
otsdaq_mu2e/otsdaq-mu2e/FEInterfaces/CFOFrontEndInterface_interface.cc [516]	FULL SYSTEM loopback DONE
%MSG
%MSG-i CFOFrontEndInterface:  Early 31-Oct-2018 12:04:29 CDT pre-events
otsdaq_mu2e/otsdaq-mu2e/FEInterfaces/CFOFrontEndInterface_interface.cc [522]	chain 0 - DTC 0 - ROC 0 = -999
%MSG
%MSG-i CFOFrontEndInterface:  Early 31-Oct-2018 12:04:29 CDT pre-events
otsdaq_mu2e/otsdaq-mu2e/FEInterfaces/CFOFrontEndInterface_interface.cc [522]	chain 0 - DTC 0 - ROC 1 = -999
%MSG
%MSG-i CFOFrontEndInterface:  Early 31-Oct-2018 12:04:29 CDT pre-events
otsdaq_mu2e/otsdaq-mu2e/FEInterfaces/CFOFrontEndInterface_interface.cc [522]	chain 0 - DTC 1 - ROC 0 = 141
%MSG
%MSG-i CFOFrontEndInterface:  Early 31-Oct-2018 12:04:29 CDT pre-events
otsdaq_mu2e/otsdaq-mu2e/FEInterfaces/CFOFrontEndInterface_interface.cc [522]	chain 0 - DTC 1 - ROC 1 = 204.838
%MSG
%MSG-i CFOFrontEndInterface:  Early 31-Oct-2018 12:04:29 CDT pre-events
otsdaq_mu2e/otsdaq-mu2e/FEInterfaces/CFOFrontEndInterface_interface.cc [526]	-------------------------
%MSG
%MSG-d ots:  Early 31-Oct-2018 12:06:52 CDT pre-events
otsdaq/otsdaq-core/WorkLoopManager/WorkLoop.cc [26]	Destroying WorkLoop: CFO0-SlowControls
%MSG
%MSG-d ots:  Early 31-Oct-2018 12:06:52 CDT pre-events
otsdaq/otsdaq-core/WorkLoopManager/WorkLoop.cc [29]	Destroyed WorkLoop: CFO0-SlowControls
%MSG
%MSG-d ots:  Early 31-Oct-2018 12:06:52 CDT pre-events
otsdaq/otsdaq-core/WorkLoopManager/WorkLoop.cc [26]	Destroying WorkLoop: CFO0
%MSG
%MSG-d ots:  Early 31-Oct-2018 12:06:52 CDT pre-events
otsdaq/otsdaq-core/WorkLoopManager/WorkLoop.cc [29]	Destroyed WorkLoop: CFO0
%MSG
%MSG-i CFOFrontEndInterface:  Early 31-Oct-2018 12:07:44 CDT pre-events
otsdaq_mu2e/otsdaq-mu2e/FEInterfaces/CFOFrontEndInterface_interface.cc [444]	CFO configured
%MSG
%MSG-i CFOFrontEndInterface:  Early 31-Oct-2018 12:07:44 CDT pre-events
otsdaq_mu2e/otsdaq-mu2e/FEInterfaces/CFOFrontEndInterface_interface.cc [448]	CFO links OK = 0x1
%MSG
%MSG-i CFOFrontEndInterface:  Early 31-Oct-2018 12:12:31 CDT pre-events
otsdaq_mu2e/otsdaq-mu2e/FEInterfaces/CFOFrontEndInterface_interface.cc [569]	 Looping back DTC0 ROC0
%MSG
%MSG-i CFOFrontEndInterface:  Early 31-Oct-2018 12:12:45 CDT pre-events
otsdaq_mu2e/otsdaq-mu2e/FEInterfaces/CFOFrontEndInterface_interface.cc [569]	 Looping back DTC0 ROC1
%MSG
%MSG-i CFOFrontEndInterface:  Early 31-Oct-2018 12:12:58 CDT pre-events
otsdaq_mu2e/otsdaq-mu2e/FEInterfaces/CFOFrontEndInterface_interface.cc [569]	 Looping back DTC1 ROC0
%MSG
%MSG-i CFOFrontEndInterface:  Early 31-Oct-2018 12:13:11 CDT pre-events
otsdaq_mu2e/otsdaq-mu2e/FEInterfaces/CFOFrontEndInterface_interface.cc [569]	 Looping back DTC1 ROC1
%MSG
%MSG-i CFOFrontEndInterface:  Early 31-Oct-2018 12:13:20 CDT pre-events
otsdaq_mu2e/otsdaq-mu2e/FEInterfaces/CFOFrontEndInterface_interface.cc [515]	-------------------------
%MSG
%MSG-i CFOFrontEndInterface:  Early 31-Oct-2018 12:13:20 CDT pre-events
otsdaq_mu2e/otsdaq-mu2e/FEInterfaces/CFOFrontEndInterface_interface.cc [516]	FULL SYSTEM loopback DONE
%MSG
%MSG-i CFOFrontEndInterface:  Early 31-Oct-2018 12:13:20 CDT pre-events
otsdaq_mu2e/otsdaq-mu2e/FEInterfaces/CFOFrontEndInterface_interface.cc [522]	chain 0 - DTC 0 - ROC 0 = 96
%MSG
%MSG-i CFOFrontEndInterface:  Early 31-Oct-2018 12:13:20 CDT pre-events
otsdaq_mu2e/otsdaq-mu2e/FEInterfaces/CFOFrontEndInterface_interface.cc [522]	chain 0 - DTC 0 - ROC 1 = 97
%MSG
%MSG-i CFOFrontEndInterface:  Early 31-Oct-2018 12:13:20 CDT pre-events
otsdaq_mu2e/otsdaq-mu2e/FEInterfaces/CFOFrontEndInterface_interface.cc [522]	chain 0 - DTC 1 - ROC 0 = 141
%MSG
%MSG-i CFOFrontEndInterface:  Early 31-Oct-2018 12:13:20 CDT pre-events
otsdaq_mu2e/otsdaq-mu2e/FEInterfaces/CFOFrontEndInterface_interface.cc [522]	chain 0 - DTC 1 - ROC 1 = 202.387
%MSG
%MSG-i CFOFrontEndInterface:  Early 31-Oct-2018 12:13:20 CDT pre-events
otsdaq_mu2e/otsdaq-mu2e/FEInterfaces/CFOFrontEndInterface_interface.cc [526]	-------------------------
%MSG
%MSG-i CFOFrontEndInterface:  Early 31-Oct-2018 12:13:50 CDT pre-events
otsdaq_mu2e/otsdaq-mu2e/FEInterfaces/CFOFrontEndInterface_interface.cc [569]	 Looping back DTC0 ROC0
%MSG
%MSG-i CFOFrontEndInterface:  Early 31-Oct-2018 12:14:04 CDT pre-events
otsdaq_mu2e/otsdaq-mu2e/FEInterfaces/CFOFrontEndInterface_interface.cc [569]	 Looping back DTC0 ROC1
%MSG
%MSG-i CFOFrontEndInterface:  Early 31-Oct-2018 12:14:17 CDT pre-events
otsdaq_mu2e/otsdaq-mu2e/FEInterfaces/CFOFrontEndInterface_interface.cc [569]	 Looping back DTC1 ROC0
%MSG
%MSG-i CFOFrontEndInterface:  Early 31-Oct-2018 12:14:30 CDT pre-events
otsdaq_mu2e/otsdaq-mu2e/FEInterfaces/CFOFrontEndInterface_interface.cc [569]	 Looping back DTC1 ROC1
%MSG
%MSG-i CFOFrontEndInterface:  Early 31-Oct-2018 12:14:39 CDT pre-events
otsdaq_mu2e/otsdaq-mu2e/FEInterfaces/CFOFrontEndInterface_interface.cc [515]	-------------------------
%MSG
%MSG-i CFOFrontEndInterface:  Early 31-Oct-2018 12:14:39 CDT pre-events
otsdaq_mu2e/otsdaq-mu2e/FEInterfaces/CFOFrontEndInterface_interface.cc [516]	FULL SYSTEM loopback DONE
%MSG
%MSG-i CFOFrontEndInterface:  Early 31-Oct-2018 12:14:39 CDT pre-events
otsdaq_mu2e/otsdaq-mu2e/FEInterfaces/CFOFrontEndInterface_interface.cc [522]	chain 0 - DTC 0 - ROC 0 = 96
%MSG
%MSG-i CFOFrontEndInterface:  Early 31-Oct-2018 12:14:39 CDT pre-events
otsdaq_mu2e/otsdaq-mu2e/FEInterfaces/CFOFrontEndInterface_interface.cc [522]	chain 0 - DTC 0 - ROC 1 = -999
%MSG
%MSG-i CFOFrontEndInterface:  Early 31-Oct-2018 12:14:39 CDT pre-events
otsdaq_mu2e/otsdaq-mu2e/FEInterfaces/CFOFrontEndInterface_interface.cc [522]	chain 0 - DTC 1 - ROC 0 = 141
%MSG
%MSG-i CFOFrontEndInterface:  Early 31-Oct-2018 12:14:39 CDT pre-events
otsdaq_mu2e/otsdaq-mu2e/FEInterfaces/CFOFrontEndInterface_interface.cc [522]	chain 0 - DTC 1 - ROC 1 = 202.378
%MSG
%MSG-i CFOFrontEndInterface:  Early 31-Oct-2018 12:14:39 CDT pre-events
otsdaq_mu2e/otsdaq-mu2e/FEInterfaces/CFOFrontEndInterface_interface.cc [526]	-------------------------
%MSG
%MSG-i CFOFrontEndInterface:  Early 31-Oct-2018 12:15:10 CDT pre-events
otsdaq_mu2e/otsdaq-mu2e/FEInterfaces/CFOFrontEndInterface_interface.cc [569]	 Looping back DTC0 ROC0
%MSG
%MSG-i CFOFrontEndInterface:  Early 31-Oct-2018 12:15:23 CDT pre-events
otsdaq_mu2e/otsdaq-mu2e/FEInterfaces/CFOFrontEndInterface_interface.cc [569]	 Looping back DTC0 ROC1
%MSG
%MSG-i CFOFrontEndInterface:  Early 31-Oct-2018 12:15:37 CDT pre-events
otsdaq_mu2e/otsdaq-mu2e/FEInterfaces/CFOFrontEndInterface_interface.cc [569]	 Looping back DTC1 ROC0
%MSG
%MSG-i CFOFrontEndInterface:  Early 31-Oct-2018 12:15:50 CDT pre-events
otsdaq_mu2e/otsdaq-mu2e/FEInterfaces/CFOFrontEndInterface_interface.cc [569]	 Looping back DTC1 ROC1
%MSG
%MSG-i CFOFrontEndInterface:  Early 31-Oct-2018 12:15:59 CDT pre-events
otsdaq_mu2e/otsdaq-mu2e/FEInterfaces/CFOFrontEndInterface_interface.cc [515]	-------------------------
%MSG
%MSG-i CFOFrontEndInterface:  Early 31-Oct-2018 12:15:59 CDT pre-events
otsdaq_mu2e/otsdaq-mu2e/FEInterfaces/CFOFrontEndInterface_interface.cc [516]	FULL SYSTEM loopback DONE
%MSG
%MSG-i CFOFrontEndInterface:  Early 31-Oct-2018 12:15:59 CDT pre-events
otsdaq_mu2e/otsdaq-mu2e/FEInterfaces/CFOFrontEndInterface_interface.cc [522]	chain 0 - DTC 0 - ROC 0 = -999
%MSG
%MSG-i CFOFrontEndInterface:  Early 31-Oct-2018 12:15:59 CDT pre-events
otsdaq_mu2e/otsdaq-mu2e/FEInterfaces/CFOFrontEndInterface_interface.cc [522]	chain 0 - DTC 0 - ROC 1 = 97
%MSG
%MSG-i CFOFrontEndInterface:  Early 31-Oct-2018 12:15:59 CDT pre-events
otsdaq_mu2e/otsdaq-mu2e/FEInterfaces/CFOFrontEndInterface_interface.cc [522]	chain 0 - DTC 1 - ROC 0 = 141
%MSG
%MSG-i CFOFrontEndInterface:  Early 31-Oct-2018 12:15:59 CDT pre-events
otsdaq_mu2e/otsdaq-mu2e/FEInterfaces/CFOFrontEndInterface_interface.cc [522]	chain 0 - DTC 1 - ROC 1 = 202.379
%MSG
%MSG-i CFOFrontEndInterface:  Early 31-Oct-2018 12:15:59 CDT pre-events
otsdaq_mu2e/otsdaq-mu2e/FEInterfaces/CFOFrontEndInterface_interface.cc [526]	-------------------------
%MSG
%MSG-i CFOFrontEndInterface:  Early 31-Oct-2018 12:16:28 CDT pre-events
otsdaq_mu2e/otsdaq-mu2e/FEInterfaces/CFOFrontEndInterface_interface.cc [569]	 Looping back DTC0 ROC0
%MSG
%MSG-i CFOFrontEndInterface:  Early 31-Oct-2018 12:16:41 CDT pre-events
otsdaq_mu2e/otsdaq-mu2e/FEInterfaces/CFOFrontEndInterface_interface.cc [569]	 Looping back DTC0 ROC1
%MSG
%MSG-i CFOFrontEndInterface:  Early 31-Oct-2018 12:16:54 CDT pre-events
otsdaq_mu2e/otsdaq-mu2e/FEInterfaces/CFOFrontEndInterface_interface.cc [569]	 Looping back DTC1 ROC0
%MSG
%MSG-i CFOFrontEndInterface:  Early 31-Oct-2018 12:17:07 CDT pre-events
otsdaq_mu2e/otsdaq-mu2e/FEInterfaces/CFOFrontEndInterface_interface.cc [569]	 Looping back DTC1 ROC1
%MSG
%MSG-i CFOFrontEndInterface:  Early 31-Oct-2018 12:17:16 CDT pre-events
otsdaq_mu2e/otsdaq-mu2e/FEInterfaces/CFOFrontEndInterface_interface.cc [515]	-------------------------
%MSG
%MSG-i CFOFrontEndInterface:  Early 31-Oct-2018 12:17:16 CDT pre-events
otsdaq_mu2e/otsdaq-mu2e/FEInterfaces/CFOFrontEndInterface_interface.cc [516]	FULL SYSTEM loopback DONE
%MSG
%MSG-i CFOFrontEndInterface:  Early 31-Oct-2018 12:17:16 CDT pre-events
otsdaq_mu2e/otsdaq-mu2e/FEInterfaces/CFOFrontEndInterface_interface.cc [522]	chain 0 - DTC 0 - ROC 0 = -999
%MSG
%MSG-i CFOFrontEndInterface:  Early 31-Oct-2018 12:17:16 CDT pre-events
otsdaq_mu2e/otsdaq-mu2e/FEInterfaces/CFOFrontEndInterface_interface.cc [522]	chain 0 - DTC 0 - ROC 1 = -999
%MSG
%MSG-i CFOFrontEndInterface:  Early 31-Oct-2018 12:17:16 CDT pre-events
otsdaq_mu2e/otsdaq-mu2e/FEInterfaces/CFOFrontEndInterface_interface.cc [522]	chain 0 - DTC 1 - ROC 0 = 141
%MSG
%MSG-i CFOFrontEndInterface:  Early 31-Oct-2018 12:17:16 CDT pre-events
otsdaq_mu2e/otsdaq-mu2e/FEInterfaces/CFOFrontEndInterface_interface.cc [522]	chain 0 - DTC 1 - ROC 1 = -999
%MSG
%MSG-i CFOFrontEndInterface:  Early 31-Oct-2018 12:17:16 CDT pre-events
otsdaq_mu2e/otsdaq-mu2e/FEInterfaces/CFOFrontEndInterface_interface.cc [526]	-------------------------
%MSG
%MSG-i CFOFrontEndInterface:  Early 31-Oct-2018 12:17:36 CDT pre-events
otsdaq_mu2e/otsdaq-mu2e/FEInterfaces/CFOFrontEndInterface_interface.cc [569]	 Looping back DTC0 ROC0
%MSG
%MSG-i CFOFrontEndInterface:  Early 31-Oct-2018 12:17:49 CDT pre-events
otsdaq_mu2e/otsdaq-mu2e/FEInterfaces/CFOFrontEndInterface_interface.cc [569]	 Looping back DTC0 ROC1
%MSG
%MSG-i CFOFrontEndInterface:  Early 31-Oct-2018 12:18:02 CDT pre-events
otsdaq_mu2e/otsdaq-mu2e/FEInterfaces/CFOFrontEndInterface_interface.cc [569]	 Looping back DTC1 ROC0
%MSG
%MSG-i CFOFrontEndInterface:  Early 31-Oct-2018 12:18:15 CDT pre-events
otsdaq_mu2e/otsdaq-mu2e/FEInterfaces/CFOFrontEndInterface_interface.cc [569]	 Looping back DTC1 ROC1
%MSG
%MSG-i CFOFrontEndInterface:  Early 31-Oct-2018 12:18:24 CDT pre-events
otsdaq_mu2e/otsdaq-mu2e/FEInterfaces/CFOFrontEndInterface_interface.cc [515]	-------------------------
%MSG
%MSG-i CFOFrontEndInterface:  Early 31-Oct-2018 12:18:24 CDT pre-events
otsdaq_mu2e/otsdaq-mu2e/FEInterfaces/CFOFrontEndInterface_interface.cc [516]	FULL SYSTEM loopback DONE
%MSG
%MSG-i CFOFrontEndInterface:  Early 31-Oct-2018 12:18:24 CDT pre-events
otsdaq_mu2e/otsdaq-mu2e/FEInterfaces/CFOFrontEndInterface_interface.cc [522]	chain 0 - DTC 0 - ROC 0 = -999
%MSG
%MSG-i CFOFrontEndInterface:  Early 31-Oct-2018 12:18:24 CDT pre-events
otsdaq_mu2e/otsdaq-mu2e/FEInterfaces/CFOFrontEndInterface_interface.cc [522]	chain 0 - DTC 0 - ROC 1 = -999
%MSG
%MSG-i CFOFrontEndInterface:  Early 31-Oct-2018 12:18:24 CDT pre-events
otsdaq_mu2e/otsdaq-mu2e/FEInterfaces/CFOFrontEndInterface_interface.cc [522]	chain 0 - DTC 1 - ROC 0 = 141
%MSG
%MSG-i CFOFrontEndInterface:  Early 31-Oct-2018 12:18:24 CDT pre-events
otsdaq_mu2e/otsdaq-mu2e/FEInterfaces/CFOFrontEndInterface_interface.cc [522]	chain 0 - DTC 1 - ROC 1 = 202.383
%MSG
%MSG-i CFOFrontEndInterface:  Early 31-Oct-2018 12:18:24 CDT pre-events
otsdaq_mu2e/otsdaq-mu2e/FEInterfaces/CFOFrontEndInterface_interface.cc [526]	-------------------------
%MSG
%MSG-i CFOFrontEndInterface:  Early 31-Oct-2018 12:19:56 CDT pre-events
otsdaq_mu2e/otsdaq-mu2e/FEInterfaces/CFOFrontEndInterface_interface.cc [569]	 Looping back DTC0 ROC0
%MSG
%MSG-i CFOFrontEndInterface:  Early 31-Oct-2018 12:20:09 CDT pre-events
otsdaq_mu2e/otsdaq-mu2e/FEInterfaces/CFOFrontEndInterface_interface.cc [569]	 Looping back DTC0 ROC1
%MSG
%MSG-i CFOFrontEndInterface:  Early 31-Oct-2018 12:20:22 CDT pre-events
otsdaq_mu2e/otsdaq-mu2e/FEInterfaces/CFOFrontEndInterface_interface.cc [569]	 Looping back DTC1 ROC0
%MSG
%MSG-i CFOFrontEndInterface:  Early 31-Oct-2018 12:20:35 CDT pre-events
otsdaq_mu2e/otsdaq-mu2e/FEInterfaces/CFOFrontEndInterface_interface.cc [569]	 Looping back DTC1 ROC1
%MSG
%MSG-i CFOFrontEndInterface:  Early 31-Oct-2018 12:20:44 CDT pre-events
otsdaq_mu2e/otsdaq-mu2e/FEInterfaces/CFOFrontEndInterface_interface.cc [515]	-------------------------
%MSG
%MSG-i CFOFrontEndInterface:  Early 31-Oct-2018 12:20:44 CDT pre-events
otsdaq_mu2e/otsdaq-mu2e/FEInterfaces/CFOFrontEndInterface_interface.cc [516]	FULL SYSTEM loopback DONE
%MSG
%MSG-i CFOFrontEndInterface:  Early 31-Oct-2018 12:20:44 CDT pre-events
otsdaq_mu2e/otsdaq-mu2e/FEInterfaces/CFOFrontEndInterface_interface.cc [522]	chain 0 - DTC 0 - ROC 0 = 96
%MSG
%MSG-i CFOFrontEndInterface:  Early 31-Oct-2018 12:20:44 CDT pre-events
otsdaq_mu2e/otsdaq-mu2e/FEInterfaces/CFOFrontEndInterface_interface.cc [522]	chain 0 - DTC 0 - ROC 1 = 97
%MSG
%MSG-i CFOFrontEndInterface:  Early 31-Oct-2018 12:20:44 CDT pre-events
otsdaq_mu2e/otsdaq-mu2e/FEInterfaces/CFOFrontEndInterface_interface.cc [522]	chain 0 - DTC 1 - ROC 0 = 141
%MSG
%MSG-i CFOFrontEndInterface:  Early 31-Oct-2018 12:20:44 CDT pre-events
otsdaq_mu2e/otsdaq-mu2e/FEInterfaces/CFOFrontEndInterface_interface.cc [522]	chain 0 - DTC 1 - ROC 1 = 202.385
%MSG
%MSG-i CFOFrontEndInterface:  Early 31-Oct-2018 12:20:44 CDT pre-events
otsdaq_mu2e/otsdaq-mu2e/FEInterfaces/CFOFrontEndInterface_interface.cc [526]	-------------------------
%MSG
%MSG-i CFOFrontEndInterface:  Early 31-Oct-2018 12:22:37 CDT pre-events
otsdaq_mu2e/otsdaq-mu2e/FEInterfaces/CFOFrontEndInterface_interface.cc [569]	 Looping back DTC0 ROC0
%MSG
%MSG-i CFOFrontEndInterface:  Early 31-Oct-2018 12:22:50 CDT pre-events
otsdaq_mu2e/otsdaq-mu2e/FEInterfaces/CFOFrontEndInterface_interface.cc [569]	 Looping back DTC0 ROC1
%MSG
%MSG-i CFOFrontEndInterface:  Early 31-Oct-2018 12:23:03 CDT pre-events
otsdaq_mu2e/otsdaq-mu2e/FEInterfaces/CFOFrontEndInterface_interface.cc [569]	 Looping back DTC1 ROC0
%MSG
%MSG-i CFOFrontEndInterface:  Early 31-Oct-2018 12:23:16 CDT pre-events
otsdaq_mu2e/otsdaq-mu2e/FEInterfaces/CFOFrontEndInterface_interface.cc [569]	 Looping back DTC1 ROC1
%MSG
%MSG-i CFOFrontEndInterface:  Early 31-Oct-2018 12:23:26 CDT pre-events
otsdaq_mu2e/otsdaq-mu2e/FEInterfaces/CFOFrontEndInterface_interface.cc [515]	-------------------------
%MSG
%MSG-i CFOFrontEndInterface:  Early 31-Oct-2018 12:23:26 CDT pre-events
otsdaq_mu2e/otsdaq-mu2e/FEInterfaces/CFOFrontEndInterface_interface.cc [516]	FULL SYSTEM loopback DONE
%MSG
%MSG-i CFOFrontEndInterface:  Early 31-Oct-2018 12:23:26 CDT pre-events
otsdaq_mu2e/otsdaq-mu2e/FEInterfaces/CFOFrontEndInterface_interface.cc [522]	chain 0 - DTC 0 - ROC 0 = -999
%MSG
%MSG-i CFOFrontEndInterface:  Early 31-Oct-2018 12:23:26 CDT pre-events
otsdaq_mu2e/otsdaq-mu2e/FEInterfaces/CFOFrontEndInterface_interface.cc [522]	chain 0 - DTC 0 - ROC 1 = -999
%MSG
%MSG-i CFOFrontEndInterface:  Early 31-Oct-2018 12:23:26 CDT pre-events
otsdaq_mu2e/otsdaq-mu2e/FEInterfaces/CFOFrontEndInterface_interface.cc [522]	chain 0 - DTC 1 - ROC 0 = 141
%MSG
%MSG-i CFOFrontEndInterface:  Early 31-Oct-2018 12:23:26 CDT pre-events
otsdaq_mu2e/otsdaq-mu2e/FEInterfaces/CFOFrontEndInterface_interface.cc [522]	chain 0 - DTC 1 - ROC 1 = 202.391
%MSG
%MSG-i CFOFrontEndInterface:  Early 31-Oct-2018 12:23:26 CDT pre-events
otsdaq_mu2e/otsdaq-mu2e/FEInterfaces/CFOFrontEndInterface_interface.cc [526]	-------------------------
%MSG
%MSG-i CFOFrontEndInterface:  Early 31-Oct-2018 12:26:01 CDT pre-events
otsdaq_mu2e/otsdaq-mu2e/FEInterfaces/CFOFrontEndInterface_interface.cc [569]	 Looping back DTC0 ROC0
%MSG
%MSG-i CFOFrontEndInterface:  Early 31-Oct-2018 12:26:13 CDT pre-events
otsdaq_mu2e/otsdaq-mu2e/FEInterfaces/CFOFrontEndInterface_interface.cc [569]	 Looping back DTC0 ROC1
%MSG
%MSG-i CFOFrontEndInterface:  Early 31-Oct-2018 12:26:27 CDT pre-events
otsdaq_mu2e/otsdaq-mu2e/FEInterfaces/CFOFrontEndInterface_interface.cc [569]	 Looping back DTC1 ROC0
%MSG
%MSG-i CFOFrontEndInterface:  Early 31-Oct-2018 12:26:40 CDT pre-events
otsdaq_mu2e/otsdaq-mu2e/FEInterfaces/CFOFrontEndInterface_interface.cc [569]	 Looping back DTC1 ROC1
%MSG
%MSG-i CFOFrontEndInterface:  Early 31-Oct-2018 12:26:49 CDT pre-events
otsdaq_mu2e/otsdaq-mu2e/FEInterfaces/CFOFrontEndInterface_interface.cc [515]	-------------------------
%MSG
%MSG-i CFOFrontEndInterface:  Early 31-Oct-2018 12:26:49 CDT pre-events
otsdaq_mu2e/otsdaq-mu2e/FEInterfaces/CFOFrontEndInterface_interface.cc [516]	FULL SYSTEM loopback DONE
%MSG
%MSG-i CFOFrontEndInterface:  Early 31-Oct-2018 12:26:49 CDT pre-events
otsdaq_mu2e/otsdaq-mu2e/FEInterfaces/CFOFrontEndInterface_interface.cc [522]	chain 0 - DTC 0 - ROC 0 = -999
%MSG
%MSG-i CFOFrontEndInterface:  Early 31-Oct-2018 12:26:49 CDT pre-events
otsdaq_mu2e/otsdaq-mu2e/FEInterfaces/CFOFrontEndInterface_interface.cc [522]	chain 0 - DTC 0 - ROC 1 = -999
%MSG
%MSG-i CFOFrontEndInterface:  Early 31-Oct-2018 12:26:49 CDT pre-events
otsdaq_mu2e/otsdaq-mu2e/FEInterfaces/CFOFrontEndInterface_interface.cc [522]	chain 0 - DTC 1 - ROC 0 = 141
%MSG
%MSG-i CFOFrontEndInterface:  Early 31-Oct-2018 12:26:49 CDT pre-events
otsdaq_mu2e/otsdaq-mu2e/FEInterfaces/CFOFrontEndInterface_interface.cc [522]	chain 0 - DTC 1 - ROC 1 = 204.786
%MSG
%MSG-i CFOFrontEndInterface:  Early 31-Oct-2018 12:26:49 CDT pre-events
otsdaq_mu2e/otsdaq-mu2e/FEInterfaces/CFOFrontEndInterface_interface.cc [526]	-------------------------
%MSG
%MSG-i CFOFrontEndInterface:  Early 31-Oct-2018 12:30:20 CDT pre-events
otsdaq_mu2e/otsdaq-mu2e/FEInterfaces/CFOFrontEndInterface_interface.cc [569]	 Looping back DTC0 ROC0
%MSG
%MSG-i CFOFrontEndInterface:  Early 31-Oct-2018 12:30:33 CDT pre-events
otsdaq_mu2e/otsdaq-mu2e/FEInterfaces/CFOFrontEndInterface_interface.cc [569]	 Looping back DTC0 ROC1
%MSG
%MSG-i CFOFrontEndInterface:  Early 31-Oct-2018 12:30:46 CDT pre-events
otsdaq_mu2e/otsdaq-mu2e/FEInterfaces/CFOFrontEndInterface_interface.cc [569]	 Looping back DTC1 ROC0
%MSG
%MSG-i CFOFrontEndInterface:  Early 31-Oct-2018 12:30:59 CDT pre-events
otsdaq_mu2e/otsdaq-mu2e/FEInterfaces/CFOFrontEndInterface_interface.cc [569]	 Looping back DTC1 ROC1
%MSG
%MSG-i CFOFrontEndInterface:  Early 31-Oct-2018 12:31:08 CDT pre-events
otsdaq_mu2e/otsdaq-mu2e/FEInterfaces/CFOFrontEndInterface_interface.cc [515]	-------------------------
%MSG
%MSG-i CFOFrontEndInterface:  Early 31-Oct-2018 12:31:08 CDT pre-events
otsdaq_mu2e/otsdaq-mu2e/FEInterfaces/CFOFrontEndInterface_interface.cc [516]	FULL SYSTEM loopback DONE
%MSG
%MSG-i CFOFrontEndInterface:  Early 31-Oct-2018 12:31:08 CDT pre-events
otsdaq_mu2e/otsdaq-mu2e/FEInterfaces/CFOFrontEndInterface_interface.cc [522]	chain 0 - DTC 0 - ROC 0 = -999
%MSG
%MSG-i CFOFrontEndInterface:  Early 31-Oct-2018 12:31:08 CDT pre-events
otsdaq_mu2e/otsdaq-mu2e/FEInterfaces/CFOFrontEndInterface_interface.cc [522]	chain 0 - DTC 0 - ROC 1 = -999
%MSG
%MSG-i CFOFrontEndInterface:  Early 31-Oct-2018 12:31:08 CDT pre-events
otsdaq_mu2e/otsdaq-mu2e/FEInterfaces/CFOFrontEndInterface_interface.cc [522]	chain 0 - DTC 1 - ROC 0 = 141
%MSG
%MSG-i CFOFrontEndInterface:  Early 31-Oct-2018 12:31:08 CDT pre-events
otsdaq_mu2e/otsdaq-mu2e/FEInterfaces/CFOFrontEndInterface_interface.cc [522]	chain 0 - DTC 1 - ROC 1 = -999
%MSG
%MSG-i CFOFrontEndInterface:  Early 31-Oct-2018 12:31:08 CDT pre-events
otsdaq_mu2e/otsdaq-mu2e/FEInterfaces/CFOFrontEndInterface_interface.cc [526]	-------------------------
%MSG
%MSG-i CFOFrontEndInterface:  Early 31-Oct-2018 12:34:08 CDT pre-events
otsdaq_mu2e/otsdaq-mu2e/FEInterfaces/CFOFrontEndInterface_interface.cc [569]	 Looping back DTC0 ROC0
%MSG
%MSG-i CFOFrontEndInterface:  Early 31-Oct-2018 12:34:21 CDT pre-events
otsdaq_mu2e/otsdaq-mu2e/FEInterfaces/CFOFrontEndInterface_interface.cc [569]	 Looping back DTC0 ROC1
%MSG
%MSG-i CFOFrontEndInterface:  Early 31-Oct-2018 12:34:34 CDT pre-events
otsdaq_mu2e/otsdaq-mu2e/FEInterfaces/CFOFrontEndInterface_interface.cc [569]	 Looping back DTC1 ROC0
%MSG
%MSG-i CFOFrontEndInterface:  Early 31-Oct-2018 12:34:48 CDT pre-events
otsdaq_mu2e/otsdaq-mu2e/FEInterfaces/CFOFrontEndInterface_interface.cc [569]	 Looping back DTC1 ROC1
%MSG
%MSG-i CFOFrontEndInterface:  Early 31-Oct-2018 12:34:57 CDT pre-events
otsdaq_mu2e/otsdaq-mu2e/FEInterfaces/CFOFrontEndInterface_interface.cc [515]	-------------------------
%MSG
%MSG-i CFOFrontEndInterface:  Early 31-Oct-2018 12:34:57 CDT pre-events
otsdaq_mu2e/otsdaq-mu2e/FEInterfaces/CFOFrontEndInterface_interface.cc [516]	FULL SYSTEM loopback DONE
%MSG
%MSG-i CFOFrontEndInterface:  Early 31-Oct-2018 12:34:57 CDT pre-events
otsdaq_mu2e/otsdaq-mu2e/FEInterfaces/CFOFrontEndInterface_interface.cc [522]	chain 0 - DTC 0 - ROC 0 = -999
%MSG
%MSG-i CFOFrontEndInterface:  Early 31-Oct-2018 12:34:57 CDT pre-events
otsdaq_mu2e/otsdaq-mu2e/FEInterfaces/CFOFrontEndInterface_interface.cc [522]	chain 0 - DTC 0 - ROC 1 = -999
%MSG
%MSG-i CFOFrontEndInterface:  Early 31-Oct-2018 12:34:57 CDT pre-events
otsdaq_mu2e/otsdaq-mu2e/FEInterfaces/CFOFrontEndInterface_interface.cc [522]	chain 0 - DTC 1 - ROC 0 = 141
%MSG
%MSG-i CFOFrontEndInterface:  Early 31-Oct-2018 12:34:57 CDT pre-events
otsdaq_mu2e/otsdaq-mu2e/FEInterfaces/CFOFrontEndInterface_interface.cc [522]	chain 0 - DTC 1 - ROC 1 = 205.701
%MSG
%MSG-i CFOFrontEndInterface:  Early 31-Oct-2018 12:34:57 CDT pre-events
otsdaq_mu2e/otsdaq-mu2e/FEInterfaces/CFOFrontEndInterface_interface.cc [526]	-------------------------
%MSG
%MSG-i CFOFrontEndInterface:  Early 31-Oct-2018 12:45:28 CDT pre-events
otsdaq_mu2e/otsdaq-mu2e/FEInterfaces/CFOFrontEndInterface_interface.cc [569]	 Looping back DTC0 ROC0
%MSG
%MSG-i CFOFrontEndInterface:  Early 31-Oct-2018 12:45:41 CDT pre-events
otsdaq_mu2e/otsdaq-mu2e/FEInterfaces/CFOFrontEndInterface_interface.cc [569]	 Looping back DTC0 ROC1
%MSG
%MSG-i CFOFrontEndInterface:  Early 31-Oct-2018 12:45:54 CDT pre-events
otsdaq_mu2e/otsdaq-mu2e/FEInterfaces/CFOFrontEndInterface_interface.cc [569]	 Looping back DTC1 ROC0
%MSG
%MSG-i CFOFrontEndInterface:  Early 31-Oct-2018 12:46:07 CDT pre-events
otsdaq_mu2e/otsdaq-mu2e/FEInterfaces/CFOFrontEndInterface_interface.cc [569]	 Looping back DTC1 ROC1
%MSG
%MSG-i CFOFrontEndInterface:  Early 31-Oct-2018 12:46:16 CDT pre-events
otsdaq_mu2e/otsdaq-mu2e/FEInterfaces/CFOFrontEndInterface_interface.cc [515]	-------------------------
%MSG
%MSG-i CFOFrontEndInterface:  Early 31-Oct-2018 12:46:16 CDT pre-events
otsdaq_mu2e/otsdaq-mu2e/FEInterfaces/CFOFrontEndInterface_interface.cc [516]	FULL SYSTEM loopback DONE
%MSG
%MSG-i CFOFrontEndInterface:  Early 31-Oct-2018 12:46:16 CDT pre-events
otsdaq_mu2e/otsdaq-mu2e/FEInterfaces/CFOFrontEndInterface_interface.cc [522]	chain 0 - DTC 0 - ROC 0 = -999
%MSG
%MSG-i CFOFrontEndInterface:  Early 31-Oct-2018 12:46:16 CDT pre-events
otsdaq_mu2e/otsdaq-mu2e/FEInterfaces/CFOFrontEndInterface_interface.cc [522]	chain 0 - DTC 0 - ROC 1 = -999
%MSG
%MSG-i CFOFrontEndInterface:  Early 31-Oct-2018 12:46:16 CDT pre-events
otsdaq_mu2e/otsdaq-mu2e/FEInterfaces/CFOFrontEndInterface_interface.cc [522]	chain 0 - DTC 1 - ROC 0 = 141
%MSG
%MSG-i CFOFrontEndInterface:  Early 31-Oct-2018 12:46:16 CDT pre-events
otsdaq_mu2e/otsdaq-mu2e/FEInterfaces/CFOFrontEndInterface_interface.cc [522]	chain 0 - DTC 1 - ROC 1 = 205.701
%MSG
%MSG-i CFOFrontEndInterface:  Early 31-Oct-2018 12:46:16 CDT pre-events
otsdaq_mu2e/otsdaq-mu2e/FEInterfaces/CFOFrontEndInterface_interface.cc [526]	-------------------------
%MSG
%MSG-i CFOFrontEndInterface:  Early 31-Oct-2018 12:47:10 CDT pre-events
otsdaq_mu2e/otsdaq-mu2e/FEInterfaces/CFOFrontEndInterface_interface.cc [569]	 Looping back DTC0 ROC0
%MSG
%MSG-i CFOFrontEndInterface:  Early 31-Oct-2018 12:47:23 CDT pre-events
otsdaq_mu2e/otsdaq-mu2e/FEInterfaces/CFOFrontEndInterface_interface.cc [569]	 Looping back DTC0 ROC1
%MSG
%MSG-i CFOFrontEndInterface:  Early 31-Oct-2018 12:47:36 CDT pre-events
otsdaq_mu2e/otsdaq-mu2e/FEInterfaces/CFOFrontEndInterface_interface.cc [569]	 Looping back DTC1 ROC0
%MSG
%MSG-i CFOFrontEndInterface:  Early 31-Oct-2018 12:47:49 CDT pre-events
otsdaq_mu2e/otsdaq-mu2e/FEInterfaces/CFOFrontEndInterface_interface.cc [569]	 Looping back DTC1 ROC1
%MSG
%MSG-i CFOFrontEndInterface:  Early 31-Oct-2018 12:47:58 CDT pre-events
otsdaq_mu2e/otsdaq-mu2e/FEInterfaces/CFOFrontEndInterface_interface.cc [515]	-------------------------
%MSG
%MSG-i CFOFrontEndInterface:  Early 31-Oct-2018 12:47:58 CDT pre-events
otsdaq_mu2e/otsdaq-mu2e/FEInterfaces/CFOFrontEndInterface_interface.cc [516]	FULL SYSTEM loopback DONE
%MSG
%MSG-i CFOFrontEndInterface:  Early 31-Oct-2018 12:47:58 CDT pre-events
otsdaq_mu2e/otsdaq-mu2e/FEInterfaces/CFOFrontEndInterface_interface.cc [522]	chain 0 - DTC 0 - ROC 0 = 96
%MSG
%MSG-i CFOFrontEndInterface:  Early 31-Oct-2018 12:47:58 CDT pre-events
otsdaq_mu2e/otsdaq-mu2e/FEInterfaces/CFOFrontEndInterface_interface.cc [522]	chain 0 - DTC 0 - ROC 1 = -999
%MSG
%MSG-i CFOFrontEndInterface:  Early 31-Oct-2018 12:47:58 CDT pre-events
otsdaq_mu2e/otsdaq-mu2e/FEInterfaces/CFOFrontEndInterface_interface.cc [522]	chain 0 - DTC 1 - ROC 0 = 141
%MSG
%MSG-i CFOFrontEndInterface:  Early 31-Oct-2018 12:47:58 CDT pre-events
otsdaq_mu2e/otsdaq-mu2e/FEInterfaces/CFOFrontEndInterface_interface.cc [522]	chain 0 - DTC 1 - ROC 1 = 205.697
%MSG
%MSG-i CFOFrontEndInterface:  Early 31-Oct-2018 12:47:58 CDT pre-events
otsdaq_mu2e/otsdaq-mu2e/FEInterfaces/CFOFrontEndInterface_interface.cc [526]	-------------------------
%MSG
%MSG-i CFOFrontEndInterface:  Early 31-Oct-2018 12:49:29 CDT pre-events
otsdaq_mu2e/otsdaq-mu2e/FEInterfaces/CFOFrontEndInterface_interface.cc [569]	 Looping back DTC0 ROC0
%MSG
%MSG-i CFOFrontEndInterface:  Early 31-Oct-2018 12:49:42 CDT pre-events
otsdaq_mu2e/otsdaq-mu2e/FEInterfaces/CFOFrontEndInterface_interface.cc [569]	 Looping back DTC0 ROC1
%MSG
%MSG-i CFOFrontEndInterface:  Early 31-Oct-2018 12:49:55 CDT pre-events
otsdaq_mu2e/otsdaq-mu2e/FEInterfaces/CFOFrontEndInterface_interface.cc [569]	 Looping back DTC1 ROC0
%MSG
%MSG-i CFOFrontEndInterface:  Early 31-Oct-2018 12:50:08 CDT pre-events
otsdaq_mu2e/otsdaq-mu2e/FEInterfaces/CFOFrontEndInterface_interface.cc [569]	 Looping back DTC1 ROC1
%MSG
%MSG-i CFOFrontEndInterface:  Early 31-Oct-2018 12:50:17 CDT pre-events
otsdaq_mu2e/otsdaq-mu2e/FEInterfaces/CFOFrontEndInterface_interface.cc [515]	-------------------------
%MSG
%MSG-i CFOFrontEndInterface:  Early 31-Oct-2018 12:50:17 CDT pre-events
otsdaq_mu2e/otsdaq-mu2e/FEInterfaces/CFOFrontEndInterface_interface.cc [516]	FULL SYSTEM loopback DONE
%MSG
%MSG-i CFOFrontEndInterface:  Early 31-Oct-2018 12:50:17 CDT pre-events
otsdaq_mu2e/otsdaq-mu2e/FEInterfaces/CFOFrontEndInterface_interface.cc [522]	chain 0 - DTC 0 - ROC 0 = 96
%MSG
%MSG-i CFOFrontEndInterface:  Early 31-Oct-2018 12:50:17 CDT pre-events
otsdaq_mu2e/otsdaq-mu2e/FEInterfaces/CFOFrontEndInterface_interface.cc [522]	chain 0 - DTC 0 - ROC 1 = 97
%MSG
%MSG-i CFOFrontEndInterface:  Early 31-Oct-2018 12:50:17 CDT pre-events
otsdaq_mu2e/otsdaq-mu2e/FEInterfaces/CFOFrontEndInterface_interface.cc [522]	chain 0 - DTC 1 - ROC 0 = 141
%MSG
%MSG-i CFOFrontEndInterface:  Early 31-Oct-2018 12:50:17 CDT pre-events
otsdaq_mu2e/otsdaq-mu2e/FEInterfaces/CFOFrontEndInterface_interface.cc [522]	chain 0 - DTC 1 - ROC 1 = 205.945
%MSG
%MSG-i CFOFrontEndInterface:  Early 31-Oct-2018 12:50:17 CDT pre-events
otsdaq_mu2e/otsdaq-mu2e/FEInterfaces/CFOFrontEndInterface_interface.cc [526]	-------------------------
%MSG
%MSG-i CFOFrontEndInterface:  Early 31-Oct-2018 12:51:03 CDT pre-events
otsdaq_mu2e/otsdaq-mu2e/FEInterfaces/CFOFrontEndInterface_interface.cc [569]	 Looping back DTC0 ROC0
%MSG
%MSG-i CFOFrontEndInterface:  Early 31-Oct-2018 12:51:16 CDT pre-events
otsdaq_mu2e/otsdaq-mu2e/FEInterfaces/CFOFrontEndInterface_interface.cc [569]	 Looping back DTC0 ROC1
%MSG
%MSG-i CFOFrontEndInterface:  Early 31-Oct-2018 12:51:29 CDT pre-events
otsdaq_mu2e/otsdaq-mu2e/FEInterfaces/CFOFrontEndInterface_interface.cc [569]	 Looping back DTC1 ROC0
%MSG
%MSG-i CFOFrontEndInterface:  Early 31-Oct-2018 12:51:43 CDT pre-events
otsdaq_mu2e/otsdaq-mu2e/FEInterfaces/CFOFrontEndInterface_interface.cc [569]	 Looping back DTC1 ROC1
%MSG
%MSG-i CFOFrontEndInterface:  Early 31-Oct-2018 12:51:52 CDT pre-events
otsdaq_mu2e/otsdaq-mu2e/FEInterfaces/CFOFrontEndInterface_interface.cc [515]	-------------------------
%MSG
%MSG-i CFOFrontEndInterface:  Early 31-Oct-2018 12:51:52 CDT pre-events
otsdaq_mu2e/otsdaq-mu2e/FEInterfaces/CFOFrontEndInterface_interface.cc [516]	FULL SYSTEM loopback DONE
%MSG
%MSG-i CFOFrontEndInterface:  Early 31-Oct-2018 12:51:52 CDT pre-events
otsdaq_mu2e/otsdaq-mu2e/FEInterfaces/CFOFrontEndInterface_interface.cc [522]	chain 0 - DTC 0 - ROC 0 = -999
%MSG
%MSG-i CFOFrontEndInterface:  Early 31-Oct-2018 12:51:52 CDT pre-events
otsdaq_mu2e/otsdaq-mu2e/FEInterfaces/CFOFrontEndInterface_interface.cc [522]	chain 0 - DTC 0 - ROC 1 = -999
%MSG
%MSG-i CFOFrontEndInterface:  Early 31-Oct-2018 12:51:52 CDT pre-events
otsdaq_mu2e/otsdaq-mu2e/FEInterfaces/CFOFrontEndInterface_interface.cc [522]	chain 0 - DTC 1 - ROC 0 = 141
%MSG
%MSG-i CFOFrontEndInterface:  Early 31-Oct-2018 12:51:52 CDT pre-events
otsdaq_mu2e/otsdaq-mu2e/FEInterfaces/CFOFrontEndInterface_interface.cc [522]	chain 0 - DTC 1 - ROC 1 = 206.363
%MSG
%MSG-i CFOFrontEndInterface:  Early 31-Oct-2018 12:51:52 CDT pre-events
otsdaq_mu2e/otsdaq-mu2e/FEInterfaces/CFOFrontEndInterface_interface.cc [526]	-------------------------
%MSG
%MSG-i CFOFrontEndInterface:  Early 31-Oct-2018 12:56:21 CDT pre-events
otsdaq_mu2e/otsdaq-mu2e/FEInterfaces/CFOFrontEndInterface_interface.cc [569]	 Looping back DTC0 ROC0
%MSG
%MSG-i CFOFrontEndInterface:  Early 31-Oct-2018 12:56:34 CDT pre-events
otsdaq_mu2e/otsdaq-mu2e/FEInterfaces/CFOFrontEndInterface_interface.cc [569]	 Looping back DTC0 ROC1
%MSG
%MSG-i CFOFrontEndInterface:  Early 31-Oct-2018 12:56:47 CDT pre-events
otsdaq_mu2e/otsdaq-mu2e/FEInterfaces/CFOFrontEndInterface_interface.cc [569]	 Looping back DTC1 ROC0
%MSG
%MSG-i CFOFrontEndInterface:  Early 31-Oct-2018 12:57:00 CDT pre-events
otsdaq_mu2e/otsdaq-mu2e/FEInterfaces/CFOFrontEndInterface_interface.cc [569]	 Looping back DTC1 ROC1
%MSG
%MSG-i CFOFrontEndInterface:  Early 31-Oct-2018 12:57:09 CDT pre-events
otsdaq_mu2e/otsdaq-mu2e/FEInterfaces/CFOFrontEndInterface_interface.cc [515]	-------------------------
%MSG
%MSG-i CFOFrontEndInterface:  Early 31-Oct-2018 12:57:09 CDT pre-events
otsdaq_mu2e/otsdaq-mu2e/FEInterfaces/CFOFrontEndInterface_interface.cc [516]	FULL SYSTEM loopback DONE
%MSG
%MSG-i CFOFrontEndInterface:  Early 31-Oct-2018 12:57:09 CDT pre-events
otsdaq_mu2e/otsdaq-mu2e/FEInterfaces/CFOFrontEndInterface_interface.cc [522]	chain 0 - DTC 0 - ROC 0 = -999
%MSG
%MSG-i CFOFrontEndInterface:  Early 31-Oct-2018 12:57:09 CDT pre-events
otsdaq_mu2e/otsdaq-mu2e/FEInterfaces/CFOFrontEndInterface_interface.cc [522]	chain 0 - DTC 0 - ROC 1 = 97
%MSG
%MSG-i CFOFrontEndInterface:  Early 31-Oct-2018 12:57:09 CDT pre-events
otsdaq_mu2e/otsdaq-mu2e/FEInterfaces/CFOFrontEndInterface_interface.cc [522]	chain 0 - DTC 1 - ROC 0 = 141
%MSG
%MSG-i CFOFrontEndInterface:  Early 31-Oct-2018 12:57:09 CDT pre-events
otsdaq_mu2e/otsdaq-mu2e/FEInterfaces/CFOFrontEndInterface_interface.cc [522]	chain 0 - DTC 1 - ROC 1 = 206.367
%MSG
%MSG-i CFOFrontEndInterface:  Early 31-Oct-2018 12:57:09 CDT pre-events
otsdaq_mu2e/otsdaq-mu2e/FEInterfaces/CFOFrontEndInterface_interface.cc [526]	-------------------------
%MSG
%MSG-i CFOFrontEndInterface:  Early 31-Oct-2018 13:01:07 CDT pre-events
otsdaq_mu2e/otsdaq-mu2e/FEInterfaces/CFOFrontEndInterface_interface.cc [569]	 Looping back DTC0 ROC0
%MSG
%MSG-i CFOFrontEndInterface:  Early 31-Oct-2018 13:01:20 CDT pre-events
otsdaq_mu2e/otsdaq-mu2e/FEInterfaces/CFOFrontEndInterface_interface.cc [569]	 Looping back DTC0 ROC1
%MSG
%MSG-i CFOFrontEndInterface:  Early 31-Oct-2018 13:01:33 CDT pre-events
otsdaq_mu2e/otsdaq-mu2e/FEInterfaces/CFOFrontEndInterface_interface.cc [569]	 Looping back DTC1 ROC0
%MSG
%MSG-i CFOFrontEndInterface:  Early 31-Oct-2018 13:01:46 CDT pre-events
otsdaq_mu2e/otsdaq-mu2e/FEInterfaces/CFOFrontEndInterface_interface.cc [569]	 Looping back DTC1 ROC1
%MSG
%MSG-i CFOFrontEndInterface:  Early 31-Oct-2018 13:01:55 CDT pre-events
otsdaq_mu2e/otsdaq-mu2e/FEInterfaces/CFOFrontEndInterface_interface.cc [515]	-------------------------
%MSG
%MSG-i CFOFrontEndInterface:  Early 31-Oct-2018 13:01:55 CDT pre-events
otsdaq_mu2e/otsdaq-mu2e/FEInterfaces/CFOFrontEndInterface_interface.cc [516]	FULL SYSTEM loopback DONE
%MSG
%MSG-i CFOFrontEndInterface:  Early 31-Oct-2018 13:01:55 CDT pre-events
otsdaq_mu2e/otsdaq-mu2e/FEInterfaces/CFOFrontEndInterface_interface.cc [522]	chain 0 - DTC 0 - ROC 0 = -999
%MSG
%MSG-i CFOFrontEndInterface:  Early 31-Oct-2018 13:01:55 CDT pre-events
otsdaq_mu2e/otsdaq-mu2e/FEInterfaces/CFOFrontEndInterface_interface.cc [522]	chain 0 - DTC 0 - ROC 1 = -999
%MSG
%MSG-i CFOFrontEndInterface:  Early 31-Oct-2018 13:01:55 CDT pre-events
otsdaq_mu2e/otsdaq-mu2e/FEInterfaces/CFOFrontEndInterface_interface.cc [522]	chain 0 - DTC 1 - ROC 0 = 141
%MSG
%MSG-i CFOFrontEndInterface:  Early 31-Oct-2018 13:01:55 CDT pre-events
otsdaq_mu2e/otsdaq-mu2e/FEInterfaces/CFOFrontEndInterface_interface.cc [522]	chain 0 - DTC 1 - ROC 1 = 206.372
%MSG
%MSG-i CFOFrontEndInterface:  Early 31-Oct-2018 13:01:55 CDT pre-events
otsdaq_mu2e/otsdaq-mu2e/FEInterfaces/CFOFrontEndInterface_interface.cc [526]	-------------------------
%MSG
%MSG-i CFOFrontEndInterface:  Early 31-Oct-2018 13:04:45 CDT pre-events
otsdaq_mu2e/otsdaq-mu2e/FEInterfaces/CFOFrontEndInterface_interface.cc [569]	 Looping back DTC0 ROC0
%MSG
%MSG-i CFOFrontEndInterface:  Early 31-Oct-2018 13:04:58 CDT pre-events
otsdaq_mu2e/otsdaq-mu2e/FEInterfaces/CFOFrontEndInterface_interface.cc [569]	 Looping back DTC0 ROC1
%MSG
%MSG-i CFOFrontEndInterface:  Early 31-Oct-2018 13:05:11 CDT pre-events
otsdaq_mu2e/otsdaq-mu2e/FEInterfaces/CFOFrontEndInterface_interface.cc [569]	 Looping back DTC1 ROC0
%MSG
%MSG-i CFOFrontEndInterface:  Early 31-Oct-2018 13:05:24 CDT pre-events
otsdaq_mu2e/otsdaq-mu2e/FEInterfaces/CFOFrontEndInterface_interface.cc [569]	 Looping back DTC1 ROC1
%MSG
%MSG-i CFOFrontEndInterface:  Early 31-Oct-2018 13:05:33 CDT pre-events
otsdaq_mu2e/otsdaq-mu2e/FEInterfaces/CFOFrontEndInterface_interface.cc [515]	-------------------------
%MSG
%MSG-i CFOFrontEndInterface:  Early 31-Oct-2018 13:05:33 CDT pre-events
otsdaq_mu2e/otsdaq-mu2e/FEInterfaces/CFOFrontEndInterface_interface.cc [516]	FULL SYSTEM loopback DONE
%MSG
%MSG-i CFOFrontEndInterface:  Early 31-Oct-2018 13:05:33 CDT pre-events
otsdaq_mu2e/otsdaq-mu2e/FEInterfaces/CFOFrontEndInterface_interface.cc [522]	chain 0 - DTC 0 - ROC 0 = -999
%MSG
%MSG-i CFOFrontEndInterface:  Early 31-Oct-2018 13:05:33 CDT pre-events
otsdaq_mu2e/otsdaq-mu2e/FEInterfaces/CFOFrontEndInterface_interface.cc [522]	chain 0 - DTC 0 - ROC 1 = 97
%MSG
%MSG-i CFOFrontEndInterface:  Early 31-Oct-2018 13:05:33 CDT pre-events
otsdaq_mu2e/otsdaq-mu2e/FEInterfaces/CFOFrontEndInterface_interface.cc [522]	chain 0 - DTC 1 - ROC 0 = 141
%MSG
%MSG-i CFOFrontEndInterface:  Early 31-Oct-2018 13:05:33 CDT pre-events
otsdaq_mu2e/otsdaq-mu2e/FEInterfaces/CFOFrontEndInterface_interface.cc [522]	chain 0 - DTC 1 - ROC 1 = 203.912
%MSG
%MSG-i CFOFrontEndInterface:  Early 31-Oct-2018 13:05:33 CDT pre-events
otsdaq_mu2e/otsdaq-mu2e/FEInterfaces/CFOFrontEndInterface_interface.cc [526]	-------------------------
%MSG
%MSG-i CFOFrontEndInterface:  Early 31-Oct-2018 13:05:48 CDT pre-events
otsdaq_mu2e/otsdaq-mu2e/FEInterfaces/CFOFrontEndInterface_interface.cc [569]	 Looping back DTC0 ROC0
%MSG
%MSG-i CFOFrontEndInterface:  Early 31-Oct-2018 13:06:02 CDT pre-events
otsdaq_mu2e/otsdaq-mu2e/FEInterfaces/CFOFrontEndInterface_interface.cc [569]	 Looping back DTC0 ROC1
%MSG
%MSG-i CFOFrontEndInterface:  Early 31-Oct-2018 13:06:14 CDT pre-events
otsdaq_mu2e/otsdaq-mu2e/FEInterfaces/CFOFrontEndInterface_interface.cc [569]	 Looping back DTC1 ROC0
%MSG
%MSG-i CFOFrontEndInterface:  Early 31-Oct-2018 13:06:28 CDT pre-events
otsdaq_mu2e/otsdaq-mu2e/FEInterfaces/CFOFrontEndInterface_interface.cc [569]	 Looping back DTC1 ROC1
%MSG
%MSG-i CFOFrontEndInterface:  Early 31-Oct-2018 13:06:37 CDT pre-events
otsdaq_mu2e/otsdaq-mu2e/FEInterfaces/CFOFrontEndInterface_interface.cc [515]	-------------------------
%MSG
%MSG-i CFOFrontEndInterface:  Early 31-Oct-2018 13:06:37 CDT pre-events
otsdaq_mu2e/otsdaq-mu2e/FEInterfaces/CFOFrontEndInterface_interface.cc [516]	FULL SYSTEM loopback DONE
%MSG
%MSG-i CFOFrontEndInterface:  Early 31-Oct-2018 13:06:37 CDT pre-events
otsdaq_mu2e/otsdaq-mu2e/FEInterfaces/CFOFrontEndInterface_interface.cc [522]	chain 0 - DTC 0 - ROC 0 = -999
%MSG
%MSG-i CFOFrontEndInterface:  Early 31-Oct-2018 13:06:37 CDT pre-events
otsdaq_mu2e/otsdaq-mu2e/FEInterfaces/CFOFrontEndInterface_interface.cc [522]	chain 0 - DTC 0 - ROC 1 = -999
%MSG
%MSG-i CFOFrontEndInterface:  Early 31-Oct-2018 13:06:37 CDT pre-events
otsdaq_mu2e/otsdaq-mu2e/FEInterfaces/CFOFrontEndInterface_interface.cc [522]	chain 0 - DTC 1 - ROC 0 = 141
%MSG
%MSG-i CFOFrontEndInterface:  Early 31-Oct-2018 13:06:37 CDT pre-events
otsdaq_mu2e/otsdaq-mu2e/FEInterfaces/CFOFrontEndInterface_interface.cc [522]	chain 0 - DTC 1 - ROC 1 = 206.666
%MSG
%MSG-i CFOFrontEndInterface:  Early 31-Oct-2018 13:06:37 CDT pre-events
otsdaq_mu2e/otsdaq-mu2e/FEInterfaces/CFOFrontEndInterface_interface.cc [526]	-------------------------
%MSG
%MSG-i CFOFrontEndInterface:  Early 31-Oct-2018 13:08:01 CDT pre-events
otsdaq_mu2e/otsdaq-mu2e/FEInterfaces/CFOFrontEndInterface_interface.cc [569]	 Looping back DTC0 ROC0
%MSG
%MSG-i CFOFrontEndInterface:  Early 31-Oct-2018 13:08:14 CDT pre-events
otsdaq_mu2e/otsdaq-mu2e/FEInterfaces/CFOFrontEndInterface_interface.cc [569]	 Looping back DTC0 ROC1
%MSG
%MSG-i CFOFrontEndInterface:  Early 31-Oct-2018 13:08:27 CDT pre-events
otsdaq_mu2e/otsdaq-mu2e/FEInterfaces/CFOFrontEndInterface_interface.cc [569]	 Looping back DTC1 ROC0
%MSG
%MSG-i CFOFrontEndInterface:  Early 31-Oct-2018 13:08:40 CDT pre-events
otsdaq_mu2e/otsdaq-mu2e/FEInterfaces/CFOFrontEndInterface_interface.cc [569]	 Looping back DTC1 ROC1
%MSG
%MSG-i CFOFrontEndInterface:  Early 31-Oct-2018 13:08:49 CDT pre-events
otsdaq_mu2e/otsdaq-mu2e/FEInterfaces/CFOFrontEndInterface_interface.cc [515]	-------------------------
%MSG
%MSG-i CFOFrontEndInterface:  Early 31-Oct-2018 13:08:49 CDT pre-events
otsdaq_mu2e/otsdaq-mu2e/FEInterfaces/CFOFrontEndInterface_interface.cc [516]	FULL SYSTEM loopback DONE
%MSG
%MSG-i CFOFrontEndInterface:  Early 31-Oct-2018 13:08:49 CDT pre-events
otsdaq_mu2e/otsdaq-mu2e/FEInterfaces/CFOFrontEndInterface_interface.cc [522]	chain 0 - DTC 0 - ROC 0 = -999
%MSG
%MSG-i CFOFrontEndInterface:  Early 31-Oct-2018 13:08:49 CDT pre-events
otsdaq_mu2e/otsdaq-mu2e/FEInterfaces/CFOFrontEndInterface_interface.cc [522]	chain 0 - DTC 0 - ROC 1 = -999
%MSG
%MSG-i CFOFrontEndInterface:  Early 31-Oct-2018 13:08:49 CDT pre-events
otsdaq_mu2e/otsdaq-mu2e/FEInterfaces/CFOFrontEndInterface_interface.cc [522]	chain 0 - DTC 1 - ROC 0 = 141
%MSG
%MSG-i CFOFrontEndInterface:  Early 31-Oct-2018 13:08:49 CDT pre-events
otsdaq_mu2e/otsdaq-mu2e/FEInterfaces/CFOFrontEndInterface_interface.cc [522]	chain 0 - DTC 1 - ROC 1 = 202.482
%MSG
%MSG-i CFOFrontEndInterface:  Early 31-Oct-2018 13:08:49 CDT pre-events
otsdaq_mu2e/otsdaq-mu2e/FEInterfaces/CFOFrontEndInterface_interface.cc [526]	-------------------------
%MSG
%MSG-i CFOFrontEndInterface:  Early 31-Oct-2018 13:09:55 CDT pre-events
otsdaq_mu2e/otsdaq-mu2e/FEInterfaces/CFOFrontEndInterface_interface.cc [569]	 Looping back DTC0 ROC0
%MSG
%MSG-i CFOFrontEndInterface:  Early 31-Oct-2018 13:10:08 CDT pre-events
otsdaq_mu2e/otsdaq-mu2e/FEInterfaces/CFOFrontEndInterface_interface.cc [569]	 Looping back DTC0 ROC1
%MSG
%MSG-i CFOFrontEndInterface:  Early 31-Oct-2018 13:10:21 CDT pre-events
otsdaq_mu2e/otsdaq-mu2e/FEInterfaces/CFOFrontEndInterface_interface.cc [569]	 Looping back DTC1 ROC0
%MSG
%MSG-i CFOFrontEndInterface:  Early 31-Oct-2018 13:10:35 CDT pre-events
otsdaq_mu2e/otsdaq-mu2e/FEInterfaces/CFOFrontEndInterface_interface.cc [569]	 Looping back DTC1 ROC1
%MSG
%MSG-i CFOFrontEndInterface:  Early 31-Oct-2018 13:10:44 CDT pre-events
otsdaq_mu2e/otsdaq-mu2e/FEInterfaces/CFOFrontEndInterface_interface.cc [515]	-------------------------
%MSG
%MSG-i CFOFrontEndInterface:  Early 31-Oct-2018 13:10:44 CDT pre-events
otsdaq_mu2e/otsdaq-mu2e/FEInterfaces/CFOFrontEndInterface_interface.cc [516]	FULL SYSTEM loopback DONE
%MSG
%MSG-i CFOFrontEndInterface:  Early 31-Oct-2018 13:10:44 CDT pre-events
otsdaq_mu2e/otsdaq-mu2e/FEInterfaces/CFOFrontEndInterface_interface.cc [522]	chain 0 - DTC 0 - ROC 0 = -999
%MSG
%MSG-i CFOFrontEndInterface:  Early 31-Oct-2018 13:10:44 CDT pre-events
otsdaq_mu2e/otsdaq-mu2e/FEInterfaces/CFOFrontEndInterface_interface.cc [522]	chain 0 - DTC 0 - ROC 1 = -999
%MSG
%MSG-i CFOFrontEndInterface:  Early 31-Oct-2018 13:10:44 CDT pre-events
otsdaq_mu2e/otsdaq-mu2e/FEInterfaces/CFOFrontEndInterface_interface.cc [522]	chain 0 - DTC 1 - ROC 0 = 141
%MSG
%MSG-i CFOFrontEndInterface:  Early 31-Oct-2018 13:10:44 CDT pre-events
otsdaq_mu2e/otsdaq-mu2e/FEInterfaces/CFOFrontEndInterface_interface.cc [522]	chain 0 - DTC 1 - ROC 1 = 203.145
%MSG
%MSG-i CFOFrontEndInterface:  Early 31-Oct-2018 13:10:44 CDT pre-events
otsdaq_mu2e/otsdaq-mu2e/FEInterfaces/CFOFrontEndInterface_interface.cc [526]	-------------------------
%MSG
