%MSG-i configureMessageFacility:  CorePropertySupervisorBase  12-Dec-2018 14:45:14 CST pre-events configureMessageFacility.cc:286
Message Facility Application CorePropertySupervisorBase configured with: debugModules:["*"] destinations:{file:{append:false directory:"/home/mu2edaq/sync_demo/ots/srcs/otsdaq_mu2e/Data/Logs/CorePropertySupervisorBase" pattern:"CorePropertySupervisorBase-%?H%t-%p.log" seperator:"-" threshold:"DEBUG" timestamp_pattern:"%Y%m%d%H%M%S" type:"GenFile"} udp:{host:"192.168.157.6" port:30000 threshold:"DEBUG" type:"UDP"}}
%MSG
%MSG-i _TCPConnect:  CorePropertySupervisorBase 12-Dec-2018 14:45:14 CST  pre-events TCPConnect.cc:334
Resolving host 192.168.157.6, on port 30000
%MSG
%MSG-i _TCPConnect:  CorePropertySupervisorBase 12-Dec-2018 14:45:14 CST  pre-events TCPConnect.cc:241
Resolving ip mu2edaq05.fnal.gov
%MSG
%MSG-i configureMessageFacility:  RunControlStateMachine  12-Dec-2018 14:45:14 CST pre-events configureMessageFacility.cc:286
Message Facility Application RunControlStateMachine configured with: debugModules:["*"] destinations:{file:{append:false directory:"/home/mu2edaq/sync_demo/ots/srcs/otsdaq_mu2e/Data/Logs/RunControlStateMachine" pattern:"RunControlStateMachine-%?H%t-%p.log" seperator:"-" threshold:"DEBUG" timestamp_pattern:"%Y%m%d%H%M%S" type:"GenFile"} udp:{host:"192.168.157.6" port:30000 threshold:"DEBUG" type:"UDP"}}
%MSG
%MSG-i configureMessageFacility:  CoreSupervisorBase 12-Dec-2018 14:45:14 CST  pre-events configureMessageFacility.cc:286
Message Facility Application CoreSupervisorBase configured with: debugModules:["*"] destinations:{file:{append:false directory:"/home/mu2edaq/sync_demo/ots/srcs/otsdaq_mu2e/Data/Logs/CoreSupervisorBase" pattern:"CoreSupervisorBase-%?H%t-%p.log" seperator:"-" threshold:"DEBUG" timestamp_pattern:"%Y%m%d%H%M%S" type:"GenFile"} udp:{host:"192.168.157.6" port:30000 threshold:"DEBUG" type:"UDP"}}
%MSG
%MSG-i configureMessageFacility:  ROCCoreInterface 12-Dec-2018 14:45:25 CST  pre-events configureMessageFacility.cc:286
Message Facility Application ROCCoreInterface configured with: debugModules:["*"] destinations:{file:{append:false directory:"/home/mu2edaq/sync_demo/ots/srcs/otsdaq_mu2e/Data/Logs/ROCCoreInterface" pattern:"ROCCoreInterface-%?H%t-%p.log" seperator:"-" threshold:"DEBUG" timestamp_pattern:"%Y%m%d%H%M%S" type:"GenFile"} udp:{host:"192.168.157.6" port:30000 threshold:"DEBUG" type:"UDP"}}
%MSG
%MSG-i FE-ROCCoreInterface:  ROCCoreInterface-mu2edaq05-0  12-Dec-2018 14:45:25 CST pre-events
otsdaq_mu2e/otsdaq-mu2e/FEInterfaces/ROCCoreInterface_interface.cc [26]	ROCCoreInterface instantiated with link: 0 and EventWindowDelayOffset = 38
%MSG
%MSG-i DTCFrontEndInterface:  ROCCoreInterface-mu2edaq05-0  12-Dec-2018 14:45:25 CST pre-events
otsdaq_mu2e/otsdaq-mu2e/FEInterfaces/DTCFrontEndInterface_interface.cc [134]	DTCFrontEndInterface instantiated with name: DTC0 dtc_location_in_chain_ = 0 talking to /dev/mu2e0
%MSG
%MSG-i DTCFrontEndInterface:  ROCCoreInterface-mu2edaq05-0  12-Dec-2018 14:45:25 CST pre-events
otsdaq_mu2e/otsdaq-mu2e/FEInterfaces/DTCFrontEndInterface_interface.cc [673]	Step 0: DTC0 reset FPGA...
%MSG
%MSG-i DTCFrontEndInterface:  ROCCoreInterface-mu2edaq05-0  12-Dec-2018 14:45:31 CST pre-events
otsdaq_mu2e/otsdaq-mu2e/FEInterfaces/DTCFrontEndInterface_interface.cc [716]	Step 1: DTC0 do NOT reset clock...
%MSG
%MSG-i DTCFrontEndInterface:  ROCCoreInterface-mu2edaq05-0  12-Dec-2018 14:45:31 CST pre-events
otsdaq_mu2e/otsdaq-mu2e/FEInterfaces/DTCFrontEndInterface_interface.cc [734]	Step 2: DTC0 do NOT configure Jitter Attenuator...
%MSG
%MSG-i DTCFrontEndInterface:  ROCCoreInterface-mu2edaq05-0  12-Dec-2018 14:45:37 CST pre-events
otsdaq_mu2e/otsdaq-mu2e/FEInterfaces/DTCFrontEndInterface_interface.cc [796]	Step 4: DTC0 wait for links...
%MSG
%MSG-i DTCFrontEndInterface:  ROCCoreInterface-mu2edaq05-0  12-Dec-2018 14:45:50 CST pre-events
otsdaq_mu2e/otsdaq-mu2e/FEInterfaces/DTCFrontEndInterface_interface.cc [804]	Step 5: DTC0 enable markers, Tx, Rx
%MSG
%MSG-i DTCFrontEndInterface:  ROCCoreInterface-mu2edaq05-0  12-Dec-2018 14:45:50 CST pre-events
otsdaq_mu2e/otsdaq-mu2e/FEInterfaces/DTCFrontEndInterface_interface.cc [820]	Step 5: DTC0 configure ROCs
%MSG
%MSG-i FE-ROCCoreInterface:  ROCCoreInterface-mu2edaq05-0  12-Dec-2018 14:45:50 CST pre-events
otsdaq_mu2e/otsdaq-mu2e/FEInterfaces/ROCCoreInterface_interface.cc [87]	......... setup to synchronize ROC clock with 40 MHz clock edge
%MSG
%MSG-i FE-ROCCoreInterface:  ROCCoreInterface-mu2edaq05-0  12-Dec-2018 14:45:50 CST pre-events
otsdaq_mu2e/otsdaq-mu2e/FEInterfaces/ROCCoreInterface_interface.cc [97]	......... Set delay = 38 ... 
%MSG
%MSG-i FE-ROCCoreInterface:  ROCCoreInterface-mu2edaq05-0  12-Dec-2018 14:45:50 CST pre-events
otsdaq_mu2e/otsdaq-mu2e/FEInterfaces/ROCCoreInterface_interface.cc [101]	......... Read back = 65535
%MSG
%MSG-i DTCFrontEndInterface:  ROCCoreInterface-mu2edaq05-0  12-Dec-2018 14:45:55 CST pre-events
otsdaq_mu2e/otsdaq-mu2e/FEInterfaces/DTCFrontEndInterface_interface.cc [828]	Step 6: DTC0 configured
%MSG
%MSG-i DTCFrontEndInterface:  ROCCoreInterface-mu2edaq05-0  12-Dec-2018 14:45:55 CST pre-events
otsdaq_mu2e/otsdaq-mu2e/FEInterfaces/DTCFrontEndInterface_interface.cc [832]	DTC0 links OK 0xc3
%MSG
%MSG-d ots:  ROCCoreInterface-mu2edaq05-0 12-Dec-2018 14:47:36 CST pre-events
otsdaq/otsdaq-core/WorkLoopManager/WorkLoop.cc [26]	Destroying WorkLoop: DTC0_ROC0-SlowControls
%MSG
%MSG-d ots:  ROCCoreInterface-mu2edaq05-0 12-Dec-2018 14:47:36 CST pre-events
otsdaq/otsdaq-core/WorkLoopManager/WorkLoop.cc [29]	Destroyed WorkLoop: DTC0_ROC0-SlowControls
%MSG
%MSG-d ots:  ROCCoreInterface-mu2edaq05-0 12-Dec-2018 14:47:36 CST pre-events
otsdaq/otsdaq-core/WorkLoopManager/WorkLoop.cc [26]	Destroying WorkLoop: DTC0_ROC0
%MSG
%MSG-d ots:  ROCCoreInterface-mu2edaq05-0 12-Dec-2018 14:47:36 CST pre-events
otsdaq/otsdaq-core/WorkLoopManager/WorkLoop.cc [29]	Destroyed WorkLoop: DTC0_ROC0
%MSG
%MSG-d ots:  ROCCoreInterface-mu2edaq05-0 12-Dec-2018 14:47:36 CST pre-events
otsdaq/otsdaq-core/WorkLoopManager/WorkLoop.cc [26]	Destroying WorkLoop: DTC0-SlowControls
%MSG
%MSG-d ots:  ROCCoreInterface-mu2edaq05-0 12-Dec-2018 14:47:36 CST pre-events
otsdaq/otsdaq-core/WorkLoopManager/WorkLoop.cc [29]	Destroyed WorkLoop: DTC0-SlowControls
%MSG
%MSG-d ots:  ROCCoreInterface-mu2edaq05-0 12-Dec-2018 14:47:36 CST pre-events
otsdaq/otsdaq-core/WorkLoopManager/WorkLoop.cc [26]	Destroying WorkLoop: DTC0
%MSG
%MSG-d ots:  ROCCoreInterface-mu2edaq05-0 12-Dec-2018 14:47:36 CST pre-events
otsdaq/otsdaq-core/WorkLoopManager/WorkLoop.cc [29]	Destroyed WorkLoop: DTC0
%MSG
