%MSG-i configureMessageFacility:  CorePropertySupervisorBase  13-Dec-2018 12:22:14 CST pre-events configureMessageFacility.cc:286
Message Facility Application CorePropertySupervisorBase configured with: debugModules:["*"] destinations:{file:{append:false directory:"/home/mu2edaq/sync_demo/ots/srcs/otsdaq_mu2e/Data/Logs/CorePropertySupervisorBase" pattern:"CorePropertySupervisorBase-%?H%t-%p.log" seperator:"-" threshold:"DEBUG" timestamp_pattern:"%Y%m%d%H%M%S" type:"GenFile"} udp:{host:"192.168.157.6" port:30000 threshold:"DEBUG" type:"UDP"}}
%MSG
%MSG-i _TCPConnect:  CorePropertySupervisorBase 13-Dec-2018 12:22:14 CST  pre-events TCPConnect.cc:334
Resolving host 192.168.157.6, on port 30000
%MSG
%MSG-i _TCPConnect:  CorePropertySupervisorBase 13-Dec-2018 12:22:14 CST  pre-events TCPConnect.cc:241
Resolving ip mu2edaq04.fnal.gov
%MSG
%MSG-i configureMessageFacility:  RunControlStateMachine  13-Dec-2018 12:22:14 CST pre-events configureMessageFacility.cc:286
Message Facility Application RunControlStateMachine configured with: debugModules:["*"] destinations:{file:{append:false directory:"/home/mu2edaq/sync_demo/ots/srcs/otsdaq_mu2e/Data/Logs/RunControlStateMachine" pattern:"RunControlStateMachine-%?H%t-%p.log" seperator:"-" threshold:"DEBUG" timestamp_pattern:"%Y%m%d%H%M%S" type:"GenFile"} udp:{host:"192.168.157.6" port:30000 threshold:"DEBUG" type:"UDP"}}
%MSG
%MSG-i configureMessageFacility:  CoreSupervisorBase 13-Dec-2018 12:22:14 CST  pre-events configureMessageFacility.cc:286
Message Facility Application CoreSupervisorBase configured with: debugModules:["*"] destinations:{file:{append:false directory:"/home/mu2edaq/sync_demo/ots/srcs/otsdaq_mu2e/Data/Logs/CoreSupervisorBase" pattern:"CoreSupervisorBase-%?H%t-%p.log" seperator:"-" threshold:"DEBUG" timestamp_pattern:"%Y%m%d%H%M%S" type:"GenFile"} udp:{host:"192.168.157.6" port:30000 threshold:"DEBUG" type:"UDP"}}
%MSG
%MSG-i CFOFrontEndInterface:  Early 13-Dec-2018 12:22:41 CST pre-events
otsdaq_mu2e/otsdaq-mu2e/FEInterfaces/CFOFrontEndInterface_interface.cc [427]	Step 1: CFO reset clock...
%MSG
%MSG-i CFOFrontEndInterface:  Early 13-Dec-2018 12:22:51 CST pre-events
otsdaq_mu2e/otsdaq-mu2e/FEInterfaces/CFOFrontEndInterface_interface.cc [468]	Step 3: CFO reset TX...
%MSG
%MSG-d ots:  Early 13-Dec-2018 12:23:14 CST pre-events
otsdaq/otsdaq-core/WorkLoopManager/WorkLoop.cc [26]	Destroying WorkLoop: CFO0-SlowControls
%MSG
%MSG-d ots:  Early 13-Dec-2018 12:23:14 CST pre-events
otsdaq/otsdaq-core/WorkLoopManager/WorkLoop.cc [29]	Destroyed WorkLoop: CFO0-SlowControls
%MSG
%MSG-d ots:  Early 13-Dec-2018 12:23:14 CST pre-events
otsdaq/otsdaq-core/WorkLoopManager/WorkLoop.cc [26]	Destroying WorkLoop: CFO0
%MSG
%MSG-d ots:  Early 13-Dec-2018 12:23:14 CST pre-events
otsdaq/otsdaq-core/WorkLoopManager/WorkLoop.cc [29]	Destroyed WorkLoop: CFO0
%MSG
%MSG-i CFOFrontEndInterface:  Early 13-Dec-2018 12:25:00 CST pre-events
otsdaq_mu2e/otsdaq-mu2e/FEInterfaces/CFOFrontEndInterface_interface.cc [427]	Step 1: CFO reset clock...
%MSG
%MSG-i CFOFrontEndInterface:  Early 13-Dec-2018 12:25:10 CST pre-events
otsdaq_mu2e/otsdaq-mu2e/FEInterfaces/CFOFrontEndInterface_interface.cc [468]	Step 3: CFO reset TX...
%MSG
%MSG-d ots:  Early 13-Dec-2018 12:25:33 CST pre-events
otsdaq/otsdaq-core/WorkLoopManager/WorkLoop.cc [26]	Destroying WorkLoop: CFO0-SlowControls
%MSG
%MSG-d ots:  Early 13-Dec-2018 12:25:33 CST pre-events
otsdaq/otsdaq-core/WorkLoopManager/WorkLoop.cc [29]	Destroyed WorkLoop: CFO0-SlowControls
%MSG
%MSG-d ots:  Early 13-Dec-2018 12:25:33 CST pre-events
otsdaq/otsdaq-core/WorkLoopManager/WorkLoop.cc [26]	Destroying WorkLoop: CFO0
%MSG
%MSG-d ots:  Early 13-Dec-2018 12:25:33 CST pre-events
otsdaq/otsdaq-core/WorkLoopManager/WorkLoop.cc [29]	Destroyed WorkLoop: CFO0
%MSG
%MSG-i CFOFrontEndInterface:  Early 13-Dec-2018 12:25:49 CST pre-events
otsdaq_mu2e/otsdaq-mu2e/FEInterfaces/CFOFrontEndInterface_interface.cc [427]	Step 1: CFO reset clock...
%MSG
%MSG-i CFOFrontEndInterface:  Early 13-Dec-2018 12:25:59 CST pre-events
otsdaq_mu2e/otsdaq-mu2e/FEInterfaces/CFOFrontEndInterface_interface.cc [468]	Step 3: CFO reset TX...
%MSG
%MSG-d ots:  Early 13-Dec-2018 12:26:23 CST pre-events
otsdaq/otsdaq-core/WorkLoopManager/WorkLoop.cc [26]	Destroying WorkLoop: CFO0-SlowControls
%MSG
%MSG-d ots:  Early 13-Dec-2018 12:26:23 CST pre-events
otsdaq/otsdaq-core/WorkLoopManager/WorkLoop.cc [29]	Destroyed WorkLoop: CFO0-SlowControls
%MSG
%MSG-d ots:  Early 13-Dec-2018 12:26:23 CST pre-events
otsdaq/otsdaq-core/WorkLoopManager/WorkLoop.cc [26]	Destroying WorkLoop: CFO0
%MSG
%MSG-d ots:  Early 13-Dec-2018 12:26:23 CST pre-events
otsdaq/otsdaq-core/WorkLoopManager/WorkLoop.cc [29]	Destroyed WorkLoop: CFO0
%MSG
%MSG-i CFOFrontEndInterface:  Early 13-Dec-2018 12:26:48 CST pre-events
otsdaq_mu2e/otsdaq-mu2e/FEInterfaces/CFOFrontEndInterface_interface.cc [427]	Step 1: CFO reset clock...
%MSG
%MSG-i CFOFrontEndInterface:  Early 13-Dec-2018 12:26:58 CST pre-events
otsdaq_mu2e/otsdaq-mu2e/FEInterfaces/CFOFrontEndInterface_interface.cc [468]	Step 3: CFO reset TX...
%MSG
%MSG-d ots:  Early 13-Dec-2018 12:27:22 CST pre-events
otsdaq/otsdaq-core/WorkLoopManager/WorkLoop.cc [26]	Destroying WorkLoop: CFO0-SlowControls
%MSG
%MSG-d ots:  Early 13-Dec-2018 12:27:22 CST pre-events
otsdaq/otsdaq-core/WorkLoopManager/WorkLoop.cc [29]	Destroyed WorkLoop: CFO0-SlowControls
%MSG
%MSG-d ots:  Early 13-Dec-2018 12:27:22 CST pre-events
otsdaq/otsdaq-core/WorkLoopManager/WorkLoop.cc [26]	Destroying WorkLoop: CFO0
%MSG
%MSG-d ots:  Early 13-Dec-2018 12:27:22 CST pre-events
otsdaq/otsdaq-core/WorkLoopManager/WorkLoop.cc [29]	Destroyed WorkLoop: CFO0
%MSG
