%MSG-i configureMessageFacility:  CorePropertySupervisorBase  28-Nov-2018 14:10:20 CST pre-events configureMessageFacility.cc:286
Message Facility Application CorePropertySupervisorBase configured with: debugModules:["*"] destinations:{file:{append:false directory:"/home/mu2edaq/sync_demo/ots/srcs/otsdaq_mu2e/Data/Logs/CorePropertySupervisorBase" pattern:"CorePropertySupervisorBase-%?H%t-%p.log" seperator:"-" threshold:"DEBUG" timestamp_pattern:"%Y%m%d%H%M%S" type:"GenFile"} udp:{host:"192.168.157.6" port:30000 threshold:"DEBUG" type:"UDP"}}
%MSG
%MSG-i _TCPConnect:  CorePropertySupervisorBase 28-Nov-2018 14:10:20 CST  pre-events TCPConnect.cc:334
Resolving host 192.168.157.6, on port 30000
%MSG
%MSG-i _TCPConnect:  CorePropertySupervisorBase 28-Nov-2018 14:10:20 CST  pre-events TCPConnect.cc:241
Resolving ip mu2edaq06.fnal.gov
%MSG
%MSG-i configureMessageFacility:  RunControlStateMachine  28-Nov-2018 14:10:20 CST pre-events configureMessageFacility.cc:286
Message Facility Application RunControlStateMachine configured with: debugModules:["*"] destinations:{file:{append:false directory:"/home/mu2edaq/sync_demo/ots/srcs/otsdaq_mu2e/Data/Logs/RunControlStateMachine" pattern:"RunControlStateMachine-%?H%t-%p.log" seperator:"-" threshold:"DEBUG" timestamp_pattern:"%Y%m%d%H%M%S" type:"GenFile"}}
%MSG
%MSG-i configureMessageFacility:  CoreSupervisorBase 28-Nov-2018 14:10:20 CST  pre-events configureMessageFacility.cc:286
Message Facility Application CoreSupervisorBase configured with: debugModules:["*"] destinations:{file:{append:false directory:"/home/mu2edaq/sync_demo/ots/srcs/otsdaq_mu2e/Data/Logs/CoreSupervisorBase" pattern:"CoreSupervisorBase-%?H%t-%p.log" seperator:"-" threshold:"DEBUG" timestamp_pattern:"%Y%m%d%H%M%S" type:"GenFile"}}
%MSG
%MSG-i configureMessageFacility:  ROCInterface 28-Nov-2018 14:11:08 CST  pre-events configureMessageFacility.cc:286
Message Facility Application ROCInterface configured with: debugModules:["*"] destinations:{file:{append:false directory:"/home/mu2edaq/sync_demo/ots/srcs/otsdaq_mu2e/Data/Logs/ROCInterface" pattern:"ROCInterface-%?H%t-%p.log" seperator:"-" threshold:"DEBUG" timestamp_pattern:"%Y%m%d%H%M%S" type:"GenFile"} udp:{host:"192.168.157.6" port:30000 threshold:"DEBUG" type:"UDP"}}
%MSG
%MSG-i ROC0:  ROCInterface-mu2edaq06-0 28-Nov-2018 14:11:08 CST pre-events
otsdaq_mu2e/otsdaq-mu2e/FEInterfaces/ROCInterface.cc [28]	ROCInterface instantiated with link: 0 and EventWindowDelayOffset = 0
%MSG
%MSG-i DTCFrontEndInterface:  ROCInterface-mu2edaq06-0 28-Nov-2018 14:11:08 CST  pre-events
otsdaq_mu2e/otsdaq-mu2e/FEInterfaces/DTCFrontEndInterface_interface.cc [108]	DTCFrontEndInterface instantiated with name: DTC1 dtc_location_in_chain_ = 1 talking to /dev/mu2e0
%MSG
%MSG-i DTCFrontEndInterface:  ROCInterface-mu2edaq06-0 28-Nov-2018 14:11:08 CST  pre-events
otsdaq_mu2e/otsdaq-mu2e/FEInterfaces/DTCFrontEndInterface_interface.cc [501]	DTC1 reset FPGA...
%MSG
%MSG-i DTCFrontEndInterface:  ROCInterface-mu2edaq06-0 28-Nov-2018 14:11:31 CST  pre-events
otsdaq_mu2e/otsdaq-mu2e/FEInterfaces/DTCFrontEndInterface_interface.cc [515]	DTC1 reset clock...
%MSG
%MSG-i DTCFrontEndInterface:  ROCInterface-mu2edaq06-0 28-Nov-2018 14:11:46 CST  pre-events
otsdaq_mu2e/otsdaq-mu2e/FEInterfaces/DTCFrontEndInterface_interface.cc [554]	DTC1 configure Jitter Attenuator...
%MSG
%MSG-i DTCFrontEndInterface:  ROCInterface-mu2edaq06-0 28-Nov-2018 14:12:16 CST  pre-events
otsdaq_mu2e/otsdaq-mu2e/FEInterfaces/DTCFrontEndInterface_interface.cc [651]	DTC1 configured
%MSG
%MSG-i DTCFrontEndInterface:  ROCInterface-mu2edaq06-0 28-Nov-2018 14:12:16 CST  pre-events
otsdaq_mu2e/otsdaq-mu2e/FEInterfaces/DTCFrontEndInterface_interface.cc [655]	DTC1 links OK 0xc3
%MSG
%MSG-d ots:  ROCInterface-mu2edaq06-0 28-Nov-2018 14:14:36 CST pre-events
otsdaq/otsdaq-core/FECore/FEVInterfacesManager.cc [328]	Launching FE Macro 'ROC_Read' ...
%MSG
%MSG-d ots:  ROCInterface-mu2edaq06-0 28-Nov-2018 14:14:59 CST pre-events
otsdaq/otsdaq-core/FECore/FEVInterfacesManager.cc [328]	Launching FE Macro 'ROC_Read' ...
%MSG
%MSG-d ots:  ROCInterface-mu2edaq06-0 28-Nov-2018 14:15:26 CST pre-events
otsdaq/otsdaq-core/FECore/FEVInterfacesManager.cc [328]	Launching FE Macro 'ROC_Read' ...
%MSG
%MSG-d ots:  ROCInterface-mu2edaq06-0 28-Nov-2018 14:15:27 CST pre-events
otsdaq/otsdaq-core/FECore/FEVInterfacesManager.cc [328]	Launching FE Macro 'ROC_Read' ...
%MSG
%MSG-d ots:  ROCInterface-mu2edaq06-0 28-Nov-2018 14:15:28 CST pre-events
otsdaq/otsdaq-core/FECore/FEVInterfacesManager.cc [328]	Launching FE Macro 'ROC_Read' ...
%MSG
%MSG-d ots:  ROCInterface-mu2edaq06-0 28-Nov-2018 14:15:37 CST pre-events
otsdaq/otsdaq-core/FECore/FEVInterfacesManager.cc [328]	Launching FE Macro 'ROC_Read' ...
%MSG
%MSG-d ots:  ROCInterface-mu2edaq06-0 28-Nov-2018 14:15:38 CST pre-events
otsdaq/otsdaq-core/FECore/FEVInterfacesManager.cc [328]	Launching FE Macro 'ROC_Read' ...
%MSG
%MSG-d ots:  ROCInterface-mu2edaq06-0 28-Nov-2018 14:15:39 CST pre-events
otsdaq/otsdaq-core/FECore/FEVInterfacesManager.cc [328]	Launching FE Macro 'ROC_Read' ...
%MSG
%MSG-d ots:  ROCInterface-mu2edaq06-0 28-Nov-2018 14:15:40 CST pre-events
otsdaq/otsdaq-core/FECore/FEVInterfacesManager.cc [328]	Launching FE Macro 'ROC_Read' ...
%MSG
%MSG-d ots:  ROCInterface-mu2edaq06-0 28-Nov-2018 14:15:41 CST pre-events
otsdaq/otsdaq-core/FECore/FEVInterfacesManager.cc [328]	Launching FE Macro 'ROC_Read' ...
%MSG
%MSG-d ots:  ROCInterface-mu2edaq06-0 28-Nov-2018 14:15:42 CST pre-events
otsdaq/otsdaq-core/FECore/FEVInterfacesManager.cc [328]	Launching FE Macro 'ROC_Read' ...
%MSG
%MSG-d ots:  ROCInterface-mu2edaq06-0 28-Nov-2018 14:16:19 CST pre-events
otsdaq/otsdaq-core/FECore/FEVInterfacesManager.cc [328]	Launching FE Macro 'ROC_Read' ...
%MSG
%MSG-d ots:  ROCInterface-mu2edaq06-0 28-Nov-2018 14:16:19 CST pre-events
otsdaq/otsdaq-core/FECore/FEVInterfacesManager.cc [328]	Launching FE Macro 'ROC_Read' ...
%MSG
%MSG-d ots:  ROCInterface-mu2edaq06-0 28-Nov-2018 14:16:20 CST pre-events
otsdaq/otsdaq-core/FECore/FEVInterfacesManager.cc [328]	Launching FE Macro 'ROC_Read' ...
%MSG
%MSG-d ots:  ROCInterface-mu2edaq06-0 28-Nov-2018 14:16:20 CST pre-events
otsdaq/otsdaq-core/FECore/FEVInterfacesManager.cc [328]	Launching FE Macro 'ROC_Read' ...
%MSG
%MSG-d ots:  ROCInterface-mu2edaq06-0 28-Nov-2018 14:16:21 CST pre-events
otsdaq/otsdaq-core/FECore/FEVInterfacesManager.cc [328]	Launching FE Macro 'ROC_Read' ...
%MSG
%MSG-d ots:  ROCInterface-mu2edaq06-0 28-Nov-2018 14:16:21 CST pre-events
otsdaq/otsdaq-core/FECore/FEVInterfacesManager.cc [328]	Launching FE Macro 'ROC_Read' ...
%MSG
%MSG-d ots:  ROCInterface-mu2edaq06-0 28-Nov-2018 14:16:22 CST pre-events
otsdaq/otsdaq-core/FECore/FEVInterfacesManager.cc [328]	Launching FE Macro 'ROC_Read' ...
%MSG
%MSG-d ots:  ROCInterface-mu2edaq06-0 28-Nov-2018 14:16:22 CST pre-events
otsdaq/otsdaq-core/FECore/FEVInterfacesManager.cc [328]	Launching FE Macro 'ROC_Read' ...
%MSG
%MSG-d ots:  ROCInterface-mu2edaq06-0 28-Nov-2018 14:16:23 CST pre-events
otsdaq/otsdaq-core/FECore/FEVInterfacesManager.cc [328]	Launching FE Macro 'ROC_Read' ...
%MSG
%MSG-d ots:  ROCInterface-mu2edaq06-0 28-Nov-2018 14:16:23 CST pre-events
otsdaq/otsdaq-core/FECore/FEVInterfacesManager.cc [328]	Launching FE Macro 'ROC_Read' ...
%MSG
%MSG-d ots:  ROCInterface-mu2edaq06-0 28-Nov-2018 14:16:43 CST pre-events
otsdaq/otsdaq-core/WorkLoopManager/WorkLoop.cc [26]	Destroying WorkLoop: DTC1-SlowControls
%MSG
%MSG-d ots:  ROCInterface-mu2edaq06-0 28-Nov-2018 14:16:43 CST pre-events
otsdaq/otsdaq-core/WorkLoopManager/WorkLoop.cc [29]	Destroyed WorkLoop: DTC1-SlowControls
%MSG
%MSG-d ots:  ROCInterface-mu2edaq06-0 28-Nov-2018 14:16:43 CST pre-events
otsdaq/otsdaq-core/WorkLoopManager/WorkLoop.cc [26]	Destroying WorkLoop: DTC1
%MSG
%MSG-d ots:  ROCInterface-mu2edaq06-0 28-Nov-2018 14:16:43 CST pre-events
otsdaq/otsdaq-core/WorkLoopManager/WorkLoop.cc [29]	Destroyed WorkLoop: DTC1
%MSG
%MSG-i configureMessageFacility:  ROCInterface 28-Nov-2018 14:16:52 CST  pre-events configureMessageFacility.cc:286
Message Facility Application ROCInterface configured with: debugModules:["*"] destinations:{file:{append:false directory:"/home/mu2edaq/sync_demo/ots/srcs/otsdaq_mu2e/Data/Logs/ROCInterface" pattern:"ROCInterface-%?H%t-%p.log" seperator:"-" threshold:"DEBUG" timestamp_pattern:"%Y%m%d%H%M%S" type:"GenFile"} udp:{host:"192.168.157.6" port:30000 threshold:"DEBUG" type:"UDP"}}
%MSG
%MSG-i ROC0:  ROCInterface-mu2edaq06-0 28-Nov-2018 14:16:52 CST pre-events
otsdaq_mu2e/otsdaq-mu2e/FEInterfaces/ROCInterface.cc [28]	ROCInterface instantiated with link: 0 and EventWindowDelayOffset = 0
%MSG
%MSG-i DTCFrontEndInterface:  ROCInterface-mu2edaq06-0 28-Nov-2018 14:16:52 CST  pre-events
otsdaq_mu2e/otsdaq-mu2e/FEInterfaces/DTCFrontEndInterface_interface.cc [108]	DTCFrontEndInterface instantiated with name: DTC1 dtc_location_in_chain_ = 1 talking to /dev/mu2e0
%MSG
%MSG-i DTCFrontEndInterface:  ROCInterface-mu2edaq06-0 28-Nov-2018 14:16:52 CST  pre-events
otsdaq_mu2e/otsdaq-mu2e/FEInterfaces/DTCFrontEndInterface_interface.cc [501]	DTC1 reset FPGA...
%MSG
%MSG-i DTCFrontEndInterface:  ROCInterface-mu2edaq06-0 28-Nov-2018 14:17:15 CST  pre-events
otsdaq_mu2e/otsdaq-mu2e/FEInterfaces/DTCFrontEndInterface_interface.cc [515]	DTC1 reset clock...
%MSG
%MSG-i DTCFrontEndInterface:  ROCInterface-mu2edaq06-0 28-Nov-2018 14:17:30 CST  pre-events
otsdaq_mu2e/otsdaq-mu2e/FEInterfaces/DTCFrontEndInterface_interface.cc [554]	DTC1 configure Jitter Attenuator...
%MSG
%MSG-i DTCFrontEndInterface:  ROCInterface-mu2edaq06-0 28-Nov-2018 14:18:00 CST  pre-events
otsdaq_mu2e/otsdaq-mu2e/FEInterfaces/DTCFrontEndInterface_interface.cc [651]	DTC1 configured
%MSG
%MSG-i DTCFrontEndInterface:  ROCInterface-mu2edaq06-0 28-Nov-2018 14:18:00 CST  pre-events
otsdaq_mu2e/otsdaq-mu2e/FEInterfaces/DTCFrontEndInterface_interface.cc [655]	DTC1 links OK 0xc3
%MSG
%MSG-d ots:  ROCInterface-mu2edaq06-0 28-Nov-2018 14:18:51 CST pre-events
otsdaq/otsdaq-core/FECore/FEVInterfacesManager.cc [328]	Launching FE Macro 'ROC_Read' ...
%MSG
%MSG-d ots:  ROCInterface-mu2edaq06-0 28-Nov-2018 14:18:52 CST pre-events
otsdaq/otsdaq-core/FECore/FEVInterfacesManager.cc [328]	Launching FE Macro 'ROC_Read' ...
%MSG
%MSG-d ots:  ROCInterface-mu2edaq06-0 28-Nov-2018 14:18:53 CST pre-events
otsdaq/otsdaq-core/FECore/FEVInterfacesManager.cc [328]	Launching FE Macro 'ROC_Read' ...
%MSG
%MSG-d ots:  ROCInterface-mu2edaq06-0 28-Nov-2018 14:18:54 CST pre-events
otsdaq/otsdaq-core/FECore/FEVInterfacesManager.cc [328]	Launching FE Macro 'ROC_Read' ...
%MSG
%MSG-d ots:  ROCInterface-mu2edaq06-0 28-Nov-2018 14:18:55 CST pre-events
otsdaq/otsdaq-core/FECore/FEVInterfacesManager.cc [328]	Launching FE Macro 'ROC_Read' ...
%MSG
%MSG-d ots:  ROCInterface-mu2edaq06-0 28-Nov-2018 14:18:55 CST pre-events
otsdaq/otsdaq-core/FECore/FEVInterfacesManager.cc [328]	Launching FE Macro 'ROC_Read' ...
%MSG
%MSG-d ots:  ROCInterface-mu2edaq06-0 28-Nov-2018 14:18:56 CST pre-events
otsdaq/otsdaq-core/FECore/FEVInterfacesManager.cc [328]	Launching FE Macro 'ROC_Read' ...
%MSG
%MSG-d ots:  ROCInterface-mu2edaq06-0 28-Nov-2018 14:18:57 CST pre-events
otsdaq/otsdaq-core/FECore/FEVInterfacesManager.cc [328]	Launching FE Macro 'ROC_Read' ...
%MSG
%MSG-d ots:  ROCInterface-mu2edaq06-0 28-Nov-2018 14:18:57 CST pre-events
otsdaq/otsdaq-core/FECore/FEVInterfacesManager.cc [328]	Launching FE Macro 'ROC_Read' ...
%MSG
%MSG-d ots:  ROCInterface-mu2edaq06-0 28-Nov-2018 14:19:24 CST pre-events
otsdaq/otsdaq-core/FECore/FEVInterfacesManager.cc [328]	Launching FE Macro 'ROC_Read' ...
%MSG
%MSG-d ots:  ROCInterface-mu2edaq06-0 28-Nov-2018 14:19:25 CST pre-events
otsdaq/otsdaq-core/FECore/FEVInterfacesManager.cc [328]	Launching FE Macro 'ROC_Read' ...
%MSG
%MSG-d ots:  ROCInterface-mu2edaq06-0 28-Nov-2018 14:19:25 CST pre-events
otsdaq/otsdaq-core/FECore/FEVInterfacesManager.cc [328]	Launching FE Macro 'ROC_Read' ...
%MSG
%MSG-d ots:  ROCInterface-mu2edaq06-0 28-Nov-2018 14:19:26 CST pre-events
otsdaq/otsdaq-core/FECore/FEVInterfacesManager.cc [328]	Launching FE Macro 'ROC_Read' ...
%MSG
%MSG-d ots:  ROCInterface-mu2edaq06-0 28-Nov-2018 14:19:27 CST pre-events
otsdaq/otsdaq-core/FECore/FEVInterfacesManager.cc [328]	Launching FE Macro 'ROC_Read' ...
%MSG
%MSG-d ots:  ROCInterface-mu2edaq06-0 28-Nov-2018 14:19:27 CST pre-events
otsdaq/otsdaq-core/FECore/FEVInterfacesManager.cc [328]	Launching FE Macro 'ROC_Read' ...
%MSG
%MSG-d ots:  ROCInterface-mu2edaq06-0 28-Nov-2018 14:19:28 CST pre-events
otsdaq/otsdaq-core/FECore/FEVInterfacesManager.cc [328]	Launching FE Macro 'ROC_Read' ...
%MSG
%MSG-d ots:  ROCInterface-mu2edaq06-0 28-Nov-2018 14:19:29 CST pre-events
otsdaq/otsdaq-core/FECore/FEVInterfacesManager.cc [328]	Launching FE Macro 'ROC_Read' ...
%MSG
%MSG-d ots:  ROCInterface-mu2edaq06-0 28-Nov-2018 14:19:31 CST pre-events
otsdaq/otsdaq-core/FECore/FEVInterfacesManager.cc [328]	Launching FE Macro 'ROC_Read' ...
%MSG
%MSG-d ots:  ROCInterface-mu2edaq06-0 28-Nov-2018 14:19:31 CST pre-events
otsdaq/otsdaq-core/FECore/FEVInterfacesManager.cc [328]	Launching FE Macro 'ROC_Read' ...
%MSG
%MSG-d ots:  ROCInterface-mu2edaq06-0 28-Nov-2018 14:19:32 CST pre-events
otsdaq/otsdaq-core/FECore/FEVInterfacesManager.cc [328]	Launching FE Macro 'ROC_Read' ...
%MSG
