%MSG-i configureMessageFacility:  CorePropertySupervisorBase  07-Jan-2019 14:32:05 CST pre-events configureMessageFacility.cc:286
Message Facility Application CorePropertySupervisorBase configured with: debugModules:["*"] destinations:{file:{append:false directory:"/home/mu2edaq/sync_demo/ots/srcs/otsdaq_mu2e/Data/Logs/CorePropertySupervisorBase" pattern:"CorePropertySupervisorBase-%?H%t-%p.log" seperator:"-" threshold:"DEBUG" timestamp_pattern:"%Y%m%d%H%M%S" type:"GenFile"} udp:{host:"192.168.157.6" port:30000 threshold:"DEBUG" type:"UDP"}}
%MSG
%MSG-i _TCPConnect:  CorePropertySupervisorBase 07-Jan-2019 14:32:05 CST  pre-events TCPConnect.cc:334
Resolving host 192.168.157.6, on port 30000
%MSG
%MSG-i _TCPConnect:  CorePropertySupervisorBase 07-Jan-2019 14:32:05 CST  pre-events TCPConnect.cc:241
Resolving ip mu2edaq04.fnal.gov
%MSG
%MSG-i configureMessageFacility:  RunControlStateMachine  07-Jan-2019 14:32:05 CST pre-events configureMessageFacility.cc:286
Message Facility Application RunControlStateMachine configured with: debugModules:["*"] destinations:{file:{append:false directory:"/home/mu2edaq/sync_demo/ots/srcs/otsdaq_mu2e/Data/Logs/RunControlStateMachine" pattern:"RunControlStateMachine-%?H%t-%p.log" seperator:"-" threshold:"DEBUG" timestamp_pattern:"%Y%m%d%H%M%S" type:"GenFile"} udp:{host:"192.168.157.6" port:30000 threshold:"DEBUG" type:"UDP"}}
%MSG
%MSG-i configureMessageFacility:  CoreSupervisorBase 07-Jan-2019 14:32:05 CST  pre-events configureMessageFacility.cc:286
Message Facility Application CoreSupervisorBase configured with: debugModules:["*"] destinations:{file:{append:false directory:"/home/mu2edaq/sync_demo/ots/srcs/otsdaq_mu2e/Data/Logs/CoreSupervisorBase" pattern:"CoreSupervisorBase-%?H%t-%p.log" seperator:"-" threshold:"DEBUG" timestamp_pattern:"%Y%m%d%H%M%S" type:"GenFile"} udp:{host:"192.168.157.6" port:30000 threshold:"DEBUG" type:"UDP"}}
%MSG
%MSG-i CFOFrontEndInterface:  Early 07-Jan-2019 14:32:35 CST pre-events
otsdaq_mu2e/otsdaq-mu2e/FEInterfaces/CFOFrontEndInterface_interface.cc [473]	Step 1: CFO do NOT reset clock...
%MSG
%MSG-i CFOFrontEndInterface:  Early 07-Jan-2019 14:32:36 CST pre-events
otsdaq_mu2e/otsdaq-mu2e/FEInterfaces/CFOFrontEndInterface_interface.cc [482]	Step 3: CFO reset TX...
%MSG
%MSG-i CFOFrontEndInterface:  Early 07-Jan-2019 14:32:56 CST pre-events
otsdaq_mu2e/otsdaq-mu2e/FEInterfaces/CFOFrontEndInterface_interface.cc [502]	Step 6: CFO enable Event start characters, SERDES Tx and Rx, and event window interval
%MSG
%MSG-i CFOFrontEndInterface:  Early 07-Jan-2019 14:32:59 CST pre-events
otsdaq_mu2e/otsdaq-mu2e/FEInterfaces/CFOFrontEndInterface_interface.cc [524]	--------------
%MSG
%MSG-i CFOFrontEndInterface:  Early 07-Jan-2019 14:32:59 CST pre-events
otsdaq_mu2e/otsdaq-mu2e/FEInterfaces/CFOFrontEndInterface_interface.cc [525]	CFO configured
%MSG
%MSG-i CFOFrontEndInterface:  Early 07-Jan-2019 14:32:59 CST pre-events
otsdaq_mu2e/otsdaq-mu2e/FEInterfaces/CFOFrontEndInterface_interface.cc [529]	CFO links OK = 0x1
%MSG
%MSG-i CFOFrontEndInterface:  Early 07-Jan-2019 17:24:55 CST pre-events
otsdaq_mu2e/otsdaq-mu2e/FEInterfaces/CFOFrontEndInterface_interface.cc [670]	 Looping back DTC0 ROC0
%MSG
%MSG-i CFOFrontEndInterface:  Early 07-Jan-2019 17:25:07 CST pre-events
otsdaq_mu2e/otsdaq-mu2e/FEInterfaces/CFOFrontEndInterface_interface.cc [670]	 Looping back DTC0 ROC1
%MSG
%MSG-i CFOFrontEndInterface:  Early 07-Jan-2019 17:25:19 CST pre-events
otsdaq_mu2e/otsdaq-mu2e/FEInterfaces/CFOFrontEndInterface_interface.cc [670]	 Looping back DTC1 ROC0
%MSG
%MSG-i CFOFrontEndInterface:  Early 07-Jan-2019 17:25:31 CST pre-events
otsdaq_mu2e/otsdaq-mu2e/FEInterfaces/CFOFrontEndInterface_interface.cc [670]	 Looping back DTC1 ROC1
%MSG
%MSG-i CFOFrontEndInterface:  Early 07-Jan-2019 17:25:39 CST pre-events
otsdaq_mu2e/otsdaq-mu2e/FEInterfaces/CFOFrontEndInterface_interface.cc [601]	-------------------------
%MSG
%MSG-i CFOFrontEndInterface:  Early 07-Jan-2019 17:25:39 CST pre-events
otsdaq_mu2e/otsdaq-mu2e/FEInterfaces/CFOFrontEndInterface_interface.cc [602]	FULL SYSTEM loopback DONE
%MSG
%MSG-i CFOFrontEndInterface:  Early 07-Jan-2019 17:25:39 CST pre-events
otsdaq_mu2e/otsdaq-mu2e/FEInterfaces/CFOFrontEndInterface_interface.cc [611]	chain 0 - DTC 0 - ROC 0 = 480 ns +/- 0 (0)
%MSG
%MSG-i CFOFrontEndInterface:  Early 07-Jan-2019 17:25:39 CST pre-events
otsdaq_mu2e/otsdaq-mu2e/FEInterfaces/CFOFrontEndInterface_interface.cc [611]	chain 0 - DTC 0 - ROC 1 = 480 ns +/- 0 (0)
%MSG
%MSG-i CFOFrontEndInterface:  Early 07-Jan-2019 17:25:39 CST pre-events
otsdaq_mu2e/otsdaq-mu2e/FEInterfaces/CFOFrontEndInterface_interface.cc [611]	chain 0 - DTC 1 - ROC 0 = 1028.21 ns +/- 2.39732 (0)
%MSG
%MSG-i CFOFrontEndInterface:  Early 07-Jan-2019 17:25:39 CST pre-events
otsdaq_mu2e/otsdaq-mu2e/FEInterfaces/CFOFrontEndInterface_interface.cc [611]	chain 0 - DTC 1 - ROC 1 = 1004.11 ns +/- 1.91624 (0)
%MSG
%MSG-i CFOFrontEndInterface:  Early 07-Jan-2019 17:25:39 CST pre-events
otsdaq_mu2e/otsdaq-mu2e/FEInterfaces/CFOFrontEndInterface_interface.cc [618]	DTC1 - DTC0 = 548.208
%MSG
%MSG-i CFOFrontEndInterface:  Early 07-Jan-2019 17:25:39 CST pre-events
otsdaq_mu2e/otsdaq-mu2e/FEInterfaces/CFOFrontEndInterface_interface.cc [619]	-------------------------
%MSG
%MSG-d ots:  Early 08-Jan-2019 09:59:02 CST pre-events
otsdaq/otsdaq-core/WorkLoopManager/WorkLoop.cc [26]	Destroying WorkLoop: CFO0-SlowControls
%MSG
%MSG-d ots:  Early 08-Jan-2019 09:59:02 CST pre-events
otsdaq/otsdaq-core/WorkLoopManager/WorkLoop.cc [29]	Destroyed WorkLoop: CFO0-SlowControls
%MSG
%MSG-d ots:  Early 08-Jan-2019 09:59:02 CST pre-events
otsdaq/otsdaq-core/WorkLoopManager/WorkLoop.cc [26]	Destroying WorkLoop: CFO0
%MSG
%MSG-d ots:  Early 08-Jan-2019 09:59:02 CST pre-events
otsdaq/otsdaq-core/WorkLoopManager/WorkLoop.cc [29]	Destroyed WorkLoop: CFO0
%MSG
%MSG-i CFOFrontEndInterface:  Early 08-Jan-2019 09:59:22 CST pre-events
otsdaq_mu2e/otsdaq-mu2e/FEInterfaces/CFOFrontEndInterface_interface.cc [473]	Step 1: CFO do NOT reset clock...
%MSG
%MSG-i CFOFrontEndInterface:  Early 08-Jan-2019 09:59:22 CST pre-events
otsdaq_mu2e/otsdaq-mu2e/FEInterfaces/CFOFrontEndInterface_interface.cc [482]	Step 3: CFO reset TX...
%MSG
%MSG-i CFOFrontEndInterface:  Early 08-Jan-2019 09:59:42 CST pre-events
otsdaq_mu2e/otsdaq-mu2e/FEInterfaces/CFOFrontEndInterface_interface.cc [502]	Step 6: CFO enable Event start characters, SERDES Tx and Rx, and event window interval
%MSG
%MSG-i CFOFrontEndInterface:  Early 08-Jan-2019 09:59:45 CST pre-events
otsdaq_mu2e/otsdaq-mu2e/FEInterfaces/CFOFrontEndInterface_interface.cc [524]	--------------
%MSG
%MSG-i CFOFrontEndInterface:  Early 08-Jan-2019 09:59:45 CST pre-events
otsdaq_mu2e/otsdaq-mu2e/FEInterfaces/CFOFrontEndInterface_interface.cc [525]	CFO configured
%MSG
%MSG-i CFOFrontEndInterface:  Early 08-Jan-2019 09:59:45 CST pre-events
otsdaq_mu2e/otsdaq-mu2e/FEInterfaces/CFOFrontEndInterface_interface.cc [529]	CFO links OK = 0x1
%MSG
%MSG-i CFOFrontEndInterface:  Early 08-Jan-2019 10:00:09 CST pre-events
otsdaq_mu2e/otsdaq-mu2e/FEInterfaces/CFOFrontEndInterface_interface.cc [670]	 Looping back DTC0 ROC0
%MSG
%MSG-i CFOFrontEndInterface:  Early 08-Jan-2019 10:00:21 CST pre-events
otsdaq_mu2e/otsdaq-mu2e/FEInterfaces/CFOFrontEndInterface_interface.cc [670]	 Looping back DTC0 ROC1
%MSG
%MSG-i CFOFrontEndInterface:  Early 08-Jan-2019 10:00:33 CST pre-events
otsdaq_mu2e/otsdaq-mu2e/FEInterfaces/CFOFrontEndInterface_interface.cc [670]	 Looping back DTC1 ROC0
%MSG
%MSG-i CFOFrontEndInterface:  Early 08-Jan-2019 10:00:45 CST pre-events
otsdaq_mu2e/otsdaq-mu2e/FEInterfaces/CFOFrontEndInterface_interface.cc [670]	 Looping back DTC1 ROC1
%MSG
%MSG-i CFOFrontEndInterface:  Early 08-Jan-2019 10:00:53 CST pre-events
otsdaq_mu2e/otsdaq-mu2e/FEInterfaces/CFOFrontEndInterface_interface.cc [601]	-------------------------
%MSG
%MSG-i CFOFrontEndInterface:  Early 08-Jan-2019 10:00:53 CST pre-events
otsdaq_mu2e/otsdaq-mu2e/FEInterfaces/CFOFrontEndInterface_interface.cc [602]	FULL SYSTEM loopback DONE
%MSG
%MSG-i CFOFrontEndInterface:  Early 08-Jan-2019 10:00:53 CST pre-events
otsdaq_mu2e/otsdaq-mu2e/FEInterfaces/CFOFrontEndInterface_interface.cc [611]	chain 0 - DTC 0 - ROC 0 = 480 ns +/- 0 (0)
%MSG
%MSG-i CFOFrontEndInterface:  Early 08-Jan-2019 10:00:53 CST pre-events
otsdaq_mu2e/otsdaq-mu2e/FEInterfaces/CFOFrontEndInterface_interface.cc [611]	chain 0 - DTC 0 - ROC 1 = 480 ns +/- 0 (0)
%MSG
%MSG-i CFOFrontEndInterface:  Early 08-Jan-2019 10:00:53 CST pre-events
otsdaq_mu2e/otsdaq-mu2e/FEInterfaces/CFOFrontEndInterface_interface.cc [611]	chain 0 - DTC 1 - ROC 0 = 1028.26 ns +/- 2.38273 (0)
%MSG
%MSG-i CFOFrontEndInterface:  Early 08-Jan-2019 10:00:53 CST pre-events
otsdaq_mu2e/otsdaq-mu2e/FEInterfaces/CFOFrontEndInterface_interface.cc [611]	chain 0 - DTC 1 - ROC 1 = 1017.36 ns +/- 2.49567 (0)
%MSG
%MSG-i CFOFrontEndInterface:  Early 08-Jan-2019 10:00:53 CST pre-events
otsdaq_mu2e/otsdaq-mu2e/FEInterfaces/CFOFrontEndInterface_interface.cc [618]	DTC1 - DTC0 = 548.257
%MSG
%MSG-i CFOFrontEndInterface:  Early 08-Jan-2019 10:00:53 CST pre-events
otsdaq_mu2e/otsdaq-mu2e/FEInterfaces/CFOFrontEndInterface_interface.cc [619]	-------------------------
%MSG
%MSG-d ots:  Early 08-Jan-2019 10:16:09 CST pre-events
otsdaq/otsdaq-core/WorkLoopManager/WorkLoop.cc [26]	Destroying WorkLoop: CFO0-SlowControls
%MSG
%MSG-d ots:  Early 08-Jan-2019 10:16:09 CST pre-events
otsdaq/otsdaq-core/WorkLoopManager/WorkLoop.cc [29]	Destroyed WorkLoop: CFO0-SlowControls
%MSG
%MSG-d ots:  Early 08-Jan-2019 10:16:09 CST pre-events
otsdaq/otsdaq-core/WorkLoopManager/WorkLoop.cc [26]	Destroying WorkLoop: CFO0
%MSG
%MSG-d ots:  Early 08-Jan-2019 10:16:09 CST pre-events
otsdaq/otsdaq-core/WorkLoopManager/WorkLoop.cc [29]	Destroyed WorkLoop: CFO0
%MSG
