%MSG-i configureMessageFacility:  CorePropertySupervisorBase  17-Dec-2018 14:00:48 CST pre-events configureMessageFacility.cc:286
Message Facility Application CorePropertySupervisorBase configured with: debugModules:["*"] destinations:{file:{append:false directory:"/home/mu2edaq/sync_demo/ots/srcs/otsdaq_mu2e/Data/Logs/CorePropertySupervisorBase" pattern:"CorePropertySupervisorBase-%?H%t-%p.log" seperator:"-" threshold:"DEBUG" timestamp_pattern:"%Y%m%d%H%M%S" type:"GenFile"} udp:{host:"192.168.157.6" port:30000 threshold:"DEBUG" type:"UDP"}}
%MSG
%MSG-i _TCPConnect:  CorePropertySupervisorBase 17-Dec-2018 14:00:48 CST  pre-events TCPConnect.cc:334
Resolving host 192.168.157.6, on port 30000
%MSG
%MSG-i _TCPConnect:  CorePropertySupervisorBase 17-Dec-2018 14:00:48 CST  pre-events TCPConnect.cc:241
Resolving ip mu2edaq06.fnal.gov
%MSG
%MSG-i configureMessageFacility:  RunControlStateMachine  17-Dec-2018 14:00:49 CST pre-events configureMessageFacility.cc:286
Message Facility Application RunControlStateMachine configured with: debugModules:["*"] destinations:{file:{append:false directory:"/home/mu2edaq/sync_demo/ots/srcs/otsdaq_mu2e/Data/Logs/RunControlStateMachine" pattern:"RunControlStateMachine-%?H%t-%p.log" seperator:"-" threshold:"DEBUG" timestamp_pattern:"%Y%m%d%H%M%S" type:"GenFile"}}
%MSG
%MSG-i configureMessageFacility:  CoreSupervisorBase 17-Dec-2018 14:00:49 CST  pre-events configureMessageFacility.cc:286
Message Facility Application CoreSupervisorBase configured with: debugModules:["*"] destinations:{file:{append:false directory:"/home/mu2edaq/sync_demo/ots/srcs/otsdaq_mu2e/Data/Logs/CoreSupervisorBase" pattern:"CoreSupervisorBase-%?H%t-%p.log" seperator:"-" threshold:"DEBUG" timestamp_pattern:"%Y%m%d%H%M%S" type:"GenFile"}}
%MSG
%MSG-i configureMessageFacility:  ROCCoreInterface 17-Dec-2018 14:29:00 CST  pre-events configureMessageFacility.cc:286
Message Facility Application ROCCoreInterface configured with: debugModules:["*"] destinations:{file:{append:false directory:"/home/mu2edaq/sync_demo/ots/srcs/otsdaq_mu2e/Data/Logs/ROCCoreInterface" pattern:"ROCCoreInterface-%?H%t-%p.log" seperator:"-" threshold:"DEBUG" timestamp_pattern:"%Y%m%d%H%M%S" type:"GenFile"} udp:{host:"192.168.157.6" port:30000 threshold:"DEBUG" type:"UDP"}}
%MSG
%MSG-i FE-ROCCoreInterface:  ROCCoreInterface-mu2edaq06-0  17-Dec-2018 14:29:00 CST pre-events
otsdaq_mu2e/otsdaq-mu2e/FEInterfaces/ROCCoreInterface_interface.cc [26]	ROCCoreInterface instantiated with link: 0 and EventWindowDelayOffset = 0
%MSG
%MSG-i DTCFrontEndInterface:  ROCCoreInterface-mu2edaq06-0  17-Dec-2018 14:29:00 CST pre-events
otsdaq_mu2e/otsdaq-mu2e/FEInterfaces/DTCFrontEndInterface_interface.cc [136]	DTCFrontEndInterface instantiated with name: DTC1 dtc_location_in_chain_ = 1 talking to /dev/mu2e0
%MSG
%MSG-i DTCFrontEndInterface:  ROCCoreInterface-mu2edaq06-0  17-Dec-2018 14:29:00 CST pre-events
otsdaq_mu2e/otsdaq-mu2e/FEInterfaces/DTCFrontEndInterface_interface.cc [675]	Step 0: DTC1 reset FPGA...
%MSG
%MSG-i DTCFrontEndInterface:  ROCCoreInterface-mu2edaq06-0  17-Dec-2018 14:29:03 CST pre-events
otsdaq_mu2e/otsdaq-mu2e/FEInterfaces/DTCFrontEndInterface_interface.cc [680]	............. firmware version 18111410
%MSG
%MSG-i DTCFrontEndInterface:  ROCCoreInterface-mu2edaq06-0  17-Dec-2018 14:29:07 CST pre-events
otsdaq_mu2e/otsdaq-mu2e/FEInterfaces/DTCFrontEndInterface_interface.cc [720]	Step 1: DTC1 do NOT reset clock...
%MSG
%MSG-i DTCFrontEndInterface:  ROCCoreInterface-mu2edaq06-0  17-Dec-2018 14:29:07 CST pre-events
otsdaq_mu2e/otsdaq-mu2e/FEInterfaces/DTCFrontEndInterface_interface.cc [738]	Step 2: DTC1 do NOT configure Jitter Attenuator...
%MSG
%MSG-i DTCFrontEndInterface:  ROCCoreInterface-mu2edaq06-0  17-Dec-2018 14:29:13 CST pre-events
otsdaq_mu2e/otsdaq-mu2e/FEInterfaces/DTCFrontEndInterface_interface.cc [800]	Step 4: DTC1 wait for links...
%MSG
%MSG-i DTCFrontEndInterface:  ROCCoreInterface-mu2edaq06-0  17-Dec-2018 14:29:25 CST pre-events
otsdaq_mu2e/otsdaq-mu2e/FEInterfaces/DTCFrontEndInterface_interface.cc [808]	Step 5: DTC1 enable markers, Tx, Rx
%MSG
%MSG-i DTCFrontEndInterface:  ROCCoreInterface-mu2edaq06-0  17-Dec-2018 14:29:25 CST pre-events
otsdaq_mu2e/otsdaq-mu2e/FEInterfaces/DTCFrontEndInterface_interface.cc [824]	Step 5: DTC1 configure ROCs
%MSG
%MSG-i FE-ROCCoreInterface:  ROCCoreInterface-mu2edaq06-0  17-Dec-2018 14:29:25 CST pre-events
otsdaq_mu2e/otsdaq-mu2e/FEInterfaces/ROCCoreInterface_interface.cc [97]	......... Clear DCS FIFOs
%MSG
%MSG-i FE-ROCCoreInterface:  ROCCoreInterface-mu2edaq06-0  17-Dec-2018 14:29:25 CST pre-events
otsdaq_mu2e/otsdaq-mu2e/FEInterfaces/ROCCoreInterface_interface.cc [104]	......... setup to synchronize ROC clock with 40 MHz clock edge
%MSG
%MSG-i FE-ROCCoreInterface:  ROCCoreInterface-mu2edaq06-0  17-Dec-2018 14:29:25 CST pre-events
otsdaq_mu2e/otsdaq-mu2e/FEInterfaces/ROCCoreInterface_interface.cc [114]	......... Set delay = 0 ... 
%MSG
%MSG-i FE-ROCCoreInterface:  ROCCoreInterface-mu2edaq06-0  17-Dec-2018 14:29:25 CST pre-events
otsdaq_mu2e/otsdaq-mu2e/FEInterfaces/ROCCoreInterface_interface.cc [118]	......... Read back = 0
%MSG
%MSG-i DTCFrontEndInterface:  ROCCoreInterface-mu2edaq06-0  17-Dec-2018 14:29:38 CST pre-events
otsdaq_mu2e/otsdaq-mu2e/FEInterfaces/DTCFrontEndInterface_interface.cc [832]	Step 6: DTC1 configured
%MSG
%MSG-i DTCFrontEndInterface:  ROCCoreInterface-mu2edaq06-0  17-Dec-2018 14:29:38 CST pre-events
otsdaq_mu2e/otsdaq-mu2e/FEInterfaces/DTCFrontEndInterface_interface.cc [836]	DTC1 links OK 0xc3
%MSG
%MSG-d ots:  ROCCoreInterface-mu2edaq06-0 17-Dec-2018 14:31:30 CST pre-events
otsdaq/otsdaq-core/FECore/FEVInterfacesManager.cc [328]	Launching FE Macro 'ROC_Read' ...
%MSG
