%MSG-i configureMessageFacility:  CorePropertySupervisorBase  09-Nov-2018 08:58:20 CST pre-events configureMessageFacility.cc:286
Message Facility Application CorePropertySupervisorBase configured with: debugModules:["*"] destinations:{file:{append:false directory:"/home/mu2edaq/sync_demo/ots/srcs/otsdaq_mu2e/Data/Logs/CorePropertySupervisorBase" pattern:"CorePropertySupervisorBase-%?H%t-%p.log" seperator:"-" threshold:"DEBUG" timestamp_pattern:"%Y%m%d%H%M%S" type:"GenFile"} udp:{host:"192.168.157.6" port:30000 threshold:"DEBUG" type:"UDP"}}
%MSG
%MSG-i _TCPConnect:  CorePropertySupervisorBase 09-Nov-2018 08:58:20 CST  pre-events TCPConnect.cc:334
Resolving host 192.168.157.6, on port 30000
%MSG
%MSG-i _TCPConnect:  CorePropertySupervisorBase 09-Nov-2018 08:58:20 CST  pre-events TCPConnect.cc:241
Resolving ip mu2edaq05.fnal.gov
%MSG
%MSG-i configureMessageFacility:  RunControlStateMachine  09-Nov-2018 08:58:20 CST pre-events configureMessageFacility.cc:286
Message Facility Application RunControlStateMachine configured with: debugModules:["*"] destinations:{file:{append:false directory:"/home/mu2edaq/sync_demo/ots/srcs/otsdaq_mu2e/Data/Logs/RunControlStateMachine" pattern:"RunControlStateMachine-%?H%t-%p.log" seperator:"-" threshold:"DEBUG" timestamp_pattern:"%Y%m%d%H%M%S" type:"GenFile"} udp:{host:"192.168.157.6" port:30000 threshold:"DEBUG" type:"UDP"}}
%MSG
%MSG-i configureMessageFacility:  CoreSupervisorBase 09-Nov-2018 08:58:20 CST  pre-events configureMessageFacility.cc:286
Message Facility Application CoreSupervisorBase configured with: debugModules:["*"] destinations:{file:{append:false directory:"/home/mu2edaq/sync_demo/ots/srcs/otsdaq_mu2e/Data/Logs/CoreSupervisorBase" pattern:"CoreSupervisorBase-%?H%t-%p.log" seperator:"-" threshold:"DEBUG" timestamp_pattern:"%Y%m%d%H%M%S" type:"GenFile"} udp:{host:"192.168.157.6" port:30000 threshold:"DEBUG" type:"UDP"}}
%MSG
%MSG-i DTCFrontEndInterface:  Early 09-Nov-2018 08:59:10 CST pre-events
otsdaq_mu2e/otsdaq-mu2e/FEInterfaces/DTCFrontEndInterface_interface.cc [73]	DTCFrontEndInterface instantiated with name: DTC0 dtc_location_in_chain_ = 0 talking to /dev/mu2e0
%MSG
%MSG-i DTCFrontEndInterface:  Early 09-Nov-2018 09:00:05 CST pre-events
otsdaq_mu2e/otsdaq-mu2e/FEInterfaces/DTCFrontEndInterface_interface.cc [575]	DTC0 configured
%MSG
%MSG-i DTCFrontEndInterface:  Early 09-Nov-2018 09:00:05 CST pre-events
otsdaq_mu2e/otsdaq-mu2e/FEInterfaces/DTCFrontEndInterface_interface.cc [578]	DTC0 links OK 0xc3
%MSG
%MSG-i DTCFrontEndInterface:  Early 09-Nov-2018 09:00:31 CST pre-events
otsdaq_mu2e/otsdaq-mu2e/FEInterfaces/DTCFrontEndInterface_interface.cc [575]	DTC0 configured
%MSG
%MSG-i DTCFrontEndInterface:  Early 09-Nov-2018 09:00:31 CST pre-events
otsdaq_mu2e/otsdaq-mu2e/FEInterfaces/DTCFrontEndInterface_interface.cc [578]	DTC0 links OK 0xc3
%MSG
%MSG-i DTCFrontEndInterface:  Early 09-Nov-2018 09:00:57 CST pre-events
otsdaq_mu2e/otsdaq-mu2e/FEInterfaces/DTCFrontEndInterface_interface.cc [575]	DTC0 configured
%MSG
%MSG-i DTCFrontEndInterface:  Early 09-Nov-2018 09:00:57 CST pre-events
otsdaq_mu2e/otsdaq-mu2e/FEInterfaces/DTCFrontEndInterface_interface.cc [578]	DTC0 links OK 0xc3
%MSG
%MSG-i DTCFrontEndInterface:  Early 09-Nov-2018 09:01:23 CST pre-events
otsdaq_mu2e/otsdaq-mu2e/FEInterfaces/DTCFrontEndInterface_interface.cc [575]	DTC0 configured
%MSG
%MSG-i DTCFrontEndInterface:  Early 09-Nov-2018 09:01:23 CST pre-events
otsdaq_mu2e/otsdaq-mu2e/FEInterfaces/DTCFrontEndInterface_interface.cc [578]	DTC0 links OK 0xc3
%MSG
%MSG-i DTCFrontEndInterface:  Early 09-Nov-2018 09:01:49 CST pre-events
otsdaq_mu2e/otsdaq-mu2e/FEInterfaces/DTCFrontEndInterface_interface.cc [575]	DTC0 configured
%MSG
%MSG-i DTCFrontEndInterface:  Early 09-Nov-2018 09:01:49 CST pre-events
otsdaq_mu2e/otsdaq-mu2e/FEInterfaces/DTCFrontEndInterface_interface.cc [578]	DTC0 links OK 0xc3
%MSG
%MSG-i DTCFrontEndInterface:  Early 09-Nov-2018 09:02:15 CST pre-events
otsdaq_mu2e/otsdaq-mu2e/FEInterfaces/DTCFrontEndInterface_interface.cc [575]	DTC0 configured
%MSG
%MSG-i DTCFrontEndInterface:  Early 09-Nov-2018 09:02:15 CST pre-events
otsdaq_mu2e/otsdaq-mu2e/FEInterfaces/DTCFrontEndInterface_interface.cc [578]	DTC0 links OK 0xc3
%MSG
%MSG-i DTCFrontEndInterface:  Early 09-Nov-2018 09:02:41 CST pre-events
otsdaq_mu2e/otsdaq-mu2e/FEInterfaces/DTCFrontEndInterface_interface.cc [575]	DTC0 configured
%MSG
%MSG-i DTCFrontEndInterface:  Early 09-Nov-2018 09:02:41 CST pre-events
otsdaq_mu2e/otsdaq-mu2e/FEInterfaces/DTCFrontEndInterface_interface.cc [578]	DTC0 links OK 0xc3
%MSG
%MSG-i DTCFrontEndInterface:  Early 09-Nov-2018 09:03:07 CST pre-events
otsdaq_mu2e/otsdaq-mu2e/FEInterfaces/DTCFrontEndInterface_interface.cc [575]	DTC0 configured
%MSG
%MSG-i DTCFrontEndInterface:  Early 09-Nov-2018 09:03:07 CST pre-events
otsdaq_mu2e/otsdaq-mu2e/FEInterfaces/DTCFrontEndInterface_interface.cc [578]	DTC0 links OK 0xc3
%MSG
%MSG-i DTCFrontEndInterface:  Early 09-Nov-2018 09:03:33 CST pre-events
otsdaq_mu2e/otsdaq-mu2e/FEInterfaces/DTCFrontEndInterface_interface.cc [575]	DTC0 configured
%MSG
%MSG-i DTCFrontEndInterface:  Early 09-Nov-2018 09:03:33 CST pre-events
otsdaq_mu2e/otsdaq-mu2e/FEInterfaces/DTCFrontEndInterface_interface.cc [578]	DTC0 links OK 0xc3
%MSG
%MSG-i DTCFrontEndInterface:  Early 09-Nov-2018 09:03:59 CST pre-events
otsdaq_mu2e/otsdaq-mu2e/FEInterfaces/DTCFrontEndInterface_interface.cc [575]	DTC0 configured
%MSG
%MSG-i DTCFrontEndInterface:  Early 09-Nov-2018 09:03:59 CST pre-events
otsdaq_mu2e/otsdaq-mu2e/FEInterfaces/DTCFrontEndInterface_interface.cc [578]	DTC0 links OK 0xc3
%MSG
%MSG-i DTCFrontEndInterface:  Early 09-Nov-2018 09:04:25 CST pre-events
otsdaq_mu2e/otsdaq-mu2e/FEInterfaces/DTCFrontEndInterface_interface.cc [575]	DTC0 configured
%MSG
%MSG-i DTCFrontEndInterface:  Early 09-Nov-2018 09:04:25 CST pre-events
otsdaq_mu2e/otsdaq-mu2e/FEInterfaces/DTCFrontEndInterface_interface.cc [578]	DTC0 links OK 0xc3
%MSG
%MSG-i DTCFrontEndInterface:  Early 09-Nov-2018 09:04:51 CST pre-events
otsdaq_mu2e/otsdaq-mu2e/FEInterfaces/DTCFrontEndInterface_interface.cc [575]	DTC0 configured
%MSG
%MSG-i DTCFrontEndInterface:  Early 09-Nov-2018 09:04:51 CST pre-events
otsdaq_mu2e/otsdaq-mu2e/FEInterfaces/DTCFrontEndInterface_interface.cc [578]	DTC0 links OK 0xc3
%MSG
%MSG-i DTCFrontEndInterface:  Early 09-Nov-2018 09:05:17 CST pre-events
otsdaq_mu2e/otsdaq-mu2e/FEInterfaces/DTCFrontEndInterface_interface.cc [575]	DTC0 configured
%MSG
%MSG-i DTCFrontEndInterface:  Early 09-Nov-2018 09:05:17 CST pre-events
otsdaq_mu2e/otsdaq-mu2e/FEInterfaces/DTCFrontEndInterface_interface.cc [578]	DTC0 links OK 0xc3
%MSG
%MSG-i DTCFrontEndInterface:  Early 09-Nov-2018 09:05:43 CST pre-events
otsdaq_mu2e/otsdaq-mu2e/FEInterfaces/DTCFrontEndInterface_interface.cc [575]	DTC0 configured
%MSG
%MSG-i DTCFrontEndInterface:  Early 09-Nov-2018 09:05:43 CST pre-events
otsdaq_mu2e/otsdaq-mu2e/FEInterfaces/DTCFrontEndInterface_interface.cc [578]	DTC0 links OK 0xc3
%MSG
%MSG-i DTCFrontEndInterface:  Early 09-Nov-2018 09:06:09 CST pre-events
otsdaq_mu2e/otsdaq-mu2e/FEInterfaces/DTCFrontEndInterface_interface.cc [575]	DTC0 configured
%MSG
%MSG-i DTCFrontEndInterface:  Early 09-Nov-2018 09:06:09 CST pre-events
otsdaq_mu2e/otsdaq-mu2e/FEInterfaces/DTCFrontEndInterface_interface.cc [578]	DTC0 links OK 0xc3
%MSG
%MSG-i DTCFrontEndInterface:  Early 09-Nov-2018 09:06:35 CST pre-events
otsdaq_mu2e/otsdaq-mu2e/FEInterfaces/DTCFrontEndInterface_interface.cc [575]	DTC0 configured
%MSG
%MSG-i DTCFrontEndInterface:  Early 09-Nov-2018 09:06:35 CST pre-events
otsdaq_mu2e/otsdaq-mu2e/FEInterfaces/DTCFrontEndInterface_interface.cc [578]	DTC0 links OK 0xc3
%MSG
%MSG-i DTCFrontEndInterface:  Early 09-Nov-2018 09:07:01 CST pre-events
otsdaq_mu2e/otsdaq-mu2e/FEInterfaces/DTCFrontEndInterface_interface.cc [575]	DTC0 configured
%MSG
%MSG-i DTCFrontEndInterface:  Early 09-Nov-2018 09:07:01 CST pre-events
otsdaq_mu2e/otsdaq-mu2e/FEInterfaces/DTCFrontEndInterface_interface.cc [578]	DTC0 links OK 0xc3
%MSG
%MSG-i DTCFrontEndInterface:  Early 09-Nov-2018 09:07:27 CST pre-events
otsdaq_mu2e/otsdaq-mu2e/FEInterfaces/DTCFrontEndInterface_interface.cc [575]	DTC0 configured
%MSG
%MSG-i DTCFrontEndInterface:  Early 09-Nov-2018 09:07:27 CST pre-events
otsdaq_mu2e/otsdaq-mu2e/FEInterfaces/DTCFrontEndInterface_interface.cc [578]	DTC0 links OK 0xc3
%MSG
%MSG-i DTCFrontEndInterface:  Early 09-Nov-2018 09:07:52 CST pre-events
otsdaq_mu2e/otsdaq-mu2e/FEInterfaces/DTCFrontEndInterface_interface.cc [575]	DTC0 configured
%MSG
%MSG-i DTCFrontEndInterface:  Early 09-Nov-2018 09:07:52 CST pre-events
otsdaq_mu2e/otsdaq-mu2e/FEInterfaces/DTCFrontEndInterface_interface.cc [578]	DTC0 links OK 0xc3
%MSG
%MSG-i DTCFrontEndInterface:  Early 09-Nov-2018 09:08:18 CST pre-events
otsdaq_mu2e/otsdaq-mu2e/FEInterfaces/DTCFrontEndInterface_interface.cc [575]	DTC0 configured
%MSG
%MSG-i DTCFrontEndInterface:  Early 09-Nov-2018 09:08:18 CST pre-events
otsdaq_mu2e/otsdaq-mu2e/FEInterfaces/DTCFrontEndInterface_interface.cc [578]	DTC0 links OK 0xc3
%MSG
%MSG-i DTCFrontEndInterface:  Early 09-Nov-2018 09:08:45 CST pre-events
otsdaq_mu2e/otsdaq-mu2e/FEInterfaces/DTCFrontEndInterface_interface.cc [575]	DTC0 configured
%MSG
%MSG-i DTCFrontEndInterface:  Early 09-Nov-2018 09:08:45 CST pre-events
otsdaq_mu2e/otsdaq-mu2e/FEInterfaces/DTCFrontEndInterface_interface.cc [578]	DTC0 links OK 0xc3
%MSG
%MSG-i DTCFrontEndInterface:  Early 09-Nov-2018 09:09:11 CST pre-events
otsdaq_mu2e/otsdaq-mu2e/FEInterfaces/DTCFrontEndInterface_interface.cc [575]	DTC0 configured
%MSG
%MSG-i DTCFrontEndInterface:  Early 09-Nov-2018 09:09:11 CST pre-events
otsdaq_mu2e/otsdaq-mu2e/FEInterfaces/DTCFrontEndInterface_interface.cc [578]	DTC0 links OK 0xc3
%MSG
%MSG-i DTCFrontEndInterface:  Early 09-Nov-2018 09:09:37 CST pre-events
otsdaq_mu2e/otsdaq-mu2e/FEInterfaces/DTCFrontEndInterface_interface.cc [575]	DTC0 configured
%MSG
%MSG-i DTCFrontEndInterface:  Early 09-Nov-2018 09:09:37 CST pre-events
otsdaq_mu2e/otsdaq-mu2e/FEInterfaces/DTCFrontEndInterface_interface.cc [578]	DTC0 links OK 0xc3
%MSG
%MSG-i DTCFrontEndInterface:  Early 09-Nov-2018 09:10:03 CST pre-events
otsdaq_mu2e/otsdaq-mu2e/FEInterfaces/DTCFrontEndInterface_interface.cc [575]	DTC0 configured
%MSG
%MSG-i DTCFrontEndInterface:  Early 09-Nov-2018 09:10:03 CST pre-events
otsdaq_mu2e/otsdaq-mu2e/FEInterfaces/DTCFrontEndInterface_interface.cc [578]	DTC0 links OK 0xc3
%MSG
%MSG-i DTCFrontEndInterface:  Early 09-Nov-2018 09:10:29 CST pre-events
otsdaq_mu2e/otsdaq-mu2e/FEInterfaces/DTCFrontEndInterface_interface.cc [575]	DTC0 configured
%MSG
%MSG-i DTCFrontEndInterface:  Early 09-Nov-2018 09:10:29 CST pre-events
otsdaq_mu2e/otsdaq-mu2e/FEInterfaces/DTCFrontEndInterface_interface.cc [578]	DTC0 links OK 0xc3
%MSG
%MSG-i DTCFrontEndInterface:  Early 09-Nov-2018 09:10:55 CST pre-events
otsdaq_mu2e/otsdaq-mu2e/FEInterfaces/DTCFrontEndInterface_interface.cc [575]	DTC0 configured
%MSG
%MSG-i DTCFrontEndInterface:  Early 09-Nov-2018 09:10:55 CST pre-events
otsdaq_mu2e/otsdaq-mu2e/FEInterfaces/DTCFrontEndInterface_interface.cc [578]	DTC0 links OK 0xc3
%MSG
%MSG-i DTCFrontEndInterface:  Early 09-Nov-2018 09:11:21 CST pre-events
otsdaq_mu2e/otsdaq-mu2e/FEInterfaces/DTCFrontEndInterface_interface.cc [575]	DTC0 configured
%MSG
%MSG-i DTCFrontEndInterface:  Early 09-Nov-2018 09:11:21 CST pre-events
otsdaq_mu2e/otsdaq-mu2e/FEInterfaces/DTCFrontEndInterface_interface.cc [578]	DTC0 links OK 0xc3
%MSG
%MSG-i DTCFrontEndInterface:  Early 09-Nov-2018 09:11:47 CST pre-events
otsdaq_mu2e/otsdaq-mu2e/FEInterfaces/DTCFrontEndInterface_interface.cc [575]	DTC0 configured
%MSG
%MSG-i DTCFrontEndInterface:  Early 09-Nov-2018 09:11:47 CST pre-events
otsdaq_mu2e/otsdaq-mu2e/FEInterfaces/DTCFrontEndInterface_interface.cc [578]	DTC0 links OK 0xc3
%MSG
%MSG-i DTCFrontEndInterface:  Early 09-Nov-2018 09:12:13 CST pre-events
otsdaq_mu2e/otsdaq-mu2e/FEInterfaces/DTCFrontEndInterface_interface.cc [575]	DTC0 configured
%MSG
%MSG-i DTCFrontEndInterface:  Early 09-Nov-2018 09:12:13 CST pre-events
otsdaq_mu2e/otsdaq-mu2e/FEInterfaces/DTCFrontEndInterface_interface.cc [578]	DTC0 links OK 0xc3
%MSG
%MSG-i DTCFrontEndInterface:  Early 09-Nov-2018 09:12:39 CST pre-events
otsdaq_mu2e/otsdaq-mu2e/FEInterfaces/DTCFrontEndInterface_interface.cc [575]	DTC0 configured
%MSG
%MSG-i DTCFrontEndInterface:  Early 09-Nov-2018 09:12:39 CST pre-events
otsdaq_mu2e/otsdaq-mu2e/FEInterfaces/DTCFrontEndInterface_interface.cc [578]	DTC0 links OK 0xc3
%MSG
%MSG-d ots:  Early 09-Nov-2018 09:13:16 CST pre-events
otsdaq/otsdaq-core/WorkLoopManager/WorkLoop.cc [26]	Destroying WorkLoop: DTC0-SlowControls
%MSG
%MSG-d ots:  Early 09-Nov-2018 09:13:16 CST pre-events
otsdaq/otsdaq-core/WorkLoopManager/WorkLoop.cc [29]	Destroyed WorkLoop: DTC0-SlowControls
%MSG
%MSG-d ots:  Early 09-Nov-2018 09:13:16 CST pre-events
otsdaq/otsdaq-core/WorkLoopManager/WorkLoop.cc [26]	Destroying WorkLoop: DTC0
%MSG
%MSG-d ots:  Early 09-Nov-2018 09:13:16 CST pre-events
otsdaq/otsdaq-core/WorkLoopManager/WorkLoop.cc [29]	Destroyed WorkLoop: DTC0
%MSG
%MSG-i DTCFrontEndInterface:  Early 09-Nov-2018 09:13:33 CST pre-events
otsdaq_mu2e/otsdaq-mu2e/FEInterfaces/DTCFrontEndInterface_interface.cc [73]	DTCFrontEndInterface instantiated with name: DTC0 dtc_location_in_chain_ = 0 talking to /dev/mu2e0
%MSG
%MSG-i DTCFrontEndInterface:  Early 09-Nov-2018 09:14:28 CST pre-events
otsdaq_mu2e/otsdaq-mu2e/FEInterfaces/DTCFrontEndInterface_interface.cc [575]	DTC0 configured
%MSG
%MSG-i DTCFrontEndInterface:  Early 09-Nov-2018 09:14:28 CST pre-events
otsdaq_mu2e/otsdaq-mu2e/FEInterfaces/DTCFrontEndInterface_interface.cc [578]	DTC0 links OK 0xc3
%MSG
%MSG-i DTCFrontEndInterface:  Early 09-Nov-2018 09:14:54 CST pre-events
otsdaq_mu2e/otsdaq-mu2e/FEInterfaces/DTCFrontEndInterface_interface.cc [575]	DTC0 configured
%MSG
%MSG-i DTCFrontEndInterface:  Early 09-Nov-2018 09:14:54 CST pre-events
otsdaq_mu2e/otsdaq-mu2e/FEInterfaces/DTCFrontEndInterface_interface.cc [578]	DTC0 links OK 0xc3
%MSG
%MSG-i DTCFrontEndInterface:  Early 09-Nov-2018 09:15:20 CST pre-events
otsdaq_mu2e/otsdaq-mu2e/FEInterfaces/DTCFrontEndInterface_interface.cc [575]	DTC0 configured
%MSG
%MSG-i DTCFrontEndInterface:  Early 09-Nov-2018 09:15:20 CST pre-events
otsdaq_mu2e/otsdaq-mu2e/FEInterfaces/DTCFrontEndInterface_interface.cc [578]	DTC0 links OK 0xc3
%MSG
%MSG-i DTCFrontEndInterface:  Early 09-Nov-2018 09:15:46 CST pre-events
otsdaq_mu2e/otsdaq-mu2e/FEInterfaces/DTCFrontEndInterface_interface.cc [575]	DTC0 configured
%MSG
%MSG-i DTCFrontEndInterface:  Early 09-Nov-2018 09:15:46 CST pre-events
otsdaq_mu2e/otsdaq-mu2e/FEInterfaces/DTCFrontEndInterface_interface.cc [578]	DTC0 links OK 0xc3
%MSG
%MSG-i DTCFrontEndInterface:  Early 09-Nov-2018 09:16:12 CST pre-events
otsdaq_mu2e/otsdaq-mu2e/FEInterfaces/DTCFrontEndInterface_interface.cc [575]	DTC0 configured
%MSG
%MSG-i DTCFrontEndInterface:  Early 09-Nov-2018 09:16:12 CST pre-events
otsdaq_mu2e/otsdaq-mu2e/FEInterfaces/DTCFrontEndInterface_interface.cc [578]	DTC0 links OK 0xc3
%MSG
%MSG-i DTCFrontEndInterface:  Early 09-Nov-2018 09:16:38 CST pre-events
otsdaq_mu2e/otsdaq-mu2e/FEInterfaces/DTCFrontEndInterface_interface.cc [575]	DTC0 configured
%MSG
%MSG-i DTCFrontEndInterface:  Early 09-Nov-2018 09:16:38 CST pre-events
otsdaq_mu2e/otsdaq-mu2e/FEInterfaces/DTCFrontEndInterface_interface.cc [578]	DTC0 links OK 0xc3
%MSG
%MSG-i DTCFrontEndInterface:  Early 09-Nov-2018 09:17:04 CST pre-events
otsdaq_mu2e/otsdaq-mu2e/FEInterfaces/DTCFrontEndInterface_interface.cc [575]	DTC0 configured
%MSG
%MSG-i DTCFrontEndInterface:  Early 09-Nov-2018 09:17:04 CST pre-events
otsdaq_mu2e/otsdaq-mu2e/FEInterfaces/DTCFrontEndInterface_interface.cc [578]	DTC0 links OK 0xc3
%MSG
%MSG-i DTCFrontEndInterface:  Early 09-Nov-2018 09:17:30 CST pre-events
otsdaq_mu2e/otsdaq-mu2e/FEInterfaces/DTCFrontEndInterface_interface.cc [575]	DTC0 configured
%MSG
%MSG-i DTCFrontEndInterface:  Early 09-Nov-2018 09:17:30 CST pre-events
otsdaq_mu2e/otsdaq-mu2e/FEInterfaces/DTCFrontEndInterface_interface.cc [578]	DTC0 links OK 0xc3
%MSG
%MSG-i DTCFrontEndInterface:  Early 09-Nov-2018 09:17:56 CST pre-events
otsdaq_mu2e/otsdaq-mu2e/FEInterfaces/DTCFrontEndInterface_interface.cc [575]	DTC0 configured
%MSG
%MSG-i DTCFrontEndInterface:  Early 09-Nov-2018 09:17:56 CST pre-events
otsdaq_mu2e/otsdaq-mu2e/FEInterfaces/DTCFrontEndInterface_interface.cc [578]	DTC0 links OK 0xc3
%MSG
%MSG-i DTCFrontEndInterface:  Early 09-Nov-2018 09:18:22 CST pre-events
otsdaq_mu2e/otsdaq-mu2e/FEInterfaces/DTCFrontEndInterface_interface.cc [575]	DTC0 configured
%MSG
%MSG-i DTCFrontEndInterface:  Early 09-Nov-2018 09:18:22 CST pre-events
otsdaq_mu2e/otsdaq-mu2e/FEInterfaces/DTCFrontEndInterface_interface.cc [578]	DTC0 links OK 0xc3
%MSG
%MSG-i DTCFrontEndInterface:  Early 09-Nov-2018 09:18:48 CST pre-events
otsdaq_mu2e/otsdaq-mu2e/FEInterfaces/DTCFrontEndInterface_interface.cc [575]	DTC0 configured
%MSG
%MSG-i DTCFrontEndInterface:  Early 09-Nov-2018 09:18:48 CST pre-events
otsdaq_mu2e/otsdaq-mu2e/FEInterfaces/DTCFrontEndInterface_interface.cc [578]	DTC0 links OK 0xc3
%MSG
%MSG-i DTCFrontEndInterface:  Early 09-Nov-2018 09:19:14 CST pre-events
otsdaq_mu2e/otsdaq-mu2e/FEInterfaces/DTCFrontEndInterface_interface.cc [575]	DTC0 configured
%MSG
%MSG-i DTCFrontEndInterface:  Early 09-Nov-2018 09:19:14 CST pre-events
otsdaq_mu2e/otsdaq-mu2e/FEInterfaces/DTCFrontEndInterface_interface.cc [578]	DTC0 links OK 0xc3
%MSG
%MSG-i DTCFrontEndInterface:  Early 09-Nov-2018 09:19:40 CST pre-events
otsdaq_mu2e/otsdaq-mu2e/FEInterfaces/DTCFrontEndInterface_interface.cc [575]	DTC0 configured
%MSG
%MSG-i DTCFrontEndInterface:  Early 09-Nov-2018 09:19:40 CST pre-events
otsdaq_mu2e/otsdaq-mu2e/FEInterfaces/DTCFrontEndInterface_interface.cc [578]	DTC0 links OK 0xc3
%MSG
%MSG-i DTCFrontEndInterface:  Early 09-Nov-2018 09:20:05 CST pre-events
otsdaq_mu2e/otsdaq-mu2e/FEInterfaces/DTCFrontEndInterface_interface.cc [575]	DTC0 configured
%MSG
%MSG-i DTCFrontEndInterface:  Early 09-Nov-2018 09:20:05 CST pre-events
otsdaq_mu2e/otsdaq-mu2e/FEInterfaces/DTCFrontEndInterface_interface.cc [578]	DTC0 links OK 0xc3
%MSG
%MSG-i DTCFrontEndInterface:  Early 09-Nov-2018 09:20:31 CST pre-events
otsdaq_mu2e/otsdaq-mu2e/FEInterfaces/DTCFrontEndInterface_interface.cc [575]	DTC0 configured
%MSG
%MSG-i DTCFrontEndInterface:  Early 09-Nov-2018 09:20:31 CST pre-events
otsdaq_mu2e/otsdaq-mu2e/FEInterfaces/DTCFrontEndInterface_interface.cc [578]	DTC0 links OK 0xc3
%MSG
%MSG-i DTCFrontEndInterface:  Early 09-Nov-2018 09:20:57 CST pre-events
otsdaq_mu2e/otsdaq-mu2e/FEInterfaces/DTCFrontEndInterface_interface.cc [575]	DTC0 configured
%MSG
%MSG-i DTCFrontEndInterface:  Early 09-Nov-2018 09:20:57 CST pre-events
otsdaq_mu2e/otsdaq-mu2e/FEInterfaces/DTCFrontEndInterface_interface.cc [578]	DTC0 links OK 0xc3
%MSG
%MSG-i DTCFrontEndInterface:  Early 09-Nov-2018 09:21:23 CST pre-events
otsdaq_mu2e/otsdaq-mu2e/FEInterfaces/DTCFrontEndInterface_interface.cc [575]	DTC0 configured
%MSG
%MSG-i DTCFrontEndInterface:  Early 09-Nov-2018 09:21:23 CST pre-events
otsdaq_mu2e/otsdaq-mu2e/FEInterfaces/DTCFrontEndInterface_interface.cc [578]	DTC0 links OK 0xc3
%MSG
%MSG-i DTCFrontEndInterface:  Early 09-Nov-2018 09:21:50 CST pre-events
otsdaq_mu2e/otsdaq-mu2e/FEInterfaces/DTCFrontEndInterface_interface.cc [575]	DTC0 configured
%MSG
%MSG-i DTCFrontEndInterface:  Early 09-Nov-2018 09:21:50 CST pre-events
otsdaq_mu2e/otsdaq-mu2e/FEInterfaces/DTCFrontEndInterface_interface.cc [578]	DTC0 links OK 0xc3
%MSG
%MSG-i DTCFrontEndInterface:  Early 09-Nov-2018 09:22:16 CST pre-events
otsdaq_mu2e/otsdaq-mu2e/FEInterfaces/DTCFrontEndInterface_interface.cc [575]	DTC0 configured
%MSG
%MSG-i DTCFrontEndInterface:  Early 09-Nov-2018 09:22:16 CST pre-events
otsdaq_mu2e/otsdaq-mu2e/FEInterfaces/DTCFrontEndInterface_interface.cc [578]	DTC0 links OK 0xc3
%MSG
%MSG-i DTCFrontEndInterface:  Early 09-Nov-2018 09:22:42 CST pre-events
otsdaq_mu2e/otsdaq-mu2e/FEInterfaces/DTCFrontEndInterface_interface.cc [575]	DTC0 configured
%MSG
%MSG-i DTCFrontEndInterface:  Early 09-Nov-2018 09:22:42 CST pre-events
otsdaq_mu2e/otsdaq-mu2e/FEInterfaces/DTCFrontEndInterface_interface.cc [578]	DTC0 links OK 0xc3
%MSG
%MSG-i DTCFrontEndInterface:  Early 09-Nov-2018 09:23:08 CST pre-events
otsdaq_mu2e/otsdaq-mu2e/FEInterfaces/DTCFrontEndInterface_interface.cc [575]	DTC0 configured
%MSG
%MSG-i DTCFrontEndInterface:  Early 09-Nov-2018 09:23:08 CST pre-events
otsdaq_mu2e/otsdaq-mu2e/FEInterfaces/DTCFrontEndInterface_interface.cc [578]	DTC0 links OK 0xc3
%MSG
%MSG-i DTCFrontEndInterface:  Early 09-Nov-2018 09:23:34 CST pre-events
otsdaq_mu2e/otsdaq-mu2e/FEInterfaces/DTCFrontEndInterface_interface.cc [575]	DTC0 configured
%MSG
%MSG-i DTCFrontEndInterface:  Early 09-Nov-2018 09:23:34 CST pre-events
otsdaq_mu2e/otsdaq-mu2e/FEInterfaces/DTCFrontEndInterface_interface.cc [578]	DTC0 links OK 0xc3
%MSG
%MSG-i DTCFrontEndInterface:  Early 09-Nov-2018 09:24:00 CST pre-events
otsdaq_mu2e/otsdaq-mu2e/FEInterfaces/DTCFrontEndInterface_interface.cc [575]	DTC0 configured
%MSG
%MSG-i DTCFrontEndInterface:  Early 09-Nov-2018 09:24:00 CST pre-events
otsdaq_mu2e/otsdaq-mu2e/FEInterfaces/DTCFrontEndInterface_interface.cc [578]	DTC0 links OK 0xc3
%MSG
%MSG-i DTCFrontEndInterface:  Early 09-Nov-2018 09:24:26 CST pre-events
otsdaq_mu2e/otsdaq-mu2e/FEInterfaces/DTCFrontEndInterface_interface.cc [575]	DTC0 configured
%MSG
%MSG-i DTCFrontEndInterface:  Early 09-Nov-2018 09:24:26 CST pre-events
otsdaq_mu2e/otsdaq-mu2e/FEInterfaces/DTCFrontEndInterface_interface.cc [578]	DTC0 links OK 0xc3
%MSG
%MSG-i DTCFrontEndInterface:  Early 09-Nov-2018 09:24:52 CST pre-events
otsdaq_mu2e/otsdaq-mu2e/FEInterfaces/DTCFrontEndInterface_interface.cc [575]	DTC0 configured
%MSG
%MSG-i DTCFrontEndInterface:  Early 09-Nov-2018 09:24:52 CST pre-events
otsdaq_mu2e/otsdaq-mu2e/FEInterfaces/DTCFrontEndInterface_interface.cc [578]	DTC0 links OK 0xc3
%MSG
%MSG-i DTCFrontEndInterface:  Early 09-Nov-2018 09:25:18 CST pre-events
otsdaq_mu2e/otsdaq-mu2e/FEInterfaces/DTCFrontEndInterface_interface.cc [575]	DTC0 configured
%MSG
%MSG-i DTCFrontEndInterface:  Early 09-Nov-2018 09:25:18 CST pre-events
otsdaq_mu2e/otsdaq-mu2e/FEInterfaces/DTCFrontEndInterface_interface.cc [578]	DTC0 links OK 0xc3
%MSG
%MSG-i DTCFrontEndInterface:  Early 09-Nov-2018 09:25:44 CST pre-events
otsdaq_mu2e/otsdaq-mu2e/FEInterfaces/DTCFrontEndInterface_interface.cc [575]	DTC0 configured
%MSG
%MSG-i DTCFrontEndInterface:  Early 09-Nov-2018 09:25:44 CST pre-events
otsdaq_mu2e/otsdaq-mu2e/FEInterfaces/DTCFrontEndInterface_interface.cc [578]	DTC0 links OK 0xc3
%MSG
%MSG-i DTCFrontEndInterface:  Early 09-Nov-2018 09:26:10 CST pre-events
otsdaq_mu2e/otsdaq-mu2e/FEInterfaces/DTCFrontEndInterface_interface.cc [575]	DTC0 configured
%MSG
%MSG-i DTCFrontEndInterface:  Early 09-Nov-2018 09:26:10 CST pre-events
otsdaq_mu2e/otsdaq-mu2e/FEInterfaces/DTCFrontEndInterface_interface.cc [578]	DTC0 links OK 0xc3
%MSG
%MSG-i DTCFrontEndInterface:  Early 09-Nov-2018 09:26:36 CST pre-events
otsdaq_mu2e/otsdaq-mu2e/FEInterfaces/DTCFrontEndInterface_interface.cc [575]	DTC0 configured
%MSG
%MSG-i DTCFrontEndInterface:  Early 09-Nov-2018 09:26:36 CST pre-events
otsdaq_mu2e/otsdaq-mu2e/FEInterfaces/DTCFrontEndInterface_interface.cc [578]	DTC0 links OK 0xc3
%MSG
%MSG-i DTCFrontEndInterface:  Early 09-Nov-2018 09:27:02 CST pre-events
otsdaq_mu2e/otsdaq-mu2e/FEInterfaces/DTCFrontEndInterface_interface.cc [575]	DTC0 configured
%MSG
%MSG-i DTCFrontEndInterface:  Early 09-Nov-2018 09:27:02 CST pre-events
otsdaq_mu2e/otsdaq-mu2e/FEInterfaces/DTCFrontEndInterface_interface.cc [578]	DTC0 links OK 0xc3
%MSG
