%MSG-i configureMessageFacility:  CorePropertySupervisorBase  13-Nov-2018 15:05:31 CST pre-events configureMessageFacility.cc:286
Message Facility Application CorePropertySupervisorBase configured with: debugModules:["*"] destinations:{file:{append:false directory:"/home/mu2edaq/sync_demo/ots/srcs/otsdaq_mu2e/Data/Logs/CorePropertySupervisorBase" pattern:"CorePropertySupervisorBase-%?H%t-%p.log" seperator:"-" threshold:"DEBUG" timestamp_pattern:"%Y%m%d%H%M%S" type:"GenFile"} udp:{host:"192.168.157.6" port:30000 threshold:"DEBUG" type:"UDP"}}
%MSG
%MSG-i _TCPConnect:  CorePropertySupervisorBase 13-Nov-2018 15:05:31 CST  pre-events TCPConnect.cc:334
Resolving host 192.168.157.6, on port 30000
%MSG
%MSG-i _TCPConnect:  CorePropertySupervisorBase 13-Nov-2018 15:05:31 CST  pre-events TCPConnect.cc:241
Resolving ip mu2edaq06.fnal.gov
%MSG
%MSG-i configureMessageFacility:  RunControlStateMachine  13-Nov-2018 15:05:31 CST pre-events configureMessageFacility.cc:286
Message Facility Application RunControlStateMachine configured with: debugModules:["*"] destinations:{file:{append:false directory:"/home/mu2edaq/sync_demo/ots/srcs/otsdaq_mu2e/Data/Logs/RunControlStateMachine" pattern:"RunControlStateMachine-%?H%t-%p.log" seperator:"-" threshold:"DEBUG" timestamp_pattern:"%Y%m%d%H%M%S" type:"GenFile"} udp:{host:"192.168.157.6" port:30000 threshold:"DEBUG" type:"UDP"}}
%MSG
%MSG-i configureMessageFacility:  CoreSupervisorBase 13-Nov-2018 15:05:31 CST  pre-events configureMessageFacility.cc:286
Message Facility Application CoreSupervisorBase configured with: debugModules:["*"] destinations:{file:{append:false directory:"/home/mu2edaq/sync_demo/ots/srcs/otsdaq_mu2e/Data/Logs/CoreSupervisorBase" pattern:"CoreSupervisorBase-%?H%t-%p.log" seperator:"-" threshold:"DEBUG" timestamp_pattern:"%Y%m%d%H%M%S" type:"GenFile"} udp:{host:"192.168.157.6" port:30000 threshold:"DEBUG" type:"UDP"}}
%MSG
%MSG-i DTCFrontEndInterface:  Early 13-Nov-2018 15:06:49 CST pre-events
otsdaq_mu2e/otsdaq-mu2e/FEInterfaces/DTCFrontEndInterface_interface.cc [73]	DTCFrontEndInterface instantiated with name: DTC1 dtc_location_in_chain_ = 1 talking to /dev/mu2e0
%MSG
%MSG-i DTCFrontEndInterface:  Early 13-Nov-2018 15:06:49 CST pre-events
otsdaq_mu2e/otsdaq-mu2e/FEInterfaces/DTCFrontEndInterface_interface.cc [419]	DTC1 reset clock...
%MSG
%MSG-i DTCFrontEndInterface:  Early 13-Nov-2018 15:07:04 CST pre-events
otsdaq_mu2e/otsdaq-mu2e/FEInterfaces/DTCFrontEndInterface_interface.cc [457]	DTC1 configure Jitter Attenuator...
%MSG
%MSG-i DTCFrontEndInterface:  Early 13-Nov-2018 15:07:41 CST pre-events
otsdaq_mu2e/otsdaq-mu2e/FEInterfaces/DTCFrontEndInterface_interface.cc [579]	DTC1 configured
%MSG
%MSG-i DTCFrontEndInterface:  Early 13-Nov-2018 15:07:41 CST pre-events
otsdaq_mu2e/otsdaq-mu2e/FEInterfaces/DTCFrontEndInterface_interface.cc [582]	DTC1 links OK 0xc3
%MSG
%MSG-d ots:  Early 13-Nov-2018 15:09:24 CST pre-events
otsdaq/otsdaq-core/FECore/FEVInterfacesManager.cc [328]	Launching FE Macro 'ROC_Read' ...
%MSG
%MSG-d ots:  Early 13-Nov-2018 15:09:37 CST pre-events
otsdaq/otsdaq-core/FECore/FEVInterfacesManager.cc [328]	Launching FE Macro 'ROC_Read' ...
%MSG
%MSG-d ots:  Early 13-Nov-2018 15:09:42 CST pre-events
otsdaq/otsdaq-core/FECore/FEVInterfacesManager.cc [328]	Launching FE Macro 'ROC_Read' ...
%MSG
%MSG-d ots:  Early 13-Nov-2018 15:09:43 CST pre-events
otsdaq/otsdaq-core/FECore/FEVInterfacesManager.cc [328]	Launching FE Macro 'ROC_Read' ...
%MSG
%MSG-d ots:  Early 13-Nov-2018 15:11:10 CST pre-events
otsdaq/otsdaq-core/FECore/FEVInterfacesManager.cc [328]	Launching FE Macro 'ROC_Read' ...
%MSG
%MSG-d ots:  Early 13-Nov-2018 15:11:10 CST pre-events
otsdaq/otsdaq-core/FECore/FEVInterfacesManager.cc [328]	Launching FE Macro 'ROC_Read' ...
%MSG
%MSG-d ots:  Early 13-Nov-2018 15:11:10 CST pre-events
otsdaq/otsdaq-core/FECore/FEVInterfacesManager.cc [328]	Launching FE Macro 'ROC_Read' ...
%MSG
%MSG-d ots:  Early 13-Nov-2018 15:11:11 CST pre-events
otsdaq/otsdaq-core/FECore/FEVInterfacesManager.cc [328]	Launching FE Macro 'ROC_Read' ...
%MSG
%MSG-d ots:  Early 13-Nov-2018 15:11:15 CST pre-events
otsdaq/otsdaq-core/FECore/FEVInterfacesManager.cc [328]	Launching FE Macro 'ROC_Read' ...
%MSG
%MSG-d ots:  Early 13-Nov-2018 15:11:15 CST pre-events
otsdaq/otsdaq-core/FECore/FEVInterfacesManager.cc [328]	Launching FE Macro 'ROC_Read' ...
%MSG
%MSG-d ots:  Early 13-Nov-2018 15:11:15 CST pre-events
otsdaq/otsdaq-core/FECore/FEVInterfacesManager.cc [328]	Launching FE Macro 'ROC_Read' ...
%MSG
%MSG-d ots:  Early 13-Nov-2018 15:11:16 CST pre-events
otsdaq/otsdaq-core/FECore/FEVInterfacesManager.cc [328]	Launching FE Macro 'ROC_Read' ...
%MSG
%MSG-d ots:  Early 13-Nov-2018 15:11:16 CST pre-events
otsdaq/otsdaq-core/FECore/FEVInterfacesManager.cc [328]	Launching FE Macro 'ROC_Read' ...
%MSG
%MSG-d ots:  Early 13-Nov-2018 15:11:16 CST pre-events
otsdaq/otsdaq-core/FECore/FEVInterfacesManager.cc [328]	Launching FE Macro 'ROC_Read' ...
%MSG
%MSG-d ots:  Early 13-Nov-2018 15:11:16 CST pre-events
otsdaq/otsdaq-core/FECore/FEVInterfacesManager.cc [328]	Launching FE Macro 'ROC_Read' ...
%MSG
%MSG-d ots:  Early 13-Nov-2018 15:19:28 CST pre-events
otsdaq/otsdaq-core/FECore/FEVInterfacesManager.cc [328]	Launching FE Macro 'ROC_Read' ...
%MSG
%MSG-d ots:  Early 13-Nov-2018 15:19:39 CST pre-events
otsdaq/otsdaq-core/FECore/FEVInterfacesManager.cc [328]	Launching FE Macro 'ROC_ReadBlock' ...
%MSG
%MSG-d ots:  Early 13-Nov-2018 15:19:42 CST pre-events
otsdaq/otsdaq-core/FECore/FEVInterfacesManager.cc [328]	Launching FE Macro 'ROC_ReadBlock' ...
%MSG
%MSG-d ots:  Early 13-Nov-2018 15:19:42 CST pre-events
otsdaq/otsdaq-core/FECore/FEVInterfacesManager.cc [328]	Launching FE Macro 'ROC_ReadBlock' ...
%MSG
%MSG-d ots:  Early 13-Nov-2018 15:19:45 CST pre-events
otsdaq/otsdaq-core/FECore/FEVInterfacesManager.cc [328]	Launching FE Macro 'ROC_ReadBlock' ...
%MSG
%MSG-d ots:  Early 13-Nov-2018 15:19:45 CST pre-events
otsdaq/otsdaq-core/FECore/FEVInterfacesManager.cc [328]	Launching FE Macro 'ROC_ReadBlock' ...
%MSG
%MSG-d ots:  Early 13-Nov-2018 15:20:54 CST pre-events
otsdaq/otsdaq-core/FECore/FEVInterfacesManager.cc [328]	Launching FE Macro 'ROC_Read' ...
%MSG
%MSG-d ots:  Early 13-Nov-2018 15:20:56 CST pre-events
otsdaq/otsdaq-core/FECore/FEVInterfacesManager.cc [328]	Launching FE Macro 'ROC_Read' ...
%MSG
%MSG-d ots:  Early 13-Nov-2018 15:20:56 CST pre-events
otsdaq/otsdaq-core/FECore/FEVInterfacesManager.cc [328]	Launching FE Macro 'ROC_Read' ...
%MSG
%MSG-d ots:  Early 13-Nov-2018 15:20:56 CST pre-events
otsdaq/otsdaq-core/FECore/FEVInterfacesManager.cc [328]	Launching FE Macro 'ROC_Read' ...
%MSG
%MSG-d ots:  Early 13-Nov-2018 15:20:56 CST pre-events
otsdaq/otsdaq-core/FECore/FEVInterfacesManager.cc [328]	Launching FE Macro 'ROC_Read' ...
%MSG
%MSG-d ots:  Early 13-Nov-2018 15:21:01 CST pre-events
otsdaq/otsdaq-core/FECore/FEVInterfacesManager.cc [328]	Launching FE Macro 'ROC_Read' ...
%MSG
%MSG-d ots:  Early 13-Nov-2018 15:21:01 CST pre-events
otsdaq/otsdaq-core/FECore/FEVInterfacesManager.cc [328]	Launching FE Macro 'ROC_Read' ...
%MSG
%MSG-d ots:  Early 13-Nov-2018 15:21:01 CST pre-events
otsdaq/otsdaq-core/FECore/FEVInterfacesManager.cc [328]	Launching FE Macro 'ROC_Read' ...
%MSG
%MSG-d ots:  Early 13-Nov-2018 15:53:25 CST pre-events
otsdaq/otsdaq-core/FECore/FEVInterfacesManager.cc [328]	Launching FE Macro 'ROC_Read' ...
%MSG
%MSG-d ots:  Early 13-Nov-2018 15:53:25 CST pre-events
otsdaq/otsdaq-core/FECore/FEVInterfacesManager.cc [328]	Launching FE Macro 'ROC_Read' ...
%MSG
%MSG-d ots:  Early 13-Nov-2018 15:53:25 CST pre-events
otsdaq/otsdaq-core/FECore/FEVInterfacesManager.cc [328]	Launching FE Macro 'ROC_Read' ...
%MSG
%MSG-d ots:  Early 13-Nov-2018 15:53:28 CST pre-events
otsdaq/otsdaq-core/FECore/FEVInterfacesManager.cc [328]	Launching FE Macro 'ROC_Read' ...
%MSG
%MSG-d ots:  Early 13-Nov-2018 15:53:29 CST pre-events
otsdaq/otsdaq-core/FECore/FEVInterfacesManager.cc [328]	Launching FE Macro 'ROC_Read' ...
%MSG
%MSG-d ots:  Early 13-Nov-2018 15:53:29 CST pre-events
otsdaq/otsdaq-core/FECore/FEVInterfacesManager.cc [328]	Launching FE Macro 'ROC_Read' ...
%MSG
%MSG-d ots:  Early 13-Nov-2018 15:53:29 CST pre-events
otsdaq/otsdaq-core/FECore/FEVInterfacesManager.cc [328]	Launching FE Macro 'ROC_Read' ...
%MSG
%MSG-d ots:  Early 13-Nov-2018 15:53:29 CST pre-events
otsdaq/otsdaq-core/FECore/FEVInterfacesManager.cc [328]	Launching FE Macro 'ROC_Read' ...
%MSG
%MSG-d ots:  Early 13-Nov-2018 16:11:29 CST pre-events
otsdaq/otsdaq-core/WorkLoopManager/WorkLoop.cc [26]	Destroying WorkLoop: DTC1-SlowControls
%MSG
%MSG-d ots:  Early 13-Nov-2018 16:11:29 CST pre-events
otsdaq/otsdaq-core/WorkLoopManager/WorkLoop.cc [29]	Destroyed WorkLoop: DTC1-SlowControls
%MSG
%MSG-d ots:  Early 13-Nov-2018 16:11:29 CST pre-events
otsdaq/otsdaq-core/WorkLoopManager/WorkLoop.cc [26]	Destroying WorkLoop: DTC1
%MSG
%MSG-d ots:  Early 13-Nov-2018 16:11:29 CST pre-events
otsdaq/otsdaq-core/WorkLoopManager/WorkLoop.cc [29]	Destroyed WorkLoop: DTC1
%MSG
%MSG-i DTCFrontEndInterface:  Early 13-Nov-2018 16:11:52 CST pre-events
otsdaq_mu2e/otsdaq-mu2e/FEInterfaces/DTCFrontEndInterface_interface.cc [73]	DTCFrontEndInterface instantiated with name: DTC1 dtc_location_in_chain_ = 1 talking to /dev/mu2e0
%MSG
%MSG-i DTCFrontEndInterface:  Early 13-Nov-2018 16:11:52 CST pre-events
otsdaq_mu2e/otsdaq-mu2e/FEInterfaces/DTCFrontEndInterface_interface.cc [419]	DTC1 reset clock...
%MSG
%MSG-i DTCFrontEndInterface:  Early 13-Nov-2018 16:12:07 CST pre-events
otsdaq_mu2e/otsdaq-mu2e/FEInterfaces/DTCFrontEndInterface_interface.cc [457]	DTC1 configure Jitter Attenuator...
%MSG
%MSG-i DTCFrontEndInterface:  Early 13-Nov-2018 16:13:03 CST pre-events
otsdaq_mu2e/otsdaq-mu2e/FEInterfaces/DTCFrontEndInterface_interface.cc [579]	DTC1 configured
%MSG
%MSG-i DTCFrontEndInterface:  Early 13-Nov-2018 16:13:03 CST pre-events
otsdaq_mu2e/otsdaq-mu2e/FEInterfaces/DTCFrontEndInterface_interface.cc [592]	DTC1 links not OK 0xc2
%MSG
%MSG-i DTCFrontEndInterface:  Early 13-Nov-2018 16:13:03 CST pre-events
otsdaq_mu2e/otsdaq-mu2e/FEInterfaces/DTCFrontEndInterface_interface.cc [448]	DTC1 do NOT reset clock...
%MSG
%MSG-i DTCFrontEndInterface:  Early 13-Nov-2018 16:13:03 CST pre-events
otsdaq_mu2e/otsdaq-mu2e/FEInterfaces/DTCFrontEndInterface_interface.cc [464]	DTC1 do NOT configure Jitter Attenuator...
%MSG
%MSG-i DTCFrontEndInterface:  Early 13-Nov-2018 16:13:46 CST pre-events
otsdaq_mu2e/otsdaq-mu2e/FEInterfaces/DTCFrontEndInterface_interface.cc [579]	DTC1 configured
%MSG
%MSG-i DTCFrontEndInterface:  Early 13-Nov-2018 16:13:46 CST pre-events
otsdaq_mu2e/otsdaq-mu2e/FEInterfaces/DTCFrontEndInterface_interface.cc [592]	DTC1 links not OK 0xc2
%MSG
%MSG-i DTCFrontEndInterface:  Early 13-Nov-2018 16:13:46 CST pre-events
otsdaq_mu2e/otsdaq-mu2e/FEInterfaces/DTCFrontEndInterface_interface.cc [448]	DTC1 do NOT reset clock...
%MSG
%MSG-i DTCFrontEndInterface:  Early 13-Nov-2018 16:13:46 CST pre-events
otsdaq_mu2e/otsdaq-mu2e/FEInterfaces/DTCFrontEndInterface_interface.cc [464]	DTC1 do NOT configure Jitter Attenuator...
%MSG
%MSG-i DTCFrontEndInterface:  Early 13-Nov-2018 16:14:28 CST pre-events
otsdaq_mu2e/otsdaq-mu2e/FEInterfaces/DTCFrontEndInterface_interface.cc [579]	DTC1 configured
%MSG
%MSG-i DTCFrontEndInterface:  Early 13-Nov-2018 16:14:28 CST pre-events
otsdaq_mu2e/otsdaq-mu2e/FEInterfaces/DTCFrontEndInterface_interface.cc [592]	DTC1 links not OK 0xc2
%MSG
%MSG-i DTCFrontEndInterface:  Early 13-Nov-2018 16:14:28 CST pre-events
otsdaq_mu2e/otsdaq-mu2e/FEInterfaces/DTCFrontEndInterface_interface.cc [448]	DTC1 do NOT reset clock...
%MSG
%MSG-i DTCFrontEndInterface:  Early 13-Nov-2018 16:14:28 CST pre-events
otsdaq_mu2e/otsdaq-mu2e/FEInterfaces/DTCFrontEndInterface_interface.cc [464]	DTC1 do NOT configure Jitter Attenuator...
%MSG
%MSG-i DTCFrontEndInterface:  Early 13-Nov-2018 16:15:11 CST pre-events
otsdaq_mu2e/otsdaq-mu2e/FEInterfaces/DTCFrontEndInterface_interface.cc [579]	DTC1 configured
%MSG
%MSG-i DTCFrontEndInterface:  Early 13-Nov-2018 16:15:11 CST pre-events
otsdaq_mu2e/otsdaq-mu2e/FEInterfaces/DTCFrontEndInterface_interface.cc [592]	DTC1 links not OK 0xc2
%MSG
%MSG-i DTCFrontEndInterface:  Early 13-Nov-2018 16:15:11 CST pre-events
otsdaq_mu2e/otsdaq-mu2e/FEInterfaces/DTCFrontEndInterface_interface.cc [448]	DTC1 do NOT reset clock...
%MSG
%MSG-i DTCFrontEndInterface:  Early 13-Nov-2018 16:15:11 CST pre-events
otsdaq_mu2e/otsdaq-mu2e/FEInterfaces/DTCFrontEndInterface_interface.cc [464]	DTC1 do NOT configure Jitter Attenuator...
%MSG
%MSG-i DTCFrontEndInterface:  Early 13-Nov-2018 16:15:33 CST pre-events
otsdaq_mu2e/otsdaq-mu2e/FEInterfaces/DTCFrontEndInterface_interface.cc [579]	DTC1 configured
%MSG
%MSG-i DTCFrontEndInterface:  Early 13-Nov-2018 16:15:33 CST pre-events
otsdaq_mu2e/otsdaq-mu2e/FEInterfaces/DTCFrontEndInterface_interface.cc [582]	DTC1 links OK 0xc3
%MSG
