%MSG-i configureMessageFacility:  CorePropertySupervisorBase  21-Nov-2018 15:43:18 CST pre-events configureMessageFacility.cc:286
Message Facility Application CorePropertySupervisorBase configured with: debugModules:["*"] destinations:{file:{append:false directory:"/home/mu2edaq/sync_demo/ots/srcs/otsdaq_mu2e/Data/Logs/CorePropertySupervisorBase" pattern:"CorePropertySupervisorBase-%?H%t-%p.log" seperator:"-" threshold:"DEBUG" timestamp_pattern:"%Y%m%d%H%M%S" type:"GenFile"} udp:{host:"192.168.157.6" port:30000 threshold:"DEBUG" type:"UDP"}}
%MSG
%MSG-i _TCPConnect:  CorePropertySupervisorBase 21-Nov-2018 15:43:18 CST  pre-events TCPConnect.cc:334
Resolving host 192.168.157.6, on port 30000
%MSG
%MSG-i _TCPConnect:  CorePropertySupervisorBase 21-Nov-2018 15:43:18 CST  pre-events TCPConnect.cc:241
Resolving ip mu2edaq05.fnal.gov
%MSG
%MSG-i configureMessageFacility:  RunControlStateMachine  21-Nov-2018 15:43:19 CST pre-events configureMessageFacility.cc:286
Message Facility Application RunControlStateMachine configured with: debugModules:["*"] destinations:{file:{append:false directory:"/home/mu2edaq/sync_demo/ots/srcs/otsdaq_mu2e/Data/Logs/RunControlStateMachine" pattern:"RunControlStateMachine-%?H%t-%p.log" seperator:"-" threshold:"DEBUG" timestamp_pattern:"%Y%m%d%H%M%S" type:"GenFile"} udp:{host:"192.168.157.6" port:30000 threshold:"DEBUG" type:"UDP"}}
%MSG
%MSG-i configureMessageFacility:  CoreSupervisorBase 21-Nov-2018 15:43:19 CST  pre-events configureMessageFacility.cc:286
Message Facility Application CoreSupervisorBase configured with: debugModules:["*"] destinations:{file:{append:false directory:"/home/mu2edaq/sync_demo/ots/srcs/otsdaq_mu2e/Data/Logs/CoreSupervisorBase" pattern:"CoreSupervisorBase-%?H%t-%p.log" seperator:"-" threshold:"DEBUG" timestamp_pattern:"%Y%m%d%H%M%S" type:"GenFile"} udp:{host:"192.168.157.6" port:30000 threshold:"DEBUG" type:"UDP"}}
%MSG
%MSG-i configureMessageFacility:  ROCInterface 21-Nov-2018 15:44:48 CST  pre-events configureMessageFacility.cc:286
Message Facility Application ROCInterface configured with: debugModules:["*"] destinations:{file:{append:false directory:"/home/mu2edaq/sync_demo/ots/srcs/otsdaq_mu2e/Data/Logs/ROCInterface" pattern:"ROCInterface-%?H%t-%p.log" seperator:"-" threshold:"DEBUG" timestamp_pattern:"%Y%m%d%H%M%S" type:"GenFile"} udp:{host:"192.168.157.6" port:30000 threshold:"DEBUG" type:"UDP"}}
%MSG
%MSG-i ROC0:  ROCInterface-mu2edaq05-0 21-Nov-2018 15:44:48 CST pre-events
otsdaq_mu2e/otsdaq-mu2e/FEInterfaces/ROCInterface.cc [34]	ROCInterface instantiated with link: 0
%MSG
%MSG-i DTCFrontEndInterface:  ROCInterface-mu2edaq05-0 21-Nov-2018 15:44:48 CST  pre-events
otsdaq_mu2e/otsdaq-mu2e/FEInterfaces/DTCFrontEndInterface_interface.cc [84]	DTCFrontEndInterface instantiated with name: DTC0 dtc_location_in_chain_ = 0 talking to /dev/mu2e0
%MSG
%MSG-i DTCFrontEndInterface:  ROCInterface-mu2edaq05-0 21-Nov-2018 15:44:48 CST  pre-events
otsdaq_mu2e/otsdaq-mu2e/FEInterfaces/DTCFrontEndInterface_interface.cc [441]	DTC0 reset FPGA...
%MSG
%MSG-i DTCFrontEndInterface:  ROCInterface-mu2edaq05-0 21-Nov-2018 15:45:05 CST  pre-events
otsdaq_mu2e/otsdaq-mu2e/FEInterfaces/DTCFrontEndInterface_interface.cc [455]	DTC0 reset clock...
%MSG
%MSG-i DTCFrontEndInterface:  ROCInterface-mu2edaq05-0 21-Nov-2018 15:45:25 CST  pre-events
otsdaq_mu2e/otsdaq-mu2e/FEInterfaces/DTCFrontEndInterface_interface.cc [494]	DTC0 configure Jitter Attenuator...
%MSG
%MSG-i DTCFrontEndInterface:  ROCInterface-mu2edaq05-0 21-Nov-2018 15:45:59 CST  pre-events
otsdaq_mu2e/otsdaq-mu2e/FEInterfaces/DTCFrontEndInterface_interface.cc [614]	DTC0 configured
%MSG
%MSG-i DTCFrontEndInterface:  ROCInterface-mu2edaq05-0 21-Nov-2018 15:45:59 CST  pre-events
otsdaq_mu2e/otsdaq-mu2e/FEInterfaces/DTCFrontEndInterface_interface.cc [618]	DTC0 links OK 0xc3
%MSG
%MSG-d ots:  ROCInterface-mu2edaq05-0 21-Nov-2018 15:58:10 CST pre-events
otsdaq/otsdaq-core/FECore/FEVInterfacesManager.cc [328]	Launching FE Macro 'ROC_Write' ...
%MSG
%MSG-d ots:  ROCInterface-mu2edaq05-0 21-Nov-2018 15:58:22 CST pre-events
otsdaq/otsdaq-core/FECore/FEVInterfacesManager.cc [328]	Launching FE Macro 'ROC_Read' ...
%MSG
%MSG-d ots:  ROCInterface-mu2edaq05-0 21-Nov-2018 15:58:49 CST pre-events
otsdaq/otsdaq-core/FECore/FEVInterfacesManager.cc [328]	Launching FE Macro 'ROC_Read' ...
%MSG
%MSG-d ots:  ROCInterface-mu2edaq05-0 21-Nov-2018 15:58:56 CST pre-events
otsdaq/otsdaq-core/FECore/FEVInterfacesManager.cc [328]	Launching FE Macro 'ROC_Read' ...
%MSG
%MSG-d ots:  ROCInterface-mu2edaq05-0 21-Nov-2018 15:59:01 CST pre-events
otsdaq/otsdaq-core/FECore/FEVInterfacesManager.cc [328]	Launching FE Macro 'ROC_Read' ...
%MSG
%MSG-d ots:  ROCInterface-mu2edaq05-0 21-Nov-2018 15:59:05 CST pre-events
otsdaq/otsdaq-core/FECore/FEVInterfacesManager.cc [328]	Launching FE Macro 'ROC_Read' ...
%MSG
%MSG-d ots:  ROCInterface-mu2edaq05-0 21-Nov-2018 15:59:09 CST pre-events
otsdaq/otsdaq-core/FECore/FEVInterfacesManager.cc [328]	Launching FE Macro 'ROC_Read' ...
%MSG
%MSG-d ots:  ROCInterface-mu2edaq05-0 21-Nov-2018 15:59:28 CST pre-events
otsdaq/otsdaq-core/FECore/FEVInterfacesManager.cc [328]	Launching FE Macro 'ROC_Read' ...
%MSG
%MSG-d ots:  ROCInterface-mu2edaq05-0 21-Nov-2018 15:59:46 CST pre-events
otsdaq/otsdaq-core/FECore/FEVInterfacesManager.cc [328]	Launching FE Macro 'ROC_Read' ...
%MSG
%MSG-d ots:  ROCInterface-mu2edaq05-0 21-Nov-2018 15:59:52 CST pre-events
otsdaq/otsdaq-core/FECore/FEVInterfacesManager.cc [328]	Launching FE Macro 'ROC_Read' ...
%MSG
%MSG-d ots:  ROCInterface-mu2edaq05-0 21-Nov-2018 15:59:57 CST pre-events
otsdaq/otsdaq-core/FECore/FEVInterfacesManager.cc [328]	Launching FE Macro 'ROC_Read' ...
%MSG
%MSG-d ots:  ROCInterface-mu2edaq05-0 21-Nov-2018 16:00:02 CST pre-events
otsdaq/otsdaq-core/FECore/FEVInterfacesManager.cc [328]	Launching FE Macro 'ROC_Read' ...
%MSG
%MSG-d ots:  ROCInterface-mu2edaq05-0 21-Nov-2018 16:00:40 CST pre-events
otsdaq/otsdaq-core/FECore/FEVInterfacesManager.cc [328]	Launching FE Macro 'ROC_Read' ...
%MSG
%MSG-d ots:  ROCInterface-mu2edaq05-0 21-Nov-2018 16:01:19 CST pre-events
otsdaq/otsdaq-core/FECore/FEVInterfacesManager.cc [328]	Launching FE Macro 'ROC_Read' ...
%MSG
%MSG-d ots:  ROCInterface-mu2edaq05-0 21-Nov-2018 16:01:20 CST pre-events
otsdaq/otsdaq-core/FECore/FEVInterfacesManager.cc [328]	Launching FE Macro 'ROC_Read' ...
%MSG
%MSG-d ots:  ROCInterface-mu2edaq05-0 21-Nov-2018 16:01:25 CST pre-events
otsdaq/otsdaq-core/FECore/FEVInterfacesManager.cc [328]	Launching FE Macro 'ROC_Read' ...
%MSG
%MSG-d ots:  ROCInterface-mu2edaq05-0 21-Nov-2018 16:01:26 CST pre-events
otsdaq/otsdaq-core/FECore/FEVInterfacesManager.cc [328]	Launching FE Macro 'ROC_Read' ...
%MSG
%MSG-d ots:  ROCInterface-mu2edaq05-0 21-Nov-2018 16:01:33 CST pre-events
otsdaq/otsdaq-core/FECore/FEVInterfacesManager.cc [328]	Launching FE Macro 'ROC_Write' ...
%MSG
%MSG-d ots:  ROCInterface-mu2edaq05-0 21-Nov-2018 16:02:10 CST pre-events
otsdaq/otsdaq-core/FECore/FEVInterfacesManager.cc [328]	Launching FE Macro 'ROC_Write' ...
%MSG
%MSG-d ots:  ROCInterface-mu2edaq05-0 21-Nov-2018 16:02:10 CST pre-events
otsdaq/otsdaq-core/FECore/FEVInterfacesManager.cc [328]	Launching FE Macro 'ROC_Write' ...
%MSG
%MSG-d ots:  ROCInterface-mu2edaq05-0 21-Nov-2018 16:02:58 CST pre-events
otsdaq/otsdaq-core/FECore/FEVInterfacesManager.cc [328]	Launching FE Macro 'ROC_Read' ...
%MSG
%MSG-d ots:  ROCInterface-mu2edaq05-0 21-Nov-2018 16:03:04 CST pre-events
otsdaq/otsdaq-core/FECore/FEVInterfacesManager.cc [328]	Launching FE Macro 'ROC_Read' ...
%MSG
%MSG-d ots:  ROCInterface-mu2edaq05-0 21-Nov-2018 16:03:16 CST pre-events
otsdaq/otsdaq-core/FECore/FEVInterfacesManager.cc [328]	Launching FE Macro 'ROC_Read' ...
%MSG
%MSG-d ots:  ROCInterface-mu2edaq05-0 21-Nov-2018 16:03:22 CST pre-events
otsdaq/otsdaq-core/FECore/FEVInterfacesManager.cc [328]	Launching FE Macro 'ROC_Read' ...
%MSG
%MSG-d ots:  ROCInterface-mu2edaq05-0 21-Nov-2018 16:04:39 CST pre-events
otsdaq/otsdaq-core/FECore/FEVInterfacesManager.cc [328]	Launching FE Macro 'ROC_Write' ...
%MSG
%MSG-d ots:  ROCInterface-mu2edaq05-0 21-Nov-2018 16:04:42 CST pre-events
otsdaq/otsdaq-core/FECore/FEVInterfacesManager.cc [328]	Launching FE Macro 'ROC_Read' ...
%MSG
%MSG-d ots:  ROCInterface-mu2edaq05-0 21-Nov-2018 16:04:47 CST pre-events
otsdaq/otsdaq-core/FECore/FEVInterfacesManager.cc [328]	Launching FE Macro 'ROC_Read' ...
%MSG
%MSG-d ots:  ROCInterface-mu2edaq05-0 21-Nov-2018 16:06:25 CST pre-events
otsdaq/otsdaq-core/FECore/FEVInterfacesManager.cc [328]	Launching FE Macro 'ROC_Read' ...
%MSG
%MSG-d ots:  ROCInterface-mu2edaq05-0 21-Nov-2018 16:06:29 CST pre-events
otsdaq/otsdaq-core/FECore/FEVInterfacesManager.cc [328]	Launching FE Macro 'ROC_Read' ...
%MSG
%MSG-d ots:  ROCInterface-mu2edaq05-0 21-Nov-2018 16:08:13 CST pre-events
otsdaq/otsdaq-core/FECore/FEVInterfacesManager.cc [328]	Launching FE Macro 'ROC_Read' ...
%MSG
%MSG-d ots:  ROCInterface-mu2edaq05-0 21-Nov-2018 16:08:14 CST pre-events
otsdaq/otsdaq-core/FECore/FEVInterfacesManager.cc [328]	Launching FE Macro 'ROC_Read' ...
%MSG
%MSG-d ots:  ROCInterface-mu2edaq05-0 21-Nov-2018 16:08:23 CST pre-events
otsdaq/otsdaq-core/FECore/FEVInterfacesManager.cc [328]	Launching FE Macro 'ROC_Read' ...
%MSG
%MSG-d ots:  ROCInterface-mu2edaq05-0 21-Nov-2018 16:08:29 CST pre-events
otsdaq/otsdaq-core/FECore/FEVInterfacesManager.cc [328]	Launching FE Macro 'ROC_Read' ...
%MSG
%MSG-d ots:  ROCInterface-mu2edaq05-0 21-Nov-2018 16:09:43 CST pre-events
otsdaq/otsdaq-core/FECore/FEVInterfacesManager.cc [328]	Launching FE Macro 'ROC_Write' ...
%MSG
%MSG-d ots:  ROCInterface-mu2edaq05-0 21-Nov-2018 16:09:44 CST pre-events
otsdaq/otsdaq-core/FECore/FEVInterfacesManager.cc [328]	Launching FE Macro 'ROC_Write' ...
%MSG
%MSG-d ots:  ROCInterface-mu2edaq05-0 21-Nov-2018 16:09:44 CST pre-events
otsdaq/otsdaq-core/FECore/FEVInterfacesManager.cc [328]	Launching FE Macro 'ROC_Write' ...
%MSG
%MSG-d ots:  ROCInterface-mu2edaq05-0 21-Nov-2018 16:09:44 CST pre-events
otsdaq/otsdaq-core/FECore/FEVInterfacesManager.cc [328]	Launching FE Macro 'ROC_Write' ...
%MSG
%MSG-d ots:  ROCInterface-mu2edaq05-0 21-Nov-2018 16:09:44 CST pre-events
otsdaq/otsdaq-core/FECore/FEVInterfacesManager.cc [328]	Launching FE Macro 'ROC_Write' ...
%MSG
%MSG-d ots:  ROCInterface-mu2edaq05-0 21-Nov-2018 16:09:45 CST pre-events
otsdaq/otsdaq-core/FECore/FEVInterfacesManager.cc [328]	Launching FE Macro 'ROC_Write' ...
%MSG
%MSG-d ots:  ROCInterface-mu2edaq05-0 21-Nov-2018 16:09:45 CST pre-events
otsdaq/otsdaq-core/FECore/FEVInterfacesManager.cc [328]	Launching FE Macro 'ROC_Write' ...
%MSG
%MSG-d ots:  ROCInterface-mu2edaq05-0 21-Nov-2018 16:09:57 CST pre-events
otsdaq/otsdaq-core/FECore/FEVInterfacesManager.cc [328]	Launching FE Macro 'ROC_Read' ...
%MSG
%MSG-d ots:  ROCInterface-mu2edaq05-0 21-Nov-2018 16:10:01 CST pre-events
otsdaq/otsdaq-core/FECore/FEVInterfacesManager.cc [328]	Launching FE Macro 'ROC_Read' ...
%MSG
