%MSG-i configureMessageFacility:  CorePropertySupervisorBase  26-Nov-2018 13:53:08 CST pre-events configureMessageFacility.cc:286
Message Facility Application CorePropertySupervisorBase configured with: debugModules:["*"] destinations:{file:{append:false directory:"/home/mu2edaq/sync_demo/ots/srcs/otsdaq_mu2e/Data/Logs/CorePropertySupervisorBase" pattern:"CorePropertySupervisorBase-%?H%t-%p.log" seperator:"-" threshold:"DEBUG" timestamp_pattern:"%Y%m%d%H%M%S" type:"GenFile"} udp:{host:"192.168.157.6" port:30000 threshold:"DEBUG" type:"UDP"}}
%MSG
%MSG-i _TCPConnect:  CorePropertySupervisorBase 26-Nov-2018 13:53:08 CST  pre-events TCPConnect.cc:334
Resolving host 192.168.157.6, on port 30000
%MSG
%MSG-i _TCPConnect:  CorePropertySupervisorBase 26-Nov-2018 13:53:08 CST  pre-events TCPConnect.cc:241
Resolving ip mu2edaq04.fnal.gov
%MSG
%MSG-i configureMessageFacility:  RunControlStateMachine  26-Nov-2018 13:53:09 CST pre-events configureMessageFacility.cc:286
Message Facility Application RunControlStateMachine configured with: debugModules:["*"] destinations:{file:{append:false directory:"/home/mu2edaq/sync_demo/ots/srcs/otsdaq_mu2e/Data/Logs/RunControlStateMachine" pattern:"RunControlStateMachine-%?H%t-%p.log" seperator:"-" threshold:"DEBUG" timestamp_pattern:"%Y%m%d%H%M%S" type:"GenFile"} udp:{host:"192.168.157.6" port:30000 threshold:"DEBUG" type:"UDP"}}
%MSG
%MSG-i configureMessageFacility:  CoreSupervisorBase 26-Nov-2018 13:53:09 CST  pre-events configureMessageFacility.cc:286
Message Facility Application CoreSupervisorBase configured with: debugModules:["*"] destinations:{file:{append:false directory:"/home/mu2edaq/sync_demo/ots/srcs/otsdaq_mu2e/Data/Logs/CoreSupervisorBase" pattern:"CoreSupervisorBase-%?H%t-%p.log" seperator:"-" threshold:"DEBUG" timestamp_pattern:"%Y%m%d%H%M%S" type:"GenFile"} udp:{host:"192.168.157.6" port:30000 threshold:"DEBUG" type:"UDP"}}
%MSG
%MSG-i CFOFrontEndInterface:  Early 26-Nov-2018 13:53:42 CST pre-events
otsdaq_mu2e/otsdaq-mu2e/FEInterfaces/CFOFrontEndInterface_interface.cc [424]	CFO reset clock...
%MSG
%MSG-i CFOFrontEndInterface:  Early 26-Nov-2018 13:54:22 CST pre-events
otsdaq_mu2e/otsdaq-mu2e/FEInterfaces/CFOFrontEndInterface_interface.cc [466]	CFO reset TX...
%MSG
%MSG-i CFOFrontEndInterface:  Early 26-Nov-2018 13:54:47 CST pre-events
otsdaq_mu2e/otsdaq-mu2e/FEInterfaces/CFOFrontEndInterface_interface.cc [508]	--------------
%MSG
%MSG-i CFOFrontEndInterface:  Early 26-Nov-2018 13:54:47 CST pre-events
otsdaq_mu2e/otsdaq-mu2e/FEInterfaces/CFOFrontEndInterface_interface.cc [509]	CFO configured
%MSG
%MSG-i CFOFrontEndInterface:  Early 26-Nov-2018 13:54:47 CST pre-events
otsdaq_mu2e/otsdaq-mu2e/FEInterfaces/CFOFrontEndInterface_interface.cc [513]	CFO links OK = 0x1
%MSG
%MSG-d ots:  Early 26-Nov-2018 14:05:14 CST pre-events
otsdaq/otsdaq-core/WorkLoopManager/WorkLoop.cc [26]	Destroying WorkLoop: CFO0-SlowControls
%MSG
%MSG-d ots:  Early 26-Nov-2018 14:05:14 CST pre-events
otsdaq/otsdaq-core/WorkLoopManager/WorkLoop.cc [29]	Destroyed WorkLoop: CFO0-SlowControls
%MSG
%MSG-d ots:  Early 26-Nov-2018 14:05:14 CST pre-events
otsdaq/otsdaq-core/WorkLoopManager/WorkLoop.cc [26]	Destroying WorkLoop: CFO0
%MSG
%MSG-d ots:  Early 26-Nov-2018 14:05:14 CST pre-events
otsdaq/otsdaq-core/WorkLoopManager/WorkLoop.cc [29]	Destroyed WorkLoop: CFO0
%MSG
%MSG-i CFOFrontEndInterface:  Early 26-Nov-2018 14:05:25 CST pre-events
otsdaq_mu2e/otsdaq-mu2e/FEInterfaces/CFOFrontEndInterface_interface.cc [424]	CFO reset clock...
%MSG
%MSG-i CFOFrontEndInterface:  Early 26-Nov-2018 14:06:05 CST pre-events
otsdaq_mu2e/otsdaq-mu2e/FEInterfaces/CFOFrontEndInterface_interface.cc [466]	CFO reset TX...
%MSG
%MSG-i CFOFrontEndInterface:  Early 26-Nov-2018 14:06:30 CST pre-events
otsdaq_mu2e/otsdaq-mu2e/FEInterfaces/CFOFrontEndInterface_interface.cc [508]	--------------
%MSG
%MSG-i CFOFrontEndInterface:  Early 26-Nov-2018 14:06:30 CST pre-events
otsdaq_mu2e/otsdaq-mu2e/FEInterfaces/CFOFrontEndInterface_interface.cc [509]	CFO configured
%MSG
%MSG-i CFOFrontEndInterface:  Early 26-Nov-2018 14:06:30 CST pre-events
otsdaq_mu2e/otsdaq-mu2e/FEInterfaces/CFOFrontEndInterface_interface.cc [513]	CFO links OK = 0x1
%MSG
%MSG-d ots:  Early 26-Nov-2018 14:35:31 CST pre-events
otsdaq/otsdaq-core/WorkLoopManager/WorkLoop.cc [26]	Destroying WorkLoop: CFO0-SlowControls
%MSG
%MSG-d ots:  Early 26-Nov-2018 14:35:31 CST pre-events
otsdaq/otsdaq-core/WorkLoopManager/WorkLoop.cc [29]	Destroyed WorkLoop: CFO0-SlowControls
%MSG
%MSG-d ots:  Early 26-Nov-2018 14:35:31 CST pre-events
otsdaq/otsdaq-core/WorkLoopManager/WorkLoop.cc [26]	Destroying WorkLoop: CFO0
%MSG
%MSG-d ots:  Early 26-Nov-2018 14:35:31 CST pre-events
otsdaq/otsdaq-core/WorkLoopManager/WorkLoop.cc [29]	Destroyed WorkLoop: CFO0
%MSG
%MSG-i CFOFrontEndInterface:  Early 26-Nov-2018 14:35:41 CST pre-events
otsdaq_mu2e/otsdaq-mu2e/FEInterfaces/CFOFrontEndInterface_interface.cc [424]	CFO reset clock...
%MSG
%MSG-i CFOFrontEndInterface:  Early 26-Nov-2018 14:36:21 CST pre-events
otsdaq_mu2e/otsdaq-mu2e/FEInterfaces/CFOFrontEndInterface_interface.cc [466]	CFO reset TX...
%MSG
%MSG-i CFOFrontEndInterface:  Early 26-Nov-2018 14:36:46 CST pre-events
otsdaq_mu2e/otsdaq-mu2e/FEInterfaces/CFOFrontEndInterface_interface.cc [508]	--------------
%MSG
%MSG-i CFOFrontEndInterface:  Early 26-Nov-2018 14:36:46 CST pre-events
otsdaq_mu2e/otsdaq-mu2e/FEInterfaces/CFOFrontEndInterface_interface.cc [509]	CFO configured
%MSG
%MSG-i CFOFrontEndInterface:  Early 26-Nov-2018 14:36:46 CST pre-events
otsdaq_mu2e/otsdaq-mu2e/FEInterfaces/CFOFrontEndInterface_interface.cc [513]	CFO links OK = 0x1
%MSG
%MSG-d ots:  Early 26-Nov-2018 15:32:32 CST pre-events
otsdaq/otsdaq-core/WorkLoopManager/WorkLoop.cc [26]	Destroying WorkLoop: CFO0-SlowControls
%MSG
%MSG-d ots:  Early 26-Nov-2018 15:32:32 CST pre-events
otsdaq/otsdaq-core/WorkLoopManager/WorkLoop.cc [29]	Destroyed WorkLoop: CFO0-SlowControls
%MSG
%MSG-d ots:  Early 26-Nov-2018 15:32:32 CST pre-events
otsdaq/otsdaq-core/WorkLoopManager/WorkLoop.cc [26]	Destroying WorkLoop: CFO0
%MSG
%MSG-d ots:  Early 26-Nov-2018 15:32:32 CST pre-events
otsdaq/otsdaq-core/WorkLoopManager/WorkLoop.cc [29]	Destroyed WorkLoop: CFO0
%MSG
%MSG-i CFOFrontEndInterface:  Early 26-Nov-2018 15:32:41 CST pre-events
otsdaq_mu2e/otsdaq-mu2e/FEInterfaces/CFOFrontEndInterface_interface.cc [424]	CFO reset clock...
%MSG
%MSG-i CFOFrontEndInterface:  Early 26-Nov-2018 15:33:22 CST pre-events
otsdaq_mu2e/otsdaq-mu2e/FEInterfaces/CFOFrontEndInterface_interface.cc [466]	CFO reset TX...
%MSG
%MSG-i CFOFrontEndInterface:  Early 26-Nov-2018 15:33:47 CST pre-events
otsdaq_mu2e/otsdaq-mu2e/FEInterfaces/CFOFrontEndInterface_interface.cc [508]	--------------
%MSG
%MSG-i CFOFrontEndInterface:  Early 26-Nov-2018 15:33:47 CST pre-events
otsdaq_mu2e/otsdaq-mu2e/FEInterfaces/CFOFrontEndInterface_interface.cc [509]	CFO configured
%MSG
%MSG-i CFOFrontEndInterface:  Early 26-Nov-2018 15:33:47 CST pre-events
otsdaq_mu2e/otsdaq-mu2e/FEInterfaces/CFOFrontEndInterface_interface.cc [513]	CFO links OK = 0x1
%MSG
%MSG-d ots:  Early 26-Nov-2018 15:50:23 CST pre-events
otsdaq/otsdaq-core/WorkLoopManager/WorkLoop.cc [26]	Destroying WorkLoop: CFO0-SlowControls
%MSG
%MSG-d ots:  Early 26-Nov-2018 15:50:23 CST pre-events
otsdaq/otsdaq-core/WorkLoopManager/WorkLoop.cc [29]	Destroyed WorkLoop: CFO0-SlowControls
%MSG
%MSG-d ots:  Early 26-Nov-2018 15:50:23 CST pre-events
otsdaq/otsdaq-core/WorkLoopManager/WorkLoop.cc [26]	Destroying WorkLoop: CFO0
%MSG
%MSG-d ots:  Early 26-Nov-2018 15:50:23 CST pre-events
otsdaq/otsdaq-core/WorkLoopManager/WorkLoop.cc [29]	Destroyed WorkLoop: CFO0
%MSG
%MSG-i CFOFrontEndInterface:  Early 26-Nov-2018 15:50:57 CST pre-events
otsdaq_mu2e/otsdaq-mu2e/FEInterfaces/CFOFrontEndInterface_interface.cc [424]	CFO reset clock...
%MSG
%MSG-i CFOFrontEndInterface:  Early 26-Nov-2018 15:51:38 CST pre-events
otsdaq_mu2e/otsdaq-mu2e/FEInterfaces/CFOFrontEndInterface_interface.cc [466]	CFO reset TX...
%MSG
%MSG-i CFOFrontEndInterface:  Early 26-Nov-2018 15:52:02 CST pre-events
otsdaq_mu2e/otsdaq-mu2e/FEInterfaces/CFOFrontEndInterface_interface.cc [508]	--------------
%MSG
%MSG-i CFOFrontEndInterface:  Early 26-Nov-2018 15:52:02 CST pre-events
otsdaq_mu2e/otsdaq-mu2e/FEInterfaces/CFOFrontEndInterface_interface.cc [509]	CFO configured
%MSG
%MSG-i CFOFrontEndInterface:  Early 26-Nov-2018 15:52:02 CST pre-events
otsdaq_mu2e/otsdaq-mu2e/FEInterfaces/CFOFrontEndInterface_interface.cc [513]	CFO links OK = 0x1
%MSG
%MSG-d ots:  Early 26-Nov-2018 16:14:08 CST pre-events
otsdaq/otsdaq-core/WorkLoopManager/WorkLoop.cc [26]	Destroying WorkLoop: CFO0-SlowControls
%MSG
%MSG-d ots:  Early 26-Nov-2018 16:14:08 CST pre-events
otsdaq/otsdaq-core/WorkLoopManager/WorkLoop.cc [29]	Destroyed WorkLoop: CFO0-SlowControls
%MSG
%MSG-d ots:  Early 26-Nov-2018 16:14:08 CST pre-events
otsdaq/otsdaq-core/WorkLoopManager/WorkLoop.cc [26]	Destroying WorkLoop: CFO0
%MSG
%MSG-d ots:  Early 26-Nov-2018 16:14:08 CST pre-events
otsdaq/otsdaq-core/WorkLoopManager/WorkLoop.cc [29]	Destroyed WorkLoop: CFO0
%MSG
%MSG-i CFOFrontEndInterface:  Early 26-Nov-2018 16:14:18 CST pre-events
otsdaq_mu2e/otsdaq-mu2e/FEInterfaces/CFOFrontEndInterface_interface.cc [424]	CFO reset clock...
%MSG
%MSG-i CFOFrontEndInterface:  Early 26-Nov-2018 16:14:58 CST pre-events
otsdaq_mu2e/otsdaq-mu2e/FEInterfaces/CFOFrontEndInterface_interface.cc [466]	CFO reset TX...
%MSG
%MSG-i CFOFrontEndInterface:  Early 26-Nov-2018 16:15:23 CST pre-events
otsdaq_mu2e/otsdaq-mu2e/FEInterfaces/CFOFrontEndInterface_interface.cc [508]	--------------
%MSG
%MSG-i CFOFrontEndInterface:  Early 26-Nov-2018 16:15:23 CST pre-events
otsdaq_mu2e/otsdaq-mu2e/FEInterfaces/CFOFrontEndInterface_interface.cc [509]	CFO configured
%MSG
%MSG-i CFOFrontEndInterface:  Early 26-Nov-2018 16:15:23 CST pre-events
otsdaq_mu2e/otsdaq-mu2e/FEInterfaces/CFOFrontEndInterface_interface.cc [513]	CFO links OK = 0x1
%MSG
%MSG-d ots:  Early 26-Nov-2018 16:25:58 CST pre-events
otsdaq/otsdaq-core/WorkLoopManager/WorkLoop.cc [26]	Destroying WorkLoop: CFO0-SlowControls
%MSG
%MSG-d ots:  Early 26-Nov-2018 16:25:58 CST pre-events
otsdaq/otsdaq-core/WorkLoopManager/WorkLoop.cc [29]	Destroyed WorkLoop: CFO0-SlowControls
%MSG
%MSG-d ots:  Early 26-Nov-2018 16:25:58 CST pre-events
otsdaq/otsdaq-core/WorkLoopManager/WorkLoop.cc [26]	Destroying WorkLoop: CFO0
%MSG
%MSG-d ots:  Early 26-Nov-2018 16:25:58 CST pre-events
otsdaq/otsdaq-core/WorkLoopManager/WorkLoop.cc [29]	Destroyed WorkLoop: CFO0
%MSG
%MSG-i CFOFrontEndInterface:  Early 26-Nov-2018 16:26:07 CST pre-events
otsdaq_mu2e/otsdaq-mu2e/FEInterfaces/CFOFrontEndInterface_interface.cc [424]	CFO reset clock...
%MSG
%MSG-i CFOFrontEndInterface:  Early 26-Nov-2018 16:26:48 CST pre-events
otsdaq_mu2e/otsdaq-mu2e/FEInterfaces/CFOFrontEndInterface_interface.cc [466]	CFO reset TX...
%MSG
%MSG-i CFOFrontEndInterface:  Early 26-Nov-2018 16:27:12 CST pre-events
otsdaq_mu2e/otsdaq-mu2e/FEInterfaces/CFOFrontEndInterface_interface.cc [508]	--------------
%MSG
%MSG-i CFOFrontEndInterface:  Early 26-Nov-2018 16:27:12 CST pre-events
otsdaq_mu2e/otsdaq-mu2e/FEInterfaces/CFOFrontEndInterface_interface.cc [509]	CFO configured
%MSG
%MSG-i CFOFrontEndInterface:  Early 26-Nov-2018 16:27:12 CST pre-events
otsdaq_mu2e/otsdaq-mu2e/FEInterfaces/CFOFrontEndInterface_interface.cc [513]	CFO links OK = 0x1
%MSG
%MSG-d ots:  Early 27-Nov-2018 14:24:44 CST pre-events
otsdaq/otsdaq-core/WorkLoopManager/WorkLoop.cc [26]	Destroying WorkLoop: CFO0-SlowControls
%MSG
%MSG-d ots:  Early 27-Nov-2018 14:24:44 CST pre-events
otsdaq/otsdaq-core/WorkLoopManager/WorkLoop.cc [29]	Destroyed WorkLoop: CFO0-SlowControls
%MSG
%MSG-d ots:  Early 27-Nov-2018 14:24:44 CST pre-events
otsdaq/otsdaq-core/WorkLoopManager/WorkLoop.cc [26]	Destroying WorkLoop: CFO0
%MSG
%MSG-d ots:  Early 27-Nov-2018 14:24:44 CST pre-events
otsdaq/otsdaq-core/WorkLoopManager/WorkLoop.cc [29]	Destroyed WorkLoop: CFO0
%MSG
%MSG-i CFOFrontEndInterface:  Early 27-Nov-2018 14:25:07 CST pre-events
otsdaq_mu2e/otsdaq-mu2e/FEInterfaces/CFOFrontEndInterface_interface.cc [424]	CFO reset clock...
%MSG
%MSG-i CFOFrontEndInterface:  Early 27-Nov-2018 14:25:47 CST pre-events
otsdaq_mu2e/otsdaq-mu2e/FEInterfaces/CFOFrontEndInterface_interface.cc [466]	CFO reset TX...
%MSG
%MSG-i CFOFrontEndInterface:  Early 27-Nov-2018 14:26:12 CST pre-events
otsdaq_mu2e/otsdaq-mu2e/FEInterfaces/CFOFrontEndInterface_interface.cc [508]	--------------
%MSG
%MSG-i CFOFrontEndInterface:  Early 27-Nov-2018 14:26:12 CST pre-events
otsdaq_mu2e/otsdaq-mu2e/FEInterfaces/CFOFrontEndInterface_interface.cc [509]	CFO configured
%MSG
%MSG-i CFOFrontEndInterface:  Early 27-Nov-2018 14:26:12 CST pre-events
otsdaq_mu2e/otsdaq-mu2e/FEInterfaces/CFOFrontEndInterface_interface.cc [513]	CFO links OK = 0x1
%MSG
