%MSG-i configureMessageFacility:  CorePropertySupervisorBase  30-Oct-2018 13:43:17 CDT pre-events configureMessageFacility.cc:286
Message Facility Application CorePropertySupervisorBase configured with: debugModules:["*"] destinations:{file:{append:false directory:"/home/mu2edaq/sync_demo/ots/srcs/otsdaq_mu2e/Data/Logs/CorePropertySupervisorBase" pattern:"CorePropertySupervisorBase-%?H%t-%p.log" seperator:"-" threshold:"DEBUG" timestamp_pattern:"%Y%m%d%H%M%S" type:"GenFile"} udp:{host:"192.168.157.6" port:30000 threshold:"DEBUG" type:"UDP"}}
%MSG
%MSG-i _TCPConnect:  CorePropertySupervisorBase 30-Oct-2018 13:43:17 CDT  pre-events TCPConnect.cc:334
Resolving host 192.168.157.6, on port 30000
%MSG
%MSG-i _TCPConnect:  CorePropertySupervisorBase 30-Oct-2018 13:43:17 CDT  pre-events TCPConnect.cc:241
Resolving ip mu2edaq04.fnal.gov
%MSG
%MSG-i configureMessageFacility:  RunControlStateMachine  30-Oct-2018 13:43:17 CDT pre-events configureMessageFacility.cc:286
Message Facility Application RunControlStateMachine configured with: debugModules:["*"] destinations:{file:{append:false directory:"/home/mu2edaq/sync_demo/ots/srcs/otsdaq_mu2e/Data/Logs/RunControlStateMachine" pattern:"RunControlStateMachine-%?H%t-%p.log" seperator:"-" threshold:"DEBUG" timestamp_pattern:"%Y%m%d%H%M%S" type:"GenFile"} udp:{host:"192.168.157.6" port:30000 threshold:"DEBUG" type:"UDP"}}
%MSG
%MSG-i configureMessageFacility:  CoreSupervisorBase 30-Oct-2018 13:43:17 CDT  pre-events configureMessageFacility.cc:286
Message Facility Application CoreSupervisorBase configured with: debugModules:["*"] destinations:{file:{append:false directory:"/home/mu2edaq/sync_demo/ots/srcs/otsdaq_mu2e/Data/Logs/CoreSupervisorBase" pattern:"CoreSupervisorBase-%?H%t-%p.log" seperator:"-" threshold:"DEBUG" timestamp_pattern:"%Y%m%d%H%M%S" type:"GenFile"} udp:{host:"192.168.157.6" port:30000 threshold:"DEBUG" type:"UDP"}}
%MSG
%MSG-i CFOFrontEndInterface:  Early 30-Oct-2018 13:43:40 CDT pre-events
otsdaq_mu2e/otsdaq-mu2e/FEInterfaces/CFOFrontEndInterface_interface.cc [442]	CFO configured
%MSG
%MSG-i CFOFrontEndInterface:  Early 30-Oct-2018 13:43:40 CDT pre-events
otsdaq_mu2e/otsdaq-mu2e/FEInterfaces/CFOFrontEndInterface_interface.cc [446]	CFO links OK = 0x1
%MSG
%MSG-i CFOFrontEndInterface:  Early 30-Oct-2018 13:43:49 CDT pre-events
otsdaq_mu2e/otsdaq-mu2e/FEInterfaces/CFOFrontEndInterface_interface.cc [442]	CFO configured
%MSG
%MSG-i CFOFrontEndInterface:  Early 30-Oct-2018 13:43:49 CDT pre-events
otsdaq_mu2e/otsdaq-mu2e/FEInterfaces/CFOFrontEndInterface_interface.cc [446]	CFO links OK = 0x1
%MSG
%MSG-i CFOFrontEndInterface:  Early 30-Oct-2018 13:43:58 CDT pre-events
otsdaq_mu2e/otsdaq-mu2e/FEInterfaces/CFOFrontEndInterface_interface.cc [442]	CFO configured
%MSG
%MSG-i CFOFrontEndInterface:  Early 30-Oct-2018 13:43:58 CDT pre-events
otsdaq_mu2e/otsdaq-mu2e/FEInterfaces/CFOFrontEndInterface_interface.cc [446]	CFO links OK = 0x1
%MSG
%MSG-i CFOFrontEndInterface:  Early 30-Oct-2018 13:44:07 CDT pre-events
otsdaq_mu2e/otsdaq-mu2e/FEInterfaces/CFOFrontEndInterface_interface.cc [442]	CFO configured
%MSG
%MSG-i CFOFrontEndInterface:  Early 30-Oct-2018 13:44:07 CDT pre-events
otsdaq_mu2e/otsdaq-mu2e/FEInterfaces/CFOFrontEndInterface_interface.cc [446]	CFO links OK = 0x1
%MSG
%MSG-i CFOFrontEndInterface:  Early 30-Oct-2018 13:44:16 CDT pre-events
otsdaq_mu2e/otsdaq-mu2e/FEInterfaces/CFOFrontEndInterface_interface.cc [442]	CFO configured
%MSG
%MSG-i CFOFrontEndInterface:  Early 30-Oct-2018 13:44:16 CDT pre-events
otsdaq_mu2e/otsdaq-mu2e/FEInterfaces/CFOFrontEndInterface_interface.cc [446]	CFO links OK = 0x1
%MSG
%MSG-i CFOFrontEndInterface:  Early 30-Oct-2018 13:44:25 CDT pre-events
otsdaq_mu2e/otsdaq-mu2e/FEInterfaces/CFOFrontEndInterface_interface.cc [442]	CFO configured
%MSG
%MSG-i CFOFrontEndInterface:  Early 30-Oct-2018 13:44:25 CDT pre-events
otsdaq_mu2e/otsdaq-mu2e/FEInterfaces/CFOFrontEndInterface_interface.cc [446]	CFO links OK = 0x1
%MSG
%MSG-i CFOFrontEndInterface:  Early 30-Oct-2018 13:44:34 CDT pre-events
otsdaq_mu2e/otsdaq-mu2e/FEInterfaces/CFOFrontEndInterface_interface.cc [442]	CFO configured
%MSG
%MSG-i CFOFrontEndInterface:  Early 30-Oct-2018 13:44:34 CDT pre-events
otsdaq_mu2e/otsdaq-mu2e/FEInterfaces/CFOFrontEndInterface_interface.cc [446]	CFO links OK = 0x1
%MSG
%MSG-i CFOFrontEndInterface:  Early 30-Oct-2018 13:44:43 CDT pre-events
otsdaq_mu2e/otsdaq-mu2e/FEInterfaces/CFOFrontEndInterface_interface.cc [442]	CFO configured
%MSG
%MSG-i CFOFrontEndInterface:  Early 30-Oct-2018 13:44:43 CDT pre-events
otsdaq_mu2e/otsdaq-mu2e/FEInterfaces/CFOFrontEndInterface_interface.cc [446]	CFO links OK = 0x1
%MSG
%MSG-i CFOFrontEndInterface:  Early 30-Oct-2018 13:44:52 CDT pre-events
otsdaq_mu2e/otsdaq-mu2e/FEInterfaces/CFOFrontEndInterface_interface.cc [442]	CFO configured
%MSG
%MSG-i CFOFrontEndInterface:  Early 30-Oct-2018 13:44:52 CDT pre-events
otsdaq_mu2e/otsdaq-mu2e/FEInterfaces/CFOFrontEndInterface_interface.cc [446]	CFO links OK = 0x1
%MSG
%MSG-i CFOFrontEndInterface:  Early 30-Oct-2018 13:45:01 CDT pre-events
otsdaq_mu2e/otsdaq-mu2e/FEInterfaces/CFOFrontEndInterface_interface.cc [442]	CFO configured
%MSG
%MSG-i CFOFrontEndInterface:  Early 30-Oct-2018 13:45:01 CDT pre-events
otsdaq_mu2e/otsdaq-mu2e/FEInterfaces/CFOFrontEndInterface_interface.cc [446]	CFO links OK = 0x1
%MSG
%MSG-i CFOFrontEndInterface:  Early 30-Oct-2018 13:45:10 CDT pre-events
otsdaq_mu2e/otsdaq-mu2e/FEInterfaces/CFOFrontEndInterface_interface.cc [442]	CFO configured
%MSG
%MSG-i CFOFrontEndInterface:  Early 30-Oct-2018 13:45:10 CDT pre-events
otsdaq_mu2e/otsdaq-mu2e/FEInterfaces/CFOFrontEndInterface_interface.cc [446]	CFO links OK = 0x1
%MSG
%MSG-i CFOFrontEndInterface:  Early 30-Oct-2018 13:45:19 CDT pre-events
otsdaq_mu2e/otsdaq-mu2e/FEInterfaces/CFOFrontEndInterface_interface.cc [442]	CFO configured
%MSG
%MSG-i CFOFrontEndInterface:  Early 30-Oct-2018 13:45:19 CDT pre-events
otsdaq_mu2e/otsdaq-mu2e/FEInterfaces/CFOFrontEndInterface_interface.cc [446]	CFO links OK = 0x1
%MSG
%MSG-i CFOFrontEndInterface:  Early 30-Oct-2018 13:45:28 CDT pre-events
otsdaq_mu2e/otsdaq-mu2e/FEInterfaces/CFOFrontEndInterface_interface.cc [442]	CFO configured
%MSG
%MSG-i CFOFrontEndInterface:  Early 30-Oct-2018 13:45:28 CDT pre-events
otsdaq_mu2e/otsdaq-mu2e/FEInterfaces/CFOFrontEndInterface_interface.cc [446]	CFO links OK = 0x1
%MSG
%MSG-i CFOFrontEndInterface:  Early 30-Oct-2018 13:45:37 CDT pre-events
otsdaq_mu2e/otsdaq-mu2e/FEInterfaces/CFOFrontEndInterface_interface.cc [442]	CFO configured
%MSG
%MSG-i CFOFrontEndInterface:  Early 30-Oct-2018 13:45:37 CDT pre-events
otsdaq_mu2e/otsdaq-mu2e/FEInterfaces/CFOFrontEndInterface_interface.cc [446]	CFO links OK = 0x1
%MSG
%MSG-i CFOFrontEndInterface:  Early 30-Oct-2018 13:45:46 CDT pre-events
otsdaq_mu2e/otsdaq-mu2e/FEInterfaces/CFOFrontEndInterface_interface.cc [442]	CFO configured
%MSG
%MSG-i CFOFrontEndInterface:  Early 30-Oct-2018 13:45:46 CDT pre-events
otsdaq_mu2e/otsdaq-mu2e/FEInterfaces/CFOFrontEndInterface_interface.cc [446]	CFO links OK = 0x1
%MSG
%MSG-i CFOFrontEndInterface:  Early 30-Oct-2018 13:45:55 CDT pre-events
otsdaq_mu2e/otsdaq-mu2e/FEInterfaces/CFOFrontEndInterface_interface.cc [442]	CFO configured
%MSG
%MSG-i CFOFrontEndInterface:  Early 30-Oct-2018 13:45:55 CDT pre-events
otsdaq_mu2e/otsdaq-mu2e/FEInterfaces/CFOFrontEndInterface_interface.cc [446]	CFO links OK = 0x1
%MSG
%MSG-i CFOFrontEndInterface:  Early 30-Oct-2018 13:46:04 CDT pre-events
otsdaq_mu2e/otsdaq-mu2e/FEInterfaces/CFOFrontEndInterface_interface.cc [442]	CFO configured
%MSG
%MSG-i CFOFrontEndInterface:  Early 30-Oct-2018 13:46:04 CDT pre-events
otsdaq_mu2e/otsdaq-mu2e/FEInterfaces/CFOFrontEndInterface_interface.cc [446]	CFO links OK = 0x1
%MSG
%MSG-i CFOFrontEndInterface:  Early 30-Oct-2018 13:46:13 CDT pre-events
otsdaq_mu2e/otsdaq-mu2e/FEInterfaces/CFOFrontEndInterface_interface.cc [442]	CFO configured
%MSG
%MSG-i CFOFrontEndInterface:  Early 30-Oct-2018 13:46:13 CDT pre-events
otsdaq_mu2e/otsdaq-mu2e/FEInterfaces/CFOFrontEndInterface_interface.cc [446]	CFO links OK = 0x1
%MSG
%MSG-i CFOFrontEndInterface:  Early 30-Oct-2018 13:46:22 CDT pre-events
otsdaq_mu2e/otsdaq-mu2e/FEInterfaces/CFOFrontEndInterface_interface.cc [442]	CFO configured
%MSG
%MSG-i CFOFrontEndInterface:  Early 30-Oct-2018 13:46:22 CDT pre-events
otsdaq_mu2e/otsdaq-mu2e/FEInterfaces/CFOFrontEndInterface_interface.cc [446]	CFO links OK = 0x1
%MSG
%MSG-i CFOFrontEndInterface:  Early 30-Oct-2018 13:46:31 CDT pre-events
otsdaq_mu2e/otsdaq-mu2e/FEInterfaces/CFOFrontEndInterface_interface.cc [442]	CFO configured
%MSG
%MSG-i CFOFrontEndInterface:  Early 30-Oct-2018 13:46:31 CDT pre-events
otsdaq_mu2e/otsdaq-mu2e/FEInterfaces/CFOFrontEndInterface_interface.cc [446]	CFO links OK = 0x1
%MSG
%MSG-i CFOFrontEndInterface:  Early 30-Oct-2018 13:46:40 CDT pre-events
otsdaq_mu2e/otsdaq-mu2e/FEInterfaces/CFOFrontEndInterface_interface.cc [442]	CFO configured
%MSG
%MSG-i CFOFrontEndInterface:  Early 30-Oct-2018 13:46:40 CDT pre-events
otsdaq_mu2e/otsdaq-mu2e/FEInterfaces/CFOFrontEndInterface_interface.cc [446]	CFO links OK = 0x1
%MSG
%MSG-i CFOFrontEndInterface:  Early 30-Oct-2018 13:46:49 CDT pre-events
otsdaq_mu2e/otsdaq-mu2e/FEInterfaces/CFOFrontEndInterface_interface.cc [442]	CFO configured
%MSG
%MSG-i CFOFrontEndInterface:  Early 30-Oct-2018 13:46:49 CDT pre-events
otsdaq_mu2e/otsdaq-mu2e/FEInterfaces/CFOFrontEndInterface_interface.cc [446]	CFO links OK = 0x1
%MSG
%MSG-i CFOFrontEndInterface:  Early 30-Oct-2018 13:46:58 CDT pre-events
otsdaq_mu2e/otsdaq-mu2e/FEInterfaces/CFOFrontEndInterface_interface.cc [442]	CFO configured
%MSG
%MSG-i CFOFrontEndInterface:  Early 30-Oct-2018 13:46:58 CDT pre-events
otsdaq_mu2e/otsdaq-mu2e/FEInterfaces/CFOFrontEndInterface_interface.cc [446]	CFO links OK = 0x1
%MSG
%MSG-i CFOFrontEndInterface:  Early 30-Oct-2018 13:47:07 CDT pre-events
otsdaq_mu2e/otsdaq-mu2e/FEInterfaces/CFOFrontEndInterface_interface.cc [442]	CFO configured
%MSG
%MSG-i CFOFrontEndInterface:  Early 30-Oct-2018 13:47:07 CDT pre-events
otsdaq_mu2e/otsdaq-mu2e/FEInterfaces/CFOFrontEndInterface_interface.cc [446]	CFO links OK = 0x1
%MSG
%MSG-i CFOFrontEndInterface:  Early 30-Oct-2018 13:47:16 CDT pre-events
otsdaq_mu2e/otsdaq-mu2e/FEInterfaces/CFOFrontEndInterface_interface.cc [442]	CFO configured
%MSG
%MSG-i CFOFrontEndInterface:  Early 30-Oct-2018 13:47:16 CDT pre-events
otsdaq_mu2e/otsdaq-mu2e/FEInterfaces/CFOFrontEndInterface_interface.cc [446]	CFO links OK = 0x1
%MSG
%MSG-i CFOFrontEndInterface:  Early 30-Oct-2018 13:47:25 CDT pre-events
otsdaq_mu2e/otsdaq-mu2e/FEInterfaces/CFOFrontEndInterface_interface.cc [442]	CFO configured
%MSG
%MSG-i CFOFrontEndInterface:  Early 30-Oct-2018 13:47:25 CDT pre-events
otsdaq_mu2e/otsdaq-mu2e/FEInterfaces/CFOFrontEndInterface_interface.cc [446]	CFO links OK = 0x1
%MSG
%MSG-i CFOFrontEndInterface:  Early 30-Oct-2018 13:47:34 CDT pre-events
otsdaq_mu2e/otsdaq-mu2e/FEInterfaces/CFOFrontEndInterface_interface.cc [442]	CFO configured
%MSG
%MSG-i CFOFrontEndInterface:  Early 30-Oct-2018 13:47:34 CDT pre-events
otsdaq_mu2e/otsdaq-mu2e/FEInterfaces/CFOFrontEndInterface_interface.cc [446]	CFO links OK = 0x1
%MSG
%MSG-i CFOFrontEndInterface:  Early 30-Oct-2018 13:47:43 CDT pre-events
otsdaq_mu2e/otsdaq-mu2e/FEInterfaces/CFOFrontEndInterface_interface.cc [442]	CFO configured
%MSG
%MSG-i CFOFrontEndInterface:  Early 30-Oct-2018 13:47:43 CDT pre-events
otsdaq_mu2e/otsdaq-mu2e/FEInterfaces/CFOFrontEndInterface_interface.cc [446]	CFO links OK = 0x1
%MSG
%MSG-i CFOFrontEndInterface:  Early 30-Oct-2018 13:47:52 CDT pre-events
otsdaq_mu2e/otsdaq-mu2e/FEInterfaces/CFOFrontEndInterface_interface.cc [442]	CFO configured
%MSG
%MSG-i CFOFrontEndInterface:  Early 30-Oct-2018 13:47:52 CDT pre-events
otsdaq_mu2e/otsdaq-mu2e/FEInterfaces/CFOFrontEndInterface_interface.cc [446]	CFO links OK = 0x1
%MSG
%MSG-i CFOFrontEndInterface:  Early 30-Oct-2018 13:48:01 CDT pre-events
otsdaq_mu2e/otsdaq-mu2e/FEInterfaces/CFOFrontEndInterface_interface.cc [442]	CFO configured
%MSG
%MSG-i CFOFrontEndInterface:  Early 30-Oct-2018 13:48:01 CDT pre-events
otsdaq_mu2e/otsdaq-mu2e/FEInterfaces/CFOFrontEndInterface_interface.cc [446]	CFO links OK = 0x1
%MSG
%MSG-i CFOFrontEndInterface:  Early 30-Oct-2018 13:48:10 CDT pre-events
otsdaq_mu2e/otsdaq-mu2e/FEInterfaces/CFOFrontEndInterface_interface.cc [442]	CFO configured
%MSG
%MSG-i CFOFrontEndInterface:  Early 30-Oct-2018 13:48:10 CDT pre-events
otsdaq_mu2e/otsdaq-mu2e/FEInterfaces/CFOFrontEndInterface_interface.cc [446]	CFO links OK = 0x1
%MSG
%MSG-i CFOFrontEndInterface:  Early 30-Oct-2018 13:48:19 CDT pre-events
otsdaq_mu2e/otsdaq-mu2e/FEInterfaces/CFOFrontEndInterface_interface.cc [442]	CFO configured
%MSG
%MSG-i CFOFrontEndInterface:  Early 30-Oct-2018 13:48:19 CDT pre-events
otsdaq_mu2e/otsdaq-mu2e/FEInterfaces/CFOFrontEndInterface_interface.cc [446]	CFO links OK = 0x1
%MSG
%MSG-i CFOFrontEndInterface:  Early 30-Oct-2018 13:48:28 CDT pre-events
otsdaq_mu2e/otsdaq-mu2e/FEInterfaces/CFOFrontEndInterface_interface.cc [442]	CFO configured
%MSG
%MSG-i CFOFrontEndInterface:  Early 30-Oct-2018 13:48:28 CDT pre-events
otsdaq_mu2e/otsdaq-mu2e/FEInterfaces/CFOFrontEndInterface_interface.cc [446]	CFO links OK = 0x1
%MSG
%MSG-i CFOFrontEndInterface:  Early 30-Oct-2018 13:48:37 CDT pre-events
otsdaq_mu2e/otsdaq-mu2e/FEInterfaces/CFOFrontEndInterface_interface.cc [442]	CFO configured
%MSG
%MSG-i CFOFrontEndInterface:  Early 30-Oct-2018 13:48:37 CDT pre-events
otsdaq_mu2e/otsdaq-mu2e/FEInterfaces/CFOFrontEndInterface_interface.cc [446]	CFO links OK = 0x1
%MSG
%MSG-i CFOFrontEndInterface:  Early 30-Oct-2018 13:48:47 CDT pre-events
otsdaq_mu2e/otsdaq-mu2e/FEInterfaces/CFOFrontEndInterface_interface.cc [442]	CFO configured
%MSG
%MSG-i CFOFrontEndInterface:  Early 30-Oct-2018 13:48:47 CDT pre-events
otsdaq_mu2e/otsdaq-mu2e/FEInterfaces/CFOFrontEndInterface_interface.cc [446]	CFO links OK = 0x1
%MSG
%MSG-i CFOFrontEndInterface:  Early 30-Oct-2018 13:48:56 CDT pre-events
otsdaq_mu2e/otsdaq-mu2e/FEInterfaces/CFOFrontEndInterface_interface.cc [442]	CFO configured
%MSG
%MSG-i CFOFrontEndInterface:  Early 30-Oct-2018 13:48:56 CDT pre-events
otsdaq_mu2e/otsdaq-mu2e/FEInterfaces/CFOFrontEndInterface_interface.cc [446]	CFO links OK = 0x1
%MSG
%MSG-i CFOFrontEndInterface:  Early 30-Oct-2018 13:49:05 CDT pre-events
otsdaq_mu2e/otsdaq-mu2e/FEInterfaces/CFOFrontEndInterface_interface.cc [442]	CFO configured
%MSG
%MSG-i CFOFrontEndInterface:  Early 30-Oct-2018 13:49:05 CDT pre-events
otsdaq_mu2e/otsdaq-mu2e/FEInterfaces/CFOFrontEndInterface_interface.cc [446]	CFO links OK = 0x1
%MSG
%MSG-i CFOFrontEndInterface:  Early 30-Oct-2018 13:49:14 CDT pre-events
otsdaq_mu2e/otsdaq-mu2e/FEInterfaces/CFOFrontEndInterface_interface.cc [442]	CFO configured
%MSG
%MSG-i CFOFrontEndInterface:  Early 30-Oct-2018 13:49:14 CDT pre-events
otsdaq_mu2e/otsdaq-mu2e/FEInterfaces/CFOFrontEndInterface_interface.cc [446]	CFO links OK = 0x1
%MSG
%MSG-i CFOFrontEndInterface:  Early 30-Oct-2018 13:49:23 CDT pre-events
otsdaq_mu2e/otsdaq-mu2e/FEInterfaces/CFOFrontEndInterface_interface.cc [442]	CFO configured
%MSG
%MSG-i CFOFrontEndInterface:  Early 30-Oct-2018 13:49:23 CDT pre-events
otsdaq_mu2e/otsdaq-mu2e/FEInterfaces/CFOFrontEndInterface_interface.cc [446]	CFO links OK = 0x1
%MSG
%MSG-i CFOFrontEndInterface:  Early 30-Oct-2018 13:49:32 CDT pre-events
otsdaq_mu2e/otsdaq-mu2e/FEInterfaces/CFOFrontEndInterface_interface.cc [442]	CFO configured
%MSG
%MSG-i CFOFrontEndInterface:  Early 30-Oct-2018 13:49:32 CDT pre-events
otsdaq_mu2e/otsdaq-mu2e/FEInterfaces/CFOFrontEndInterface_interface.cc [446]	CFO links OK = 0x1
%MSG
%MSG-i CFOFrontEndInterface:  Early 30-Oct-2018 13:49:41 CDT pre-events
otsdaq_mu2e/otsdaq-mu2e/FEInterfaces/CFOFrontEndInterface_interface.cc [442]	CFO configured
%MSG
%MSG-i CFOFrontEndInterface:  Early 30-Oct-2018 13:49:41 CDT pre-events
otsdaq_mu2e/otsdaq-mu2e/FEInterfaces/CFOFrontEndInterface_interface.cc [446]	CFO links OK = 0x1
%MSG
%MSG-i CFOFrontEndInterface:  Early 30-Oct-2018 13:49:50 CDT pre-events
otsdaq_mu2e/otsdaq-mu2e/FEInterfaces/CFOFrontEndInterface_interface.cc [442]	CFO configured
%MSG
%MSG-i CFOFrontEndInterface:  Early 30-Oct-2018 13:49:50 CDT pre-events
otsdaq_mu2e/otsdaq-mu2e/FEInterfaces/CFOFrontEndInterface_interface.cc [446]	CFO links OK = 0x1
%MSG
%MSG-i CFOFrontEndInterface:  Early 30-Oct-2018 13:49:59 CDT pre-events
otsdaq_mu2e/otsdaq-mu2e/FEInterfaces/CFOFrontEndInterface_interface.cc [442]	CFO configured
%MSG
%MSG-i CFOFrontEndInterface:  Early 30-Oct-2018 13:49:59 CDT pre-events
otsdaq_mu2e/otsdaq-mu2e/FEInterfaces/CFOFrontEndInterface_interface.cc [446]	CFO links OK = 0x1
%MSG
%MSG-i CFOFrontEndInterface:  Early 30-Oct-2018 13:50:08 CDT pre-events
otsdaq_mu2e/otsdaq-mu2e/FEInterfaces/CFOFrontEndInterface_interface.cc [442]	CFO configured
%MSG
%MSG-i CFOFrontEndInterface:  Early 30-Oct-2018 13:50:08 CDT pre-events
otsdaq_mu2e/otsdaq-mu2e/FEInterfaces/CFOFrontEndInterface_interface.cc [446]	CFO links OK = 0x1
%MSG
%MSG-i CFOFrontEndInterface:  Early 30-Oct-2018 13:50:17 CDT pre-events
otsdaq_mu2e/otsdaq-mu2e/FEInterfaces/CFOFrontEndInterface_interface.cc [442]	CFO configured
%MSG
%MSG-i CFOFrontEndInterface:  Early 30-Oct-2018 13:50:17 CDT pre-events
otsdaq_mu2e/otsdaq-mu2e/FEInterfaces/CFOFrontEndInterface_interface.cc [446]	CFO links OK = 0x1
%MSG
%MSG-i CFOFrontEndInterface:  Early 30-Oct-2018 13:50:26 CDT pre-events
otsdaq_mu2e/otsdaq-mu2e/FEInterfaces/CFOFrontEndInterface_interface.cc [442]	CFO configured
%MSG
%MSG-i CFOFrontEndInterface:  Early 30-Oct-2018 13:50:26 CDT pre-events
otsdaq_mu2e/otsdaq-mu2e/FEInterfaces/CFOFrontEndInterface_interface.cc [446]	CFO links OK = 0x1
%MSG
%MSG-i CFOFrontEndInterface:  Early 30-Oct-2018 13:50:35 CDT pre-events
otsdaq_mu2e/otsdaq-mu2e/FEInterfaces/CFOFrontEndInterface_interface.cc [442]	CFO configured
%MSG
%MSG-i CFOFrontEndInterface:  Early 30-Oct-2018 13:50:35 CDT pre-events
otsdaq_mu2e/otsdaq-mu2e/FEInterfaces/CFOFrontEndInterface_interface.cc [446]	CFO links OK = 0x1
%MSG
%MSG-i CFOFrontEndInterface:  Early 30-Oct-2018 13:50:44 CDT pre-events
otsdaq_mu2e/otsdaq-mu2e/FEInterfaces/CFOFrontEndInterface_interface.cc [442]	CFO configured
%MSG
%MSG-i CFOFrontEndInterface:  Early 30-Oct-2018 13:50:44 CDT pre-events
otsdaq_mu2e/otsdaq-mu2e/FEInterfaces/CFOFrontEndInterface_interface.cc [446]	CFO links OK = 0x1
%MSG
%MSG-i CFOFrontEndInterface:  Early 30-Oct-2018 13:50:53 CDT pre-events
otsdaq_mu2e/otsdaq-mu2e/FEInterfaces/CFOFrontEndInterface_interface.cc [442]	CFO configured
%MSG
%MSG-i CFOFrontEndInterface:  Early 30-Oct-2018 13:50:53 CDT pre-events
otsdaq_mu2e/otsdaq-mu2e/FEInterfaces/CFOFrontEndInterface_interface.cc [446]	CFO links OK = 0x1
%MSG
%MSG-i CFOFrontEndInterface:  Early 30-Oct-2018 13:51:02 CDT pre-events
otsdaq_mu2e/otsdaq-mu2e/FEInterfaces/CFOFrontEndInterface_interface.cc [442]	CFO configured
%MSG
%MSG-i CFOFrontEndInterface:  Early 30-Oct-2018 13:51:02 CDT pre-events
otsdaq_mu2e/otsdaq-mu2e/FEInterfaces/CFOFrontEndInterface_interface.cc [446]	CFO links OK = 0x1
%MSG
%MSG-i CFOFrontEndInterface:  Early 30-Oct-2018 13:51:11 CDT pre-events
otsdaq_mu2e/otsdaq-mu2e/FEInterfaces/CFOFrontEndInterface_interface.cc [442]	CFO configured
%MSG
%MSG-i CFOFrontEndInterface:  Early 30-Oct-2018 13:51:11 CDT pre-events
otsdaq_mu2e/otsdaq-mu2e/FEInterfaces/CFOFrontEndInterface_interface.cc [446]	CFO links OK = 0x1
%MSG
%MSG-i CFOFrontEndInterface:  Early 30-Oct-2018 13:51:20 CDT pre-events
otsdaq_mu2e/otsdaq-mu2e/FEInterfaces/CFOFrontEndInterface_interface.cc [442]	CFO configured
%MSG
%MSG-i CFOFrontEndInterface:  Early 30-Oct-2018 13:51:20 CDT pre-events
otsdaq_mu2e/otsdaq-mu2e/FEInterfaces/CFOFrontEndInterface_interface.cc [446]	CFO links OK = 0x1
%MSG
%MSG-i CFOFrontEndInterface:  Early 30-Oct-2018 13:51:29 CDT pre-events
otsdaq_mu2e/otsdaq-mu2e/FEInterfaces/CFOFrontEndInterface_interface.cc [442]	CFO configured
%MSG
%MSG-i CFOFrontEndInterface:  Early 30-Oct-2018 13:51:29 CDT pre-events
otsdaq_mu2e/otsdaq-mu2e/FEInterfaces/CFOFrontEndInterface_interface.cc [446]	CFO links OK = 0x1
%MSG
%MSG-i CFOFrontEndInterface:  Early 30-Oct-2018 13:51:38 CDT pre-events
otsdaq_mu2e/otsdaq-mu2e/FEInterfaces/CFOFrontEndInterface_interface.cc [442]	CFO configured
%MSG
%MSG-i CFOFrontEndInterface:  Early 30-Oct-2018 13:51:38 CDT pre-events
otsdaq_mu2e/otsdaq-mu2e/FEInterfaces/CFOFrontEndInterface_interface.cc [446]	CFO links OK = 0x1
%MSG
%MSG-i CFOFrontEndInterface:  Early 30-Oct-2018 13:51:47 CDT pre-events
otsdaq_mu2e/otsdaq-mu2e/FEInterfaces/CFOFrontEndInterface_interface.cc [442]	CFO configured
%MSG
%MSG-i CFOFrontEndInterface:  Early 30-Oct-2018 13:51:47 CDT pre-events
otsdaq_mu2e/otsdaq-mu2e/FEInterfaces/CFOFrontEndInterface_interface.cc [446]	CFO links OK = 0x1
%MSG
%MSG-i CFOFrontEndInterface:  Early 30-Oct-2018 13:51:56 CDT pre-events
otsdaq_mu2e/otsdaq-mu2e/FEInterfaces/CFOFrontEndInterface_interface.cc [442]	CFO configured
%MSG
%MSG-i CFOFrontEndInterface:  Early 30-Oct-2018 13:51:56 CDT pre-events
otsdaq_mu2e/otsdaq-mu2e/FEInterfaces/CFOFrontEndInterface_interface.cc [446]	CFO links OK = 0x1
%MSG
%MSG-i CFOFrontEndInterface:  Early 30-Oct-2018 13:52:05 CDT pre-events
otsdaq_mu2e/otsdaq-mu2e/FEInterfaces/CFOFrontEndInterface_interface.cc [442]	CFO configured
%MSG
%MSG-i CFOFrontEndInterface:  Early 30-Oct-2018 13:52:05 CDT pre-events
otsdaq_mu2e/otsdaq-mu2e/FEInterfaces/CFOFrontEndInterface_interface.cc [446]	CFO links OK = 0x1
%MSG
%MSG-i CFOFrontEndInterface:  Early 30-Oct-2018 13:52:14 CDT pre-events
otsdaq_mu2e/otsdaq-mu2e/FEInterfaces/CFOFrontEndInterface_interface.cc [442]	CFO configured
%MSG
%MSG-i CFOFrontEndInterface:  Early 30-Oct-2018 13:52:14 CDT pre-events
otsdaq_mu2e/otsdaq-mu2e/FEInterfaces/CFOFrontEndInterface_interface.cc [446]	CFO links OK = 0x1
%MSG
%MSG-i CFOFrontEndInterface:  Early 30-Oct-2018 13:52:23 CDT pre-events
otsdaq_mu2e/otsdaq-mu2e/FEInterfaces/CFOFrontEndInterface_interface.cc [442]	CFO configured
%MSG
%MSG-i CFOFrontEndInterface:  Early 30-Oct-2018 13:52:23 CDT pre-events
otsdaq_mu2e/otsdaq-mu2e/FEInterfaces/CFOFrontEndInterface_interface.cc [446]	CFO links OK = 0x1
%MSG
%MSG-i CFOFrontEndInterface:  Early 30-Oct-2018 13:52:32 CDT pre-events
otsdaq_mu2e/otsdaq-mu2e/FEInterfaces/CFOFrontEndInterface_interface.cc [442]	CFO configured
%MSG
%MSG-i CFOFrontEndInterface:  Early 30-Oct-2018 13:52:32 CDT pre-events
otsdaq_mu2e/otsdaq-mu2e/FEInterfaces/CFOFrontEndInterface_interface.cc [446]	CFO links OK = 0x1
%MSG
%MSG-i CFOFrontEndInterface:  Early 30-Oct-2018 13:52:41 CDT pre-events
otsdaq_mu2e/otsdaq-mu2e/FEInterfaces/CFOFrontEndInterface_interface.cc [442]	CFO configured
%MSG
%MSG-i CFOFrontEndInterface:  Early 30-Oct-2018 13:52:41 CDT pre-events
otsdaq_mu2e/otsdaq-mu2e/FEInterfaces/CFOFrontEndInterface_interface.cc [446]	CFO links OK = 0x1
%MSG
%MSG-i CFOFrontEndInterface:  Early 30-Oct-2018 13:52:50 CDT pre-events
otsdaq_mu2e/otsdaq-mu2e/FEInterfaces/CFOFrontEndInterface_interface.cc [442]	CFO configured
%MSG
%MSG-i CFOFrontEndInterface:  Early 30-Oct-2018 13:52:50 CDT pre-events
otsdaq_mu2e/otsdaq-mu2e/FEInterfaces/CFOFrontEndInterface_interface.cc [446]	CFO links OK = 0x1
%MSG
%MSG-i CFOFrontEndInterface:  Early 30-Oct-2018 13:52:59 CDT pre-events
otsdaq_mu2e/otsdaq-mu2e/FEInterfaces/CFOFrontEndInterface_interface.cc [442]	CFO configured
%MSG
%MSG-i CFOFrontEndInterface:  Early 30-Oct-2018 13:52:59 CDT pre-events
otsdaq_mu2e/otsdaq-mu2e/FEInterfaces/CFOFrontEndInterface_interface.cc [446]	CFO links OK = 0x1
%MSG
%MSG-i CFOFrontEndInterface:  Early 30-Oct-2018 13:53:08 CDT pre-events
otsdaq_mu2e/otsdaq-mu2e/FEInterfaces/CFOFrontEndInterface_interface.cc [442]	CFO configured
%MSG
%MSG-i CFOFrontEndInterface:  Early 30-Oct-2018 13:53:08 CDT pre-events
otsdaq_mu2e/otsdaq-mu2e/FEInterfaces/CFOFrontEndInterface_interface.cc [446]	CFO links OK = 0x1
%MSG
%MSG-i CFOFrontEndInterface:  Early 30-Oct-2018 13:53:17 CDT pre-events
otsdaq_mu2e/otsdaq-mu2e/FEInterfaces/CFOFrontEndInterface_interface.cc [442]	CFO configured
%MSG
%MSG-i CFOFrontEndInterface:  Early 30-Oct-2018 13:53:17 CDT pre-events
otsdaq_mu2e/otsdaq-mu2e/FEInterfaces/CFOFrontEndInterface_interface.cc [446]	CFO links OK = 0x1
%MSG
%MSG-i CFOFrontEndInterface:  Early 30-Oct-2018 13:53:26 CDT pre-events
otsdaq_mu2e/otsdaq-mu2e/FEInterfaces/CFOFrontEndInterface_interface.cc [442]	CFO configured
%MSG
%MSG-i CFOFrontEndInterface:  Early 30-Oct-2018 13:53:26 CDT pre-events
otsdaq_mu2e/otsdaq-mu2e/FEInterfaces/CFOFrontEndInterface_interface.cc [446]	CFO links OK = 0x1
%MSG
%MSG-i CFOFrontEndInterface:  Early 30-Oct-2018 13:53:35 CDT pre-events
otsdaq_mu2e/otsdaq-mu2e/FEInterfaces/CFOFrontEndInterface_interface.cc [442]	CFO configured
%MSG
%MSG-i CFOFrontEndInterface:  Early 30-Oct-2018 13:53:35 CDT pre-events
otsdaq_mu2e/otsdaq-mu2e/FEInterfaces/CFOFrontEndInterface_interface.cc [446]	CFO links OK = 0x1
%MSG
%MSG-i CFOFrontEndInterface:  Early 30-Oct-2018 13:53:44 CDT pre-events
otsdaq_mu2e/otsdaq-mu2e/FEInterfaces/CFOFrontEndInterface_interface.cc [442]	CFO configured
%MSG
%MSG-i CFOFrontEndInterface:  Early 30-Oct-2018 13:53:44 CDT pre-events
otsdaq_mu2e/otsdaq-mu2e/FEInterfaces/CFOFrontEndInterface_interface.cc [446]	CFO links OK = 0x1
%MSG
%MSG-i CFOFrontEndInterface:  Early 30-Oct-2018 13:53:53 CDT pre-events
otsdaq_mu2e/otsdaq-mu2e/FEInterfaces/CFOFrontEndInterface_interface.cc [442]	CFO configured
%MSG
%MSG-i CFOFrontEndInterface:  Early 30-Oct-2018 13:53:53 CDT pre-events
otsdaq_mu2e/otsdaq-mu2e/FEInterfaces/CFOFrontEndInterface_interface.cc [446]	CFO links OK = 0x1
%MSG
%MSG-i CFOFrontEndInterface:  Early 30-Oct-2018 13:54:02 CDT pre-events
otsdaq_mu2e/otsdaq-mu2e/FEInterfaces/CFOFrontEndInterface_interface.cc [442]	CFO configured
%MSG
%MSG-i CFOFrontEndInterface:  Early 30-Oct-2018 13:54:02 CDT pre-events
otsdaq_mu2e/otsdaq-mu2e/FEInterfaces/CFOFrontEndInterface_interface.cc [446]	CFO links OK = 0x1
%MSG
%MSG-i CFOFrontEndInterface:  Early 30-Oct-2018 13:54:11 CDT pre-events
otsdaq_mu2e/otsdaq-mu2e/FEInterfaces/CFOFrontEndInterface_interface.cc [442]	CFO configured
%MSG
%MSG-i CFOFrontEndInterface:  Early 30-Oct-2018 13:54:11 CDT pre-events
otsdaq_mu2e/otsdaq-mu2e/FEInterfaces/CFOFrontEndInterface_interface.cc [446]	CFO links OK = 0x1
%MSG
%MSG-i CFOFrontEndInterface:  Early 30-Oct-2018 13:54:21 CDT pre-events
otsdaq_mu2e/otsdaq-mu2e/FEInterfaces/CFOFrontEndInterface_interface.cc [442]	CFO configured
%MSG
%MSG-i CFOFrontEndInterface:  Early 30-Oct-2018 13:54:21 CDT pre-events
otsdaq_mu2e/otsdaq-mu2e/FEInterfaces/CFOFrontEndInterface_interface.cc [446]	CFO links OK = 0x1
%MSG
%MSG-i CFOFrontEndInterface:  Early 30-Oct-2018 13:54:30 CDT pre-events
otsdaq_mu2e/otsdaq-mu2e/FEInterfaces/CFOFrontEndInterface_interface.cc [442]	CFO configured
%MSG
%MSG-i CFOFrontEndInterface:  Early 30-Oct-2018 13:54:30 CDT pre-events
otsdaq_mu2e/otsdaq-mu2e/FEInterfaces/CFOFrontEndInterface_interface.cc [446]	CFO links OK = 0x1
%MSG
%MSG-i CFOFrontEndInterface:  Early 30-Oct-2018 13:54:39 CDT pre-events
otsdaq_mu2e/otsdaq-mu2e/FEInterfaces/CFOFrontEndInterface_interface.cc [442]	CFO configured
%MSG
%MSG-i CFOFrontEndInterface:  Early 30-Oct-2018 13:54:39 CDT pre-events
otsdaq_mu2e/otsdaq-mu2e/FEInterfaces/CFOFrontEndInterface_interface.cc [446]	CFO links OK = 0x1
%MSG
%MSG-i CFOFrontEndInterface:  Early 30-Oct-2018 13:54:48 CDT pre-events
otsdaq_mu2e/otsdaq-mu2e/FEInterfaces/CFOFrontEndInterface_interface.cc [442]	CFO configured
%MSG
%MSG-i CFOFrontEndInterface:  Early 30-Oct-2018 13:54:48 CDT pre-events
otsdaq_mu2e/otsdaq-mu2e/FEInterfaces/CFOFrontEndInterface_interface.cc [446]	CFO links OK = 0x1
%MSG
%MSG-i CFOFrontEndInterface:  Early 30-Oct-2018 13:54:57 CDT pre-events
otsdaq_mu2e/otsdaq-mu2e/FEInterfaces/CFOFrontEndInterface_interface.cc [442]	CFO configured
%MSG
%MSG-i CFOFrontEndInterface:  Early 30-Oct-2018 13:54:57 CDT pre-events
otsdaq_mu2e/otsdaq-mu2e/FEInterfaces/CFOFrontEndInterface_interface.cc [446]	CFO links OK = 0x1
%MSG
%MSG-i CFOFrontEndInterface:  Early 30-Oct-2018 13:55:06 CDT pre-events
otsdaq_mu2e/otsdaq-mu2e/FEInterfaces/CFOFrontEndInterface_interface.cc [442]	CFO configured
%MSG
%MSG-i CFOFrontEndInterface:  Early 30-Oct-2018 13:55:06 CDT pre-events
otsdaq_mu2e/otsdaq-mu2e/FEInterfaces/CFOFrontEndInterface_interface.cc [446]	CFO links OK = 0x1
%MSG
%MSG-i CFOFrontEndInterface:  Early 30-Oct-2018 13:55:15 CDT pre-events
otsdaq_mu2e/otsdaq-mu2e/FEInterfaces/CFOFrontEndInterface_interface.cc [442]	CFO configured
%MSG
%MSG-i CFOFrontEndInterface:  Early 30-Oct-2018 13:55:15 CDT pre-events
otsdaq_mu2e/otsdaq-mu2e/FEInterfaces/CFOFrontEndInterface_interface.cc [446]	CFO links OK = 0x1
%MSG
%MSG-i CFOFrontEndInterface:  Early 30-Oct-2018 13:55:24 CDT pre-events
otsdaq_mu2e/otsdaq-mu2e/FEInterfaces/CFOFrontEndInterface_interface.cc [442]	CFO configured
%MSG
%MSG-i CFOFrontEndInterface:  Early 30-Oct-2018 13:55:24 CDT pre-events
otsdaq_mu2e/otsdaq-mu2e/FEInterfaces/CFOFrontEndInterface_interface.cc [446]	CFO links OK = 0x1
%MSG
%MSG-i CFOFrontEndInterface:  Early 30-Oct-2018 13:55:33 CDT pre-events
otsdaq_mu2e/otsdaq-mu2e/FEInterfaces/CFOFrontEndInterface_interface.cc [442]	CFO configured
%MSG
%MSG-i CFOFrontEndInterface:  Early 30-Oct-2018 13:55:33 CDT pre-events
otsdaq_mu2e/otsdaq-mu2e/FEInterfaces/CFOFrontEndInterface_interface.cc [446]	CFO links OK = 0x1
%MSG
%MSG-i CFOFrontEndInterface:  Early 30-Oct-2018 13:55:42 CDT pre-events
otsdaq_mu2e/otsdaq-mu2e/FEInterfaces/CFOFrontEndInterface_interface.cc [442]	CFO configured
%MSG
%MSG-i CFOFrontEndInterface:  Early 30-Oct-2018 13:55:42 CDT pre-events
otsdaq_mu2e/otsdaq-mu2e/FEInterfaces/CFOFrontEndInterface_interface.cc [446]	CFO links OK = 0x1
%MSG
%MSG-i CFOFrontEndInterface:  Early 30-Oct-2018 13:55:51 CDT pre-events
otsdaq_mu2e/otsdaq-mu2e/FEInterfaces/CFOFrontEndInterface_interface.cc [442]	CFO configured
%MSG
%MSG-i CFOFrontEndInterface:  Early 30-Oct-2018 13:55:51 CDT pre-events
otsdaq_mu2e/otsdaq-mu2e/FEInterfaces/CFOFrontEndInterface_interface.cc [446]	CFO links OK = 0x1
%MSG
%MSG-i CFOFrontEndInterface:  Early 30-Oct-2018 13:56:00 CDT pre-events
otsdaq_mu2e/otsdaq-mu2e/FEInterfaces/CFOFrontEndInterface_interface.cc [442]	CFO configured
%MSG
%MSG-i CFOFrontEndInterface:  Early 30-Oct-2018 13:56:00 CDT pre-events
otsdaq_mu2e/otsdaq-mu2e/FEInterfaces/CFOFrontEndInterface_interface.cc [446]	CFO links OK = 0x1
%MSG
%MSG-i CFOFrontEndInterface:  Early 30-Oct-2018 13:56:09 CDT pre-events
otsdaq_mu2e/otsdaq-mu2e/FEInterfaces/CFOFrontEndInterface_interface.cc [442]	CFO configured
%MSG
%MSG-i CFOFrontEndInterface:  Early 30-Oct-2018 13:56:09 CDT pre-events
otsdaq_mu2e/otsdaq-mu2e/FEInterfaces/CFOFrontEndInterface_interface.cc [446]	CFO links OK = 0x1
%MSG
%MSG-i CFOFrontEndInterface:  Early 30-Oct-2018 13:56:18 CDT pre-events
otsdaq_mu2e/otsdaq-mu2e/FEInterfaces/CFOFrontEndInterface_interface.cc [442]	CFO configured
%MSG
%MSG-i CFOFrontEndInterface:  Early 30-Oct-2018 13:56:18 CDT pre-events
otsdaq_mu2e/otsdaq-mu2e/FEInterfaces/CFOFrontEndInterface_interface.cc [446]	CFO links OK = 0x1
%MSG
%MSG-i CFOFrontEndInterface:  Early 30-Oct-2018 13:56:27 CDT pre-events
otsdaq_mu2e/otsdaq-mu2e/FEInterfaces/CFOFrontEndInterface_interface.cc [442]	CFO configured
%MSG
%MSG-i CFOFrontEndInterface:  Early 30-Oct-2018 13:56:27 CDT pre-events
otsdaq_mu2e/otsdaq-mu2e/FEInterfaces/CFOFrontEndInterface_interface.cc [446]	CFO links OK = 0x1
%MSG
%MSG-i CFOFrontEndInterface:  Early 30-Oct-2018 13:56:36 CDT pre-events
otsdaq_mu2e/otsdaq-mu2e/FEInterfaces/CFOFrontEndInterface_interface.cc [442]	CFO configured
%MSG
%MSG-i CFOFrontEndInterface:  Early 30-Oct-2018 13:56:36 CDT pre-events
otsdaq_mu2e/otsdaq-mu2e/FEInterfaces/CFOFrontEndInterface_interface.cc [450]	CFO links not OK = 0x0
%MSG
%MSG-i CFOFrontEndInterface:  Early 30-Oct-2018 13:56:45 CDT pre-events
otsdaq_mu2e/otsdaq-mu2e/FEInterfaces/CFOFrontEndInterface_interface.cc [442]	CFO configured
%MSG
%MSG-i CFOFrontEndInterface:  Early 30-Oct-2018 13:56:45 CDT pre-events
otsdaq_mu2e/otsdaq-mu2e/FEInterfaces/CFOFrontEndInterface_interface.cc [446]	CFO links OK = 0x1
%MSG
%MSG-i CFOFrontEndInterface:  Early 30-Oct-2018 13:56:54 CDT pre-events
otsdaq_mu2e/otsdaq-mu2e/FEInterfaces/CFOFrontEndInterface_interface.cc [442]	CFO configured
%MSG
%MSG-i CFOFrontEndInterface:  Early 30-Oct-2018 13:56:54 CDT pre-events
otsdaq_mu2e/otsdaq-mu2e/FEInterfaces/CFOFrontEndInterface_interface.cc [446]	CFO links OK = 0x1
%MSG
%MSG-i CFOFrontEndInterface:  Early 30-Oct-2018 13:57:03 CDT pre-events
otsdaq_mu2e/otsdaq-mu2e/FEInterfaces/CFOFrontEndInterface_interface.cc [442]	CFO configured
%MSG
%MSG-i CFOFrontEndInterface:  Early 30-Oct-2018 13:57:03 CDT pre-events
otsdaq_mu2e/otsdaq-mu2e/FEInterfaces/CFOFrontEndInterface_interface.cc [446]	CFO links OK = 0x1
%MSG
%MSG-i CFOFrontEndInterface:  Early 30-Oct-2018 13:57:12 CDT pre-events
otsdaq_mu2e/otsdaq-mu2e/FEInterfaces/CFOFrontEndInterface_interface.cc [442]	CFO configured
%MSG
%MSG-i CFOFrontEndInterface:  Early 30-Oct-2018 13:57:12 CDT pre-events
otsdaq_mu2e/otsdaq-mu2e/FEInterfaces/CFOFrontEndInterface_interface.cc [446]	CFO links OK = 0x1
%MSG
%MSG-i CFOFrontEndInterface:  Early 30-Oct-2018 13:57:21 CDT pre-events
otsdaq_mu2e/otsdaq-mu2e/FEInterfaces/CFOFrontEndInterface_interface.cc [442]	CFO configured
%MSG
%MSG-i CFOFrontEndInterface:  Early 30-Oct-2018 13:57:21 CDT pre-events
otsdaq_mu2e/otsdaq-mu2e/FEInterfaces/CFOFrontEndInterface_interface.cc [446]	CFO links OK = 0x1
%MSG
%MSG-i CFOFrontEndInterface:  Early 30-Oct-2018 13:57:30 CDT pre-events
otsdaq_mu2e/otsdaq-mu2e/FEInterfaces/CFOFrontEndInterface_interface.cc [442]	CFO configured
%MSG
%MSG-i CFOFrontEndInterface:  Early 30-Oct-2018 13:57:30 CDT pre-events
otsdaq_mu2e/otsdaq-mu2e/FEInterfaces/CFOFrontEndInterface_interface.cc [446]	CFO links OK = 0x1
%MSG
%MSG-i CFOFrontEndInterface:  Early 30-Oct-2018 13:57:39 CDT pre-events
otsdaq_mu2e/otsdaq-mu2e/FEInterfaces/CFOFrontEndInterface_interface.cc [442]	CFO configured
%MSG
%MSG-i CFOFrontEndInterface:  Early 30-Oct-2018 13:57:39 CDT pre-events
otsdaq_mu2e/otsdaq-mu2e/FEInterfaces/CFOFrontEndInterface_interface.cc [446]	CFO links OK = 0x1
%MSG
%MSG-i CFOFrontEndInterface:  Early 30-Oct-2018 13:57:48 CDT pre-events
otsdaq_mu2e/otsdaq-mu2e/FEInterfaces/CFOFrontEndInterface_interface.cc [442]	CFO configured
%MSG
%MSG-i CFOFrontEndInterface:  Early 30-Oct-2018 13:57:48 CDT pre-events
otsdaq_mu2e/otsdaq-mu2e/FEInterfaces/CFOFrontEndInterface_interface.cc [446]	CFO links OK = 0x1
%MSG
%MSG-i CFOFrontEndInterface:  Early 30-Oct-2018 13:57:57 CDT pre-events
otsdaq_mu2e/otsdaq-mu2e/FEInterfaces/CFOFrontEndInterface_interface.cc [442]	CFO configured
%MSG
%MSG-i CFOFrontEndInterface:  Early 30-Oct-2018 13:57:57 CDT pre-events
otsdaq_mu2e/otsdaq-mu2e/FEInterfaces/CFOFrontEndInterface_interface.cc [446]	CFO links OK = 0x1
%MSG
%MSG-i CFOFrontEndInterface:  Early 30-Oct-2018 13:58:06 CDT pre-events
otsdaq_mu2e/otsdaq-mu2e/FEInterfaces/CFOFrontEndInterface_interface.cc [442]	CFO configured
%MSG
%MSG-i CFOFrontEndInterface:  Early 30-Oct-2018 13:58:06 CDT pre-events
otsdaq_mu2e/otsdaq-mu2e/FEInterfaces/CFOFrontEndInterface_interface.cc [446]	CFO links OK = 0x1
%MSG
%MSG-i CFOFrontEndInterface:  Early 30-Oct-2018 13:58:15 CDT pre-events
otsdaq_mu2e/otsdaq-mu2e/FEInterfaces/CFOFrontEndInterface_interface.cc [442]	CFO configured
%MSG
%MSG-i CFOFrontEndInterface:  Early 30-Oct-2018 13:58:15 CDT pre-events
otsdaq_mu2e/otsdaq-mu2e/FEInterfaces/CFOFrontEndInterface_interface.cc [446]	CFO links OK = 0x1
%MSG
%MSG-i CFOFrontEndInterface:  Early 30-Oct-2018 13:58:24 CDT pre-events
otsdaq_mu2e/otsdaq-mu2e/FEInterfaces/CFOFrontEndInterface_interface.cc [442]	CFO configured
%MSG
%MSG-i CFOFrontEndInterface:  Early 30-Oct-2018 13:58:24 CDT pre-events
otsdaq_mu2e/otsdaq-mu2e/FEInterfaces/CFOFrontEndInterface_interface.cc [446]	CFO links OK = 0x1
%MSG
%MSG-i CFOFrontEndInterface:  Early 30-Oct-2018 13:58:33 CDT pre-events
otsdaq_mu2e/otsdaq-mu2e/FEInterfaces/CFOFrontEndInterface_interface.cc [442]	CFO configured
%MSG
%MSG-i CFOFrontEndInterface:  Early 30-Oct-2018 13:58:33 CDT pre-events
otsdaq_mu2e/otsdaq-mu2e/FEInterfaces/CFOFrontEndInterface_interface.cc [446]	CFO links OK = 0x1
%MSG
