%MSG-i configureMessageFacility:  CorePropertySupervisorBase  21-Dec-2018 17:08:58 CST pre-events configureMessageFacility.cc:286
Message Facility Application CorePropertySupervisorBase configured with: debugModules:["*"] destinations:{file:{append:false directory:"/home/mu2edaq/sync_demo/ots/srcs/otsdaq_mu2e/Data/Logs/CorePropertySupervisorBase" pattern:"CorePropertySupervisorBase-%?H%t-%p.log" seperator:"-" threshold:"DEBUG" timestamp_pattern:"%Y%m%d%H%M%S" type:"GenFile"} udp:{host:"192.168.157.6" port:30000 threshold:"DEBUG" type:"UDP"}}
%MSG
%MSG-i _TCPConnect:  CorePropertySupervisorBase 21-Dec-2018 17:08:58 CST  pre-events TCPConnect.cc:334
Resolving host 192.168.157.6, on port 30000
%MSG
%MSG-i _TCPConnect:  CorePropertySupervisorBase 21-Dec-2018 17:08:58 CST  pre-events TCPConnect.cc:241
Resolving ip mu2edaq04.fnal.gov
%MSG
%MSG-i configureMessageFacility:  RunControlStateMachine  21-Dec-2018 17:08:59 CST pre-events configureMessageFacility.cc:286
Message Facility Application RunControlStateMachine configured with: debugModules:["*"] destinations:{file:{append:false directory:"/home/mu2edaq/sync_demo/ots/srcs/otsdaq_mu2e/Data/Logs/RunControlStateMachine" pattern:"RunControlStateMachine-%?H%t-%p.log" seperator:"-" threshold:"DEBUG" timestamp_pattern:"%Y%m%d%H%M%S" type:"GenFile"} udp:{host:"192.168.157.6" port:30000 threshold:"DEBUG" type:"UDP"}}
%MSG
%MSG-i configureMessageFacility:  CoreSupervisorBase 21-Dec-2018 17:08:59 CST  pre-events configureMessageFacility.cc:286
Message Facility Application CoreSupervisorBase configured with: debugModules:["*"] destinations:{file:{append:false directory:"/home/mu2edaq/sync_demo/ots/srcs/otsdaq_mu2e/Data/Logs/CoreSupervisorBase" pattern:"CoreSupervisorBase-%?H%t-%p.log" seperator:"-" threshold:"DEBUG" timestamp_pattern:"%Y%m%d%H%M%S" type:"GenFile"} udp:{host:"192.168.157.6" port:30000 threshold:"DEBUG" type:"UDP"}}
%MSG
%MSG-i CFOFrontEndInterface:  Early 21-Dec-2018 17:10:01 CST pre-events
otsdaq_mu2e/otsdaq-mu2e/FEInterfaces/CFOFrontEndInterface_interface.cc [473]	Step 1: CFO do NOT reset clock...
%MSG
%MSG-i CFOFrontEndInterface:  Early 21-Dec-2018 17:10:01 CST pre-events
otsdaq_mu2e/otsdaq-mu2e/FEInterfaces/CFOFrontEndInterface_interface.cc [482]	Step 3: CFO reset TX...
%MSG
%MSG-i CFOFrontEndInterface:  Early 21-Dec-2018 17:10:30 CST pre-events
otsdaq_mu2e/otsdaq-mu2e/FEInterfaces/CFOFrontEndInterface_interface.cc [502]	Step 6: CFO enable Event start characters, SERDES Tx and Rx, and event window interval
%MSG
%MSG-i CFOFrontEndInterface:  Early 21-Dec-2018 17:10:33 CST pre-events
otsdaq_mu2e/otsdaq-mu2e/FEInterfaces/CFOFrontEndInterface_interface.cc [524]	--------------
%MSG
%MSG-i CFOFrontEndInterface:  Early 21-Dec-2018 17:10:33 CST pre-events
otsdaq_mu2e/otsdaq-mu2e/FEInterfaces/CFOFrontEndInterface_interface.cc [525]	CFO configured
%MSG
%MSG-i CFOFrontEndInterface:  Early 21-Dec-2018 17:10:33 CST pre-events
otsdaq_mu2e/otsdaq-mu2e/FEInterfaces/CFOFrontEndInterface_interface.cc [529]	CFO links OK = 0x1
%MSG
%MSG-d ots:  Early 21-Dec-2018 17:15:59 CST pre-events
otsdaq/otsdaq-core/WorkLoopManager/WorkLoop.cc [26]	Destroying WorkLoop: CFO0-SlowControls
%MSG
%MSG-d ots:  Early 21-Dec-2018 17:15:59 CST pre-events
otsdaq/otsdaq-core/WorkLoopManager/WorkLoop.cc [29]	Destroyed WorkLoop: CFO0-SlowControls
%MSG
%MSG-d ots:  Early 21-Dec-2018 17:15:59 CST pre-events
otsdaq/otsdaq-core/WorkLoopManager/WorkLoop.cc [26]	Destroying WorkLoop: CFO0
%MSG
%MSG-d ots:  Early 21-Dec-2018 17:15:59 CST pre-events
otsdaq/otsdaq-core/WorkLoopManager/WorkLoop.cc [29]	Destroyed WorkLoop: CFO0
%MSG
%MSG-i CFOFrontEndInterface:  Early 21-Dec-2018 17:16:09 CST pre-events
otsdaq_mu2e/otsdaq-mu2e/FEInterfaces/CFOFrontEndInterface_interface.cc [473]	Step 1: CFO do NOT reset clock...
%MSG
%MSG-i CFOFrontEndInterface:  Early 21-Dec-2018 17:16:09 CST pre-events
otsdaq_mu2e/otsdaq-mu2e/FEInterfaces/CFOFrontEndInterface_interface.cc [482]	Step 3: CFO reset TX...
%MSG
%MSG-i CFOFrontEndInterface:  Early 21-Dec-2018 17:16:29 CST pre-events
otsdaq_mu2e/otsdaq-mu2e/FEInterfaces/CFOFrontEndInterface_interface.cc [502]	Step 6: CFO enable Event start characters, SERDES Tx and Rx, and event window interval
%MSG
%MSG-i CFOFrontEndInterface:  Early 21-Dec-2018 17:16:32 CST pre-events
otsdaq_mu2e/otsdaq-mu2e/FEInterfaces/CFOFrontEndInterface_interface.cc [524]	--------------
%MSG
%MSG-i CFOFrontEndInterface:  Early 21-Dec-2018 17:16:32 CST pre-events
otsdaq_mu2e/otsdaq-mu2e/FEInterfaces/CFOFrontEndInterface_interface.cc [525]	CFO configured
%MSG
%MSG-i CFOFrontEndInterface:  Early 21-Dec-2018 17:16:32 CST pre-events
otsdaq_mu2e/otsdaq-mu2e/FEInterfaces/CFOFrontEndInterface_interface.cc [529]	CFO links OK = 0x1
%MSG
