%MSG-i configureMessageFacility:  CorePropertySupervisorBase  10-Dec-2018 15:52:37 CST pre-events configureMessageFacility.cc:286
Message Facility Application CorePropertySupervisorBase configured with: debugModules:["*"] destinations:{file:{append:false directory:"/home/mu2edaq/sync_demo/ots/srcs/otsdaq_mu2e/Data/Logs/CorePropertySupervisorBase" pattern:"CorePropertySupervisorBase-%?H%t-%p.log" seperator:"-" threshold:"DEBUG" timestamp_pattern:"%Y%m%d%H%M%S" type:"GenFile"} udp:{host:"192.168.157.6" port:30000 threshold:"DEBUG" type:"UDP"}}
%MSG
%MSG-i _TCPConnect:  CorePropertySupervisorBase 10-Dec-2018 15:52:37 CST  pre-events TCPConnect.cc:334
Resolving host 192.168.157.6, on port 30000
%MSG
%MSG-i _TCPConnect:  CorePropertySupervisorBase 10-Dec-2018 15:52:37 CST  pre-events TCPConnect.cc:241
Resolving ip mu2edaq05.fnal.gov
%MSG
%MSG-i configureMessageFacility:  RunControlStateMachine  10-Dec-2018 15:52:37 CST pre-events configureMessageFacility.cc:286
Message Facility Application RunControlStateMachine configured with: debugModules:["*"] destinations:{file:{append:false directory:"/home/mu2edaq/sync_demo/ots/srcs/otsdaq_mu2e/Data/Logs/RunControlStateMachine" pattern:"RunControlStateMachine-%?H%t-%p.log" seperator:"-" threshold:"DEBUG" timestamp_pattern:"%Y%m%d%H%M%S" type:"GenFile"} udp:{host:"192.168.157.6" port:30000 threshold:"DEBUG" type:"UDP"}}
%MSG
%MSG-i configureMessageFacility:  CoreSupervisorBase 10-Dec-2018 15:52:37 CST  pre-events configureMessageFacility.cc:286
Message Facility Application CoreSupervisorBase configured with: debugModules:["*"] destinations:{file:{append:false directory:"/home/mu2edaq/sync_demo/ots/srcs/otsdaq_mu2e/Data/Logs/CoreSupervisorBase" pattern:"CoreSupervisorBase-%?H%t-%p.log" seperator:"-" threshold:"DEBUG" timestamp_pattern:"%Y%m%d%H%M%S" type:"GenFile"} udp:{host:"192.168.157.6" port:30000 threshold:"DEBUG" type:"UDP"}}
%MSG
%MSG-i configureMessageFacility:  ROCCoreInterface 10-Dec-2018 15:53:11 CST  pre-events configureMessageFacility.cc:286
Message Facility Application ROCCoreInterface configured with: debugModules:["*"] destinations:{file:{append:false directory:"/home/mu2edaq/sync_demo/ots/srcs/otsdaq_mu2e/Data/Logs/ROCCoreInterface" pattern:"ROCCoreInterface-%?H%t-%p.log" seperator:"-" threshold:"DEBUG" timestamp_pattern:"%Y%m%d%H%M%S" type:"GenFile"} udp:{host:"192.168.157.6" port:30000 threshold:"DEBUG" type:"UDP"}}
%MSG
%MSG-i FE-ROCCoreInterface:  ROCCoreInterface-mu2edaq05-0  10-Dec-2018 15:53:11 CST pre-events
otsdaq_mu2e/otsdaq-mu2e/FEInterfaces/ROCCoreInterface_interface.cc [28]	ROCCoreInterface instantiated with link: 0 and EventWindowDelayOffset = 31
%MSG
%MSG-i DTCFrontEndInterface:  ROCCoreInterface-mu2edaq05-0  10-Dec-2018 15:53:11 CST pre-events
otsdaq_mu2e/otsdaq-mu2e/FEInterfaces/DTCFrontEndInterface_interface.cc [135]	DTCFrontEndInterface instantiated with name: DTC0 dtc_location_in_chain_ = 0 talking to /dev/mu2e0
%MSG
%MSG-i DTCFrontEndInterface:  ROCCoreInterface-mu2edaq05-0  10-Dec-2018 15:53:11 CST pre-events
otsdaq_mu2e/otsdaq-mu2e/FEInterfaces/DTCFrontEndInterface_interface.cc [636]	Step 0: DTC0 reset FPGA...
%MSG
%MSG-i DTCFrontEndInterface:  ROCCoreInterface-mu2edaq05-0  10-Dec-2018 15:53:27 CST pre-events
otsdaq_mu2e/otsdaq-mu2e/FEInterfaces/DTCFrontEndInterface_interface.cc [650]	Step 1: DTC0 reset clock...
%MSG
%MSG-i DTCFrontEndInterface:  ROCCoreInterface-mu2edaq05-0  10-Dec-2018 15:53:48 CST pre-events
otsdaq_mu2e/otsdaq-mu2e/FEInterfaces/DTCFrontEndInterface_interface.cc [689]	Step 2: DTC0 configure Jitter Attenuator...
%MSG
%MSG-i DTCFrontEndInterface:  ROCCoreInterface-mu2edaq05-0  10-Dec-2018 15:54:04 CST pre-events
otsdaq_mu2e/otsdaq-mu2e/FEInterfaces/DTCFrontEndInterface_interface.cc [759]	Step 4: DTC0 wait for links...
%MSG
%MSG-i DTCFrontEndInterface:  ROCCoreInterface-mu2edaq05-0  10-Dec-2018 15:54:14 CST pre-events
otsdaq_mu2e/otsdaq-mu2e/FEInterfaces/DTCFrontEndInterface_interface.cc [759]	Step 4: DTC0 wait for links...
%MSG
%MSG-i DTCFrontEndInterface:  ROCCoreInterface-mu2edaq05-0  10-Dec-2018 15:54:16 CST pre-events
otsdaq_mu2e/otsdaq-mu2e/FEInterfaces/DTCFrontEndInterface_interface.cc [767]	Step 5: DTC0 enable markers, Tx, Rx
%MSG
%MSG-i DTCFrontEndInterface:  ROCCoreInterface-mu2edaq05-0  10-Dec-2018 15:54:16 CST pre-events
otsdaq_mu2e/otsdaq-mu2e/FEInterfaces/DTCFrontEndInterface_interface.cc [783]	Step 5: DTC0 configure ROCs
%MSG
%MSG-i FE-ROCCoreInterface:  ROCCoreInterface-mu2edaq05-0  10-Dec-2018 15:54:16 CST pre-events
otsdaq_mu2e/otsdaq-mu2e/FEInterfaces/ROCCoreInterface_interface.cc [90]	... setup to synchronize ROC clock with 40 MHz clock edge
%MSG
%MSG-i FE-ROCCoreInterface:  ROCCoreInterface-mu2edaq05-0  10-Dec-2018 15:54:16 CST pre-events
otsdaq_mu2e/otsdaq-mu2e/FEInterfaces/ROCCoreInterface_interface.cc [100]	......... Set delay = 31 ... 
%MSG
%MSG-i FE-ROCCoreInterface:  ROCCoreInterface-mu2edaq05-0  10-Dec-2018 15:54:16 CST pre-events
otsdaq_mu2e/otsdaq-mu2e/FEInterfaces/ROCCoreInterface_interface.cc [104]	read back = 31
%MSG
%MSG-i DTCFrontEndInterface:  ROCCoreInterface-mu2edaq05-0  10-Dec-2018 15:54:21 CST pre-events
otsdaq_mu2e/otsdaq-mu2e/FEInterfaces/DTCFrontEndInterface_interface.cc [791]	Step 6: DTC0 configured
%MSG
%MSG-i DTCFrontEndInterface:  ROCCoreInterface-mu2edaq05-0  10-Dec-2018 15:54:21 CST pre-events
otsdaq_mu2e/otsdaq-mu2e/FEInterfaces/DTCFrontEndInterface_interface.cc [795]	DTC0 links OK 0x43
%MSG
%MSG-i DTCFrontEndInterface:  ROCCoreInterface-mu2edaq05-0  10-Dec-2018 15:55:00 CST pre-events
otsdaq_mu2e/otsdaq-mu2e/FEInterfaces/DTCFrontEndInterface_interface.cc [950]	Read 0 -> DTC0 timestamp 1049
%MSG
%MSG-i DTCFrontEndInterface:  ROCCoreInterface-mu2edaq05-0  10-Dec-2018 15:55:00 CST pre-events
otsdaq_mu2e/otsdaq-mu2e/FEInterfaces/DTCFrontEndInterface_interface.cc [950]	Read 1 -> DTC0 timestamp 18888
%MSG
%MSG-i DTCFrontEndInterface:  ROCCoreInterface-mu2edaq05-0  10-Dec-2018 15:55:00 CST pre-events
otsdaq_mu2e/otsdaq-mu2e/FEInterfaces/DTCFrontEndInterface_interface.cc [950]	Read 2 -> DTC0 timestamp 24995
%MSG
%MSG-i DTCFrontEndInterface:  ROCCoreInterface-mu2edaq05-0  10-Dec-2018 15:55:01 CST pre-events
otsdaq_mu2e/otsdaq-mu2e/FEInterfaces/DTCFrontEndInterface_interface.cc [950]	Read 3 -> DTC0 timestamp 5336
%MSG
%MSG-i DTCFrontEndInterface:  ROCCoreInterface-mu2edaq05-0  10-Dec-2018 15:55:01 CST pre-events
otsdaq_mu2e/otsdaq-mu2e/FEInterfaces/DTCFrontEndInterface_interface.cc [950]	Read 4 -> DTC0 timestamp 49997
%MSG
%MSG-i DTCFrontEndInterface:  ROCCoreInterface-mu2edaq05-0  10-Dec-2018 15:55:01 CST pre-events
otsdaq_mu2e/otsdaq-mu2e/FEInterfaces/DTCFrontEndInterface_interface.cc [950]	Read 5 -> DTC0 timestamp 57345
%MSG
%MSG-i DTCFrontEndInterface:  ROCCoreInterface-mu2edaq05-0  10-Dec-2018 15:55:01 CST pre-events
otsdaq_mu2e/otsdaq-mu2e/FEInterfaces/DTCFrontEndInterface_interface.cc [950]	Read 6 -> DTC0 timestamp 13724
%MSG
%MSG-i DTCFrontEndInterface:  ROCCoreInterface-mu2edaq05-0  10-Dec-2018 15:55:01 CST pre-events
otsdaq_mu2e/otsdaq-mu2e/FEInterfaces/DTCFrontEndInterface_interface.cc [950]	Read 7 -> DTC0 timestamp 57605
%MSG
%MSG-i DTCFrontEndInterface:  ROCCoreInterface-mu2edaq05-0  10-Dec-2018 15:55:01 CST pre-events
otsdaq_mu2e/otsdaq-mu2e/FEInterfaces/DTCFrontEndInterface_interface.cc [950]	Read 8 -> DTC0 timestamp 58003
%MSG
%MSG-i DTCFrontEndInterface:  ROCCoreInterface-mu2edaq05-0  10-Dec-2018 15:55:01 CST pre-events
otsdaq_mu2e/otsdaq-mu2e/FEInterfaces/DTCFrontEndInterface_interface.cc [950]	Read 9 -> DTC0 timestamp 54701
%MSG
%MSG-i DTCFrontEndInterface:  ROCCoreInterface-mu2edaq05-0  10-Dec-2018 15:55:01 CST pre-events
otsdaq_mu2e/otsdaq-mu2e/FEInterfaces/DTCFrontEndInterface_interface.cc [950]	Read 10 -> DTC0 timestamp 43119
%MSG
%MSG-d ots:  ROCCoreInterface-mu2edaq05-0 10-Dec-2018 15:56:38 CST pre-events
otsdaq/otsdaq-core/FECore/FEVInterfacesManager.cc [328]	Launching FE Macro 'ROC_Read' ...
%MSG
%MSG-d ots:  ROCCoreInterface-mu2edaq05-0 10-Dec-2018 15:57:05 CST pre-events
otsdaq/otsdaq-core/FECore/FEVInterfacesManager.cc [328]	Launching FE Macro 'ROC_Read' ...
%MSG
%MSG-d ots:  ROCCoreInterface-mu2edaq05-0 10-Dec-2018 15:57:24 CST pre-events
otsdaq/otsdaq-core/FECore/FEVInterfacesManager.cc [328]	Launching FE Macro 'ROC_Read' ...
%MSG
%MSG-d ots:  ROCCoreInterface-mu2edaq05-0 10-Dec-2018 15:58:28 CST pre-events
otsdaq/otsdaq-core/FECore/FEVInterfacesManager.cc [328]	Launching FE Macro 'ROC_Read' ...
%MSG
%MSG-d ots:  ROCCoreInterface-mu2edaq05-0 10-Dec-2018 15:59:15 CST pre-events
otsdaq/otsdaq-core/FECore/FEVInterfacesManager.cc [328]	Launching FE Macro 'ROC_Read' ...
%MSG
%MSG-d ots:  ROCCoreInterface-mu2edaq05-0 10-Dec-2018 15:59:32 CST pre-events
otsdaq/otsdaq-core/FECore/FEVInterfacesManager.cc [328]	Launching FE Macro 'ROC_Read' ...
%MSG
%MSG-d ots:  ROCCoreInterface-mu2edaq05-0 10-Dec-2018 16:00:59 CST pre-events
otsdaq/otsdaq-core/FECore/FEVInterfacesManager.cc [328]	Launching FE Macro 'ROC_Read' ...
%MSG
