%MSG-i configureMessageFacility:  CorePropertySupervisorBase  14-Jan-2019 14:19:01 CST pre-events configureMessageFacility.cc:286
Message Facility Application CorePropertySupervisorBase configured with: debugModules:["*"] destinations:{file:{append:false directory:"/home/mu2edaq/sync_demo/ots/srcs/otsdaq_mu2e/Data/Logs/CorePropertySupervisorBase" pattern:"CorePropertySupervisorBase-%?H%t-%p.log" seperator:"-" threshold:"DEBUG" timestamp_pattern:"%Y%m%d%H%M%S" type:"GenFile"} udp:{host:"192.168.157.6" port:30000 threshold:"DEBUG" type:"UDP"}}
%MSG
%MSG-i _TCPConnect:  CorePropertySupervisorBase 14-Jan-2019 14:19:01 CST  pre-events TCPConnect.cc:334
Resolving host 192.168.157.6, on port 30000
%MSG
%MSG-i _TCPConnect:  CorePropertySupervisorBase 14-Jan-2019 14:19:01 CST  pre-events TCPConnect.cc:241
Resolving ip mu2edaq04.fnal.gov
%MSG
%MSG-i configureMessageFacility:  RunControlStateMachine  14-Jan-2019 14:19:01 CST pre-events configureMessageFacility.cc:286
Message Facility Application RunControlStateMachine configured with: debugModules:["*"] destinations:{file:{append:false directory:"/home/mu2edaq/sync_demo/ots/srcs/otsdaq_mu2e/Data/Logs/RunControlStateMachine" pattern:"RunControlStateMachine-%?H%t-%p.log" seperator:"-" threshold:"DEBUG" timestamp_pattern:"%Y%m%d%H%M%S" type:"GenFile"} udp:{host:"192.168.157.6" port:30000 threshold:"DEBUG" type:"UDP"}}
%MSG
%MSG-i configureMessageFacility:  CoreSupervisorBase 14-Jan-2019 14:19:01 CST  pre-events configureMessageFacility.cc:286
Message Facility Application CoreSupervisorBase configured with: debugModules:["*"] destinations:{file:{append:false directory:"/home/mu2edaq/sync_demo/ots/srcs/otsdaq_mu2e/Data/Logs/CoreSupervisorBase" pattern:"CoreSupervisorBase-%?H%t-%p.log" seperator:"-" threshold:"DEBUG" timestamp_pattern:"%Y%m%d%H%M%S" type:"GenFile"} udp:{host:"192.168.157.6" port:30000 threshold:"DEBUG" type:"UDP"}}
%MSG
%MSG-i CFOFrontEndInterface:  Early 14-Jan-2019 14:29:26 CST pre-events
otsdaq_mu2e/otsdaq-mu2e/FEInterfaces/CFOFrontEndInterface_interface.cc [472]	Step 1: CFO do NOT reset clock...
%MSG
%MSG-i CFOFrontEndInterface:  Early 14-Jan-2019 14:29:26 CST pre-events
otsdaq_mu2e/otsdaq-mu2e/FEInterfaces/CFOFrontEndInterface_interface.cc [481]	Step 3: CFO reset TX...
%MSG
%MSG-i CFOFrontEndInterface:  Early 14-Jan-2019 14:30:35 CST pre-events
otsdaq_mu2e/otsdaq-mu2e/FEInterfaces/CFOFrontEndInterface_interface.cc [501]	Step 6: CFO enable Event start characters, SERDES Tx and Rx, and event window interval
%MSG
%MSG-i CFOFrontEndInterface:  Early 14-Jan-2019 14:30:38 CST pre-events
otsdaq_mu2e/otsdaq-mu2e/FEInterfaces/CFOFrontEndInterface_interface.cc [523]	--------------
%MSG
%MSG-i CFOFrontEndInterface:  Early 14-Jan-2019 14:30:38 CST pre-events
otsdaq_mu2e/otsdaq-mu2e/FEInterfaces/CFOFrontEndInterface_interface.cc [524]	CFO configured
%MSG
%MSG-i CFOFrontEndInterface:  Early 14-Jan-2019 14:30:38 CST pre-events
otsdaq_mu2e/otsdaq-mu2e/FEInterfaces/CFOFrontEndInterface_interface.cc [528]	CFO links OK = 0x1
%MSG
%MSG-i CFOFrontEndInterface:  Early 14-Jan-2019 14:30:47 CST pre-events
otsdaq_mu2e/otsdaq-mu2e/FEInterfaces/CFOFrontEndInterface_interface.cc [669]	 Looping back DTC0 ROC0
%MSG
%MSG-i CFOFrontEndInterface:  Early 14-Jan-2019 14:30:52 CST pre-events
otsdaq_mu2e/otsdaq-mu2e/FEInterfaces/CFOFrontEndInterface_interface.cc [378]	 average = 0 ns, RMS = 0 ns, failures = 0
%MSG
%MSG-i CFOFrontEndInterface:  Early 14-Jan-2019 14:30:52 CST pre-events
otsdaq_mu2e/otsdaq-mu2e/FEInterfaces/CFOFrontEndInterface_interface.cc [669]	 Looping back DTC0 ROC1
%MSG
%MSG-i CFOFrontEndInterface:  Early 14-Jan-2019 14:30:57 CST pre-events
otsdaq_mu2e/otsdaq-mu2e/FEInterfaces/CFOFrontEndInterface_interface.cc [378]	 average = 0 ns, RMS = 0 ns, failures = 0
%MSG
%MSG-i CFOFrontEndInterface:  Early 14-Jan-2019 14:30:57 CST pre-events
otsdaq_mu2e/otsdaq-mu2e/FEInterfaces/CFOFrontEndInterface_interface.cc [669]	 Looping back DTC1 ROC0
%MSG
%MSG-i CFOFrontEndInterface:  Early 14-Jan-2019 14:31:02 CST pre-events
otsdaq_mu2e/otsdaq-mu2e/FEInterfaces/CFOFrontEndInterface_interface.cc [378]	 average = 0 ns, RMS = 0 ns, failures = 0
%MSG
%MSG-i CFOFrontEndInterface:  Early 14-Jan-2019 14:31:02 CST pre-events
otsdaq_mu2e/otsdaq-mu2e/FEInterfaces/CFOFrontEndInterface_interface.cc [669]	 Looping back DTC1 ROC1
%MSG
%MSG-i CFOFrontEndInterface:  Early 14-Jan-2019 14:31:07 CST pre-events
otsdaq_mu2e/otsdaq-mu2e/FEInterfaces/CFOFrontEndInterface_interface.cc [378]	 average = 0 ns, RMS = 0 ns, failures = 0
%MSG
%MSG-i CFOFrontEndInterface:  Early 14-Jan-2019 14:31:07 CST pre-events
otsdaq_mu2e/otsdaq-mu2e/FEInterfaces/CFOFrontEndInterface_interface.cc [600]	-------------------------
%MSG
%MSG-i CFOFrontEndInterface:  Early 14-Jan-2019 14:31:07 CST pre-events
otsdaq_mu2e/otsdaq-mu2e/FEInterfaces/CFOFrontEndInterface_interface.cc [601]	FULL SYSTEM loopback DONE
%MSG
%MSG-i CFOFrontEndInterface:  Early 14-Jan-2019 14:31:07 CST pre-events
otsdaq_mu2e/otsdaq-mu2e/FEInterfaces/CFOFrontEndInterface_interface.cc [610]	chain 0 - DTC 0 - ROC 0 = 0 ns +/- 0 (0)
%MSG
%MSG-i CFOFrontEndInterface:  Early 14-Jan-2019 14:31:07 CST pre-events
otsdaq_mu2e/otsdaq-mu2e/FEInterfaces/CFOFrontEndInterface_interface.cc [610]	chain 0 - DTC 0 - ROC 1 = 0 ns +/- 0 (0)
%MSG
%MSG-i CFOFrontEndInterface:  Early 14-Jan-2019 14:31:07 CST pre-events
otsdaq_mu2e/otsdaq-mu2e/FEInterfaces/CFOFrontEndInterface_interface.cc [610]	chain 0 - DTC 1 - ROC 0 = 0 ns +/- 0 (0)
%MSG
%MSG-i CFOFrontEndInterface:  Early 14-Jan-2019 14:31:07 CST pre-events
otsdaq_mu2e/otsdaq-mu2e/FEInterfaces/CFOFrontEndInterface_interface.cc [610]	chain 0 - DTC 1 - ROC 1 = 0 ns +/- 0 (0)
%MSG
%MSG-i CFOFrontEndInterface:  Early 14-Jan-2019 14:31:07 CST pre-events
otsdaq_mu2e/otsdaq-mu2e/FEInterfaces/CFOFrontEndInterface_interface.cc [617]	DTC1: ROC1 - ROC0 = 0
%MSG
%MSG-i CFOFrontEndInterface:  Early 14-Jan-2019 14:31:07 CST pre-events
otsdaq_mu2e/otsdaq-mu2e/FEInterfaces/CFOFrontEndInterface_interface.cc [618]	-------------------------
%MSG
