%MSG-i configureMessageFacility:  CorePropertySupervisorBase  21-Nov-2018 15:43:05 CST pre-events configureMessageFacility.cc:286
Message Facility Application CorePropertySupervisorBase configured with: debugModules:["*"] destinations:{file:{append:false directory:"/home/mu2edaq/sync_demo/ots/srcs/otsdaq_mu2e/Data/Logs/CorePropertySupervisorBase" pattern:"CorePropertySupervisorBase-%?H%t-%p.log" seperator:"-" threshold:"DEBUG" timestamp_pattern:"%Y%m%d%H%M%S" type:"GenFile"}}
%MSG
%MSG-i configureMessageFacility:  RunControlStateMachine  21-Nov-2018 15:43:06 CST pre-events configureMessageFacility.cc:286
Message Facility Application RunControlStateMachine configured with: debugModules:["*"] destinations:{file:{append:false directory:"/home/mu2edaq/sync_demo/ots/srcs/otsdaq_mu2e/Data/Logs/RunControlStateMachine" pattern:"RunControlStateMachine-%?H%t-%p.log" seperator:"-" threshold:"DEBUG" timestamp_pattern:"%Y%m%d%H%M%S" type:"GenFile"} udp:{host:"192.168.157.6" port:30000 threshold:"DEBUG" type:"UDP"}}
%MSG
%MSG-i configureMessageFacility:  CoreSupervisorBase 21-Nov-2018 15:43:06 CST  pre-events configureMessageFacility.cc:286
Message Facility Application CoreSupervisorBase configured with: debugModules:["*"] destinations:{file:{append:false directory:"/home/mu2edaq/sync_demo/ots/srcs/otsdaq_mu2e/Data/Logs/CoreSupervisorBase" pattern:"CoreSupervisorBase-%?H%t-%p.log" seperator:"-" threshold:"DEBUG" timestamp_pattern:"%Y%m%d%H%M%S" type:"GenFile"} udp:{host:"192.168.157.6" port:30000 threshold:"DEBUG" type:"UDP"}}
%MSG
%MSG-i configureMessageFacility:  ROCInterface 21-Nov-2018 15:44:52 CST  pre-events configureMessageFacility.cc:286
Message Facility Application ROCInterface configured with: debugModules:["*"] destinations:{file:{append:false directory:"/home/mu2edaq/sync_demo/ots/srcs/otsdaq_mu2e/Data/Logs/ROCInterface" pattern:"ROCInterface-%?H%t-%p.log" seperator:"-" threshold:"DEBUG" timestamp_pattern:"%Y%m%d%H%M%S" type:"GenFile"} udp:{host:"192.168.157.6" port:30000 threshold:"DEBUG" type:"UDP"}}
%MSG
%MSG-i ROC0:  ROCInterface-mu2edaq06-0 21-Nov-2018 15:44:52 CST pre-events
otsdaq_mu2e/otsdaq-mu2e/FEInterfaces/ROCInterface.cc [34]	ROCInterface instantiated with link: 0
%MSG
%MSG-i DTCFrontEndInterface:  ROCInterface-mu2edaq06-0 21-Nov-2018 15:44:52 CST  pre-events
otsdaq_mu2e/otsdaq-mu2e/FEInterfaces/DTCFrontEndInterface_interface.cc [84]	DTCFrontEndInterface instantiated with name: DTC1 dtc_location_in_chain_ = 1 talking to /dev/mu2e0
%MSG
%MSG-i DTCFrontEndInterface:  ROCInterface-mu2edaq06-0 21-Nov-2018 15:44:52 CST  pre-events
otsdaq_mu2e/otsdaq-mu2e/FEInterfaces/DTCFrontEndInterface_interface.cc [441]	DTC1 reset FPGA...
%MSG
%MSG-i DTCFrontEndInterface:  ROCInterface-mu2edaq06-0 21-Nov-2018 15:45:15 CST  pre-events
otsdaq_mu2e/otsdaq-mu2e/FEInterfaces/DTCFrontEndInterface_interface.cc [455]	DTC1 reset clock...
%MSG
%MSG-i DTCFrontEndInterface:  ROCInterface-mu2edaq06-0 21-Nov-2018 15:45:30 CST  pre-events
otsdaq_mu2e/otsdaq-mu2e/FEInterfaces/DTCFrontEndInterface_interface.cc [494]	DTC1 configure Jitter Attenuator...
%MSG
%MSG-i DTCFrontEndInterface:  ROCInterface-mu2edaq06-0 21-Nov-2018 15:46:00 CST  pre-events
otsdaq_mu2e/otsdaq-mu2e/FEInterfaces/DTCFrontEndInterface_interface.cc [614]	DTC1 configured
%MSG
%MSG-i DTCFrontEndInterface:  ROCInterface-mu2edaq06-0 21-Nov-2018 15:46:00 CST  pre-events
otsdaq_mu2e/otsdaq-mu2e/FEInterfaces/DTCFrontEndInterface_interface.cc [618]	DTC1 links OK 0xc1
%MSG
%MSG-d ots:  ROCInterface-mu2edaq06-0 21-Nov-2018 15:58:16 CST pre-events
otsdaq/otsdaq-core/FECore/FEVInterfacesManager.cc [328]	Launching FE Macro 'ROC_Write' ...
%MSG
%MSG-d ots:  ROCInterface-mu2edaq06-0 21-Nov-2018 15:58:24 CST pre-events
otsdaq/otsdaq-core/FECore/FEVInterfacesManager.cc [328]	Launching FE Macro 'ROC_Read' ...
%MSG
%MSG-d ots:  ROCInterface-mu2edaq06-0 21-Nov-2018 15:58:28 CST pre-events
otsdaq/otsdaq-core/FECore/FEVInterfacesManager.cc [328]	Launching FE Macro 'ROC_Read' ...
%MSG
%MSG-d ots:  ROCInterface-mu2edaq06-0 21-Nov-2018 15:58:47 CST pre-events
otsdaq/otsdaq-core/FECore/FEVInterfacesManager.cc [328]	Launching FE Macro 'ROC_Read' ...
%MSG
%MSG-d ots:  ROCInterface-mu2edaq06-0 21-Nov-2018 15:58:54 CST pre-events
otsdaq/otsdaq-core/FECore/FEVInterfacesManager.cc [328]	Launching FE Macro 'ROC_Read' ...
%MSG
%MSG-d ots:  ROCInterface-mu2edaq06-0 21-Nov-2018 15:59:00 CST pre-events
otsdaq/otsdaq-core/FECore/FEVInterfacesManager.cc [328]	Launching FE Macro 'ROC_Read' ...
%MSG
%MSG-d ots:  ROCInterface-mu2edaq06-0 21-Nov-2018 15:59:06 CST pre-events
otsdaq/otsdaq-core/FECore/FEVInterfacesManager.cc [328]	Launching FE Macro 'ROC_Read' ...
%MSG
%MSG-d ots:  ROCInterface-mu2edaq06-0 21-Nov-2018 15:59:11 CST pre-events
otsdaq/otsdaq-core/FECore/FEVInterfacesManager.cc [328]	Launching FE Macro 'ROC_Read' ...
%MSG
%MSG-d ots:  ROCInterface-mu2edaq06-0 21-Nov-2018 15:59:22 CST pre-events
otsdaq/otsdaq-core/FECore/FEVInterfacesManager.cc [328]	Launching FE Macro 'ROC_Write' ...
%MSG
%MSG-d ots:  ROCInterface-mu2edaq06-0 21-Nov-2018 15:59:32 CST pre-events
otsdaq/otsdaq-core/FECore/FEVInterfacesManager.cc [328]	Launching FE Macro 'ROC_Read' ...
%MSG
%MSG-d ots:  ROCInterface-mu2edaq06-0 21-Nov-2018 15:59:48 CST pre-events
otsdaq/otsdaq-core/FECore/FEVInterfacesManager.cc [328]	Launching FE Macro 'ROC_Read' ...
%MSG
%MSG-d ots:  ROCInterface-mu2edaq06-0 21-Nov-2018 15:59:53 CST pre-events
otsdaq/otsdaq-core/FECore/FEVInterfacesManager.cc [328]	Launching FE Macro 'ROC_Read' ...
%MSG
%MSG-d ots:  ROCInterface-mu2edaq06-0 21-Nov-2018 15:59:59 CST pre-events
otsdaq/otsdaq-core/FECore/FEVInterfacesManager.cc [328]	Launching FE Macro 'ROC_Read' ...
%MSG
%MSG-d ots:  ROCInterface-mu2edaq06-0 21-Nov-2018 16:00:04 CST pre-events
otsdaq/otsdaq-core/FECore/FEVInterfacesManager.cc [328]	Launching FE Macro 'ROC_Read' ...
%MSG
%MSG-d ots:  ROCInterface-mu2edaq06-0 21-Nov-2018 16:00:43 CST pre-events
otsdaq/otsdaq-core/FECore/FEVInterfacesManager.cc [328]	Launching FE Macro 'ROC_Read' ...
%MSG
%MSG-d ots:  ROCInterface-mu2edaq06-0 21-Nov-2018 16:01:12 CST pre-events
otsdaq/otsdaq-core/FECore/FEVInterfacesManager.cc [328]	Launching FE Macro 'ROC_Write' ...
%MSG
%MSG-d ots:  ROCInterface-mu2edaq06-0 21-Nov-2018 16:01:17 CST pre-events
otsdaq/otsdaq-core/FECore/FEVInterfacesManager.cc [328]	Launching FE Macro 'ROC_Read' ...
%MSG
%MSG-d ots:  ROCInterface-mu2edaq06-0 21-Nov-2018 16:01:22 CST pre-events
otsdaq/otsdaq-core/FECore/FEVInterfacesManager.cc [328]	Launching FE Macro 'ROC_Read' ...
%MSG
%MSG-d ots:  ROCInterface-mu2edaq06-0 21-Nov-2018 16:01:23 CST pre-events
otsdaq/otsdaq-core/FECore/FEVInterfacesManager.cc [328]	Launching FE Macro 'ROC_Read' ...
%MSG
%MSG-d ots:  ROCInterface-mu2edaq06-0 21-Nov-2018 16:01:24 CST pre-events
otsdaq/otsdaq-core/FECore/FEVInterfacesManager.cc [328]	Launching FE Macro 'ROC_Read' ...
%MSG
%MSG-d ots:  ROCInterface-mu2edaq06-0 21-Nov-2018 16:01:27 CST pre-events
otsdaq/otsdaq-core/FECore/FEVInterfacesManager.cc [328]	Launching FE Macro 'ROC_Read' ...
%MSG
%MSG-d ots:  ROCInterface-mu2edaq06-0 21-Nov-2018 16:02:29 CST pre-events
otsdaq/otsdaq-core/FECore/FEVInterfacesManager.cc [328]	Launching FE Macro 'ROC_Write' ...
%MSG
%MSG-d ots:  ROCInterface-mu2edaq06-0 21-Nov-2018 16:02:30 CST pre-events
otsdaq/otsdaq-core/FECore/FEVInterfacesManager.cc [328]	Launching FE Macro 'ROC_Write' ...
%MSG
%MSG-d ots:  ROCInterface-mu2edaq06-0 21-Nov-2018 16:03:07 CST pre-events
otsdaq/otsdaq-core/FECore/FEVInterfacesManager.cc [328]	Launching FE Macro 'ROC_Write' ...
%MSG
%MSG-d ots:  ROCInterface-mu2edaq06-0 21-Nov-2018 16:03:09 CST pre-events
otsdaq/otsdaq-core/FECore/FEVInterfacesManager.cc [328]	Launching FE Macro 'ROC_Read' ...
%MSG
%MSG-d ots:  ROCInterface-mu2edaq06-0 21-Nov-2018 16:03:11 CST pre-events
otsdaq/otsdaq-core/FECore/FEVInterfacesManager.cc [328]	Launching FE Macro 'ROC_Read' ...
%MSG
%MSG-d ots:  ROCInterface-mu2edaq06-0 21-Nov-2018 16:03:11 CST pre-events
otsdaq/otsdaq-core/FECore/FEVInterfacesManager.cc [328]	Launching FE Macro 'ROC_Read' ...
%MSG
%MSG-d ots:  ROCInterface-mu2edaq06-0 21-Nov-2018 16:03:17 CST pre-events
otsdaq/otsdaq-core/FECore/FEVInterfacesManager.cc [328]	Launching FE Macro 'ROC_Read' ...
%MSG
%MSG-d ots:  ROCInterface-mu2edaq06-0 21-Nov-2018 16:03:23 CST pre-events
otsdaq/otsdaq-core/FECore/FEVInterfacesManager.cc [328]	Launching FE Macro 'ROC_Read' ...
%MSG
%MSG-d ots:  ROCInterface-mu2edaq06-0 21-Nov-2018 16:04:49 CST pre-events
otsdaq/otsdaq-core/FECore/FEVInterfacesManager.cc [328]	Launching FE Macro 'ROC_Read' ...
%MSG
%MSG-d ots:  ROCInterface-mu2edaq06-0 21-Nov-2018 16:05:01 CST pre-events
otsdaq/otsdaq-core/FECore/FEVInterfacesManager.cc [328]	Launching FE Macro 'ROC_Write' ...
%MSG
%MSG-d ots:  ROCInterface-mu2edaq06-0 21-Nov-2018 16:06:32 CST pre-events
otsdaq/otsdaq-core/FECore/FEVInterfacesManager.cc [328]	Launching FE Macro 'ROC_Read' ...
%MSG
%MSG-d ots:  ROCInterface-mu2edaq06-0 21-Nov-2018 16:08:11 CST pre-events
otsdaq/otsdaq-core/FECore/FEVInterfacesManager.cc [328]	Launching FE Macro 'ROC_Read' ...
%MSG
%MSG-d ots:  ROCInterface-mu2edaq06-0 21-Nov-2018 16:08:22 CST pre-events
otsdaq/otsdaq-core/FECore/FEVInterfacesManager.cc [328]	Launching FE Macro 'ROC_Read' ...
%MSG
%MSG-d ots:  ROCInterface-mu2edaq06-0 21-Nov-2018 16:08:30 CST pre-events
otsdaq/otsdaq-core/FECore/FEVInterfacesManager.cc [328]	Launching FE Macro 'ROC_Read' ...
%MSG
%MSG-d ots:  ROCInterface-mu2edaq06-0 21-Nov-2018 16:09:49 CST pre-events
otsdaq/otsdaq-core/FECore/FEVInterfacesManager.cc [328]	Launching FE Macro 'ROC_Write' ...
%MSG
%MSG-d ots:  ROCInterface-mu2edaq06-0 21-Nov-2018 16:09:49 CST pre-events
otsdaq/otsdaq-core/FECore/FEVInterfacesManager.cc [328]	Launching FE Macro 'ROC_Write' ...
%MSG
%MSG-d ots:  ROCInterface-mu2edaq06-0 21-Nov-2018 16:09:50 CST pre-events
otsdaq/otsdaq-core/FECore/FEVInterfacesManager.cc [328]	Launching FE Macro 'ROC_Write' ...
%MSG
%MSG-d ots:  ROCInterface-mu2edaq06-0 21-Nov-2018 16:09:50 CST pre-events
otsdaq/otsdaq-core/FECore/FEVInterfacesManager.cc [328]	Launching FE Macro 'ROC_Write' ...
%MSG
%MSG-d ots:  ROCInterface-mu2edaq06-0 21-Nov-2018 16:09:50 CST pre-events
otsdaq/otsdaq-core/FECore/FEVInterfacesManager.cc [328]	Launching FE Macro 'ROC_Write' ...
%MSG
%MSG-d ots:  ROCInterface-mu2edaq06-0 21-Nov-2018 16:09:50 CST pre-events
otsdaq/otsdaq-core/FECore/FEVInterfacesManager.cc [328]	Launching FE Macro 'ROC_Write' ...
%MSG
%MSG-d ots:  ROCInterface-mu2edaq06-0 21-Nov-2018 16:09:50 CST pre-events
otsdaq/otsdaq-core/FECore/FEVInterfacesManager.cc [328]	Launching FE Macro 'ROC_Write' ...
%MSG
%MSG-d ots:  ROCInterface-mu2edaq06-0 21-Nov-2018 16:09:50 CST pre-events
otsdaq/otsdaq-core/FECore/FEVInterfacesManager.cc [328]	Launching FE Macro 'ROC_Write' ...
%MSG
%MSG-d ots:  ROCInterface-mu2edaq06-0 21-Nov-2018 16:09:51 CST pre-events
otsdaq/otsdaq-core/FECore/FEVInterfacesManager.cc [328]	Launching FE Macro 'ROC_Write' ...
%MSG
%MSG-d ots:  ROCInterface-mu2edaq06-0 21-Nov-2018 16:09:51 CST pre-events
otsdaq/otsdaq-core/FECore/FEVInterfacesManager.cc [328]	Launching FE Macro 'ROC_Write' ...
%MSG
%MSG-d ots:  ROCInterface-mu2edaq06-0 21-Nov-2018 16:09:52 CST pre-events
otsdaq/otsdaq-core/FECore/FEVInterfacesManager.cc [328]	Launching FE Macro 'ROC_Read' ...
%MSG
%MSG-d ots:  ROCInterface-mu2edaq06-0 21-Nov-2018 16:09:59 CST pre-events
otsdaq/otsdaq-core/FECore/FEVInterfacesManager.cc [328]	Launching FE Macro 'ROC_Read' ...
%MSG
%MSG-d ots:  ROCInterface-mu2edaq06-0 21-Nov-2018 16:10:00 CST pre-events
otsdaq/otsdaq-core/FECore/FEVInterfacesManager.cc [328]	Launching FE Macro 'ROC_Read' ...
%MSG
