%MSG-i configureMessageFacility:  CorePropertySupervisorBase  30-Oct-2018 11:31:01 CDT pre-events configureMessageFacility.cc:286
Message Facility Application CorePropertySupervisorBase configured with: debugModules:["*"] destinations:{file:{append:false directory:"/home/mu2edaq/sync_demo/ots/srcs/otsdaq_mu2e/Data/Logs/CorePropertySupervisorBase" pattern:"CorePropertySupervisorBase-%?H%t-%p.log" seperator:"-" threshold:"DEBUG" timestamp_pattern:"%Y%m%d%H%M%S" type:"GenFile"} udp:{host:"192.168.157.6" port:30000 threshold:"DEBUG" type:"UDP"}}
%MSG
%MSG-i _TCPConnect:  CorePropertySupervisorBase 30-Oct-2018 11:31:01 CDT  pre-events TCPConnect.cc:334
Resolving host 192.168.157.6, on port 30000
%MSG
%MSG-i _TCPConnect:  CorePropertySupervisorBase 30-Oct-2018 11:31:01 CDT  pre-events TCPConnect.cc:241
Resolving ip mu2edaq04.fnal.gov
%MSG
%MSG-i configureMessageFacility:  RunControlStateMachine  30-Oct-2018 11:31:01 CDT pre-events configureMessageFacility.cc:286
Message Facility Application RunControlStateMachine configured with: debugModules:["*"] destinations:{file:{append:false directory:"/home/mu2edaq/sync_demo/ots/srcs/otsdaq_mu2e/Data/Logs/RunControlStateMachine" pattern:"RunControlStateMachine-%?H%t-%p.log" seperator:"-" threshold:"DEBUG" timestamp_pattern:"%Y%m%d%H%M%S" type:"GenFile"} udp:{host:"192.168.157.6" port:30000 threshold:"DEBUG" type:"UDP"}}
%MSG
%MSG-i configureMessageFacility:  CoreSupervisorBase 30-Oct-2018 11:31:01 CDT  pre-events configureMessageFacility.cc:286
Message Facility Application CoreSupervisorBase configured with: debugModules:["*"] destinations:{file:{append:false directory:"/home/mu2edaq/sync_demo/ots/srcs/otsdaq_mu2e/Data/Logs/CoreSupervisorBase" pattern:"CoreSupervisorBase-%?H%t-%p.log" seperator:"-" threshold:"DEBUG" timestamp_pattern:"%Y%m%d%H%M%S" type:"GenFile"} udp:{host:"192.168.157.6" port:30000 threshold:"DEBUG" type:"UDP"}}
%MSG
%MSG-i CFOFrontEndInterface:  Early 30-Oct-2018 11:31:55 CDT pre-events
otsdaq_mu2e/otsdaq-mu2e/FEInterfaces/CFOFrontEndInterface_interface.cc [442]	CFO configured
%MSG
%MSG-i CFOFrontEndInterface:  Early 30-Oct-2018 11:31:55 CDT pre-events
otsdaq_mu2e/otsdaq-mu2e/FEInterfaces/CFOFrontEndInterface_interface.cc [446]	CFO links OK = 0x1
%MSG
%MSG-i CFOFrontEndInterface:  Early 30-Oct-2018 11:32:14 CDT pre-events
otsdaq_mu2e/otsdaq-mu2e/FEInterfaces/CFOFrontEndInterface_interface.cc [442]	CFO configured
%MSG
%MSG-i CFOFrontEndInterface:  Early 30-Oct-2018 11:32:14 CDT pre-events
otsdaq_mu2e/otsdaq-mu2e/FEInterfaces/CFOFrontEndInterface_interface.cc [446]	CFO links OK = 0x1
%MSG
%MSG-i CFOFrontEndInterface:  Early 30-Oct-2018 11:32:25 CDT pre-events
otsdaq_mu2e/otsdaq-mu2e/FEInterfaces/CFOFrontEndInterface_interface.cc [442]	CFO configured
%MSG
%MSG-i CFOFrontEndInterface:  Early 30-Oct-2018 11:32:25 CDT pre-events
otsdaq_mu2e/otsdaq-mu2e/FEInterfaces/CFOFrontEndInterface_interface.cc [450]	CFO links not OK = 0x0
%MSG
%MSG-i CFOFrontEndInterface:  Early 30-Oct-2018 11:32:44 CDT pre-events
otsdaq_mu2e/otsdaq-mu2e/FEInterfaces/CFOFrontEndInterface_interface.cc [442]	CFO configured
%MSG
%MSG-i CFOFrontEndInterface:  Early 30-Oct-2018 11:32:44 CDT pre-events
otsdaq_mu2e/otsdaq-mu2e/FEInterfaces/CFOFrontEndInterface_interface.cc [446]	CFO links OK = 0x1
%MSG
%MSG-i CFOFrontEndInterface:  Early 30-Oct-2018 11:32:55 CDT pre-events
otsdaq_mu2e/otsdaq-mu2e/FEInterfaces/CFOFrontEndInterface_interface.cc [442]	CFO configured
%MSG
%MSG-i CFOFrontEndInterface:  Early 30-Oct-2018 11:32:55 CDT pre-events
otsdaq_mu2e/otsdaq-mu2e/FEInterfaces/CFOFrontEndInterface_interface.cc [450]	CFO links not OK = 0x0
%MSG
%MSG-i CFOFrontEndInterface:  Early 30-Oct-2018 11:33:14 CDT pre-events
otsdaq_mu2e/otsdaq-mu2e/FEInterfaces/CFOFrontEndInterface_interface.cc [442]	CFO configured
%MSG
%MSG-i CFOFrontEndInterface:  Early 30-Oct-2018 11:33:14 CDT pre-events
otsdaq_mu2e/otsdaq-mu2e/FEInterfaces/CFOFrontEndInterface_interface.cc [450]	CFO links not OK = 0x0
%MSG
%MSG-i CFOFrontEndInterface:  Early 30-Oct-2018 11:33:34 CDT pre-events
otsdaq_mu2e/otsdaq-mu2e/FEInterfaces/CFOFrontEndInterface_interface.cc [442]	CFO configured
%MSG
%MSG-i CFOFrontEndInterface:  Early 30-Oct-2018 11:33:34 CDT pre-events
otsdaq_mu2e/otsdaq-mu2e/FEInterfaces/CFOFrontEndInterface_interface.cc [446]	CFO links OK = 0x1
%MSG
%MSG-i CFOFrontEndInterface:  Early 30-Oct-2018 11:33:52 CDT pre-events
otsdaq_mu2e/otsdaq-mu2e/FEInterfaces/CFOFrontEndInterface_interface.cc [442]	CFO configured
%MSG
%MSG-i CFOFrontEndInterface:  Early 30-Oct-2018 11:33:52 CDT pre-events
otsdaq_mu2e/otsdaq-mu2e/FEInterfaces/CFOFrontEndInterface_interface.cc [446]	CFO links OK = 0x1
%MSG
%MSG-i CFOFrontEndInterface:  Early 30-Oct-2018 11:34:11 CDT pre-events
otsdaq_mu2e/otsdaq-mu2e/FEInterfaces/CFOFrontEndInterface_interface.cc [442]	CFO configured
%MSG
%MSG-i CFOFrontEndInterface:  Early 30-Oct-2018 11:34:11 CDT pre-events
otsdaq_mu2e/otsdaq-mu2e/FEInterfaces/CFOFrontEndInterface_interface.cc [446]	CFO links OK = 0x1
%MSG
%MSG-i CFOFrontEndInterface:  Early 30-Oct-2018 11:34:30 CDT pre-events
otsdaq_mu2e/otsdaq-mu2e/FEInterfaces/CFOFrontEndInterface_interface.cc [442]	CFO configured
%MSG
%MSG-i CFOFrontEndInterface:  Early 30-Oct-2018 11:34:30 CDT pre-events
otsdaq_mu2e/otsdaq-mu2e/FEInterfaces/CFOFrontEndInterface_interface.cc [446]	CFO links OK = 0x1
%MSG
%MSG-i CFOFrontEndInterface:  Early 30-Oct-2018 11:34:41 CDT pre-events
otsdaq_mu2e/otsdaq-mu2e/FEInterfaces/CFOFrontEndInterface_interface.cc [442]	CFO configured
%MSG
%MSG-i CFOFrontEndInterface:  Early 30-Oct-2018 11:34:41 CDT pre-events
otsdaq_mu2e/otsdaq-mu2e/FEInterfaces/CFOFrontEndInterface_interface.cc [450]	CFO links not OK = 0x0
%MSG
%MSG-i CFOFrontEndInterface:  Early 30-Oct-2018 11:35:00 CDT pre-events
otsdaq_mu2e/otsdaq-mu2e/FEInterfaces/CFOFrontEndInterface_interface.cc [442]	CFO configured
%MSG
%MSG-i CFOFrontEndInterface:  Early 30-Oct-2018 11:35:00 CDT pre-events
otsdaq_mu2e/otsdaq-mu2e/FEInterfaces/CFOFrontEndInterface_interface.cc [446]	CFO links OK = 0x1
%MSG
%MSG-i CFOFrontEndInterface:  Early 30-Oct-2018 11:35:19 CDT pre-events
otsdaq_mu2e/otsdaq-mu2e/FEInterfaces/CFOFrontEndInterface_interface.cc [442]	CFO configured
%MSG
%MSG-i CFOFrontEndInterface:  Early 30-Oct-2018 11:35:19 CDT pre-events
otsdaq_mu2e/otsdaq-mu2e/FEInterfaces/CFOFrontEndInterface_interface.cc [446]	CFO links OK = 0x1
%MSG
%MSG-i CFOFrontEndInterface:  Early 30-Oct-2018 11:35:39 CDT pre-events
otsdaq_mu2e/otsdaq-mu2e/FEInterfaces/CFOFrontEndInterface_interface.cc [442]	CFO configured
%MSG
%MSG-i CFOFrontEndInterface:  Early 30-Oct-2018 11:35:39 CDT pre-events
otsdaq_mu2e/otsdaq-mu2e/FEInterfaces/CFOFrontEndInterface_interface.cc [446]	CFO links OK = 0x1
%MSG
%MSG-i CFOFrontEndInterface:  Early 30-Oct-2018 11:35:58 CDT pre-events
otsdaq_mu2e/otsdaq-mu2e/FEInterfaces/CFOFrontEndInterface_interface.cc [442]	CFO configured
%MSG
%MSG-i CFOFrontEndInterface:  Early 30-Oct-2018 11:35:58 CDT pre-events
otsdaq_mu2e/otsdaq-mu2e/FEInterfaces/CFOFrontEndInterface_interface.cc [450]	CFO links not OK = 0x0
%MSG
%MSG-i CFOFrontEndInterface:  Early 30-Oct-2018 11:36:17 CDT pre-events
otsdaq_mu2e/otsdaq-mu2e/FEInterfaces/CFOFrontEndInterface_interface.cc [442]	CFO configured
%MSG
%MSG-i CFOFrontEndInterface:  Early 30-Oct-2018 11:36:17 CDT pre-events
otsdaq_mu2e/otsdaq-mu2e/FEInterfaces/CFOFrontEndInterface_interface.cc [446]	CFO links OK = 0x1
%MSG
%MSG-i CFOFrontEndInterface:  Early 30-Oct-2018 11:36:36 CDT pre-events
otsdaq_mu2e/otsdaq-mu2e/FEInterfaces/CFOFrontEndInterface_interface.cc [442]	CFO configured
%MSG
%MSG-i CFOFrontEndInterface:  Early 30-Oct-2018 11:36:36 CDT pre-events
otsdaq_mu2e/otsdaq-mu2e/FEInterfaces/CFOFrontEndInterface_interface.cc [446]	CFO links OK = 0x1
%MSG
%MSG-i CFOFrontEndInterface:  Early 30-Oct-2018 11:36:54 CDT pre-events
otsdaq_mu2e/otsdaq-mu2e/FEInterfaces/CFOFrontEndInterface_interface.cc [442]	CFO configured
%MSG
%MSG-i CFOFrontEndInterface:  Early 30-Oct-2018 11:36:54 CDT pre-events
otsdaq_mu2e/otsdaq-mu2e/FEInterfaces/CFOFrontEndInterface_interface.cc [446]	CFO links OK = 0x1
%MSG
%MSG-i CFOFrontEndInterface:  Early 30-Oct-2018 11:37:13 CDT pre-events
otsdaq_mu2e/otsdaq-mu2e/FEInterfaces/CFOFrontEndInterface_interface.cc [442]	CFO configured
%MSG
%MSG-i CFOFrontEndInterface:  Early 30-Oct-2018 11:37:13 CDT pre-events
otsdaq_mu2e/otsdaq-mu2e/FEInterfaces/CFOFrontEndInterface_interface.cc [446]	CFO links OK = 0x1
%MSG
%MSG-i CFOFrontEndInterface:  Early 30-Oct-2018 11:37:32 CDT pre-events
otsdaq_mu2e/otsdaq-mu2e/FEInterfaces/CFOFrontEndInterface_interface.cc [442]	CFO configured
%MSG
%MSG-i CFOFrontEndInterface:  Early 30-Oct-2018 11:37:32 CDT pre-events
otsdaq_mu2e/otsdaq-mu2e/FEInterfaces/CFOFrontEndInterface_interface.cc [446]	CFO links OK = 0x1
%MSG
