%MSG-i configureMessageFacility:  CorePropertySupervisorBase  26-Sep-2018 13:35:49 CDT pre-events configureMessageFacility.cc:300
Message Facility Application CorePropertySupervisorBase configured with: debugModules:["*"] destinations:{file:{append:false directory:"/home/mu2edaq/sync_demo/ots/srcs/otsdaq_mu2e/Data/Logs/CorePropertySupervisorBase" pattern:"CorePropertySupervisorBase-%?H%t-%p.log" seperator:"-" threshold:"DEBUG" timestamp_pattern:"%Y%m%d%H%M%S" type:"GenFile"} udp:{host:"127.0.0.1" port:30000 threshold:"DEBUG" type:"UDP"}}
%MSG
%MSG-i configureMessageFacility:  RunControlStateMachine  26-Sep-2018 13:35:50 CDT pre-events configureMessageFacility.cc:300
Message Facility Application RunControlStateMachine configured with: debugModules:["*"] destinations:{file:{append:false directory:"/home/mu2edaq/sync_demo/ots/srcs/otsdaq_mu2e/Data/Logs/RunControlStateMachine" pattern:"RunControlStateMachine-%?H%t-%p.log" seperator:"-" threshold:"DEBUG" timestamp_pattern:"%Y%m%d%H%M%S" type:"GenFile"} udp:{host:"127.0.0.1" port:30000 threshold:"DEBUG" type:"UDP"}}
%MSG
%MSG-i configureMessageFacility:  CoreSupervisorBase 26-Sep-2018 13:35:50 CDT  pre-events configureMessageFacility.cc:300
Message Facility Application CoreSupervisorBase configured with: debugModules:["*"] destinations:{file:{append:false directory:"/home/mu2edaq/sync_demo/ots/srcs/otsdaq_mu2e/Data/Logs/CoreSupervisorBase" pattern:"CoreSupervisorBase-%?H%t-%p.log" seperator:"-" threshold:"DEBUG" timestamp_pattern:"%Y%m%d%H%M%S" type:"GenFile"} udp:{host:"127.0.0.1" port:30000 threshold:"DEBUG" type:"UDP"}}
%MSG
%MSG-d ots:  Early 26-Sep-2018 13:38:05 CDT pre-events
otsdaq/otsdaq-core/WorkLoopManager/WorkLoop.cc [26]	Destroying WorkLoop: DTC0-SlowControls
%MSG
%MSG-d ots:  Early 26-Sep-2018 13:38:05 CDT pre-events
otsdaq/otsdaq-core/WorkLoopManager/WorkLoop.cc [29]	Destroyed WorkLoop: DTC0-SlowControls
%MSG
%MSG-d ots:  Early 26-Sep-2018 13:38:05 CDT pre-events
otsdaq/otsdaq-core/WorkLoopManager/WorkLoop.cc [26]	Destroying WorkLoop: DTC0
%MSG
%MSG-d ots:  Early 26-Sep-2018 13:38:05 CDT pre-events
otsdaq/otsdaq-core/WorkLoopManager/WorkLoop.cc [29]	Destroyed WorkLoop: DTC0
%MSG
%MSG-d ots:  Early 26-Sep-2018 13:40:27 CDT pre-events
otsdaq/otsdaq-core/WorkLoopManager/WorkLoop.cc [26]	Destroying WorkLoop: DTC0-SlowControls
%MSG
%MSG-d ots:  Early 26-Sep-2018 13:40:27 CDT pre-events
otsdaq/otsdaq-core/WorkLoopManager/WorkLoop.cc [29]	Destroyed WorkLoop: DTC0-SlowControls
%MSG
%MSG-d ots:  Early 26-Sep-2018 13:40:27 CDT pre-events
otsdaq/otsdaq-core/WorkLoopManager/WorkLoop.cc [26]	Destroying WorkLoop: DTC0
%MSG
%MSG-d ots:  Early 26-Sep-2018 13:40:27 CDT pre-events
otsdaq/otsdaq-core/WorkLoopManager/WorkLoop.cc [29]	Destroyed WorkLoop: DTC0
%MSG
