%MSG-i configureMessageFacility:  CorePropertySupervisorBase  05-Dec-2018 14:58:13 CST pre-events configureMessageFacility.cc:286
Message Facility Application CorePropertySupervisorBase configured with: debugModules:["*"] destinations:{file:{append:false directory:"/home/mu2edaq/sync_demo/ots/srcs/otsdaq_mu2e/Data/Logs/CorePropertySupervisorBase" pattern:"CorePropertySupervisorBase-%?H%t-%p.log" seperator:"-" threshold:"DEBUG" timestamp_pattern:"%Y%m%d%H%M%S" type:"GenFile"} udp:{host:"192.168.157.6" port:30000 threshold:"DEBUG" type:"UDP"}}
%MSG
%MSG-i _TCPConnect:  CorePropertySupervisorBase 05-Dec-2018 14:58:13 CST  pre-events TCPConnect.cc:334
Resolving host 192.168.157.6, on port 30000
%MSG
%MSG-i _TCPConnect:  CorePropertySupervisorBase 05-Dec-2018 14:58:13 CST  pre-events TCPConnect.cc:241
Resolving ip mu2edaq06.fnal.gov
%MSG
%MSG-i configureMessageFacility:  RunControlStateMachine  05-Dec-2018 14:58:14 CST pre-events configureMessageFacility.cc:286
Message Facility Application RunControlStateMachine configured with: debugModules:["*"] destinations:{file:{append:false directory:"/home/mu2edaq/sync_demo/ots/srcs/otsdaq_mu2e/Data/Logs/RunControlStateMachine" pattern:"RunControlStateMachine-%?H%t-%p.log" seperator:"-" threshold:"DEBUG" timestamp_pattern:"%Y%m%d%H%M%S" type:"GenFile"} udp:{host:"192.168.157.6" port:30000 threshold:"DEBUG" type:"UDP"}}
%MSG
%MSG-i configureMessageFacility:  CoreSupervisorBase 05-Dec-2018 14:58:14 CST  pre-events configureMessageFacility.cc:286
Message Facility Application CoreSupervisorBase configured with: debugModules:["*"] destinations:{file:{append:false directory:"/home/mu2edaq/sync_demo/ots/srcs/otsdaq_mu2e/Data/Logs/CoreSupervisorBase" pattern:"CoreSupervisorBase-%?H%t-%p.log" seperator:"-" threshold:"DEBUG" timestamp_pattern:"%Y%m%d%H%M%S" type:"GenFile"} udp:{host:"192.168.157.6" port:30000 threshold:"DEBUG" type:"UDP"}}
%MSG
%MSG-i configureMessageFacility:  ROCCoreInterface 05-Dec-2018 14:59:11 CST  pre-events configureMessageFacility.cc:286
Message Facility Application ROCCoreInterface configured with: debugModules:["*"] destinations:{file:{append:false directory:"/home/mu2edaq/sync_demo/ots/srcs/otsdaq_mu2e/Data/Logs/ROCCoreInterface" pattern:"ROCCoreInterface-%?H%t-%p.log" seperator:"-" threshold:"DEBUG" timestamp_pattern:"%Y%m%d%H%M%S" type:"GenFile"} udp:{host:"192.168.157.6" port:30000 threshold:"DEBUG" type:"UDP"}}
%MSG
%MSG-i FE-ROCCoreInterface:  ROCCoreInterface-mu2edaq06-0  05-Dec-2018 14:59:11 CST pre-events
otsdaq_mu2e/otsdaq-mu2e/FEInterfaces/ROCCoreInterface_interface.cc [28]	ROCCoreInterface instantiated with link: 0 and EventWindowDelayOffset = 0
%MSG
%MSG-i DTCFrontEndInterface:  ROCCoreInterface-mu2edaq06-0  05-Dec-2018 14:59:11 CST pre-events
otsdaq_mu2e/otsdaq-mu2e/FEInterfaces/DTCFrontEndInterface_interface.cc [135]	DTCFrontEndInterface instantiated with name: DTC1 dtc_location_in_chain_ = 1 talking to /dev/mu2e0
%MSG
%MSG-i DTCFrontEndInterface:  ROCCoreInterface-mu2edaq06-0  05-Dec-2018 14:59:11 CST pre-events
otsdaq_mu2e/otsdaq-mu2e/FEInterfaces/DTCFrontEndInterface_interface.cc [636]	Step 0: DTC1 reset FPGA...
%MSG
%MSG-i DTCFrontEndInterface:  ROCCoreInterface-mu2edaq06-0  05-Dec-2018 14:59:34 CST pre-events
otsdaq_mu2e/otsdaq-mu2e/FEInterfaces/DTCFrontEndInterface_interface.cc [650]	Step 1: DTC1 reset clock...
%MSG
%MSG-i DTCFrontEndInterface:  ROCCoreInterface-mu2edaq06-0  05-Dec-2018 14:59:49 CST pre-events
otsdaq_mu2e/otsdaq-mu2e/FEInterfaces/DTCFrontEndInterface_interface.cc [689]	Step 2: DTC1 configure Jitter Attenuator...
%MSG
%MSG-i DTCFrontEndInterface:  ROCCoreInterface-mu2edaq06-0  05-Dec-2018 15:00:13 CST pre-events
otsdaq_mu2e/otsdaq-mu2e/FEInterfaces/DTCFrontEndInterface_interface.cc [759]	Step 4: DTC1 wait for links...
%MSG
%MSG-i DTCFrontEndInterface:  ROCCoreInterface-mu2edaq06-0  05-Dec-2018 15:00:14 CST pre-events
otsdaq_mu2e/otsdaq-mu2e/FEInterfaces/DTCFrontEndInterface_interface.cc [767]	Step 5: DTC1 enable markers, Tx, Rx
%MSG
%MSG-i DTCFrontEndInterface:  ROCCoreInterface-mu2edaq06-0  05-Dec-2018 15:00:14 CST pre-events
otsdaq_mu2e/otsdaq-mu2e/FEInterfaces/DTCFrontEndInterface_interface.cc [783]	Step 5: DTC1 configure ROCs
%MSG
%MSG-i FE-ROCCoreInterface:  ROCCoreInterface-mu2edaq06-0  05-Dec-2018 15:00:14 CST pre-events
otsdaq_mu2e/otsdaq-mu2e/FEInterfaces/ROCCoreInterface_interface.cc [99]	......... Set delay = 0
%MSG
%MSG-i DTCFrontEndInterface:  ROCCoreInterface-mu2edaq06-0  05-Dec-2018 15:00:19 CST pre-events
otsdaq_mu2e/otsdaq-mu2e/FEInterfaces/DTCFrontEndInterface_interface.cc [791]	Step 6: DTC1 configured
%MSG
%MSG-i DTCFrontEndInterface:  ROCCoreInterface-mu2edaq06-0  05-Dec-2018 15:00:19 CST pre-events
otsdaq_mu2e/otsdaq-mu2e/FEInterfaces/DTCFrontEndInterface_interface.cc [795]	DTC1 links OK 0xc3
%MSG
%MSG-d ots:  ROCCoreInterface-mu2edaq06-0 05-Dec-2018 15:00:41 CST pre-events
otsdaq/otsdaq-core/FECore/FEVInterfacesManager.cc [328]	Launching FE Macro 'ROC_Read' ...
%MSG
%MSG-d ots:  ROCCoreInterface-mu2edaq06-0 05-Dec-2018 15:00:43 CST pre-events
otsdaq/otsdaq-core/FECore/FEVInterfacesManager.cc [328]	Launching FE Macro 'ROC_Read' ...
%MSG
%MSG-d ots:  ROCCoreInterface-mu2edaq06-0 05-Dec-2018 15:01:36 CST pre-events
otsdaq/otsdaq-core/FECore/FEVInterfacesManager.cc [328]	Launching FE Macro 'ROC_Read' ...
%MSG
%MSG-d ots:  ROCCoreInterface-mu2edaq06-0 05-Dec-2018 15:01:36 CST pre-events
otsdaq/otsdaq-core/FECore/FEVInterfacesManager.cc [328]	Launching FE Macro 'ROC_Read' ...
%MSG
%MSG-d ots:  ROCCoreInterface-mu2edaq06-0 05-Dec-2018 15:01:37 CST pre-events
otsdaq/otsdaq-core/FECore/FEVInterfacesManager.cc [328]	Launching FE Macro 'ROC_Read' ...
%MSG
%MSG-d ots:  ROCCoreInterface-mu2edaq06-0 05-Dec-2018 15:01:40 CST pre-events
otsdaq/otsdaq-core/FECore/FEVInterfacesManager.cc [328]	Launching FE Macro 'ROC_Read' ...
%MSG
%MSG-d ots:  ROCCoreInterface-mu2edaq06-0 05-Dec-2018 15:01:40 CST pre-events
otsdaq/otsdaq-core/FECore/FEVInterfacesManager.cc [328]	Launching FE Macro 'ROC_Read' ...
%MSG
%MSG-d ots:  ROCCoreInterface-mu2edaq06-0 05-Dec-2018 15:01:40 CST pre-events
otsdaq/otsdaq-core/FECore/FEVInterfacesManager.cc [328]	Launching FE Macro 'ROC_Read' ...
%MSG
%MSG-d ots:  ROCCoreInterface-mu2edaq06-0 05-Dec-2018 15:01:41 CST pre-events
otsdaq/otsdaq-core/FECore/FEVInterfacesManager.cc [328]	Launching FE Macro 'ROC_Read' ...
%MSG
%MSG-d ots:  ROCCoreInterface-mu2edaq06-0 05-Dec-2018 15:01:41 CST pre-events
otsdaq/otsdaq-core/FECore/FEVInterfacesManager.cc [328]	Launching FE Macro 'ROC_Read' ...
%MSG
%MSG-d ots:  ROCCoreInterface-mu2edaq06-0 05-Dec-2018 15:01:50 CST pre-events
otsdaq/otsdaq-core/FECore/FEVInterfacesManager.cc [328]	Launching FE Macro 'ROC_Read' ...
%MSG
%MSG-d ots:  ROCCoreInterface-mu2edaq06-0 05-Dec-2018 15:04:13 CST pre-events
otsdaq/otsdaq-core/FECore/FEVInterfacesManager.cc [328]	Launching FE Macro 'ROC_Read' ...
%MSG
%MSG-d ots:  ROCCoreInterface-mu2edaq06-0 05-Dec-2018 15:04:37 CST pre-events
otsdaq/otsdaq-core/FECore/FEVInterfacesManager.cc [328]	Launching FE Macro 'ROC_Read' ...
%MSG
%MSG-d ots:  ROCCoreInterface-mu2edaq06-0 05-Dec-2018 15:04:38 CST pre-events
otsdaq/otsdaq-core/FECore/FEVInterfacesManager.cc [328]	Launching FE Macro 'ROC_Read' ...
%MSG
%MSG-d ots:  ROCCoreInterface-mu2edaq06-0 05-Dec-2018 15:04:39 CST pre-events
otsdaq/otsdaq-core/FECore/FEVInterfacesManager.cc [328]	Launching FE Macro 'ROC_Read' ...
%MSG
%MSG-d ots:  ROCCoreInterface-mu2edaq06-0 05-Dec-2018 15:04:46 CST pre-events
otsdaq/otsdaq-core/FECore/FEVInterfacesManager.cc [328]	Launching FE Macro 'ROC_Read' ...
%MSG
%MSG-d ots:  ROCCoreInterface-mu2edaq06-0 05-Dec-2018 15:04:55 CST pre-events
otsdaq/otsdaq-core/FECore/FEVInterfacesManager.cc [328]	Launching FE Macro 'ROC_Read' ...
%MSG
%MSG-d ots:  ROCCoreInterface-mu2edaq06-0 05-Dec-2018 15:04:56 CST pre-events
otsdaq/otsdaq-core/FECore/FEVInterfacesManager.cc [328]	Launching FE Macro 'ROC_Read' ...
%MSG
%MSG-d ots:  ROCCoreInterface-mu2edaq06-0 05-Dec-2018 15:04:57 CST pre-events
otsdaq/otsdaq-core/FECore/FEVInterfacesManager.cc [328]	Launching FE Macro 'ROC_Read' ...
%MSG
%MSG-d ots:  ROCCoreInterface-mu2edaq06-0 05-Dec-2018 15:04:58 CST pre-events
otsdaq/otsdaq-core/FECore/FEVInterfacesManager.cc [328]	Launching FE Macro 'ROC_Read' ...
%MSG
%MSG-d ots:  ROCCoreInterface-mu2edaq06-0 05-Dec-2018 15:04:58 CST pre-events
otsdaq/otsdaq-core/FECore/FEVInterfacesManager.cc [328]	Launching FE Macro 'ROC_Read' ...
%MSG
%MSG-d ots:  ROCCoreInterface-mu2edaq06-0 05-Dec-2018 15:05:01 CST pre-events
otsdaq/otsdaq-core/FECore/FEVInterfacesManager.cc [328]	Launching FE Macro 'ROC_Read' ...
%MSG
%MSG-d ots:  ROCCoreInterface-mu2edaq06-0 05-Dec-2018 15:05:02 CST pre-events
otsdaq/otsdaq-core/FECore/FEVInterfacesManager.cc [328]	Launching FE Macro 'ROC_Read' ...
%MSG
%MSG-d ots:  ROCCoreInterface-mu2edaq06-0 05-Dec-2018 15:05:02 CST pre-events
otsdaq/otsdaq-core/FECore/FEVInterfacesManager.cc [328]	Launching FE Macro 'ROC_Read' ...
%MSG
%MSG-d ots:  ROCCoreInterface-mu2edaq06-0 05-Dec-2018 15:05:04 CST pre-events
otsdaq/otsdaq-core/FECore/FEVInterfacesManager.cc [328]	Launching FE Macro 'ROC_Read' ...
%MSG
%MSG-d ots:  ROCCoreInterface-mu2edaq06-0 05-Dec-2018 15:05:05 CST pre-events
otsdaq/otsdaq-core/FECore/FEVInterfacesManager.cc [328]	Launching FE Macro 'ROC_Read' ...
%MSG
%MSG-d ots:  ROCCoreInterface-mu2edaq06-0 05-Dec-2018 15:05:05 CST pre-events
otsdaq/otsdaq-core/FECore/FEVInterfacesManager.cc [328]	Launching FE Macro 'ROC_Read' ...
%MSG
%MSG-d ots:  ROCCoreInterface-mu2edaq06-0 05-Dec-2018 15:05:05 CST pre-events
otsdaq/otsdaq-core/FECore/FEVInterfacesManager.cc [328]	Launching FE Macro 'ROC_Read' ...
%MSG
%MSG-d ots:  ROCCoreInterface-mu2edaq06-0 05-Dec-2018 15:05:06 CST pre-events
otsdaq/otsdaq-core/FECore/FEVInterfacesManager.cc [328]	Launching FE Macro 'ROC_Read' ...
%MSG
%MSG-d ots:  ROCCoreInterface-mu2edaq06-0 05-Dec-2018 15:05:33 CST pre-events
otsdaq/otsdaq-core/FECore/FEVInterfacesManager.cc [328]	Launching FE Macro 'ROC_Read' ...
%MSG
%MSG-d ots:  ROCCoreInterface-mu2edaq06-0 05-Dec-2018 15:05:35 CST pre-events
otsdaq/otsdaq-core/FECore/FEVInterfacesManager.cc [328]	Launching FE Macro 'ROC_Read' ...
%MSG
%MSG-d ots:  ROCCoreInterface-mu2edaq06-0 05-Dec-2018 15:05:41 CST pre-events
otsdaq/otsdaq-core/FECore/FEVInterfacesManager.cc [328]	Launching FE Macro 'ROC_Read' ...
%MSG
%MSG-d ots:  ROCCoreInterface-mu2edaq06-0 05-Dec-2018 15:05:49 CST pre-events
otsdaq/otsdaq-core/FECore/FEVInterfacesManager.cc [328]	Launching FE Macro 'ROC_Read' ...
%MSG
%MSG-d ots:  ROCCoreInterface-mu2edaq06-0 05-Dec-2018 15:05:51 CST pre-events
otsdaq/otsdaq-core/FECore/FEVInterfacesManager.cc [328]	Launching FE Macro 'ROC_Read' ...
%MSG
%MSG-d ots:  ROCCoreInterface-mu2edaq06-0 05-Dec-2018 15:06:02 CST pre-events
otsdaq/otsdaq-core/FECore/FEVInterfacesManager.cc [328]	Launching FE Macro 'ROC_Read' ...
%MSG
%MSG-d ots:  ROCCoreInterface-mu2edaq06-0 05-Dec-2018 15:06:02 CST pre-events
otsdaq/otsdaq-core/FECore/FEVInterfacesManager.cc [328]	Launching FE Macro 'ROC_Read' ...
%MSG
%MSG-d ots:  ROCCoreInterface-mu2edaq06-0 05-Dec-2018 15:06:03 CST pre-events
otsdaq/otsdaq-core/FECore/FEVInterfacesManager.cc [328]	Launching FE Macro 'ROC_Read' ...
%MSG
%MSG-d ots:  ROCCoreInterface-mu2edaq06-0 05-Dec-2018 15:06:07 CST pre-events
otsdaq/otsdaq-core/FECore/FEVInterfacesManager.cc [328]	Launching FE Macro 'ROC_Read' ...
%MSG
%MSG-d ots:  ROCCoreInterface-mu2edaq06-0 05-Dec-2018 15:06:08 CST pre-events
otsdaq/otsdaq-core/FECore/FEVInterfacesManager.cc [328]	Launching FE Macro 'ROC_Read' ...
%MSG
%MSG-d ots:  ROCCoreInterface-mu2edaq06-0 05-Dec-2018 15:06:08 CST pre-events
otsdaq/otsdaq-core/FECore/FEVInterfacesManager.cc [328]	Launching FE Macro 'ROC_Read' ...
%MSG
%MSG-d ots:  ROCCoreInterface-mu2edaq06-0 05-Dec-2018 15:06:46 CST pre-events
otsdaq/otsdaq-core/FECore/FEVInterfacesManager.cc [328]	Launching FE Macro 'ROC_Read' ...
%MSG
%MSG-d ots:  ROCCoreInterface-mu2edaq06-0 05-Dec-2018 15:06:51 CST pre-events
otsdaq/otsdaq-core/FECore/FEVInterfacesManager.cc [328]	Launching FE Macro 'ROC_Read' ...
%MSG
