%MSG-i configureMessageFacility:  CorePropertySupervisorBase  28-Nov-2018 12:21:14 CST pre-events configureMessageFacility.cc:286
Message Facility Application CorePropertySupervisorBase configured with: debugModules:["*"] destinations:{file:{append:false directory:"/home/mu2edaq/sync_demo/ots/srcs/otsdaq_mu2e/Data/Logs/CorePropertySupervisorBase" pattern:"CorePropertySupervisorBase-%?H%t-%p.log" seperator:"-" threshold:"DEBUG" timestamp_pattern:"%Y%m%d%H%M%S" type:"GenFile"} udp:{host:"192.168.157.6" port:30000 threshold:"DEBUG" type:"UDP"}}
%MSG
%MSG-i _TCPConnect:  CorePropertySupervisorBase 28-Nov-2018 12:21:14 CST  pre-events TCPConnect.cc:334
Resolving host 192.168.157.6, on port 30000
%MSG
%MSG-i _TCPConnect:  CorePropertySupervisorBase 28-Nov-2018 12:21:14 CST  pre-events TCPConnect.cc:241
Resolving ip mu2edaq04.fnal.gov
%MSG
%MSG-i configureMessageFacility:  RunControlStateMachine  28-Nov-2018 12:21:14 CST pre-events configureMessageFacility.cc:286
Message Facility Application RunControlStateMachine configured with: debugModules:["*"] destinations:{file:{append:false directory:"/home/mu2edaq/sync_demo/ots/srcs/otsdaq_mu2e/Data/Logs/RunControlStateMachine" pattern:"RunControlStateMachine-%?H%t-%p.log" seperator:"-" threshold:"DEBUG" timestamp_pattern:"%Y%m%d%H%M%S" type:"GenFile"} udp:{host:"192.168.157.6" port:30000 threshold:"DEBUG" type:"UDP"}}
%MSG
%MSG-i configureMessageFacility:  CoreSupervisorBase 28-Nov-2018 12:21:14 CST  pre-events configureMessageFacility.cc:286
Message Facility Application CoreSupervisorBase configured with: debugModules:["*"] destinations:{file:{append:false directory:"/home/mu2edaq/sync_demo/ots/srcs/otsdaq_mu2e/Data/Logs/CoreSupervisorBase" pattern:"CoreSupervisorBase-%?H%t-%p.log" seperator:"-" threshold:"DEBUG" timestamp_pattern:"%Y%m%d%H%M%S" type:"GenFile"} udp:{host:"192.168.157.6" port:30000 threshold:"DEBUG" type:"UDP"}}
%MSG
%MSG-i CFOFrontEndInterface:  Early 28-Nov-2018 12:22:05 CST pre-events
otsdaq_mu2e/otsdaq-mu2e/FEInterfaces/CFOFrontEndInterface_interface.cc [424]	CFO reset clock...
%MSG
%MSG-i CFOFrontEndInterface:  Early 28-Nov-2018 12:22:46 CST pre-events
otsdaq_mu2e/otsdaq-mu2e/FEInterfaces/CFOFrontEndInterface_interface.cc [466]	CFO reset TX...
%MSG
%MSG-i CFOFrontEndInterface:  Early 28-Nov-2018 12:23:10 CST pre-events
otsdaq_mu2e/otsdaq-mu2e/FEInterfaces/CFOFrontEndInterface_interface.cc [508]	--------------
%MSG
%MSG-i CFOFrontEndInterface:  Early 28-Nov-2018 12:23:10 CST pre-events
otsdaq_mu2e/otsdaq-mu2e/FEInterfaces/CFOFrontEndInterface_interface.cc [509]	CFO configured
%MSG
%MSG-i CFOFrontEndInterface:  Early 28-Nov-2018 12:23:10 CST pre-events
otsdaq_mu2e/otsdaq-mu2e/FEInterfaces/CFOFrontEndInterface_interface.cc [513]	CFO links OK = 0x1
%MSG
%MSG-d ots:  Early 28-Nov-2018 12:25:10 CST pre-events
otsdaq/otsdaq-core/WorkLoopManager/WorkLoop.cc [26]	Destroying WorkLoop: CFO0-SlowControls
%MSG
%MSG-d ots:  Early 28-Nov-2018 12:25:10 CST pre-events
otsdaq/otsdaq-core/WorkLoopManager/WorkLoop.cc [29]	Destroyed WorkLoop: CFO0-SlowControls
%MSG
%MSG-d ots:  Early 28-Nov-2018 12:25:10 CST pre-events
otsdaq/otsdaq-core/WorkLoopManager/WorkLoop.cc [26]	Destroying WorkLoop: CFO0
%MSG
%MSG-d ots:  Early 28-Nov-2018 12:25:10 CST pre-events
otsdaq/otsdaq-core/WorkLoopManager/WorkLoop.cc [29]	Destroyed WorkLoop: CFO0
%MSG
%MSG-i CFOFrontEndInterface:  Early 28-Nov-2018 12:25:20 CST pre-events
otsdaq_mu2e/otsdaq-mu2e/FEInterfaces/CFOFrontEndInterface_interface.cc [424]	CFO reset clock...
%MSG
%MSG-i CFOFrontEndInterface:  Early 28-Nov-2018 12:26:01 CST pre-events
otsdaq_mu2e/otsdaq-mu2e/FEInterfaces/CFOFrontEndInterface_interface.cc [466]	CFO reset TX...
%MSG
%MSG-i CFOFrontEndInterface:  Early 28-Nov-2018 12:26:25 CST pre-events
otsdaq_mu2e/otsdaq-mu2e/FEInterfaces/CFOFrontEndInterface_interface.cc [508]	--------------
%MSG
%MSG-i CFOFrontEndInterface:  Early 28-Nov-2018 12:26:25 CST pre-events
otsdaq_mu2e/otsdaq-mu2e/FEInterfaces/CFOFrontEndInterface_interface.cc [509]	CFO configured
%MSG
%MSG-i CFOFrontEndInterface:  Early 28-Nov-2018 12:26:25 CST pre-events
otsdaq_mu2e/otsdaq-mu2e/FEInterfaces/CFOFrontEndInterface_interface.cc [513]	CFO links OK = 0x1
%MSG
%MSG-d ots:  Early 28-Nov-2018 12:42:34 CST pre-events
otsdaq/otsdaq-core/WorkLoopManager/WorkLoop.cc [26]	Destroying WorkLoop: CFO0-SlowControls
%MSG
%MSG-d ots:  Early 28-Nov-2018 12:42:34 CST pre-events
otsdaq/otsdaq-core/WorkLoopManager/WorkLoop.cc [29]	Destroyed WorkLoop: CFO0-SlowControls
%MSG
%MSG-d ots:  Early 28-Nov-2018 12:42:34 CST pre-events
otsdaq/otsdaq-core/WorkLoopManager/WorkLoop.cc [26]	Destroying WorkLoop: CFO0
%MSG
%MSG-d ots:  Early 28-Nov-2018 12:42:34 CST pre-events
otsdaq/otsdaq-core/WorkLoopManager/WorkLoop.cc [29]	Destroyed WorkLoop: CFO0
%MSG
%MSG-i CFOFrontEndInterface:  Early 28-Nov-2018 12:42:45 CST pre-events
otsdaq_mu2e/otsdaq-mu2e/FEInterfaces/CFOFrontEndInterface_interface.cc [424]	CFO reset clock...
%MSG
%MSG-i CFOFrontEndInterface:  Early 28-Nov-2018 12:43:25 CST pre-events
otsdaq_mu2e/otsdaq-mu2e/FEInterfaces/CFOFrontEndInterface_interface.cc [466]	CFO reset TX...
%MSG
%MSG-i CFOFrontEndInterface:  Early 28-Nov-2018 12:43:50 CST pre-events
otsdaq_mu2e/otsdaq-mu2e/FEInterfaces/CFOFrontEndInterface_interface.cc [508]	--------------
%MSG
%MSG-i CFOFrontEndInterface:  Early 28-Nov-2018 12:43:50 CST pre-events
otsdaq_mu2e/otsdaq-mu2e/FEInterfaces/CFOFrontEndInterface_interface.cc [509]	CFO configured
%MSG
%MSG-i CFOFrontEndInterface:  Early 28-Nov-2018 12:43:50 CST pre-events
otsdaq_mu2e/otsdaq-mu2e/FEInterfaces/CFOFrontEndInterface_interface.cc [513]	CFO links OK = 0x1
%MSG
%MSG-d ots:  Early 28-Nov-2018 12:45:24 CST pre-events
otsdaq/otsdaq-core/WorkLoopManager/WorkLoop.cc [26]	Destroying WorkLoop: CFO0-SlowControls
%MSG
%MSG-d ots:  Early 28-Nov-2018 12:45:24 CST pre-events
otsdaq/otsdaq-core/WorkLoopManager/WorkLoop.cc [29]	Destroyed WorkLoop: CFO0-SlowControls
%MSG
%MSG-d ots:  Early 28-Nov-2018 12:45:24 CST pre-events
otsdaq/otsdaq-core/WorkLoopManager/WorkLoop.cc [26]	Destroying WorkLoop: CFO0
%MSG
%MSG-d ots:  Early 28-Nov-2018 12:45:24 CST pre-events
otsdaq/otsdaq-core/WorkLoopManager/WorkLoop.cc [29]	Destroyed WorkLoop: CFO0
%MSG
%MSG-i CFOFrontEndInterface:  Early 28-Nov-2018 12:45:35 CST pre-events
otsdaq_mu2e/otsdaq-mu2e/FEInterfaces/CFOFrontEndInterface_interface.cc [424]	CFO reset clock...
%MSG
%MSG-i CFOFrontEndInterface:  Early 28-Nov-2018 12:46:15 CST pre-events
otsdaq_mu2e/otsdaq-mu2e/FEInterfaces/CFOFrontEndInterface_interface.cc [466]	CFO reset TX...
%MSG
%MSG-i CFOFrontEndInterface:  Early 28-Nov-2018 12:46:38 CST pre-events
otsdaq_mu2e/otsdaq-mu2e/FEInterfaces/CFOFrontEndInterface_interface.cc [508]	--------------
%MSG
%MSG-i CFOFrontEndInterface:  Early 28-Nov-2018 12:46:38 CST pre-events
otsdaq_mu2e/otsdaq-mu2e/FEInterfaces/CFOFrontEndInterface_interface.cc [509]	CFO configured
%MSG
%MSG-i CFOFrontEndInterface:  Early 28-Nov-2018 12:46:38 CST pre-events
otsdaq_mu2e/otsdaq-mu2e/FEInterfaces/CFOFrontEndInterface_interface.cc [513]	CFO links OK = 0x1
%MSG
%MSG-i CFOFrontEndInterface:  Early 28-Nov-2018 12:50:19 CST pre-events
otsdaq_mu2e/otsdaq-mu2e/FEInterfaces/CFOFrontEndInterface_interface.cc [634]	 Looping back DTC0 ROC0
%MSG
%MSG-i CFOFrontEndInterface:  Early 28-Nov-2018 12:50:28 CST pre-events
otsdaq_mu2e/otsdaq-mu2e/FEInterfaces/CFOFrontEndInterface_interface.cc [634]	 Looping back DTC0 ROC1
%MSG
%MSG-i CFOFrontEndInterface:  Early 28-Nov-2018 12:50:37 CST pre-events
otsdaq_mu2e/otsdaq-mu2e/FEInterfaces/CFOFrontEndInterface_interface.cc [634]	 Looping back DTC1 ROC0
%MSG
%MSG-i CFOFrontEndInterface:  Early 28-Nov-2018 12:50:46 CST pre-events
otsdaq_mu2e/otsdaq-mu2e/FEInterfaces/CFOFrontEndInterface_interface.cc [634]	 Looping back DTC1 ROC1
%MSG
%MSG-i CFOFrontEndInterface:  Early 28-Nov-2018 12:50:51 CST pre-events
otsdaq_mu2e/otsdaq-mu2e/FEInterfaces/CFOFrontEndInterface_interface.cc [580]	-------------------------
%MSG
%MSG-i CFOFrontEndInterface:  Early 28-Nov-2018 12:50:51 CST pre-events
otsdaq_mu2e/otsdaq-mu2e/FEInterfaces/CFOFrontEndInterface_interface.cc [581]	FULL SYSTEM loopback DONE
%MSG
%MSG-i CFOFrontEndInterface:  Early 28-Nov-2018 12:50:51 CST pre-events
otsdaq_mu2e/otsdaq-mu2e/FEInterfaces/CFOFrontEndInterface_interface.cc [587]	chain 0 - DTC 0 - ROC 0 = 165.04
%MSG
%MSG-i CFOFrontEndInterface:  Early 28-Nov-2018 12:50:51 CST pre-events
otsdaq_mu2e/otsdaq-mu2e/FEInterfaces/CFOFrontEndInterface_interface.cc [587]	chain 0 - DTC 0 - ROC 1 = 96
%MSG
%MSG-i CFOFrontEndInterface:  Early 28-Nov-2018 12:50:51 CST pre-events
otsdaq_mu2e/otsdaq-mu2e/FEInterfaces/CFOFrontEndInterface_interface.cc [587]	chain 0 - DTC 1 - ROC 0 = 201.93
%MSG
%MSG-i CFOFrontEndInterface:  Early 28-Nov-2018 12:50:51 CST pre-events
otsdaq_mu2e/otsdaq-mu2e/FEInterfaces/CFOFrontEndInterface_interface.cc [587]	chain 0 - DTC 1 - ROC 1 = 141
%MSG
%MSG-i CFOFrontEndInterface:  Early 28-Nov-2018 12:50:51 CST pre-events
otsdaq_mu2e/otsdaq-mu2e/FEInterfaces/CFOFrontEndInterface_interface.cc [591]	-------------------------
%MSG
%MSG-d ots:  Early 28-Nov-2018 12:57:08 CST pre-events
otsdaq/otsdaq-core/WorkLoopManager/WorkLoop.cc [26]	Destroying WorkLoop: CFO0-SlowControls
%MSG
%MSG-d ots:  Early 28-Nov-2018 12:57:08 CST pre-events
otsdaq/otsdaq-core/WorkLoopManager/WorkLoop.cc [29]	Destroyed WorkLoop: CFO0-SlowControls
%MSG
%MSG-d ots:  Early 28-Nov-2018 12:57:08 CST pre-events
otsdaq/otsdaq-core/WorkLoopManager/WorkLoop.cc [26]	Destroying WorkLoop: CFO0
%MSG
%MSG-d ots:  Early 28-Nov-2018 12:57:08 CST pre-events
otsdaq/otsdaq-core/WorkLoopManager/WorkLoop.cc [29]	Destroyed WorkLoop: CFO0
%MSG
%MSG-i CFOFrontEndInterface:  Early 28-Nov-2018 12:57:19 CST pre-events
otsdaq_mu2e/otsdaq-mu2e/FEInterfaces/CFOFrontEndInterface_interface.cc [424]	CFO reset clock...
%MSG
%MSG-i CFOFrontEndInterface:  Early 28-Nov-2018 12:58:00 CST pre-events
otsdaq_mu2e/otsdaq-mu2e/FEInterfaces/CFOFrontEndInterface_interface.cc [466]	CFO reset TX...
%MSG
%MSG-i CFOFrontEndInterface:  Early 28-Nov-2018 12:58:23 CST pre-events
otsdaq_mu2e/otsdaq-mu2e/FEInterfaces/CFOFrontEndInterface_interface.cc [508]	--------------
%MSG
%MSG-i CFOFrontEndInterface:  Early 28-Nov-2018 12:58:23 CST pre-events
otsdaq_mu2e/otsdaq-mu2e/FEInterfaces/CFOFrontEndInterface_interface.cc [509]	CFO configured
%MSG
%MSG-i CFOFrontEndInterface:  Early 28-Nov-2018 12:58:23 CST pre-events
otsdaq_mu2e/otsdaq-mu2e/FEInterfaces/CFOFrontEndInterface_interface.cc [513]	CFO links OK = 0x1
%MSG
%MSG-i CFOFrontEndInterface:  Early 28-Nov-2018 13:00:55 CST pre-events
otsdaq_mu2e/otsdaq-mu2e/FEInterfaces/CFOFrontEndInterface_interface.cc [634]	 Looping back DTC0 ROC0
%MSG
%MSG-i CFOFrontEndInterface:  Early 28-Nov-2018 13:01:04 CST pre-events
otsdaq_mu2e/otsdaq-mu2e/FEInterfaces/CFOFrontEndInterface_interface.cc [634]	 Looping back DTC0 ROC1
%MSG
%MSG-i CFOFrontEndInterface:  Early 28-Nov-2018 13:01:13 CST pre-events
otsdaq_mu2e/otsdaq-mu2e/FEInterfaces/CFOFrontEndInterface_interface.cc [634]	 Looping back DTC1 ROC0
%MSG
%MSG-i CFOFrontEndInterface:  Early 28-Nov-2018 13:01:22 CST pre-events
otsdaq_mu2e/otsdaq-mu2e/FEInterfaces/CFOFrontEndInterface_interface.cc [634]	 Looping back DTC1 ROC1
%MSG
%MSG-i CFOFrontEndInterface:  Early 28-Nov-2018 13:01:28 CST pre-events
otsdaq_mu2e/otsdaq-mu2e/FEInterfaces/CFOFrontEndInterface_interface.cc [580]	-------------------------
%MSG
%MSG-i CFOFrontEndInterface:  Early 28-Nov-2018 13:01:28 CST pre-events
otsdaq_mu2e/otsdaq-mu2e/FEInterfaces/CFOFrontEndInterface_interface.cc [581]	FULL SYSTEM loopback DONE
%MSG
%MSG-i CFOFrontEndInterface:  Early 28-Nov-2018 13:01:28 CST pre-events
otsdaq_mu2e/otsdaq-mu2e/FEInterfaces/CFOFrontEndInterface_interface.cc [587]	chain 0 - DTC 0 - ROC 0 = 164.86
%MSG
%MSG-i CFOFrontEndInterface:  Early 28-Nov-2018 13:01:28 CST pre-events
otsdaq_mu2e/otsdaq-mu2e/FEInterfaces/CFOFrontEndInterface_interface.cc [587]	chain 0 - DTC 0 - ROC 1 = 96
%MSG
%MSG-i CFOFrontEndInterface:  Early 28-Nov-2018 13:01:28 CST pre-events
otsdaq_mu2e/otsdaq-mu2e/FEInterfaces/CFOFrontEndInterface_interface.cc [587]	chain 0 - DTC 1 - ROC 0 = 201.8
%MSG
%MSG-i CFOFrontEndInterface:  Early 28-Nov-2018 13:01:28 CST pre-events
otsdaq_mu2e/otsdaq-mu2e/FEInterfaces/CFOFrontEndInterface_interface.cc [587]	chain 0 - DTC 1 - ROC 1 = 141
%MSG
%MSG-i CFOFrontEndInterface:  Early 28-Nov-2018 13:01:28 CST pre-events
otsdaq_mu2e/otsdaq-mu2e/FEInterfaces/CFOFrontEndInterface_interface.cc [591]	-------------------------
%MSG
%MSG-d ots:  Early 28-Nov-2018 13:03:24 CST pre-events
otsdaq/otsdaq-core/WorkLoopManager/WorkLoop.cc [26]	Destroying WorkLoop: CFO0-SlowControls
%MSG
%MSG-d ots:  Early 28-Nov-2018 13:03:24 CST pre-events
otsdaq/otsdaq-core/WorkLoopManager/WorkLoop.cc [29]	Destroyed WorkLoop: CFO0-SlowControls
%MSG
%MSG-d ots:  Early 28-Nov-2018 13:03:24 CST pre-events
otsdaq/otsdaq-core/WorkLoopManager/WorkLoop.cc [26]	Destroying WorkLoop: CFO0
%MSG
%MSG-d ots:  Early 28-Nov-2018 13:03:24 CST pre-events
otsdaq/otsdaq-core/WorkLoopManager/WorkLoop.cc [29]	Destroyed WorkLoop: CFO0
%MSG
%MSG-i CFOFrontEndInterface:  Early 28-Nov-2018 13:03:35 CST pre-events
otsdaq_mu2e/otsdaq-mu2e/FEInterfaces/CFOFrontEndInterface_interface.cc [424]	CFO reset clock...
%MSG
%MSG-i CFOFrontEndInterface:  Early 28-Nov-2018 13:04:15 CST pre-events
otsdaq_mu2e/otsdaq-mu2e/FEInterfaces/CFOFrontEndInterface_interface.cc [466]	CFO reset TX...
%MSG
%MSG-i CFOFrontEndInterface:  Early 28-Nov-2018 13:04:39 CST pre-events
otsdaq_mu2e/otsdaq-mu2e/FEInterfaces/CFOFrontEndInterface_interface.cc [508]	--------------
%MSG
%MSG-i CFOFrontEndInterface:  Early 28-Nov-2018 13:04:39 CST pre-events
otsdaq_mu2e/otsdaq-mu2e/FEInterfaces/CFOFrontEndInterface_interface.cc [509]	CFO configured
%MSG
%MSG-i CFOFrontEndInterface:  Early 28-Nov-2018 13:04:39 CST pre-events
otsdaq_mu2e/otsdaq-mu2e/FEInterfaces/CFOFrontEndInterface_interface.cc [513]	CFO links OK = 0x1
%MSG
%MSG-i CFOFrontEndInterface:  Early 28-Nov-2018 13:06:41 CST pre-events
otsdaq_mu2e/otsdaq-mu2e/FEInterfaces/CFOFrontEndInterface_interface.cc [634]	 Looping back DTC0 ROC0
%MSG
%MSG-i CFOFrontEndInterface:  Early 28-Nov-2018 13:06:50 CST pre-events
otsdaq_mu2e/otsdaq-mu2e/FEInterfaces/CFOFrontEndInterface_interface.cc [634]	 Looping back DTC0 ROC1
%MSG
%MSG-i CFOFrontEndInterface:  Early 28-Nov-2018 13:06:59 CST pre-events
otsdaq_mu2e/otsdaq-mu2e/FEInterfaces/CFOFrontEndInterface_interface.cc [634]	 Looping back DTC1 ROC0
%MSG
%MSG-i CFOFrontEndInterface:  Early 28-Nov-2018 13:07:08 CST pre-events
otsdaq_mu2e/otsdaq-mu2e/FEInterfaces/CFOFrontEndInterface_interface.cc [634]	 Looping back DTC1 ROC1
%MSG
%MSG-i CFOFrontEndInterface:  Early 28-Nov-2018 13:07:13 CST pre-events
otsdaq_mu2e/otsdaq-mu2e/FEInterfaces/CFOFrontEndInterface_interface.cc [580]	-------------------------
%MSG
%MSG-i CFOFrontEndInterface:  Early 28-Nov-2018 13:07:13 CST pre-events
otsdaq_mu2e/otsdaq-mu2e/FEInterfaces/CFOFrontEndInterface_interface.cc [581]	FULL SYSTEM loopback DONE
%MSG
%MSG-i CFOFrontEndInterface:  Early 28-Nov-2018 13:07:13 CST pre-events
otsdaq_mu2e/otsdaq-mu2e/FEInterfaces/CFOFrontEndInterface_interface.cc [587]	chain 0 - DTC 0 - ROC 0 = 165.17
%MSG
%MSG-i CFOFrontEndInterface:  Early 28-Nov-2018 13:07:13 CST pre-events
otsdaq_mu2e/otsdaq-mu2e/FEInterfaces/CFOFrontEndInterface_interface.cc [587]	chain 0 - DTC 0 - ROC 1 = 96
%MSG
%MSG-i CFOFrontEndInterface:  Early 28-Nov-2018 13:07:13 CST pre-events
otsdaq_mu2e/otsdaq-mu2e/FEInterfaces/CFOFrontEndInterface_interface.cc [587]	chain 0 - DTC 1 - ROC 0 = 201.69
%MSG
%MSG-i CFOFrontEndInterface:  Early 28-Nov-2018 13:07:13 CST pre-events
otsdaq_mu2e/otsdaq-mu2e/FEInterfaces/CFOFrontEndInterface_interface.cc [587]	chain 0 - DTC 1 - ROC 1 = 141
%MSG
%MSG-i CFOFrontEndInterface:  Early 28-Nov-2018 13:07:13 CST pre-events
otsdaq_mu2e/otsdaq-mu2e/FEInterfaces/CFOFrontEndInterface_interface.cc [591]	-------------------------
%MSG
%MSG-d ots:  Early 28-Nov-2018 13:08:18 CST pre-events
otsdaq/otsdaq-core/WorkLoopManager/WorkLoop.cc [26]	Destroying WorkLoop: CFO0-SlowControls
%MSG
%MSG-d ots:  Early 28-Nov-2018 13:08:18 CST pre-events
otsdaq/otsdaq-core/WorkLoopManager/WorkLoop.cc [29]	Destroyed WorkLoop: CFO0-SlowControls
%MSG
%MSG-d ots:  Early 28-Nov-2018 13:08:18 CST pre-events
otsdaq/otsdaq-core/WorkLoopManager/WorkLoop.cc [26]	Destroying WorkLoop: CFO0
%MSG
%MSG-d ots:  Early 28-Nov-2018 13:08:18 CST pre-events
otsdaq/otsdaq-core/WorkLoopManager/WorkLoop.cc [29]	Destroyed WorkLoop: CFO0
%MSG
%MSG-i CFOFrontEndInterface:  Early 28-Nov-2018 13:08:28 CST pre-events
otsdaq_mu2e/otsdaq-mu2e/FEInterfaces/CFOFrontEndInterface_interface.cc [424]	CFO reset clock...
%MSG
%MSG-i CFOFrontEndInterface:  Early 28-Nov-2018 13:09:09 CST pre-events
otsdaq_mu2e/otsdaq-mu2e/FEInterfaces/CFOFrontEndInterface_interface.cc [466]	CFO reset TX...
%MSG
%MSG-i CFOFrontEndInterface:  Early 28-Nov-2018 13:09:32 CST pre-events
otsdaq_mu2e/otsdaq-mu2e/FEInterfaces/CFOFrontEndInterface_interface.cc [508]	--------------
%MSG
%MSG-i CFOFrontEndInterface:  Early 28-Nov-2018 13:09:32 CST pre-events
otsdaq_mu2e/otsdaq-mu2e/FEInterfaces/CFOFrontEndInterface_interface.cc [509]	CFO configured
%MSG
%MSG-i CFOFrontEndInterface:  Early 28-Nov-2018 13:09:32 CST pre-events
otsdaq_mu2e/otsdaq-mu2e/FEInterfaces/CFOFrontEndInterface_interface.cc [513]	CFO links OK = 0x1
%MSG
%MSG-i CFOFrontEndInterface:  Early 28-Nov-2018 13:10:31 CST pre-events
otsdaq_mu2e/otsdaq-mu2e/FEInterfaces/CFOFrontEndInterface_interface.cc [634]	 Looping back DTC0 ROC0
%MSG
%MSG-i CFOFrontEndInterface:  Early 28-Nov-2018 13:10:40 CST pre-events
otsdaq_mu2e/otsdaq-mu2e/FEInterfaces/CFOFrontEndInterface_interface.cc [634]	 Looping back DTC0 ROC1
%MSG
%MSG-i CFOFrontEndInterface:  Early 28-Nov-2018 13:10:50 CST pre-events
otsdaq_mu2e/otsdaq-mu2e/FEInterfaces/CFOFrontEndInterface_interface.cc [634]	 Looping back DTC1 ROC0
%MSG
%MSG-i CFOFrontEndInterface:  Early 28-Nov-2018 13:10:59 CST pre-events
otsdaq_mu2e/otsdaq-mu2e/FEInterfaces/CFOFrontEndInterface_interface.cc [634]	 Looping back DTC1 ROC1
%MSG
%MSG-i CFOFrontEndInterface:  Early 28-Nov-2018 13:11:04 CST pre-events
otsdaq_mu2e/otsdaq-mu2e/FEInterfaces/CFOFrontEndInterface_interface.cc [580]	-------------------------
%MSG
%MSG-i CFOFrontEndInterface:  Early 28-Nov-2018 13:11:04 CST pre-events
otsdaq_mu2e/otsdaq-mu2e/FEInterfaces/CFOFrontEndInterface_interface.cc [581]	FULL SYSTEM loopback DONE
%MSG
%MSG-i CFOFrontEndInterface:  Early 28-Nov-2018 13:11:04 CST pre-events
otsdaq_mu2e/otsdaq-mu2e/FEInterfaces/CFOFrontEndInterface_interface.cc [587]	chain 0 - DTC 0 - ROC 0 = 164.99
%MSG
%MSG-i CFOFrontEndInterface:  Early 28-Nov-2018 13:11:04 CST pre-events
otsdaq_mu2e/otsdaq-mu2e/FEInterfaces/CFOFrontEndInterface_interface.cc [587]	chain 0 - DTC 0 - ROC 1 = 96
%MSG
%MSG-i CFOFrontEndInterface:  Early 28-Nov-2018 13:11:04 CST pre-events
otsdaq_mu2e/otsdaq-mu2e/FEInterfaces/CFOFrontEndInterface_interface.cc [587]	chain 0 - DTC 1 - ROC 0 = 201.65
%MSG
%MSG-i CFOFrontEndInterface:  Early 28-Nov-2018 13:11:04 CST pre-events
otsdaq_mu2e/otsdaq-mu2e/FEInterfaces/CFOFrontEndInterface_interface.cc [587]	chain 0 - DTC 1 - ROC 1 = 141
%MSG
%MSG-i CFOFrontEndInterface:  Early 28-Nov-2018 13:11:04 CST pre-events
otsdaq_mu2e/otsdaq-mu2e/FEInterfaces/CFOFrontEndInterface_interface.cc [591]	-------------------------
%MSG
%MSG-d ots:  Early 28-Nov-2018 13:12:56 CST pre-events
otsdaq/otsdaq-core/WorkLoopManager/WorkLoop.cc [26]	Destroying WorkLoop: CFO0-SlowControls
%MSG
%MSG-d ots:  Early 28-Nov-2018 13:12:56 CST pre-events
otsdaq/otsdaq-core/WorkLoopManager/WorkLoop.cc [29]	Destroyed WorkLoop: CFO0-SlowControls
%MSG
%MSG-d ots:  Early 28-Nov-2018 13:12:56 CST pre-events
otsdaq/otsdaq-core/WorkLoopManager/WorkLoop.cc [26]	Destroying WorkLoop: CFO0
%MSG
%MSG-d ots:  Early 28-Nov-2018 13:12:56 CST pre-events
otsdaq/otsdaq-core/WorkLoopManager/WorkLoop.cc [29]	Destroyed WorkLoop: CFO0
%MSG
%MSG-i CFOFrontEndInterface:  Early 28-Nov-2018 13:13:07 CST pre-events
otsdaq_mu2e/otsdaq-mu2e/FEInterfaces/CFOFrontEndInterface_interface.cc [424]	CFO reset clock...
%MSG
%MSG-i CFOFrontEndInterface:  Early 28-Nov-2018 13:13:48 CST pre-events
otsdaq_mu2e/otsdaq-mu2e/FEInterfaces/CFOFrontEndInterface_interface.cc [466]	CFO reset TX...
%MSG
%MSG-i CFOFrontEndInterface:  Early 28-Nov-2018 13:14:12 CST pre-events
otsdaq_mu2e/otsdaq-mu2e/FEInterfaces/CFOFrontEndInterface_interface.cc [508]	--------------
%MSG
%MSG-i CFOFrontEndInterface:  Early 28-Nov-2018 13:14:12 CST pre-events
otsdaq_mu2e/otsdaq-mu2e/FEInterfaces/CFOFrontEndInterface_interface.cc [509]	CFO configured
%MSG
%MSG-i CFOFrontEndInterface:  Early 28-Nov-2018 13:14:12 CST pre-events
otsdaq_mu2e/otsdaq-mu2e/FEInterfaces/CFOFrontEndInterface_interface.cc [513]	CFO links OK = 0x1
%MSG
%MSG-i CFOFrontEndInterface:  Early 28-Nov-2018 13:15:51 CST pre-events
otsdaq_mu2e/otsdaq-mu2e/FEInterfaces/CFOFrontEndInterface_interface.cc [634]	 Looping back DTC0 ROC0
%MSG
%MSG-i CFOFrontEndInterface:  Early 28-Nov-2018 13:16:00 CST pre-events
otsdaq_mu2e/otsdaq-mu2e/FEInterfaces/CFOFrontEndInterface_interface.cc [634]	 Looping back DTC0 ROC1
%MSG
%MSG-i CFOFrontEndInterface:  Early 28-Nov-2018 13:16:09 CST pre-events
otsdaq_mu2e/otsdaq-mu2e/FEInterfaces/CFOFrontEndInterface_interface.cc [634]	 Looping back DTC1 ROC0
%MSG
%MSG-i CFOFrontEndInterface:  Early 28-Nov-2018 13:16:18 CST pre-events
otsdaq_mu2e/otsdaq-mu2e/FEInterfaces/CFOFrontEndInterface_interface.cc [634]	 Looping back DTC1 ROC1
%MSG
%MSG-i CFOFrontEndInterface:  Early 28-Nov-2018 13:16:23 CST pre-events
otsdaq_mu2e/otsdaq-mu2e/FEInterfaces/CFOFrontEndInterface_interface.cc [580]	-------------------------
%MSG
%MSG-i CFOFrontEndInterface:  Early 28-Nov-2018 13:16:23 CST pre-events
otsdaq_mu2e/otsdaq-mu2e/FEInterfaces/CFOFrontEndInterface_interface.cc [581]	FULL SYSTEM loopback DONE
%MSG
%MSG-i CFOFrontEndInterface:  Early 28-Nov-2018 13:16:23 CST pre-events
otsdaq_mu2e/otsdaq-mu2e/FEInterfaces/CFOFrontEndInterface_interface.cc [587]	chain 0 - DTC 0 - ROC 0 = 164.84
%MSG
%MSG-i CFOFrontEndInterface:  Early 28-Nov-2018 13:16:23 CST pre-events
otsdaq_mu2e/otsdaq-mu2e/FEInterfaces/CFOFrontEndInterface_interface.cc [587]	chain 0 - DTC 0 - ROC 1 = 96
%MSG
%MSG-i CFOFrontEndInterface:  Early 28-Nov-2018 13:16:23 CST pre-events
otsdaq_mu2e/otsdaq-mu2e/FEInterfaces/CFOFrontEndInterface_interface.cc [587]	chain 0 - DTC 1 - ROC 0 = 201.8
%MSG
%MSG-i CFOFrontEndInterface:  Early 28-Nov-2018 13:16:23 CST pre-events
otsdaq_mu2e/otsdaq-mu2e/FEInterfaces/CFOFrontEndInterface_interface.cc [587]	chain 0 - DTC 1 - ROC 1 = 141
%MSG
%MSG-i CFOFrontEndInterface:  Early 28-Nov-2018 13:16:23 CST pre-events
otsdaq_mu2e/otsdaq-mu2e/FEInterfaces/CFOFrontEndInterface_interface.cc [591]	-------------------------
%MSG
%MSG-d ots:  Early 28-Nov-2018 13:20:10 CST pre-events
otsdaq/otsdaq-core/WorkLoopManager/WorkLoop.cc [26]	Destroying WorkLoop: CFO0-SlowControls
%MSG
%MSG-d ots:  Early 28-Nov-2018 13:20:10 CST pre-events
otsdaq/otsdaq-core/WorkLoopManager/WorkLoop.cc [29]	Destroyed WorkLoop: CFO0-SlowControls
%MSG
%MSG-d ots:  Early 28-Nov-2018 13:20:10 CST pre-events
otsdaq/otsdaq-core/WorkLoopManager/WorkLoop.cc [26]	Destroying WorkLoop: CFO0
%MSG
%MSG-d ots:  Early 28-Nov-2018 13:20:10 CST pre-events
otsdaq/otsdaq-core/WorkLoopManager/WorkLoop.cc [29]	Destroyed WorkLoop: CFO0
%MSG
%MSG-i CFOFrontEndInterface:  Early 28-Nov-2018 13:20:20 CST pre-events
otsdaq_mu2e/otsdaq-mu2e/FEInterfaces/CFOFrontEndInterface_interface.cc [424]	CFO reset clock...
%MSG
%MSG-i CFOFrontEndInterface:  Early 28-Nov-2018 13:21:01 CST pre-events
otsdaq_mu2e/otsdaq-mu2e/FEInterfaces/CFOFrontEndInterface_interface.cc [466]	CFO reset TX...
%MSG
%MSG-i CFOFrontEndInterface:  Early 28-Nov-2018 13:21:25 CST pre-events
otsdaq_mu2e/otsdaq-mu2e/FEInterfaces/CFOFrontEndInterface_interface.cc [508]	--------------
%MSG
%MSG-i CFOFrontEndInterface:  Early 28-Nov-2018 13:21:25 CST pre-events
otsdaq_mu2e/otsdaq-mu2e/FEInterfaces/CFOFrontEndInterface_interface.cc [509]	CFO configured
%MSG
%MSG-i CFOFrontEndInterface:  Early 28-Nov-2018 13:21:25 CST pre-events
otsdaq_mu2e/otsdaq-mu2e/FEInterfaces/CFOFrontEndInterface_interface.cc [513]	CFO links OK = 0x1
%MSG
%MSG-i CFOFrontEndInterface:  Early 28-Nov-2018 13:23:02 CST pre-events
otsdaq_mu2e/otsdaq-mu2e/FEInterfaces/CFOFrontEndInterface_interface.cc [634]	 Looping back DTC0 ROC0
%MSG
%MSG-i CFOFrontEndInterface:  Early 28-Nov-2018 13:23:11 CST pre-events
otsdaq_mu2e/otsdaq-mu2e/FEInterfaces/CFOFrontEndInterface_interface.cc [634]	 Looping back DTC0 ROC1
%MSG
%MSG-i CFOFrontEndInterface:  Early 28-Nov-2018 13:23:20 CST pre-events
otsdaq_mu2e/otsdaq-mu2e/FEInterfaces/CFOFrontEndInterface_interface.cc [634]	 Looping back DTC1 ROC0
%MSG
%MSG-i CFOFrontEndInterface:  Early 28-Nov-2018 13:23:29 CST pre-events
otsdaq_mu2e/otsdaq-mu2e/FEInterfaces/CFOFrontEndInterface_interface.cc [634]	 Looping back DTC1 ROC1
%MSG
%MSG-i CFOFrontEndInterface:  Early 28-Nov-2018 13:23:34 CST pre-events
otsdaq_mu2e/otsdaq-mu2e/FEInterfaces/CFOFrontEndInterface_interface.cc [580]	-------------------------
%MSG
%MSG-i CFOFrontEndInterface:  Early 28-Nov-2018 13:23:34 CST pre-events
otsdaq_mu2e/otsdaq-mu2e/FEInterfaces/CFOFrontEndInterface_interface.cc [581]	FULL SYSTEM loopback DONE
%MSG
%MSG-i CFOFrontEndInterface:  Early 28-Nov-2018 13:23:34 CST pre-events
otsdaq_mu2e/otsdaq-mu2e/FEInterfaces/CFOFrontEndInterface_interface.cc [587]	chain 0 - DTC 0 - ROC 0 = 164.96
%MSG
%MSG-i CFOFrontEndInterface:  Early 28-Nov-2018 13:23:34 CST pre-events
otsdaq_mu2e/otsdaq-mu2e/FEInterfaces/CFOFrontEndInterface_interface.cc [587]	chain 0 - DTC 0 - ROC 1 = 96
%MSG
%MSG-i CFOFrontEndInterface:  Early 28-Nov-2018 13:23:34 CST pre-events
otsdaq_mu2e/otsdaq-mu2e/FEInterfaces/CFOFrontEndInterface_interface.cc [587]	chain 0 - DTC 1 - ROC 0 = 202.07
%MSG
%MSG-i CFOFrontEndInterface:  Early 28-Nov-2018 13:23:34 CST pre-events
otsdaq_mu2e/otsdaq-mu2e/FEInterfaces/CFOFrontEndInterface_interface.cc [587]	chain 0 - DTC 1 - ROC 1 = 141
%MSG
%MSG-i CFOFrontEndInterface:  Early 28-Nov-2018 13:23:34 CST pre-events
otsdaq_mu2e/otsdaq-mu2e/FEInterfaces/CFOFrontEndInterface_interface.cc [591]	-------------------------
%MSG
