%MSG-i configureMessageFacility:  CorePropertySupervisorBase  26-Oct-2018 16:28:43 CDT pre-events configureMessageFacility.cc:286
Message Facility Application CorePropertySupervisorBase configured with: debugModules:["*"] destinations:{file:{append:false directory:"/home/mu2edaq/sync_demo/ots/srcs/otsdaq_mu2e/Data/Logs/CorePropertySupervisorBase" pattern:"CorePropertySupervisorBase-%?H%t-%p.log" seperator:"-" threshold:"DEBUG" timestamp_pattern:"%Y%m%d%H%M%S" type:"GenFile"} udp:{host:"192.168.157.6" port:30000 threshold:"DEBUG" type:"UDP"}}
%MSG
%MSG-i _TCPConnect:  CorePropertySupervisorBase 26-Oct-2018 16:28:43 CDT  pre-events TCPConnect.cc:334
Resolving host 192.168.157.6, on port 30000
%MSG
%MSG-i _TCPConnect:  CorePropertySupervisorBase 26-Oct-2018 16:28:43 CDT  pre-events TCPConnect.cc:241
Resolving ip mu2edaq04.fnal.gov
%MSG
%MSG-i configureMessageFacility:  RunControlStateMachine  26-Oct-2018 16:28:44 CDT pre-events configureMessageFacility.cc:286
Message Facility Application RunControlStateMachine configured with: debugModules:["*"] destinations:{file:{append:false directory:"/home/mu2edaq/sync_demo/ots/srcs/otsdaq_mu2e/Data/Logs/RunControlStateMachine" pattern:"RunControlStateMachine-%?H%t-%p.log" seperator:"-" threshold:"DEBUG" timestamp_pattern:"%Y%m%d%H%M%S" type:"GenFile"} udp:{host:"192.168.157.6" port:30000 threshold:"DEBUG" type:"UDP"}}
%MSG
%MSG-i configureMessageFacility:  CoreSupervisorBase 26-Oct-2018 16:28:44 CDT  pre-events configureMessageFacility.cc:286
Message Facility Application CoreSupervisorBase configured with: debugModules:["*"] destinations:{file:{append:false directory:"/home/mu2edaq/sync_demo/ots/srcs/otsdaq_mu2e/Data/Logs/CoreSupervisorBase" pattern:"CoreSupervisorBase-%?H%t-%p.log" seperator:"-" threshold:"DEBUG" timestamp_pattern:"%Y%m%d%H%M%S" type:"GenFile"} udp:{host:"192.168.157.6" port:30000 threshold:"DEBUG" type:"UDP"}}
%MSG
%MSG-d CFOFrontEndInterface:  Early 26-Oct-2018 16:30:04 CDT pre-events
otsdaq_mu2e/otsdaq-mu2e/FEInterfaces/CFOFrontEndInterface_interface.cc [570]	 Looping back DTC0 ROC0
%MSG
%MSG-d CFOFrontEndInterface:  Early 26-Oct-2018 16:30:17 CDT pre-events
otsdaq_mu2e/otsdaq-mu2e/FEInterfaces/CFOFrontEndInterface_interface.cc [570]	 Looping back DTC0 ROC1
%MSG
%MSG-d CFOFrontEndInterface:  Early 26-Oct-2018 16:30:30 CDT pre-events
otsdaq_mu2e/otsdaq-mu2e/FEInterfaces/CFOFrontEndInterface_interface.cc [570]	 Looping back DTC1 ROC0
%MSG
%MSG-d CFOFrontEndInterface:  Early 26-Oct-2018 16:30:43 CDT pre-events
otsdaq_mu2e/otsdaq-mu2e/FEInterfaces/CFOFrontEndInterface_interface.cc [570]	 Looping back DTC1 ROC1
%MSG
%MSG-d CFOFrontEndInterface:  Early 26-Oct-2018 16:30:52 CDT pre-events
otsdaq_mu2e/otsdaq-mu2e/FEInterfaces/CFOFrontEndInterface_interface.cc [511]	-------------------------
%MSG
%MSG-d CFOFrontEndInterface:  Early 26-Oct-2018 16:30:52 CDT pre-events
otsdaq_mu2e/otsdaq-mu2e/FEInterfaces/CFOFrontEndInterface_interface.cc [512]	FULL SYSTEM loopback DONE
%MSG
%MSG-d CFOFrontEndInterface:  Early 26-Oct-2018 16:30:52 CDT pre-events
otsdaq_mu2e/otsdaq-mu2e/FEInterfaces/CFOFrontEndInterface_interface.cc [520]	chain 0 - DTC 0 - ROC 0 = 96
%MSG
%MSG-d CFOFrontEndInterface:  Early 26-Oct-2018 16:30:52 CDT pre-events
otsdaq_mu2e/otsdaq-mu2e/FEInterfaces/CFOFrontEndInterface_interface.cc [520]	chain 0 - DTC 0 - ROC 1 = 97
%MSG
%MSG-d CFOFrontEndInterface:  Early 26-Oct-2018 16:30:52 CDT pre-events
otsdaq_mu2e/otsdaq-mu2e/FEInterfaces/CFOFrontEndInterface_interface.cc [520]	chain 0 - DTC 1 - ROC 0 = -999
%MSG
%MSG-d CFOFrontEndInterface:  Early 26-Oct-2018 16:30:52 CDT pre-events
otsdaq_mu2e/otsdaq-mu2e/FEInterfaces/CFOFrontEndInterface_interface.cc [520]	chain 0 - DTC 1 - ROC 1 = -999
%MSG
%MSG-d CFOFrontEndInterface:  Early 26-Oct-2018 16:30:52 CDT pre-events
otsdaq_mu2e/otsdaq-mu2e/FEInterfaces/CFOFrontEndInterface_interface.cc [526]	-------------------------
%MSG
