%MSG-i configureMessageFacility:  CorePropertySupervisorBase  19-Dec-2018 08:59:11 CST pre-events configureMessageFacility.cc:286
Message Facility Application CorePropertySupervisorBase configured with: debugModules:["*"] destinations:{file:{append:false directory:"/home/mu2edaq/sync_demo/ots/srcs/otsdaq_mu2e/Data/Logs/CorePropertySupervisorBase" pattern:"CorePropertySupervisorBase-%?H%t-%p.log" seperator:"-" threshold:"DEBUG" timestamp_pattern:"%Y%m%d%H%M%S" type:"GenFile"} udp:{host:"192.168.157.6" port:30000 threshold:"DEBUG" type:"UDP"}}
%MSG
%MSG-i _TCPConnect:  CorePropertySupervisorBase 19-Dec-2018 08:59:11 CST  pre-events TCPConnect.cc:334
Resolving host 192.168.157.6, on port 30000
%MSG
%MSG-i _TCPConnect:  CorePropertySupervisorBase 19-Dec-2018 08:59:11 CST  pre-events TCPConnect.cc:241
Resolving ip mu2edaq04.fnal.gov
%MSG
%MSG-i configureMessageFacility:  RunControlStateMachine  19-Dec-2018 08:59:12 CST pre-events configureMessageFacility.cc:286
Message Facility Application RunControlStateMachine configured with: debugModules:["*"] destinations:{file:{append:false directory:"/home/mu2edaq/sync_demo/ots/srcs/otsdaq_mu2e/Data/Logs/RunControlStateMachine" pattern:"RunControlStateMachine-%?H%t-%p.log" seperator:"-" threshold:"DEBUG" timestamp_pattern:"%Y%m%d%H%M%S" type:"GenFile"} udp:{host:"192.168.157.6" port:30000 threshold:"DEBUG" type:"UDP"}}
%MSG
%MSG-i configureMessageFacility:  CoreSupervisorBase 19-Dec-2018 08:59:12 CST  pre-events configureMessageFacility.cc:286
Message Facility Application CoreSupervisorBase configured with: debugModules:["*"] destinations:{file:{append:false directory:"/home/mu2edaq/sync_demo/ots/srcs/otsdaq_mu2e/Data/Logs/CoreSupervisorBase" pattern:"CoreSupervisorBase-%?H%t-%p.log" seperator:"-" threshold:"DEBUG" timestamp_pattern:"%Y%m%d%H%M%S" type:"GenFile"} udp:{host:"192.168.157.6" port:30000 threshold:"DEBUG" type:"UDP"}}
%MSG
%MSG-i CFOFrontEndInterface:  Early 19-Dec-2018 08:59:39 CST pre-events
otsdaq_mu2e/otsdaq-mu2e/FEInterfaces/CFOFrontEndInterface_interface.cc [473]	Step 1: CFO do NOT reset clock...
%MSG
%MSG-i CFOFrontEndInterface:  Early 19-Dec-2018 08:59:39 CST pre-events
otsdaq_mu2e/otsdaq-mu2e/FEInterfaces/CFOFrontEndInterface_interface.cc [482]	Step 3: CFO reset TX...
%MSG
%MSG-i CFOFrontEndInterface:  Early 19-Dec-2018 08:59:59 CST pre-events
otsdaq_mu2e/otsdaq-mu2e/FEInterfaces/CFOFrontEndInterface_interface.cc [502]	Step 6: CFO enable Event start characters, SERDES Tx and Rx, and event window interval
%MSG
%MSG-i CFOFrontEndInterface:  Early 19-Dec-2018 09:00:02 CST pre-events
otsdaq_mu2e/otsdaq-mu2e/FEInterfaces/CFOFrontEndInterface_interface.cc [524]	--------------
%MSG
%MSG-i CFOFrontEndInterface:  Early 19-Dec-2018 09:00:02 CST pre-events
otsdaq_mu2e/otsdaq-mu2e/FEInterfaces/CFOFrontEndInterface_interface.cc [525]	CFO configured
%MSG
%MSG-i CFOFrontEndInterface:  Early 19-Dec-2018 09:00:02 CST pre-events
otsdaq_mu2e/otsdaq-mu2e/FEInterfaces/CFOFrontEndInterface_interface.cc [529]	CFO links OK = 0x1
%MSG
%MSG-i CFOFrontEndInterface:  Early 19-Dec-2018 09:00:13 CST pre-events
otsdaq_mu2e/otsdaq-mu2e/FEInterfaces/CFOFrontEndInterface_interface.cc [670]	 Looping back DTC0 ROC0
%MSG
%MSG-d CFOFrontEndInterface:  Early 19-Dec-2018 09:00:21 CST pre-events
otsdaq_mu2e/otsdaq-mu2e/FEInterfaces/CFOFrontEndInterface_interface.cc [372]	 delay [ 165 ] = 0
%MSG
%MSG-d CFOFrontEndInterface:  Early 19-Dec-2018 09:00:21 CST pre-events
otsdaq_mu2e/otsdaq-mu2e/FEInterfaces/CFOFrontEndInterface_interface.cc [372]	 delay [ 166 ] = 0
%MSG
%MSG-d CFOFrontEndInterface:  Early 19-Dec-2018 09:00:21 CST pre-events
otsdaq_mu2e/otsdaq-mu2e/FEInterfaces/CFOFrontEndInterface_interface.cc [372]	 delay [ 167 ] = 0
%MSG
%MSG-d CFOFrontEndInterface:  Early 19-Dec-2018 09:00:21 CST pre-events
otsdaq_mu2e/otsdaq-mu2e/FEInterfaces/CFOFrontEndInterface_interface.cc [372]	 delay [ 168 ] = 0
%MSG
%MSG-d CFOFrontEndInterface:  Early 19-Dec-2018 09:00:21 CST pre-events
otsdaq_mu2e/otsdaq-mu2e/FEInterfaces/CFOFrontEndInterface_interface.cc [372]	 delay [ 169 ] = 0
%MSG
%MSG-d CFOFrontEndInterface:  Early 19-Dec-2018 09:00:21 CST pre-events
otsdaq_mu2e/otsdaq-mu2e/FEInterfaces/CFOFrontEndInterface_interface.cc [372]	 delay [ 170 ] = 3220
%MSG
%MSG-d CFOFrontEndInterface:  Early 19-Dec-2018 09:00:21 CST pre-events
otsdaq_mu2e/otsdaq-mu2e/FEInterfaces/CFOFrontEndInterface_interface.cc [372]	 delay [ 171 ] = 6144
%MSG
%MSG-d CFOFrontEndInterface:  Early 19-Dec-2018 09:00:21 CST pre-events
otsdaq_mu2e/otsdaq-mu2e/FEInterfaces/CFOFrontEndInterface_interface.cc [372]	 delay [ 172 ] = 0
%MSG
%MSG-d CFOFrontEndInterface:  Early 19-Dec-2018 09:00:21 CST pre-events
otsdaq_mu2e/otsdaq-mu2e/FEInterfaces/CFOFrontEndInterface_interface.cc [372]	 delay [ 173 ] = 0
%MSG
%MSG-d CFOFrontEndInterface:  Early 19-Dec-2018 09:00:21 CST pre-events
otsdaq_mu2e/otsdaq-mu2e/FEInterfaces/CFOFrontEndInterface_interface.cc [372]	 delay [ 174 ] = 0
%MSG
%MSG-d CFOFrontEndInterface:  Early 19-Dec-2018 09:00:21 CST pre-events
otsdaq_mu2e/otsdaq-mu2e/FEInterfaces/CFOFrontEndInterface_interface.cc [372]	 delay [ 175 ] = 0
%MSG
%MSG-d CFOFrontEndInterface:  Early 19-Dec-2018 09:00:21 CST pre-events
otsdaq_mu2e/otsdaq-mu2e/FEInterfaces/CFOFrontEndInterface_interface.cc [379]	 average = 853.281 ns, RMS = 2.37499 ns, failures = 636
%MSG
%MSG-i CFOFrontEndInterface:  Early 19-Dec-2018 09:00:25 CST pre-events
otsdaq_mu2e/otsdaq-mu2e/FEInterfaces/CFOFrontEndInterface_interface.cc [670]	 Looping back DTC0 ROC1
%MSG
%MSG-d CFOFrontEndInterface:  Early 19-Dec-2018 09:00:33 CST pre-events
otsdaq_mu2e/otsdaq-mu2e/FEInterfaces/CFOFrontEndInterface_interface.cc [372]	 delay [ 91 ] = 0
%MSG
%MSG-d CFOFrontEndInterface:  Early 19-Dec-2018 09:00:33 CST pre-events
otsdaq_mu2e/otsdaq-mu2e/FEInterfaces/CFOFrontEndInterface_interface.cc [372]	 delay [ 92 ] = 0
%MSG
%MSG-d CFOFrontEndInterface:  Early 19-Dec-2018 09:00:33 CST pre-events
otsdaq_mu2e/otsdaq-mu2e/FEInterfaces/CFOFrontEndInterface_interface.cc [372]	 delay [ 93 ] = 0
%MSG
%MSG-d CFOFrontEndInterface:  Early 19-Dec-2018 09:00:33 CST pre-events
otsdaq_mu2e/otsdaq-mu2e/FEInterfaces/CFOFrontEndInterface_interface.cc [372]	 delay [ 94 ] = 0
%MSG
%MSG-d CFOFrontEndInterface:  Early 19-Dec-2018 09:00:33 CST pre-events
otsdaq_mu2e/otsdaq-mu2e/FEInterfaces/CFOFrontEndInterface_interface.cc [372]	 delay [ 95 ] = 0
%MSG
%MSG-d CFOFrontEndInterface:  Early 19-Dec-2018 09:00:33 CST pre-events
otsdaq_mu2e/otsdaq-mu2e/FEInterfaces/CFOFrontEndInterface_interface.cc [372]	 delay [ 96 ] = 10000
%MSG
%MSG-d CFOFrontEndInterface:  Early 19-Dec-2018 09:00:33 CST pre-events
otsdaq_mu2e/otsdaq-mu2e/FEInterfaces/CFOFrontEndInterface_interface.cc [372]	 delay [ 97 ] = 0
%MSG
%MSG-d CFOFrontEndInterface:  Early 19-Dec-2018 09:00:33 CST pre-events
otsdaq_mu2e/otsdaq-mu2e/FEInterfaces/CFOFrontEndInterface_interface.cc [372]	 delay [ 98 ] = 0
%MSG
%MSG-d CFOFrontEndInterface:  Early 19-Dec-2018 09:00:33 CST pre-events
otsdaq_mu2e/otsdaq-mu2e/FEInterfaces/CFOFrontEndInterface_interface.cc [372]	 delay [ 99 ] = 0
%MSG
%MSG-d CFOFrontEndInterface:  Early 19-Dec-2018 09:00:33 CST pre-events
otsdaq_mu2e/otsdaq-mu2e/FEInterfaces/CFOFrontEndInterface_interface.cc [372]	 delay [ 100 ] = 0
%MSG
%MSG-d CFOFrontEndInterface:  Early 19-Dec-2018 09:00:33 CST pre-events
otsdaq_mu2e/otsdaq-mu2e/FEInterfaces/CFOFrontEndInterface_interface.cc [379]	 average = 480 ns, RMS = 0 ns, failures = 0
%MSG
%MSG-i CFOFrontEndInterface:  Early 19-Dec-2018 09:00:37 CST pre-events
otsdaq_mu2e/otsdaq-mu2e/FEInterfaces/CFOFrontEndInterface_interface.cc [670]	 Looping back DTC1 ROC0
%MSG
%MSG-d CFOFrontEndInterface:  Early 19-Dec-2018 09:00:45 CST pre-events
otsdaq_mu2e/otsdaq-mu2e/FEInterfaces/CFOFrontEndInterface_interface.cc [372]	 delay [ 203 ] = 0
%MSG
%MSG-d CFOFrontEndInterface:  Early 19-Dec-2018 09:00:45 CST pre-events
otsdaq_mu2e/otsdaq-mu2e/FEInterfaces/CFOFrontEndInterface_interface.cc [372]	 delay [ 204 ] = 0
%MSG
%MSG-d CFOFrontEndInterface:  Early 19-Dec-2018 09:00:45 CST pre-events
otsdaq_mu2e/otsdaq-mu2e/FEInterfaces/CFOFrontEndInterface_interface.cc [372]	 delay [ 205 ] = 0
%MSG
%MSG-d CFOFrontEndInterface:  Early 19-Dec-2018 09:00:45 CST pre-events
otsdaq_mu2e/otsdaq-mu2e/FEInterfaces/CFOFrontEndInterface_interface.cc [372]	 delay [ 206 ] = 0
%MSG
%MSG-d CFOFrontEndInterface:  Early 19-Dec-2018 09:00:45 CST pre-events
otsdaq_mu2e/otsdaq-mu2e/FEInterfaces/CFOFrontEndInterface_interface.cc [372]	 delay [ 207 ] = 0
%MSG
%MSG-d CFOFrontEndInterface:  Early 19-Dec-2018 09:00:45 CST pre-events
otsdaq_mu2e/otsdaq-mu2e/FEInterfaces/CFOFrontEndInterface_interface.cc [372]	 delay [ 208 ] = 5191
%MSG
%MSG-d CFOFrontEndInterface:  Early 19-Dec-2018 09:00:45 CST pre-events
otsdaq_mu2e/otsdaq-mu2e/FEInterfaces/CFOFrontEndInterface_interface.cc [372]	 delay [ 209 ] = 4407
%MSG
%MSG-d CFOFrontEndInterface:  Early 19-Dec-2018 09:00:45 CST pre-events
otsdaq_mu2e/otsdaq-mu2e/FEInterfaces/CFOFrontEndInterface_interface.cc [372]	 delay [ 210 ] = 0
%MSG
%MSG-d CFOFrontEndInterface:  Early 19-Dec-2018 09:00:45 CST pre-events
otsdaq_mu2e/otsdaq-mu2e/FEInterfaces/CFOFrontEndInterface_interface.cc [372]	 delay [ 211 ] = 0
%MSG
%MSG-d CFOFrontEndInterface:  Early 19-Dec-2018 09:00:45 CST pre-events
otsdaq_mu2e/otsdaq-mu2e/FEInterfaces/CFOFrontEndInterface_interface.cc [372]	 delay [ 212 ] = 0
%MSG
%MSG-d CFOFrontEndInterface:  Early 19-Dec-2018 09:00:45 CST pre-events
otsdaq_mu2e/otsdaq-mu2e/FEInterfaces/CFOFrontEndInterface_interface.cc [372]	 delay [ 213 ] = 0
%MSG
%MSG-d CFOFrontEndInterface:  Early 19-Dec-2018 09:00:45 CST pre-events
otsdaq_mu2e/otsdaq-mu2e/FEInterfaces/CFOFrontEndInterface_interface.cc [379]	 average = 1042.3 ns, RMS = 2.49149 ns, failures = 402
%MSG
%MSG-i CFOFrontEndInterface:  Early 19-Dec-2018 09:00:49 CST pre-events
otsdaq_mu2e/otsdaq-mu2e/FEInterfaces/CFOFrontEndInterface_interface.cc [670]	 Looping back DTC1 ROC1
%MSG
%MSG-d CFOFrontEndInterface:  Early 19-Dec-2018 09:00:57 CST pre-events
otsdaq_mu2e/otsdaq-mu2e/FEInterfaces/CFOFrontEndInterface_interface.cc [372]	 delay [ 136 ] = 0
%MSG
%MSG-d CFOFrontEndInterface:  Early 19-Dec-2018 09:00:57 CST pre-events
otsdaq_mu2e/otsdaq-mu2e/FEInterfaces/CFOFrontEndInterface_interface.cc [372]	 delay [ 137 ] = 0
%MSG
%MSG-d CFOFrontEndInterface:  Early 19-Dec-2018 09:00:57 CST pre-events
otsdaq_mu2e/otsdaq-mu2e/FEInterfaces/CFOFrontEndInterface_interface.cc [372]	 delay [ 138 ] = 0
%MSG
%MSG-d CFOFrontEndInterface:  Early 19-Dec-2018 09:00:57 CST pre-events
otsdaq_mu2e/otsdaq-mu2e/FEInterfaces/CFOFrontEndInterface_interface.cc [372]	 delay [ 139 ] = 0
%MSG
%MSG-d CFOFrontEndInterface:  Early 19-Dec-2018 09:00:57 CST pre-events
otsdaq_mu2e/otsdaq-mu2e/FEInterfaces/CFOFrontEndInterface_interface.cc [372]	 delay [ 140 ] = 0
%MSG
%MSG-d CFOFrontEndInterface:  Early 19-Dec-2018 09:00:57 CST pre-events
otsdaq_mu2e/otsdaq-mu2e/FEInterfaces/CFOFrontEndInterface_interface.cc [372]	 delay [ 141 ] = 10000
%MSG
%MSG-d CFOFrontEndInterface:  Early 19-Dec-2018 09:00:57 CST pre-events
otsdaq_mu2e/otsdaq-mu2e/FEInterfaces/CFOFrontEndInterface_interface.cc [372]	 delay [ 142 ] = 0
%MSG
%MSG-d CFOFrontEndInterface:  Early 19-Dec-2018 09:00:57 CST pre-events
otsdaq_mu2e/otsdaq-mu2e/FEInterfaces/CFOFrontEndInterface_interface.cc [372]	 delay [ 143 ] = 0
%MSG
%MSG-d CFOFrontEndInterface:  Early 19-Dec-2018 09:00:57 CST pre-events
otsdaq_mu2e/otsdaq-mu2e/FEInterfaces/CFOFrontEndInterface_interface.cc [372]	 delay [ 144 ] = 0
%MSG
%MSG-d CFOFrontEndInterface:  Early 19-Dec-2018 09:00:57 CST pre-events
otsdaq_mu2e/otsdaq-mu2e/FEInterfaces/CFOFrontEndInterface_interface.cc [372]	 delay [ 145 ] = 0
%MSG
%MSG-d CFOFrontEndInterface:  Early 19-Dec-2018 09:00:57 CST pre-events
otsdaq_mu2e/otsdaq-mu2e/FEInterfaces/CFOFrontEndInterface_interface.cc [379]	 average = 705 ns, RMS = 0 ns, failures = 0
%MSG
%MSG-i CFOFrontEndInterface:  Early 19-Dec-2018 09:00:57 CST pre-events
otsdaq_mu2e/otsdaq-mu2e/FEInterfaces/CFOFrontEndInterface_interface.cc [601]	-------------------------
%MSG
%MSG-i CFOFrontEndInterface:  Early 19-Dec-2018 09:00:57 CST pre-events
otsdaq_mu2e/otsdaq-mu2e/FEInterfaces/CFOFrontEndInterface_interface.cc [602]	FULL SYSTEM loopback DONE
%MSG
%MSG-i CFOFrontEndInterface:  Early 19-Dec-2018 09:00:57 CST pre-events
otsdaq_mu2e/otsdaq-mu2e/FEInterfaces/CFOFrontEndInterface_interface.cc [611]	chain 0 - DTC 0 - ROC 0 = 853.281 ns +/- 2.37499 (636)
%MSG
%MSG-i CFOFrontEndInterface:  Early 19-Dec-2018 09:00:57 CST pre-events
otsdaq_mu2e/otsdaq-mu2e/FEInterfaces/CFOFrontEndInterface_interface.cc [611]	chain 0 - DTC 0 - ROC 1 = 480 ns +/- 0 (0)
%MSG
%MSG-i CFOFrontEndInterface:  Early 19-Dec-2018 09:00:57 CST pre-events
otsdaq_mu2e/otsdaq-mu2e/FEInterfaces/CFOFrontEndInterface_interface.cc [611]	chain 0 - DTC 1 - ROC 0 = 1042.3 ns +/- 2.49149 (402)
%MSG
%MSG-i CFOFrontEndInterface:  Early 19-Dec-2018 09:00:57 CST pre-events
otsdaq_mu2e/otsdaq-mu2e/FEInterfaces/CFOFrontEndInterface_interface.cc [611]	chain 0 - DTC 1 - ROC 1 = 705 ns +/- 0 (0)
%MSG
%MSG-i CFOFrontEndInterface:  Early 19-Dec-2018 09:00:57 CST pre-events
otsdaq_mu2e/otsdaq-mu2e/FEInterfaces/CFOFrontEndInterface_interface.cc [618]	DTC1 - DTC0 = 189.015
%MSG
%MSG-i CFOFrontEndInterface:  Early 19-Dec-2018 09:00:57 CST pre-events
otsdaq_mu2e/otsdaq-mu2e/FEInterfaces/CFOFrontEndInterface_interface.cc [619]	-------------------------
%MSG
%MSG-d ots:  Early 19-Dec-2018 09:01:21 CST pre-events
otsdaq/otsdaq-core/WorkLoopManager/WorkLoop.cc [26]	Destroying WorkLoop: CFO0-SlowControls
%MSG
%MSG-d ots:  Early 19-Dec-2018 09:01:21 CST pre-events
otsdaq/otsdaq-core/WorkLoopManager/WorkLoop.cc [29]	Destroyed WorkLoop: CFO0-SlowControls
%MSG
%MSG-d ots:  Early 19-Dec-2018 09:01:21 CST pre-events
otsdaq/otsdaq-core/WorkLoopManager/WorkLoop.cc [26]	Destroying WorkLoop: CFO0
%MSG
%MSG-d ots:  Early 19-Dec-2018 09:01:21 CST pre-events
otsdaq/otsdaq-core/WorkLoopManager/WorkLoop.cc [29]	Destroyed WorkLoop: CFO0
%MSG
%MSG-i CFOFrontEndInterface:  Early 19-Dec-2018 09:01:32 CST pre-events
otsdaq_mu2e/otsdaq-mu2e/FEInterfaces/CFOFrontEndInterface_interface.cc [473]	Step 1: CFO do NOT reset clock...
%MSG
%MSG-i CFOFrontEndInterface:  Early 19-Dec-2018 09:01:32 CST pre-events
otsdaq_mu2e/otsdaq-mu2e/FEInterfaces/CFOFrontEndInterface_interface.cc [482]	Step 3: CFO reset TX...
%MSG
%MSG-i CFOFrontEndInterface:  Early 19-Dec-2018 09:01:52 CST pre-events
otsdaq_mu2e/otsdaq-mu2e/FEInterfaces/CFOFrontEndInterface_interface.cc [502]	Step 6: CFO enable Event start characters, SERDES Tx and Rx, and event window interval
%MSG
%MSG-i CFOFrontEndInterface:  Early 19-Dec-2018 09:01:55 CST pre-events
otsdaq_mu2e/otsdaq-mu2e/FEInterfaces/CFOFrontEndInterface_interface.cc [524]	--------------
%MSG
%MSG-i CFOFrontEndInterface:  Early 19-Dec-2018 09:01:55 CST pre-events
otsdaq_mu2e/otsdaq-mu2e/FEInterfaces/CFOFrontEndInterface_interface.cc [525]	CFO configured
%MSG
%MSG-i CFOFrontEndInterface:  Early 19-Dec-2018 09:01:55 CST pre-events
otsdaq_mu2e/otsdaq-mu2e/FEInterfaces/CFOFrontEndInterface_interface.cc [529]	CFO links OK = 0x1
%MSG
%MSG-i CFOFrontEndInterface:  Early 19-Dec-2018 09:02:04 CST pre-events
otsdaq_mu2e/otsdaq-mu2e/FEInterfaces/CFOFrontEndInterface_interface.cc [670]	 Looping back DTC0 ROC0
%MSG
%MSG-d CFOFrontEndInterface:  Early 19-Dec-2018 09:02:12 CST pre-events
otsdaq_mu2e/otsdaq-mu2e/FEInterfaces/CFOFrontEndInterface_interface.cc [372]	 delay [ 166 ] = 0
%MSG
%MSG-d CFOFrontEndInterface:  Early 19-Dec-2018 09:02:12 CST pre-events
otsdaq_mu2e/otsdaq-mu2e/FEInterfaces/CFOFrontEndInterface_interface.cc [372]	 delay [ 167 ] = 0
%MSG
%MSG-d CFOFrontEndInterface:  Early 19-Dec-2018 09:02:12 CST pre-events
otsdaq_mu2e/otsdaq-mu2e/FEInterfaces/CFOFrontEndInterface_interface.cc [372]	 delay [ 168 ] = 0
%MSG
%MSG-d CFOFrontEndInterface:  Early 19-Dec-2018 09:02:12 CST pre-events
otsdaq_mu2e/otsdaq-mu2e/FEInterfaces/CFOFrontEndInterface_interface.cc [372]	 delay [ 169 ] = 0
%MSG
%MSG-d CFOFrontEndInterface:  Early 19-Dec-2018 09:02:12 CST pre-events
otsdaq_mu2e/otsdaq-mu2e/FEInterfaces/CFOFrontEndInterface_interface.cc [372]	 delay [ 170 ] = 0
%MSG
%MSG-d CFOFrontEndInterface:  Early 19-Dec-2018 09:02:12 CST pre-events
otsdaq_mu2e/otsdaq-mu2e/FEInterfaces/CFOFrontEndInterface_interface.cc [372]	 delay [ 171 ] = 3175
%MSG
%MSG-d CFOFrontEndInterface:  Early 19-Dec-2018 09:02:12 CST pre-events
otsdaq_mu2e/otsdaq-mu2e/FEInterfaces/CFOFrontEndInterface_interface.cc [372]	 delay [ 172 ] = 6187
%MSG
%MSG-d CFOFrontEndInterface:  Early 19-Dec-2018 09:02:12 CST pre-events
otsdaq_mu2e/otsdaq-mu2e/FEInterfaces/CFOFrontEndInterface_interface.cc [372]	 delay [ 173 ] = 0
%MSG
%MSG-d CFOFrontEndInterface:  Early 19-Dec-2018 09:02:12 CST pre-events
otsdaq_mu2e/otsdaq-mu2e/FEInterfaces/CFOFrontEndInterface_interface.cc [372]	 delay [ 174 ] = 0
%MSG
%MSG-d CFOFrontEndInterface:  Early 19-Dec-2018 09:02:12 CST pre-events
otsdaq_mu2e/otsdaq-mu2e/FEInterfaces/CFOFrontEndInterface_interface.cc [372]	 delay [ 175 ] = 0
%MSG
%MSG-d CFOFrontEndInterface:  Early 19-Dec-2018 09:02:12 CST pre-events
otsdaq_mu2e/otsdaq-mu2e/FEInterfaces/CFOFrontEndInterface_interface.cc [372]	 delay [ 176 ] = 0
%MSG
%MSG-d CFOFrontEndInterface:  Early 19-Dec-2018 09:02:12 CST pre-events
otsdaq_mu2e/otsdaq-mu2e/FEInterfaces/CFOFrontEndInterface_interface.cc [379]	 average = 858.304 ns, RMS = 2.36679 ns, failures = 638
%MSG
%MSG-i CFOFrontEndInterface:  Early 19-Dec-2018 09:02:17 CST pre-events
otsdaq_mu2e/otsdaq-mu2e/FEInterfaces/CFOFrontEndInterface_interface.cc [670]	 Looping back DTC0 ROC1
%MSG
%MSG-d CFOFrontEndInterface:  Early 19-Dec-2018 09:02:25 CST pre-events
otsdaq_mu2e/otsdaq-mu2e/FEInterfaces/CFOFrontEndInterface_interface.cc [372]	 delay [ 91 ] = 0
%MSG
%MSG-d CFOFrontEndInterface:  Early 19-Dec-2018 09:02:25 CST pre-events
otsdaq_mu2e/otsdaq-mu2e/FEInterfaces/CFOFrontEndInterface_interface.cc [372]	 delay [ 92 ] = 0
%MSG
%MSG-d CFOFrontEndInterface:  Early 19-Dec-2018 09:02:25 CST pre-events
otsdaq_mu2e/otsdaq-mu2e/FEInterfaces/CFOFrontEndInterface_interface.cc [372]	 delay [ 93 ] = 0
%MSG
%MSG-d CFOFrontEndInterface:  Early 19-Dec-2018 09:02:25 CST pre-events
otsdaq_mu2e/otsdaq-mu2e/FEInterfaces/CFOFrontEndInterface_interface.cc [372]	 delay [ 94 ] = 0
%MSG
%MSG-d CFOFrontEndInterface:  Early 19-Dec-2018 09:02:25 CST pre-events
otsdaq_mu2e/otsdaq-mu2e/FEInterfaces/CFOFrontEndInterface_interface.cc [372]	 delay [ 95 ] = 0
%MSG
%MSG-d CFOFrontEndInterface:  Early 19-Dec-2018 09:02:25 CST pre-events
otsdaq_mu2e/otsdaq-mu2e/FEInterfaces/CFOFrontEndInterface_interface.cc [372]	 delay [ 96 ] = 10000
%MSG
%MSG-d CFOFrontEndInterface:  Early 19-Dec-2018 09:02:25 CST pre-events
otsdaq_mu2e/otsdaq-mu2e/FEInterfaces/CFOFrontEndInterface_interface.cc [372]	 delay [ 97 ] = 0
%MSG
%MSG-d CFOFrontEndInterface:  Early 19-Dec-2018 09:02:25 CST pre-events
otsdaq_mu2e/otsdaq-mu2e/FEInterfaces/CFOFrontEndInterface_interface.cc [372]	 delay [ 98 ] = 0
%MSG
%MSG-d CFOFrontEndInterface:  Early 19-Dec-2018 09:02:25 CST pre-events
otsdaq_mu2e/otsdaq-mu2e/FEInterfaces/CFOFrontEndInterface_interface.cc [372]	 delay [ 99 ] = 0
%MSG
%MSG-d CFOFrontEndInterface:  Early 19-Dec-2018 09:02:25 CST pre-events
otsdaq_mu2e/otsdaq-mu2e/FEInterfaces/CFOFrontEndInterface_interface.cc [372]	 delay [ 100 ] = 0
%MSG
%MSG-d CFOFrontEndInterface:  Early 19-Dec-2018 09:02:25 CST pre-events
otsdaq_mu2e/otsdaq-mu2e/FEInterfaces/CFOFrontEndInterface_interface.cc [379]	 average = 480 ns, RMS = 0 ns, failures = 0
%MSG
%MSG-i CFOFrontEndInterface:  Early 19-Dec-2018 09:02:29 CST pre-events
otsdaq_mu2e/otsdaq-mu2e/FEInterfaces/CFOFrontEndInterface_interface.cc [670]	 Looping back DTC1 ROC0
%MSG
%MSG-d CFOFrontEndInterface:  Early 19-Dec-2018 09:02:37 CST pre-events
otsdaq_mu2e/otsdaq-mu2e/FEInterfaces/CFOFrontEndInterface_interface.cc [372]	 delay [ 203 ] = 0
%MSG
%MSG-d CFOFrontEndInterface:  Early 19-Dec-2018 09:02:37 CST pre-events
otsdaq_mu2e/otsdaq-mu2e/FEInterfaces/CFOFrontEndInterface_interface.cc [372]	 delay [ 204 ] = 0
%MSG
%MSG-d CFOFrontEndInterface:  Early 19-Dec-2018 09:02:37 CST pre-events
otsdaq_mu2e/otsdaq-mu2e/FEInterfaces/CFOFrontEndInterface_interface.cc [372]	 delay [ 205 ] = 0
%MSG
%MSG-d CFOFrontEndInterface:  Early 19-Dec-2018 09:02:37 CST pre-events
otsdaq_mu2e/otsdaq-mu2e/FEInterfaces/CFOFrontEndInterface_interface.cc [372]	 delay [ 206 ] = 0
%MSG
%MSG-d CFOFrontEndInterface:  Early 19-Dec-2018 09:02:37 CST pre-events
otsdaq_mu2e/otsdaq-mu2e/FEInterfaces/CFOFrontEndInterface_interface.cc [372]	 delay [ 207 ] = 0
%MSG
%MSG-d CFOFrontEndInterface:  Early 19-Dec-2018 09:02:37 CST pre-events
otsdaq_mu2e/otsdaq-mu2e/FEInterfaces/CFOFrontEndInterface_interface.cc [372]	 delay [ 208 ] = 7748
%MSG
%MSG-d CFOFrontEndInterface:  Early 19-Dec-2018 09:02:37 CST pre-events
otsdaq_mu2e/otsdaq-mu2e/FEInterfaces/CFOFrontEndInterface_interface.cc [372]	 delay [ 209 ] = 1853
%MSG
%MSG-d CFOFrontEndInterface:  Early 19-Dec-2018 09:02:37 CST pre-events
otsdaq_mu2e/otsdaq-mu2e/FEInterfaces/CFOFrontEndInterface_interface.cc [372]	 delay [ 210 ] = 0
%MSG
%MSG-d CFOFrontEndInterface:  Early 19-Dec-2018 09:02:37 CST pre-events
otsdaq_mu2e/otsdaq-mu2e/FEInterfaces/CFOFrontEndInterface_interface.cc [372]	 delay [ 211 ] = 0
%MSG
%MSG-d CFOFrontEndInterface:  Early 19-Dec-2018 09:02:37 CST pre-events
otsdaq_mu2e/otsdaq-mu2e/FEInterfaces/CFOFrontEndInterface_interface.cc [372]	 delay [ 212 ] = 0
%MSG
%MSG-d CFOFrontEndInterface:  Early 19-Dec-2018 09:02:37 CST pre-events
otsdaq_mu2e/otsdaq-mu2e/FEInterfaces/CFOFrontEndInterface_interface.cc [372]	 delay [ 213 ] = 0
%MSG
%MSG-d CFOFrontEndInterface:  Early 19-Dec-2018 09:02:37 CST pre-events
otsdaq_mu2e/otsdaq-mu2e/FEInterfaces/CFOFrontEndInterface_interface.cc [379]	 average = 1040.96 ns, RMS = 1.97317 ns, failures = 399
%MSG
%MSG-i CFOFrontEndInterface:  Early 19-Dec-2018 09:02:41 CST pre-events
otsdaq_mu2e/otsdaq-mu2e/FEInterfaces/CFOFrontEndInterface_interface.cc [670]	 Looping back DTC1 ROC1
%MSG
%MSG-d CFOFrontEndInterface:  Early 19-Dec-2018 09:02:49 CST pre-events
otsdaq_mu2e/otsdaq-mu2e/FEInterfaces/CFOFrontEndInterface_interface.cc [372]	 delay [ 136 ] = 0
%MSG
%MSG-d CFOFrontEndInterface:  Early 19-Dec-2018 09:02:49 CST pre-events
otsdaq_mu2e/otsdaq-mu2e/FEInterfaces/CFOFrontEndInterface_interface.cc [372]	 delay [ 137 ] = 0
%MSG
%MSG-d CFOFrontEndInterface:  Early 19-Dec-2018 09:02:49 CST pre-events
otsdaq_mu2e/otsdaq-mu2e/FEInterfaces/CFOFrontEndInterface_interface.cc [372]	 delay [ 138 ] = 0
%MSG
%MSG-d CFOFrontEndInterface:  Early 19-Dec-2018 09:02:49 CST pre-events
otsdaq_mu2e/otsdaq-mu2e/FEInterfaces/CFOFrontEndInterface_interface.cc [372]	 delay [ 139 ] = 0
%MSG
%MSG-d CFOFrontEndInterface:  Early 19-Dec-2018 09:02:49 CST pre-events
otsdaq_mu2e/otsdaq-mu2e/FEInterfaces/CFOFrontEndInterface_interface.cc [372]	 delay [ 140 ] = 0
%MSG
%MSG-d CFOFrontEndInterface:  Early 19-Dec-2018 09:02:49 CST pre-events
otsdaq_mu2e/otsdaq-mu2e/FEInterfaces/CFOFrontEndInterface_interface.cc [372]	 delay [ 141 ] = 10000
%MSG
%MSG-d CFOFrontEndInterface:  Early 19-Dec-2018 09:02:49 CST pre-events
otsdaq_mu2e/otsdaq-mu2e/FEInterfaces/CFOFrontEndInterface_interface.cc [372]	 delay [ 142 ] = 0
%MSG
%MSG-d CFOFrontEndInterface:  Early 19-Dec-2018 09:02:49 CST pre-events
otsdaq_mu2e/otsdaq-mu2e/FEInterfaces/CFOFrontEndInterface_interface.cc [372]	 delay [ 143 ] = 0
%MSG
%MSG-d CFOFrontEndInterface:  Early 19-Dec-2018 09:02:49 CST pre-events
otsdaq_mu2e/otsdaq-mu2e/FEInterfaces/CFOFrontEndInterface_interface.cc [372]	 delay [ 144 ] = 0
%MSG
%MSG-d CFOFrontEndInterface:  Early 19-Dec-2018 09:02:49 CST pre-events
otsdaq_mu2e/otsdaq-mu2e/FEInterfaces/CFOFrontEndInterface_interface.cc [372]	 delay [ 145 ] = 0
%MSG
%MSG-d CFOFrontEndInterface:  Early 19-Dec-2018 09:02:49 CST pre-events
otsdaq_mu2e/otsdaq-mu2e/FEInterfaces/CFOFrontEndInterface_interface.cc [379]	 average = 705 ns, RMS = 0 ns, failures = 0
%MSG
%MSG-i CFOFrontEndInterface:  Early 19-Dec-2018 09:02:49 CST pre-events
otsdaq_mu2e/otsdaq-mu2e/FEInterfaces/CFOFrontEndInterface_interface.cc [601]	-------------------------
%MSG
%MSG-i CFOFrontEndInterface:  Early 19-Dec-2018 09:02:49 CST pre-events
otsdaq_mu2e/otsdaq-mu2e/FEInterfaces/CFOFrontEndInterface_interface.cc [602]	FULL SYSTEM loopback DONE
%MSG
%MSG-i CFOFrontEndInterface:  Early 19-Dec-2018 09:02:49 CST pre-events
otsdaq_mu2e/otsdaq-mu2e/FEInterfaces/CFOFrontEndInterface_interface.cc [611]	chain 0 - DTC 0 - ROC 0 = 858.304 ns +/- 2.36679 (638)
%MSG
%MSG-i CFOFrontEndInterface:  Early 19-Dec-2018 09:02:49 CST pre-events
otsdaq_mu2e/otsdaq-mu2e/FEInterfaces/CFOFrontEndInterface_interface.cc [611]	chain 0 - DTC 0 - ROC 1 = 480 ns +/- 0 (0)
%MSG
%MSG-i CFOFrontEndInterface:  Early 19-Dec-2018 09:02:49 CST pre-events
otsdaq_mu2e/otsdaq-mu2e/FEInterfaces/CFOFrontEndInterface_interface.cc [611]	chain 0 - DTC 1 - ROC 0 = 1040.96 ns +/- 1.97317 (399)
%MSG
%MSG-i CFOFrontEndInterface:  Early 19-Dec-2018 09:02:49 CST pre-events
otsdaq_mu2e/otsdaq-mu2e/FEInterfaces/CFOFrontEndInterface_interface.cc [611]	chain 0 - DTC 1 - ROC 1 = 705 ns +/- 0 (0)
%MSG
%MSG-i CFOFrontEndInterface:  Early 19-Dec-2018 09:02:49 CST pre-events
otsdaq_mu2e/otsdaq-mu2e/FEInterfaces/CFOFrontEndInterface_interface.cc [618]	DTC1 - DTC0 = 182.661
%MSG
%MSG-i CFOFrontEndInterface:  Early 19-Dec-2018 09:02:49 CST pre-events
otsdaq_mu2e/otsdaq-mu2e/FEInterfaces/CFOFrontEndInterface_interface.cc [619]	-------------------------
%MSG
%MSG-i CFOFrontEndInterface:  Early 19-Dec-2018 09:03:05 CST pre-events
otsdaq_mu2e/otsdaq-mu2e/FEInterfaces/CFOFrontEndInterface_interface.cc [670]	 Looping back DTC0 ROC0
%MSG
%MSG-d CFOFrontEndInterface:  Early 19-Dec-2018 09:03:13 CST pre-events
otsdaq_mu2e/otsdaq-mu2e/FEInterfaces/CFOFrontEndInterface_interface.cc [372]	 delay [ 166 ] = 0
%MSG
%MSG-d CFOFrontEndInterface:  Early 19-Dec-2018 09:03:13 CST pre-events
otsdaq_mu2e/otsdaq-mu2e/FEInterfaces/CFOFrontEndInterface_interface.cc [372]	 delay [ 167 ] = 0
%MSG
%MSG-d CFOFrontEndInterface:  Early 19-Dec-2018 09:03:13 CST pre-events
otsdaq_mu2e/otsdaq-mu2e/FEInterfaces/CFOFrontEndInterface_interface.cc [372]	 delay [ 168 ] = 0
%MSG
%MSG-d CFOFrontEndInterface:  Early 19-Dec-2018 09:03:13 CST pre-events
otsdaq_mu2e/otsdaq-mu2e/FEInterfaces/CFOFrontEndInterface_interface.cc [372]	 delay [ 169 ] = 0
%MSG
%MSG-d CFOFrontEndInterface:  Early 19-Dec-2018 09:03:13 CST pre-events
otsdaq_mu2e/otsdaq-mu2e/FEInterfaces/CFOFrontEndInterface_interface.cc [372]	 delay [ 170 ] = 0
%MSG
%MSG-d CFOFrontEndInterface:  Early 19-Dec-2018 09:03:13 CST pre-events
otsdaq_mu2e/otsdaq-mu2e/FEInterfaces/CFOFrontEndInterface_interface.cc [372]	 delay [ 171 ] = 3156
%MSG
%MSG-d CFOFrontEndInterface:  Early 19-Dec-2018 09:03:13 CST pre-events
otsdaq_mu2e/otsdaq-mu2e/FEInterfaces/CFOFrontEndInterface_interface.cc [372]	 delay [ 172 ] = 6203
%MSG
%MSG-d CFOFrontEndInterface:  Early 19-Dec-2018 09:03:13 CST pre-events
otsdaq_mu2e/otsdaq-mu2e/FEInterfaces/CFOFrontEndInterface_interface.cc [372]	 delay [ 173 ] = 0
%MSG
%MSG-d CFOFrontEndInterface:  Early 19-Dec-2018 09:03:13 CST pre-events
otsdaq_mu2e/otsdaq-mu2e/FEInterfaces/CFOFrontEndInterface_interface.cc [372]	 delay [ 174 ] = 0
%MSG
%MSG-d CFOFrontEndInterface:  Early 19-Dec-2018 09:03:13 CST pre-events
otsdaq_mu2e/otsdaq-mu2e/FEInterfaces/CFOFrontEndInterface_interface.cc [372]	 delay [ 175 ] = 0
%MSG
%MSG-d CFOFrontEndInterface:  Early 19-Dec-2018 09:03:13 CST pre-events
otsdaq_mu2e/otsdaq-mu2e/FEInterfaces/CFOFrontEndInterface_interface.cc [372]	 delay [ 176 ] = 0
%MSG
%MSG-d CFOFrontEndInterface:  Early 19-Dec-2018 09:03:13 CST pre-events
otsdaq_mu2e/otsdaq-mu2e/FEInterfaces/CFOFrontEndInterface_interface.cc [379]	 average = 858.314 ns, RMS = 2.36386 ns, failures = 641
%MSG
%MSG-i CFOFrontEndInterface:  Early 19-Dec-2018 09:03:17 CST pre-events
otsdaq_mu2e/otsdaq-mu2e/FEInterfaces/CFOFrontEndInterface_interface.cc [670]	 Looping back DTC0 ROC1
%MSG
%MSG-d CFOFrontEndInterface:  Early 19-Dec-2018 09:03:25 CST pre-events
otsdaq_mu2e/otsdaq-mu2e/FEInterfaces/CFOFrontEndInterface_interface.cc [372]	 delay [ 91 ] = 0
%MSG
%MSG-d CFOFrontEndInterface:  Early 19-Dec-2018 09:03:25 CST pre-events
otsdaq_mu2e/otsdaq-mu2e/FEInterfaces/CFOFrontEndInterface_interface.cc [372]	 delay [ 92 ] = 0
%MSG
%MSG-d CFOFrontEndInterface:  Early 19-Dec-2018 09:03:25 CST pre-events
otsdaq_mu2e/otsdaq-mu2e/FEInterfaces/CFOFrontEndInterface_interface.cc [372]	 delay [ 93 ] = 0
%MSG
%MSG-d CFOFrontEndInterface:  Early 19-Dec-2018 09:03:25 CST pre-events
otsdaq_mu2e/otsdaq-mu2e/FEInterfaces/CFOFrontEndInterface_interface.cc [372]	 delay [ 94 ] = 0
%MSG
%MSG-d CFOFrontEndInterface:  Early 19-Dec-2018 09:03:25 CST pre-events
otsdaq_mu2e/otsdaq-mu2e/FEInterfaces/CFOFrontEndInterface_interface.cc [372]	 delay [ 95 ] = 0
%MSG
%MSG-d CFOFrontEndInterface:  Early 19-Dec-2018 09:03:25 CST pre-events
otsdaq_mu2e/otsdaq-mu2e/FEInterfaces/CFOFrontEndInterface_interface.cc [372]	 delay [ 96 ] = 10000
%MSG
%MSG-d CFOFrontEndInterface:  Early 19-Dec-2018 09:03:25 CST pre-events
otsdaq_mu2e/otsdaq-mu2e/FEInterfaces/CFOFrontEndInterface_interface.cc [372]	 delay [ 97 ] = 0
%MSG
%MSG-d CFOFrontEndInterface:  Early 19-Dec-2018 09:03:25 CST pre-events
otsdaq_mu2e/otsdaq-mu2e/FEInterfaces/CFOFrontEndInterface_interface.cc [372]	 delay [ 98 ] = 0
%MSG
%MSG-d CFOFrontEndInterface:  Early 19-Dec-2018 09:03:25 CST pre-events
otsdaq_mu2e/otsdaq-mu2e/FEInterfaces/CFOFrontEndInterface_interface.cc [372]	 delay [ 99 ] = 0
%MSG
%MSG-d CFOFrontEndInterface:  Early 19-Dec-2018 09:03:25 CST pre-events
otsdaq_mu2e/otsdaq-mu2e/FEInterfaces/CFOFrontEndInterface_interface.cc [372]	 delay [ 100 ] = 0
%MSG
%MSG-d CFOFrontEndInterface:  Early 19-Dec-2018 09:03:25 CST pre-events
otsdaq_mu2e/otsdaq-mu2e/FEInterfaces/CFOFrontEndInterface_interface.cc [379]	 average = 480 ns, RMS = 0 ns, failures = 0
%MSG
%MSG-i CFOFrontEndInterface:  Early 19-Dec-2018 09:03:29 CST pre-events
otsdaq_mu2e/otsdaq-mu2e/FEInterfaces/CFOFrontEndInterface_interface.cc [670]	 Looping back DTC1 ROC0
%MSG
%MSG-d CFOFrontEndInterface:  Early 19-Dec-2018 09:03:37 CST pre-events
otsdaq_mu2e/otsdaq-mu2e/FEInterfaces/CFOFrontEndInterface_interface.cc [372]	 delay [ 203 ] = 0
%MSG
%MSG-d CFOFrontEndInterface:  Early 19-Dec-2018 09:03:37 CST pre-events
otsdaq_mu2e/otsdaq-mu2e/FEInterfaces/CFOFrontEndInterface_interface.cc [372]	 delay [ 204 ] = 0
%MSG
%MSG-d CFOFrontEndInterface:  Early 19-Dec-2018 09:03:37 CST pre-events
otsdaq_mu2e/otsdaq-mu2e/FEInterfaces/CFOFrontEndInterface_interface.cc [372]	 delay [ 205 ] = 0
%MSG
%MSG-d CFOFrontEndInterface:  Early 19-Dec-2018 09:03:37 CST pre-events
otsdaq_mu2e/otsdaq-mu2e/FEInterfaces/CFOFrontEndInterface_interface.cc [372]	 delay [ 206 ] = 0
%MSG
%MSG-d CFOFrontEndInterface:  Early 19-Dec-2018 09:03:37 CST pre-events
otsdaq_mu2e/otsdaq-mu2e/FEInterfaces/CFOFrontEndInterface_interface.cc [372]	 delay [ 207 ] = 0
%MSG
%MSG-d CFOFrontEndInterface:  Early 19-Dec-2018 09:03:37 CST pre-events
otsdaq_mu2e/otsdaq-mu2e/FEInterfaces/CFOFrontEndInterface_interface.cc [372]	 delay [ 208 ] = 7746
%MSG
%MSG-d CFOFrontEndInterface:  Early 19-Dec-2018 09:03:37 CST pre-events
otsdaq_mu2e/otsdaq-mu2e/FEInterfaces/CFOFrontEndInterface_interface.cc [372]	 delay [ 209 ] = 1864
%MSG
%MSG-d CFOFrontEndInterface:  Early 19-Dec-2018 09:03:37 CST pre-events
otsdaq_mu2e/otsdaq-mu2e/FEInterfaces/CFOFrontEndInterface_interface.cc [372]	 delay [ 210 ] = 0
%MSG
%MSG-d CFOFrontEndInterface:  Early 19-Dec-2018 09:03:37 CST pre-events
otsdaq_mu2e/otsdaq-mu2e/FEInterfaces/CFOFrontEndInterface_interface.cc [372]	 delay [ 211 ] = 0
%MSG
%MSG-d CFOFrontEndInterface:  Early 19-Dec-2018 09:03:37 CST pre-events
otsdaq_mu2e/otsdaq-mu2e/FEInterfaces/CFOFrontEndInterface_interface.cc [372]	 delay [ 212 ] = 0
%MSG
%MSG-d CFOFrontEndInterface:  Early 19-Dec-2018 09:03:37 CST pre-events
otsdaq_mu2e/otsdaq-mu2e/FEInterfaces/CFOFrontEndInterface_interface.cc [372]	 delay [ 213 ] = 0
%MSG
%MSG-d CFOFrontEndInterface:  Early 19-Dec-2018 09:03:37 CST pre-events
otsdaq_mu2e/otsdaq-mu2e/FEInterfaces/CFOFrontEndInterface_interface.cc [379]	 average = 1040.97 ns, RMS = 1.97648 ns, failures = 390
%MSG
%MSG-i CFOFrontEndInterface:  Early 19-Dec-2018 09:03:41 CST pre-events
otsdaq_mu2e/otsdaq-mu2e/FEInterfaces/CFOFrontEndInterface_interface.cc [670]	 Looping back DTC1 ROC1
%MSG
%MSG-d CFOFrontEndInterface:  Early 19-Dec-2018 09:03:49 CST pre-events
otsdaq_mu2e/otsdaq-mu2e/FEInterfaces/CFOFrontEndInterface_interface.cc [372]	 delay [ 136 ] = 0
%MSG
%MSG-d CFOFrontEndInterface:  Early 19-Dec-2018 09:03:49 CST pre-events
otsdaq_mu2e/otsdaq-mu2e/FEInterfaces/CFOFrontEndInterface_interface.cc [372]	 delay [ 137 ] = 0
%MSG
%MSG-d CFOFrontEndInterface:  Early 19-Dec-2018 09:03:49 CST pre-events
otsdaq_mu2e/otsdaq-mu2e/FEInterfaces/CFOFrontEndInterface_interface.cc [372]	 delay [ 138 ] = 0
%MSG
%MSG-d CFOFrontEndInterface:  Early 19-Dec-2018 09:03:49 CST pre-events
otsdaq_mu2e/otsdaq-mu2e/FEInterfaces/CFOFrontEndInterface_interface.cc [372]	 delay [ 139 ] = 0
%MSG
%MSG-d CFOFrontEndInterface:  Early 19-Dec-2018 09:03:49 CST pre-events
otsdaq_mu2e/otsdaq-mu2e/FEInterfaces/CFOFrontEndInterface_interface.cc [372]	 delay [ 140 ] = 0
%MSG
%MSG-d CFOFrontEndInterface:  Early 19-Dec-2018 09:03:49 CST pre-events
otsdaq_mu2e/otsdaq-mu2e/FEInterfaces/CFOFrontEndInterface_interface.cc [372]	 delay [ 141 ] = 10000
%MSG
%MSG-d CFOFrontEndInterface:  Early 19-Dec-2018 09:03:49 CST pre-events
otsdaq_mu2e/otsdaq-mu2e/FEInterfaces/CFOFrontEndInterface_interface.cc [372]	 delay [ 142 ] = 0
%MSG
%MSG-d CFOFrontEndInterface:  Early 19-Dec-2018 09:03:49 CST pre-events
otsdaq_mu2e/otsdaq-mu2e/FEInterfaces/CFOFrontEndInterface_interface.cc [372]	 delay [ 143 ] = 0
%MSG
%MSG-d CFOFrontEndInterface:  Early 19-Dec-2018 09:03:49 CST pre-events
otsdaq_mu2e/otsdaq-mu2e/FEInterfaces/CFOFrontEndInterface_interface.cc [372]	 delay [ 144 ] = 0
%MSG
%MSG-d CFOFrontEndInterface:  Early 19-Dec-2018 09:03:49 CST pre-events
otsdaq_mu2e/otsdaq-mu2e/FEInterfaces/CFOFrontEndInterface_interface.cc [372]	 delay [ 145 ] = 0
%MSG
%MSG-d CFOFrontEndInterface:  Early 19-Dec-2018 09:03:49 CST pre-events
otsdaq_mu2e/otsdaq-mu2e/FEInterfaces/CFOFrontEndInterface_interface.cc [379]	 average = 705 ns, RMS = 0 ns, failures = 0
%MSG
%MSG-i CFOFrontEndInterface:  Early 19-Dec-2018 09:03:49 CST pre-events
otsdaq_mu2e/otsdaq-mu2e/FEInterfaces/CFOFrontEndInterface_interface.cc [601]	-------------------------
%MSG
%MSG-i CFOFrontEndInterface:  Early 19-Dec-2018 09:03:49 CST pre-events
otsdaq_mu2e/otsdaq-mu2e/FEInterfaces/CFOFrontEndInterface_interface.cc [602]	FULL SYSTEM loopback DONE
%MSG
%MSG-i CFOFrontEndInterface:  Early 19-Dec-2018 09:03:49 CST pre-events
otsdaq_mu2e/otsdaq-mu2e/FEInterfaces/CFOFrontEndInterface_interface.cc [611]	chain 0 - DTC 0 - ROC 0 = 858.314 ns +/- 2.36386 (641)
%MSG
%MSG-i CFOFrontEndInterface:  Early 19-Dec-2018 09:03:49 CST pre-events
otsdaq_mu2e/otsdaq-mu2e/FEInterfaces/CFOFrontEndInterface_interface.cc [611]	chain 0 - DTC 0 - ROC 1 = 480 ns +/- 0 (0)
%MSG
%MSG-i CFOFrontEndInterface:  Early 19-Dec-2018 09:03:49 CST pre-events
otsdaq_mu2e/otsdaq-mu2e/FEInterfaces/CFOFrontEndInterface_interface.cc [611]	chain 0 - DTC 1 - ROC 0 = 1040.97 ns +/- 1.97648 (390)
%MSG
%MSG-i CFOFrontEndInterface:  Early 19-Dec-2018 09:03:49 CST pre-events
otsdaq_mu2e/otsdaq-mu2e/FEInterfaces/CFOFrontEndInterface_interface.cc [611]	chain 0 - DTC 1 - ROC 1 = 705 ns +/- 0 (0)
%MSG
%MSG-i CFOFrontEndInterface:  Early 19-Dec-2018 09:03:49 CST pre-events
otsdaq_mu2e/otsdaq-mu2e/FEInterfaces/CFOFrontEndInterface_interface.cc [618]	DTC1 - DTC0 = 182.656
%MSG
%MSG-i CFOFrontEndInterface:  Early 19-Dec-2018 09:03:49 CST pre-events
otsdaq_mu2e/otsdaq-mu2e/FEInterfaces/CFOFrontEndInterface_interface.cc [619]	-------------------------
%MSG
