%MSG-i configureMessageFacility:  CorePropertySupervisorBase  28-Nov-2018 13:48:57 CST pre-events configureMessageFacility.cc:286
Message Facility Application CorePropertySupervisorBase configured with: debugModules:["*"] destinations:{file:{append:false directory:"/home/mu2edaq/sync_demo/ots/srcs/otsdaq_mu2e/Data/Logs/CorePropertySupervisorBase" pattern:"CorePropertySupervisorBase-%?H%t-%p.log" seperator:"-" threshold:"DEBUG" timestamp_pattern:"%Y%m%d%H%M%S" type:"GenFile"} udp:{host:"192.168.157.6" port:30000 threshold:"DEBUG" type:"UDP"}}
%MSG
%MSG-i _TCPConnect:  CorePropertySupervisorBase 28-Nov-2018 13:48:57 CST  pre-events TCPConnect.cc:334
Resolving host 192.168.157.6, on port 30000
%MSG
%MSG-i _TCPConnect:  CorePropertySupervisorBase 28-Nov-2018 13:48:57 CST  pre-events TCPConnect.cc:241
Resolving ip mu2edaq04.fnal.gov
%MSG
%MSG-i configureMessageFacility:  RunControlStateMachine  28-Nov-2018 13:48:57 CST pre-events configureMessageFacility.cc:286
Message Facility Application RunControlStateMachine configured with: debugModules:["*"] destinations:{file:{append:false directory:"/home/mu2edaq/sync_demo/ots/srcs/otsdaq_mu2e/Data/Logs/RunControlStateMachine" pattern:"RunControlStateMachine-%?H%t-%p.log" seperator:"-" threshold:"DEBUG" timestamp_pattern:"%Y%m%d%H%M%S" type:"GenFile"} udp:{host:"192.168.157.6" port:30000 threshold:"DEBUG" type:"UDP"}}
%MSG
%MSG-i configureMessageFacility:  CoreSupervisorBase 28-Nov-2018 13:48:57 CST  pre-events configureMessageFacility.cc:286
Message Facility Application CoreSupervisorBase configured with: debugModules:["*"] destinations:{file:{append:false directory:"/home/mu2edaq/sync_demo/ots/srcs/otsdaq_mu2e/Data/Logs/CoreSupervisorBase" pattern:"CoreSupervisorBase-%?H%t-%p.log" seperator:"-" threshold:"DEBUG" timestamp_pattern:"%Y%m%d%H%M%S" type:"GenFile"} udp:{host:"192.168.157.6" port:30000 threshold:"DEBUG" type:"UDP"}}
%MSG
%MSG-i CFOFrontEndInterface:  Early 28-Nov-2018 13:50:26 CST pre-events
otsdaq_mu2e/otsdaq-mu2e/FEInterfaces/CFOFrontEndInterface_interface.cc [424]	CFO reset clock...
%MSG
%MSG-i CFOFrontEndInterface:  Early 28-Nov-2018 13:51:06 CST pre-events
otsdaq_mu2e/otsdaq-mu2e/FEInterfaces/CFOFrontEndInterface_interface.cc [466]	CFO reset TX...
%MSG
%MSG-i CFOFrontEndInterface:  Early 28-Nov-2018 13:51:30 CST pre-events
otsdaq_mu2e/otsdaq-mu2e/FEInterfaces/CFOFrontEndInterface_interface.cc [506]	--------------
%MSG
%MSG-i CFOFrontEndInterface:  Early 28-Nov-2018 13:51:30 CST pre-events
otsdaq_mu2e/otsdaq-mu2e/FEInterfaces/CFOFrontEndInterface_interface.cc [507]	CFO configured
%MSG
%MSG-i CFOFrontEndInterface:  Early 28-Nov-2018 13:51:30 CST pre-events
otsdaq_mu2e/otsdaq-mu2e/FEInterfaces/CFOFrontEndInterface_interface.cc [511]	CFO links OK = 0x1
%MSG
%MSG-i CFOFrontEndInterface:  Early 28-Nov-2018 13:54:36 CST pre-events
otsdaq_mu2e/otsdaq-mu2e/FEInterfaces/CFOFrontEndInterface_interface.cc [632]	 Looping back DTC0 ROC0
%MSG
%MSG-i CFOFrontEndInterface:  Early 28-Nov-2018 13:54:45 CST pre-events
otsdaq_mu2e/otsdaq-mu2e/FEInterfaces/CFOFrontEndInterface_interface.cc [632]	 Looping back DTC0 ROC1
%MSG
%MSG-i CFOFrontEndInterface:  Early 28-Nov-2018 13:54:54 CST pre-events
otsdaq_mu2e/otsdaq-mu2e/FEInterfaces/CFOFrontEndInterface_interface.cc [632]	 Looping back DTC1 ROC0
%MSG
%MSG-i CFOFrontEndInterface:  Early 28-Nov-2018 13:55:03 CST pre-events
otsdaq_mu2e/otsdaq-mu2e/FEInterfaces/CFOFrontEndInterface_interface.cc [632]	 Looping back DTC1 ROC1
%MSG
%MSG-i CFOFrontEndInterface:  Early 28-Nov-2018 13:55:09 CST pre-events
otsdaq_mu2e/otsdaq-mu2e/FEInterfaces/CFOFrontEndInterface_interface.cc [578]	-------------------------
%MSG
%MSG-i CFOFrontEndInterface:  Early 28-Nov-2018 13:55:09 CST pre-events
otsdaq_mu2e/otsdaq-mu2e/FEInterfaces/CFOFrontEndInterface_interface.cc [579]	FULL SYSTEM loopback DONE
%MSG
%MSG-i CFOFrontEndInterface:  Early 28-Nov-2018 13:55:09 CST pre-events
otsdaq_mu2e/otsdaq-mu2e/FEInterfaces/CFOFrontEndInterface_interface.cc [585]	chain 0 - DTC 0 - ROC 0 = 165.11
%MSG
%MSG-i CFOFrontEndInterface:  Early 28-Nov-2018 13:55:09 CST pre-events
otsdaq_mu2e/otsdaq-mu2e/FEInterfaces/CFOFrontEndInterface_interface.cc [585]	chain 0 - DTC 0 - ROC 1 = 96
%MSG
%MSG-i CFOFrontEndInterface:  Early 28-Nov-2018 13:55:09 CST pre-events
otsdaq_mu2e/otsdaq-mu2e/FEInterfaces/CFOFrontEndInterface_interface.cc [585]	chain 0 - DTC 1 - ROC 0 = 201.91
%MSG
%MSG-i CFOFrontEndInterface:  Early 28-Nov-2018 13:55:09 CST pre-events
otsdaq_mu2e/otsdaq-mu2e/FEInterfaces/CFOFrontEndInterface_interface.cc [585]	chain 0 - DTC 1 - ROC 1 = 141
%MSG
%MSG-i CFOFrontEndInterface:  Early 28-Nov-2018 13:55:09 CST pre-events
otsdaq_mu2e/otsdaq-mu2e/FEInterfaces/CFOFrontEndInterface_interface.cc [589]	-------------------------
%MSG
%MSG-d ots:  Early 28-Nov-2018 13:55:37 CST pre-events
otsdaq/otsdaq-core/WorkLoopManager/WorkLoop.cc [26]	Destroying WorkLoop: CFO0-SlowControls
%MSG
%MSG-d ots:  Early 28-Nov-2018 13:55:37 CST pre-events
otsdaq/otsdaq-core/WorkLoopManager/WorkLoop.cc [29]	Destroyed WorkLoop: CFO0-SlowControls
%MSG
%MSG-d ots:  Early 28-Nov-2018 13:55:37 CST pre-events
otsdaq/otsdaq-core/WorkLoopManager/WorkLoop.cc [26]	Destroying WorkLoop: CFO0
%MSG
%MSG-d ots:  Early 28-Nov-2018 13:55:37 CST pre-events
otsdaq/otsdaq-core/WorkLoopManager/WorkLoop.cc [29]	Destroyed WorkLoop: CFO0
%MSG
%MSG-i CFOFrontEndInterface:  Early 28-Nov-2018 13:55:47 CST pre-events
otsdaq_mu2e/otsdaq-mu2e/FEInterfaces/CFOFrontEndInterface_interface.cc [424]	CFO reset clock...
%MSG
%MSG-i CFOFrontEndInterface:  Early 28-Nov-2018 13:56:28 CST pre-events
otsdaq_mu2e/otsdaq-mu2e/FEInterfaces/CFOFrontEndInterface_interface.cc [466]	CFO reset TX...
%MSG
%MSG-i CFOFrontEndInterface:  Early 28-Nov-2018 13:56:51 CST pre-events
otsdaq_mu2e/otsdaq-mu2e/FEInterfaces/CFOFrontEndInterface_interface.cc [506]	--------------
%MSG
%MSG-i CFOFrontEndInterface:  Early 28-Nov-2018 13:56:51 CST pre-events
otsdaq_mu2e/otsdaq-mu2e/FEInterfaces/CFOFrontEndInterface_interface.cc [507]	CFO configured
%MSG
%MSG-i CFOFrontEndInterface:  Early 28-Nov-2018 13:56:51 CST pre-events
otsdaq_mu2e/otsdaq-mu2e/FEInterfaces/CFOFrontEndInterface_interface.cc [511]	CFO links OK = 0x1
%MSG
