%MSG-i configureMessageFacility:  CorePropertySupervisorBase  10-Jan-2019 15:28:38 CST pre-events configureMessageFacility.cc:286
Message Facility Application CorePropertySupervisorBase configured with: debugModules:["*"] destinations:{file:{append:false directory:"/home/mu2edaq/sync_demo/ots/srcs/otsdaq_mu2e/Data/Logs/CorePropertySupervisorBase" pattern:"CorePropertySupervisorBase-%?H%t-%p.log" seperator:"-" threshold:"DEBUG" timestamp_pattern:"%Y%m%d%H%M%S" type:"GenFile"} udp:{host:"192.168.157.6" port:30000 threshold:"DEBUG" type:"UDP"}}
%MSG
%MSG-i _TCPConnect:  CorePropertySupervisorBase 10-Jan-2019 15:28:38 CST  pre-events TCPConnect.cc:334
Resolving host 192.168.157.6, on port 30000
%MSG
%MSG-i _TCPConnect:  CorePropertySupervisorBase 10-Jan-2019 15:28:38 CST  pre-events TCPConnect.cc:241
Resolving ip mu2edaq04.fnal.gov
%MSG
%MSG-i configureMessageFacility:  RunControlStateMachine  10-Jan-2019 15:28:38 CST pre-events configureMessageFacility.cc:286
Message Facility Application RunControlStateMachine configured with: debugModules:["*"] destinations:{file:{append:false directory:"/home/mu2edaq/sync_demo/ots/srcs/otsdaq_mu2e/Data/Logs/RunControlStateMachine" pattern:"RunControlStateMachine-%?H%t-%p.log" seperator:"-" threshold:"DEBUG" timestamp_pattern:"%Y%m%d%H%M%S" type:"GenFile"} udp:{host:"192.168.157.6" port:30000 threshold:"DEBUG" type:"UDP"}}
%MSG
%MSG-i configureMessageFacility:  CoreSupervisorBase 10-Jan-2019 15:28:38 CST  pre-events configureMessageFacility.cc:286
Message Facility Application CoreSupervisorBase configured with: debugModules:["*"] destinations:{file:{append:false directory:"/home/mu2edaq/sync_demo/ots/srcs/otsdaq_mu2e/Data/Logs/CoreSupervisorBase" pattern:"CoreSupervisorBase-%?H%t-%p.log" seperator:"-" threshold:"DEBUG" timestamp_pattern:"%Y%m%d%H%M%S" type:"GenFile"} udp:{host:"192.168.157.6" port:30000 threshold:"DEBUG" type:"UDP"}}
%MSG
%MSG-i CFOFrontEndInterface:  Early 10-Jan-2019 15:28:59 CST pre-events
otsdaq_mu2e/otsdaq-mu2e/FEInterfaces/CFOFrontEndInterface_interface.cc [472]	Step 1: CFO do NOT reset clock...
%MSG
%MSG-i CFOFrontEndInterface:  Early 10-Jan-2019 15:28:59 CST pre-events
otsdaq_mu2e/otsdaq-mu2e/FEInterfaces/CFOFrontEndInterface_interface.cc [481]	Step 3: CFO reset TX...
%MSG
%MSG-i CFOFrontEndInterface:  Early 10-Jan-2019 15:29:19 CST pre-events
otsdaq_mu2e/otsdaq-mu2e/FEInterfaces/CFOFrontEndInterface_interface.cc [501]	Step 6: CFO enable Event start characters, SERDES Tx and Rx, and event window interval
%MSG
%MSG-i CFOFrontEndInterface:  Early 10-Jan-2019 15:29:22 CST pre-events
otsdaq_mu2e/otsdaq-mu2e/FEInterfaces/CFOFrontEndInterface_interface.cc [523]	--------------
%MSG
%MSG-i CFOFrontEndInterface:  Early 10-Jan-2019 15:29:22 CST pre-events
otsdaq_mu2e/otsdaq-mu2e/FEInterfaces/CFOFrontEndInterface_interface.cc [524]	CFO configured
%MSG
%MSG-i CFOFrontEndInterface:  Early 10-Jan-2019 15:29:22 CST pre-events
otsdaq_mu2e/otsdaq-mu2e/FEInterfaces/CFOFrontEndInterface_interface.cc [528]	CFO links OK = 0x1
%MSG
%MSG-i CFOFrontEndInterface:  Early 10-Jan-2019 15:49:57 CST pre-events
otsdaq_mu2e/otsdaq-mu2e/FEInterfaces/CFOFrontEndInterface_interface.cc [669]	 Looping back DTC0 ROC0
%MSG
%MSG-i CFOFrontEndInterface:  Early 10-Jan-2019 15:50:02 CST pre-events
otsdaq_mu2e/otsdaq-mu2e/FEInterfaces/CFOFrontEndInterface_interface.cc [374]	 delay [ 156 ] = 0
%MSG
%MSG-i CFOFrontEndInterface:  Early 10-Jan-2019 15:50:02 CST pre-events
otsdaq_mu2e/otsdaq-mu2e/FEInterfaces/CFOFrontEndInterface_interface.cc [374]	 delay [ 157 ] = 0
%MSG
%MSG-i CFOFrontEndInterface:  Early 10-Jan-2019 15:50:02 CST pre-events
otsdaq_mu2e/otsdaq-mu2e/FEInterfaces/CFOFrontEndInterface_interface.cc [374]	 delay [ 158 ] = 0
%MSG
%MSG-i CFOFrontEndInterface:  Early 10-Jan-2019 15:50:02 CST pre-events
otsdaq_mu2e/otsdaq-mu2e/FEInterfaces/CFOFrontEndInterface_interface.cc [374]	 delay [ 159 ] = 0
%MSG
%MSG-i CFOFrontEndInterface:  Early 10-Jan-2019 15:50:02 CST pre-events
otsdaq_mu2e/otsdaq-mu2e/FEInterfaces/CFOFrontEndInterface_interface.cc [374]	 delay [ 160 ] = 0
%MSG
%MSG-i CFOFrontEndInterface:  Early 10-Jan-2019 15:50:02 CST pre-events
otsdaq_mu2e/otsdaq-mu2e/FEInterfaces/CFOFrontEndInterface_interface.cc [374]	 delay [ 161 ] = 27
%MSG
%MSG-i CFOFrontEndInterface:  Early 10-Jan-2019 15:50:02 CST pre-events
otsdaq_mu2e/otsdaq-mu2e/FEInterfaces/CFOFrontEndInterface_interface.cc [374]	 delay [ 162 ] = 72
%MSG
%MSG-i CFOFrontEndInterface:  Early 10-Jan-2019 15:50:02 CST pre-events
otsdaq_mu2e/otsdaq-mu2e/FEInterfaces/CFOFrontEndInterface_interface.cc [374]	 delay [ 163 ] = 0
%MSG
%MSG-i CFOFrontEndInterface:  Early 10-Jan-2019 15:50:02 CST pre-events
otsdaq_mu2e/otsdaq-mu2e/FEInterfaces/CFOFrontEndInterface_interface.cc [374]	 delay [ 164 ] = 0
%MSG
%MSG-i CFOFrontEndInterface:  Early 10-Jan-2019 15:50:02 CST pre-events
otsdaq_mu2e/otsdaq-mu2e/FEInterfaces/CFOFrontEndInterface_interface.cc [374]	 delay [ 165 ] = 0
%MSG
%MSG-i CFOFrontEndInterface:  Early 10-Jan-2019 15:50:02 CST pre-events
otsdaq_mu2e/otsdaq-mu2e/FEInterfaces/CFOFrontEndInterface_interface.cc [374]	 delay [ 166 ] = 0
%MSG
%MSG-i CFOFrontEndInterface:  Early 10-Jan-2019 15:50:02 CST pre-events
otsdaq_mu2e/otsdaq-mu2e/FEInterfaces/CFOFrontEndInterface_interface.cc [378]	 average = 808.636 ns, RMS = 2.22259 ns, failures = 1
%MSG
%MSG-i CFOFrontEndInterface:  Early 10-Jan-2019 15:50:02 CST pre-events
otsdaq_mu2e/otsdaq-mu2e/FEInterfaces/CFOFrontEndInterface_interface.cc [669]	 Looping back DTC0 ROC1
%MSG
%MSG-i CFOFrontEndInterface:  Early 10-Jan-2019 15:50:07 CST pre-events
otsdaq_mu2e/otsdaq-mu2e/FEInterfaces/CFOFrontEndInterface_interface.cc [374]	 delay [ 150 ] = 0
%MSG
%MSG-i CFOFrontEndInterface:  Early 10-Jan-2019 15:50:07 CST pre-events
otsdaq_mu2e/otsdaq-mu2e/FEInterfaces/CFOFrontEndInterface_interface.cc [374]	 delay [ 151 ] = 0
%MSG
%MSG-i CFOFrontEndInterface:  Early 10-Jan-2019 15:50:07 CST pre-events
otsdaq_mu2e/otsdaq-mu2e/FEInterfaces/CFOFrontEndInterface_interface.cc [374]	 delay [ 152 ] = 0
%MSG
%MSG-i CFOFrontEndInterface:  Early 10-Jan-2019 15:50:07 CST pre-events
otsdaq_mu2e/otsdaq-mu2e/FEInterfaces/CFOFrontEndInterface_interface.cc [374]	 delay [ 153 ] = 0
%MSG
%MSG-i CFOFrontEndInterface:  Early 10-Jan-2019 15:50:07 CST pre-events
otsdaq_mu2e/otsdaq-mu2e/FEInterfaces/CFOFrontEndInterface_interface.cc [374]	 delay [ 154 ] = 0
%MSG
%MSG-i CFOFrontEndInterface:  Early 10-Jan-2019 15:50:07 CST pre-events
otsdaq_mu2e/otsdaq-mu2e/FEInterfaces/CFOFrontEndInterface_interface.cc [374]	 delay [ 155 ] = 14
%MSG
%MSG-i CFOFrontEndInterface:  Early 10-Jan-2019 15:50:07 CST pre-events
otsdaq_mu2e/otsdaq-mu2e/FEInterfaces/CFOFrontEndInterface_interface.cc [374]	 delay [ 156 ] = 86
%MSG
%MSG-i CFOFrontEndInterface:  Early 10-Jan-2019 15:50:07 CST pre-events
otsdaq_mu2e/otsdaq-mu2e/FEInterfaces/CFOFrontEndInterface_interface.cc [374]	 delay [ 157 ] = 0
%MSG
%MSG-i CFOFrontEndInterface:  Early 10-Jan-2019 15:50:07 CST pre-events
otsdaq_mu2e/otsdaq-mu2e/FEInterfaces/CFOFrontEndInterface_interface.cc [374]	 delay [ 158 ] = 0
%MSG
%MSG-i CFOFrontEndInterface:  Early 10-Jan-2019 15:50:07 CST pre-events
otsdaq_mu2e/otsdaq-mu2e/FEInterfaces/CFOFrontEndInterface_interface.cc [374]	 delay [ 159 ] = 0
%MSG
%MSG-i CFOFrontEndInterface:  Early 10-Jan-2019 15:50:07 CST pre-events
otsdaq_mu2e/otsdaq-mu2e/FEInterfaces/CFOFrontEndInterface_interface.cc [374]	 delay [ 160 ] = 0
%MSG
%MSG-i CFOFrontEndInterface:  Early 10-Jan-2019 15:50:07 CST pre-events
otsdaq_mu2e/otsdaq-mu2e/FEInterfaces/CFOFrontEndInterface_interface.cc [378]	 average = 779.3 ns, RMS = 1.73352 ns, failures = 0
%MSG
%MSG-i CFOFrontEndInterface:  Early 10-Jan-2019 15:50:07 CST pre-events
otsdaq_mu2e/otsdaq-mu2e/FEInterfaces/CFOFrontEndInterface_interface.cc [669]	 Looping back DTC1 ROC0
%MSG
%MSG-i CFOFrontEndInterface:  Early 10-Jan-2019 15:50:12 CST pre-events
otsdaq_mu2e/otsdaq-mu2e/FEInterfaces/CFOFrontEndInterface_interface.cc [374]	 delay [ 136 ] = 0
%MSG
%MSG-i CFOFrontEndInterface:  Early 10-Jan-2019 15:50:12 CST pre-events
otsdaq_mu2e/otsdaq-mu2e/FEInterfaces/CFOFrontEndInterface_interface.cc [374]	 delay [ 137 ] = 0
%MSG
%MSG-i CFOFrontEndInterface:  Early 10-Jan-2019 15:50:12 CST pre-events
otsdaq_mu2e/otsdaq-mu2e/FEInterfaces/CFOFrontEndInterface_interface.cc [374]	 delay [ 138 ] = 0
%MSG
%MSG-i CFOFrontEndInterface:  Early 10-Jan-2019 15:50:12 CST pre-events
otsdaq_mu2e/otsdaq-mu2e/FEInterfaces/CFOFrontEndInterface_interface.cc [374]	 delay [ 139 ] = 0
%MSG
%MSG-i CFOFrontEndInterface:  Early 10-Jan-2019 15:50:12 CST pre-events
otsdaq_mu2e/otsdaq-mu2e/FEInterfaces/CFOFrontEndInterface_interface.cc [374]	 delay [ 140 ] = 0
%MSG
%MSG-i CFOFrontEndInterface:  Early 10-Jan-2019 15:50:12 CST pre-events
otsdaq_mu2e/otsdaq-mu2e/FEInterfaces/CFOFrontEndInterface_interface.cc [374]	 delay [ 141 ] = 100
%MSG
%MSG-i CFOFrontEndInterface:  Early 10-Jan-2019 15:50:12 CST pre-events
otsdaq_mu2e/otsdaq-mu2e/FEInterfaces/CFOFrontEndInterface_interface.cc [374]	 delay [ 142 ] = 0
%MSG
%MSG-i CFOFrontEndInterface:  Early 10-Jan-2019 15:50:12 CST pre-events
otsdaq_mu2e/otsdaq-mu2e/FEInterfaces/CFOFrontEndInterface_interface.cc [374]	 delay [ 143 ] = 0
%MSG
%MSG-i CFOFrontEndInterface:  Early 10-Jan-2019 15:50:12 CST pre-events
otsdaq_mu2e/otsdaq-mu2e/FEInterfaces/CFOFrontEndInterface_interface.cc [374]	 delay [ 144 ] = 0
%MSG
%MSG-i CFOFrontEndInterface:  Early 10-Jan-2019 15:50:12 CST pre-events
otsdaq_mu2e/otsdaq-mu2e/FEInterfaces/CFOFrontEndInterface_interface.cc [374]	 delay [ 145 ] = 0
%MSG
%MSG-i CFOFrontEndInterface:  Early 10-Jan-2019 15:50:12 CST pre-events
otsdaq_mu2e/otsdaq-mu2e/FEInterfaces/CFOFrontEndInterface_interface.cc [378]	 average = 705 ns, RMS = 0 ns, failures = 0
%MSG
%MSG-i CFOFrontEndInterface:  Early 10-Jan-2019 15:50:12 CST pre-events
otsdaq_mu2e/otsdaq-mu2e/FEInterfaces/CFOFrontEndInterface_interface.cc [669]	 Looping back DTC1 ROC1
%MSG
%MSG-i CFOFrontEndInterface:  Early 10-Jan-2019 15:50:17 CST pre-events
otsdaq_mu2e/otsdaq-mu2e/FEInterfaces/CFOFrontEndInterface_interface.cc [374]	 delay [ 136 ] = 0
%MSG
%MSG-i CFOFrontEndInterface:  Early 10-Jan-2019 15:50:17 CST pre-events
otsdaq_mu2e/otsdaq-mu2e/FEInterfaces/CFOFrontEndInterface_interface.cc [374]	 delay [ 137 ] = 0
%MSG
%MSG-i CFOFrontEndInterface:  Early 10-Jan-2019 15:50:17 CST pre-events
otsdaq_mu2e/otsdaq-mu2e/FEInterfaces/CFOFrontEndInterface_interface.cc [374]	 delay [ 138 ] = 0
%MSG
%MSG-i CFOFrontEndInterface:  Early 10-Jan-2019 15:50:17 CST pre-events
otsdaq_mu2e/otsdaq-mu2e/FEInterfaces/CFOFrontEndInterface_interface.cc [374]	 delay [ 139 ] = 0
%MSG
%MSG-i CFOFrontEndInterface:  Early 10-Jan-2019 15:50:17 CST pre-events
otsdaq_mu2e/otsdaq-mu2e/FEInterfaces/CFOFrontEndInterface_interface.cc [374]	 delay [ 140 ] = 0
%MSG
%MSG-i CFOFrontEndInterface:  Early 10-Jan-2019 15:50:17 CST pre-events
otsdaq_mu2e/otsdaq-mu2e/FEInterfaces/CFOFrontEndInterface_interface.cc [374]	 delay [ 141 ] = 100
%MSG
%MSG-i CFOFrontEndInterface:  Early 10-Jan-2019 15:50:17 CST pre-events
otsdaq_mu2e/otsdaq-mu2e/FEInterfaces/CFOFrontEndInterface_interface.cc [374]	 delay [ 142 ] = 0
%MSG
%MSG-i CFOFrontEndInterface:  Early 10-Jan-2019 15:50:17 CST pre-events
otsdaq_mu2e/otsdaq-mu2e/FEInterfaces/CFOFrontEndInterface_interface.cc [374]	 delay [ 143 ] = 0
%MSG
%MSG-i CFOFrontEndInterface:  Early 10-Jan-2019 15:50:17 CST pre-events
otsdaq_mu2e/otsdaq-mu2e/FEInterfaces/CFOFrontEndInterface_interface.cc [374]	 delay [ 144 ] = 0
%MSG
%MSG-i CFOFrontEndInterface:  Early 10-Jan-2019 15:50:17 CST pre-events
otsdaq_mu2e/otsdaq-mu2e/FEInterfaces/CFOFrontEndInterface_interface.cc [374]	 delay [ 145 ] = 0
%MSG
%MSG-i CFOFrontEndInterface:  Early 10-Jan-2019 15:50:17 CST pre-events
otsdaq_mu2e/otsdaq-mu2e/FEInterfaces/CFOFrontEndInterface_interface.cc [378]	 average = 705 ns, RMS = 0 ns, failures = 0
%MSG
%MSG-i CFOFrontEndInterface:  Early 10-Jan-2019 15:50:17 CST pre-events
otsdaq_mu2e/otsdaq-mu2e/FEInterfaces/CFOFrontEndInterface_interface.cc [600]	-------------------------
%MSG
%MSG-i CFOFrontEndInterface:  Early 10-Jan-2019 15:50:17 CST pre-events
otsdaq_mu2e/otsdaq-mu2e/FEInterfaces/CFOFrontEndInterface_interface.cc [601]	FULL SYSTEM loopback DONE
%MSG
%MSG-i CFOFrontEndInterface:  Early 10-Jan-2019 15:50:17 CST pre-events
otsdaq_mu2e/otsdaq-mu2e/FEInterfaces/CFOFrontEndInterface_interface.cc [610]	chain 0 - DTC 0 - ROC 0 = 808.636 ns +/- 2.22259 (1)
%MSG
%MSG-i CFOFrontEndInterface:  Early 10-Jan-2019 15:50:17 CST pre-events
otsdaq_mu2e/otsdaq-mu2e/FEInterfaces/CFOFrontEndInterface_interface.cc [610]	chain 0 - DTC 0 - ROC 1 = 779.3 ns +/- 1.73352 (0)
%MSG
%MSG-i CFOFrontEndInterface:  Early 10-Jan-2019 15:50:17 CST pre-events
otsdaq_mu2e/otsdaq-mu2e/FEInterfaces/CFOFrontEndInterface_interface.cc [610]	chain 0 - DTC 1 - ROC 0 = 705 ns +/- 0 (0)
%MSG
%MSG-i CFOFrontEndInterface:  Early 10-Jan-2019 15:50:17 CST pre-events
otsdaq_mu2e/otsdaq-mu2e/FEInterfaces/CFOFrontEndInterface_interface.cc [610]	chain 0 - DTC 1 - ROC 1 = 705 ns +/- 0 (0)
%MSG
%MSG-i CFOFrontEndInterface:  Early 10-Jan-2019 15:50:17 CST pre-events
otsdaq_mu2e/otsdaq-mu2e/FEInterfaces/CFOFrontEndInterface_interface.cc [617]	DTC1: ROC1 - ROC0 = 0
%MSG
%MSG-i CFOFrontEndInterface:  Early 10-Jan-2019 15:50:17 CST pre-events
otsdaq_mu2e/otsdaq-mu2e/FEInterfaces/CFOFrontEndInterface_interface.cc [618]	-------------------------
%MSG
