%MSG-i configureMessageFacility:  CorePropertySupervisorBase  07-Dec-2018 17:02:33 CST pre-events configureMessageFacility.cc:286
Message Facility Application CorePropertySupervisorBase configured with: debugModules:["*"] destinations:{file:{append:false directory:"/home/mu2edaq/sync_demo/ots/srcs/otsdaq_mu2e/Data/Logs/CorePropertySupervisorBase" pattern:"CorePropertySupervisorBase-%?H%t-%p.log" seperator:"-" threshold:"DEBUG" timestamp_pattern:"%Y%m%d%H%M%S" type:"GenFile"}}
%MSG
%MSG-i configureMessageFacility:  RunControlStateMachine  07-Dec-2018 17:02:34 CST pre-events configureMessageFacility.cc:286
Message Facility Application RunControlStateMachine configured with: debugModules:["*"] destinations:{file:{append:false directory:"/home/mu2edaq/sync_demo/ots/srcs/otsdaq_mu2e/Data/Logs/RunControlStateMachine" pattern:"RunControlStateMachine-%?H%t-%p.log" seperator:"-" threshold:"DEBUG" timestamp_pattern:"%Y%m%d%H%M%S" type:"GenFile"} udp:{host:"192.168.157.6" port:30000 threshold:"DEBUG" type:"UDP"}}
%MSG
%MSG-i configureMessageFacility:  CoreSupervisorBase 07-Dec-2018 17:02:34 CST  pre-events configureMessageFacility.cc:286
Message Facility Application CoreSupervisorBase configured with: debugModules:["*"] destinations:{file:{append:false directory:"/home/mu2edaq/sync_demo/ots/srcs/otsdaq_mu2e/Data/Logs/CoreSupervisorBase" pattern:"CoreSupervisorBase-%?H%t-%p.log" seperator:"-" threshold:"DEBUG" timestamp_pattern:"%Y%m%d%H%M%S" type:"GenFile"} udp:{host:"192.168.157.6" port:30000 threshold:"DEBUG" type:"UDP"}}
%MSG
%MSG-i configureMessageFacility:  ROCCoreInterface 07-Dec-2018 17:03:53 CST  pre-events configureMessageFacility.cc:286
Message Facility Application ROCCoreInterface configured with: debugModules:["*"] destinations:{file:{append:false directory:"/home/mu2edaq/sync_demo/ots/srcs/otsdaq_mu2e/Data/Logs/ROCCoreInterface" pattern:"ROCCoreInterface-%?H%t-%p.log" seperator:"-" threshold:"DEBUG" timestamp_pattern:"%Y%m%d%H%M%S" type:"GenFile"} udp:{host:"192.168.157.6" port:30000 threshold:"DEBUG" type:"UDP"}}
%MSG
%MSG-i FE-ROCCoreInterface:  ROCCoreInterface-mu2edaq06-0  07-Dec-2018 17:03:53 CST pre-events
otsdaq_mu2e/otsdaq-mu2e/FEInterfaces/ROCCoreInterface_interface.cc [28]	ROCCoreInterface instantiated with link: 0 and EventWindowDelayOffset = 0
%MSG
%MSG-i DTCFrontEndInterface:  ROCCoreInterface-mu2edaq06-0  07-Dec-2018 17:03:53 CST pre-events
otsdaq_mu2e/otsdaq-mu2e/FEInterfaces/DTCFrontEndInterface_interface.cc [135]	DTCFrontEndInterface instantiated with name: DTC1 dtc_location_in_chain_ = 1 talking to /dev/mu2e0
%MSG
%MSG-i DTCFrontEndInterface:  ROCCoreInterface-mu2edaq06-0  07-Dec-2018 17:03:53 CST pre-events
otsdaq_mu2e/otsdaq-mu2e/FEInterfaces/DTCFrontEndInterface_interface.cc [636]	Step 0: DTC1 reset FPGA...
%MSG
%MSG-i DTCFrontEndInterface:  ROCCoreInterface-mu2edaq06-0  07-Dec-2018 17:04:16 CST pre-events
otsdaq_mu2e/otsdaq-mu2e/FEInterfaces/DTCFrontEndInterface_interface.cc [650]	Step 1: DTC1 reset clock...
%MSG
%MSG-i DTCFrontEndInterface:  ROCCoreInterface-mu2edaq06-0  07-Dec-2018 17:04:31 CST pre-events
otsdaq_mu2e/otsdaq-mu2e/FEInterfaces/DTCFrontEndInterface_interface.cc [689]	Step 2: DTC1 configure Jitter Attenuator...
%MSG
%MSG-i DTCFrontEndInterface:  ROCCoreInterface-mu2edaq06-0  07-Dec-2018 17:04:55 CST pre-events
otsdaq_mu2e/otsdaq-mu2e/FEInterfaces/DTCFrontEndInterface_interface.cc [759]	Step 4: DTC1 wait for links...
%MSG
%MSG-i DTCFrontEndInterface:  ROCCoreInterface-mu2edaq06-0  07-Dec-2018 17:04:56 CST pre-events
otsdaq_mu2e/otsdaq-mu2e/FEInterfaces/DTCFrontEndInterface_interface.cc [767]	Step 5: DTC1 enable markers, Tx, Rx
%MSG
%MSG-i DTCFrontEndInterface:  ROCCoreInterface-mu2edaq06-0  07-Dec-2018 17:04:56 CST pre-events
otsdaq_mu2e/otsdaq-mu2e/FEInterfaces/DTCFrontEndInterface_interface.cc [783]	Step 5: DTC1 configure ROCs
%MSG
%MSG-i FE-ROCCoreInterface:  ROCCoreInterface-mu2edaq06-0  07-Dec-2018 17:04:56 CST pre-events
otsdaq_mu2e/otsdaq-mu2e/FEInterfaces/ROCCoreInterface_interface.cc [99]	......... Set delay = 0
%MSG
%MSG-i DTCFrontEndInterface:  ROCCoreInterface-mu2edaq06-0  07-Dec-2018 17:05:01 CST pre-events
otsdaq_mu2e/otsdaq-mu2e/FEInterfaces/DTCFrontEndInterface_interface.cc [791]	Step 6: DTC1 configured
%MSG
%MSG-i DTCFrontEndInterface:  ROCCoreInterface-mu2edaq06-0  07-Dec-2018 17:05:01 CST pre-events
otsdaq_mu2e/otsdaq-mu2e/FEInterfaces/DTCFrontEndInterface_interface.cc [795]	DTC1 links OK 0xc3
%MSG
%MSG-d ots:  ROCCoreInterface-mu2edaq06-0 07-Dec-2018 17:06:19 CST pre-events
otsdaq/otsdaq-core/FECore/FEVInterfacesManager.cc [328]	Launching FE Macro 'ROC_Read' ...
%MSG
%MSG-d ots:  ROCCoreInterface-mu2edaq06-0 07-Dec-2018 17:06:22 CST pre-events
otsdaq/otsdaq-core/FECore/FEVInterfacesManager.cc [328]	Launching FE Macro 'ROC_Read' ...
%MSG
%MSG-d ots:  ROCCoreInterface-mu2edaq06-0 07-Dec-2018 17:06:23 CST pre-events
otsdaq/otsdaq-core/FECore/FEVInterfacesManager.cc [328]	Launching FE Macro 'ROC_Read' ...
%MSG
%MSG-d ots:  ROCCoreInterface-mu2edaq06-0 07-Dec-2018 17:06:59 CST pre-events
otsdaq/otsdaq-core/FECore/FEVInterfacesManager.cc [328]	Launching FE Macro 'ROC_Write' ...
%MSG
%MSG-d ots:  ROCCoreInterface-mu2edaq06-0 07-Dec-2018 17:07:02 CST pre-events
otsdaq/otsdaq-core/FECore/FEVInterfacesManager.cc [328]	Launching FE Macro 'ROC_Write' ...
%MSG
%MSG-d ots:  ROCCoreInterface-mu2edaq06-0 07-Dec-2018 17:07:16 CST pre-events
otsdaq/otsdaq-core/FECore/FEVInterfacesManager.cc [328]	Launching FE Macro 'ROC_Read' ...
%MSG
%MSG-d ots:  ROCCoreInterface-mu2edaq06-0 07-Dec-2018 17:07:39 CST pre-events
otsdaq/otsdaq-core/FECore/FEVInterfacesManager.cc [328]	Launching FE Macro 'ROC_Read' ...
%MSG
%MSG-d ots:  ROCCoreInterface-mu2edaq06-0 07-Dec-2018 17:07:52 CST pre-events
otsdaq/otsdaq-core/FECore/FEVInterfacesManager.cc [328]	Launching FE Macro 'ROC_Write' ...
%MSG
%MSG-d ots:  ROCCoreInterface-mu2edaq06-0 07-Dec-2018 17:07:58 CST pre-events
otsdaq/otsdaq-core/FECore/FEVInterfacesManager.cc [328]	Launching FE Macro 'ROC_Read' ...
%MSG
%MSG-d ots:  ROCCoreInterface-mu2edaq06-0 07-Dec-2018 17:08:08 CST pre-events
otsdaq/otsdaq-core/FECore/FEVInterfacesManager.cc [328]	Launching FE Macro 'ROC_Read' ...
%MSG
%MSG-d ots:  ROCCoreInterface-mu2edaq06-0 07-Dec-2018 17:08:22 CST pre-events
otsdaq/otsdaq-core/FECore/FEVInterfacesManager.cc [328]	Launching FE Macro 'ROC_Read' ...
%MSG
%MSG-d ots:  ROCCoreInterface-mu2edaq06-0 07-Dec-2018 17:08:44 CST pre-events
otsdaq/otsdaq-core/FECore/FEVInterfacesManager.cc [328]	Launching FE Macro 'ROC_Read' ...
%MSG
%MSG-d ots:  ROCCoreInterface-mu2edaq06-0 07-Dec-2018 17:09:01 CST pre-events
otsdaq/otsdaq-core/FECore/FEVInterfacesManager.cc [328]	Launching FE Macro 'ROC_Read' ...
%MSG
%MSG-d ots:  ROCCoreInterface-mu2edaq06-0 07-Dec-2018 17:09:26 CST pre-events
otsdaq/otsdaq-core/FECore/FEVInterfacesManager.cc [328]	Launching FE Macro 'ROC_Read' ...
%MSG
%MSG-d ots:  ROCCoreInterface-mu2edaq06-0 07-Dec-2018 17:09:42 CST pre-events
otsdaq/otsdaq-core/FECore/FEVInterfacesManager.cc [328]	Launching FE Macro 'ROC_Read' ...
%MSG
%MSG-d ots:  ROCCoreInterface-mu2edaq06-0 07-Dec-2018 17:09:52 CST pre-events
otsdaq/otsdaq-core/FECore/FEVInterfacesManager.cc [328]	Launching FE Macro 'ROC_Read' ...
%MSG
%MSG-d ots:  ROCCoreInterface-mu2edaq06-0 07-Dec-2018 17:10:17 CST pre-events
otsdaq/otsdaq-core/FECore/FEVInterfacesManager.cc [328]	Launching FE Macro 'ROC_Read' ...
%MSG
%MSG-d ots:  ROCCoreInterface-mu2edaq06-0 07-Dec-2018 17:10:24 CST pre-events
otsdaq/otsdaq-core/FECore/FEVInterfacesManager.cc [328]	Launching FE Macro 'ROC_Read' ...
%MSG
%MSG-d ots:  ROCCoreInterface-mu2edaq06-0 07-Dec-2018 17:10:32 CST pre-events
otsdaq/otsdaq-core/FECore/FEVInterfacesManager.cc [328]	Launching FE Macro 'ROC_Read' ...
%MSG
%MSG-d ots:  ROCCoreInterface-mu2edaq06-0 07-Dec-2018 17:10:41 CST pre-events
otsdaq/otsdaq-core/FECore/FEVInterfacesManager.cc [328]	Launching FE Macro 'ROC_Read' ...
%MSG
%MSG-d ots:  ROCCoreInterface-mu2edaq06-0 07-Dec-2018 17:10:46 CST pre-events
otsdaq/otsdaq-core/WorkLoopManager/WorkLoop.cc [26]	Destroying WorkLoop: DTC1_ROC0-SlowControls
%MSG
%MSG-d ots:  ROCCoreInterface-mu2edaq06-0 07-Dec-2018 17:10:46 CST pre-events
otsdaq/otsdaq-core/WorkLoopManager/WorkLoop.cc [29]	Destroyed WorkLoop: DTC1_ROC0-SlowControls
%MSG
%MSG-d ots:  ROCCoreInterface-mu2edaq06-0 07-Dec-2018 17:10:46 CST pre-events
otsdaq/otsdaq-core/WorkLoopManager/WorkLoop.cc [26]	Destroying WorkLoop: DTC1_ROC0
%MSG
%MSG-d ots:  ROCCoreInterface-mu2edaq06-0 07-Dec-2018 17:10:46 CST pre-events
otsdaq/otsdaq-core/WorkLoopManager/WorkLoop.cc [29]	Destroyed WorkLoop: DTC1_ROC0
%MSG
%MSG-d ots:  ROCCoreInterface-mu2edaq06-0 07-Dec-2018 17:10:46 CST pre-events
otsdaq/otsdaq-core/WorkLoopManager/WorkLoop.cc [26]	Destroying WorkLoop: DTC1-SlowControls
%MSG
%MSG-d ots:  ROCCoreInterface-mu2edaq06-0 07-Dec-2018 17:10:46 CST pre-events
otsdaq/otsdaq-core/WorkLoopManager/WorkLoop.cc [29]	Destroyed WorkLoop: DTC1-SlowControls
%MSG
%MSG-d ots:  ROCCoreInterface-mu2edaq06-0 07-Dec-2018 17:10:46 CST pre-events
otsdaq/otsdaq-core/WorkLoopManager/WorkLoop.cc [26]	Destroying WorkLoop: DTC1
%MSG
%MSG-d ots:  ROCCoreInterface-mu2edaq06-0 07-Dec-2018 17:10:46 CST pre-events
otsdaq/otsdaq-core/WorkLoopManager/WorkLoop.cc [29]	Destroyed WorkLoop: DTC1
%MSG
%MSG-i configureMessageFacility:  ROCCoreInterface 07-Dec-2018 17:10:52 CST  pre-events configureMessageFacility.cc:286
Message Facility Application ROCCoreInterface configured with: debugModules:["*"] destinations:{file:{append:false directory:"/home/mu2edaq/sync_demo/ots/srcs/otsdaq_mu2e/Data/Logs/ROCCoreInterface" pattern:"ROCCoreInterface-%?H%t-%p.log" seperator:"-" threshold:"DEBUG" timestamp_pattern:"%Y%m%d%H%M%S" type:"GenFile"} udp:{host:"192.168.157.6" port:30000 threshold:"DEBUG" type:"UDP"}}
%MSG
%MSG-i FE-ROCCoreInterface:  ROCCoreInterface-mu2edaq06-0  07-Dec-2018 17:10:52 CST pre-events
otsdaq_mu2e/otsdaq-mu2e/FEInterfaces/ROCCoreInterface_interface.cc [28]	ROCCoreInterface instantiated with link: 0 and EventWindowDelayOffset = 0
%MSG
%MSG-i DTCFrontEndInterface:  ROCCoreInterface-mu2edaq06-0  07-Dec-2018 17:10:52 CST pre-events
otsdaq_mu2e/otsdaq-mu2e/FEInterfaces/DTCFrontEndInterface_interface.cc [135]	DTCFrontEndInterface instantiated with name: DTC1 dtc_location_in_chain_ = 1 talking to /dev/mu2e0
%MSG
%MSG-i DTCFrontEndInterface:  ROCCoreInterface-mu2edaq06-0  07-Dec-2018 17:10:52 CST pre-events
otsdaq_mu2e/otsdaq-mu2e/FEInterfaces/DTCFrontEndInterface_interface.cc [636]	Step 0: DTC1 reset FPGA...
%MSG
%MSG-i DTCFrontEndInterface:  ROCCoreInterface-mu2edaq06-0  07-Dec-2018 17:11:15 CST pre-events
otsdaq_mu2e/otsdaq-mu2e/FEInterfaces/DTCFrontEndInterface_interface.cc [650]	Step 1: DTC1 reset clock...
%MSG
%MSG-i DTCFrontEndInterface:  ROCCoreInterface-mu2edaq06-0  07-Dec-2018 17:11:30 CST pre-events
otsdaq_mu2e/otsdaq-mu2e/FEInterfaces/DTCFrontEndInterface_interface.cc [689]	Step 2: DTC1 configure Jitter Attenuator...
%MSG
%MSG-i DTCFrontEndInterface:  ROCCoreInterface-mu2edaq06-0  07-Dec-2018 17:11:54 CST pre-events
otsdaq_mu2e/otsdaq-mu2e/FEInterfaces/DTCFrontEndInterface_interface.cc [759]	Step 4: DTC1 wait for links...
%MSG
%MSG-i DTCFrontEndInterface:  ROCCoreInterface-mu2edaq06-0  07-Dec-2018 17:11:55 CST pre-events
otsdaq_mu2e/otsdaq-mu2e/FEInterfaces/DTCFrontEndInterface_interface.cc [767]	Step 5: DTC1 enable markers, Tx, Rx
%MSG
%MSG-i DTCFrontEndInterface:  ROCCoreInterface-mu2edaq06-0  07-Dec-2018 17:11:55 CST pre-events
otsdaq_mu2e/otsdaq-mu2e/FEInterfaces/DTCFrontEndInterface_interface.cc [783]	Step 5: DTC1 configure ROCs
%MSG
%MSG-i FE-ROCCoreInterface:  ROCCoreInterface-mu2edaq06-0  07-Dec-2018 17:11:55 CST pre-events
otsdaq_mu2e/otsdaq-mu2e/FEInterfaces/ROCCoreInterface_interface.cc [99]	......... Set delay = 0
%MSG
%MSG-i DTCFrontEndInterface:  ROCCoreInterface-mu2edaq06-0  07-Dec-2018 17:12:00 CST pre-events
otsdaq_mu2e/otsdaq-mu2e/FEInterfaces/DTCFrontEndInterface_interface.cc [791]	Step 6: DTC1 configured
%MSG
%MSG-i DTCFrontEndInterface:  ROCCoreInterface-mu2edaq06-0  07-Dec-2018 17:12:00 CST pre-events
otsdaq_mu2e/otsdaq-mu2e/FEInterfaces/DTCFrontEndInterface_interface.cc [795]	DTC1 links OK 0xc3
%MSG
%MSG-d ots:  ROCCoreInterface-mu2edaq06-0 07-Dec-2018 17:12:22 CST pre-events
otsdaq/otsdaq-core/FECore/FEVInterfacesManager.cc [328]	Launching FE Macro 'ROC_Read' ...
%MSG
%MSG-d ots:  ROCCoreInterface-mu2edaq06-0 07-Dec-2018 17:12:34 CST pre-events
otsdaq/otsdaq-core/FECore/FEVInterfacesManager.cc [328]	Launching FE Macro 'ROC_Read' ...
%MSG
%MSG-d ots:  ROCCoreInterface-mu2edaq06-0 07-Dec-2018 17:12:42 CST pre-events
otsdaq/otsdaq-core/FECore/FEVInterfacesManager.cc [328]	Launching FE Macro 'ROC_Read' ...
%MSG
%MSG-d ots:  ROCCoreInterface-mu2edaq06-0 07-Dec-2018 17:12:48 CST pre-events
otsdaq/otsdaq-core/FECore/FEVInterfacesManager.cc [328]	Launching FE Macro 'ROC_Read' ...
%MSG
%MSG-d ots:  ROCCoreInterface-mu2edaq06-0 07-Dec-2018 17:12:54 CST pre-events
otsdaq/otsdaq-core/FECore/FEVInterfacesManager.cc [328]	Launching FE Macro 'ROC_Read' ...
%MSG
%MSG-d ots:  ROCCoreInterface-mu2edaq06-0 07-Dec-2018 17:13:01 CST pre-events
otsdaq/otsdaq-core/FECore/FEVInterfacesManager.cc [328]	Launching FE Macro 'ROC_Read' ...
%MSG
%MSG-d ots:  ROCCoreInterface-mu2edaq06-0 07-Dec-2018 17:13:07 CST pre-events
otsdaq/otsdaq-core/FECore/FEVInterfacesManager.cc [328]	Launching FE Macro 'ROC_Read' ...
%MSG
%MSG-d ots:  ROCCoreInterface-mu2edaq06-0 07-Dec-2018 17:13:14 CST pre-events
otsdaq/otsdaq-core/FECore/FEVInterfacesManager.cc [328]	Launching FE Macro 'ROC_Read' ...
%MSG
%MSG-d ots:  ROCCoreInterface-mu2edaq06-0 07-Dec-2018 17:13:34 CST pre-events
otsdaq/otsdaq-core/FECore/FEVInterfacesManager.cc [328]	Launching FE Macro 'ROC_Read' ...
%MSG
%MSG-d ots:  ROCCoreInterface-mu2edaq06-0 07-Dec-2018 17:13:41 CST pre-events
otsdaq/otsdaq-core/FECore/FEVInterfacesManager.cc [328]	Launching FE Macro 'ROC_Read' ...
%MSG
%MSG-d ots:  ROCCoreInterface-mu2edaq06-0 07-Dec-2018 17:13:49 CST pre-events
otsdaq/otsdaq-core/WorkLoopManager/WorkLoop.cc [26]	Destroying WorkLoop: DTC1_ROC0-SlowControls
%MSG
%MSG-d ots:  ROCCoreInterface-mu2edaq06-0 07-Dec-2018 17:13:49 CST pre-events
otsdaq/otsdaq-core/WorkLoopManager/WorkLoop.cc [29]	Destroyed WorkLoop: DTC1_ROC0-SlowControls
%MSG
%MSG-d ots:  ROCCoreInterface-mu2edaq06-0 07-Dec-2018 17:13:49 CST pre-events
otsdaq/otsdaq-core/WorkLoopManager/WorkLoop.cc [26]	Destroying WorkLoop: DTC1_ROC0
%MSG
%MSG-d ots:  ROCCoreInterface-mu2edaq06-0 07-Dec-2018 17:13:49 CST pre-events
otsdaq/otsdaq-core/WorkLoopManager/WorkLoop.cc [29]	Destroyed WorkLoop: DTC1_ROC0
%MSG
%MSG-d ots:  ROCCoreInterface-mu2edaq06-0 07-Dec-2018 17:13:49 CST pre-events
otsdaq/otsdaq-core/WorkLoopManager/WorkLoop.cc [26]	Destroying WorkLoop: DTC1-SlowControls
%MSG
%MSG-d ots:  ROCCoreInterface-mu2edaq06-0 07-Dec-2018 17:13:49 CST pre-events
otsdaq/otsdaq-core/WorkLoopManager/WorkLoop.cc [29]	Destroyed WorkLoop: DTC1-SlowControls
%MSG
%MSG-d ots:  ROCCoreInterface-mu2edaq06-0 07-Dec-2018 17:13:49 CST pre-events
otsdaq/otsdaq-core/WorkLoopManager/WorkLoop.cc [26]	Destroying WorkLoop: DTC1
%MSG
%MSG-d ots:  ROCCoreInterface-mu2edaq06-0 07-Dec-2018 17:13:49 CST pre-events
otsdaq/otsdaq-core/WorkLoopManager/WorkLoop.cc [29]	Destroyed WorkLoop: DTC1
%MSG
%MSG-i configureMessageFacility:  ROCCoreInterface 07-Dec-2018 17:13:55 CST  pre-events configureMessageFacility.cc:286
Message Facility Application ROCCoreInterface configured with: debugModules:["*"] destinations:{file:{append:false directory:"/home/mu2edaq/sync_demo/ots/srcs/otsdaq_mu2e/Data/Logs/ROCCoreInterface" pattern:"ROCCoreInterface-%?H%t-%p.log" seperator:"-" threshold:"DEBUG" timestamp_pattern:"%Y%m%d%H%M%S" type:"GenFile"} udp:{host:"192.168.157.6" port:30000 threshold:"DEBUG" type:"UDP"}}
%MSG
%MSG-i FE-ROCCoreInterface:  ROCCoreInterface-mu2edaq06-0  07-Dec-2018 17:13:55 CST pre-events
otsdaq_mu2e/otsdaq-mu2e/FEInterfaces/ROCCoreInterface_interface.cc [28]	ROCCoreInterface instantiated with link: 0 and EventWindowDelayOffset = 0
%MSG
%MSG-i DTCFrontEndInterface:  ROCCoreInterface-mu2edaq06-0  07-Dec-2018 17:13:55 CST pre-events
otsdaq_mu2e/otsdaq-mu2e/FEInterfaces/DTCFrontEndInterface_interface.cc [135]	DTCFrontEndInterface instantiated with name: DTC1 dtc_location_in_chain_ = 1 talking to /dev/mu2e0
%MSG
%MSG-i DTCFrontEndInterface:  ROCCoreInterface-mu2edaq06-0  07-Dec-2018 17:13:55 CST pre-events
otsdaq_mu2e/otsdaq-mu2e/FEInterfaces/DTCFrontEndInterface_interface.cc [636]	Step 0: DTC1 reset FPGA...
%MSG
%MSG-i DTCFrontEndInterface:  ROCCoreInterface-mu2edaq06-0  07-Dec-2018 17:14:18 CST pre-events
otsdaq_mu2e/otsdaq-mu2e/FEInterfaces/DTCFrontEndInterface_interface.cc [650]	Step 1: DTC1 reset clock...
%MSG
%MSG-i DTCFrontEndInterface:  ROCCoreInterface-mu2edaq06-0  07-Dec-2018 17:14:34 CST pre-events
otsdaq_mu2e/otsdaq-mu2e/FEInterfaces/DTCFrontEndInterface_interface.cc [689]	Step 2: DTC1 configure Jitter Attenuator...
%MSG
%MSG-i DTCFrontEndInterface:  ROCCoreInterface-mu2edaq06-0  07-Dec-2018 17:14:57 CST pre-events
otsdaq_mu2e/otsdaq-mu2e/FEInterfaces/DTCFrontEndInterface_interface.cc [759]	Step 4: DTC1 wait for links...
%MSG
%MSG-i DTCFrontEndInterface:  ROCCoreInterface-mu2edaq06-0  07-Dec-2018 17:14:58 CST pre-events
otsdaq_mu2e/otsdaq-mu2e/FEInterfaces/DTCFrontEndInterface_interface.cc [767]	Step 5: DTC1 enable markers, Tx, Rx
%MSG
%MSG-i DTCFrontEndInterface:  ROCCoreInterface-mu2edaq06-0  07-Dec-2018 17:14:58 CST pre-events
otsdaq_mu2e/otsdaq-mu2e/FEInterfaces/DTCFrontEndInterface_interface.cc [783]	Step 5: DTC1 configure ROCs
%MSG
%MSG-i FE-ROCCoreInterface:  ROCCoreInterface-mu2edaq06-0  07-Dec-2018 17:14:58 CST pre-events
otsdaq_mu2e/otsdaq-mu2e/FEInterfaces/ROCCoreInterface_interface.cc [99]	......... Set delay = 0
%MSG
%MSG-i DTCFrontEndInterface:  ROCCoreInterface-mu2edaq06-0  07-Dec-2018 17:15:03 CST pre-events
otsdaq_mu2e/otsdaq-mu2e/FEInterfaces/DTCFrontEndInterface_interface.cc [791]	Step 6: DTC1 configured
%MSG
%MSG-i DTCFrontEndInterface:  ROCCoreInterface-mu2edaq06-0  07-Dec-2018 17:15:03 CST pre-events
otsdaq_mu2e/otsdaq-mu2e/FEInterfaces/DTCFrontEndInterface_interface.cc [795]	DTC1 links OK 0xc3
%MSG
%MSG-d ots:  ROCCoreInterface-mu2edaq06-0 07-Dec-2018 17:18:35 CST pre-events
otsdaq/otsdaq-core/FECore/FEVInterfacesManager.cc [328]	Launching FE Macro 'ROC_Read' ...
%MSG
%MSG-d ots:  ROCCoreInterface-mu2edaq06-0 07-Dec-2018 17:18:37 CST pre-events
otsdaq/otsdaq-core/FECore/FEVInterfacesManager.cc [328]	Launching FE Macro 'ROC_Read' ...
%MSG
%MSG-d ots:  ROCCoreInterface-mu2edaq06-0 07-Dec-2018 17:18:49 CST pre-events
otsdaq/otsdaq-core/FECore/FEVInterfacesManager.cc [328]	Launching FE Macro 'ROC_Read' ...
%MSG
%MSG-d ots:  ROCCoreInterface-mu2edaq06-0 07-Dec-2018 17:18:58 CST pre-events
otsdaq/otsdaq-core/FECore/FEVInterfacesManager.cc [328]	Launching FE Macro 'ROC_Read' ...
%MSG
%MSG-d ots:  ROCCoreInterface-mu2edaq06-0 07-Dec-2018 17:19:05 CST pre-events
otsdaq/otsdaq-core/FECore/FEVInterfacesManager.cc [328]	Launching FE Macro 'ROC_Read' ...
%MSG
%MSG-d ots:  ROCCoreInterface-mu2edaq06-0 07-Dec-2018 17:19:14 CST pre-events
otsdaq/otsdaq-core/FECore/FEVInterfacesManager.cc [328]	Launching FE Macro 'ROC_Read' ...
%MSG
%MSG-d ots:  ROCCoreInterface-mu2edaq06-0 07-Dec-2018 17:19:21 CST pre-events
otsdaq/otsdaq-core/FECore/FEVInterfacesManager.cc [328]	Launching FE Macro 'ROC_Read' ...
%MSG
%MSG-d ots:  ROCCoreInterface-mu2edaq06-0 07-Dec-2018 17:19:47 CST pre-events
otsdaq/otsdaq-core/FECore/FEVInterfacesManager.cc [328]	Launching FE Macro 'ROC_Write' ...
%MSG
%MSG-d ots:  ROCCoreInterface-mu2edaq06-0 07-Dec-2018 17:19:49 CST pre-events
otsdaq/otsdaq-core/FECore/FEVInterfacesManager.cc [328]	Launching FE Macro 'ROC_Write' ...
%MSG
%MSG-d ots:  ROCCoreInterface-mu2edaq06-0 07-Dec-2018 17:19:59 CST pre-events
otsdaq/otsdaq-core/FECore/FEVInterfacesManager.cc [328]	Launching FE Macro 'ROC_Read' ...
%MSG
%MSG-d ots:  ROCCoreInterface-mu2edaq06-0 07-Dec-2018 17:20:06 CST pre-events
otsdaq/otsdaq-core/FECore/FEVInterfacesManager.cc [328]	Launching FE Macro 'ROC_Read' ...
%MSG
%MSG-d ots:  ROCCoreInterface-mu2edaq06-0 07-Dec-2018 17:25:50 CST pre-events
otsdaq/otsdaq-core/WorkLoopManager/WorkLoop.cc [26]	Destroying WorkLoop: DTC1_ROC0-SlowControls
%MSG
%MSG-d ots:  ROCCoreInterface-mu2edaq06-0 07-Dec-2018 17:25:50 CST pre-events
otsdaq/otsdaq-core/WorkLoopManager/WorkLoop.cc [29]	Destroyed WorkLoop: DTC1_ROC0-SlowControls
%MSG
%MSG-d ots:  ROCCoreInterface-mu2edaq06-0 07-Dec-2018 17:25:50 CST pre-events
otsdaq/otsdaq-core/WorkLoopManager/WorkLoop.cc [26]	Destroying WorkLoop: DTC1_ROC0
%MSG
%MSG-d ots:  ROCCoreInterface-mu2edaq06-0 07-Dec-2018 17:25:50 CST pre-events
otsdaq/otsdaq-core/WorkLoopManager/WorkLoop.cc [29]	Destroyed WorkLoop: DTC1_ROC0
%MSG
%MSG-d ots:  ROCCoreInterface-mu2edaq06-0 07-Dec-2018 17:25:50 CST pre-events
otsdaq/otsdaq-core/WorkLoopManager/WorkLoop.cc [26]	Destroying WorkLoop: DTC1-SlowControls
%MSG
%MSG-d ots:  ROCCoreInterface-mu2edaq06-0 07-Dec-2018 17:25:50 CST pre-events
otsdaq/otsdaq-core/WorkLoopManager/WorkLoop.cc [29]	Destroyed WorkLoop: DTC1-SlowControls
%MSG
%MSG-d ots:  ROCCoreInterface-mu2edaq06-0 07-Dec-2018 17:25:50 CST pre-events
otsdaq/otsdaq-core/WorkLoopManager/WorkLoop.cc [26]	Destroying WorkLoop: DTC1
%MSG
%MSG-d ots:  ROCCoreInterface-mu2edaq06-0 07-Dec-2018 17:25:50 CST pre-events
otsdaq/otsdaq-core/WorkLoopManager/WorkLoop.cc [29]	Destroyed WorkLoop: DTC1
%MSG
%MSG-i configureMessageFacility:  ROCCoreInterface 07-Dec-2018 17:25:57 CST  pre-events configureMessageFacility.cc:286
Message Facility Application ROCCoreInterface configured with: debugModules:["*"] destinations:{file:{append:false directory:"/home/mu2edaq/sync_demo/ots/srcs/otsdaq_mu2e/Data/Logs/ROCCoreInterface" pattern:"ROCCoreInterface-%?H%t-%p.log" seperator:"-" threshold:"DEBUG" timestamp_pattern:"%Y%m%d%H%M%S" type:"GenFile"} udp:{host:"192.168.157.6" port:30000 threshold:"DEBUG" type:"UDP"}}
%MSG
%MSG-i FE-ROCCoreInterface:  ROCCoreInterface-mu2edaq06-0  07-Dec-2018 17:25:57 CST pre-events
otsdaq_mu2e/otsdaq-mu2e/FEInterfaces/ROCCoreInterface_interface.cc [28]	ROCCoreInterface instantiated with link: 0 and EventWindowDelayOffset = 0
%MSG
%MSG-i DTCFrontEndInterface:  ROCCoreInterface-mu2edaq06-0  07-Dec-2018 17:25:57 CST pre-events
otsdaq_mu2e/otsdaq-mu2e/FEInterfaces/DTCFrontEndInterface_interface.cc [135]	DTCFrontEndInterface instantiated with name: DTC1 dtc_location_in_chain_ = 1 talking to /dev/mu2e0
%MSG
%MSG-i DTCFrontEndInterface:  ROCCoreInterface-mu2edaq06-0  07-Dec-2018 17:25:57 CST pre-events
otsdaq_mu2e/otsdaq-mu2e/FEInterfaces/DTCFrontEndInterface_interface.cc [636]	Step 0: DTC1 reset FPGA...
%MSG
%MSG-i DTCFrontEndInterface:  ROCCoreInterface-mu2edaq06-0  07-Dec-2018 17:26:20 CST pre-events
otsdaq_mu2e/otsdaq-mu2e/FEInterfaces/DTCFrontEndInterface_interface.cc [650]	Step 1: DTC1 reset clock...
%MSG
%MSG-i DTCFrontEndInterface:  ROCCoreInterface-mu2edaq06-0  07-Dec-2018 17:26:35 CST pre-events
otsdaq_mu2e/otsdaq-mu2e/FEInterfaces/DTCFrontEndInterface_interface.cc [689]	Step 2: DTC1 configure Jitter Attenuator...
%MSG
%MSG-i DTCFrontEndInterface:  ROCCoreInterface-mu2edaq06-0  07-Dec-2018 17:26:58 CST pre-events
otsdaq_mu2e/otsdaq-mu2e/FEInterfaces/DTCFrontEndInterface_interface.cc [759]	Step 4: DTC1 wait for links...
%MSG
%MSG-i DTCFrontEndInterface:  ROCCoreInterface-mu2edaq06-0  07-Dec-2018 17:27:00 CST pre-events
otsdaq_mu2e/otsdaq-mu2e/FEInterfaces/DTCFrontEndInterface_interface.cc [767]	Step 5: DTC1 enable markers, Tx, Rx
%MSG
%MSG-i DTCFrontEndInterface:  ROCCoreInterface-mu2edaq06-0  07-Dec-2018 17:27:00 CST pre-events
otsdaq_mu2e/otsdaq-mu2e/FEInterfaces/DTCFrontEndInterface_interface.cc [783]	Step 5: DTC1 configure ROCs
%MSG
%MSG-i FE-ROCCoreInterface:  ROCCoreInterface-mu2edaq06-0  07-Dec-2018 17:27:00 CST pre-events
otsdaq_mu2e/otsdaq-mu2e/FEInterfaces/ROCCoreInterface_interface.cc [99]	......... Set delay = 0
%MSG
%MSG-i DTCFrontEndInterface:  ROCCoreInterface-mu2edaq06-0  07-Dec-2018 17:27:05 CST pre-events
otsdaq_mu2e/otsdaq-mu2e/FEInterfaces/DTCFrontEndInterface_interface.cc [791]	Step 6: DTC1 configured
%MSG
%MSG-i DTCFrontEndInterface:  ROCCoreInterface-mu2edaq06-0  07-Dec-2018 17:27:05 CST pre-events
otsdaq_mu2e/otsdaq-mu2e/FEInterfaces/DTCFrontEndInterface_interface.cc [795]	DTC1 links OK 0xc3
%MSG
