%MSG-i configureMessageFacility:  CorePropertySupervisorBase  28-Nov-2018 14:40:08 CST pre-events configureMessageFacility.cc:286
Message Facility Application CorePropertySupervisorBase configured with: debugModules:["*"] destinations:{file:{append:false directory:"/home/mu2edaq/sync_demo/ots/srcs/otsdaq_mu2e/Data/Logs/CorePropertySupervisorBase" pattern:"CorePropertySupervisorBase-%?H%t-%p.log" seperator:"-" threshold:"DEBUG" timestamp_pattern:"%Y%m%d%H%M%S" type:"GenFile"} udp:{host:"192.168.157.6" port:30000 threshold:"DEBUG" type:"UDP"}}
%MSG
%MSG-i _TCPConnect:  CorePropertySupervisorBase 28-Nov-2018 14:40:08 CST  pre-events TCPConnect.cc:334
Resolving host 192.168.157.6, on port 30000
%MSG
%MSG-i _TCPConnect:  CorePropertySupervisorBase 28-Nov-2018 14:40:08 CST  pre-events TCPConnect.cc:241
Resolving ip mu2edaq04.fnal.gov
%MSG
%MSG-i configureMessageFacility:  RunControlStateMachine  28-Nov-2018 14:40:09 CST pre-events configureMessageFacility.cc:286
Message Facility Application RunControlStateMachine configured with: debugModules:["*"] destinations:{file:{append:false directory:"/home/mu2edaq/sync_demo/ots/srcs/otsdaq_mu2e/Data/Logs/RunControlStateMachine" pattern:"RunControlStateMachine-%?H%t-%p.log" seperator:"-" threshold:"DEBUG" timestamp_pattern:"%Y%m%d%H%M%S" type:"GenFile"} udp:{host:"192.168.157.6" port:30000 threshold:"DEBUG" type:"UDP"}}
%MSG
%MSG-i configureMessageFacility:  CoreSupervisorBase 28-Nov-2018 14:40:09 CST  pre-events configureMessageFacility.cc:286
Message Facility Application CoreSupervisorBase configured with: debugModules:["*"] destinations:{file:{append:false directory:"/home/mu2edaq/sync_demo/ots/srcs/otsdaq_mu2e/Data/Logs/CoreSupervisorBase" pattern:"CoreSupervisorBase-%?H%t-%p.log" seperator:"-" threshold:"DEBUG" timestamp_pattern:"%Y%m%d%H%M%S" type:"GenFile"} udp:{host:"192.168.157.6" port:30000 threshold:"DEBUG" type:"UDP"}}
%MSG
%MSG-i CFOFrontEndInterface:  Early 28-Nov-2018 14:40:51 CST pre-events
otsdaq_mu2e/otsdaq-mu2e/FEInterfaces/CFOFrontEndInterface_interface.cc [424]	Step 1: CFO reset clock...
%MSG
%MSG-i CFOFrontEndInterface:  Early 28-Nov-2018 14:41:31 CST pre-events
otsdaq_mu2e/otsdaq-mu2e/FEInterfaces/CFOFrontEndInterface_interface.cc [465]	Step 3: CFO reset TX...
%MSG
%MSG-i CFOFrontEndInterface:  Early 28-Nov-2018 14:41:52 CST pre-events
otsdaq_mu2e/otsdaq-mu2e/FEInterfaces/CFOFrontEndInterface_interface.cc [485]	Step 6: CFO enable Event start characters, SERDES Tx and Rx, and event window interval
%MSG
%MSG-i CFOFrontEndInterface:  Early 28-Nov-2018 14:41:55 CST pre-events
otsdaq_mu2e/otsdaq-mu2e/FEInterfaces/CFOFrontEndInterface_interface.cc [507]	--------------
%MSG
%MSG-i CFOFrontEndInterface:  Early 28-Nov-2018 14:41:55 CST pre-events
otsdaq_mu2e/otsdaq-mu2e/FEInterfaces/CFOFrontEndInterface_interface.cc [508]	CFO configured
%MSG
%MSG-i CFOFrontEndInterface:  Early 28-Nov-2018 14:41:55 CST pre-events
otsdaq_mu2e/otsdaq-mu2e/FEInterfaces/CFOFrontEndInterface_interface.cc [512]	CFO links OK = 0x1
%MSG
%MSG-d ots:  Early 29-Nov-2018 09:50:57 CST pre-events
otsdaq/otsdaq-core/WorkLoopManager/WorkLoop.cc [26]	Destroying WorkLoop: CFO0-SlowControls
%MSG
%MSG-d ots:  Early 29-Nov-2018 09:50:57 CST pre-events
otsdaq/otsdaq-core/WorkLoopManager/WorkLoop.cc [29]	Destroyed WorkLoop: CFO0-SlowControls
%MSG
%MSG-d ots:  Early 29-Nov-2018 09:50:57 CST pre-events
otsdaq/otsdaq-core/WorkLoopManager/WorkLoop.cc [26]	Destroying WorkLoop: CFO0
%MSG
%MSG-d ots:  Early 29-Nov-2018 09:50:57 CST pre-events
otsdaq/otsdaq-core/WorkLoopManager/WorkLoop.cc [29]	Destroyed WorkLoop: CFO0
%MSG
%MSG-i CFOFrontEndInterface:  Early 29-Nov-2018 09:51:08 CST pre-events
otsdaq_mu2e/otsdaq-mu2e/FEInterfaces/CFOFrontEndInterface_interface.cc [424]	Step 1: CFO reset clock...
%MSG
%MSG-i CFOFrontEndInterface:  Early 29-Nov-2018 09:51:48 CST pre-events
otsdaq_mu2e/otsdaq-mu2e/FEInterfaces/CFOFrontEndInterface_interface.cc [465]	Step 3: CFO reset TX...
%MSG
%MSG-i CFOFrontEndInterface:  Early 29-Nov-2018 09:52:09 CST pre-events
otsdaq_mu2e/otsdaq-mu2e/FEInterfaces/CFOFrontEndInterface_interface.cc [485]	Step 6: CFO enable Event start characters, SERDES Tx and Rx, and event window interval
%MSG
%MSG-i CFOFrontEndInterface:  Early 29-Nov-2018 09:52:12 CST pre-events
otsdaq_mu2e/otsdaq-mu2e/FEInterfaces/CFOFrontEndInterface_interface.cc [507]	--------------
%MSG
%MSG-i CFOFrontEndInterface:  Early 29-Nov-2018 09:52:12 CST pre-events
otsdaq_mu2e/otsdaq-mu2e/FEInterfaces/CFOFrontEndInterface_interface.cc [508]	CFO configured
%MSG
%MSG-i CFOFrontEndInterface:  Early 29-Nov-2018 09:52:12 CST pre-events
otsdaq_mu2e/otsdaq-mu2e/FEInterfaces/CFOFrontEndInterface_interface.cc [512]	CFO links OK = 0x1
%MSG
%MSG-d ots:  Early 30-Nov-2018 10:45:10 CST pre-events
otsdaq/otsdaq-core/WorkLoopManager/WorkLoop.cc [26]	Destroying WorkLoop: CFO0-SlowControls
%MSG
%MSG-d ots:  Early 30-Nov-2018 10:45:10 CST pre-events
otsdaq/otsdaq-core/WorkLoopManager/WorkLoop.cc [29]	Destroyed WorkLoop: CFO0-SlowControls
%MSG
%MSG-d ots:  Early 30-Nov-2018 10:45:10 CST pre-events
otsdaq/otsdaq-core/WorkLoopManager/WorkLoop.cc [26]	Destroying WorkLoop: CFO0
%MSG
%MSG-d ots:  Early 30-Nov-2018 10:45:10 CST pre-events
otsdaq/otsdaq-core/WorkLoopManager/WorkLoop.cc [29]	Destroyed WorkLoop: CFO0
%MSG
%MSG-i CFOFrontEndInterface:  Early 30-Nov-2018 10:45:20 CST pre-events
otsdaq_mu2e/otsdaq-mu2e/FEInterfaces/CFOFrontEndInterface_interface.cc [424]	Step 1: CFO reset clock...
%MSG
%MSG-i CFOFrontEndInterface:  Early 30-Nov-2018 10:46:00 CST pre-events
otsdaq_mu2e/otsdaq-mu2e/FEInterfaces/CFOFrontEndInterface_interface.cc [465]	Step 3: CFO reset TX...
%MSG
%MSG-i CFOFrontEndInterface:  Early 30-Nov-2018 10:46:21 CST pre-events
otsdaq_mu2e/otsdaq-mu2e/FEInterfaces/CFOFrontEndInterface_interface.cc [485]	Step 6: CFO enable Event start characters, SERDES Tx and Rx, and event window interval
%MSG
%MSG-i CFOFrontEndInterface:  Early 30-Nov-2018 10:46:24 CST pre-events
otsdaq_mu2e/otsdaq-mu2e/FEInterfaces/CFOFrontEndInterface_interface.cc [507]	--------------
%MSG
%MSG-i CFOFrontEndInterface:  Early 30-Nov-2018 10:46:24 CST pre-events
otsdaq_mu2e/otsdaq-mu2e/FEInterfaces/CFOFrontEndInterface_interface.cc [508]	CFO configured
%MSG
%MSG-i CFOFrontEndInterface:  Early 30-Nov-2018 10:46:24 CST pre-events
otsdaq_mu2e/otsdaq-mu2e/FEInterfaces/CFOFrontEndInterface_interface.cc [512]	CFO links OK = 0x1
%MSG
%MSG-i CFOFrontEndInterface:  Early 30-Nov-2018 11:00:54 CST pre-events
otsdaq_mu2e/otsdaq-mu2e/FEInterfaces/CFOFrontEndInterface_interface.cc [633]	 Looping back DTC0 ROC0
%MSG
%MSG-i CFOFrontEndInterface:  Early 30-Nov-2018 11:01:03 CST pre-events
otsdaq_mu2e/otsdaq-mu2e/FEInterfaces/CFOFrontEndInterface_interface.cc [633]	 Looping back DTC0 ROC1
%MSG
%MSG-i CFOFrontEndInterface:  Early 30-Nov-2018 11:01:12 CST pre-events
otsdaq_mu2e/otsdaq-mu2e/FEInterfaces/CFOFrontEndInterface_interface.cc [633]	 Looping back DTC1 ROC0
%MSG
%MSG-i CFOFrontEndInterface:  Early 30-Nov-2018 11:01:21 CST pre-events
otsdaq_mu2e/otsdaq-mu2e/FEInterfaces/CFOFrontEndInterface_interface.cc [633]	 Looping back DTC1 ROC1
%MSG
%MSG-i CFOFrontEndInterface:  Early 30-Nov-2018 11:01:27 CST pre-events
otsdaq_mu2e/otsdaq-mu2e/FEInterfaces/CFOFrontEndInterface_interface.cc [579]	-------------------------
%MSG
%MSG-i CFOFrontEndInterface:  Early 30-Nov-2018 11:01:27 CST pre-events
otsdaq_mu2e/otsdaq-mu2e/FEInterfaces/CFOFrontEndInterface_interface.cc [580]	FULL SYSTEM loopback DONE
%MSG
%MSG-i CFOFrontEndInterface:  Early 30-Nov-2018 11:01:27 CST pre-events
otsdaq_mu2e/otsdaq-mu2e/FEInterfaces/CFOFrontEndInterface_interface.cc [586]	chain 0 - DTC 0 - ROC 0 = 169.98
%MSG
%MSG-i CFOFrontEndInterface:  Early 30-Nov-2018 11:01:27 CST pre-events
otsdaq_mu2e/otsdaq-mu2e/FEInterfaces/CFOFrontEndInterface_interface.cc [586]	chain 0 - DTC 0 - ROC 1 = 96
%MSG
%MSG-i CFOFrontEndInterface:  Early 30-Nov-2018 11:01:27 CST pre-events
otsdaq_mu2e/otsdaq-mu2e/FEInterfaces/CFOFrontEndInterface_interface.cc [586]	chain 0 - DTC 1 - ROC 0 = 204.96
%MSG
%MSG-i CFOFrontEndInterface:  Early 30-Nov-2018 11:01:27 CST pre-events
otsdaq_mu2e/otsdaq-mu2e/FEInterfaces/CFOFrontEndInterface_interface.cc [586]	chain 0 - DTC 1 - ROC 1 = 141
%MSG
%MSG-i CFOFrontEndInterface:  Early 30-Nov-2018 11:01:27 CST pre-events
otsdaq_mu2e/otsdaq-mu2e/FEInterfaces/CFOFrontEndInterface_interface.cc [590]	-------------------------
%MSG
%MSG-d ots:  Early 30-Nov-2018 11:05:40 CST pre-events
otsdaq/otsdaq-core/WorkLoopManager/WorkLoop.cc [26]	Destroying WorkLoop: CFO0-SlowControls
%MSG
%MSG-d ots:  Early 30-Nov-2018 11:05:40 CST pre-events
otsdaq/otsdaq-core/WorkLoopManager/WorkLoop.cc [29]	Destroyed WorkLoop: CFO0-SlowControls
%MSG
%MSG-d ots:  Early 30-Nov-2018 11:05:40 CST pre-events
otsdaq/otsdaq-core/WorkLoopManager/WorkLoop.cc [26]	Destroying WorkLoop: CFO0
%MSG
%MSG-d ots:  Early 30-Nov-2018 11:05:40 CST pre-events
otsdaq/otsdaq-core/WorkLoopManager/WorkLoop.cc [29]	Destroyed WorkLoop: CFO0
%MSG
%MSG-i CFOFrontEndInterface:  Early 30-Nov-2018 11:05:52 CST pre-events
otsdaq_mu2e/otsdaq-mu2e/FEInterfaces/CFOFrontEndInterface_interface.cc [424]	Step 1: CFO reset clock...
%MSG
%MSG-i CFOFrontEndInterface:  Early 30-Nov-2018 11:06:32 CST pre-events
otsdaq_mu2e/otsdaq-mu2e/FEInterfaces/CFOFrontEndInterface_interface.cc [465]	Step 3: CFO reset TX...
%MSG
%MSG-i CFOFrontEndInterface:  Early 30-Nov-2018 11:06:53 CST pre-events
otsdaq_mu2e/otsdaq-mu2e/FEInterfaces/CFOFrontEndInterface_interface.cc [485]	Step 6: CFO enable Event start characters, SERDES Tx and Rx, and event window interval
%MSG
%MSG-i CFOFrontEndInterface:  Early 30-Nov-2018 11:06:56 CST pre-events
otsdaq_mu2e/otsdaq-mu2e/FEInterfaces/CFOFrontEndInterface_interface.cc [507]	--------------
%MSG
%MSG-i CFOFrontEndInterface:  Early 30-Nov-2018 11:06:56 CST pre-events
otsdaq_mu2e/otsdaq-mu2e/FEInterfaces/CFOFrontEndInterface_interface.cc [508]	CFO configured
%MSG
%MSG-i CFOFrontEndInterface:  Early 30-Nov-2018 11:06:56 CST pre-events
otsdaq_mu2e/otsdaq-mu2e/FEInterfaces/CFOFrontEndInterface_interface.cc [512]	CFO links OK = 0x1
%MSG
%MSG-i CFOFrontEndInterface:  Early 30-Nov-2018 11:10:38 CST pre-events
otsdaq_mu2e/otsdaq-mu2e/FEInterfaces/CFOFrontEndInterface_interface.cc [633]	 Looping back DTC0 ROC0
%MSG
%MSG-i CFOFrontEndInterface:  Early 30-Nov-2018 11:10:47 CST pre-events
otsdaq_mu2e/otsdaq-mu2e/FEInterfaces/CFOFrontEndInterface_interface.cc [633]	 Looping back DTC0 ROC1
%MSG
%MSG-i CFOFrontEndInterface:  Early 30-Nov-2018 11:10:56 CST pre-events
otsdaq_mu2e/otsdaq-mu2e/FEInterfaces/CFOFrontEndInterface_interface.cc [633]	 Looping back DTC1 ROC0
%MSG
%MSG-i CFOFrontEndInterface:  Early 30-Nov-2018 11:11:05 CST pre-events
otsdaq_mu2e/otsdaq-mu2e/FEInterfaces/CFOFrontEndInterface_interface.cc [633]	 Looping back DTC1 ROC1
%MSG
%MSG-i CFOFrontEndInterface:  Early 30-Nov-2018 11:11:10 CST pre-events
otsdaq_mu2e/otsdaq-mu2e/FEInterfaces/CFOFrontEndInterface_interface.cc [579]	-------------------------
%MSG
%MSG-i CFOFrontEndInterface:  Early 30-Nov-2018 11:11:10 CST pre-events
otsdaq_mu2e/otsdaq-mu2e/FEInterfaces/CFOFrontEndInterface_interface.cc [580]	FULL SYSTEM loopback DONE
%MSG
%MSG-i CFOFrontEndInterface:  Early 30-Nov-2018 11:11:10 CST pre-events
otsdaq_mu2e/otsdaq-mu2e/FEInterfaces/CFOFrontEndInterface_interface.cc [586]	chain 0 - DTC 0 - ROC 0 = 172.204
%MSG
%MSG-i CFOFrontEndInterface:  Early 30-Nov-2018 11:11:10 CST pre-events
otsdaq_mu2e/otsdaq-mu2e/FEInterfaces/CFOFrontEndInterface_interface.cc [586]	chain 0 - DTC 0 - ROC 1 = 96
%MSG
%MSG-i CFOFrontEndInterface:  Early 30-Nov-2018 11:11:10 CST pre-events
otsdaq_mu2e/otsdaq-mu2e/FEInterfaces/CFOFrontEndInterface_interface.cc [586]	chain 0 - DTC 1 - ROC 0 = 207.01
%MSG
%MSG-i CFOFrontEndInterface:  Early 30-Nov-2018 11:11:10 CST pre-events
otsdaq_mu2e/otsdaq-mu2e/FEInterfaces/CFOFrontEndInterface_interface.cc [586]	chain 0 - DTC 1 - ROC 1 = 141
%MSG
%MSG-i CFOFrontEndInterface:  Early 30-Nov-2018 11:11:10 CST pre-events
otsdaq_mu2e/otsdaq-mu2e/FEInterfaces/CFOFrontEndInterface_interface.cc [590]	-------------------------
%MSG
%MSG-i CFOFrontEndInterface:  Early 30-Nov-2018 11:11:49 CST pre-events
otsdaq_mu2e/otsdaq-mu2e/FEInterfaces/CFOFrontEndInterface_interface.cc [633]	 Looping back DTC0 ROC0
%MSG
%MSG-i CFOFrontEndInterface:  Early 30-Nov-2018 11:11:58 CST pre-events
otsdaq_mu2e/otsdaq-mu2e/FEInterfaces/CFOFrontEndInterface_interface.cc [633]	 Looping back DTC0 ROC1
%MSG
%MSG-i CFOFrontEndInterface:  Early 30-Nov-2018 11:12:07 CST pre-events
otsdaq_mu2e/otsdaq-mu2e/FEInterfaces/CFOFrontEndInterface_interface.cc [633]	 Looping back DTC1 ROC0
%MSG
%MSG-i CFOFrontEndInterface:  Early 30-Nov-2018 11:12:16 CST pre-events
otsdaq_mu2e/otsdaq-mu2e/FEInterfaces/CFOFrontEndInterface_interface.cc [633]	 Looping back DTC1 ROC1
%MSG
%MSG-i CFOFrontEndInterface:  Early 30-Nov-2018 11:12:21 CST pre-events
otsdaq_mu2e/otsdaq-mu2e/FEInterfaces/CFOFrontEndInterface_interface.cc [579]	-------------------------
%MSG
%MSG-i CFOFrontEndInterface:  Early 30-Nov-2018 11:12:21 CST pre-events
otsdaq_mu2e/otsdaq-mu2e/FEInterfaces/CFOFrontEndInterface_interface.cc [580]	FULL SYSTEM loopback DONE
%MSG
%MSG-i CFOFrontEndInterface:  Early 30-Nov-2018 11:12:21 CST pre-events
otsdaq_mu2e/otsdaq-mu2e/FEInterfaces/CFOFrontEndInterface_interface.cc [586]	chain 0 - DTC 0 - ROC 0 = 172.222
%MSG
%MSG-i CFOFrontEndInterface:  Early 30-Nov-2018 11:12:21 CST pre-events
otsdaq_mu2e/otsdaq-mu2e/FEInterfaces/CFOFrontEndInterface_interface.cc [586]	chain 0 - DTC 0 - ROC 1 = 96
%MSG
%MSG-i CFOFrontEndInterface:  Early 30-Nov-2018 11:12:21 CST pre-events
otsdaq_mu2e/otsdaq-mu2e/FEInterfaces/CFOFrontEndInterface_interface.cc [586]	chain 0 - DTC 1 - ROC 0 = 207
%MSG
%MSG-i CFOFrontEndInterface:  Early 30-Nov-2018 11:12:21 CST pre-events
otsdaq_mu2e/otsdaq-mu2e/FEInterfaces/CFOFrontEndInterface_interface.cc [586]	chain 0 - DTC 1 - ROC 1 = 141
%MSG
%MSG-i CFOFrontEndInterface:  Early 30-Nov-2018 11:12:21 CST pre-events
otsdaq_mu2e/otsdaq-mu2e/FEInterfaces/CFOFrontEndInterface_interface.cc [590]	-------------------------
%MSG
%MSG-d ots:  Early 30-Nov-2018 11:12:54 CST pre-events
otsdaq/otsdaq-core/WorkLoopManager/WorkLoop.cc [26]	Destroying WorkLoop: CFO0-SlowControls
%MSG
%MSG-d ots:  Early 30-Nov-2018 11:12:54 CST pre-events
otsdaq/otsdaq-core/WorkLoopManager/WorkLoop.cc [29]	Destroyed WorkLoop: CFO0-SlowControls
%MSG
%MSG-d ots:  Early 30-Nov-2018 11:12:54 CST pre-events
otsdaq/otsdaq-core/WorkLoopManager/WorkLoop.cc [26]	Destroying WorkLoop: CFO0
%MSG
%MSG-d ots:  Early 30-Nov-2018 11:12:54 CST pre-events
otsdaq/otsdaq-core/WorkLoopManager/WorkLoop.cc [29]	Destroyed WorkLoop: CFO0
%MSG
%MSG-i CFOFrontEndInterface:  Early 30-Nov-2018 11:13:04 CST pre-events
otsdaq_mu2e/otsdaq-mu2e/FEInterfaces/CFOFrontEndInterface_interface.cc [424]	Step 1: CFO reset clock...
%MSG
%MSG-i CFOFrontEndInterface:  Early 30-Nov-2018 11:13:45 CST pre-events
otsdaq_mu2e/otsdaq-mu2e/FEInterfaces/CFOFrontEndInterface_interface.cc [465]	Step 3: CFO reset TX...
%MSG
%MSG-i CFOFrontEndInterface:  Early 30-Nov-2018 11:14:05 CST pre-events
otsdaq_mu2e/otsdaq-mu2e/FEInterfaces/CFOFrontEndInterface_interface.cc [485]	Step 6: CFO enable Event start characters, SERDES Tx and Rx, and event window interval
%MSG
%MSG-i CFOFrontEndInterface:  Early 30-Nov-2018 11:14:08 CST pre-events
otsdaq_mu2e/otsdaq-mu2e/FEInterfaces/CFOFrontEndInterface_interface.cc [507]	--------------
%MSG
%MSG-i CFOFrontEndInterface:  Early 30-Nov-2018 11:14:08 CST pre-events
otsdaq_mu2e/otsdaq-mu2e/FEInterfaces/CFOFrontEndInterface_interface.cc [508]	CFO configured
%MSG
%MSG-i CFOFrontEndInterface:  Early 30-Nov-2018 11:14:08 CST pre-events
otsdaq_mu2e/otsdaq-mu2e/FEInterfaces/CFOFrontEndInterface_interface.cc [512]	CFO links OK = 0x1
%MSG
%MSG-i CFOFrontEndInterface:  Early 30-Nov-2018 11:16:11 CST pre-events
otsdaq_mu2e/otsdaq-mu2e/FEInterfaces/CFOFrontEndInterface_interface.cc [633]	 Looping back DTC0 ROC0
%MSG
%MSG-i CFOFrontEndInterface:  Early 30-Nov-2018 11:16:20 CST pre-events
otsdaq_mu2e/otsdaq-mu2e/FEInterfaces/CFOFrontEndInterface_interface.cc [633]	 Looping back DTC0 ROC1
%MSG
%MSG-i CFOFrontEndInterface:  Early 30-Nov-2018 11:16:29 CST pre-events
otsdaq_mu2e/otsdaq-mu2e/FEInterfaces/CFOFrontEndInterface_interface.cc [633]	 Looping back DTC1 ROC0
%MSG
%MSG-i CFOFrontEndInterface:  Early 30-Nov-2018 11:16:38 CST pre-events
otsdaq_mu2e/otsdaq-mu2e/FEInterfaces/CFOFrontEndInterface_interface.cc [633]	 Looping back DTC1 ROC1
%MSG
%MSG-i CFOFrontEndInterface:  Early 30-Nov-2018 11:16:43 CST pre-events
otsdaq_mu2e/otsdaq-mu2e/FEInterfaces/CFOFrontEndInterface_interface.cc [579]	-------------------------
%MSG
%MSG-i CFOFrontEndInterface:  Early 30-Nov-2018 11:16:43 CST pre-events
otsdaq_mu2e/otsdaq-mu2e/FEInterfaces/CFOFrontEndInterface_interface.cc [580]	FULL SYSTEM loopback DONE
%MSG
%MSG-i CFOFrontEndInterface:  Early 30-Nov-2018 11:16:43 CST pre-events
otsdaq_mu2e/otsdaq-mu2e/FEInterfaces/CFOFrontEndInterface_interface.cc [586]	chain 0 - DTC 0 - ROC 0 = 172.91
%MSG
%MSG-i CFOFrontEndInterface:  Early 30-Nov-2018 11:16:43 CST pre-events
otsdaq_mu2e/otsdaq-mu2e/FEInterfaces/CFOFrontEndInterface_interface.cc [586]	chain 0 - DTC 0 - ROC 1 = 96
%MSG
%MSG-i CFOFrontEndInterface:  Early 30-Nov-2018 11:16:43 CST pre-events
otsdaq_mu2e/otsdaq-mu2e/FEInterfaces/CFOFrontEndInterface_interface.cc [586]	chain 0 - DTC 1 - ROC 0 = 211.256
%MSG
%MSG-i CFOFrontEndInterface:  Early 30-Nov-2018 11:16:43 CST pre-events
otsdaq_mu2e/otsdaq-mu2e/FEInterfaces/CFOFrontEndInterface_interface.cc [586]	chain 0 - DTC 1 - ROC 1 = 141
%MSG
%MSG-i CFOFrontEndInterface:  Early 30-Nov-2018 11:16:43 CST pre-events
otsdaq_mu2e/otsdaq-mu2e/FEInterfaces/CFOFrontEndInterface_interface.cc [590]	-------------------------
%MSG
%MSG-d ots:  Early 30-Nov-2018 11:18:00 CST pre-events
otsdaq/otsdaq-core/WorkLoopManager/WorkLoop.cc [26]	Destroying WorkLoop: CFO0-SlowControls
%MSG
%MSG-d ots:  Early 30-Nov-2018 11:18:00 CST pre-events
otsdaq/otsdaq-core/WorkLoopManager/WorkLoop.cc [29]	Destroyed WorkLoop: CFO0-SlowControls
%MSG
%MSG-d ots:  Early 30-Nov-2018 11:18:00 CST pre-events
otsdaq/otsdaq-core/WorkLoopManager/WorkLoop.cc [26]	Destroying WorkLoop: CFO0
%MSG
%MSG-d ots:  Early 30-Nov-2018 11:18:00 CST pre-events
otsdaq/otsdaq-core/WorkLoopManager/WorkLoop.cc [29]	Destroyed WorkLoop: CFO0
%MSG
%MSG-i CFOFrontEndInterface:  Early 30-Nov-2018 11:18:13 CST pre-events
otsdaq_mu2e/otsdaq-mu2e/FEInterfaces/CFOFrontEndInterface_interface.cc [424]	Step 1: CFO reset clock...
%MSG
%MSG-i CFOFrontEndInterface:  Early 30-Nov-2018 11:18:54 CST pre-events
otsdaq_mu2e/otsdaq-mu2e/FEInterfaces/CFOFrontEndInterface_interface.cc [465]	Step 3: CFO reset TX...
%MSG
%MSG-i CFOFrontEndInterface:  Early 30-Nov-2018 11:19:14 CST pre-events
otsdaq_mu2e/otsdaq-mu2e/FEInterfaces/CFOFrontEndInterface_interface.cc [485]	Step 6: CFO enable Event start characters, SERDES Tx and Rx, and event window interval
%MSG
%MSG-i CFOFrontEndInterface:  Early 30-Nov-2018 11:19:17 CST pre-events
otsdaq_mu2e/otsdaq-mu2e/FEInterfaces/CFOFrontEndInterface_interface.cc [507]	--------------
%MSG
%MSG-i CFOFrontEndInterface:  Early 30-Nov-2018 11:19:17 CST pre-events
otsdaq_mu2e/otsdaq-mu2e/FEInterfaces/CFOFrontEndInterface_interface.cc [508]	CFO configured
%MSG
%MSG-i CFOFrontEndInterface:  Early 30-Nov-2018 11:19:17 CST pre-events
otsdaq_mu2e/otsdaq-mu2e/FEInterfaces/CFOFrontEndInterface_interface.cc [512]	CFO links OK = 0x1
%MSG
%MSG-d ots:  Early 30-Nov-2018 11:22:29 CST pre-events
otsdaq/otsdaq-core/WorkLoopManager/WorkLoop.cc [26]	Destroying WorkLoop: CFO0-SlowControls
%MSG
%MSG-d ots:  Early 30-Nov-2018 11:22:29 CST pre-events
otsdaq/otsdaq-core/WorkLoopManager/WorkLoop.cc [29]	Destroyed WorkLoop: CFO0-SlowControls
%MSG
%MSG-d ots:  Early 30-Nov-2018 11:22:29 CST pre-events
otsdaq/otsdaq-core/WorkLoopManager/WorkLoop.cc [26]	Destroying WorkLoop: CFO0
%MSG
%MSG-d ots:  Early 30-Nov-2018 11:22:29 CST pre-events
otsdaq/otsdaq-core/WorkLoopManager/WorkLoop.cc [29]	Destroyed WorkLoop: CFO0
%MSG
%MSG-i CFOFrontEndInterface:  Early 30-Nov-2018 11:22:39 CST pre-events
otsdaq_mu2e/otsdaq-mu2e/FEInterfaces/CFOFrontEndInterface_interface.cc [424]	Step 1: CFO reset clock...
%MSG
%MSG-i CFOFrontEndInterface:  Early 30-Nov-2018 11:23:20 CST pre-events
otsdaq_mu2e/otsdaq-mu2e/FEInterfaces/CFOFrontEndInterface_interface.cc [465]	Step 3: CFO reset TX...
%MSG
%MSG-i CFOFrontEndInterface:  Early 30-Nov-2018 11:23:40 CST pre-events
otsdaq_mu2e/otsdaq-mu2e/FEInterfaces/CFOFrontEndInterface_interface.cc [485]	Step 6: CFO enable Event start characters, SERDES Tx and Rx, and event window interval
%MSG
%MSG-i CFOFrontEndInterface:  Early 30-Nov-2018 11:23:43 CST pre-events
otsdaq_mu2e/otsdaq-mu2e/FEInterfaces/CFOFrontEndInterface_interface.cc [507]	--------------
%MSG
%MSG-i CFOFrontEndInterface:  Early 30-Nov-2018 11:23:43 CST pre-events
otsdaq_mu2e/otsdaq-mu2e/FEInterfaces/CFOFrontEndInterface_interface.cc [508]	CFO configured
%MSG
%MSG-i CFOFrontEndInterface:  Early 30-Nov-2018 11:23:43 CST pre-events
otsdaq_mu2e/otsdaq-mu2e/FEInterfaces/CFOFrontEndInterface_interface.cc [512]	CFO links OK = 0x1
%MSG
%MSG-i CFOFrontEndInterface:  Early 30-Nov-2018 11:27:02 CST pre-events
otsdaq_mu2e/otsdaq-mu2e/FEInterfaces/CFOFrontEndInterface_interface.cc [633]	 Looping back DTC0 ROC0
%MSG
%MSG-i CFOFrontEndInterface:  Early 30-Nov-2018 11:27:11 CST pre-events
otsdaq_mu2e/otsdaq-mu2e/FEInterfaces/CFOFrontEndInterface_interface.cc [633]	 Looping back DTC0 ROC1
%MSG
%MSG-i CFOFrontEndInterface:  Early 30-Nov-2018 11:27:20 CST pre-events
otsdaq_mu2e/otsdaq-mu2e/FEInterfaces/CFOFrontEndInterface_interface.cc [633]	 Looping back DTC1 ROC0
%MSG
%MSG-i CFOFrontEndInterface:  Early 30-Nov-2018 11:27:29 CST pre-events
otsdaq_mu2e/otsdaq-mu2e/FEInterfaces/CFOFrontEndInterface_interface.cc [633]	 Looping back DTC1 ROC1
%MSG
%MSG-i CFOFrontEndInterface:  Early 30-Nov-2018 11:27:34 CST pre-events
otsdaq_mu2e/otsdaq-mu2e/FEInterfaces/CFOFrontEndInterface_interface.cc [579]	-------------------------
%MSG
%MSG-i CFOFrontEndInterface:  Early 30-Nov-2018 11:27:34 CST pre-events
otsdaq_mu2e/otsdaq-mu2e/FEInterfaces/CFOFrontEndInterface_interface.cc [580]	FULL SYSTEM loopback DONE
%MSG
%MSG-i CFOFrontEndInterface:  Early 30-Nov-2018 11:27:34 CST pre-events
otsdaq_mu2e/otsdaq-mu2e/FEInterfaces/CFOFrontEndInterface_interface.cc [586]	chain 0 - DTC 0 - ROC 0 = 171.67
%MSG
%MSG-i CFOFrontEndInterface:  Early 30-Nov-2018 11:27:34 CST pre-events
otsdaq_mu2e/otsdaq-mu2e/FEInterfaces/CFOFrontEndInterface_interface.cc [586]	chain 0 - DTC 0 - ROC 1 = 96
%MSG
%MSG-i CFOFrontEndInterface:  Early 30-Nov-2018 11:27:34 CST pre-events
otsdaq_mu2e/otsdaq-mu2e/FEInterfaces/CFOFrontEndInterface_interface.cc [586]	chain 0 - DTC 1 - ROC 0 = 203.59
%MSG
%MSG-i CFOFrontEndInterface:  Early 30-Nov-2018 11:27:34 CST pre-events
otsdaq_mu2e/otsdaq-mu2e/FEInterfaces/CFOFrontEndInterface_interface.cc [586]	chain 0 - DTC 1 - ROC 1 = 141
%MSG
%MSG-i CFOFrontEndInterface:  Early 30-Nov-2018 11:27:34 CST pre-events
otsdaq_mu2e/otsdaq-mu2e/FEInterfaces/CFOFrontEndInterface_interface.cc [590]	-------------------------
%MSG
%MSG-i CFOFrontEndInterface:  Early 30-Nov-2018 11:28:23 CST pre-events
otsdaq_mu2e/otsdaq-mu2e/FEInterfaces/CFOFrontEndInterface_interface.cc [633]	 Looping back DTC0 ROC0
%MSG
%MSG-i CFOFrontEndInterface:  Early 30-Nov-2018 11:28:32 CST pre-events
otsdaq_mu2e/otsdaq-mu2e/FEInterfaces/CFOFrontEndInterface_interface.cc [633]	 Looping back DTC0 ROC1
%MSG
%MSG-i CFOFrontEndInterface:  Early 30-Nov-2018 11:28:41 CST pre-events
otsdaq_mu2e/otsdaq-mu2e/FEInterfaces/CFOFrontEndInterface_interface.cc [633]	 Looping back DTC1 ROC0
%MSG
%MSG-i CFOFrontEndInterface:  Early 30-Nov-2018 11:28:50 CST pre-events
otsdaq_mu2e/otsdaq-mu2e/FEInterfaces/CFOFrontEndInterface_interface.cc [633]	 Looping back DTC1 ROC1
%MSG
%MSG-i CFOFrontEndInterface:  Early 30-Nov-2018 11:28:56 CST pre-events
otsdaq_mu2e/otsdaq-mu2e/FEInterfaces/CFOFrontEndInterface_interface.cc [579]	-------------------------
%MSG
%MSG-i CFOFrontEndInterface:  Early 30-Nov-2018 11:28:56 CST pre-events
otsdaq_mu2e/otsdaq-mu2e/FEInterfaces/CFOFrontEndInterface_interface.cc [580]	FULL SYSTEM loopback DONE
%MSG
%MSG-i CFOFrontEndInterface:  Early 30-Nov-2018 11:28:56 CST pre-events
otsdaq_mu2e/otsdaq-mu2e/FEInterfaces/CFOFrontEndInterface_interface.cc [586]	chain 0 - DTC 0 - ROC 0 = 171.64
%MSG
%MSG-i CFOFrontEndInterface:  Early 30-Nov-2018 11:28:56 CST pre-events
otsdaq_mu2e/otsdaq-mu2e/FEInterfaces/CFOFrontEndInterface_interface.cc [586]	chain 0 - DTC 0 - ROC 1 = 96
%MSG
%MSG-i CFOFrontEndInterface:  Early 30-Nov-2018 11:28:56 CST pre-events
otsdaq_mu2e/otsdaq-mu2e/FEInterfaces/CFOFrontEndInterface_interface.cc [586]	chain 0 - DTC 1 - ROC 0 = 203.61
%MSG
%MSG-i CFOFrontEndInterface:  Early 30-Nov-2018 11:28:56 CST pre-events
otsdaq_mu2e/otsdaq-mu2e/FEInterfaces/CFOFrontEndInterface_interface.cc [586]	chain 0 - DTC 1 - ROC 1 = 141
%MSG
%MSG-i CFOFrontEndInterface:  Early 30-Nov-2018 11:28:56 CST pre-events
otsdaq_mu2e/otsdaq-mu2e/FEInterfaces/CFOFrontEndInterface_interface.cc [590]	-------------------------
%MSG
%MSG-d ots:  Early 30-Nov-2018 11:30:15 CST pre-events
otsdaq/otsdaq-core/WorkLoopManager/WorkLoop.cc [26]	Destroying WorkLoop: CFO0-SlowControls
%MSG
%MSG-d ots:  Early 30-Nov-2018 11:30:15 CST pre-events
otsdaq/otsdaq-core/WorkLoopManager/WorkLoop.cc [29]	Destroyed WorkLoop: CFO0-SlowControls
%MSG
%MSG-d ots:  Early 30-Nov-2018 11:30:15 CST pre-events
otsdaq/otsdaq-core/WorkLoopManager/WorkLoop.cc [26]	Destroying WorkLoop: CFO0
%MSG
%MSG-d ots:  Early 30-Nov-2018 11:30:15 CST pre-events
otsdaq/otsdaq-core/WorkLoopManager/WorkLoop.cc [29]	Destroyed WorkLoop: CFO0
%MSG
%MSG-i CFOFrontEndInterface:  Early 30-Nov-2018 11:30:26 CST pre-events
otsdaq_mu2e/otsdaq-mu2e/FEInterfaces/CFOFrontEndInterface_interface.cc [424]	Step 1: CFO reset clock...
%MSG
%MSG-i CFOFrontEndInterface:  Early 30-Nov-2018 11:31:06 CST pre-events
otsdaq_mu2e/otsdaq-mu2e/FEInterfaces/CFOFrontEndInterface_interface.cc [465]	Step 3: CFO reset TX...
%MSG
%MSG-i CFOFrontEndInterface:  Early 30-Nov-2018 11:31:26 CST pre-events
otsdaq_mu2e/otsdaq-mu2e/FEInterfaces/CFOFrontEndInterface_interface.cc [485]	Step 6: CFO enable Event start characters, SERDES Tx and Rx, and event window interval
%MSG
%MSG-i CFOFrontEndInterface:  Early 30-Nov-2018 11:31:29 CST pre-events
otsdaq_mu2e/otsdaq-mu2e/FEInterfaces/CFOFrontEndInterface_interface.cc [507]	--------------
%MSG
%MSG-i CFOFrontEndInterface:  Early 30-Nov-2018 11:31:29 CST pre-events
otsdaq_mu2e/otsdaq-mu2e/FEInterfaces/CFOFrontEndInterface_interface.cc [508]	CFO configured
%MSG
%MSG-i CFOFrontEndInterface:  Early 30-Nov-2018 11:31:29 CST pre-events
otsdaq_mu2e/otsdaq-mu2e/FEInterfaces/CFOFrontEndInterface_interface.cc [512]	CFO links OK = 0x1
%MSG
%MSG-i CFOFrontEndInterface:  Early 30-Nov-2018 11:34:34 CST pre-events
otsdaq_mu2e/otsdaq-mu2e/FEInterfaces/CFOFrontEndInterface_interface.cc [633]	 Looping back DTC0 ROC0
%MSG
%MSG-i CFOFrontEndInterface:  Early 30-Nov-2018 11:34:43 CST pre-events
otsdaq_mu2e/otsdaq-mu2e/FEInterfaces/CFOFrontEndInterface_interface.cc [633]	 Looping back DTC0 ROC1
%MSG
%MSG-i CFOFrontEndInterface:  Early 30-Nov-2018 11:34:52 CST pre-events
otsdaq_mu2e/otsdaq-mu2e/FEInterfaces/CFOFrontEndInterface_interface.cc [633]	 Looping back DTC1 ROC0
%MSG
%MSG-i CFOFrontEndInterface:  Early 30-Nov-2018 11:35:01 CST pre-events
otsdaq_mu2e/otsdaq-mu2e/FEInterfaces/CFOFrontEndInterface_interface.cc [633]	 Looping back DTC1 ROC1
%MSG
%MSG-i CFOFrontEndInterface:  Early 30-Nov-2018 11:35:06 CST pre-events
otsdaq_mu2e/otsdaq-mu2e/FEInterfaces/CFOFrontEndInterface_interface.cc [579]	-------------------------
%MSG
%MSG-i CFOFrontEndInterface:  Early 30-Nov-2018 11:35:06 CST pre-events
otsdaq_mu2e/otsdaq-mu2e/FEInterfaces/CFOFrontEndInterface_interface.cc [580]	FULL SYSTEM loopback DONE
%MSG
%MSG-i CFOFrontEndInterface:  Early 30-Nov-2018 11:35:06 CST pre-events
otsdaq_mu2e/otsdaq-mu2e/FEInterfaces/CFOFrontEndInterface_interface.cc [586]	chain 0 - DTC 0 - ROC 0 = 166.61
%MSG
%MSG-i CFOFrontEndInterface:  Early 30-Nov-2018 11:35:06 CST pre-events
otsdaq_mu2e/otsdaq-mu2e/FEInterfaces/CFOFrontEndInterface_interface.cc [586]	chain 0 - DTC 0 - ROC 1 = 96
%MSG
%MSG-i CFOFrontEndInterface:  Early 30-Nov-2018 11:35:06 CST pre-events
otsdaq_mu2e/otsdaq-mu2e/FEInterfaces/CFOFrontEndInterface_interface.cc [586]	chain 0 - DTC 1 - ROC 0 = 204.69
%MSG
%MSG-i CFOFrontEndInterface:  Early 30-Nov-2018 11:35:06 CST pre-events
otsdaq_mu2e/otsdaq-mu2e/FEInterfaces/CFOFrontEndInterface_interface.cc [586]	chain 0 - DTC 1 - ROC 1 = -999
%MSG
%MSG-i CFOFrontEndInterface:  Early 30-Nov-2018 11:35:06 CST pre-events
otsdaq_mu2e/otsdaq-mu2e/FEInterfaces/CFOFrontEndInterface_interface.cc [590]	-------------------------
%MSG
%MSG-d ots:  Early 30-Nov-2018 11:56:54 CST pre-events
otsdaq/otsdaq-core/WorkLoopManager/WorkLoop.cc [26]	Destroying WorkLoop: CFO0-SlowControls
%MSG
%MSG-d ots:  Early 30-Nov-2018 11:56:54 CST pre-events
otsdaq/otsdaq-core/WorkLoopManager/WorkLoop.cc [29]	Destroyed WorkLoop: CFO0-SlowControls
%MSG
%MSG-d ots:  Early 30-Nov-2018 11:56:54 CST pre-events
otsdaq/otsdaq-core/WorkLoopManager/WorkLoop.cc [26]	Destroying WorkLoop: CFO0
%MSG
%MSG-d ots:  Early 30-Nov-2018 11:56:54 CST pre-events
otsdaq/otsdaq-core/WorkLoopManager/WorkLoop.cc [29]	Destroyed WorkLoop: CFO0
%MSG
%MSG-i CFOFrontEndInterface:  Early 30-Nov-2018 11:57:05 CST pre-events
otsdaq_mu2e/otsdaq-mu2e/FEInterfaces/CFOFrontEndInterface_interface.cc [424]	Step 1: CFO reset clock...
%MSG
%MSG-i CFOFrontEndInterface:  Early 30-Nov-2018 11:57:45 CST pre-events
otsdaq_mu2e/otsdaq-mu2e/FEInterfaces/CFOFrontEndInterface_interface.cc [465]	Step 3: CFO reset TX...
%MSG
%MSG-i CFOFrontEndInterface:  Early 30-Nov-2018 11:58:06 CST pre-events
otsdaq_mu2e/otsdaq-mu2e/FEInterfaces/CFOFrontEndInterface_interface.cc [485]	Step 6: CFO enable Event start characters, SERDES Tx and Rx, and event window interval
%MSG
%MSG-i CFOFrontEndInterface:  Early 30-Nov-2018 11:58:09 CST pre-events
otsdaq_mu2e/otsdaq-mu2e/FEInterfaces/CFOFrontEndInterface_interface.cc [507]	--------------
%MSG
%MSG-i CFOFrontEndInterface:  Early 30-Nov-2018 11:58:09 CST pre-events
otsdaq_mu2e/otsdaq-mu2e/FEInterfaces/CFOFrontEndInterface_interface.cc [508]	CFO configured
%MSG
%MSG-i CFOFrontEndInterface:  Early 30-Nov-2018 11:58:09 CST pre-events
otsdaq_mu2e/otsdaq-mu2e/FEInterfaces/CFOFrontEndInterface_interface.cc [512]	CFO links OK = 0x1
%MSG
%MSG-d ots:  Early 30-Nov-2018 12:10:30 CST pre-events
otsdaq/otsdaq-core/WorkLoopManager/WorkLoop.cc [26]	Destroying WorkLoop: CFO0-SlowControls
%MSG
%MSG-d ots:  Early 30-Nov-2018 12:10:30 CST pre-events
otsdaq/otsdaq-core/WorkLoopManager/WorkLoop.cc [29]	Destroyed WorkLoop: CFO0-SlowControls
%MSG
%MSG-d ots:  Early 30-Nov-2018 12:10:30 CST pre-events
otsdaq/otsdaq-core/WorkLoopManager/WorkLoop.cc [26]	Destroying WorkLoop: CFO0
%MSG
%MSG-d ots:  Early 30-Nov-2018 12:10:30 CST pre-events
otsdaq/otsdaq-core/WorkLoopManager/WorkLoop.cc [29]	Destroyed WorkLoop: CFO0
%MSG
%MSG-i CFOFrontEndInterface:  Early 30-Nov-2018 12:10:41 CST pre-events
otsdaq_mu2e/otsdaq-mu2e/FEInterfaces/CFOFrontEndInterface_interface.cc [424]	Step 1: CFO reset clock...
%MSG
%MSG-i CFOFrontEndInterface:  Early 30-Nov-2018 12:11:22 CST pre-events
otsdaq_mu2e/otsdaq-mu2e/FEInterfaces/CFOFrontEndInterface_interface.cc [465]	Step 3: CFO reset TX...
%MSG
%MSG-i CFOFrontEndInterface:  Early 30-Nov-2018 12:11:42 CST pre-events
otsdaq_mu2e/otsdaq-mu2e/FEInterfaces/CFOFrontEndInterface_interface.cc [485]	Step 6: CFO enable Event start characters, SERDES Tx and Rx, and event window interval
%MSG
%MSG-i CFOFrontEndInterface:  Early 30-Nov-2018 12:11:45 CST pre-events
otsdaq_mu2e/otsdaq-mu2e/FEInterfaces/CFOFrontEndInterface_interface.cc [507]	--------------
%MSG
%MSG-i CFOFrontEndInterface:  Early 30-Nov-2018 12:11:45 CST pre-events
otsdaq_mu2e/otsdaq-mu2e/FEInterfaces/CFOFrontEndInterface_interface.cc [508]	CFO configured
%MSG
%MSG-i CFOFrontEndInterface:  Early 30-Nov-2018 12:11:45 CST pre-events
otsdaq_mu2e/otsdaq-mu2e/FEInterfaces/CFOFrontEndInterface_interface.cc [512]	CFO links OK = 0x1
%MSG
%MSG-i CFOFrontEndInterface:  Early 30-Nov-2018 15:00:44 CST pre-events
otsdaq_mu2e/otsdaq-mu2e/FEInterfaces/CFOFrontEndInterface_interface.cc [633]	 Looping back DTC0 ROC0
%MSG
%MSG-i CFOFrontEndInterface:  Early 30-Nov-2018 15:00:54 CST pre-events
otsdaq_mu2e/otsdaq-mu2e/FEInterfaces/CFOFrontEndInterface_interface.cc [633]	 Looping back DTC0 ROC1
%MSG
%MSG-i CFOFrontEndInterface:  Early 30-Nov-2018 15:01:03 CST pre-events
otsdaq_mu2e/otsdaq-mu2e/FEInterfaces/CFOFrontEndInterface_interface.cc [633]	 Looping back DTC1 ROC0
%MSG
%MSG-i CFOFrontEndInterface:  Early 30-Nov-2018 15:01:12 CST pre-events
otsdaq_mu2e/otsdaq-mu2e/FEInterfaces/CFOFrontEndInterface_interface.cc [633]	 Looping back DTC1 ROC1
%MSG
%MSG-i CFOFrontEndInterface:  Early 30-Nov-2018 15:01:17 CST pre-events
otsdaq_mu2e/otsdaq-mu2e/FEInterfaces/CFOFrontEndInterface_interface.cc [579]	-------------------------
%MSG
%MSG-i CFOFrontEndInterface:  Early 30-Nov-2018 15:01:17 CST pre-events
otsdaq_mu2e/otsdaq-mu2e/FEInterfaces/CFOFrontEndInterface_interface.cc [580]	FULL SYSTEM loopback DONE
%MSG
%MSG-i CFOFrontEndInterface:  Early 30-Nov-2018 15:01:17 CST pre-events
otsdaq_mu2e/otsdaq-mu2e/FEInterfaces/CFOFrontEndInterface_interface.cc [586]	chain 0 - DTC 0 - ROC 0 = 171.89
%MSG
%MSG-i CFOFrontEndInterface:  Early 30-Nov-2018 15:01:17 CST pre-events
otsdaq_mu2e/otsdaq-mu2e/FEInterfaces/CFOFrontEndInterface_interface.cc [586]	chain 0 - DTC 0 - ROC 1 = 96
%MSG
%MSG-i CFOFrontEndInterface:  Early 30-Nov-2018 15:01:17 CST pre-events
otsdaq_mu2e/otsdaq-mu2e/FEInterfaces/CFOFrontEndInterface_interface.cc [586]	chain 0 - DTC 1 - ROC 0 = 206.55
%MSG
%MSG-i CFOFrontEndInterface:  Early 30-Nov-2018 15:01:17 CST pre-events
otsdaq_mu2e/otsdaq-mu2e/FEInterfaces/CFOFrontEndInterface_interface.cc [586]	chain 0 - DTC 1 - ROC 1 = 141
%MSG
%MSG-i CFOFrontEndInterface:  Early 30-Nov-2018 15:01:17 CST pre-events
otsdaq_mu2e/otsdaq-mu2e/FEInterfaces/CFOFrontEndInterface_interface.cc [590]	-------------------------
%MSG
%MSG-d ots:  Early 30-Nov-2018 15:02:38 CST pre-events
otsdaq/otsdaq-core/WorkLoopManager/WorkLoop.cc [26]	Destroying WorkLoop: CFO0-SlowControls
%MSG
%MSG-d ots:  Early 30-Nov-2018 15:02:38 CST pre-events
otsdaq/otsdaq-core/WorkLoopManager/WorkLoop.cc [29]	Destroyed WorkLoop: CFO0-SlowControls
%MSG
%MSG-d ots:  Early 30-Nov-2018 15:02:38 CST pre-events
otsdaq/otsdaq-core/WorkLoopManager/WorkLoop.cc [26]	Destroying WorkLoop: CFO0
%MSG
%MSG-d ots:  Early 30-Nov-2018 15:02:38 CST pre-events
otsdaq/otsdaq-core/WorkLoopManager/WorkLoop.cc [29]	Destroyed WorkLoop: CFO0
%MSG
%MSG-i CFOFrontEndInterface:  Early 30-Nov-2018 15:02:52 CST pre-events
otsdaq_mu2e/otsdaq-mu2e/FEInterfaces/CFOFrontEndInterface_interface.cc [424]	Step 1: CFO reset clock...
%MSG
%MSG-i CFOFrontEndInterface:  Early 30-Nov-2018 15:03:32 CST pre-events
otsdaq_mu2e/otsdaq-mu2e/FEInterfaces/CFOFrontEndInterface_interface.cc [465]	Step 3: CFO reset TX...
%MSG
%MSG-i CFOFrontEndInterface:  Early 30-Nov-2018 15:03:52 CST pre-events
otsdaq_mu2e/otsdaq-mu2e/FEInterfaces/CFOFrontEndInterface_interface.cc [485]	Step 6: CFO enable Event start characters, SERDES Tx and Rx, and event window interval
%MSG
%MSG-i CFOFrontEndInterface:  Early 30-Nov-2018 15:03:55 CST pre-events
otsdaq_mu2e/otsdaq-mu2e/FEInterfaces/CFOFrontEndInterface_interface.cc [507]	--------------
%MSG
%MSG-i CFOFrontEndInterface:  Early 30-Nov-2018 15:03:55 CST pre-events
otsdaq_mu2e/otsdaq-mu2e/FEInterfaces/CFOFrontEndInterface_interface.cc [508]	CFO configured
%MSG
%MSG-i CFOFrontEndInterface:  Early 30-Nov-2018 15:03:55 CST pre-events
otsdaq_mu2e/otsdaq-mu2e/FEInterfaces/CFOFrontEndInterface_interface.cc [512]	CFO links OK = 0x1
%MSG
%MSG-i CFOFrontEndInterface:  Early 30-Nov-2018 15:06:40 CST pre-events
otsdaq_mu2e/otsdaq-mu2e/FEInterfaces/CFOFrontEndInterface_interface.cc [633]	 Looping back DTC0 ROC0
%MSG
%MSG-i CFOFrontEndInterface:  Early 30-Nov-2018 15:06:49 CST pre-events
otsdaq_mu2e/otsdaq-mu2e/FEInterfaces/CFOFrontEndInterface_interface.cc [633]	 Looping back DTC0 ROC1
%MSG
%MSG-i CFOFrontEndInterface:  Early 30-Nov-2018 15:06:58 CST pre-events
otsdaq_mu2e/otsdaq-mu2e/FEInterfaces/CFOFrontEndInterface_interface.cc [633]	 Looping back DTC1 ROC0
%MSG
%MSG-i CFOFrontEndInterface:  Early 30-Nov-2018 15:07:07 CST pre-events
otsdaq_mu2e/otsdaq-mu2e/FEInterfaces/CFOFrontEndInterface_interface.cc [633]	 Looping back DTC1 ROC1
%MSG
%MSG-i CFOFrontEndInterface:  Early 30-Nov-2018 15:07:12 CST pre-events
otsdaq_mu2e/otsdaq-mu2e/FEInterfaces/CFOFrontEndInterface_interface.cc [579]	-------------------------
%MSG
%MSG-i CFOFrontEndInterface:  Early 30-Nov-2018 15:07:12 CST pre-events
otsdaq_mu2e/otsdaq-mu2e/FEInterfaces/CFOFrontEndInterface_interface.cc [580]	FULL SYSTEM loopback DONE
%MSG
%MSG-i CFOFrontEndInterface:  Early 30-Nov-2018 15:07:12 CST pre-events
otsdaq_mu2e/otsdaq-mu2e/FEInterfaces/CFOFrontEndInterface_interface.cc [586]	chain 0 - DTC 0 - ROC 0 = 165.74
%MSG
%MSG-i CFOFrontEndInterface:  Early 30-Nov-2018 15:07:12 CST pre-events
otsdaq_mu2e/otsdaq-mu2e/FEInterfaces/CFOFrontEndInterface_interface.cc [586]	chain 0 - DTC 0 - ROC 1 = 96
%MSG
%MSG-i CFOFrontEndInterface:  Early 30-Nov-2018 15:07:12 CST pre-events
otsdaq_mu2e/otsdaq-mu2e/FEInterfaces/CFOFrontEndInterface_interface.cc [586]	chain 0 - DTC 1 - ROC 0 = 205.57
%MSG
%MSG-i CFOFrontEndInterface:  Early 30-Nov-2018 15:07:12 CST pre-events
otsdaq_mu2e/otsdaq-mu2e/FEInterfaces/CFOFrontEndInterface_interface.cc [586]	chain 0 - DTC 1 - ROC 1 = 141
%MSG
%MSG-i CFOFrontEndInterface:  Early 30-Nov-2018 15:07:12 CST pre-events
otsdaq_mu2e/otsdaq-mu2e/FEInterfaces/CFOFrontEndInterface_interface.cc [590]	-------------------------
%MSG
%MSG-d ots:  Early 30-Nov-2018 15:11:35 CST pre-events
otsdaq/otsdaq-core/WorkLoopManager/WorkLoop.cc [26]	Destroying WorkLoop: CFO0-SlowControls
%MSG
%MSG-d ots:  Early 30-Nov-2018 15:11:35 CST pre-events
otsdaq/otsdaq-core/WorkLoopManager/WorkLoop.cc [29]	Destroyed WorkLoop: CFO0-SlowControls
%MSG
%MSG-d ots:  Early 30-Nov-2018 15:11:35 CST pre-events
otsdaq/otsdaq-core/WorkLoopManager/WorkLoop.cc [26]	Destroying WorkLoop: CFO0
%MSG
%MSG-d ots:  Early 30-Nov-2018 15:11:35 CST pre-events
otsdaq/otsdaq-core/WorkLoopManager/WorkLoop.cc [29]	Destroyed WorkLoop: CFO0
%MSG
%MSG-i CFOFrontEndInterface:  Early 30-Nov-2018 15:11:45 CST pre-events
otsdaq_mu2e/otsdaq-mu2e/FEInterfaces/CFOFrontEndInterface_interface.cc [424]	Step 1: CFO reset clock...
%MSG
%MSG-i CFOFrontEndInterface:  Early 30-Nov-2018 15:12:25 CST pre-events
otsdaq_mu2e/otsdaq-mu2e/FEInterfaces/CFOFrontEndInterface_interface.cc [465]	Step 3: CFO reset TX...
%MSG
%MSG-i CFOFrontEndInterface:  Early 30-Nov-2018 15:12:46 CST pre-events
otsdaq_mu2e/otsdaq-mu2e/FEInterfaces/CFOFrontEndInterface_interface.cc [485]	Step 6: CFO enable Event start characters, SERDES Tx and Rx, and event window interval
%MSG
%MSG-i CFOFrontEndInterface:  Early 30-Nov-2018 15:12:49 CST pre-events
otsdaq_mu2e/otsdaq-mu2e/FEInterfaces/CFOFrontEndInterface_interface.cc [507]	--------------
%MSG
%MSG-i CFOFrontEndInterface:  Early 30-Nov-2018 15:12:49 CST pre-events
otsdaq_mu2e/otsdaq-mu2e/FEInterfaces/CFOFrontEndInterface_interface.cc [508]	CFO configured
%MSG
%MSG-i CFOFrontEndInterface:  Early 30-Nov-2018 15:12:49 CST pre-events
otsdaq_mu2e/otsdaq-mu2e/FEInterfaces/CFOFrontEndInterface_interface.cc [512]	CFO links OK = 0x1
%MSG
%MSG-d ots:  Early 30-Nov-2018 15:19:03 CST pre-events
otsdaq/otsdaq-core/WorkLoopManager/WorkLoop.cc [26]	Destroying WorkLoop: CFO0-SlowControls
%MSG
%MSG-d ots:  Early 30-Nov-2018 15:19:03 CST pre-events
otsdaq/otsdaq-core/WorkLoopManager/WorkLoop.cc [29]	Destroyed WorkLoop: CFO0-SlowControls
%MSG
%MSG-d ots:  Early 30-Nov-2018 15:19:03 CST pre-events
otsdaq/otsdaq-core/WorkLoopManager/WorkLoop.cc [26]	Destroying WorkLoop: CFO0
%MSG
%MSG-d ots:  Early 30-Nov-2018 15:19:03 CST pre-events
otsdaq/otsdaq-core/WorkLoopManager/WorkLoop.cc [29]	Destroyed WorkLoop: CFO0
%MSG
%MSG-i CFOFrontEndInterface:  Early 30-Nov-2018 15:19:32 CST pre-events
otsdaq_mu2e/otsdaq-mu2e/FEInterfaces/CFOFrontEndInterface_interface.cc [424]	Step 1: CFO reset clock...
%MSG
%MSG-i CFOFrontEndInterface:  Early 30-Nov-2018 15:20:12 CST pre-events
otsdaq_mu2e/otsdaq-mu2e/FEInterfaces/CFOFrontEndInterface_interface.cc [465]	Step 3: CFO reset TX...
%MSG
%MSG-i CFOFrontEndInterface:  Early 30-Nov-2018 15:20:33 CST pre-events
otsdaq_mu2e/otsdaq-mu2e/FEInterfaces/CFOFrontEndInterface_interface.cc [485]	Step 6: CFO enable Event start characters, SERDES Tx and Rx, and event window interval
%MSG
%MSG-i CFOFrontEndInterface:  Early 30-Nov-2018 15:20:36 CST pre-events
otsdaq_mu2e/otsdaq-mu2e/FEInterfaces/CFOFrontEndInterface_interface.cc [507]	--------------
%MSG
%MSG-i CFOFrontEndInterface:  Early 30-Nov-2018 15:20:36 CST pre-events
otsdaq_mu2e/otsdaq-mu2e/FEInterfaces/CFOFrontEndInterface_interface.cc [508]	CFO configured
%MSG
%MSG-i CFOFrontEndInterface:  Early 30-Nov-2018 15:20:36 CST pre-events
otsdaq_mu2e/otsdaq-mu2e/FEInterfaces/CFOFrontEndInterface_interface.cc [512]	CFO links OK = 0x1
%MSG
%MSG-i CFOFrontEndInterface:  Early 30-Nov-2018 15:26:06 CST pre-events
otsdaq_mu2e/otsdaq-mu2e/FEInterfaces/CFOFrontEndInterface_interface.cc [633]	 Looping back DTC0 ROC0
%MSG
%MSG-i CFOFrontEndInterface:  Early 30-Nov-2018 15:26:15 CST pre-events
otsdaq_mu2e/otsdaq-mu2e/FEInterfaces/CFOFrontEndInterface_interface.cc [633]	 Looping back DTC0 ROC1
%MSG
%MSG-i CFOFrontEndInterface:  Early 30-Nov-2018 15:26:24 CST pre-events
otsdaq_mu2e/otsdaq-mu2e/FEInterfaces/CFOFrontEndInterface_interface.cc [633]	 Looping back DTC1 ROC0
%MSG
%MSG-i CFOFrontEndInterface:  Early 30-Nov-2018 15:26:33 CST pre-events
otsdaq_mu2e/otsdaq-mu2e/FEInterfaces/CFOFrontEndInterface_interface.cc [633]	 Looping back DTC1 ROC1
%MSG
%MSG-i CFOFrontEndInterface:  Early 30-Nov-2018 15:26:38 CST pre-events
otsdaq_mu2e/otsdaq-mu2e/FEInterfaces/CFOFrontEndInterface_interface.cc [579]	-------------------------
%MSG
%MSG-i CFOFrontEndInterface:  Early 30-Nov-2018 15:26:38 CST pre-events
otsdaq_mu2e/otsdaq-mu2e/FEInterfaces/CFOFrontEndInterface_interface.cc [580]	FULL SYSTEM loopback DONE
%MSG
%MSG-i CFOFrontEndInterface:  Early 30-Nov-2018 15:26:38 CST pre-events
otsdaq_mu2e/otsdaq-mu2e/FEInterfaces/CFOFrontEndInterface_interface.cc [586]	chain 0 - DTC 0 - ROC 0 = 172.75
%MSG
%MSG-i CFOFrontEndInterface:  Early 30-Nov-2018 15:26:38 CST pre-events
otsdaq_mu2e/otsdaq-mu2e/FEInterfaces/CFOFrontEndInterface_interface.cc [586]	chain 0 - DTC 0 - ROC 1 = 96
%MSG
%MSG-i CFOFrontEndInterface:  Early 30-Nov-2018 15:26:38 CST pre-events
otsdaq_mu2e/otsdaq-mu2e/FEInterfaces/CFOFrontEndInterface_interface.cc [586]	chain 0 - DTC 1 - ROC 0 = 208.76
%MSG
%MSG-i CFOFrontEndInterface:  Early 30-Nov-2018 15:26:38 CST pre-events
otsdaq_mu2e/otsdaq-mu2e/FEInterfaces/CFOFrontEndInterface_interface.cc [586]	chain 0 - DTC 1 - ROC 1 = 141
%MSG
%MSG-i CFOFrontEndInterface:  Early 30-Nov-2018 15:26:38 CST pre-events
otsdaq_mu2e/otsdaq-mu2e/FEInterfaces/CFOFrontEndInterface_interface.cc [590]	-------------------------
%MSG
%MSG-d ots:  Early 30-Nov-2018 15:28:48 CST pre-events
otsdaq/otsdaq-core/WorkLoopManager/WorkLoop.cc [26]	Destroying WorkLoop: CFO0-SlowControls
%MSG
%MSG-d ots:  Early 30-Nov-2018 15:28:48 CST pre-events
otsdaq/otsdaq-core/WorkLoopManager/WorkLoop.cc [29]	Destroyed WorkLoop: CFO0-SlowControls
%MSG
%MSG-d ots:  Early 30-Nov-2018 15:28:48 CST pre-events
otsdaq/otsdaq-core/WorkLoopManager/WorkLoop.cc [26]	Destroying WorkLoop: CFO0
%MSG
%MSG-d ots:  Early 30-Nov-2018 15:28:48 CST pre-events
otsdaq/otsdaq-core/WorkLoopManager/WorkLoop.cc [29]	Destroyed WorkLoop: CFO0
%MSG
%MSG-i CFOFrontEndInterface:  Early 30-Nov-2018 15:28:58 CST pre-events
otsdaq_mu2e/otsdaq-mu2e/FEInterfaces/CFOFrontEndInterface_interface.cc [424]	Step 1: CFO reset clock...
%MSG
%MSG-i CFOFrontEndInterface:  Early 30-Nov-2018 15:29:39 CST pre-events
otsdaq_mu2e/otsdaq-mu2e/FEInterfaces/CFOFrontEndInterface_interface.cc [465]	Step 3: CFO reset TX...
%MSG
%MSG-i CFOFrontEndInterface:  Early 30-Nov-2018 15:29:59 CST pre-events
otsdaq_mu2e/otsdaq-mu2e/FEInterfaces/CFOFrontEndInterface_interface.cc [485]	Step 6: CFO enable Event start characters, SERDES Tx and Rx, and event window interval
%MSG
%MSG-i CFOFrontEndInterface:  Early 30-Nov-2018 15:30:02 CST pre-events
otsdaq_mu2e/otsdaq-mu2e/FEInterfaces/CFOFrontEndInterface_interface.cc [507]	--------------
%MSG
%MSG-i CFOFrontEndInterface:  Early 30-Nov-2018 15:30:02 CST pre-events
otsdaq_mu2e/otsdaq-mu2e/FEInterfaces/CFOFrontEndInterface_interface.cc [508]	CFO configured
%MSG
%MSG-i CFOFrontEndInterface:  Early 30-Nov-2018 15:30:02 CST pre-events
otsdaq_mu2e/otsdaq-mu2e/FEInterfaces/CFOFrontEndInterface_interface.cc [512]	CFO links OK = 0x1
%MSG
