%MSG-i configureMessageFacility:  CorePropertySupervisorBase  07-Dec-2018 17:29:03 CST pre-events configureMessageFacility.cc:286
Message Facility Application CorePropertySupervisorBase configured with: debugModules:["*"] destinations:{file:{append:false directory:"/home/mu2edaq/sync_demo/ots/srcs/otsdaq_mu2e/Data/Logs/CorePropertySupervisorBase" pattern:"CorePropertySupervisorBase-%?H%t-%p.log" seperator:"-" threshold:"DEBUG" timestamp_pattern:"%Y%m%d%H%M%S" type:"GenFile"} udp:{host:"192.168.157.6" port:30000 threshold:"DEBUG" type:"UDP"}}
%MSG
%MSG-i _TCPConnect:  CorePropertySupervisorBase 07-Dec-2018 17:29:03 CST  pre-events TCPConnect.cc:334
Resolving host 192.168.157.6, on port 30000
%MSG
%MSG-i _TCPConnect:  CorePropertySupervisorBase 07-Dec-2018 17:29:03 CST  pre-events TCPConnect.cc:241
Resolving ip mu2edaq05.fnal.gov
%MSG
%MSG-i configureMessageFacility:  RunControlStateMachine  07-Dec-2018 17:29:03 CST pre-events configureMessageFacility.cc:286
Message Facility Application RunControlStateMachine configured with: debugModules:["*"] destinations:{file:{append:false directory:"/home/mu2edaq/sync_demo/ots/srcs/otsdaq_mu2e/Data/Logs/RunControlStateMachine" pattern:"RunControlStateMachine-%?H%t-%p.log" seperator:"-" threshold:"DEBUG" timestamp_pattern:"%Y%m%d%H%M%S" type:"GenFile"} udp:{host:"192.168.157.6" port:30000 threshold:"DEBUG" type:"UDP"}}
%MSG
%MSG-i configureMessageFacility:  CoreSupervisorBase 07-Dec-2018 17:29:03 CST  pre-events configureMessageFacility.cc:286
Message Facility Application CoreSupervisorBase configured with: debugModules:["*"] destinations:{file:{append:false directory:"/home/mu2edaq/sync_demo/ots/srcs/otsdaq_mu2e/Data/Logs/CoreSupervisorBase" pattern:"CoreSupervisorBase-%?H%t-%p.log" seperator:"-" threshold:"DEBUG" timestamp_pattern:"%Y%m%d%H%M%S" type:"GenFile"} udp:{host:"192.168.157.6" port:30000 threshold:"DEBUG" type:"UDP"}}
%MSG
%MSG-i configureMessageFacility:  ROCCoreInterface 07-Dec-2018 17:29:18 CST  pre-events configureMessageFacility.cc:286
Message Facility Application ROCCoreInterface configured with: debugModules:["*"] destinations:{file:{append:false directory:"/home/mu2edaq/sync_demo/ots/srcs/otsdaq_mu2e/Data/Logs/ROCCoreInterface" pattern:"ROCCoreInterface-%?H%t-%p.log" seperator:"-" threshold:"DEBUG" timestamp_pattern:"%Y%m%d%H%M%S" type:"GenFile"} udp:{host:"192.168.157.6" port:30000 threshold:"DEBUG" type:"UDP"}}
%MSG
%MSG-i FE-ROCCoreInterface:  ROCCoreInterface-mu2edaq05-0  07-Dec-2018 17:29:18 CST pre-events
otsdaq_mu2e/otsdaq-mu2e/FEInterfaces/ROCCoreInterface_interface.cc [28]	ROCCoreInterface instantiated with link: 0 and EventWindowDelayOffset = 31
%MSG
%MSG-i DTCFrontEndInterface:  ROCCoreInterface-mu2edaq05-0  07-Dec-2018 17:29:18 CST pre-events
otsdaq_mu2e/otsdaq-mu2e/FEInterfaces/DTCFrontEndInterface_interface.cc [135]	DTCFrontEndInterface instantiated with name: DTC0 dtc_location_in_chain_ = 0 talking to /dev/mu2e0
%MSG
%MSG-i DTCFrontEndInterface:  ROCCoreInterface-mu2edaq05-0  07-Dec-2018 17:29:18 CST pre-events
otsdaq_mu2e/otsdaq-mu2e/FEInterfaces/DTCFrontEndInterface_interface.cc [636]	Step 0: DTC0 reset FPGA...
%MSG
%MSG-i DTCFrontEndInterface:  ROCCoreInterface-mu2edaq05-0  07-Dec-2018 17:29:34 CST pre-events
otsdaq_mu2e/otsdaq-mu2e/FEInterfaces/DTCFrontEndInterface_interface.cc [650]	Step 1: DTC0 reset clock...
%MSG
%MSG-i DTCFrontEndInterface:  ROCCoreInterface-mu2edaq05-0  07-Dec-2018 17:29:54 CST pre-events
otsdaq_mu2e/otsdaq-mu2e/FEInterfaces/DTCFrontEndInterface_interface.cc [689]	Step 2: DTC0 configure Jitter Attenuator...
%MSG
%MSG-i DTCFrontEndInterface:  ROCCoreInterface-mu2edaq05-0  07-Dec-2018 17:30:11 CST pre-events
otsdaq_mu2e/otsdaq-mu2e/FEInterfaces/DTCFrontEndInterface_interface.cc [759]	Step 4: DTC0 wait for links...
%MSG
%MSG-i DTCFrontEndInterface:  ROCCoreInterface-mu2edaq05-0  07-Dec-2018 17:30:21 CST pre-events
otsdaq_mu2e/otsdaq-mu2e/FEInterfaces/DTCFrontEndInterface_interface.cc [759]	Step 4: DTC0 wait for links...
%MSG
%MSG-i DTCFrontEndInterface:  ROCCoreInterface-mu2edaq05-0  07-Dec-2018 17:30:23 CST pre-events
otsdaq_mu2e/otsdaq-mu2e/FEInterfaces/DTCFrontEndInterface_interface.cc [767]	Step 5: DTC0 enable markers, Tx, Rx
%MSG
%MSG-i DTCFrontEndInterface:  ROCCoreInterface-mu2edaq05-0  07-Dec-2018 17:30:23 CST pre-events
otsdaq_mu2e/otsdaq-mu2e/FEInterfaces/DTCFrontEndInterface_interface.cc [783]	Step 5: DTC0 configure ROCs
%MSG
%MSG-i FE-ROCCoreInterface:  ROCCoreInterface-mu2edaq05-0  07-Dec-2018 17:30:23 CST pre-events
otsdaq_mu2e/otsdaq-mu2e/FEInterfaces/ROCCoreInterface_interface.cc [99]	......... Set delay = 31
%MSG
%MSG-i DTCFrontEndInterface:  ROCCoreInterface-mu2edaq05-0  07-Dec-2018 17:30:28 CST pre-events
otsdaq_mu2e/otsdaq-mu2e/FEInterfaces/DTCFrontEndInterface_interface.cc [791]	Step 6: DTC0 configured
%MSG
%MSG-i DTCFrontEndInterface:  ROCCoreInterface-mu2edaq05-0  07-Dec-2018 17:30:28 CST pre-events
otsdaq_mu2e/otsdaq-mu2e/FEInterfaces/DTCFrontEndInterface_interface.cc [795]	DTC0 links OK 0x43
%MSG
%MSG-d ots:  ROCCoreInterface-mu2edaq05-0 07-Dec-2018 17:31:12 CST pre-events
otsdaq/otsdaq-core/FECore/FEVInterfacesManager.cc [328]	Launching FE Macro 'ROC_Read' ...
%MSG
%MSG-d ots:  ROCCoreInterface-mu2edaq05-0 07-Dec-2018 17:31:28 CST pre-events
otsdaq/otsdaq-core/FECore/FEVInterfacesManager.cc [328]	Launching FE Macro 'ROC_Read' ...
%MSG
%MSG-d ots:  ROCCoreInterface-mu2edaq05-0 07-Dec-2018 17:31:35 CST pre-events
otsdaq/otsdaq-core/FECore/FEVInterfacesManager.cc [328]	Launching FE Macro 'ROC_Read' ...
%MSG
%MSG-d ots:  ROCCoreInterface-mu2edaq05-0 07-Dec-2018 17:31:41 CST pre-events
otsdaq/otsdaq-core/FECore/FEVInterfacesManager.cc [328]	Launching FE Macro 'ROC_Read' ...
%MSG
%MSG-d ots:  ROCCoreInterface-mu2edaq05-0 07-Dec-2018 17:31:50 CST pre-events
otsdaq/otsdaq-core/FECore/FEVInterfacesManager.cc [328]	Launching FE Macro 'ROC_Read' ...
%MSG
%MSG-d ots:  ROCCoreInterface-mu2edaq05-0 07-Dec-2018 17:31:56 CST pre-events
otsdaq/otsdaq-core/FECore/FEVInterfacesManager.cc [328]	Launching FE Macro 'ROC_Read' ...
%MSG
%MSG-d ots:  ROCCoreInterface-mu2edaq05-0 07-Dec-2018 17:32:03 CST pre-events
otsdaq/otsdaq-core/WorkLoopManager/WorkLoop.cc [26]	Destroying WorkLoop: DTC0_ROC0-SlowControls
%MSG
%MSG-d ots:  ROCCoreInterface-mu2edaq05-0 07-Dec-2018 17:32:03 CST pre-events
otsdaq/otsdaq-core/WorkLoopManager/WorkLoop.cc [29]	Destroyed WorkLoop: DTC0_ROC0-SlowControls
%MSG
%MSG-d ots:  ROCCoreInterface-mu2edaq05-0 07-Dec-2018 17:32:03 CST pre-events
otsdaq/otsdaq-core/WorkLoopManager/WorkLoop.cc [26]	Destroying WorkLoop: DTC0_ROC0
%MSG
%MSG-d ots:  ROCCoreInterface-mu2edaq05-0 07-Dec-2018 17:32:03 CST pre-events
otsdaq/otsdaq-core/WorkLoopManager/WorkLoop.cc [29]	Destroyed WorkLoop: DTC0_ROC0
%MSG
%MSG-d ots:  ROCCoreInterface-mu2edaq05-0 07-Dec-2018 17:32:03 CST pre-events
otsdaq/otsdaq-core/WorkLoopManager/WorkLoop.cc [26]	Destroying WorkLoop: DTC0-SlowControls
%MSG
%MSG-d ots:  ROCCoreInterface-mu2edaq05-0 07-Dec-2018 17:32:03 CST pre-events
otsdaq/otsdaq-core/WorkLoopManager/WorkLoop.cc [29]	Destroyed WorkLoop: DTC0-SlowControls
%MSG
%MSG-d ots:  ROCCoreInterface-mu2edaq05-0 07-Dec-2018 17:32:03 CST pre-events
otsdaq/otsdaq-core/WorkLoopManager/WorkLoop.cc [26]	Destroying WorkLoop: DTC0
%MSG
%MSG-d ots:  ROCCoreInterface-mu2edaq05-0 07-Dec-2018 17:32:03 CST pre-events
otsdaq/otsdaq-core/WorkLoopManager/WorkLoop.cc [29]	Destroyed WorkLoop: DTC0
%MSG
%MSG-i configureMessageFacility:  ROCCoreInterface 07-Dec-2018 17:32:06 CST  pre-events configureMessageFacility.cc:286
Message Facility Application ROCCoreInterface configured with: debugModules:["*"] destinations:{file:{append:false directory:"/home/mu2edaq/sync_demo/ots/srcs/otsdaq_mu2e/Data/Logs/ROCCoreInterface" pattern:"ROCCoreInterface-%?H%t-%p.log" seperator:"-" threshold:"DEBUG" timestamp_pattern:"%Y%m%d%H%M%S" type:"GenFile"} udp:{host:"192.168.157.6" port:30000 threshold:"DEBUG" type:"UDP"}}
%MSG
%MSG-i FE-ROCCoreInterface:  ROCCoreInterface-mu2edaq05-0  07-Dec-2018 17:32:06 CST pre-events
otsdaq_mu2e/otsdaq-mu2e/FEInterfaces/ROCCoreInterface_interface.cc [28]	ROCCoreInterface instantiated with link: 0 and EventWindowDelayOffset = 31
%MSG
%MSG-i DTCFrontEndInterface:  ROCCoreInterface-mu2edaq05-0  07-Dec-2018 17:32:06 CST pre-events
otsdaq_mu2e/otsdaq-mu2e/FEInterfaces/DTCFrontEndInterface_interface.cc [135]	DTCFrontEndInterface instantiated with name: DTC0 dtc_location_in_chain_ = 0 talking to /dev/mu2e0
%MSG
%MSG-i DTCFrontEndInterface:  ROCCoreInterface-mu2edaq05-0  07-Dec-2018 17:32:06 CST pre-events
otsdaq_mu2e/otsdaq-mu2e/FEInterfaces/DTCFrontEndInterface_interface.cc [636]	Step 0: DTC0 reset FPGA...
%MSG
%MSG-i DTCFrontEndInterface:  ROCCoreInterface-mu2edaq05-0  07-Dec-2018 17:32:22 CST pre-events
otsdaq_mu2e/otsdaq-mu2e/FEInterfaces/DTCFrontEndInterface_interface.cc [650]	Step 1: DTC0 reset clock...
%MSG
%MSG-i DTCFrontEndInterface:  ROCCoreInterface-mu2edaq05-0  07-Dec-2018 17:32:42 CST pre-events
otsdaq_mu2e/otsdaq-mu2e/FEInterfaces/DTCFrontEndInterface_interface.cc [689]	Step 2: DTC0 configure Jitter Attenuator...
%MSG
%MSG-i DTCFrontEndInterface:  ROCCoreInterface-mu2edaq05-0  07-Dec-2018 17:32:59 CST pre-events
otsdaq_mu2e/otsdaq-mu2e/FEInterfaces/DTCFrontEndInterface_interface.cc [759]	Step 4: DTC0 wait for links...
%MSG
%MSG-i DTCFrontEndInterface:  ROCCoreInterface-mu2edaq05-0  07-Dec-2018 17:33:09 CST pre-events
otsdaq_mu2e/otsdaq-mu2e/FEInterfaces/DTCFrontEndInterface_interface.cc [759]	Step 4: DTC0 wait for links...
%MSG
%MSG-i DTCFrontEndInterface:  ROCCoreInterface-mu2edaq05-0  07-Dec-2018 17:33:11 CST pre-events
otsdaq_mu2e/otsdaq-mu2e/FEInterfaces/DTCFrontEndInterface_interface.cc [767]	Step 5: DTC0 enable markers, Tx, Rx
%MSG
%MSG-i DTCFrontEndInterface:  ROCCoreInterface-mu2edaq05-0  07-Dec-2018 17:33:11 CST pre-events
otsdaq_mu2e/otsdaq-mu2e/FEInterfaces/DTCFrontEndInterface_interface.cc [783]	Step 5: DTC0 configure ROCs
%MSG
%MSG-i FE-ROCCoreInterface:  ROCCoreInterface-mu2edaq05-0  07-Dec-2018 17:33:11 CST pre-events
otsdaq_mu2e/otsdaq-mu2e/FEInterfaces/ROCCoreInterface_interface.cc [99]	......... Set delay = 31
%MSG
%MSG-i DTCFrontEndInterface:  ROCCoreInterface-mu2edaq05-0  07-Dec-2018 17:33:16 CST pre-events
otsdaq_mu2e/otsdaq-mu2e/FEInterfaces/DTCFrontEndInterface_interface.cc [791]	Step 6: DTC0 configured
%MSG
%MSG-i DTCFrontEndInterface:  ROCCoreInterface-mu2edaq05-0  07-Dec-2018 17:33:16 CST pre-events
otsdaq_mu2e/otsdaq-mu2e/FEInterfaces/DTCFrontEndInterface_interface.cc [795]	DTC0 links OK 0x43
%MSG
%MSG-d ots:  ROCCoreInterface-mu2edaq05-0 07-Dec-2018 17:33:24 CST pre-events
otsdaq/otsdaq-core/FECore/FEVInterfacesManager.cc [328]	Launching FE Macro 'ROC_Read' ...
%MSG
%MSG-d ots:  ROCCoreInterface-mu2edaq05-0 07-Dec-2018 17:33:31 CST pre-events
otsdaq/otsdaq-core/FECore/FEVInterfacesManager.cc [328]	Launching FE Macro 'ROC_Read' ...
%MSG
%MSG-d ots:  ROCCoreInterface-mu2edaq05-0 07-Dec-2018 17:33:38 CST pre-events
otsdaq/otsdaq-core/FECore/FEVInterfacesManager.cc [328]	Launching FE Macro 'ROC_Read' ...
%MSG
%MSG-d ots:  ROCCoreInterface-mu2edaq05-0 07-Dec-2018 17:33:46 CST pre-events
otsdaq/otsdaq-core/FECore/FEVInterfacesManager.cc [328]	Launching FE Macro 'ROC_Read' ...
%MSG
%MSG-d ots:  ROCCoreInterface-mu2edaq05-0 07-Dec-2018 17:34:30 CST pre-events
otsdaq/otsdaq-core/WorkLoopManager/WorkLoop.cc [26]	Destroying WorkLoop: DTC0_ROC0-SlowControls
%MSG
%MSG-d ots:  ROCCoreInterface-mu2edaq05-0 07-Dec-2018 17:34:30 CST pre-events
otsdaq/otsdaq-core/WorkLoopManager/WorkLoop.cc [29]	Destroyed WorkLoop: DTC0_ROC0-SlowControls
%MSG
%MSG-d ots:  ROCCoreInterface-mu2edaq05-0 07-Dec-2018 17:34:30 CST pre-events
otsdaq/otsdaq-core/WorkLoopManager/WorkLoop.cc [26]	Destroying WorkLoop: DTC0_ROC0
%MSG
%MSG-d ots:  ROCCoreInterface-mu2edaq05-0 07-Dec-2018 17:34:30 CST pre-events
otsdaq/otsdaq-core/WorkLoopManager/WorkLoop.cc [29]	Destroyed WorkLoop: DTC0_ROC0
%MSG
%MSG-d ots:  ROCCoreInterface-mu2edaq05-0 07-Dec-2018 17:34:30 CST pre-events
otsdaq/otsdaq-core/WorkLoopManager/WorkLoop.cc [26]	Destroying WorkLoop: DTC0-SlowControls
%MSG
%MSG-d ots:  ROCCoreInterface-mu2edaq05-0 07-Dec-2018 17:34:30 CST pre-events
otsdaq/otsdaq-core/WorkLoopManager/WorkLoop.cc [29]	Destroyed WorkLoop: DTC0-SlowControls
%MSG
%MSG-d ots:  ROCCoreInterface-mu2edaq05-0 07-Dec-2018 17:34:30 CST pre-events
otsdaq/otsdaq-core/WorkLoopManager/WorkLoop.cc [26]	Destroying WorkLoop: DTC0
%MSG
%MSG-d ots:  ROCCoreInterface-mu2edaq05-0 07-Dec-2018 17:34:30 CST pre-events
otsdaq/otsdaq-core/WorkLoopManager/WorkLoop.cc [29]	Destroyed WorkLoop: DTC0
%MSG
%MSG-i configureMessageFacility:  ROCCoreInterface 07-Dec-2018 17:34:34 CST  pre-events configureMessageFacility.cc:286
Message Facility Application ROCCoreInterface configured with: debugModules:["*"] destinations:{file:{append:false directory:"/home/mu2edaq/sync_demo/ots/srcs/otsdaq_mu2e/Data/Logs/ROCCoreInterface" pattern:"ROCCoreInterface-%?H%t-%p.log" seperator:"-" threshold:"DEBUG" timestamp_pattern:"%Y%m%d%H%M%S" type:"GenFile"} udp:{host:"192.168.157.6" port:30000 threshold:"DEBUG" type:"UDP"}}
%MSG
%MSG-i FE-ROCCoreInterface:  ROCCoreInterface-mu2edaq05-0  07-Dec-2018 17:34:34 CST pre-events
otsdaq_mu2e/otsdaq-mu2e/FEInterfaces/ROCCoreInterface_interface.cc [28]	ROCCoreInterface instantiated with link: 0 and EventWindowDelayOffset = 31
%MSG
%MSG-i DTCFrontEndInterface:  ROCCoreInterface-mu2edaq05-0  07-Dec-2018 17:34:34 CST pre-events
otsdaq_mu2e/otsdaq-mu2e/FEInterfaces/DTCFrontEndInterface_interface.cc [135]	DTCFrontEndInterface instantiated with name: DTC0 dtc_location_in_chain_ = 0 talking to /dev/mu2e0
%MSG
%MSG-i DTCFrontEndInterface:  ROCCoreInterface-mu2edaq05-0  07-Dec-2018 17:34:34 CST pre-events
otsdaq_mu2e/otsdaq-mu2e/FEInterfaces/DTCFrontEndInterface_interface.cc [636]	Step 0: DTC0 reset FPGA...
%MSG
%MSG-i DTCFrontEndInterface:  ROCCoreInterface-mu2edaq05-0  07-Dec-2018 17:34:50 CST pre-events
otsdaq_mu2e/otsdaq-mu2e/FEInterfaces/DTCFrontEndInterface_interface.cc [650]	Step 1: DTC0 reset clock...
%MSG
%MSG-i DTCFrontEndInterface:  ROCCoreInterface-mu2edaq05-0  07-Dec-2018 17:35:10 CST pre-events
otsdaq_mu2e/otsdaq-mu2e/FEInterfaces/DTCFrontEndInterface_interface.cc [689]	Step 2: DTC0 configure Jitter Attenuator...
%MSG
%MSG-i DTCFrontEndInterface:  ROCCoreInterface-mu2edaq05-0  07-Dec-2018 17:35:26 CST pre-events
otsdaq_mu2e/otsdaq-mu2e/FEInterfaces/DTCFrontEndInterface_interface.cc [759]	Step 4: DTC0 wait for links...
%MSG
%MSG-i DTCFrontEndInterface:  ROCCoreInterface-mu2edaq05-0  07-Dec-2018 17:35:37 CST pre-events
otsdaq_mu2e/otsdaq-mu2e/FEInterfaces/DTCFrontEndInterface_interface.cc [759]	Step 4: DTC0 wait for links...
%MSG
%MSG-i DTCFrontEndInterface:  ROCCoreInterface-mu2edaq05-0  07-Dec-2018 17:35:39 CST pre-events
otsdaq_mu2e/otsdaq-mu2e/FEInterfaces/DTCFrontEndInterface_interface.cc [767]	Step 5: DTC0 enable markers, Tx, Rx
%MSG
%MSG-i DTCFrontEndInterface:  ROCCoreInterface-mu2edaq05-0  07-Dec-2018 17:35:39 CST pre-events
otsdaq_mu2e/otsdaq-mu2e/FEInterfaces/DTCFrontEndInterface_interface.cc [783]	Step 5: DTC0 configure ROCs
%MSG
%MSG-i FE-ROCCoreInterface:  ROCCoreInterface-mu2edaq05-0  07-Dec-2018 17:35:39 CST pre-events
otsdaq_mu2e/otsdaq-mu2e/FEInterfaces/ROCCoreInterface_interface.cc [99]	......... Set delay = 31
%MSG
%MSG-i DTCFrontEndInterface:  ROCCoreInterface-mu2edaq05-0  07-Dec-2018 17:35:44 CST pre-events
otsdaq_mu2e/otsdaq-mu2e/FEInterfaces/DTCFrontEndInterface_interface.cc [791]	Step 6: DTC0 configured
%MSG
%MSG-i DTCFrontEndInterface:  ROCCoreInterface-mu2edaq05-0  07-Dec-2018 17:35:44 CST pre-events
otsdaq_mu2e/otsdaq-mu2e/FEInterfaces/DTCFrontEndInterface_interface.cc [795]	DTC0 links OK 0x43
%MSG
%MSG-d ots:  ROCCoreInterface-mu2edaq05-0 07-Dec-2018 17:35:53 CST pre-events
otsdaq/otsdaq-core/FECore/FEVInterfacesManager.cc [328]	Launching FE Macro 'ROC_Read' ...
%MSG
%MSG-d ots:  ROCCoreInterface-mu2edaq05-0 07-Dec-2018 17:36:00 CST pre-events
otsdaq/otsdaq-core/FECore/FEVInterfacesManager.cc [328]	Launching FE Macro 'ROC_Read' ...
%MSG
%MSG-d ots:  ROCCoreInterface-mu2edaq05-0 07-Dec-2018 17:36:07 CST pre-events
otsdaq/otsdaq-core/FECore/FEVInterfacesManager.cc [328]	Launching FE Macro 'ROC_Read' ...
%MSG
%MSG-d ots:  ROCCoreInterface-mu2edaq05-0 07-Dec-2018 17:36:14 CST pre-events
otsdaq/otsdaq-core/FECore/FEVInterfacesManager.cc [328]	Launching FE Macro 'ROC_Read' ...
%MSG
%MSG-d ots:  ROCCoreInterface-mu2edaq05-0 07-Dec-2018 17:36:19 CST pre-events
otsdaq/otsdaq-core/FECore/FEVInterfacesManager.cc [328]	Launching FE Macro 'ROC_Read' ...
%MSG
%MSG-d ots:  ROCCoreInterface-mu2edaq05-0 10-Dec-2018 10:48:04 CST pre-events
otsdaq/otsdaq-core/FECore/FEVInterfacesManager.cc [328]	Launching FE Macro 'ROC_Read' ...
%MSG
%MSG-d ots:  ROCCoreInterface-mu2edaq05-0 10-Dec-2018 10:49:35 CST pre-events
otsdaq/otsdaq-core/FECore/FEVInterfacesManager.cc [328]	Launching FE Macro 'ROC_Read' ...
%MSG
%MSG-d ots:  ROCCoreInterface-mu2edaq05-0 10-Dec-2018 10:49:39 CST pre-events
otsdaq/otsdaq-core/FECore/FEVInterfacesManager.cc [328]	Launching FE Macro 'ROC_Read' ...
%MSG
%MSG-d ots:  ROCCoreInterface-mu2edaq05-0 10-Dec-2018 10:49:39 CST pre-events
otsdaq/otsdaq-core/FECore/FEVInterfacesManager.cc [328]	Launching FE Macro 'ROC_Read' ...
%MSG
%MSG-d ots:  ROCCoreInterface-mu2edaq05-0 10-Dec-2018 10:50:21 CST pre-events
otsdaq/otsdaq-core/WorkLoopManager/WorkLoop.cc [26]	Destroying WorkLoop: DTC0_ROC0-SlowControls
%MSG
%MSG-d ots:  ROCCoreInterface-mu2edaq05-0 10-Dec-2018 10:50:21 CST pre-events
otsdaq/otsdaq-core/WorkLoopManager/WorkLoop.cc [29]	Destroyed WorkLoop: DTC0_ROC0-SlowControls
%MSG
%MSG-d ots:  ROCCoreInterface-mu2edaq05-0 10-Dec-2018 10:50:21 CST pre-events
otsdaq/otsdaq-core/WorkLoopManager/WorkLoop.cc [26]	Destroying WorkLoop: DTC0_ROC0
%MSG
%MSG-d ots:  ROCCoreInterface-mu2edaq05-0 10-Dec-2018 10:50:21 CST pre-events
otsdaq/otsdaq-core/WorkLoopManager/WorkLoop.cc [29]	Destroyed WorkLoop: DTC0_ROC0
%MSG
%MSG-d ots:  ROCCoreInterface-mu2edaq05-0 10-Dec-2018 10:50:21 CST pre-events
otsdaq/otsdaq-core/WorkLoopManager/WorkLoop.cc [26]	Destroying WorkLoop: DTC0-SlowControls
%MSG
%MSG-d ots:  ROCCoreInterface-mu2edaq05-0 10-Dec-2018 10:50:21 CST pre-events
otsdaq/otsdaq-core/WorkLoopManager/WorkLoop.cc [29]	Destroyed WorkLoop: DTC0-SlowControls
%MSG
%MSG-d ots:  ROCCoreInterface-mu2edaq05-0 10-Dec-2018 10:50:21 CST pre-events
otsdaq/otsdaq-core/WorkLoopManager/WorkLoop.cc [26]	Destroying WorkLoop: DTC0
%MSG
%MSG-d ots:  ROCCoreInterface-mu2edaq05-0 10-Dec-2018 10:50:21 CST pre-events
otsdaq/otsdaq-core/WorkLoopManager/WorkLoop.cc [29]	Destroyed WorkLoop: DTC0
%MSG
%MSG-i configureMessageFacility:  ROCCoreInterface 10-Dec-2018 10:50:24 CST  pre-events configureMessageFacility.cc:286
Message Facility Application ROCCoreInterface configured with: debugModules:["*"] destinations:{file:{append:false directory:"/home/mu2edaq/sync_demo/ots/srcs/otsdaq_mu2e/Data/Logs/ROCCoreInterface" pattern:"ROCCoreInterface-%?H%t-%p.log" seperator:"-" threshold:"DEBUG" timestamp_pattern:"%Y%m%d%H%M%S" type:"GenFile"} udp:{host:"192.168.157.6" port:30000 threshold:"DEBUG" type:"UDP"}}
%MSG
%MSG-i FE-ROCCoreInterface:  ROCCoreInterface-mu2edaq05-0  10-Dec-2018 10:50:24 CST pre-events
otsdaq_mu2e/otsdaq-mu2e/FEInterfaces/ROCCoreInterface_interface.cc [28]	ROCCoreInterface instantiated with link: 0 and EventWindowDelayOffset = 31
%MSG
%MSG-i DTCFrontEndInterface:  ROCCoreInterface-mu2edaq05-0  10-Dec-2018 10:50:24 CST pre-events
otsdaq_mu2e/otsdaq-mu2e/FEInterfaces/DTCFrontEndInterface_interface.cc [135]	DTCFrontEndInterface instantiated with name: DTC0 dtc_location_in_chain_ = 0 talking to /dev/mu2e0
%MSG
%MSG-i DTCFrontEndInterface:  ROCCoreInterface-mu2edaq05-0  10-Dec-2018 10:50:24 CST pre-events
otsdaq_mu2e/otsdaq-mu2e/FEInterfaces/DTCFrontEndInterface_interface.cc [636]	Step 0: DTC0 reset FPGA...
%MSG
%MSG-i DTCFrontEndInterface:  ROCCoreInterface-mu2edaq05-0  10-Dec-2018 10:50:40 CST pre-events
otsdaq_mu2e/otsdaq-mu2e/FEInterfaces/DTCFrontEndInterface_interface.cc [650]	Step 1: DTC0 reset clock...
%MSG
%MSG-i DTCFrontEndInterface:  ROCCoreInterface-mu2edaq05-0  10-Dec-2018 10:51:00 CST pre-events
otsdaq_mu2e/otsdaq-mu2e/FEInterfaces/DTCFrontEndInterface_interface.cc [689]	Step 2: DTC0 configure Jitter Attenuator...
%MSG
%MSG-i DTCFrontEndInterface:  ROCCoreInterface-mu2edaq05-0  10-Dec-2018 10:51:17 CST pre-events
otsdaq_mu2e/otsdaq-mu2e/FEInterfaces/DTCFrontEndInterface_interface.cc [759]	Step 4: DTC0 wait for links...
%MSG
%MSG-i DTCFrontEndInterface:  ROCCoreInterface-mu2edaq05-0  10-Dec-2018 10:51:27 CST pre-events
otsdaq_mu2e/otsdaq-mu2e/FEInterfaces/DTCFrontEndInterface_interface.cc [759]	Step 4: DTC0 wait for links...
%MSG
%MSG-i DTCFrontEndInterface:  ROCCoreInterface-mu2edaq05-0  10-Dec-2018 10:51:29 CST pre-events
otsdaq_mu2e/otsdaq-mu2e/FEInterfaces/DTCFrontEndInterface_interface.cc [767]	Step 5: DTC0 enable markers, Tx, Rx
%MSG
%MSG-i DTCFrontEndInterface:  ROCCoreInterface-mu2edaq05-0  10-Dec-2018 10:51:29 CST pre-events
otsdaq_mu2e/otsdaq-mu2e/FEInterfaces/DTCFrontEndInterface_interface.cc [783]	Step 5: DTC0 configure ROCs
%MSG
%MSG-i FE-ROCCoreInterface:  ROCCoreInterface-mu2edaq05-0  10-Dec-2018 10:51:29 CST pre-events
otsdaq_mu2e/otsdaq-mu2e/FEInterfaces/ROCCoreInterface_interface.cc [99]	......... Set delay = 31
%MSG
%MSG-i DTCFrontEndInterface:  ROCCoreInterface-mu2edaq05-0  10-Dec-2018 10:51:34 CST pre-events
otsdaq_mu2e/otsdaq-mu2e/FEInterfaces/DTCFrontEndInterface_interface.cc [791]	Step 6: DTC0 configured
%MSG
%MSG-i DTCFrontEndInterface:  ROCCoreInterface-mu2edaq05-0  10-Dec-2018 10:51:34 CST pre-events
otsdaq_mu2e/otsdaq-mu2e/FEInterfaces/DTCFrontEndInterface_interface.cc [795]	DTC0 links OK 0x43
%MSG
%MSG-d ots:  ROCCoreInterface-mu2edaq05-0 10-Dec-2018 11:10:07 CST pre-events
otsdaq/otsdaq-core/FECore/FEVInterfacesManager.cc [328]	Launching FE Macro 'ROC_Read' ...
%MSG
%MSG-d ots:  ROCCoreInterface-mu2edaq05-0 10-Dec-2018 11:10:09 CST pre-events
otsdaq/otsdaq-core/FECore/FEVInterfacesManager.cc [328]	Launching FE Macro 'ROC_Read' ...
%MSG
%MSG-d ots:  ROCCoreInterface-mu2edaq05-0 10-Dec-2018 11:11:07 CST pre-events
otsdaq/otsdaq-core/FECore/FEVInterfacesManager.cc [328]	Launching FE Macro 'ROC_Read' ...
%MSG
%MSG-d ots:  ROCCoreInterface-mu2edaq05-0 10-Dec-2018 11:11:18 CST pre-events
otsdaq/otsdaq-core/FECore/FEVInterfacesManager.cc [328]	Launching FE Macro 'ROC_Read' ...
%MSG
%MSG-d ots:  ROCCoreInterface-mu2edaq05-0 10-Dec-2018 11:11:22 CST pre-events
otsdaq/otsdaq-core/FECore/FEVInterfacesManager.cc [328]	Launching FE Macro 'ROC_Read' ...
%MSG
%MSG-d ots:  ROCCoreInterface-mu2edaq05-0 10-Dec-2018 11:23:42 CST pre-events
otsdaq/otsdaq-core/FECore/FEVInterfacesManager.cc [328]	Launching FE Macro 'ROC_Read' ...
%MSG
%MSG-d ots:  ROCCoreInterface-mu2edaq05-0 10-Dec-2018 11:23:54 CST pre-events
otsdaq/otsdaq-core/FECore/FEVInterfacesManager.cc [328]	Launching FE Macro 'ROC_Read' ...
%MSG
%MSG-d ots:  ROCCoreInterface-mu2edaq05-0 10-Dec-2018 13:39:59 CST pre-events
otsdaq/otsdaq-core/WorkLoopManager/WorkLoop.cc [26]	Destroying WorkLoop: DTC0_ROC0-SlowControls
%MSG
%MSG-d ots:  ROCCoreInterface-mu2edaq05-0 10-Dec-2018 13:39:59 CST pre-events
otsdaq/otsdaq-core/WorkLoopManager/WorkLoop.cc [29]	Destroyed WorkLoop: DTC0_ROC0-SlowControls
%MSG
%MSG-d ots:  ROCCoreInterface-mu2edaq05-0 10-Dec-2018 13:39:59 CST pre-events
otsdaq/otsdaq-core/WorkLoopManager/WorkLoop.cc [26]	Destroying WorkLoop: DTC0_ROC0
%MSG
%MSG-d ots:  ROCCoreInterface-mu2edaq05-0 10-Dec-2018 13:39:59 CST pre-events
otsdaq/otsdaq-core/WorkLoopManager/WorkLoop.cc [29]	Destroyed WorkLoop: DTC0_ROC0
%MSG
%MSG-d ots:  ROCCoreInterface-mu2edaq05-0 10-Dec-2018 13:39:59 CST pre-events
otsdaq/otsdaq-core/WorkLoopManager/WorkLoop.cc [26]	Destroying WorkLoop: DTC0-SlowControls
%MSG
%MSG-d ots:  ROCCoreInterface-mu2edaq05-0 10-Dec-2018 13:39:59 CST pre-events
otsdaq/otsdaq-core/WorkLoopManager/WorkLoop.cc [29]	Destroyed WorkLoop: DTC0-SlowControls
%MSG
%MSG-d ots:  ROCCoreInterface-mu2edaq05-0 10-Dec-2018 13:39:59 CST pre-events
otsdaq/otsdaq-core/WorkLoopManager/WorkLoop.cc [26]	Destroying WorkLoop: DTC0
%MSG
%MSG-d ots:  ROCCoreInterface-mu2edaq05-0 10-Dec-2018 13:39:59 CST pre-events
otsdaq/otsdaq-core/WorkLoopManager/WorkLoop.cc [29]	Destroyed WorkLoop: DTC0
%MSG
%MSG-i configureMessageFacility:  ROCCoreInterface 10-Dec-2018 13:40:02 CST  pre-events configureMessageFacility.cc:286
Message Facility Application ROCCoreInterface configured with: debugModules:["*"] destinations:{file:{append:false directory:"/home/mu2edaq/sync_demo/ots/srcs/otsdaq_mu2e/Data/Logs/ROCCoreInterface" pattern:"ROCCoreInterface-%?H%t-%p.log" seperator:"-" threshold:"DEBUG" timestamp_pattern:"%Y%m%d%H%M%S" type:"GenFile"} udp:{host:"192.168.157.6" port:30000 threshold:"DEBUG" type:"UDP"}}
%MSG
%MSG-i FE-ROCCoreInterface:  ROCCoreInterface-mu2edaq05-0  10-Dec-2018 13:40:02 CST pre-events
otsdaq_mu2e/otsdaq-mu2e/FEInterfaces/ROCCoreInterface_interface.cc [28]	ROCCoreInterface instantiated with link: 0 and EventWindowDelayOffset = 31
%MSG
%MSG-i DTCFrontEndInterface:  ROCCoreInterface-mu2edaq05-0  10-Dec-2018 13:40:02 CST pre-events
otsdaq_mu2e/otsdaq-mu2e/FEInterfaces/DTCFrontEndInterface_interface.cc [135]	DTCFrontEndInterface instantiated with name: DTC0 dtc_location_in_chain_ = 0 talking to /dev/mu2e0
%MSG
%MSG-i DTCFrontEndInterface:  ROCCoreInterface-mu2edaq05-0  10-Dec-2018 13:40:02 CST pre-events
otsdaq_mu2e/otsdaq-mu2e/FEInterfaces/DTCFrontEndInterface_interface.cc [636]	Step 0: DTC0 reset FPGA...
%MSG
%MSG-i DTCFrontEndInterface:  ROCCoreInterface-mu2edaq05-0  10-Dec-2018 13:40:19 CST pre-events
otsdaq_mu2e/otsdaq-mu2e/FEInterfaces/DTCFrontEndInterface_interface.cc [650]	Step 1: DTC0 reset clock...
%MSG
%MSG-i DTCFrontEndInterface:  ROCCoreInterface-mu2edaq05-0  10-Dec-2018 13:40:39 CST pre-events
otsdaq_mu2e/otsdaq-mu2e/FEInterfaces/DTCFrontEndInterface_interface.cc [689]	Step 2: DTC0 configure Jitter Attenuator...
%MSG
%MSG-i DTCFrontEndInterface:  ROCCoreInterface-mu2edaq05-0  10-Dec-2018 13:40:55 CST pre-events
otsdaq_mu2e/otsdaq-mu2e/FEInterfaces/DTCFrontEndInterface_interface.cc [759]	Step 4: DTC0 wait for links...
%MSG
%MSG-i DTCFrontEndInterface:  ROCCoreInterface-mu2edaq05-0  10-Dec-2018 13:41:05 CST pre-events
otsdaq_mu2e/otsdaq-mu2e/FEInterfaces/DTCFrontEndInterface_interface.cc [759]	Step 4: DTC0 wait for links...
%MSG
%MSG-i DTCFrontEndInterface:  ROCCoreInterface-mu2edaq05-0  10-Dec-2018 13:41:07 CST pre-events
otsdaq_mu2e/otsdaq-mu2e/FEInterfaces/DTCFrontEndInterface_interface.cc [767]	Step 5: DTC0 enable markers, Tx, Rx
%MSG
%MSG-i DTCFrontEndInterface:  ROCCoreInterface-mu2edaq05-0  10-Dec-2018 13:41:07 CST pre-events
otsdaq_mu2e/otsdaq-mu2e/FEInterfaces/DTCFrontEndInterface_interface.cc [783]	Step 5: DTC0 configure ROCs
%MSG
%MSG-i FE-ROCCoreInterface:  ROCCoreInterface-mu2edaq05-0  10-Dec-2018 13:41:07 CST pre-events
otsdaq_mu2e/otsdaq-mu2e/FEInterfaces/ROCCoreInterface_interface.cc [99]	......... Set delay = 31
%MSG
%MSG-i DTCFrontEndInterface:  ROCCoreInterface-mu2edaq05-0  10-Dec-2018 13:41:13 CST pre-events
otsdaq_mu2e/otsdaq-mu2e/FEInterfaces/DTCFrontEndInterface_interface.cc [791]	Step 6: DTC0 configured
%MSG
%MSG-i DTCFrontEndInterface:  ROCCoreInterface-mu2edaq05-0  10-Dec-2018 13:41:13 CST pre-events
otsdaq_mu2e/otsdaq-mu2e/FEInterfaces/DTCFrontEndInterface_interface.cc [795]	DTC0 links OK 0x43
%MSG
%MSG-d ots:  ROCCoreInterface-mu2edaq05-0 10-Dec-2018 14:40:55 CST pre-events
otsdaq/otsdaq-core/WorkLoopManager/WorkLoop.cc [26]	Destroying WorkLoop: DTC0_ROC0-SlowControls
%MSG
%MSG-d ots:  ROCCoreInterface-mu2edaq05-0 10-Dec-2018 14:40:55 CST pre-events
otsdaq/otsdaq-core/WorkLoopManager/WorkLoop.cc [29]	Destroyed WorkLoop: DTC0_ROC0-SlowControls
%MSG
%MSG-d ots:  ROCCoreInterface-mu2edaq05-0 10-Dec-2018 14:40:55 CST pre-events
otsdaq/otsdaq-core/WorkLoopManager/WorkLoop.cc [26]	Destroying WorkLoop: DTC0_ROC0
%MSG
%MSG-d ots:  ROCCoreInterface-mu2edaq05-0 10-Dec-2018 14:40:55 CST pre-events
otsdaq/otsdaq-core/WorkLoopManager/WorkLoop.cc [29]	Destroyed WorkLoop: DTC0_ROC0
%MSG
%MSG-d ots:  ROCCoreInterface-mu2edaq05-0 10-Dec-2018 14:40:55 CST pre-events
otsdaq/otsdaq-core/WorkLoopManager/WorkLoop.cc [26]	Destroying WorkLoop: DTC0-SlowControls
%MSG
%MSG-d ots:  ROCCoreInterface-mu2edaq05-0 10-Dec-2018 14:40:55 CST pre-events
otsdaq/otsdaq-core/WorkLoopManager/WorkLoop.cc [29]	Destroyed WorkLoop: DTC0-SlowControls
%MSG
%MSG-d ots:  ROCCoreInterface-mu2edaq05-0 10-Dec-2018 14:40:55 CST pre-events
otsdaq/otsdaq-core/WorkLoopManager/WorkLoop.cc [26]	Destroying WorkLoop: DTC0
%MSG
%MSG-d ots:  ROCCoreInterface-mu2edaq05-0 10-Dec-2018 14:40:55 CST pre-events
otsdaq/otsdaq-core/WorkLoopManager/WorkLoop.cc [29]	Destroyed WorkLoop: DTC0
%MSG
%MSG-i configureMessageFacility:  ROCCoreInterface 10-Dec-2018 14:41:21 CST  pre-events configureMessageFacility.cc:286
Message Facility Application ROCCoreInterface configured with: debugModules:["*"] destinations:{file:{append:false directory:"/home/mu2edaq/sync_demo/ots/srcs/otsdaq_mu2e/Data/Logs/ROCCoreInterface" pattern:"ROCCoreInterface-%?H%t-%p.log" seperator:"-" threshold:"DEBUG" timestamp_pattern:"%Y%m%d%H%M%S" type:"GenFile"} udp:{host:"192.168.157.6" port:30000 threshold:"DEBUG" type:"UDP"}}
%MSG
%MSG-i FE-ROCCoreInterface:  ROCCoreInterface-mu2edaq05-0  10-Dec-2018 14:41:21 CST pre-events
otsdaq_mu2e/otsdaq-mu2e/FEInterfaces/ROCCoreInterface_interface.cc [28]	ROCCoreInterface instantiated with link: 0 and EventWindowDelayOffset = 31
%MSG
%MSG-i DTCFrontEndInterface:  ROCCoreInterface-mu2edaq05-0  10-Dec-2018 14:41:21 CST pre-events
otsdaq_mu2e/otsdaq-mu2e/FEInterfaces/DTCFrontEndInterface_interface.cc [135]	DTCFrontEndInterface instantiated with name: DTC0 dtc_location_in_chain_ = 0 talking to /dev/mu2e0
%MSG
%MSG-i DTCFrontEndInterface:  ROCCoreInterface-mu2edaq05-0  10-Dec-2018 14:41:21 CST pre-events
otsdaq_mu2e/otsdaq-mu2e/FEInterfaces/DTCFrontEndInterface_interface.cc [636]	Step 0: DTC0 reset FPGA...
%MSG
%MSG-i DTCFrontEndInterface:  ROCCoreInterface-mu2edaq05-0  10-Dec-2018 14:41:37 CST pre-events
otsdaq_mu2e/otsdaq-mu2e/FEInterfaces/DTCFrontEndInterface_interface.cc [650]	Step 1: DTC0 reset clock...
%MSG
%MSG-i DTCFrontEndInterface:  ROCCoreInterface-mu2edaq05-0  10-Dec-2018 14:41:57 CST pre-events
otsdaq_mu2e/otsdaq-mu2e/FEInterfaces/DTCFrontEndInterface_interface.cc [689]	Step 2: DTC0 configure Jitter Attenuator...
%MSG
%MSG-i DTCFrontEndInterface:  ROCCoreInterface-mu2edaq05-0  10-Dec-2018 14:42:13 CST pre-events
otsdaq_mu2e/otsdaq-mu2e/FEInterfaces/DTCFrontEndInterface_interface.cc [759]	Step 4: DTC0 wait for links...
%MSG
%MSG-i DTCFrontEndInterface:  ROCCoreInterface-mu2edaq05-0  10-Dec-2018 14:42:23 CST pre-events
otsdaq_mu2e/otsdaq-mu2e/FEInterfaces/DTCFrontEndInterface_interface.cc [759]	Step 4: DTC0 wait for links...
%MSG
%MSG-i DTCFrontEndInterface:  ROCCoreInterface-mu2edaq05-0  10-Dec-2018 14:42:26 CST pre-events
otsdaq_mu2e/otsdaq-mu2e/FEInterfaces/DTCFrontEndInterface_interface.cc [767]	Step 5: DTC0 enable markers, Tx, Rx
%MSG
%MSG-i DTCFrontEndInterface:  ROCCoreInterface-mu2edaq05-0  10-Dec-2018 14:42:26 CST pre-events
otsdaq_mu2e/otsdaq-mu2e/FEInterfaces/DTCFrontEndInterface_interface.cc [783]	Step 5: DTC0 configure ROCs
%MSG
%MSG-i FE-ROCCoreInterface:  ROCCoreInterface-mu2edaq05-0  10-Dec-2018 14:42:26 CST pre-events
otsdaq_mu2e/otsdaq-mu2e/FEInterfaces/ROCCoreInterface_interface.cc [99]	......... Set delay = 31
%MSG
%MSG-i DTCFrontEndInterface:  ROCCoreInterface-mu2edaq05-0  10-Dec-2018 14:42:31 CST pre-events
otsdaq_mu2e/otsdaq-mu2e/FEInterfaces/DTCFrontEndInterface_interface.cc [791]	Step 6: DTC0 configured
%MSG
%MSG-i DTCFrontEndInterface:  ROCCoreInterface-mu2edaq05-0  10-Dec-2018 14:42:31 CST pre-events
otsdaq_mu2e/otsdaq-mu2e/FEInterfaces/DTCFrontEndInterface_interface.cc [795]	DTC0 links OK 0x43
%MSG
%MSG-d ots:  ROCCoreInterface-mu2edaq05-0 10-Dec-2018 14:57:09 CST pre-events
otsdaq/otsdaq-core/FECore/FEVInterfacesManager.cc [328]	Launching FE Macro 'ROC_Read' ...
%MSG
%MSG-d ots:  ROCCoreInterface-mu2edaq05-0 10-Dec-2018 14:57:21 CST pre-events
otsdaq/otsdaq-core/FECore/FEVInterfacesManager.cc [328]	Launching FE Macro 'ROC_Write' ...
%MSG
%MSG-d ots:  ROCCoreInterface-mu2edaq05-0 10-Dec-2018 14:57:23 CST pre-events
otsdaq/otsdaq-core/FECore/FEVInterfacesManager.cc [328]	Launching FE Macro 'ROC_Read' ...
%MSG
%MSG-d ots:  ROCCoreInterface-mu2edaq05-0 10-Dec-2018 14:57:24 CST pre-events
otsdaq/otsdaq-core/FECore/FEVInterfacesManager.cc [328]	Launching FE Macro 'ROC_Read' ...
%MSG
%MSG-d ots:  ROCCoreInterface-mu2edaq05-0 10-Dec-2018 15:00:16 CST pre-events
otsdaq/otsdaq-core/WorkLoopManager/WorkLoop.cc [26]	Destroying WorkLoop: DTC0_ROC0-SlowControls
%MSG
%MSG-d ots:  ROCCoreInterface-mu2edaq05-0 10-Dec-2018 15:00:16 CST pre-events
otsdaq/otsdaq-core/WorkLoopManager/WorkLoop.cc [29]	Destroyed WorkLoop: DTC0_ROC0-SlowControls
%MSG
%MSG-d ots:  ROCCoreInterface-mu2edaq05-0 10-Dec-2018 15:00:16 CST pre-events
otsdaq/otsdaq-core/WorkLoopManager/WorkLoop.cc [26]	Destroying WorkLoop: DTC0_ROC0
%MSG
%MSG-d ots:  ROCCoreInterface-mu2edaq05-0 10-Dec-2018 15:00:16 CST pre-events
otsdaq/otsdaq-core/WorkLoopManager/WorkLoop.cc [29]	Destroyed WorkLoop: DTC0_ROC0
%MSG
%MSG-d ots:  ROCCoreInterface-mu2edaq05-0 10-Dec-2018 15:00:16 CST pre-events
otsdaq/otsdaq-core/WorkLoopManager/WorkLoop.cc [26]	Destroying WorkLoop: DTC0-SlowControls
%MSG
%MSG-d ots:  ROCCoreInterface-mu2edaq05-0 10-Dec-2018 15:00:16 CST pre-events
otsdaq/otsdaq-core/WorkLoopManager/WorkLoop.cc [29]	Destroyed WorkLoop: DTC0-SlowControls
%MSG
%MSG-d ots:  ROCCoreInterface-mu2edaq05-0 10-Dec-2018 15:00:16 CST pre-events
otsdaq/otsdaq-core/WorkLoopManager/WorkLoop.cc [26]	Destroying WorkLoop: DTC0
%MSG
%MSG-d ots:  ROCCoreInterface-mu2edaq05-0 10-Dec-2018 15:00:16 CST pre-events
otsdaq/otsdaq-core/WorkLoopManager/WorkLoop.cc [29]	Destroyed WorkLoop: DTC0
%MSG
%MSG-i configureMessageFacility:  ROCCoreInterface 10-Dec-2018 15:00:20 CST  pre-events configureMessageFacility.cc:286
Message Facility Application ROCCoreInterface configured with: debugModules:["*"] destinations:{file:{append:false directory:"/home/mu2edaq/sync_demo/ots/srcs/otsdaq_mu2e/Data/Logs/ROCCoreInterface" pattern:"ROCCoreInterface-%?H%t-%p.log" seperator:"-" threshold:"DEBUG" timestamp_pattern:"%Y%m%d%H%M%S" type:"GenFile"} udp:{host:"192.168.157.6" port:30000 threshold:"DEBUG" type:"UDP"}}
%MSG
%MSG-i FE-ROCCoreInterface:  ROCCoreInterface-mu2edaq05-0  10-Dec-2018 15:00:20 CST pre-events
otsdaq_mu2e/otsdaq-mu2e/FEInterfaces/ROCCoreInterface_interface.cc [28]	ROCCoreInterface instantiated with link: 0 and EventWindowDelayOffset = 31
%MSG
%MSG-i DTCFrontEndInterface:  ROCCoreInterface-mu2edaq05-0  10-Dec-2018 15:00:20 CST pre-events
otsdaq_mu2e/otsdaq-mu2e/FEInterfaces/DTCFrontEndInterface_interface.cc [135]	DTCFrontEndInterface instantiated with name: DTC0 dtc_location_in_chain_ = 0 talking to /dev/mu2e0
%MSG
%MSG-i DTCFrontEndInterface:  ROCCoreInterface-mu2edaq05-0  10-Dec-2018 15:00:20 CST pre-events
otsdaq_mu2e/otsdaq-mu2e/FEInterfaces/DTCFrontEndInterface_interface.cc [636]	Step 0: DTC0 reset FPGA...
%MSG
%MSG-i DTCFrontEndInterface:  ROCCoreInterface-mu2edaq05-0  10-Dec-2018 15:00:36 CST pre-events
otsdaq_mu2e/otsdaq-mu2e/FEInterfaces/DTCFrontEndInterface_interface.cc [650]	Step 1: DTC0 reset clock...
%MSG
%MSG-i DTCFrontEndInterface:  ROCCoreInterface-mu2edaq05-0  10-Dec-2018 15:00:56 CST pre-events
otsdaq_mu2e/otsdaq-mu2e/FEInterfaces/DTCFrontEndInterface_interface.cc [689]	Step 2: DTC0 configure Jitter Attenuator...
%MSG
%MSG-i DTCFrontEndInterface:  ROCCoreInterface-mu2edaq05-0  10-Dec-2018 15:01:13 CST pre-events
otsdaq_mu2e/otsdaq-mu2e/FEInterfaces/DTCFrontEndInterface_interface.cc [759]	Step 4: DTC0 wait for links...
%MSG
%MSG-i DTCFrontEndInterface:  ROCCoreInterface-mu2edaq05-0  10-Dec-2018 15:01:23 CST pre-events
otsdaq_mu2e/otsdaq-mu2e/FEInterfaces/DTCFrontEndInterface_interface.cc [759]	Step 4: DTC0 wait for links...
%MSG
%MSG-i DTCFrontEndInterface:  ROCCoreInterface-mu2edaq05-0  10-Dec-2018 15:01:25 CST pre-events
otsdaq_mu2e/otsdaq-mu2e/FEInterfaces/DTCFrontEndInterface_interface.cc [767]	Step 5: DTC0 enable markers, Tx, Rx
%MSG
%MSG-i DTCFrontEndInterface:  ROCCoreInterface-mu2edaq05-0  10-Dec-2018 15:01:25 CST pre-events
otsdaq_mu2e/otsdaq-mu2e/FEInterfaces/DTCFrontEndInterface_interface.cc [783]	Step 5: DTC0 configure ROCs
%MSG
%MSG-i FE-ROCCoreInterface:  ROCCoreInterface-mu2edaq05-0  10-Dec-2018 15:01:25 CST pre-events
otsdaq_mu2e/otsdaq-mu2e/FEInterfaces/ROCCoreInterface_interface.cc [99]	......... Set delay = 31
%MSG
%MSG-i DTCFrontEndInterface:  ROCCoreInterface-mu2edaq05-0  10-Dec-2018 15:01:30 CST pre-events
otsdaq_mu2e/otsdaq-mu2e/FEInterfaces/DTCFrontEndInterface_interface.cc [791]	Step 6: DTC0 configured
%MSG
%MSG-i DTCFrontEndInterface:  ROCCoreInterface-mu2edaq05-0  10-Dec-2018 15:01:30 CST pre-events
otsdaq_mu2e/otsdaq-mu2e/FEInterfaces/DTCFrontEndInterface_interface.cc [795]	DTC0 links OK 0x43
%MSG
%MSG-d ots:  ROCCoreInterface-mu2edaq05-0 10-Dec-2018 15:01:45 CST pre-events
otsdaq/otsdaq-core/FECore/FEVInterfacesManager.cc [328]	Launching FE Macro 'ROC_Read' ...
%MSG
%MSG-d ots:  ROCCoreInterface-mu2edaq05-0 10-Dec-2018 15:02:54 CST pre-events
otsdaq/otsdaq-core/FECore/FEVInterfacesManager.cc [328]	Launching FE Macro 'ROC_Read' ...
%MSG
%MSG-d ots:  ROCCoreInterface-mu2edaq05-0 10-Dec-2018 15:02:55 CST pre-events
otsdaq/otsdaq-core/FECore/FEVInterfacesManager.cc [328]	Launching FE Macro 'ROC_Read' ...
%MSG
%MSG-d ots:  ROCCoreInterface-mu2edaq05-0 10-Dec-2018 15:03:00 CST pre-events
otsdaq/otsdaq-core/WorkLoopManager/WorkLoop.cc [26]	Destroying WorkLoop: DTC0_ROC0-SlowControls
%MSG
%MSG-d ots:  ROCCoreInterface-mu2edaq05-0 10-Dec-2018 15:03:00 CST pre-events
otsdaq/otsdaq-core/WorkLoopManager/WorkLoop.cc [29]	Destroyed WorkLoop: DTC0_ROC0-SlowControls
%MSG
%MSG-d ots:  ROCCoreInterface-mu2edaq05-0 10-Dec-2018 15:03:00 CST pre-events
otsdaq/otsdaq-core/WorkLoopManager/WorkLoop.cc [26]	Destroying WorkLoop: DTC0_ROC0
%MSG
%MSG-d ots:  ROCCoreInterface-mu2edaq05-0 10-Dec-2018 15:03:00 CST pre-events
otsdaq/otsdaq-core/WorkLoopManager/WorkLoop.cc [29]	Destroyed WorkLoop: DTC0_ROC0
%MSG
%MSG-d ots:  ROCCoreInterface-mu2edaq05-0 10-Dec-2018 15:03:00 CST pre-events
otsdaq/otsdaq-core/WorkLoopManager/WorkLoop.cc [26]	Destroying WorkLoop: DTC0-SlowControls
%MSG
%MSG-d ots:  ROCCoreInterface-mu2edaq05-0 10-Dec-2018 15:03:00 CST pre-events
otsdaq/otsdaq-core/WorkLoopManager/WorkLoop.cc [29]	Destroyed WorkLoop: DTC0-SlowControls
%MSG
%MSG-d ots:  ROCCoreInterface-mu2edaq05-0 10-Dec-2018 15:03:00 CST pre-events
otsdaq/otsdaq-core/WorkLoopManager/WorkLoop.cc [26]	Destroying WorkLoop: DTC0
%MSG
%MSG-d ots:  ROCCoreInterface-mu2edaq05-0 10-Dec-2018 15:03:00 CST pre-events
otsdaq/otsdaq-core/WorkLoopManager/WorkLoop.cc [29]	Destroyed WorkLoop: DTC0
%MSG
%MSG-i configureMessageFacility:  ROCCoreInterface 10-Dec-2018 15:03:03 CST  pre-events configureMessageFacility.cc:286
Message Facility Application ROCCoreInterface configured with: debugModules:["*"] destinations:{file:{append:false directory:"/home/mu2edaq/sync_demo/ots/srcs/otsdaq_mu2e/Data/Logs/ROCCoreInterface" pattern:"ROCCoreInterface-%?H%t-%p.log" seperator:"-" threshold:"DEBUG" timestamp_pattern:"%Y%m%d%H%M%S" type:"GenFile"} udp:{host:"192.168.157.6" port:30000 threshold:"DEBUG" type:"UDP"}}
%MSG
%MSG-i FE-ROCCoreInterface:  ROCCoreInterface-mu2edaq05-0  10-Dec-2018 15:03:03 CST pre-events
otsdaq_mu2e/otsdaq-mu2e/FEInterfaces/ROCCoreInterface_interface.cc [28]	ROCCoreInterface instantiated with link: 0 and EventWindowDelayOffset = 31
%MSG
%MSG-i DTCFrontEndInterface:  ROCCoreInterface-mu2edaq05-0  10-Dec-2018 15:03:03 CST pre-events
otsdaq_mu2e/otsdaq-mu2e/FEInterfaces/DTCFrontEndInterface_interface.cc [135]	DTCFrontEndInterface instantiated with name: DTC0 dtc_location_in_chain_ = 0 talking to /dev/mu2e0
%MSG
%MSG-i DTCFrontEndInterface:  ROCCoreInterface-mu2edaq05-0  10-Dec-2018 15:03:03 CST pre-events
otsdaq_mu2e/otsdaq-mu2e/FEInterfaces/DTCFrontEndInterface_interface.cc [636]	Step 0: DTC0 reset FPGA...
%MSG
%MSG-i DTCFrontEndInterface:  ROCCoreInterface-mu2edaq05-0  10-Dec-2018 15:03:19 CST pre-events
otsdaq_mu2e/otsdaq-mu2e/FEInterfaces/DTCFrontEndInterface_interface.cc [650]	Step 1: DTC0 reset clock...
%MSG
%MSG-i DTCFrontEndInterface:  ROCCoreInterface-mu2edaq05-0  10-Dec-2018 15:03:39 CST pre-events
otsdaq_mu2e/otsdaq-mu2e/FEInterfaces/DTCFrontEndInterface_interface.cc [689]	Step 2: DTC0 configure Jitter Attenuator...
%MSG
%MSG-i DTCFrontEndInterface:  ROCCoreInterface-mu2edaq05-0  10-Dec-2018 15:03:56 CST pre-events
otsdaq_mu2e/otsdaq-mu2e/FEInterfaces/DTCFrontEndInterface_interface.cc [759]	Step 4: DTC0 wait for links...
%MSG
%MSG-i DTCFrontEndInterface:  ROCCoreInterface-mu2edaq05-0  10-Dec-2018 15:04:06 CST pre-events
otsdaq_mu2e/otsdaq-mu2e/FEInterfaces/DTCFrontEndInterface_interface.cc [759]	Step 4: DTC0 wait for links...
%MSG
%MSG-i DTCFrontEndInterface:  ROCCoreInterface-mu2edaq05-0  10-Dec-2018 15:04:08 CST pre-events
otsdaq_mu2e/otsdaq-mu2e/FEInterfaces/DTCFrontEndInterface_interface.cc [767]	Step 5: DTC0 enable markers, Tx, Rx
%MSG
%MSG-i DTCFrontEndInterface:  ROCCoreInterface-mu2edaq05-0  10-Dec-2018 15:04:08 CST pre-events
otsdaq_mu2e/otsdaq-mu2e/FEInterfaces/DTCFrontEndInterface_interface.cc [783]	Step 5: DTC0 configure ROCs
%MSG
%MSG-d ots:  ROCCoreInterface-mu2edaq05-0 10-Dec-2018 15:04:09 CST pre-events
otsdaq/otsdaq-core/WorkLoopManager/WorkLoop.cc [26]	Destroying WorkLoop: DTC0_ROC0-SlowControls
%MSG
%MSG-d ots:  ROCCoreInterface-mu2edaq05-0 10-Dec-2018 15:04:09 CST pre-events
otsdaq/otsdaq-core/WorkLoopManager/WorkLoop.cc [29]	Destroyed WorkLoop: DTC0_ROC0-SlowControls
%MSG
%MSG-d ots:  ROCCoreInterface-mu2edaq05-0 10-Dec-2018 15:04:09 CST pre-events
otsdaq/otsdaq-core/WorkLoopManager/WorkLoop.cc [26]	Destroying WorkLoop: DTC0_ROC0
%MSG
%MSG-d ots:  ROCCoreInterface-mu2edaq05-0 10-Dec-2018 15:04:09 CST pre-events
otsdaq/otsdaq-core/WorkLoopManager/WorkLoop.cc [29]	Destroyed WorkLoop: DTC0_ROC0
%MSG
%MSG-d ots:  ROCCoreInterface-mu2edaq05-0 10-Dec-2018 15:04:09 CST pre-events
otsdaq/otsdaq-core/WorkLoopManager/WorkLoop.cc [26]	Destroying WorkLoop: DTC0-SlowControls
%MSG
%MSG-d ots:  ROCCoreInterface-mu2edaq05-0 10-Dec-2018 15:04:09 CST pre-events
otsdaq/otsdaq-core/WorkLoopManager/WorkLoop.cc [29]	Destroyed WorkLoop: DTC0-SlowControls
%MSG
%MSG-d ots:  ROCCoreInterface-mu2edaq05-0 10-Dec-2018 15:04:09 CST pre-events
otsdaq/otsdaq-core/WorkLoopManager/WorkLoop.cc [26]	Destroying WorkLoop: DTC0
%MSG
%MSG-d ots:  ROCCoreInterface-mu2edaq05-0 10-Dec-2018 15:04:09 CST pre-events
otsdaq/otsdaq-core/WorkLoopManager/WorkLoop.cc [29]	Destroyed WorkLoop: DTC0
%MSG
