%MSG-i configureMessageFacility:  CorePropertySupervisorBase  14-Dec-2018 11:31:07 CST pre-events configureMessageFacility.cc:286
Message Facility Application CorePropertySupervisorBase configured with: debugModules:["*"] destinations:{file:{append:false directory:"/home/mu2edaq/sync_demo/ots/srcs/otsdaq_mu2e/Data/Logs/CorePropertySupervisorBase" pattern:"CorePropertySupervisorBase-%?H%t-%p.log" seperator:"-" threshold:"DEBUG" timestamp_pattern:"%Y%m%d%H%M%S" type:"GenFile"}}
%MSG
%MSG-i configureMessageFacility:  RunControlStateMachine  14-Dec-2018 11:31:08 CST pre-events configureMessageFacility.cc:286
Message Facility Application RunControlStateMachine configured with: debugModules:["*"] destinations:{file:{append:false directory:"/home/mu2edaq/sync_demo/ots/srcs/otsdaq_mu2e/Data/Logs/RunControlStateMachine" pattern:"RunControlStateMachine-%?H%t-%p.log" seperator:"-" threshold:"DEBUG" timestamp_pattern:"%Y%m%d%H%M%S" type:"GenFile"}}
%MSG
%MSG-i configureMessageFacility:  CoreSupervisorBase 14-Dec-2018 11:31:08 CST  pre-events configureMessageFacility.cc:286
Message Facility Application CoreSupervisorBase configured with: debugModules:["*"] destinations:{file:{append:false directory:"/home/mu2edaq/sync_demo/ots/srcs/otsdaq_mu2e/Data/Logs/CoreSupervisorBase" pattern:"CoreSupervisorBase-%?H%t-%p.log" seperator:"-" threshold:"DEBUG" timestamp_pattern:"%Y%m%d%H%M%S" type:"GenFile"}}
%MSG
%MSG-d ots:  Early 14-Dec-2018 11:32:54 CST pre-events
otsdaq/otsdaq-core/WorkLoopManager/WorkLoop.cc [26]	Destroying WorkLoop: CAPTAN0-SlowControls
%MSG
%MSG-d ots:  Early 14-Dec-2018 11:32:54 CST pre-events
otsdaq/otsdaq-core/WorkLoopManager/WorkLoop.cc [29]	Destroyed WorkLoop: CAPTAN0-SlowControls
%MSG
%MSG-d ots:  Early 14-Dec-2018 11:32:54 CST pre-events
otsdaq/otsdaq-core/WorkLoopManager/WorkLoop.cc [26]	Destroying WorkLoop: CAPTAN0
%MSG
%MSG-d ots:  Early 14-Dec-2018 11:32:54 CST pre-events
otsdaq/otsdaq-core/WorkLoopManager/WorkLoop.cc [29]	Destroyed WorkLoop: CAPTAN0
%MSG
%MSG-d ots:  Early 14-Dec-2018 11:35:24 CST pre-events
otsdaq/otsdaq-core/WorkLoopManager/WorkLoop.cc [26]	Destroying WorkLoop: CAPTAN0-SlowControls
%MSG
%MSG-d ots:  Early 14-Dec-2018 11:35:24 CST pre-events
otsdaq/otsdaq-core/WorkLoopManager/WorkLoop.cc [29]	Destroyed WorkLoop: CAPTAN0-SlowControls
%MSG
%MSG-d ots:  Early 14-Dec-2018 11:35:24 CST pre-events
otsdaq/otsdaq-core/WorkLoopManager/WorkLoop.cc [26]	Destroying WorkLoop: CAPTAN0
%MSG
%MSG-d ots:  Early 14-Dec-2018 11:35:24 CST pre-events
otsdaq/otsdaq-core/WorkLoopManager/WorkLoop.cc [29]	Destroyed WorkLoop: CAPTAN0
%MSG
%MSG-d ots:  Early 14-Dec-2018 12:58:21 CST pre-events
otsdaq/otsdaq-core/WorkLoopManager/WorkLoop.cc [26]	Destroying WorkLoop: CAPTAN0-SlowControls
%MSG
%MSG-d ots:  Early 14-Dec-2018 12:58:21 CST pre-events
otsdaq/otsdaq-core/WorkLoopManager/WorkLoop.cc [29]	Destroyed WorkLoop: CAPTAN0-SlowControls
%MSG
%MSG-d ots:  Early 14-Dec-2018 12:58:21 CST pre-events
otsdaq/otsdaq-core/WorkLoopManager/WorkLoop.cc [26]	Destroying WorkLoop: CAPTAN0
%MSG
%MSG-d ots:  Early 14-Dec-2018 12:58:21 CST pre-events
otsdaq/otsdaq-core/WorkLoopManager/WorkLoop.cc [29]	Destroyed WorkLoop: CAPTAN0
%MSG
%MSG-d ots:  Early 14-Dec-2018 13:03:28 CST pre-events
otsdaq/otsdaq-core/WorkLoopManager/WorkLoop.cc [26]	Destroying WorkLoop: CAPTAN0-SlowControls
%MSG
%MSG-d ots:  Early 14-Dec-2018 13:03:28 CST pre-events
otsdaq/otsdaq-core/WorkLoopManager/WorkLoop.cc [29]	Destroyed WorkLoop: CAPTAN0-SlowControls
%MSG
%MSG-d ots:  Early 14-Dec-2018 13:03:28 CST pre-events
otsdaq/otsdaq-core/WorkLoopManager/WorkLoop.cc [26]	Destroying WorkLoop: CAPTAN0
%MSG
%MSG-d ots:  Early 14-Dec-2018 13:03:28 CST pre-events
otsdaq/otsdaq-core/WorkLoopManager/WorkLoop.cc [29]	Destroyed WorkLoop: CAPTAN0
%MSG
%MSG-d ots:  Early 14-Dec-2018 13:04:23 CST pre-events
otsdaq/otsdaq-core/WorkLoopManager/WorkLoop.cc [26]	Destroying WorkLoop: CAPTAN0-SlowControls
%MSG
%MSG-d ots:  Early 14-Dec-2018 13:04:23 CST pre-events
otsdaq/otsdaq-core/WorkLoopManager/WorkLoop.cc [29]	Destroyed WorkLoop: CAPTAN0-SlowControls
%MSG
%MSG-d ots:  Early 14-Dec-2018 13:04:23 CST pre-events
otsdaq/otsdaq-core/WorkLoopManager/WorkLoop.cc [26]	Destroying WorkLoop: CAPTAN0
%MSG
%MSG-d ots:  Early 14-Dec-2018 13:04:23 CST pre-events
otsdaq/otsdaq-core/WorkLoopManager/WorkLoop.cc [29]	Destroyed WorkLoop: CAPTAN0
%MSG
%MSG-d ots:  Early 14-Dec-2018 13:07:18 CST pre-events
otsdaq/otsdaq-core/WorkLoopManager/WorkLoop.cc [26]	Destroying WorkLoop: CAPTAN0-SlowControls
%MSG
%MSG-d ots:  Early 14-Dec-2018 13:07:18 CST pre-events
otsdaq/otsdaq-core/WorkLoopManager/WorkLoop.cc [29]	Destroyed WorkLoop: CAPTAN0-SlowControls
%MSG
%MSG-d ots:  Early 14-Dec-2018 13:07:18 CST pre-events
otsdaq/otsdaq-core/WorkLoopManager/WorkLoop.cc [26]	Destroying WorkLoop: CAPTAN0
%MSG
%MSG-d ots:  Early 14-Dec-2018 13:07:18 CST pre-events
otsdaq/otsdaq-core/WorkLoopManager/WorkLoop.cc [29]	Destroyed WorkLoop: CAPTAN0
%MSG
%MSG-d ots:  Early 14-Dec-2018 14:15:11 CST pre-events
otsdaq/otsdaq-core/WorkLoopManager/WorkLoop.cc [26]	Destroying WorkLoop: CAPTAN0-SlowControls
%MSG
%MSG-d ots:  Early 14-Dec-2018 14:15:11 CST pre-events
otsdaq/otsdaq-core/WorkLoopManager/WorkLoop.cc [29]	Destroyed WorkLoop: CAPTAN0-SlowControls
%MSG
%MSG-d ots:  Early 14-Dec-2018 14:15:11 CST pre-events
otsdaq/otsdaq-core/WorkLoopManager/WorkLoop.cc [26]	Destroying WorkLoop: CAPTAN0
%MSG
%MSG-d ots:  Early 14-Dec-2018 14:15:11 CST pre-events
otsdaq/otsdaq-core/WorkLoopManager/WorkLoop.cc [29]	Destroyed WorkLoop: CAPTAN0
%MSG
%MSG-d ots:  Early 14-Dec-2018 14:18:21 CST pre-events
otsdaq/otsdaq-core/WorkLoopManager/WorkLoop.cc [26]	Destroying WorkLoop: CAPTAN0-SlowControls
%MSG
%MSG-d ots:  Early 14-Dec-2018 14:18:21 CST pre-events
otsdaq/otsdaq-core/WorkLoopManager/WorkLoop.cc [29]	Destroyed WorkLoop: CAPTAN0-SlowControls
%MSG
%MSG-d ots:  Early 14-Dec-2018 14:18:21 CST pre-events
otsdaq/otsdaq-core/WorkLoopManager/WorkLoop.cc [26]	Destroying WorkLoop: CAPTAN0
%MSG
%MSG-d ots:  Early 14-Dec-2018 14:18:21 CST pre-events
otsdaq/otsdaq-core/WorkLoopManager/WorkLoop.cc [29]	Destroyed WorkLoop: CAPTAN0
%MSG
%MSG-d ots:  Early 14-Dec-2018 15:09:16 CST pre-events
otsdaq/otsdaq-core/WorkLoopManager/WorkLoop.cc [26]	Destroying WorkLoop: CAPTAN0-SlowControls
%MSG
%MSG-d ots:  Early 14-Dec-2018 15:09:16 CST pre-events
otsdaq/otsdaq-core/WorkLoopManager/WorkLoop.cc [29]	Destroyed WorkLoop: CAPTAN0-SlowControls
%MSG
%MSG-d ots:  Early 14-Dec-2018 15:09:16 CST pre-events
otsdaq/otsdaq-core/WorkLoopManager/WorkLoop.cc [26]	Destroying WorkLoop: CAPTAN0
%MSG
%MSG-d ots:  Early 14-Dec-2018 15:09:16 CST pre-events
otsdaq/otsdaq-core/WorkLoopManager/WorkLoop.cc [29]	Destroyed WorkLoop: CAPTAN0
%MSG
%MSG-d ots:  Early 14-Dec-2018 15:10:36 CST pre-events
otsdaq/otsdaq-core/WorkLoopManager/WorkLoop.cc [26]	Destroying WorkLoop: CAPTAN0-SlowControls
%MSG
%MSG-d ots:  Early 14-Dec-2018 15:10:36 CST pre-events
otsdaq/otsdaq-core/WorkLoopManager/WorkLoop.cc [29]	Destroyed WorkLoop: CAPTAN0-SlowControls
%MSG
%MSG-d ots:  Early 14-Dec-2018 15:10:36 CST pre-events
otsdaq/otsdaq-core/WorkLoopManager/WorkLoop.cc [26]	Destroying WorkLoop: CAPTAN0
%MSG
%MSG-d ots:  Early 14-Dec-2018 15:10:36 CST pre-events
otsdaq/otsdaq-core/WorkLoopManager/WorkLoop.cc [29]	Destroyed WorkLoop: CAPTAN0
%MSG
%MSG-d ots:  Early 14-Dec-2018 15:55:06 CST pre-events
otsdaq/otsdaq-core/WorkLoopManager/WorkLoop.cc [26]	Destroying WorkLoop: CAPTAN0-SlowControls
%MSG
%MSG-d ots:  Early 14-Dec-2018 15:55:06 CST pre-events
otsdaq/otsdaq-core/WorkLoopManager/WorkLoop.cc [29]	Destroyed WorkLoop: CAPTAN0-SlowControls
%MSG
%MSG-d ots:  Early 14-Dec-2018 15:55:06 CST pre-events
otsdaq/otsdaq-core/WorkLoopManager/WorkLoop.cc [26]	Destroying WorkLoop: CAPTAN0
%MSG
%MSG-d ots:  Early 14-Dec-2018 15:55:06 CST pre-events
otsdaq/otsdaq-core/WorkLoopManager/WorkLoop.cc [29]	Destroyed WorkLoop: CAPTAN0
%MSG
%MSG-d ots:  Early 14-Dec-2018 16:20:38 CST pre-events
otsdaq/otsdaq-core/WorkLoopManager/WorkLoop.cc [26]	Destroying WorkLoop: CAPTAN0-SlowControls
%MSG
%MSG-d ots:  Early 14-Dec-2018 16:20:38 CST pre-events
otsdaq/otsdaq-core/WorkLoopManager/WorkLoop.cc [29]	Destroyed WorkLoop: CAPTAN0-SlowControls
%MSG
%MSG-d ots:  Early 14-Dec-2018 16:20:38 CST pre-events
otsdaq/otsdaq-core/WorkLoopManager/WorkLoop.cc [26]	Destroying WorkLoop: CAPTAN0
%MSG
%MSG-d ots:  Early 14-Dec-2018 16:20:38 CST pre-events
otsdaq/otsdaq-core/WorkLoopManager/WorkLoop.cc [29]	Destroyed WorkLoop: CAPTAN0
%MSG
%MSG-d ots:  Early 14-Dec-2018 16:23:46 CST pre-events
otsdaq/otsdaq-core/WorkLoopManager/WorkLoop.cc [26]	Destroying WorkLoop: CAPTAN0-SlowControls
%MSG
%MSG-d ots:  Early 14-Dec-2018 16:23:46 CST pre-events
otsdaq/otsdaq-core/WorkLoopManager/WorkLoop.cc [29]	Destroyed WorkLoop: CAPTAN0-SlowControls
%MSG
%MSG-d ots:  Early 14-Dec-2018 16:23:46 CST pre-events
otsdaq/otsdaq-core/WorkLoopManager/WorkLoop.cc [26]	Destroying WorkLoop: CAPTAN0
%MSG
%MSG-d ots:  Early 14-Dec-2018 16:23:46 CST pre-events
otsdaq/otsdaq-core/WorkLoopManager/WorkLoop.cc [29]	Destroyed WorkLoop: CAPTAN0
%MSG
%MSG-d ots:  Early 14-Dec-2018 16:26:01 CST pre-events
otsdaq/otsdaq-core/WorkLoopManager/WorkLoop.cc [26]	Destroying WorkLoop: CAPTAN0-SlowControls
%MSG
%MSG-d ots:  Early 14-Dec-2018 16:26:01 CST pre-events
otsdaq/otsdaq-core/WorkLoopManager/WorkLoop.cc [29]	Destroyed WorkLoop: CAPTAN0-SlowControls
%MSG
%MSG-d ots:  Early 14-Dec-2018 16:26:01 CST pre-events
otsdaq/otsdaq-core/WorkLoopManager/WorkLoop.cc [26]	Destroying WorkLoop: CAPTAN0
%MSG
%MSG-d ots:  Early 14-Dec-2018 16:26:01 CST pre-events
otsdaq/otsdaq-core/WorkLoopManager/WorkLoop.cc [29]	Destroyed WorkLoop: CAPTAN0
%MSG
