%MSG-i configureMessageFacility:  CorePropertySupervisorBase  14-Nov-2018 11:08:40 CST pre-events configureMessageFacility.cc:286
Message Facility Application CorePropertySupervisorBase configured with: debugModules:["*"] destinations:{file:{append:false directory:"/home/mu2edaq/sync_demo/ots/srcs/otsdaq_mu2e/Data/Logs/CorePropertySupervisorBase" pattern:"CorePropertySupervisorBase-%?H%t-%p.log" seperator:"-" threshold:"DEBUG" timestamp_pattern:"%Y%m%d%H%M%S" type:"GenFile"} udp:{host:"192.168.157.6" port:30000 threshold:"DEBUG" type:"UDP"}}
%MSG
%MSG-i _TCPConnect:  CorePropertySupervisorBase 14-Nov-2018 11:08:40 CST  pre-events TCPConnect.cc:334
Resolving host 192.168.157.6, on port 30000
%MSG
%MSG-i _TCPConnect:  CorePropertySupervisorBase 14-Nov-2018 11:08:40 CST  pre-events TCPConnect.cc:241
Resolving ip mu2edaq04.fnal.gov
%MSG
%MSG-i configureMessageFacility:  RunControlStateMachine  14-Nov-2018 11:08:41 CST pre-events configureMessageFacility.cc:286
Message Facility Application RunControlStateMachine configured with: debugModules:["*"] destinations:{file:{append:false directory:"/home/mu2edaq/sync_demo/ots/srcs/otsdaq_mu2e/Data/Logs/RunControlStateMachine" pattern:"RunControlStateMachine-%?H%t-%p.log" seperator:"-" threshold:"DEBUG" timestamp_pattern:"%Y%m%d%H%M%S" type:"GenFile"} udp:{host:"192.168.157.6" port:30000 threshold:"DEBUG" type:"UDP"}}
%MSG
%MSG-i configureMessageFacility:  CoreSupervisorBase 14-Nov-2018 11:08:41 CST  pre-events configureMessageFacility.cc:286
Message Facility Application CoreSupervisorBase configured with: debugModules:["*"] destinations:{file:{append:false directory:"/home/mu2edaq/sync_demo/ots/srcs/otsdaq_mu2e/Data/Logs/CoreSupervisorBase" pattern:"CoreSupervisorBase-%?H%t-%p.log" seperator:"-" threshold:"DEBUG" timestamp_pattern:"%Y%m%d%H%M%S" type:"GenFile"} udp:{host:"192.168.157.6" port:30000 threshold:"DEBUG" type:"UDP"}}
%MSG
%MSG-i CFOFrontEndInterface:  Early 14-Nov-2018 11:09:41 CST pre-events
otsdaq_mu2e/otsdaq-mu2e/FEInterfaces/CFOFrontEndInterface_interface.cc [422]	CFO reset clock...
%MSG
%MSG-i CFOFrontEndInterface:  Early 14-Nov-2018 11:10:22 CST pre-events
otsdaq_mu2e/otsdaq-mu2e/FEInterfaces/CFOFrontEndInterface_interface.cc [464]	CFO reset TX...
%MSG
%MSG-i CFOFrontEndInterface:  Early 14-Nov-2018 11:10:43 CST pre-events
otsdaq_mu2e/otsdaq-mu2e/FEInterfaces/CFOFrontEndInterface_interface.cc [505]	--------------
%MSG
%MSG-i CFOFrontEndInterface:  Early 14-Nov-2018 11:10:43 CST pre-events
otsdaq_mu2e/otsdaq-mu2e/FEInterfaces/CFOFrontEndInterface_interface.cc [506]	CFO configured
%MSG
%MSG-i CFOFrontEndInterface:  Early 14-Nov-2018 11:10:43 CST pre-events
otsdaq_mu2e/otsdaq-mu2e/FEInterfaces/CFOFrontEndInterface_interface.cc [510]	CFO links OK = 0x1
%MSG
%MSG-d ots:  Early 14-Nov-2018 11:11:25 CST pre-events
otsdaq/otsdaq-core/WorkLoopManager/WorkLoop.cc [26]	Destroying WorkLoop: CFO0-SlowControls
%MSG
%MSG-d ots:  Early 14-Nov-2018 11:11:25 CST pre-events
otsdaq/otsdaq-core/WorkLoopManager/WorkLoop.cc [29]	Destroyed WorkLoop: CFO0-SlowControls
%MSG
%MSG-d ots:  Early 14-Nov-2018 11:11:25 CST pre-events
otsdaq/otsdaq-core/WorkLoopManager/WorkLoop.cc [26]	Destroying WorkLoop: CFO0
%MSG
%MSG-d ots:  Early 14-Nov-2018 11:11:25 CST pre-events
otsdaq/otsdaq-core/WorkLoopManager/WorkLoop.cc [29]	Destroyed WorkLoop: CFO0
%MSG
%MSG-i CFOFrontEndInterface:  Early 14-Nov-2018 11:11:35 CST pre-events
otsdaq_mu2e/otsdaq-mu2e/FEInterfaces/CFOFrontEndInterface_interface.cc [422]	CFO reset clock...
%MSG
%MSG-i CFOFrontEndInterface:  Early 14-Nov-2018 11:12:16 CST pre-events
otsdaq_mu2e/otsdaq-mu2e/FEInterfaces/CFOFrontEndInterface_interface.cc [464]	CFO reset TX...
%MSG
%MSG-i CFOFrontEndInterface:  Early 14-Nov-2018 11:12:37 CST pre-events
otsdaq_mu2e/otsdaq-mu2e/FEInterfaces/CFOFrontEndInterface_interface.cc [505]	--------------
%MSG
%MSG-i CFOFrontEndInterface:  Early 14-Nov-2018 11:12:37 CST pre-events
otsdaq_mu2e/otsdaq-mu2e/FEInterfaces/CFOFrontEndInterface_interface.cc [506]	CFO configured
%MSG
%MSG-i CFOFrontEndInterface:  Early 14-Nov-2018 11:12:37 CST pre-events
otsdaq_mu2e/otsdaq-mu2e/FEInterfaces/CFOFrontEndInterface_interface.cc [510]	CFO links OK = 0x1
%MSG
%MSG-d ots:  Early 14-Nov-2018 11:33:40 CST pre-events
otsdaq/otsdaq-core/WorkLoopManager/WorkLoop.cc [26]	Destroying WorkLoop: CFO0-SlowControls
%MSG
%MSG-d ots:  Early 14-Nov-2018 11:33:40 CST pre-events
otsdaq/otsdaq-core/WorkLoopManager/WorkLoop.cc [29]	Destroyed WorkLoop: CFO0-SlowControls
%MSG
%MSG-d ots:  Early 14-Nov-2018 11:33:40 CST pre-events
otsdaq/otsdaq-core/WorkLoopManager/WorkLoop.cc [26]	Destroying WorkLoop: CFO0
%MSG
%MSG-d ots:  Early 14-Nov-2018 11:33:40 CST pre-events
otsdaq/otsdaq-core/WorkLoopManager/WorkLoop.cc [29]	Destroyed WorkLoop: CFO0
%MSG
%MSG-i CFOFrontEndInterface:  Early 14-Nov-2018 11:33:49 CST pre-events
otsdaq_mu2e/otsdaq-mu2e/FEInterfaces/CFOFrontEndInterface_interface.cc [422]	CFO reset clock...
%MSG
%MSG-i CFOFrontEndInterface:  Early 14-Nov-2018 11:34:29 CST pre-events
otsdaq_mu2e/otsdaq-mu2e/FEInterfaces/CFOFrontEndInterface_interface.cc [464]	CFO reset TX...
%MSG
%MSG-i CFOFrontEndInterface:  Early 14-Nov-2018 11:34:50 CST pre-events
otsdaq_mu2e/otsdaq-mu2e/FEInterfaces/CFOFrontEndInterface_interface.cc [505]	--------------
%MSG
%MSG-i CFOFrontEndInterface:  Early 14-Nov-2018 11:34:50 CST pre-events
otsdaq_mu2e/otsdaq-mu2e/FEInterfaces/CFOFrontEndInterface_interface.cc [506]	CFO configured
%MSG
%MSG-i CFOFrontEndInterface:  Early 14-Nov-2018 11:34:50 CST pre-events
otsdaq_mu2e/otsdaq-mu2e/FEInterfaces/CFOFrontEndInterface_interface.cc [510]	CFO links OK = 0x1
%MSG
%MSG-d ots:  Early 14-Nov-2018 11:40:05 CST pre-events
otsdaq/otsdaq-core/WorkLoopManager/WorkLoop.cc [26]	Destroying WorkLoop: CFO0-SlowControls
%MSG
%MSG-d ots:  Early 14-Nov-2018 11:40:05 CST pre-events
otsdaq/otsdaq-core/WorkLoopManager/WorkLoop.cc [29]	Destroyed WorkLoop: CFO0-SlowControls
%MSG
%MSG-d ots:  Early 14-Nov-2018 11:40:05 CST pre-events
otsdaq/otsdaq-core/WorkLoopManager/WorkLoop.cc [26]	Destroying WorkLoop: CFO0
%MSG
%MSG-d ots:  Early 14-Nov-2018 11:40:05 CST pre-events
otsdaq/otsdaq-core/WorkLoopManager/WorkLoop.cc [29]	Destroyed WorkLoop: CFO0
%MSG
%MSG-i CFOFrontEndInterface:  Early 14-Nov-2018 11:40:14 CST pre-events
otsdaq_mu2e/otsdaq-mu2e/FEInterfaces/CFOFrontEndInterface_interface.cc [422]	CFO reset clock...
%MSG
%MSG-i CFOFrontEndInterface:  Early 14-Nov-2018 11:40:55 CST pre-events
otsdaq_mu2e/otsdaq-mu2e/FEInterfaces/CFOFrontEndInterface_interface.cc [464]	CFO reset TX...
%MSG
%MSG-i CFOFrontEndInterface:  Early 14-Nov-2018 11:41:16 CST pre-events
otsdaq_mu2e/otsdaq-mu2e/FEInterfaces/CFOFrontEndInterface_interface.cc [505]	--------------
%MSG
%MSG-i CFOFrontEndInterface:  Early 14-Nov-2018 11:41:16 CST pre-events
otsdaq_mu2e/otsdaq-mu2e/FEInterfaces/CFOFrontEndInterface_interface.cc [506]	CFO configured
%MSG
%MSG-i CFOFrontEndInterface:  Early 14-Nov-2018 11:41:16 CST pre-events
otsdaq_mu2e/otsdaq-mu2e/FEInterfaces/CFOFrontEndInterface_interface.cc [510]	CFO links OK = 0x1
%MSG
%MSG-d ots:  Early 14-Nov-2018 11:41:52 CST pre-events
otsdaq/otsdaq-core/WorkLoopManager/WorkLoop.cc [26]	Destroying WorkLoop: CFO0-SlowControls
%MSG
%MSG-d ots:  Early 14-Nov-2018 11:41:52 CST pre-events
otsdaq/otsdaq-core/WorkLoopManager/WorkLoop.cc [29]	Destroyed WorkLoop: CFO0-SlowControls
%MSG
%MSG-d ots:  Early 14-Nov-2018 11:41:52 CST pre-events
otsdaq/otsdaq-core/WorkLoopManager/WorkLoop.cc [26]	Destroying WorkLoop: CFO0
%MSG
%MSG-d ots:  Early 14-Nov-2018 11:41:52 CST pre-events
otsdaq/otsdaq-core/WorkLoopManager/WorkLoop.cc [29]	Destroyed WorkLoop: CFO0
%MSG
%MSG-i CFOFrontEndInterface:  Early 14-Nov-2018 11:42:01 CST pre-events
otsdaq_mu2e/otsdaq-mu2e/FEInterfaces/CFOFrontEndInterface_interface.cc [422]	CFO reset clock...
%MSG
%MSG-i CFOFrontEndInterface:  Early 14-Nov-2018 11:42:42 CST pre-events
otsdaq_mu2e/otsdaq-mu2e/FEInterfaces/CFOFrontEndInterface_interface.cc [464]	CFO reset TX...
%MSG
%MSG-i CFOFrontEndInterface:  Early 14-Nov-2018 11:43:03 CST pre-events
otsdaq_mu2e/otsdaq-mu2e/FEInterfaces/CFOFrontEndInterface_interface.cc [505]	--------------
%MSG
%MSG-i CFOFrontEndInterface:  Early 14-Nov-2018 11:43:03 CST pre-events
otsdaq_mu2e/otsdaq-mu2e/FEInterfaces/CFOFrontEndInterface_interface.cc [506]	CFO configured
%MSG
%MSG-i CFOFrontEndInterface:  Early 14-Nov-2018 11:43:03 CST pre-events
otsdaq_mu2e/otsdaq-mu2e/FEInterfaces/CFOFrontEndInterface_interface.cc [510]	CFO links OK = 0x1
%MSG
%MSG-d ots:  Early 14-Nov-2018 12:00:32 CST pre-events
otsdaq/otsdaq-core/WorkLoopManager/WorkLoop.cc [26]	Destroying WorkLoop: CFO0-SlowControls
%MSG
%MSG-d ots:  Early 14-Nov-2018 12:00:32 CST pre-events
otsdaq/otsdaq-core/WorkLoopManager/WorkLoop.cc [29]	Destroyed WorkLoop: CFO0-SlowControls
%MSG
%MSG-d ots:  Early 14-Nov-2018 12:00:32 CST pre-events
otsdaq/otsdaq-core/WorkLoopManager/WorkLoop.cc [26]	Destroying WorkLoop: CFO0
%MSG
%MSG-d ots:  Early 14-Nov-2018 12:00:32 CST pre-events
otsdaq/otsdaq-core/WorkLoopManager/WorkLoop.cc [29]	Destroyed WorkLoop: CFO0
%MSG
