%MSG-i configureMessageFacility:  CorePropertySupervisorBase  10-Jan-2019 11:56:34 CST pre-events configureMessageFacility.cc:286
Message Facility Application CorePropertySupervisorBase configured with: debugModules:["*"] destinations:{file:{append:false directory:"/home/mu2edaq/sync_demo/ots/srcs/otsdaq_mu2e/Data/Logs/CorePropertySupervisorBase" pattern:"CorePropertySupervisorBase-%?H%t-%p.log" seperator:"-" threshold:"DEBUG" timestamp_pattern:"%Y%m%d%H%M%S" type:"GenFile"} udp:{host:"192.168.157.6" port:30000 threshold:"DEBUG" type:"UDP"}}
%MSG
%MSG-i _TCPConnect:  CorePropertySupervisorBase 10-Jan-2019 11:56:34 CST  pre-events TCPConnect.cc:334
Resolving host 192.168.157.6, on port 30000
%MSG
%MSG-i _TCPConnect:  CorePropertySupervisorBase 10-Jan-2019 11:56:34 CST  pre-events TCPConnect.cc:241
Resolving ip mu2edaq05.fnal.gov
%MSG
%MSG-i configureMessageFacility:  RunControlStateMachine  10-Jan-2019 11:56:35 CST pre-events configureMessageFacility.cc:286
Message Facility Application RunControlStateMachine configured with: debugModules:["*"] destinations:{file:{append:false directory:"/home/mu2edaq/sync_demo/ots/srcs/otsdaq_mu2e/Data/Logs/RunControlStateMachine" pattern:"RunControlStateMachine-%?H%t-%p.log" seperator:"-" threshold:"DEBUG" timestamp_pattern:"%Y%m%d%H%M%S" type:"GenFile"} udp:{host:"192.168.157.6" port:30000 threshold:"DEBUG" type:"UDP"}}
%MSG
%MSG-i configureMessageFacility:  CoreSupervisorBase 10-Jan-2019 11:56:35 CST  pre-events configureMessageFacility.cc:286
Message Facility Application CoreSupervisorBase configured with: debugModules:["*"] destinations:{file:{append:false directory:"/home/mu2edaq/sync_demo/ots/srcs/otsdaq_mu2e/Data/Logs/CoreSupervisorBase" pattern:"CoreSupervisorBase-%?H%t-%p.log" seperator:"-" threshold:"DEBUG" timestamp_pattern:"%Y%m%d%H%M%S" type:"GenFile"} udp:{host:"192.168.157.6" port:30000 threshold:"DEBUG" type:"UDP"}}
%MSG
%MSG-i DTCFrontEndInterface:  Early 10-Jan-2019 11:57:18 CST pre-events
otsdaq_mu2e/otsdaq-mu2e/FEInterfaces/DTCFrontEndInterface_interface.cc [136]	DTCFrontEndInterface instantiated with name: DTC0 dtc_location_in_chain_ = 0 talking to /dev/mu2e0
%MSG
%MSG-i DTCFrontEndInterface:  Early 10-Jan-2019 11:57:18 CST pre-events
otsdaq_mu2e/otsdaq-mu2e/FEInterfaces/DTCFrontEndInterface_interface.cc [678]	Step 0: DTC0 reset FPGA...
%MSG
%MSG-i DTCFrontEndInterface:  Early 10-Jan-2019 11:57:21 CST pre-events
otsdaq_mu2e/otsdaq-mu2e/FEInterfaces/DTCFrontEndInterface_interface.cc [683]	............. firmware version 19010915
%MSG
%MSG-i DTCFrontEndInterface:  Early 10-Jan-2019 11:57:34 CST pre-events
otsdaq_mu2e/otsdaq-mu2e/FEInterfaces/DTCFrontEndInterface_interface.cc [694]	Step 1: DTC0 reset clock...
%MSG
%MSG-i DTCFrontEndInterface:  Early 10-Jan-2019 11:57:54 CST pre-events
otsdaq_mu2e/otsdaq-mu2e/FEInterfaces/DTCFrontEndInterface_interface.cc [733]	Step 2: DTC0 configure Jitter Attenuator...
%MSG
%MSG-i DTCFrontEndInterface:  Early 10-Jan-2019 11:58:11 CST pre-events
otsdaq_mu2e/otsdaq-mu2e/FEInterfaces/DTCFrontEndInterface_interface.cc [803]	Step 4: DTC0 wait for links...
%MSG
%MSG-i DTCFrontEndInterface:  Early 10-Jan-2019 11:58:23 CST pre-events
otsdaq_mu2e/otsdaq-mu2e/FEInterfaces/DTCFrontEndInterface_interface.cc [811]	Step 5: DTC0 enable markers, Tx, Rx
%MSG
%MSG-i DTCFrontEndInterface:  Early 10-Jan-2019 11:58:23 CST pre-events
otsdaq_mu2e/otsdaq-mu2e/FEInterfaces/DTCFrontEndInterface_interface.cc [827]	Step 5: DTC0 configure ROCs
%MSG
%MSG-i DTCFrontEndInterface:  Early 10-Jan-2019 11:58:28 CST pre-events
otsdaq_mu2e/otsdaq-mu2e/FEInterfaces/DTCFrontEndInterface_interface.cc [835]	Step 6: DTC0 configured
%MSG
%MSG-i DTCFrontEndInterface:  Early 10-Jan-2019 11:58:28 CST pre-events
otsdaq_mu2e/otsdaq-mu2e/FEInterfaces/DTCFrontEndInterface_interface.cc [839]	DTC0 links OK 0xc3
%MSG
%MSG-d ots:  Early 10-Jan-2019 11:58:47 CST pre-events
otsdaq/otsdaq-core/FECore/FEVInterfacesManager.cc [406]	Launching FE Macro 'ROC_Read' ...
%MSG
