%MSG-i configureMessageFacility:  CorePropertySupervisorBase  17-Dec-2018 17:48:21 CST pre-events configureMessageFacility.cc:286
Message Facility Application CorePropertySupervisorBase configured with: debugModules:["*"] destinations:{file:{append:false directory:"/home/mu2edaq/sync_demo/ots/srcs/otsdaq_mu2e/Data/Logs/CorePropertySupervisorBase" pattern:"CorePropertySupervisorBase-%?H%t-%p.log" seperator:"-" threshold:"DEBUG" timestamp_pattern:"%Y%m%d%H%M%S" type:"GenFile"} udp:{host:"192.168.157.6" port:30000 threshold:"DEBUG" type:"UDP"}}
%MSG
%MSG-i _TCPConnect:  CorePropertySupervisorBase 17-Dec-2018 17:48:21 CST  pre-events TCPConnect.cc:334
Resolving host 192.168.157.6, on port 30000
%MSG
%MSG-i _TCPConnect:  CorePropertySupervisorBase 17-Dec-2018 17:48:21 CST  pre-events TCPConnect.cc:241
Resolving ip mu2edaq04.fnal.gov
%MSG
%MSG-i configureMessageFacility:  RunControlStateMachine  17-Dec-2018 17:48:22 CST pre-events configureMessageFacility.cc:286
Message Facility Application RunControlStateMachine configured with: debugModules:["*"] destinations:{file:{append:false directory:"/home/mu2edaq/sync_demo/ots/srcs/otsdaq_mu2e/Data/Logs/RunControlStateMachine" pattern:"RunControlStateMachine-%?H%t-%p.log" seperator:"-" threshold:"DEBUG" timestamp_pattern:"%Y%m%d%H%M%S" type:"GenFile"} udp:{host:"192.168.157.6" port:30000 threshold:"DEBUG" type:"UDP"}}
%MSG
%MSG-i configureMessageFacility:  CoreSupervisorBase 17-Dec-2018 17:48:22 CST  pre-events configureMessageFacility.cc:286
Message Facility Application CoreSupervisorBase configured with: debugModules:["*"] destinations:{file:{append:false directory:"/home/mu2edaq/sync_demo/ots/srcs/otsdaq_mu2e/Data/Logs/CoreSupervisorBase" pattern:"CoreSupervisorBase-%?H%t-%p.log" seperator:"-" threshold:"DEBUG" timestamp_pattern:"%Y%m%d%H%M%S" type:"GenFile"} udp:{host:"192.168.157.6" port:30000 threshold:"DEBUG" type:"UDP"}}
%MSG
%MSG-i CFOFrontEndInterface:  Early 17-Dec-2018 17:49:04 CST pre-events
otsdaq_mu2e/otsdaq-mu2e/FEInterfaces/CFOFrontEndInterface_interface.cc [430]	Step 1: CFO reset clock...
%MSG
%MSG-i CFOFrontEndInterface:  Early 17-Dec-2018 17:49:45 CST pre-events
otsdaq_mu2e/otsdaq-mu2e/FEInterfaces/CFOFrontEndInterface_interface.cc [471]	Step 3: CFO reset TX...
%MSG
%MSG-i CFOFrontEndInterface:  Early 17-Dec-2018 17:50:13 CST pre-events
otsdaq_mu2e/otsdaq-mu2e/FEInterfaces/CFOFrontEndInterface_interface.cc [491]	Step 6: CFO enable Event start characters, SERDES Tx and Rx, and event window interval
%MSG
%MSG-i CFOFrontEndInterface:  Early 17-Dec-2018 17:50:16 CST pre-events
otsdaq_mu2e/otsdaq-mu2e/FEInterfaces/CFOFrontEndInterface_interface.cc [513]	--------------
%MSG
%MSG-i CFOFrontEndInterface:  Early 17-Dec-2018 17:50:16 CST pre-events
otsdaq_mu2e/otsdaq-mu2e/FEInterfaces/CFOFrontEndInterface_interface.cc [514]	CFO configured
%MSG
%MSG-i CFOFrontEndInterface:  Early 17-Dec-2018 17:50:16 CST pre-events
otsdaq_mu2e/otsdaq-mu2e/FEInterfaces/CFOFrontEndInterface_interface.cc [518]	CFO links OK = 0x1
%MSG
%MSG-d ots:  Early 18-Dec-2018 08:40:20 CST pre-events
otsdaq/otsdaq-core/WorkLoopManager/WorkLoop.cc [26]	Destroying WorkLoop: CFO0-SlowControls
%MSG
%MSG-d ots:  Early 18-Dec-2018 08:40:20 CST pre-events
otsdaq/otsdaq-core/WorkLoopManager/WorkLoop.cc [29]	Destroyed WorkLoop: CFO0-SlowControls
%MSG
%MSG-d ots:  Early 18-Dec-2018 08:40:20 CST pre-events
otsdaq/otsdaq-core/WorkLoopManager/WorkLoop.cc [26]	Destroying WorkLoop: CFO0
%MSG
%MSG-d ots:  Early 18-Dec-2018 08:40:20 CST pre-events
otsdaq/otsdaq-core/WorkLoopManager/WorkLoop.cc [29]	Destroyed WorkLoop: CFO0
%MSG
%MSG-i CFOFrontEndInterface:  Early 18-Dec-2018 08:40:41 CST pre-events
otsdaq_mu2e/otsdaq-mu2e/FEInterfaces/CFOFrontEndInterface_interface.cc [430]	Step 1: CFO reset clock...
%MSG
%MSG-i CFOFrontEndInterface:  Early 18-Dec-2018 08:41:21 CST pre-events
otsdaq_mu2e/otsdaq-mu2e/FEInterfaces/CFOFrontEndInterface_interface.cc [471]	Step 3: CFO reset TX...
%MSG
%MSG-i CFOFrontEndInterface:  Early 18-Dec-2018 08:41:30 CST pre-events
otsdaq_mu2e/otsdaq-mu2e/FEInterfaces/CFOFrontEndInterface_interface.cc [491]	Step 6: CFO enable Event start characters, SERDES Tx and Rx, and event window interval
%MSG
%MSG-i CFOFrontEndInterface:  Early 18-Dec-2018 08:41:33 CST pre-events
otsdaq_mu2e/otsdaq-mu2e/FEInterfaces/CFOFrontEndInterface_interface.cc [513]	--------------
%MSG
%MSG-i CFOFrontEndInterface:  Early 18-Dec-2018 08:41:33 CST pre-events
otsdaq_mu2e/otsdaq-mu2e/FEInterfaces/CFOFrontEndInterface_interface.cc [514]	CFO configured
%MSG
%MSG-i CFOFrontEndInterface:  Early 18-Dec-2018 08:41:33 CST pre-events
otsdaq_mu2e/otsdaq-mu2e/FEInterfaces/CFOFrontEndInterface_interface.cc [518]	CFO links OK = 0x1
%MSG
%MSG-i CFOFrontEndInterface:  Early 18-Dec-2018 08:42:50 CST pre-events
otsdaq_mu2e/otsdaq-mu2e/FEInterfaces/CFOFrontEndInterface_interface.cc [654]	 Looping back DTC0 ROC0
%MSG
%MSG-d CFOFrontEndInterface:  Early 18-Dec-2018 08:42:58 CST pre-events
otsdaq_mu2e/otsdaq-mu2e/FEInterfaces/CFOFrontEndInterface_interface.cc [369]	 delay [ 166 ] = 0
%MSG
%MSG-d CFOFrontEndInterface:  Early 18-Dec-2018 08:42:58 CST pre-events
otsdaq_mu2e/otsdaq-mu2e/FEInterfaces/CFOFrontEndInterface_interface.cc [369]	 delay [ 167 ] = 0
%MSG
%MSG-d CFOFrontEndInterface:  Early 18-Dec-2018 08:42:58 CST pre-events
otsdaq_mu2e/otsdaq-mu2e/FEInterfaces/CFOFrontEndInterface_interface.cc [369]	 delay [ 168 ] = 0
%MSG
%MSG-d CFOFrontEndInterface:  Early 18-Dec-2018 08:42:58 CST pre-events
otsdaq_mu2e/otsdaq-mu2e/FEInterfaces/CFOFrontEndInterface_interface.cc [369]	 delay [ 169 ] = 0
%MSG
%MSG-d CFOFrontEndInterface:  Early 18-Dec-2018 08:42:58 CST pre-events
otsdaq_mu2e/otsdaq-mu2e/FEInterfaces/CFOFrontEndInterface_interface.cc [369]	 delay [ 170 ] = 0
%MSG
%MSG-d CFOFrontEndInterface:  Early 18-Dec-2018 08:42:58 CST pre-events
otsdaq_mu2e/otsdaq-mu2e/FEInterfaces/CFOFrontEndInterface_interface.cc [369]	 delay [ 171 ] = 1540
%MSG
%MSG-d CFOFrontEndInterface:  Early 18-Dec-2018 08:42:58 CST pre-events
otsdaq_mu2e/otsdaq-mu2e/FEInterfaces/CFOFrontEndInterface_interface.cc [369]	 delay [ 172 ] = 8460
%MSG
%MSG-d CFOFrontEndInterface:  Early 18-Dec-2018 08:42:58 CST pre-events
otsdaq_mu2e/otsdaq-mu2e/FEInterfaces/CFOFrontEndInterface_interface.cc [369]	 delay [ 173 ] = 0
%MSG
%MSG-d CFOFrontEndInterface:  Early 18-Dec-2018 08:42:58 CST pre-events
otsdaq_mu2e/otsdaq-mu2e/FEInterfaces/CFOFrontEndInterface_interface.cc [369]	 delay [ 174 ] = 0
%MSG
%MSG-d CFOFrontEndInterface:  Early 18-Dec-2018 08:42:58 CST pre-events
otsdaq_mu2e/otsdaq-mu2e/FEInterfaces/CFOFrontEndInterface_interface.cc [369]	 delay [ 175 ] = 0
%MSG
%MSG-d CFOFrontEndInterface:  Early 18-Dec-2018 08:42:58 CST pre-events
otsdaq_mu2e/otsdaq-mu2e/FEInterfaces/CFOFrontEndInterface_interface.cc [369]	 delay [ 176 ] = 0
%MSG
%MSG-i CFOFrontEndInterface:  Early 18-Dec-2018 08:43:02 CST pre-events
otsdaq_mu2e/otsdaq-mu2e/FEInterfaces/CFOFrontEndInterface_interface.cc [654]	 Looping back DTC0 ROC1
%MSG
%MSG-d CFOFrontEndInterface:  Early 18-Dec-2018 08:43:10 CST pre-events
otsdaq_mu2e/otsdaq-mu2e/FEInterfaces/CFOFrontEndInterface_interface.cc [369]	 delay [ 91 ] = 0
%MSG
%MSG-d CFOFrontEndInterface:  Early 18-Dec-2018 08:43:10 CST pre-events
otsdaq_mu2e/otsdaq-mu2e/FEInterfaces/CFOFrontEndInterface_interface.cc [369]	 delay [ 92 ] = 0
%MSG
%MSG-d CFOFrontEndInterface:  Early 18-Dec-2018 08:43:10 CST pre-events
otsdaq_mu2e/otsdaq-mu2e/FEInterfaces/CFOFrontEndInterface_interface.cc [369]	 delay [ 93 ] = 0
%MSG
%MSG-d CFOFrontEndInterface:  Early 18-Dec-2018 08:43:10 CST pre-events
otsdaq_mu2e/otsdaq-mu2e/FEInterfaces/CFOFrontEndInterface_interface.cc [369]	 delay [ 94 ] = 0
%MSG
%MSG-d CFOFrontEndInterface:  Early 18-Dec-2018 08:43:10 CST pre-events
otsdaq_mu2e/otsdaq-mu2e/FEInterfaces/CFOFrontEndInterface_interface.cc [369]	 delay [ 95 ] = 0
%MSG
%MSG-d CFOFrontEndInterface:  Early 18-Dec-2018 08:43:10 CST pre-events
otsdaq_mu2e/otsdaq-mu2e/FEInterfaces/CFOFrontEndInterface_interface.cc [369]	 delay [ 96 ] = 10000
%MSG
%MSG-d CFOFrontEndInterface:  Early 18-Dec-2018 08:43:10 CST pre-events
otsdaq_mu2e/otsdaq-mu2e/FEInterfaces/CFOFrontEndInterface_interface.cc [369]	 delay [ 97 ] = 0
%MSG
%MSG-d CFOFrontEndInterface:  Early 18-Dec-2018 08:43:10 CST pre-events
otsdaq_mu2e/otsdaq-mu2e/FEInterfaces/CFOFrontEndInterface_interface.cc [369]	 delay [ 98 ] = 0
%MSG
%MSG-d CFOFrontEndInterface:  Early 18-Dec-2018 08:43:10 CST pre-events
otsdaq_mu2e/otsdaq-mu2e/FEInterfaces/CFOFrontEndInterface_interface.cc [369]	 delay [ 99 ] = 0
%MSG
%MSG-d CFOFrontEndInterface:  Early 18-Dec-2018 08:43:10 CST pre-events
otsdaq_mu2e/otsdaq-mu2e/FEInterfaces/CFOFrontEndInterface_interface.cc [369]	 delay [ 100 ] = 0
%MSG
%MSG-i CFOFrontEndInterface:  Early 18-Dec-2018 08:43:14 CST pre-events
otsdaq_mu2e/otsdaq-mu2e/FEInterfaces/CFOFrontEndInterface_interface.cc [654]	 Looping back DTC1 ROC0
%MSG
%MSG-d CFOFrontEndInterface:  Early 18-Dec-2018 08:43:22 CST pre-events
otsdaq_mu2e/otsdaq-mu2e/FEInterfaces/CFOFrontEndInterface_interface.cc [369]	 delay [ 204 ] = 0
%MSG
%MSG-d CFOFrontEndInterface:  Early 18-Dec-2018 08:43:22 CST pre-events
otsdaq_mu2e/otsdaq-mu2e/FEInterfaces/CFOFrontEndInterface_interface.cc [369]	 delay [ 205 ] = 0
%MSG
%MSG-d CFOFrontEndInterface:  Early 18-Dec-2018 08:43:22 CST pre-events
otsdaq_mu2e/otsdaq-mu2e/FEInterfaces/CFOFrontEndInterface_interface.cc [369]	 delay [ 206 ] = 0
%MSG
%MSG-d CFOFrontEndInterface:  Early 18-Dec-2018 08:43:22 CST pre-events
otsdaq_mu2e/otsdaq-mu2e/FEInterfaces/CFOFrontEndInterface_interface.cc [369]	 delay [ 207 ] = 0
%MSG
%MSG-d CFOFrontEndInterface:  Early 18-Dec-2018 08:43:22 CST pre-events
otsdaq_mu2e/otsdaq-mu2e/FEInterfaces/CFOFrontEndInterface_interface.cc [369]	 delay [ 208 ] = 0
%MSG
%MSG-d CFOFrontEndInterface:  Early 18-Dec-2018 08:43:22 CST pre-events
otsdaq_mu2e/otsdaq-mu2e/FEInterfaces/CFOFrontEndInterface_interface.cc [369]	 delay [ 209 ] = 370
%MSG
%MSG-d CFOFrontEndInterface:  Early 18-Dec-2018 08:43:22 CST pre-events
otsdaq_mu2e/otsdaq-mu2e/FEInterfaces/CFOFrontEndInterface_interface.cc [369]	 delay [ 210 ] = 9630
%MSG
%MSG-d CFOFrontEndInterface:  Early 18-Dec-2018 08:43:22 CST pre-events
otsdaq_mu2e/otsdaq-mu2e/FEInterfaces/CFOFrontEndInterface_interface.cc [369]	 delay [ 211 ] = 0
%MSG
%MSG-d CFOFrontEndInterface:  Early 18-Dec-2018 08:43:22 CST pre-events
otsdaq_mu2e/otsdaq-mu2e/FEInterfaces/CFOFrontEndInterface_interface.cc [369]	 delay [ 212 ] = 0
%MSG
%MSG-d CFOFrontEndInterface:  Early 18-Dec-2018 08:43:22 CST pre-events
otsdaq_mu2e/otsdaq-mu2e/FEInterfaces/CFOFrontEndInterface_interface.cc [369]	 delay [ 213 ] = 0
%MSG
%MSG-d CFOFrontEndInterface:  Early 18-Dec-2018 08:43:22 CST pre-events
otsdaq_mu2e/otsdaq-mu2e/FEInterfaces/CFOFrontEndInterface_interface.cc [369]	 delay [ 214 ] = 0
%MSG
%MSG-i CFOFrontEndInterface:  Early 18-Dec-2018 08:43:26 CST pre-events
otsdaq_mu2e/otsdaq-mu2e/FEInterfaces/CFOFrontEndInterface_interface.cc [654]	 Looping back DTC1 ROC1
%MSG
%MSG-d CFOFrontEndInterface:  Early 18-Dec-2018 08:43:34 CST pre-events
otsdaq_mu2e/otsdaq-mu2e/FEInterfaces/CFOFrontEndInterface_interface.cc [369]	 delay [ 136 ] = 0
%MSG
%MSG-d CFOFrontEndInterface:  Early 18-Dec-2018 08:43:34 CST pre-events
otsdaq_mu2e/otsdaq-mu2e/FEInterfaces/CFOFrontEndInterface_interface.cc [369]	 delay [ 137 ] = 0
%MSG
%MSG-d CFOFrontEndInterface:  Early 18-Dec-2018 08:43:34 CST pre-events
otsdaq_mu2e/otsdaq-mu2e/FEInterfaces/CFOFrontEndInterface_interface.cc [369]	 delay [ 138 ] = 0
%MSG
%MSG-d CFOFrontEndInterface:  Early 18-Dec-2018 08:43:34 CST pre-events
otsdaq_mu2e/otsdaq-mu2e/FEInterfaces/CFOFrontEndInterface_interface.cc [369]	 delay [ 139 ] = 0
%MSG
%MSG-d CFOFrontEndInterface:  Early 18-Dec-2018 08:43:34 CST pre-events
otsdaq_mu2e/otsdaq-mu2e/FEInterfaces/CFOFrontEndInterface_interface.cc [369]	 delay [ 140 ] = 0
%MSG
%MSG-d CFOFrontEndInterface:  Early 18-Dec-2018 08:43:34 CST pre-events
otsdaq_mu2e/otsdaq-mu2e/FEInterfaces/CFOFrontEndInterface_interface.cc [369]	 delay [ 141 ] = 10000
%MSG
%MSG-d CFOFrontEndInterface:  Early 18-Dec-2018 08:43:34 CST pre-events
otsdaq_mu2e/otsdaq-mu2e/FEInterfaces/CFOFrontEndInterface_interface.cc [369]	 delay [ 142 ] = 0
%MSG
%MSG-d CFOFrontEndInterface:  Early 18-Dec-2018 08:43:34 CST pre-events
otsdaq_mu2e/otsdaq-mu2e/FEInterfaces/CFOFrontEndInterface_interface.cc [369]	 delay [ 143 ] = 0
%MSG
%MSG-d CFOFrontEndInterface:  Early 18-Dec-2018 08:43:34 CST pre-events
otsdaq_mu2e/otsdaq-mu2e/FEInterfaces/CFOFrontEndInterface_interface.cc [369]	 delay [ 144 ] = 0
%MSG
%MSG-d CFOFrontEndInterface:  Early 18-Dec-2018 08:43:34 CST pre-events
otsdaq_mu2e/otsdaq-mu2e/FEInterfaces/CFOFrontEndInterface_interface.cc [369]	 delay [ 145 ] = 0
%MSG
%MSG-i CFOFrontEndInterface:  Early 18-Dec-2018 08:43:34 CST pre-events
otsdaq_mu2e/otsdaq-mu2e/FEInterfaces/CFOFrontEndInterface_interface.cc [590]	-------------------------
%MSG
%MSG-i CFOFrontEndInterface:  Early 18-Dec-2018 08:43:34 CST pre-events
otsdaq_mu2e/otsdaq-mu2e/FEInterfaces/CFOFrontEndInterface_interface.cc [591]	FULL SYSTEM loopback DONE
%MSG
%MSG-i CFOFrontEndInterface:  Early 18-Dec-2018 08:43:34 CST pre-events
otsdaq_mu2e/otsdaq-mu2e/FEInterfaces/CFOFrontEndInterface_interface.cc [597]	chain 0 - DTC 0 - ROC 0 = 171.846
%MSG
%MSG-i CFOFrontEndInterface:  Early 18-Dec-2018 08:43:34 CST pre-events
otsdaq_mu2e/otsdaq-mu2e/FEInterfaces/CFOFrontEndInterface_interface.cc [597]	chain 0 - DTC 0 - ROC 1 = 96
%MSG
%MSG-i CFOFrontEndInterface:  Early 18-Dec-2018 08:43:34 CST pre-events
otsdaq_mu2e/otsdaq-mu2e/FEInterfaces/CFOFrontEndInterface_interface.cc [597]	chain 0 - DTC 1 - ROC 0 = 209.963
%MSG
%MSG-i CFOFrontEndInterface:  Early 18-Dec-2018 08:43:34 CST pre-events
otsdaq_mu2e/otsdaq-mu2e/FEInterfaces/CFOFrontEndInterface_interface.cc [597]	chain 0 - DTC 1 - ROC 1 = 141
%MSG
%MSG-i CFOFrontEndInterface:  Early 18-Dec-2018 08:43:34 CST pre-events
otsdaq_mu2e/otsdaq-mu2e/FEInterfaces/CFOFrontEndInterface_interface.cc [604]	DTC1 - DTC0 = 38.117
%MSG
%MSG-i CFOFrontEndInterface:  Early 18-Dec-2018 08:43:34 CST pre-events
otsdaq_mu2e/otsdaq-mu2e/FEInterfaces/CFOFrontEndInterface_interface.cc [605]	-------------------------
%MSG
%MSG-i CFOFrontEndInterface:  Early 18-Dec-2018 08:44:38 CST pre-events
otsdaq_mu2e/otsdaq-mu2e/FEInterfaces/CFOFrontEndInterface_interface.cc [804]	--------------------------------------------
%MSG
%MSG-i CFOFrontEndInterface:  Early 18-Dec-2018 08:44:38 CST pre-events
otsdaq_mu2e/otsdaq-mu2e/FEInterfaces/CFOFrontEndInterface_interface.cc [805]	--CAPTAN timestamp difference distribution--
%MSG
%MSG-i CFOFrontEndInterface:  Early 18-Dec-2018 08:44:38 CST pre-events
otsdaq_mu2e/otsdaq-mu2e/FEInterfaces/CFOFrontEndInterface_interface.cc [810]	--------------------------------------------
%MSG
%MSG-i CFOFrontEndInterface:  Early 18-Dec-2018 08:44:38 CST pre-events
otsdaq_mu2e/otsdaq-mu2e/FEInterfaces/CFOFrontEndInterface_interface.cc [812]	Average = -nan ... RMS = 0
%MSG
%MSG-i CFOFrontEndInterface:  Early 18-Dec-2018 08:44:52 CST pre-events
otsdaq_mu2e/otsdaq-mu2e/FEInterfaces/CFOFrontEndInterface_interface.cc [654]	 Looping back DTC0 ROC0
%MSG
%MSG-d CFOFrontEndInterface:  Early 18-Dec-2018 08:45:00 CST pre-events
otsdaq_mu2e/otsdaq-mu2e/FEInterfaces/CFOFrontEndInterface_interface.cc [369]	 delay [ 166 ] = 0
%MSG
%MSG-d CFOFrontEndInterface:  Early 18-Dec-2018 08:45:00 CST pre-events
otsdaq_mu2e/otsdaq-mu2e/FEInterfaces/CFOFrontEndInterface_interface.cc [369]	 delay [ 167 ] = 0
%MSG
%MSG-d CFOFrontEndInterface:  Early 18-Dec-2018 08:45:00 CST pre-events
otsdaq_mu2e/otsdaq-mu2e/FEInterfaces/CFOFrontEndInterface_interface.cc [369]	 delay [ 168 ] = 0
%MSG
%MSG-d CFOFrontEndInterface:  Early 18-Dec-2018 08:45:00 CST pre-events
otsdaq_mu2e/otsdaq-mu2e/FEInterfaces/CFOFrontEndInterface_interface.cc [369]	 delay [ 169 ] = 0
%MSG
%MSG-d CFOFrontEndInterface:  Early 18-Dec-2018 08:45:00 CST pre-events
otsdaq_mu2e/otsdaq-mu2e/FEInterfaces/CFOFrontEndInterface_interface.cc [369]	 delay [ 170 ] = 0
%MSG
%MSG-d CFOFrontEndInterface:  Early 18-Dec-2018 08:45:00 CST pre-events
otsdaq_mu2e/otsdaq-mu2e/FEInterfaces/CFOFrontEndInterface_interface.cc [369]	 delay [ 171 ] = 1545
%MSG
%MSG-d CFOFrontEndInterface:  Early 18-Dec-2018 08:45:00 CST pre-events
otsdaq_mu2e/otsdaq-mu2e/FEInterfaces/CFOFrontEndInterface_interface.cc [369]	 delay [ 172 ] = 8455
%MSG
%MSG-d CFOFrontEndInterface:  Early 18-Dec-2018 08:45:00 CST pre-events
otsdaq_mu2e/otsdaq-mu2e/FEInterfaces/CFOFrontEndInterface_interface.cc [369]	 delay [ 173 ] = 0
%MSG
%MSG-d CFOFrontEndInterface:  Early 18-Dec-2018 08:45:00 CST pre-events
otsdaq_mu2e/otsdaq-mu2e/FEInterfaces/CFOFrontEndInterface_interface.cc [369]	 delay [ 174 ] = 0
%MSG
%MSG-d CFOFrontEndInterface:  Early 18-Dec-2018 08:45:00 CST pre-events
otsdaq_mu2e/otsdaq-mu2e/FEInterfaces/CFOFrontEndInterface_interface.cc [369]	 delay [ 175 ] = 0
%MSG
%MSG-d CFOFrontEndInterface:  Early 18-Dec-2018 08:45:00 CST pre-events
otsdaq_mu2e/otsdaq-mu2e/FEInterfaces/CFOFrontEndInterface_interface.cc [369]	 delay [ 176 ] = 0
%MSG
%MSG-i CFOFrontEndInterface:  Early 18-Dec-2018 08:45:04 CST pre-events
otsdaq_mu2e/otsdaq-mu2e/FEInterfaces/CFOFrontEndInterface_interface.cc [654]	 Looping back DTC0 ROC1
%MSG
%MSG-d CFOFrontEndInterface:  Early 18-Dec-2018 08:45:12 CST pre-events
otsdaq_mu2e/otsdaq-mu2e/FEInterfaces/CFOFrontEndInterface_interface.cc [369]	 delay [ 91 ] = 0
%MSG
%MSG-d CFOFrontEndInterface:  Early 18-Dec-2018 08:45:12 CST pre-events
otsdaq_mu2e/otsdaq-mu2e/FEInterfaces/CFOFrontEndInterface_interface.cc [369]	 delay [ 92 ] = 0
%MSG
%MSG-d CFOFrontEndInterface:  Early 18-Dec-2018 08:45:12 CST pre-events
otsdaq_mu2e/otsdaq-mu2e/FEInterfaces/CFOFrontEndInterface_interface.cc [369]	 delay [ 93 ] = 0
%MSG
%MSG-d CFOFrontEndInterface:  Early 18-Dec-2018 08:45:12 CST pre-events
otsdaq_mu2e/otsdaq-mu2e/FEInterfaces/CFOFrontEndInterface_interface.cc [369]	 delay [ 94 ] = 0
%MSG
%MSG-d CFOFrontEndInterface:  Early 18-Dec-2018 08:45:12 CST pre-events
otsdaq_mu2e/otsdaq-mu2e/FEInterfaces/CFOFrontEndInterface_interface.cc [369]	 delay [ 95 ] = 0
%MSG
%MSG-d CFOFrontEndInterface:  Early 18-Dec-2018 08:45:12 CST pre-events
otsdaq_mu2e/otsdaq-mu2e/FEInterfaces/CFOFrontEndInterface_interface.cc [369]	 delay [ 96 ] = 10000
%MSG
%MSG-d CFOFrontEndInterface:  Early 18-Dec-2018 08:45:12 CST pre-events
otsdaq_mu2e/otsdaq-mu2e/FEInterfaces/CFOFrontEndInterface_interface.cc [369]	 delay [ 97 ] = 0
%MSG
%MSG-d CFOFrontEndInterface:  Early 18-Dec-2018 08:45:12 CST pre-events
otsdaq_mu2e/otsdaq-mu2e/FEInterfaces/CFOFrontEndInterface_interface.cc [369]	 delay [ 98 ] = 0
%MSG
%MSG-d CFOFrontEndInterface:  Early 18-Dec-2018 08:45:12 CST pre-events
otsdaq_mu2e/otsdaq-mu2e/FEInterfaces/CFOFrontEndInterface_interface.cc [369]	 delay [ 99 ] = 0
%MSG
%MSG-d CFOFrontEndInterface:  Early 18-Dec-2018 08:45:12 CST pre-events
otsdaq_mu2e/otsdaq-mu2e/FEInterfaces/CFOFrontEndInterface_interface.cc [369]	 delay [ 100 ] = 0
%MSG
%MSG-i CFOFrontEndInterface:  Early 18-Dec-2018 08:45:16 CST pre-events
otsdaq_mu2e/otsdaq-mu2e/FEInterfaces/CFOFrontEndInterface_interface.cc [654]	 Looping back DTC1 ROC0
%MSG
%MSG-d CFOFrontEndInterface:  Early 18-Dec-2018 08:45:24 CST pre-events
otsdaq_mu2e/otsdaq-mu2e/FEInterfaces/CFOFrontEndInterface_interface.cc [369]	 delay [ 204 ] = 0
%MSG
%MSG-d CFOFrontEndInterface:  Early 18-Dec-2018 08:45:24 CST pre-events
otsdaq_mu2e/otsdaq-mu2e/FEInterfaces/CFOFrontEndInterface_interface.cc [369]	 delay [ 205 ] = 0
%MSG
%MSG-d CFOFrontEndInterface:  Early 18-Dec-2018 08:45:24 CST pre-events
otsdaq_mu2e/otsdaq-mu2e/FEInterfaces/CFOFrontEndInterface_interface.cc [369]	 delay [ 206 ] = 0
%MSG
%MSG-d CFOFrontEndInterface:  Early 18-Dec-2018 08:45:24 CST pre-events
otsdaq_mu2e/otsdaq-mu2e/FEInterfaces/CFOFrontEndInterface_interface.cc [369]	 delay [ 207 ] = 0
%MSG
%MSG-d CFOFrontEndInterface:  Early 18-Dec-2018 08:45:24 CST pre-events
otsdaq_mu2e/otsdaq-mu2e/FEInterfaces/CFOFrontEndInterface_interface.cc [369]	 delay [ 208 ] = 0
%MSG
%MSG-d CFOFrontEndInterface:  Early 18-Dec-2018 08:45:24 CST pre-events
otsdaq_mu2e/otsdaq-mu2e/FEInterfaces/CFOFrontEndInterface_interface.cc [369]	 delay [ 209 ] = 389
%MSG
%MSG-d CFOFrontEndInterface:  Early 18-Dec-2018 08:45:24 CST pre-events
otsdaq_mu2e/otsdaq-mu2e/FEInterfaces/CFOFrontEndInterface_interface.cc [369]	 delay [ 210 ] = 9606
%MSG
%MSG-d CFOFrontEndInterface:  Early 18-Dec-2018 08:45:24 CST pre-events
otsdaq_mu2e/otsdaq-mu2e/FEInterfaces/CFOFrontEndInterface_interface.cc [369]	 delay [ 211 ] = 0
%MSG
%MSG-d CFOFrontEndInterface:  Early 18-Dec-2018 08:45:24 CST pre-events
otsdaq_mu2e/otsdaq-mu2e/FEInterfaces/CFOFrontEndInterface_interface.cc [369]	 delay [ 212 ] = 0
%MSG
%MSG-d CFOFrontEndInterface:  Early 18-Dec-2018 08:45:24 CST pre-events
otsdaq_mu2e/otsdaq-mu2e/FEInterfaces/CFOFrontEndInterface_interface.cc [369]	 delay [ 213 ] = 0
%MSG
%MSG-d CFOFrontEndInterface:  Early 18-Dec-2018 08:45:24 CST pre-events
otsdaq_mu2e/otsdaq-mu2e/FEInterfaces/CFOFrontEndInterface_interface.cc [369]	 delay [ 214 ] = 0
%MSG
%MSG-i CFOFrontEndInterface:  Early 18-Dec-2018 08:45:28 CST pre-events
otsdaq_mu2e/otsdaq-mu2e/FEInterfaces/CFOFrontEndInterface_interface.cc [654]	 Looping back DTC1 ROC1
%MSG
%MSG-d CFOFrontEndInterface:  Early 18-Dec-2018 08:45:36 CST pre-events
otsdaq_mu2e/otsdaq-mu2e/FEInterfaces/CFOFrontEndInterface_interface.cc [369]	 delay [ 136 ] = 0
%MSG
%MSG-d CFOFrontEndInterface:  Early 18-Dec-2018 08:45:36 CST pre-events
otsdaq_mu2e/otsdaq-mu2e/FEInterfaces/CFOFrontEndInterface_interface.cc [369]	 delay [ 137 ] = 0
%MSG
%MSG-d CFOFrontEndInterface:  Early 18-Dec-2018 08:45:36 CST pre-events
otsdaq_mu2e/otsdaq-mu2e/FEInterfaces/CFOFrontEndInterface_interface.cc [369]	 delay [ 138 ] = 0
%MSG
%MSG-d CFOFrontEndInterface:  Early 18-Dec-2018 08:45:36 CST pre-events
otsdaq_mu2e/otsdaq-mu2e/FEInterfaces/CFOFrontEndInterface_interface.cc [369]	 delay [ 139 ] = 0
%MSG
%MSG-d CFOFrontEndInterface:  Early 18-Dec-2018 08:45:36 CST pre-events
otsdaq_mu2e/otsdaq-mu2e/FEInterfaces/CFOFrontEndInterface_interface.cc [369]	 delay [ 140 ] = 0
%MSG
%MSG-d CFOFrontEndInterface:  Early 18-Dec-2018 08:45:36 CST pre-events
otsdaq_mu2e/otsdaq-mu2e/FEInterfaces/CFOFrontEndInterface_interface.cc [369]	 delay [ 141 ] = 10000
%MSG
%MSG-d CFOFrontEndInterface:  Early 18-Dec-2018 08:45:36 CST pre-events
otsdaq_mu2e/otsdaq-mu2e/FEInterfaces/CFOFrontEndInterface_interface.cc [369]	 delay [ 142 ] = 0
%MSG
%MSG-d CFOFrontEndInterface:  Early 18-Dec-2018 08:45:36 CST pre-events
otsdaq_mu2e/otsdaq-mu2e/FEInterfaces/CFOFrontEndInterface_interface.cc [369]	 delay [ 143 ] = 0
%MSG
%MSG-d CFOFrontEndInterface:  Early 18-Dec-2018 08:45:36 CST pre-events
otsdaq_mu2e/otsdaq-mu2e/FEInterfaces/CFOFrontEndInterface_interface.cc [369]	 delay [ 144 ] = 0
%MSG
%MSG-d CFOFrontEndInterface:  Early 18-Dec-2018 08:45:36 CST pre-events
otsdaq_mu2e/otsdaq-mu2e/FEInterfaces/CFOFrontEndInterface_interface.cc [369]	 delay [ 145 ] = 0
%MSG
%MSG-i CFOFrontEndInterface:  Early 18-Dec-2018 08:45:36 CST pre-events
otsdaq_mu2e/otsdaq-mu2e/FEInterfaces/CFOFrontEndInterface_interface.cc [590]	-------------------------
%MSG
%MSG-i CFOFrontEndInterface:  Early 18-Dec-2018 08:45:36 CST pre-events
otsdaq_mu2e/otsdaq-mu2e/FEInterfaces/CFOFrontEndInterface_interface.cc [591]	FULL SYSTEM loopback DONE
%MSG
%MSG-i CFOFrontEndInterface:  Early 18-Dec-2018 08:45:36 CST pre-events
otsdaq_mu2e/otsdaq-mu2e/FEInterfaces/CFOFrontEndInterface_interface.cc [597]	chain 0 - DTC 0 - ROC 0 = 171.846
%MSG
%MSG-i CFOFrontEndInterface:  Early 18-Dec-2018 08:45:36 CST pre-events
otsdaq_mu2e/otsdaq-mu2e/FEInterfaces/CFOFrontEndInterface_interface.cc [597]	chain 0 - DTC 0 - ROC 1 = 96
%MSG
%MSG-i CFOFrontEndInterface:  Early 18-Dec-2018 08:45:36 CST pre-events
otsdaq_mu2e/otsdaq-mu2e/FEInterfaces/CFOFrontEndInterface_interface.cc [597]	chain 0 - DTC 1 - ROC 0 = 209.961
%MSG
%MSG-i CFOFrontEndInterface:  Early 18-Dec-2018 08:45:36 CST pre-events
otsdaq_mu2e/otsdaq-mu2e/FEInterfaces/CFOFrontEndInterface_interface.cc [597]	chain 0 - DTC 1 - ROC 1 = 141
%MSG
%MSG-i CFOFrontEndInterface:  Early 18-Dec-2018 08:45:36 CST pre-events
otsdaq_mu2e/otsdaq-mu2e/FEInterfaces/CFOFrontEndInterface_interface.cc [604]	DTC1 - DTC0 = 38.1156
%MSG
%MSG-i CFOFrontEndInterface:  Early 18-Dec-2018 08:45:36 CST pre-events
otsdaq_mu2e/otsdaq-mu2e/FEInterfaces/CFOFrontEndInterface_interface.cc [605]	-------------------------
%MSG
