%MSG-i configureMessageFacility:  CorePropertySupervisorBase  28-Nov-2018 14:39:56 CST pre-events configureMessageFacility.cc:286
Message Facility Application CorePropertySupervisorBase configured with: debugModules:["*"] destinations:{file:{append:false directory:"/home/mu2edaq/sync_demo/ots/srcs/otsdaq_mu2e/Data/Logs/CorePropertySupervisorBase" pattern:"CorePropertySupervisorBase-%?H%t-%p.log" seperator:"-" threshold:"DEBUG" timestamp_pattern:"%Y%m%d%H%M%S" type:"GenFile"} udp:{host:"192.168.157.6" port:30000 threshold:"DEBUG" type:"UDP"}}
%MSG
%MSG-i _TCPConnect:  CorePropertySupervisorBase 28-Nov-2018 14:39:56 CST  pre-events TCPConnect.cc:334
Resolving host 192.168.157.6, on port 30000
%MSG
%MSG-i _TCPConnect:  CorePropertySupervisorBase 28-Nov-2018 14:39:56 CST  pre-events TCPConnect.cc:241
Resolving ip mu2edaq06.fnal.gov
%MSG
%MSG-i configureMessageFacility:  RunControlStateMachine  28-Nov-2018 14:39:56 CST pre-events configureMessageFacility.cc:286
Message Facility Application RunControlStateMachine configured with: debugModules:["*"] destinations:{file:{append:false directory:"/home/mu2edaq/sync_demo/ots/srcs/otsdaq_mu2e/Data/Logs/RunControlStateMachine" pattern:"RunControlStateMachine-%?H%t-%p.log" seperator:"-" threshold:"DEBUG" timestamp_pattern:"%Y%m%d%H%M%S" type:"GenFile"} udp:{host:"192.168.157.6" port:30000 threshold:"DEBUG" type:"UDP"}}
%MSG
%MSG-i configureMessageFacility:  CoreSupervisorBase 28-Nov-2018 14:39:56 CST  pre-events configureMessageFacility.cc:286
Message Facility Application CoreSupervisorBase configured with: debugModules:["*"] destinations:{file:{append:false directory:"/home/mu2edaq/sync_demo/ots/srcs/otsdaq_mu2e/Data/Logs/CoreSupervisorBase" pattern:"CoreSupervisorBase-%?H%t-%p.log" seperator:"-" threshold:"DEBUG" timestamp_pattern:"%Y%m%d%H%M%S" type:"GenFile"} udp:{host:"192.168.157.6" port:30000 threshold:"DEBUG" type:"UDP"}}
%MSG
%MSG-d ots:  Early 29-Nov-2018 09:50:57 CST pre-events
otsdaq/otsdaq-core/WorkLoopManager/WorkLoop.cc [26]	Destroying WorkLoop: CAPTAN0-SlowControls
%MSG
%MSG-d ots:  Early 29-Nov-2018 09:50:57 CST pre-events
otsdaq/otsdaq-core/WorkLoopManager/WorkLoop.cc [29]	Destroyed WorkLoop: CAPTAN0-SlowControls
%MSG
%MSG-d ots:  Early 29-Nov-2018 09:50:57 CST pre-events
otsdaq/otsdaq-core/WorkLoopManager/WorkLoop.cc [26]	Destroying WorkLoop: CAPTAN0
%MSG
%MSG-d ots:  Early 29-Nov-2018 09:50:57 CST pre-events
otsdaq/otsdaq-core/WorkLoopManager/WorkLoop.cc [29]	Destroyed WorkLoop: CAPTAN0
%MSG
%MSG-d ots:  Early 30-Nov-2018 10:45:10 CST pre-events
otsdaq/otsdaq-core/WorkLoopManager/WorkLoop.cc [26]	Destroying WorkLoop: CAPTAN0-SlowControls
%MSG
%MSG-d ots:  Early 30-Nov-2018 10:45:10 CST pre-events
otsdaq/otsdaq-core/WorkLoopManager/WorkLoop.cc [29]	Destroyed WorkLoop: CAPTAN0-SlowControls
%MSG
%MSG-d ots:  Early 30-Nov-2018 10:45:10 CST pre-events
otsdaq/otsdaq-core/WorkLoopManager/WorkLoop.cc [26]	Destroying WorkLoop: CAPTAN0
%MSG
%MSG-d ots:  Early 30-Nov-2018 10:45:10 CST pre-events
otsdaq/otsdaq-core/WorkLoopManager/WorkLoop.cc [29]	Destroyed WorkLoop: CAPTAN0
%MSG
%MSG-d ots:  Early 30-Nov-2018 11:05:40 CST pre-events
otsdaq/otsdaq-core/WorkLoopManager/WorkLoop.cc [26]	Destroying WorkLoop: CAPTAN0-SlowControls
%MSG
%MSG-d ots:  Early 30-Nov-2018 11:05:40 CST pre-events
otsdaq/otsdaq-core/WorkLoopManager/WorkLoop.cc [29]	Destroyed WorkLoop: CAPTAN0-SlowControls
%MSG
%MSG-d ots:  Early 30-Nov-2018 11:05:40 CST pre-events
otsdaq/otsdaq-core/WorkLoopManager/WorkLoop.cc [26]	Destroying WorkLoop: CAPTAN0
%MSG
%MSG-d ots:  Early 30-Nov-2018 11:05:40 CST pre-events
otsdaq/otsdaq-core/WorkLoopManager/WorkLoop.cc [29]	Destroyed WorkLoop: CAPTAN0
%MSG
%MSG-d ots:  Early 30-Nov-2018 11:12:54 CST pre-events
otsdaq/otsdaq-core/WorkLoopManager/WorkLoop.cc [26]	Destroying WorkLoop: CAPTAN0-SlowControls
%MSG
%MSG-d ots:  Early 30-Nov-2018 11:12:54 CST pre-events
otsdaq/otsdaq-core/WorkLoopManager/WorkLoop.cc [29]	Destroyed WorkLoop: CAPTAN0-SlowControls
%MSG
%MSG-d ots:  Early 30-Nov-2018 11:12:54 CST pre-events
otsdaq/otsdaq-core/WorkLoopManager/WorkLoop.cc [26]	Destroying WorkLoop: CAPTAN0
%MSG
%MSG-d ots:  Early 30-Nov-2018 11:12:54 CST pre-events
otsdaq/otsdaq-core/WorkLoopManager/WorkLoop.cc [29]	Destroyed WorkLoop: CAPTAN0
%MSG
%MSG-d ots:  Early 30-Nov-2018 11:18:00 CST pre-events
otsdaq/otsdaq-core/WorkLoopManager/WorkLoop.cc [26]	Destroying WorkLoop: CAPTAN0-SlowControls
%MSG
%MSG-d ots:  Early 30-Nov-2018 11:18:00 CST pre-events
otsdaq/otsdaq-core/WorkLoopManager/WorkLoop.cc [29]	Destroyed WorkLoop: CAPTAN0-SlowControls
%MSG
%MSG-d ots:  Early 30-Nov-2018 11:18:00 CST pre-events
otsdaq/otsdaq-core/WorkLoopManager/WorkLoop.cc [26]	Destroying WorkLoop: CAPTAN0
%MSG
%MSG-d ots:  Early 30-Nov-2018 11:18:00 CST pre-events
otsdaq/otsdaq-core/WorkLoopManager/WorkLoop.cc [29]	Destroyed WorkLoop: CAPTAN0
%MSG
%MSG-d ots:  Early 30-Nov-2018 11:22:29 CST pre-events
otsdaq/otsdaq-core/WorkLoopManager/WorkLoop.cc [26]	Destroying WorkLoop: CAPTAN0-SlowControls
%MSG
%MSG-d ots:  Early 30-Nov-2018 11:22:29 CST pre-events
otsdaq/otsdaq-core/WorkLoopManager/WorkLoop.cc [29]	Destroyed WorkLoop: CAPTAN0-SlowControls
%MSG
%MSG-d ots:  Early 30-Nov-2018 11:22:29 CST pre-events
otsdaq/otsdaq-core/WorkLoopManager/WorkLoop.cc [26]	Destroying WorkLoop: CAPTAN0
%MSG
%MSG-d ots:  Early 30-Nov-2018 11:22:29 CST pre-events
otsdaq/otsdaq-core/WorkLoopManager/WorkLoop.cc [29]	Destroyed WorkLoop: CAPTAN0
%MSG
%MSG-d ots:  Early 30-Nov-2018 11:30:16 CST pre-events
otsdaq/otsdaq-core/WorkLoopManager/WorkLoop.cc [26]	Destroying WorkLoop: CAPTAN0-SlowControls
%MSG
%MSG-d ots:  Early 30-Nov-2018 11:30:16 CST pre-events
otsdaq/otsdaq-core/WorkLoopManager/WorkLoop.cc [29]	Destroyed WorkLoop: CAPTAN0-SlowControls
%MSG
%MSG-d ots:  Early 30-Nov-2018 11:30:16 CST pre-events
otsdaq/otsdaq-core/WorkLoopManager/WorkLoop.cc [26]	Destroying WorkLoop: CAPTAN0
%MSG
%MSG-d ots:  Early 30-Nov-2018 11:30:16 CST pre-events
otsdaq/otsdaq-core/WorkLoopManager/WorkLoop.cc [29]	Destroyed WorkLoop: CAPTAN0
%MSG
%MSG-d ots:  Early 30-Nov-2018 11:56:55 CST pre-events
otsdaq/otsdaq-core/WorkLoopManager/WorkLoop.cc [26]	Destroying WorkLoop: CAPTAN0-SlowControls
%MSG
%MSG-d ots:  Early 30-Nov-2018 11:56:55 CST pre-events
otsdaq/otsdaq-core/WorkLoopManager/WorkLoop.cc [29]	Destroyed WorkLoop: CAPTAN0-SlowControls
%MSG
%MSG-d ots:  Early 30-Nov-2018 11:56:55 CST pre-events
otsdaq/otsdaq-core/WorkLoopManager/WorkLoop.cc [26]	Destroying WorkLoop: CAPTAN0
%MSG
%MSG-d ots:  Early 30-Nov-2018 11:56:55 CST pre-events
otsdaq/otsdaq-core/WorkLoopManager/WorkLoop.cc [29]	Destroyed WorkLoop: CAPTAN0
%MSG
%MSG-d ots:  Early 30-Nov-2018 12:10:31 CST pre-events
otsdaq/otsdaq-core/WorkLoopManager/WorkLoop.cc [26]	Destroying WorkLoop: CAPTAN0-SlowControls
%MSG
%MSG-d ots:  Early 30-Nov-2018 12:10:31 CST pre-events
otsdaq/otsdaq-core/WorkLoopManager/WorkLoop.cc [29]	Destroyed WorkLoop: CAPTAN0-SlowControls
%MSG
%MSG-d ots:  Early 30-Nov-2018 12:10:31 CST pre-events
otsdaq/otsdaq-core/WorkLoopManager/WorkLoop.cc [26]	Destroying WorkLoop: CAPTAN0
%MSG
%MSG-d ots:  Early 30-Nov-2018 12:10:31 CST pre-events
otsdaq/otsdaq-core/WorkLoopManager/WorkLoop.cc [29]	Destroyed WorkLoop: CAPTAN0
%MSG
%MSG-d ots:  Early 30-Nov-2018 15:02:38 CST pre-events
otsdaq/otsdaq-core/WorkLoopManager/WorkLoop.cc [26]	Destroying WorkLoop: CAPTAN0-SlowControls
%MSG
%MSG-d ots:  Early 30-Nov-2018 15:02:38 CST pre-events
otsdaq/otsdaq-core/WorkLoopManager/WorkLoop.cc [29]	Destroyed WorkLoop: CAPTAN0-SlowControls
%MSG
%MSG-d ots:  Early 30-Nov-2018 15:02:38 CST pre-events
otsdaq/otsdaq-core/WorkLoopManager/WorkLoop.cc [26]	Destroying WorkLoop: CAPTAN0
%MSG
%MSG-d ots:  Early 30-Nov-2018 15:02:38 CST pre-events
otsdaq/otsdaq-core/WorkLoopManager/WorkLoop.cc [29]	Destroyed WorkLoop: CAPTAN0
%MSG
%MSG-d ots:  Early 30-Nov-2018 15:11:35 CST pre-events
otsdaq/otsdaq-core/WorkLoopManager/WorkLoop.cc [26]	Destroying WorkLoop: CAPTAN0-SlowControls
%MSG
%MSG-d ots:  Early 30-Nov-2018 15:11:35 CST pre-events
otsdaq/otsdaq-core/WorkLoopManager/WorkLoop.cc [29]	Destroyed WorkLoop: CAPTAN0-SlowControls
%MSG
%MSG-d ots:  Early 30-Nov-2018 15:11:35 CST pre-events
otsdaq/otsdaq-core/WorkLoopManager/WorkLoop.cc [26]	Destroying WorkLoop: CAPTAN0
%MSG
%MSG-d ots:  Early 30-Nov-2018 15:11:35 CST pre-events
otsdaq/otsdaq-core/WorkLoopManager/WorkLoop.cc [29]	Destroyed WorkLoop: CAPTAN0
%MSG
%MSG-d ots:  Early 30-Nov-2018 15:19:04 CST pre-events
otsdaq/otsdaq-core/WorkLoopManager/WorkLoop.cc [26]	Destroying WorkLoop: CAPTAN0-SlowControls
%MSG
%MSG-d ots:  Early 30-Nov-2018 15:19:04 CST pre-events
otsdaq/otsdaq-core/WorkLoopManager/WorkLoop.cc [29]	Destroyed WorkLoop: CAPTAN0-SlowControls
%MSG
%MSG-d ots:  Early 30-Nov-2018 15:19:04 CST pre-events
otsdaq/otsdaq-core/WorkLoopManager/WorkLoop.cc [26]	Destroying WorkLoop: CAPTAN0
%MSG
%MSG-d ots:  Early 30-Nov-2018 15:19:04 CST pre-events
otsdaq/otsdaq-core/WorkLoopManager/WorkLoop.cc [29]	Destroyed WorkLoop: CAPTAN0
%MSG
%MSG-d ots:  Early 30-Nov-2018 15:28:48 CST pre-events
otsdaq/otsdaq-core/WorkLoopManager/WorkLoop.cc [26]	Destroying WorkLoop: CAPTAN0-SlowControls
%MSG
%MSG-d ots:  Early 30-Nov-2018 15:28:48 CST pre-events
otsdaq/otsdaq-core/WorkLoopManager/WorkLoop.cc [29]	Destroyed WorkLoop: CAPTAN0-SlowControls
%MSG
%MSG-d ots:  Early 30-Nov-2018 15:28:48 CST pre-events
otsdaq/otsdaq-core/WorkLoopManager/WorkLoop.cc [26]	Destroying WorkLoop: CAPTAN0
%MSG
%MSG-d ots:  Early 30-Nov-2018 15:28:48 CST pre-events
otsdaq/otsdaq-core/WorkLoopManager/WorkLoop.cc [29]	Destroyed WorkLoop: CAPTAN0
%MSG
