%MSG-i configureMessageFacility:  CorePropertySupervisorBase  26-Oct-2018 13:36:54 CDT pre-events configureMessageFacility.cc:286
Message Facility Application CorePropertySupervisorBase configured with: debugModules:["*"] destinations:{file:{append:false directory:"/home/mu2edaq/sync_demo/ots/srcs/otsdaq_mu2e/Data/Logs/CorePropertySupervisorBase" pattern:"CorePropertySupervisorBase-%?H%t-%p.log" seperator:"-" threshold:"DEBUG" timestamp_pattern:"%Y%m%d%H%M%S" type:"GenFile"} udp:{host:"127.0.0.1" port:30000 threshold:"DEBUG" type:"UDP"}}
%MSG
%MSG-i _TCPConnect:  CorePropertySupervisorBase 26-Oct-2018 13:36:54 CDT  pre-events TCPConnect.cc:334
Resolving host 127.0.0.1, on port 30000
%MSG
%MSG-i _TCPConnect:  CorePropertySupervisorBase 26-Oct-2018 13:36:54 CDT  pre-events TCPConnect.cc:241
Resolving ip mu2edaq04.fnal.gov
%MSG
%MSG-i configureMessageFacility:  RunControlStateMachine  26-Oct-2018 13:36:55 CDT pre-events configureMessageFacility.cc:286
Message Facility Application RunControlStateMachine configured with: debugModules:["*"] destinations:{file:{append:false directory:"/home/mu2edaq/sync_demo/ots/srcs/otsdaq_mu2e/Data/Logs/RunControlStateMachine" pattern:"RunControlStateMachine-%?H%t-%p.log" seperator:"-" threshold:"DEBUG" timestamp_pattern:"%Y%m%d%H%M%S" type:"GenFile"} udp:{host:"127.0.0.1" port:30000 threshold:"DEBUG" type:"UDP"}}
%MSG
%MSG-i configureMessageFacility:  CoreSupervisorBase 26-Oct-2018 13:36:55 CDT  pre-events configureMessageFacility.cc:286
Message Facility Application CoreSupervisorBase configured with: debugModules:["*"] destinations:{file:{append:false directory:"/home/mu2edaq/sync_demo/ots/srcs/otsdaq_mu2e/Data/Logs/CoreSupervisorBase" pattern:"CoreSupervisorBase-%?H%t-%p.log" seperator:"-" threshold:"DEBUG" timestamp_pattern:"%Y%m%d%H%M%S" type:"GenFile"} udp:{host:"127.0.0.1" port:30000 threshold:"DEBUG" type:"UDP"}}
%MSG
%MSG-d CFOFrontEndInterface:  Early 26-Oct-2018 13:38:38 CDT pre-events
otsdaq_mu2e/otsdaq-mu2e/FEInterfaces/CFOFrontEndInterface_interface.cc [565]	 Looping back DTC0 ROC0
%MSG
%MSG-d CFOFrontEndInterface:  Early 26-Oct-2018 13:38:51 CDT pre-events
otsdaq_mu2e/otsdaq-mu2e/FEInterfaces/CFOFrontEndInterface_interface.cc [565]	 Looping back DTC0 ROC1
%MSG
%MSG-d CFOFrontEndInterface:  Early 26-Oct-2018 13:39:04 CDT pre-events
otsdaq_mu2e/otsdaq-mu2e/FEInterfaces/CFOFrontEndInterface_interface.cc [565]	 Looping back DTC1 ROC0
%MSG
%MSG-d CFOFrontEndInterface:  Early 26-Oct-2018 13:39:17 CDT pre-events
otsdaq_mu2e/otsdaq-mu2e/FEInterfaces/CFOFrontEndInterface_interface.cc [565]	 Looping back DTC1 ROC1
%MSG
%MSG-d CFOFrontEndInterface:  Early 26-Oct-2018 13:39:26 CDT pre-events
otsdaq_mu2e/otsdaq-mu2e/FEInterfaces/CFOFrontEndInterface_interface.cc [508]	-------------------------
%MSG
%MSG-d CFOFrontEndInterface:  Early 26-Oct-2018 13:39:26 CDT pre-events
otsdaq_mu2e/otsdaq-mu2e/FEInterfaces/CFOFrontEndInterface_interface.cc [509]	FULL SYSTEM loopback DONE
%MSG
%MSG-d CFOFrontEndInterface:  Early 26-Oct-2018 13:39:26 CDT pre-events
otsdaq_mu2e/otsdaq-mu2e/FEInterfaces/CFOFrontEndInterface_interface.cc [514]	chain 0 - DTC 0 - ROC 0 = 96
%MSG
%MSG-d CFOFrontEndInterface:  Early 26-Oct-2018 13:39:26 CDT pre-events
otsdaq_mu2e/otsdaq-mu2e/FEInterfaces/CFOFrontEndInterface_interface.cc [514]	chain 0 - DTC 0 - ROC 1 = 97
%MSG
%MSG-d CFOFrontEndInterface:  Early 26-Oct-2018 13:39:26 CDT pre-events
otsdaq_mu2e/otsdaq-mu2e/FEInterfaces/CFOFrontEndInterface_interface.cc [514]	chain 0 - DTC 1 - ROC 0 = 142
%MSG
%MSG-d CFOFrontEndInterface:  Early 26-Oct-2018 13:39:26 CDT pre-events
otsdaq_mu2e/otsdaq-mu2e/FEInterfaces/CFOFrontEndInterface_interface.cc [514]	chain 0 - DTC 1 - ROC 1 = -999
%MSG
%MSG-d CFOFrontEndInterface:  Early 26-Oct-2018 13:39:26 CDT pre-events
otsdaq_mu2e/otsdaq-mu2e/FEInterfaces/CFOFrontEndInterface_interface.cc [522]	-------------------------
%MSG
%MSG-d CFOFrontEndInterface:  Early 26-Oct-2018 13:40:10 CDT pre-events
otsdaq_mu2e/otsdaq-mu2e/FEInterfaces/CFOFrontEndInterface_interface.cc [565]	 Looping back DTC0 ROC0
%MSG
%MSG-d CFOFrontEndInterface:  Early 26-Oct-2018 13:40:24 CDT pre-events
otsdaq_mu2e/otsdaq-mu2e/FEInterfaces/CFOFrontEndInterface_interface.cc [565]	 Looping back DTC0 ROC1
%MSG
%MSG-d CFOFrontEndInterface:  Early 26-Oct-2018 13:40:37 CDT pre-events
otsdaq_mu2e/otsdaq-mu2e/FEInterfaces/CFOFrontEndInterface_interface.cc [565]	 Looping back DTC1 ROC0
%MSG
%MSG-d CFOFrontEndInterface:  Early 26-Oct-2018 13:40:50 CDT pre-events
otsdaq_mu2e/otsdaq-mu2e/FEInterfaces/CFOFrontEndInterface_interface.cc [565]	 Looping back DTC1 ROC1
%MSG
%MSG-d CFOFrontEndInterface:  Early 26-Oct-2018 13:40:59 CDT pre-events
otsdaq_mu2e/otsdaq-mu2e/FEInterfaces/CFOFrontEndInterface_interface.cc [508]	-------------------------
%MSG
%MSG-d CFOFrontEndInterface:  Early 26-Oct-2018 13:40:59 CDT pre-events
otsdaq_mu2e/otsdaq-mu2e/FEInterfaces/CFOFrontEndInterface_interface.cc [509]	FULL SYSTEM loopback DONE
%MSG
%MSG-d CFOFrontEndInterface:  Early 26-Oct-2018 13:40:59 CDT pre-events
otsdaq_mu2e/otsdaq-mu2e/FEInterfaces/CFOFrontEndInterface_interface.cc [514]	chain 0 - DTC 0 - ROC 0 = 96
%MSG
%MSG-d CFOFrontEndInterface:  Early 26-Oct-2018 13:40:59 CDT pre-events
otsdaq_mu2e/otsdaq-mu2e/FEInterfaces/CFOFrontEndInterface_interface.cc [514]	chain 0 - DTC 0 - ROC 1 = 97
%MSG
%MSG-d CFOFrontEndInterface:  Early 26-Oct-2018 13:40:59 CDT pre-events
otsdaq_mu2e/otsdaq-mu2e/FEInterfaces/CFOFrontEndInterface_interface.cc [514]	chain 0 - DTC 1 - ROC 0 = 142
%MSG
%MSG-d CFOFrontEndInterface:  Early 26-Oct-2018 13:40:59 CDT pre-events
otsdaq_mu2e/otsdaq-mu2e/FEInterfaces/CFOFrontEndInterface_interface.cc [514]	chain 0 - DTC 1 - ROC 1 = -999
%MSG
%MSG-d CFOFrontEndInterface:  Early 26-Oct-2018 13:40:59 CDT pre-events
otsdaq_mu2e/otsdaq-mu2e/FEInterfaces/CFOFrontEndInterface_interface.cc [522]	-------------------------
%MSG
%MSG-d ots:  Early 26-Oct-2018 13:41:53 CDT pre-events
otsdaq/otsdaq-core/WorkLoopManager/WorkLoop.cc [26]	Destroying WorkLoop: CFO0-SlowControls
%MSG
%MSG-d ots:  Early 26-Oct-2018 13:41:53 CDT pre-events
otsdaq/otsdaq-core/WorkLoopManager/WorkLoop.cc [29]	Destroyed WorkLoop: CFO0-SlowControls
%MSG
%MSG-d ots:  Early 26-Oct-2018 13:41:53 CDT pre-events
otsdaq/otsdaq-core/WorkLoopManager/WorkLoop.cc [26]	Destroying WorkLoop: CFO0
%MSG
%MSG-d ots:  Early 26-Oct-2018 13:41:53 CDT pre-events
otsdaq/otsdaq-core/WorkLoopManager/WorkLoop.cc [29]	Destroyed WorkLoop: CFO0
%MSG
