%MSG-i configureMessageFacility:  CorePropertySupervisorBase  04-Dec-2018 11:21:05 CST pre-events configureMessageFacility.cc:286
Message Facility Application CorePropertySupervisorBase configured with: debugModules:["*"] destinations:{file:{append:false directory:"/home/mu2edaq/sync_demo/ots/srcs/otsdaq_mu2e/Data/Logs/CorePropertySupervisorBase" pattern:"CorePropertySupervisorBase-%?H%t-%p.log" seperator:"-" threshold:"DEBUG" timestamp_pattern:"%Y%m%d%H%M%S" type:"GenFile"} udp:{host:"192.168.157.6" port:30000 threshold:"DEBUG" type:"UDP"}}
%MSG
%MSG-i _TCPConnect:  CorePropertySupervisorBase 04-Dec-2018 11:21:05 CST  pre-events TCPConnect.cc:334
Resolving host 192.168.157.6, on port 30000
%MSG
%MSG-i _TCPConnect:  CorePropertySupervisorBase 04-Dec-2018 11:21:05 CST  pre-events TCPConnect.cc:241
Resolving ip mu2edaq04.fnal.gov
%MSG
%MSG-i configureMessageFacility:  RunControlStateMachine  04-Dec-2018 11:21:06 CST pre-events configureMessageFacility.cc:286
Message Facility Application RunControlStateMachine configured with: debugModules:["*"] destinations:{file:{append:false directory:"/home/mu2edaq/sync_demo/ots/srcs/otsdaq_mu2e/Data/Logs/RunControlStateMachine" pattern:"RunControlStateMachine-%?H%t-%p.log" seperator:"-" threshold:"DEBUG" timestamp_pattern:"%Y%m%d%H%M%S" type:"GenFile"} udp:{host:"192.168.157.6" port:30000 threshold:"DEBUG" type:"UDP"}}
%MSG
%MSG-i configureMessageFacility:  CoreSupervisorBase 04-Dec-2018 11:21:06 CST  pre-events configureMessageFacility.cc:286
Message Facility Application CoreSupervisorBase configured with: debugModules:["*"] destinations:{file:{append:false directory:"/home/mu2edaq/sync_demo/ots/srcs/otsdaq_mu2e/Data/Logs/CoreSupervisorBase" pattern:"CoreSupervisorBase-%?H%t-%p.log" seperator:"-" threshold:"DEBUG" timestamp_pattern:"%Y%m%d%H%M%S" type:"GenFile"} udp:{host:"192.168.157.6" port:30000 threshold:"DEBUG" type:"UDP"}}
%MSG
%MSG-i CFOFrontEndInterface:  Early 04-Dec-2018 11:21:24 CST pre-events
otsdaq_mu2e/otsdaq-mu2e/FEInterfaces/CFOFrontEndInterface_interface.cc [425]	Step 1: CFO reset clock...
%MSG
%MSG-i CFOFrontEndInterface:  Early 04-Dec-2018 11:22:04 CST pre-events
otsdaq_mu2e/otsdaq-mu2e/FEInterfaces/CFOFrontEndInterface_interface.cc [466]	Step 3: CFO reset TX...
%MSG
%MSG-i CFOFrontEndInterface:  Early 04-Dec-2018 11:22:24 CST pre-events
otsdaq_mu2e/otsdaq-mu2e/FEInterfaces/CFOFrontEndInterface_interface.cc [486]	Step 6: CFO enable Event start characters, SERDES Tx and Rx, and event window interval
%MSG
%MSG-i CFOFrontEndInterface:  Early 04-Dec-2018 11:22:27 CST pre-events
otsdaq_mu2e/otsdaq-mu2e/FEInterfaces/CFOFrontEndInterface_interface.cc [508]	--------------
%MSG
%MSG-i CFOFrontEndInterface:  Early 04-Dec-2018 11:22:27 CST pre-events
otsdaq_mu2e/otsdaq-mu2e/FEInterfaces/CFOFrontEndInterface_interface.cc [509]	CFO configured
%MSG
%MSG-i CFOFrontEndInterface:  Early 04-Dec-2018 11:22:27 CST pre-events
otsdaq_mu2e/otsdaq-mu2e/FEInterfaces/CFOFrontEndInterface_interface.cc [513]	CFO links OK = 0x1
%MSG
%MSG-i CFOFrontEndInterface:  Early 04-Dec-2018 11:33:36 CST pre-events
otsdaq_mu2e/otsdaq-mu2e/FEInterfaces/CFOFrontEndInterface_interface.cc [639]	 Looping back DTC0 ROC0
%MSG
%MSG-d CFOFrontEndInterface:  Early 04-Dec-2018 11:33:41 CST pre-events
otsdaq_mu2e/otsdaq-mu2e/FEInterfaces/CFOFrontEndInterface_interface.cc [651]	LOOPBACK: on DTC 0
%MSG
%MSG-d CFOFrontEndInterface:  Early 04-Dec-2018 11:33:41 CST pre-events
otsdaq_mu2e/otsdaq-mu2e/FEInterfaces/CFOFrontEndInterface_interface.cc [362]	 delay [ 165 ] = 0
%MSG
%MSG-d CFOFrontEndInterface:  Early 04-Dec-2018 11:33:41 CST pre-events
otsdaq_mu2e/otsdaq-mu2e/FEInterfaces/CFOFrontEndInterface_interface.cc [362]	 delay [ 166 ] = 0
%MSG
%MSG-d CFOFrontEndInterface:  Early 04-Dec-2018 11:33:41 CST pre-events
otsdaq_mu2e/otsdaq-mu2e/FEInterfaces/CFOFrontEndInterface_interface.cc [362]	 delay [ 167 ] = 0
%MSG
%MSG-d CFOFrontEndInterface:  Early 04-Dec-2018 11:33:41 CST pre-events
otsdaq_mu2e/otsdaq-mu2e/FEInterfaces/CFOFrontEndInterface_interface.cc [362]	 delay [ 168 ] = 0
%MSG
%MSG-d CFOFrontEndInterface:  Early 04-Dec-2018 11:33:41 CST pre-events
otsdaq_mu2e/otsdaq-mu2e/FEInterfaces/CFOFrontEndInterface_interface.cc [362]	 delay [ 169 ] = 0
%MSG
%MSG-d CFOFrontEndInterface:  Early 04-Dec-2018 11:33:41 CST pre-events
otsdaq_mu2e/otsdaq-mu2e/FEInterfaces/CFOFrontEndInterface_interface.cc [362]	 delay [ 170 ] = 1
%MSG
%MSG-d CFOFrontEndInterface:  Early 04-Dec-2018 11:33:41 CST pre-events
otsdaq_mu2e/otsdaq-mu2e/FEInterfaces/CFOFrontEndInterface_interface.cc [362]	 delay [ 171 ] = 0
%MSG
%MSG-d CFOFrontEndInterface:  Early 04-Dec-2018 11:33:41 CST pre-events
otsdaq_mu2e/otsdaq-mu2e/FEInterfaces/CFOFrontEndInterface_interface.cc [362]	 delay [ 172 ] = 22
%MSG
%MSG-d CFOFrontEndInterface:  Early 04-Dec-2018 11:33:41 CST pre-events
otsdaq_mu2e/otsdaq-mu2e/FEInterfaces/CFOFrontEndInterface_interface.cc [362]	 delay [ 173 ] = 77
%MSG
%MSG-d CFOFrontEndInterface:  Early 04-Dec-2018 11:33:41 CST pre-events
otsdaq_mu2e/otsdaq-mu2e/FEInterfaces/CFOFrontEndInterface_interface.cc [362]	 delay [ 174 ] = 0
%MSG
%MSG-d CFOFrontEndInterface:  Early 04-Dec-2018 11:33:41 CST pre-events
otsdaq_mu2e/otsdaq-mu2e/FEInterfaces/CFOFrontEndInterface_interface.cc [362]	 delay [ 175 ] = 0
%MSG
%MSG-d CFOFrontEndInterface:  Early 04-Dec-2018 11:33:41 CST pre-events
otsdaq_mu2e/otsdaq-mu2e/FEInterfaces/CFOFrontEndInterface_interface.cc [362]	 delay [ 176 ] = 0
%MSG
%MSG-d CFOFrontEndInterface:  Early 04-Dec-2018 11:33:41 CST pre-events
otsdaq_mu2e/otsdaq-mu2e/FEInterfaces/CFOFrontEndInterface_interface.cc [362]	 delay [ 177 ] = 0
%MSG
%MSG-i CFOFrontEndInterface:  Early 04-Dec-2018 11:33:45 CST pre-events
otsdaq_mu2e/otsdaq-mu2e/FEInterfaces/CFOFrontEndInterface_interface.cc [639]	 Looping back DTC1 ROC0
%MSG
%MSG-d CFOFrontEndInterface:  Early 04-Dec-2018 11:33:50 CST pre-events
otsdaq_mu2e/otsdaq-mu2e/FEInterfaces/CFOFrontEndInterface_interface.cc [651]	LOOPBACK: on DTC 0
%MSG
%MSG-d CFOFrontEndInterface:  Early 04-Dec-2018 11:33:50 CST pre-events
otsdaq_mu2e/otsdaq-mu2e/FEInterfaces/CFOFrontEndInterface_interface.cc [362]	 delay [ 200 ] = 0
%MSG
%MSG-d CFOFrontEndInterface:  Early 04-Dec-2018 11:33:50 CST pre-events
otsdaq_mu2e/otsdaq-mu2e/FEInterfaces/CFOFrontEndInterface_interface.cc [362]	 delay [ 201 ] = 0
%MSG
%MSG-d CFOFrontEndInterface:  Early 04-Dec-2018 11:33:50 CST pre-events
otsdaq_mu2e/otsdaq-mu2e/FEInterfaces/CFOFrontEndInterface_interface.cc [362]	 delay [ 202 ] = 0
%MSG
%MSG-d CFOFrontEndInterface:  Early 04-Dec-2018 11:33:50 CST pre-events
otsdaq_mu2e/otsdaq-mu2e/FEInterfaces/CFOFrontEndInterface_interface.cc [362]	 delay [ 203 ] = 0
%MSG
%MSG-d CFOFrontEndInterface:  Early 04-Dec-2018 11:33:50 CST pre-events
otsdaq_mu2e/otsdaq-mu2e/FEInterfaces/CFOFrontEndInterface_interface.cc [362]	 delay [ 204 ] = 0
%MSG
%MSG-d CFOFrontEndInterface:  Early 04-Dec-2018 11:33:50 CST pre-events
otsdaq_mu2e/otsdaq-mu2e/FEInterfaces/CFOFrontEndInterface_interface.cc [362]	 delay [ 205 ] = 33
%MSG
%MSG-d CFOFrontEndInterface:  Early 04-Dec-2018 11:33:50 CST pre-events
otsdaq_mu2e/otsdaq-mu2e/FEInterfaces/CFOFrontEndInterface_interface.cc [362]	 delay [ 206 ] = 67
%MSG
%MSG-d CFOFrontEndInterface:  Early 04-Dec-2018 11:33:50 CST pre-events
otsdaq_mu2e/otsdaq-mu2e/FEInterfaces/CFOFrontEndInterface_interface.cc [362]	 delay [ 207 ] = 0
%MSG
%MSG-d CFOFrontEndInterface:  Early 04-Dec-2018 11:33:50 CST pre-events
otsdaq_mu2e/otsdaq-mu2e/FEInterfaces/CFOFrontEndInterface_interface.cc [362]	 delay [ 208 ] = 0
%MSG
%MSG-d CFOFrontEndInterface:  Early 04-Dec-2018 11:33:50 CST pre-events
otsdaq_mu2e/otsdaq-mu2e/FEInterfaces/CFOFrontEndInterface_interface.cc [362]	 delay [ 209 ] = 0
%MSG
%MSG-d CFOFrontEndInterface:  Early 04-Dec-2018 11:33:50 CST pre-events
otsdaq_mu2e/otsdaq-mu2e/FEInterfaces/CFOFrontEndInterface_interface.cc [362]	 delay [ 210 ] = 0
%MSG
%MSG-i CFOFrontEndInterface:  Early 04-Dec-2018 11:33:51 CST pre-events
otsdaq_mu2e/otsdaq-mu2e/FEInterfaces/CFOFrontEndInterface_interface.cc [585]	-------------------------
%MSG
%MSG-i CFOFrontEndInterface:  Early 04-Dec-2018 11:33:51 CST pre-events
otsdaq_mu2e/otsdaq-mu2e/FEInterfaces/CFOFrontEndInterface_interface.cc [586]	FULL SYSTEM loopback DONE
%MSG
%MSG-i CFOFrontEndInterface:  Early 04-Dec-2018 11:33:51 CST pre-events
otsdaq_mu2e/otsdaq-mu2e/FEInterfaces/CFOFrontEndInterface_interface.cc [592]	chain 0 - DTC 0 - ROC 0 = 172.75
%MSG
%MSG-i CFOFrontEndInterface:  Early 04-Dec-2018 11:33:51 CST pre-events
otsdaq_mu2e/otsdaq-mu2e/FEInterfaces/CFOFrontEndInterface_interface.cc [592]	chain 0 - DTC 1 - ROC 0 = 205.67
%MSG
%MSG-i CFOFrontEndInterface:  Early 04-Dec-2018 11:33:51 CST pre-events
otsdaq_mu2e/otsdaq-mu2e/FEInterfaces/CFOFrontEndInterface_interface.cc [596]	-------------------------
%MSG
%MSG-d ots:  Early 04-Dec-2018 12:00:16 CST pre-events
otsdaq/otsdaq-core/WorkLoopManager/WorkLoop.cc [26]	Destroying WorkLoop: CFO0-SlowControls
%MSG
%MSG-d ots:  Early 04-Dec-2018 12:00:16 CST pre-events
otsdaq/otsdaq-core/WorkLoopManager/WorkLoop.cc [29]	Destroyed WorkLoop: CFO0-SlowControls
%MSG
%MSG-d ots:  Early 04-Dec-2018 12:00:16 CST pre-events
otsdaq/otsdaq-core/WorkLoopManager/WorkLoop.cc [26]	Destroying WorkLoop: CFO0
%MSG
%MSG-d ots:  Early 04-Dec-2018 12:00:16 CST pre-events
otsdaq/otsdaq-core/WorkLoopManager/WorkLoop.cc [29]	Destroyed WorkLoop: CFO0
%MSG
%MSG-i CFOFrontEndInterface:  Early 04-Dec-2018 12:00:46 CST pre-events
otsdaq_mu2e/otsdaq-mu2e/FEInterfaces/CFOFrontEndInterface_interface.cc [425]	Step 1: CFO reset clock...
%MSG
%MSG-i CFOFrontEndInterface:  Early 04-Dec-2018 12:01:26 CST pre-events
otsdaq_mu2e/otsdaq-mu2e/FEInterfaces/CFOFrontEndInterface_interface.cc [466]	Step 3: CFO reset TX...
%MSG
%MSG-i CFOFrontEndInterface:  Early 04-Dec-2018 12:01:47 CST pre-events
otsdaq_mu2e/otsdaq-mu2e/FEInterfaces/CFOFrontEndInterface_interface.cc [486]	Step 6: CFO enable Event start characters, SERDES Tx and Rx, and event window interval
%MSG
%MSG-i CFOFrontEndInterface:  Early 04-Dec-2018 12:01:50 CST pre-events
otsdaq_mu2e/otsdaq-mu2e/FEInterfaces/CFOFrontEndInterface_interface.cc [508]	--------------
%MSG
%MSG-i CFOFrontEndInterface:  Early 04-Dec-2018 12:01:50 CST pre-events
otsdaq_mu2e/otsdaq-mu2e/FEInterfaces/CFOFrontEndInterface_interface.cc [509]	CFO configured
%MSG
%MSG-i CFOFrontEndInterface:  Early 04-Dec-2018 12:01:50 CST pre-events
otsdaq_mu2e/otsdaq-mu2e/FEInterfaces/CFOFrontEndInterface_interface.cc [513]	CFO links OK = 0x1
%MSG
%MSG-d ots:  Early 04-Dec-2018 13:36:44 CST pre-events
otsdaq/otsdaq-core/WorkLoopManager/WorkLoop.cc [26]	Destroying WorkLoop: CFO0-SlowControls
%MSG
%MSG-d ots:  Early 04-Dec-2018 13:36:44 CST pre-events
otsdaq/otsdaq-core/WorkLoopManager/WorkLoop.cc [29]	Destroyed WorkLoop: CFO0-SlowControls
%MSG
%MSG-d ots:  Early 04-Dec-2018 13:36:44 CST pre-events
otsdaq/otsdaq-core/WorkLoopManager/WorkLoop.cc [26]	Destroying WorkLoop: CFO0
%MSG
%MSG-d ots:  Early 04-Dec-2018 13:36:44 CST pre-events
otsdaq/otsdaq-core/WorkLoopManager/WorkLoop.cc [29]	Destroyed WorkLoop: CFO0
%MSG
%MSG-i CFOFrontEndInterface:  Early 04-Dec-2018 13:36:54 CST pre-events
otsdaq_mu2e/otsdaq-mu2e/FEInterfaces/CFOFrontEndInterface_interface.cc [425]	Step 1: CFO reset clock...
%MSG
%MSG-i CFOFrontEndInterface:  Early 04-Dec-2018 13:37:35 CST pre-events
otsdaq_mu2e/otsdaq-mu2e/FEInterfaces/CFOFrontEndInterface_interface.cc [466]	Step 3: CFO reset TX...
%MSG
%MSG-i CFOFrontEndInterface:  Early 04-Dec-2018 13:37:55 CST pre-events
otsdaq_mu2e/otsdaq-mu2e/FEInterfaces/CFOFrontEndInterface_interface.cc [486]	Step 6: CFO enable Event start characters, SERDES Tx and Rx, and event window interval
%MSG
%MSG-i CFOFrontEndInterface:  Early 04-Dec-2018 13:37:58 CST pre-events
otsdaq_mu2e/otsdaq-mu2e/FEInterfaces/CFOFrontEndInterface_interface.cc [508]	--------------
%MSG
%MSG-i CFOFrontEndInterface:  Early 04-Dec-2018 13:37:58 CST pre-events
otsdaq_mu2e/otsdaq-mu2e/FEInterfaces/CFOFrontEndInterface_interface.cc [509]	CFO configured
%MSG
%MSG-i CFOFrontEndInterface:  Early 04-Dec-2018 13:37:58 CST pre-events
otsdaq_mu2e/otsdaq-mu2e/FEInterfaces/CFOFrontEndInterface_interface.cc [513]	CFO links OK = 0x1
%MSG
%MSG-d ots:  Early 04-Dec-2018 13:51:17 CST pre-events
otsdaq/otsdaq-core/WorkLoopManager/WorkLoop.cc [26]	Destroying WorkLoop: CFO0-SlowControls
%MSG
%MSG-d ots:  Early 04-Dec-2018 13:51:17 CST pre-events
otsdaq/otsdaq-core/WorkLoopManager/WorkLoop.cc [29]	Destroyed WorkLoop: CFO0-SlowControls
%MSG
%MSG-d ots:  Early 04-Dec-2018 13:51:17 CST pre-events
otsdaq/otsdaq-core/WorkLoopManager/WorkLoop.cc [26]	Destroying WorkLoop: CFO0
%MSG
%MSG-d ots:  Early 04-Dec-2018 13:51:17 CST pre-events
otsdaq/otsdaq-core/WorkLoopManager/WorkLoop.cc [29]	Destroyed WorkLoop: CFO0
%MSG
%MSG-i CFOFrontEndInterface:  Early 04-Dec-2018 13:51:30 CST pre-events
otsdaq_mu2e/otsdaq-mu2e/FEInterfaces/CFOFrontEndInterface_interface.cc [425]	Step 1: CFO reset clock...
%MSG
%MSG-i CFOFrontEndInterface:  Early 04-Dec-2018 13:52:10 CST pre-events
otsdaq_mu2e/otsdaq-mu2e/FEInterfaces/CFOFrontEndInterface_interface.cc [466]	Step 3: CFO reset TX...
%MSG
%MSG-i CFOFrontEndInterface:  Early 04-Dec-2018 13:52:31 CST pre-events
otsdaq_mu2e/otsdaq-mu2e/FEInterfaces/CFOFrontEndInterface_interface.cc [486]	Step 6: CFO enable Event start characters, SERDES Tx and Rx, and event window interval
%MSG
%MSG-i CFOFrontEndInterface:  Early 04-Dec-2018 13:52:34 CST pre-events
otsdaq_mu2e/otsdaq-mu2e/FEInterfaces/CFOFrontEndInterface_interface.cc [508]	--------------
%MSG
%MSG-i CFOFrontEndInterface:  Early 04-Dec-2018 13:52:34 CST pre-events
otsdaq_mu2e/otsdaq-mu2e/FEInterfaces/CFOFrontEndInterface_interface.cc [509]	CFO configured
%MSG
%MSG-i CFOFrontEndInterface:  Early 04-Dec-2018 13:52:34 CST pre-events
otsdaq_mu2e/otsdaq-mu2e/FEInterfaces/CFOFrontEndInterface_interface.cc [513]	CFO links OK = 0x1
%MSG
%MSG-i CFOFrontEndInterface:  Early 04-Dec-2018 14:02:33 CST pre-events
otsdaq_mu2e/otsdaq-mu2e/FEInterfaces/CFOFrontEndInterface_interface.cc [639]	 Looping back DTC0 ROC0
%MSG
%MSG-d CFOFrontEndInterface:  Early 04-Dec-2018 14:02:38 CST pre-events
otsdaq_mu2e/otsdaq-mu2e/FEInterfaces/CFOFrontEndInterface_interface.cc [651]	LOOPBACK: on DTC 0
%MSG
%MSG-d CFOFrontEndInterface:  Early 04-Dec-2018 14:02:38 CST pre-events
otsdaq_mu2e/otsdaq-mu2e/FEInterfaces/CFOFrontEndInterface_interface.cc [362]	 delay [ 163 ] = 0
%MSG
%MSG-d CFOFrontEndInterface:  Early 04-Dec-2018 14:02:38 CST pre-events
otsdaq_mu2e/otsdaq-mu2e/FEInterfaces/CFOFrontEndInterface_interface.cc [362]	 delay [ 164 ] = 0
%MSG
%MSG-d CFOFrontEndInterface:  Early 04-Dec-2018 14:02:38 CST pre-events
otsdaq_mu2e/otsdaq-mu2e/FEInterfaces/CFOFrontEndInterface_interface.cc [362]	 delay [ 165 ] = 0
%MSG
%MSG-d CFOFrontEndInterface:  Early 04-Dec-2018 14:02:38 CST pre-events
otsdaq_mu2e/otsdaq-mu2e/FEInterfaces/CFOFrontEndInterface_interface.cc [362]	 delay [ 166 ] = 0
%MSG
%MSG-d CFOFrontEndInterface:  Early 04-Dec-2018 14:02:38 CST pre-events
otsdaq_mu2e/otsdaq-mu2e/FEInterfaces/CFOFrontEndInterface_interface.cc [362]	 delay [ 167 ] = 0
%MSG
%MSG-d CFOFrontEndInterface:  Early 04-Dec-2018 14:02:38 CST pre-events
otsdaq_mu2e/otsdaq-mu2e/FEInterfaces/CFOFrontEndInterface_interface.cc [362]	 delay [ 168 ] = 100
%MSG
%MSG-d CFOFrontEndInterface:  Early 04-Dec-2018 14:02:38 CST pre-events
otsdaq_mu2e/otsdaq-mu2e/FEInterfaces/CFOFrontEndInterface_interface.cc [362]	 delay [ 169 ] = 0
%MSG
%MSG-d CFOFrontEndInterface:  Early 04-Dec-2018 14:02:38 CST pre-events
otsdaq_mu2e/otsdaq-mu2e/FEInterfaces/CFOFrontEndInterface_interface.cc [362]	 delay [ 170 ] = 0
%MSG
%MSG-d CFOFrontEndInterface:  Early 04-Dec-2018 14:02:38 CST pre-events
otsdaq_mu2e/otsdaq-mu2e/FEInterfaces/CFOFrontEndInterface_interface.cc [362]	 delay [ 171 ] = 0
%MSG
%MSG-d CFOFrontEndInterface:  Early 04-Dec-2018 14:02:38 CST pre-events
otsdaq_mu2e/otsdaq-mu2e/FEInterfaces/CFOFrontEndInterface_interface.cc [362]	 delay [ 172 ] = 0
%MSG
%MSG-i CFOFrontEndInterface:  Early 04-Dec-2018 14:02:43 CST pre-events
otsdaq_mu2e/otsdaq-mu2e/FEInterfaces/CFOFrontEndInterface_interface.cc [639]	 Looping back DTC1 ROC0
%MSG
%MSG-d CFOFrontEndInterface:  Early 04-Dec-2018 14:02:48 CST pre-events
otsdaq_mu2e/otsdaq-mu2e/FEInterfaces/CFOFrontEndInterface_interface.cc [651]	LOOPBACK: on DTC 0
%MSG
%MSG-d CFOFrontEndInterface:  Early 04-Dec-2018 14:02:48 CST pre-events
otsdaq_mu2e/otsdaq-mu2e/FEInterfaces/CFOFrontEndInterface_interface.cc [362]	 delay [ 200 ] = 0
%MSG
%MSG-d CFOFrontEndInterface:  Early 04-Dec-2018 14:02:48 CST pre-events
otsdaq_mu2e/otsdaq-mu2e/FEInterfaces/CFOFrontEndInterface_interface.cc [362]	 delay [ 201 ] = 0
%MSG
%MSG-d CFOFrontEndInterface:  Early 04-Dec-2018 14:02:48 CST pre-events
otsdaq_mu2e/otsdaq-mu2e/FEInterfaces/CFOFrontEndInterface_interface.cc [362]	 delay [ 202 ] = 0
%MSG
%MSG-d CFOFrontEndInterface:  Early 04-Dec-2018 14:02:48 CST pre-events
otsdaq_mu2e/otsdaq-mu2e/FEInterfaces/CFOFrontEndInterface_interface.cc [362]	 delay [ 203 ] = 0
%MSG
%MSG-d CFOFrontEndInterface:  Early 04-Dec-2018 14:02:48 CST pre-events
otsdaq_mu2e/otsdaq-mu2e/FEInterfaces/CFOFrontEndInterface_interface.cc [362]	 delay [ 204 ] = 0
%MSG
%MSG-d CFOFrontEndInterface:  Early 04-Dec-2018 14:02:48 CST pre-events
otsdaq_mu2e/otsdaq-mu2e/FEInterfaces/CFOFrontEndInterface_interface.cc [362]	 delay [ 205 ] = 29
%MSG
%MSG-d CFOFrontEndInterface:  Early 04-Dec-2018 14:02:48 CST pre-events
otsdaq_mu2e/otsdaq-mu2e/FEInterfaces/CFOFrontEndInterface_interface.cc [362]	 delay [ 206 ] = 71
%MSG
%MSG-d CFOFrontEndInterface:  Early 04-Dec-2018 14:02:48 CST pre-events
otsdaq_mu2e/otsdaq-mu2e/FEInterfaces/CFOFrontEndInterface_interface.cc [362]	 delay [ 207 ] = 0
%MSG
%MSG-d CFOFrontEndInterface:  Early 04-Dec-2018 14:02:48 CST pre-events
otsdaq_mu2e/otsdaq-mu2e/FEInterfaces/CFOFrontEndInterface_interface.cc [362]	 delay [ 208 ] = 0
%MSG
%MSG-d CFOFrontEndInterface:  Early 04-Dec-2018 14:02:48 CST pre-events
otsdaq_mu2e/otsdaq-mu2e/FEInterfaces/CFOFrontEndInterface_interface.cc [362]	 delay [ 209 ] = 0
%MSG
%MSG-d CFOFrontEndInterface:  Early 04-Dec-2018 14:02:48 CST pre-events
otsdaq_mu2e/otsdaq-mu2e/FEInterfaces/CFOFrontEndInterface_interface.cc [362]	 delay [ 210 ] = 0
%MSG
%MSG-i CFOFrontEndInterface:  Early 04-Dec-2018 14:02:48 CST pre-events
otsdaq_mu2e/otsdaq-mu2e/FEInterfaces/CFOFrontEndInterface_interface.cc [585]	-------------------------
%MSG
%MSG-i CFOFrontEndInterface:  Early 04-Dec-2018 14:02:48 CST pre-events
otsdaq_mu2e/otsdaq-mu2e/FEInterfaces/CFOFrontEndInterface_interface.cc [586]	FULL SYSTEM loopback DONE
%MSG
%MSG-i CFOFrontEndInterface:  Early 04-Dec-2018 14:02:48 CST pre-events
otsdaq_mu2e/otsdaq-mu2e/FEInterfaces/CFOFrontEndInterface_interface.cc [592]	chain 0 - DTC 0 - ROC 0 = 168
%MSG
%MSG-i CFOFrontEndInterface:  Early 04-Dec-2018 14:02:48 CST pre-events
otsdaq_mu2e/otsdaq-mu2e/FEInterfaces/CFOFrontEndInterface_interface.cc [592]	chain 0 - DTC 1 - ROC 0 = 205.71
%MSG
%MSG-i CFOFrontEndInterface:  Early 04-Dec-2018 14:02:48 CST pre-events
otsdaq_mu2e/otsdaq-mu2e/FEInterfaces/CFOFrontEndInterface_interface.cc [596]	-------------------------
%MSG
%MSG-i CFOFrontEndInterface:  Early 04-Dec-2018 14:03:42 CST pre-events
otsdaq_mu2e/otsdaq-mu2e/FEInterfaces/CFOFrontEndInterface_interface.cc [639]	 Looping back DTC0 ROC0
%MSG
%MSG-d CFOFrontEndInterface:  Early 04-Dec-2018 14:03:47 CST pre-events
otsdaq_mu2e/otsdaq-mu2e/FEInterfaces/CFOFrontEndInterface_interface.cc [651]	LOOPBACK: on DTC 0
%MSG
%MSG-d CFOFrontEndInterface:  Early 04-Dec-2018 14:03:47 CST pre-events
otsdaq_mu2e/otsdaq-mu2e/FEInterfaces/CFOFrontEndInterface_interface.cc [362]	 delay [ 162 ] = 0
%MSG
%MSG-d CFOFrontEndInterface:  Early 04-Dec-2018 14:03:47 CST pre-events
otsdaq_mu2e/otsdaq-mu2e/FEInterfaces/CFOFrontEndInterface_interface.cc [362]	 delay [ 163 ] = 0
%MSG
%MSG-d CFOFrontEndInterface:  Early 04-Dec-2018 14:03:47 CST pre-events
otsdaq_mu2e/otsdaq-mu2e/FEInterfaces/CFOFrontEndInterface_interface.cc [362]	 delay [ 164 ] = 0
%MSG
%MSG-d CFOFrontEndInterface:  Early 04-Dec-2018 14:03:47 CST pre-events
otsdaq_mu2e/otsdaq-mu2e/FEInterfaces/CFOFrontEndInterface_interface.cc [362]	 delay [ 165 ] = 0
%MSG
%MSG-d CFOFrontEndInterface:  Early 04-Dec-2018 14:03:47 CST pre-events
otsdaq_mu2e/otsdaq-mu2e/FEInterfaces/CFOFrontEndInterface_interface.cc [362]	 delay [ 166 ] = 0
%MSG
%MSG-d CFOFrontEndInterface:  Early 04-Dec-2018 14:03:47 CST pre-events
otsdaq_mu2e/otsdaq-mu2e/FEInterfaces/CFOFrontEndInterface_interface.cc [362]	 delay [ 167 ] = 2
%MSG
%MSG-d CFOFrontEndInterface:  Early 04-Dec-2018 14:03:47 CST pre-events
otsdaq_mu2e/otsdaq-mu2e/FEInterfaces/CFOFrontEndInterface_interface.cc [362]	 delay [ 168 ] = 98
%MSG
%MSG-d CFOFrontEndInterface:  Early 04-Dec-2018 14:03:47 CST pre-events
otsdaq_mu2e/otsdaq-mu2e/FEInterfaces/CFOFrontEndInterface_interface.cc [362]	 delay [ 169 ] = 0
%MSG
%MSG-d CFOFrontEndInterface:  Early 04-Dec-2018 14:03:47 CST pre-events
otsdaq_mu2e/otsdaq-mu2e/FEInterfaces/CFOFrontEndInterface_interface.cc [362]	 delay [ 170 ] = 0
%MSG
%MSG-d CFOFrontEndInterface:  Early 04-Dec-2018 14:03:47 CST pre-events
otsdaq_mu2e/otsdaq-mu2e/FEInterfaces/CFOFrontEndInterface_interface.cc [362]	 delay [ 171 ] = 0
%MSG
%MSG-d CFOFrontEndInterface:  Early 04-Dec-2018 14:03:47 CST pre-events
otsdaq_mu2e/otsdaq-mu2e/FEInterfaces/CFOFrontEndInterface_interface.cc [362]	 delay [ 172 ] = 0
%MSG
%MSG-i CFOFrontEndInterface:  Early 04-Dec-2018 14:03:51 CST pre-events
otsdaq_mu2e/otsdaq-mu2e/FEInterfaces/CFOFrontEndInterface_interface.cc [639]	 Looping back DTC1 ROC0
%MSG
%MSG-d CFOFrontEndInterface:  Early 04-Dec-2018 14:03:56 CST pre-events
otsdaq_mu2e/otsdaq-mu2e/FEInterfaces/CFOFrontEndInterface_interface.cc [651]	LOOPBACK: on DTC 0
%MSG
%MSG-d CFOFrontEndInterface:  Early 04-Dec-2018 14:03:56 CST pre-events
otsdaq_mu2e/otsdaq-mu2e/FEInterfaces/CFOFrontEndInterface_interface.cc [362]	 delay [ 200 ] = 0
%MSG
%MSG-d CFOFrontEndInterface:  Early 04-Dec-2018 14:03:56 CST pre-events
otsdaq_mu2e/otsdaq-mu2e/FEInterfaces/CFOFrontEndInterface_interface.cc [362]	 delay [ 201 ] = 0
%MSG
%MSG-d CFOFrontEndInterface:  Early 04-Dec-2018 14:03:56 CST pre-events
otsdaq_mu2e/otsdaq-mu2e/FEInterfaces/CFOFrontEndInterface_interface.cc [362]	 delay [ 202 ] = 0
%MSG
%MSG-d CFOFrontEndInterface:  Early 04-Dec-2018 14:03:56 CST pre-events
otsdaq_mu2e/otsdaq-mu2e/FEInterfaces/CFOFrontEndInterface_interface.cc [362]	 delay [ 203 ] = 0
%MSG
%MSG-d CFOFrontEndInterface:  Early 04-Dec-2018 14:03:56 CST pre-events
otsdaq_mu2e/otsdaq-mu2e/FEInterfaces/CFOFrontEndInterface_interface.cc [362]	 delay [ 204 ] = 0
%MSG
%MSG-d CFOFrontEndInterface:  Early 04-Dec-2018 14:03:56 CST pre-events
otsdaq_mu2e/otsdaq-mu2e/FEInterfaces/CFOFrontEndInterface_interface.cc [362]	 delay [ 205 ] = 26
%MSG
%MSG-d CFOFrontEndInterface:  Early 04-Dec-2018 14:03:56 CST pre-events
otsdaq_mu2e/otsdaq-mu2e/FEInterfaces/CFOFrontEndInterface_interface.cc [362]	 delay [ 206 ] = 74
%MSG
%MSG-d CFOFrontEndInterface:  Early 04-Dec-2018 14:03:56 CST pre-events
otsdaq_mu2e/otsdaq-mu2e/FEInterfaces/CFOFrontEndInterface_interface.cc [362]	 delay [ 207 ] = 0
%MSG
%MSG-d CFOFrontEndInterface:  Early 04-Dec-2018 14:03:56 CST pre-events
otsdaq_mu2e/otsdaq-mu2e/FEInterfaces/CFOFrontEndInterface_interface.cc [362]	 delay [ 208 ] = 0
%MSG
%MSG-d CFOFrontEndInterface:  Early 04-Dec-2018 14:03:56 CST pre-events
otsdaq_mu2e/otsdaq-mu2e/FEInterfaces/CFOFrontEndInterface_interface.cc [362]	 delay [ 209 ] = 0
%MSG
%MSG-d CFOFrontEndInterface:  Early 04-Dec-2018 14:03:56 CST pre-events
otsdaq_mu2e/otsdaq-mu2e/FEInterfaces/CFOFrontEndInterface_interface.cc [362]	 delay [ 210 ] = 0
%MSG
%MSG-i CFOFrontEndInterface:  Early 04-Dec-2018 14:03:56 CST pre-events
otsdaq_mu2e/otsdaq-mu2e/FEInterfaces/CFOFrontEndInterface_interface.cc [585]	-------------------------
%MSG
%MSG-i CFOFrontEndInterface:  Early 04-Dec-2018 14:03:56 CST pre-events
otsdaq_mu2e/otsdaq-mu2e/FEInterfaces/CFOFrontEndInterface_interface.cc [586]	FULL SYSTEM loopback DONE
%MSG
%MSG-i CFOFrontEndInterface:  Early 04-Dec-2018 14:03:56 CST pre-events
otsdaq_mu2e/otsdaq-mu2e/FEInterfaces/CFOFrontEndInterface_interface.cc [592]	chain 0 - DTC 0 - ROC 0 = 167.98
%MSG
%MSG-i CFOFrontEndInterface:  Early 04-Dec-2018 14:03:56 CST pre-events
otsdaq_mu2e/otsdaq-mu2e/FEInterfaces/CFOFrontEndInterface_interface.cc [592]	chain 0 - DTC 1 - ROC 0 = 205.74
%MSG
%MSG-i CFOFrontEndInterface:  Early 04-Dec-2018 14:03:56 CST pre-events
otsdaq_mu2e/otsdaq-mu2e/FEInterfaces/CFOFrontEndInterface_interface.cc [596]	-------------------------
%MSG
%MSG-i CFOFrontEndInterface:  Early 04-Dec-2018 14:04:10 CST pre-events
otsdaq_mu2e/otsdaq-mu2e/FEInterfaces/CFOFrontEndInterface_interface.cc [639]	 Looping back DTC0 ROC0
%MSG
%MSG-d CFOFrontEndInterface:  Early 04-Dec-2018 14:04:15 CST pre-events
otsdaq_mu2e/otsdaq-mu2e/FEInterfaces/CFOFrontEndInterface_interface.cc [651]	LOOPBACK: on DTC 0
%MSG
%MSG-d CFOFrontEndInterface:  Early 04-Dec-2018 14:04:15 CST pre-events
otsdaq_mu2e/otsdaq-mu2e/FEInterfaces/CFOFrontEndInterface_interface.cc [362]	 delay [ 163 ] = 0
%MSG
%MSG-d CFOFrontEndInterface:  Early 04-Dec-2018 14:04:15 CST pre-events
otsdaq_mu2e/otsdaq-mu2e/FEInterfaces/CFOFrontEndInterface_interface.cc [362]	 delay [ 164 ] = 0
%MSG
%MSG-d CFOFrontEndInterface:  Early 04-Dec-2018 14:04:15 CST pre-events
otsdaq_mu2e/otsdaq-mu2e/FEInterfaces/CFOFrontEndInterface_interface.cc [362]	 delay [ 165 ] = 0
%MSG
%MSG-d CFOFrontEndInterface:  Early 04-Dec-2018 14:04:15 CST pre-events
otsdaq_mu2e/otsdaq-mu2e/FEInterfaces/CFOFrontEndInterface_interface.cc [362]	 delay [ 166 ] = 0
%MSG
%MSG-d CFOFrontEndInterface:  Early 04-Dec-2018 14:04:15 CST pre-events
otsdaq_mu2e/otsdaq-mu2e/FEInterfaces/CFOFrontEndInterface_interface.cc [362]	 delay [ 167 ] = 0
%MSG
%MSG-d CFOFrontEndInterface:  Early 04-Dec-2018 14:04:15 CST pre-events
otsdaq_mu2e/otsdaq-mu2e/FEInterfaces/CFOFrontEndInterface_interface.cc [362]	 delay [ 168 ] = 100
%MSG
%MSG-d CFOFrontEndInterface:  Early 04-Dec-2018 14:04:15 CST pre-events
otsdaq_mu2e/otsdaq-mu2e/FEInterfaces/CFOFrontEndInterface_interface.cc [362]	 delay [ 169 ] = 0
%MSG
%MSG-d CFOFrontEndInterface:  Early 04-Dec-2018 14:04:15 CST pre-events
otsdaq_mu2e/otsdaq-mu2e/FEInterfaces/CFOFrontEndInterface_interface.cc [362]	 delay [ 170 ] = 0
%MSG
%MSG-d CFOFrontEndInterface:  Early 04-Dec-2018 14:04:15 CST pre-events
otsdaq_mu2e/otsdaq-mu2e/FEInterfaces/CFOFrontEndInterface_interface.cc [362]	 delay [ 171 ] = 0
%MSG
%MSG-d CFOFrontEndInterface:  Early 04-Dec-2018 14:04:15 CST pre-events
otsdaq_mu2e/otsdaq-mu2e/FEInterfaces/CFOFrontEndInterface_interface.cc [362]	 delay [ 172 ] = 0
%MSG
%MSG-i CFOFrontEndInterface:  Early 04-Dec-2018 14:04:20 CST pre-events
otsdaq_mu2e/otsdaq-mu2e/FEInterfaces/CFOFrontEndInterface_interface.cc [639]	 Looping back DTC1 ROC0
%MSG
%MSG-d CFOFrontEndInterface:  Early 04-Dec-2018 14:04:25 CST pre-events
otsdaq_mu2e/otsdaq-mu2e/FEInterfaces/CFOFrontEndInterface_interface.cc [651]	LOOPBACK: on DTC 0
%MSG
%MSG-d CFOFrontEndInterface:  Early 04-Dec-2018 14:04:25 CST pre-events
otsdaq_mu2e/otsdaq-mu2e/FEInterfaces/CFOFrontEndInterface_interface.cc [362]	 delay [ 200 ] = 0
%MSG
%MSG-d CFOFrontEndInterface:  Early 04-Dec-2018 14:04:25 CST pre-events
otsdaq_mu2e/otsdaq-mu2e/FEInterfaces/CFOFrontEndInterface_interface.cc [362]	 delay [ 201 ] = 0
%MSG
%MSG-d CFOFrontEndInterface:  Early 04-Dec-2018 14:04:25 CST pre-events
otsdaq_mu2e/otsdaq-mu2e/FEInterfaces/CFOFrontEndInterface_interface.cc [362]	 delay [ 202 ] = 0
%MSG
%MSG-d CFOFrontEndInterface:  Early 04-Dec-2018 14:04:25 CST pre-events
otsdaq_mu2e/otsdaq-mu2e/FEInterfaces/CFOFrontEndInterface_interface.cc [362]	 delay [ 203 ] = 0
%MSG
%MSG-d CFOFrontEndInterface:  Early 04-Dec-2018 14:04:25 CST pre-events
otsdaq_mu2e/otsdaq-mu2e/FEInterfaces/CFOFrontEndInterface_interface.cc [362]	 delay [ 204 ] = 0
%MSG
%MSG-d CFOFrontEndInterface:  Early 04-Dec-2018 14:04:25 CST pre-events
otsdaq_mu2e/otsdaq-mu2e/FEInterfaces/CFOFrontEndInterface_interface.cc [362]	 delay [ 205 ] = 28
%MSG
%MSG-d CFOFrontEndInterface:  Early 04-Dec-2018 14:04:25 CST pre-events
otsdaq_mu2e/otsdaq-mu2e/FEInterfaces/CFOFrontEndInterface_interface.cc [362]	 delay [ 206 ] = 72
%MSG
%MSG-d CFOFrontEndInterface:  Early 04-Dec-2018 14:04:25 CST pre-events
otsdaq_mu2e/otsdaq-mu2e/FEInterfaces/CFOFrontEndInterface_interface.cc [362]	 delay [ 207 ] = 0
%MSG
%MSG-d CFOFrontEndInterface:  Early 04-Dec-2018 14:04:25 CST pre-events
otsdaq_mu2e/otsdaq-mu2e/FEInterfaces/CFOFrontEndInterface_interface.cc [362]	 delay [ 208 ] = 0
%MSG
%MSG-d CFOFrontEndInterface:  Early 04-Dec-2018 14:04:25 CST pre-events
otsdaq_mu2e/otsdaq-mu2e/FEInterfaces/CFOFrontEndInterface_interface.cc [362]	 delay [ 209 ] = 0
%MSG
%MSG-d CFOFrontEndInterface:  Early 04-Dec-2018 14:04:25 CST pre-events
otsdaq_mu2e/otsdaq-mu2e/FEInterfaces/CFOFrontEndInterface_interface.cc [362]	 delay [ 210 ] = 0
%MSG
%MSG-i CFOFrontEndInterface:  Early 04-Dec-2018 14:04:25 CST pre-events
otsdaq_mu2e/otsdaq-mu2e/FEInterfaces/CFOFrontEndInterface_interface.cc [585]	-------------------------
%MSG
%MSG-i CFOFrontEndInterface:  Early 04-Dec-2018 14:04:25 CST pre-events
otsdaq_mu2e/otsdaq-mu2e/FEInterfaces/CFOFrontEndInterface_interface.cc [586]	FULL SYSTEM loopback DONE
%MSG
%MSG-i CFOFrontEndInterface:  Early 04-Dec-2018 14:04:25 CST pre-events
otsdaq_mu2e/otsdaq-mu2e/FEInterfaces/CFOFrontEndInterface_interface.cc [592]	chain 0 - DTC 0 - ROC 0 = 168
%MSG
%MSG-i CFOFrontEndInterface:  Early 04-Dec-2018 14:04:25 CST pre-events
otsdaq_mu2e/otsdaq-mu2e/FEInterfaces/CFOFrontEndInterface_interface.cc [592]	chain 0 - DTC 1 - ROC 0 = 205.72
%MSG
%MSG-i CFOFrontEndInterface:  Early 04-Dec-2018 14:04:25 CST pre-events
otsdaq_mu2e/otsdaq-mu2e/FEInterfaces/CFOFrontEndInterface_interface.cc [596]	-------------------------
%MSG
%MSG-i CFOFrontEndInterface:  Early 04-Dec-2018 14:05:04 CST pre-events
otsdaq_mu2e/otsdaq-mu2e/FEInterfaces/CFOFrontEndInterface_interface.cc [639]	 Looping back DTC0 ROC0
%MSG
%MSG-d CFOFrontEndInterface:  Early 04-Dec-2018 14:05:09 CST pre-events
otsdaq_mu2e/otsdaq-mu2e/FEInterfaces/CFOFrontEndInterface_interface.cc [651]	LOOPBACK: on DTC 0
%MSG
%MSG-d CFOFrontEndInterface:  Early 04-Dec-2018 14:05:09 CST pre-events
otsdaq_mu2e/otsdaq-mu2e/FEInterfaces/CFOFrontEndInterface_interface.cc [362]	 delay [ 162 ] = 0
%MSG
%MSG-d CFOFrontEndInterface:  Early 04-Dec-2018 14:05:09 CST pre-events
otsdaq_mu2e/otsdaq-mu2e/FEInterfaces/CFOFrontEndInterface_interface.cc [362]	 delay [ 163 ] = 0
%MSG
%MSG-d CFOFrontEndInterface:  Early 04-Dec-2018 14:05:09 CST pre-events
otsdaq_mu2e/otsdaq-mu2e/FEInterfaces/CFOFrontEndInterface_interface.cc [362]	 delay [ 164 ] = 0
%MSG
%MSG-d CFOFrontEndInterface:  Early 04-Dec-2018 14:05:09 CST pre-events
otsdaq_mu2e/otsdaq-mu2e/FEInterfaces/CFOFrontEndInterface_interface.cc [362]	 delay [ 165 ] = 0
%MSG
%MSG-d CFOFrontEndInterface:  Early 04-Dec-2018 14:05:09 CST pre-events
otsdaq_mu2e/otsdaq-mu2e/FEInterfaces/CFOFrontEndInterface_interface.cc [362]	 delay [ 166 ] = 0
%MSG
%MSG-d CFOFrontEndInterface:  Early 04-Dec-2018 14:05:09 CST pre-events
otsdaq_mu2e/otsdaq-mu2e/FEInterfaces/CFOFrontEndInterface_interface.cc [362]	 delay [ 167 ] = 2
%MSG
%MSG-d CFOFrontEndInterface:  Early 04-Dec-2018 14:05:09 CST pre-events
otsdaq_mu2e/otsdaq-mu2e/FEInterfaces/CFOFrontEndInterface_interface.cc [362]	 delay [ 168 ] = 98
%MSG
%MSG-d CFOFrontEndInterface:  Early 04-Dec-2018 14:05:09 CST pre-events
otsdaq_mu2e/otsdaq-mu2e/FEInterfaces/CFOFrontEndInterface_interface.cc [362]	 delay [ 169 ] = 0
%MSG
%MSG-d CFOFrontEndInterface:  Early 04-Dec-2018 14:05:09 CST pre-events
otsdaq_mu2e/otsdaq-mu2e/FEInterfaces/CFOFrontEndInterface_interface.cc [362]	 delay [ 170 ] = 0
%MSG
%MSG-d CFOFrontEndInterface:  Early 04-Dec-2018 14:05:09 CST pre-events
otsdaq_mu2e/otsdaq-mu2e/FEInterfaces/CFOFrontEndInterface_interface.cc [362]	 delay [ 171 ] = 0
%MSG
%MSG-d CFOFrontEndInterface:  Early 04-Dec-2018 14:05:09 CST pre-events
otsdaq_mu2e/otsdaq-mu2e/FEInterfaces/CFOFrontEndInterface_interface.cc [362]	 delay [ 172 ] = 0
%MSG
%MSG-i CFOFrontEndInterface:  Early 04-Dec-2018 14:05:13 CST pre-events
otsdaq_mu2e/otsdaq-mu2e/FEInterfaces/CFOFrontEndInterface_interface.cc [639]	 Looping back DTC1 ROC0
%MSG
%MSG-d CFOFrontEndInterface:  Early 04-Dec-2018 14:05:18 CST pre-events
otsdaq_mu2e/otsdaq-mu2e/FEInterfaces/CFOFrontEndInterface_interface.cc [651]	LOOPBACK: on DTC 0
%MSG
%MSG-d CFOFrontEndInterface:  Early 04-Dec-2018 14:05:18 CST pre-events
otsdaq_mu2e/otsdaq-mu2e/FEInterfaces/CFOFrontEndInterface_interface.cc [362]	 delay [ 200 ] = 0
%MSG
%MSG-d CFOFrontEndInterface:  Early 04-Dec-2018 14:05:18 CST pre-events
otsdaq_mu2e/otsdaq-mu2e/FEInterfaces/CFOFrontEndInterface_interface.cc [362]	 delay [ 201 ] = 0
%MSG
%MSG-d CFOFrontEndInterface:  Early 04-Dec-2018 14:05:18 CST pre-events
otsdaq_mu2e/otsdaq-mu2e/FEInterfaces/CFOFrontEndInterface_interface.cc [362]	 delay [ 202 ] = 0
%MSG
%MSG-d CFOFrontEndInterface:  Early 04-Dec-2018 14:05:18 CST pre-events
otsdaq_mu2e/otsdaq-mu2e/FEInterfaces/CFOFrontEndInterface_interface.cc [362]	 delay [ 203 ] = 0
%MSG
%MSG-d CFOFrontEndInterface:  Early 04-Dec-2018 14:05:18 CST pre-events
otsdaq_mu2e/otsdaq-mu2e/FEInterfaces/CFOFrontEndInterface_interface.cc [362]	 delay [ 204 ] = 0
%MSG
%MSG-d CFOFrontEndInterface:  Early 04-Dec-2018 14:05:18 CST pre-events
otsdaq_mu2e/otsdaq-mu2e/FEInterfaces/CFOFrontEndInterface_interface.cc [362]	 delay [ 205 ] = 30
%MSG
%MSG-d CFOFrontEndInterface:  Early 04-Dec-2018 14:05:18 CST pre-events
otsdaq_mu2e/otsdaq-mu2e/FEInterfaces/CFOFrontEndInterface_interface.cc [362]	 delay [ 206 ] = 70
%MSG
%MSG-d CFOFrontEndInterface:  Early 04-Dec-2018 14:05:18 CST pre-events
otsdaq_mu2e/otsdaq-mu2e/FEInterfaces/CFOFrontEndInterface_interface.cc [362]	 delay [ 207 ] = 0
%MSG
%MSG-d CFOFrontEndInterface:  Early 04-Dec-2018 14:05:18 CST pre-events
otsdaq_mu2e/otsdaq-mu2e/FEInterfaces/CFOFrontEndInterface_interface.cc [362]	 delay [ 208 ] = 0
%MSG
%MSG-d CFOFrontEndInterface:  Early 04-Dec-2018 14:05:18 CST pre-events
otsdaq_mu2e/otsdaq-mu2e/FEInterfaces/CFOFrontEndInterface_interface.cc [362]	 delay [ 209 ] = 0
%MSG
%MSG-d CFOFrontEndInterface:  Early 04-Dec-2018 14:05:18 CST pre-events
otsdaq_mu2e/otsdaq-mu2e/FEInterfaces/CFOFrontEndInterface_interface.cc [362]	 delay [ 210 ] = 0
%MSG
%MSG-i CFOFrontEndInterface:  Early 04-Dec-2018 14:05:18 CST pre-events
otsdaq_mu2e/otsdaq-mu2e/FEInterfaces/CFOFrontEndInterface_interface.cc [585]	-------------------------
%MSG
%MSG-i CFOFrontEndInterface:  Early 04-Dec-2018 14:05:18 CST pre-events
otsdaq_mu2e/otsdaq-mu2e/FEInterfaces/CFOFrontEndInterface_interface.cc [586]	FULL SYSTEM loopback DONE
%MSG
%MSG-i CFOFrontEndInterface:  Early 04-Dec-2018 14:05:18 CST pre-events
otsdaq_mu2e/otsdaq-mu2e/FEInterfaces/CFOFrontEndInterface_interface.cc [592]	chain 0 - DTC 0 - ROC 0 = 167.98
%MSG
%MSG-i CFOFrontEndInterface:  Early 04-Dec-2018 14:05:18 CST pre-events
otsdaq_mu2e/otsdaq-mu2e/FEInterfaces/CFOFrontEndInterface_interface.cc [592]	chain 0 - DTC 1 - ROC 0 = 205.7
%MSG
%MSG-i CFOFrontEndInterface:  Early 04-Dec-2018 14:05:18 CST pre-events
otsdaq_mu2e/otsdaq-mu2e/FEInterfaces/CFOFrontEndInterface_interface.cc [596]	-------------------------
%MSG
%MSG-i CFOFrontEndInterface:  Early 04-Dec-2018 14:12:46 CST pre-events
otsdaq_mu2e/otsdaq-mu2e/FEInterfaces/CFOFrontEndInterface_interface.cc [639]	 Looping back DTC0 ROC0
%MSG
%MSG-d CFOFrontEndInterface:  Early 04-Dec-2018 14:12:51 CST pre-events
otsdaq_mu2e/otsdaq-mu2e/FEInterfaces/CFOFrontEndInterface_interface.cc [651]	LOOPBACK: on DTC 0
%MSG
%MSG-d CFOFrontEndInterface:  Early 04-Dec-2018 14:12:51 CST pre-events
otsdaq_mu2e/otsdaq-mu2e/FEInterfaces/CFOFrontEndInterface_interface.cc [362]	 delay [ 162 ] = 0
%MSG
%MSG-d CFOFrontEndInterface:  Early 04-Dec-2018 14:12:51 CST pre-events
otsdaq_mu2e/otsdaq-mu2e/FEInterfaces/CFOFrontEndInterface_interface.cc [362]	 delay [ 163 ] = 0
%MSG
%MSG-d CFOFrontEndInterface:  Early 04-Dec-2018 14:12:51 CST pre-events
otsdaq_mu2e/otsdaq-mu2e/FEInterfaces/CFOFrontEndInterface_interface.cc [362]	 delay [ 164 ] = 0
%MSG
%MSG-d CFOFrontEndInterface:  Early 04-Dec-2018 14:12:51 CST pre-events
otsdaq_mu2e/otsdaq-mu2e/FEInterfaces/CFOFrontEndInterface_interface.cc [362]	 delay [ 165 ] = 0
%MSG
%MSG-d CFOFrontEndInterface:  Early 04-Dec-2018 14:12:51 CST pre-events
otsdaq_mu2e/otsdaq-mu2e/FEInterfaces/CFOFrontEndInterface_interface.cc [362]	 delay [ 166 ] = 0
%MSG
%MSG-d CFOFrontEndInterface:  Early 04-Dec-2018 14:12:51 CST pre-events
otsdaq_mu2e/otsdaq-mu2e/FEInterfaces/CFOFrontEndInterface_interface.cc [362]	 delay [ 167 ] = 2
%MSG
%MSG-d CFOFrontEndInterface:  Early 04-Dec-2018 14:12:51 CST pre-events
otsdaq_mu2e/otsdaq-mu2e/FEInterfaces/CFOFrontEndInterface_interface.cc [362]	 delay [ 168 ] = 98
%MSG
%MSG-d CFOFrontEndInterface:  Early 04-Dec-2018 14:12:51 CST pre-events
otsdaq_mu2e/otsdaq-mu2e/FEInterfaces/CFOFrontEndInterface_interface.cc [362]	 delay [ 169 ] = 0
%MSG
%MSG-d CFOFrontEndInterface:  Early 04-Dec-2018 14:12:51 CST pre-events
otsdaq_mu2e/otsdaq-mu2e/FEInterfaces/CFOFrontEndInterface_interface.cc [362]	 delay [ 170 ] = 0
%MSG
%MSG-d CFOFrontEndInterface:  Early 04-Dec-2018 14:12:51 CST pre-events
otsdaq_mu2e/otsdaq-mu2e/FEInterfaces/CFOFrontEndInterface_interface.cc [362]	 delay [ 171 ] = 0
%MSG
%MSG-d CFOFrontEndInterface:  Early 04-Dec-2018 14:12:51 CST pre-events
otsdaq_mu2e/otsdaq-mu2e/FEInterfaces/CFOFrontEndInterface_interface.cc [362]	 delay [ 172 ] = 0
%MSG
%MSG-i CFOFrontEndInterface:  Early 04-Dec-2018 14:12:55 CST pre-events
otsdaq_mu2e/otsdaq-mu2e/FEInterfaces/CFOFrontEndInterface_interface.cc [639]	 Looping back DTC1 ROC0
%MSG
%MSG-d CFOFrontEndInterface:  Early 04-Dec-2018 14:13:00 CST pre-events
otsdaq_mu2e/otsdaq-mu2e/FEInterfaces/CFOFrontEndInterface_interface.cc [651]	LOOPBACK: on DTC 0
%MSG
%MSG-d CFOFrontEndInterface:  Early 04-Dec-2018 14:13:00 CST pre-events
otsdaq_mu2e/otsdaq-mu2e/FEInterfaces/CFOFrontEndInterface_interface.cc [362]	 delay [ 200 ] = 0
%MSG
%MSG-d CFOFrontEndInterface:  Early 04-Dec-2018 14:13:00 CST pre-events
otsdaq_mu2e/otsdaq-mu2e/FEInterfaces/CFOFrontEndInterface_interface.cc [362]	 delay [ 201 ] = 0
%MSG
%MSG-d CFOFrontEndInterface:  Early 04-Dec-2018 14:13:00 CST pre-events
otsdaq_mu2e/otsdaq-mu2e/FEInterfaces/CFOFrontEndInterface_interface.cc [362]	 delay [ 202 ] = 0
%MSG
%MSG-d CFOFrontEndInterface:  Early 04-Dec-2018 14:13:00 CST pre-events
otsdaq_mu2e/otsdaq-mu2e/FEInterfaces/CFOFrontEndInterface_interface.cc [362]	 delay [ 203 ] = 0
%MSG
%MSG-d CFOFrontEndInterface:  Early 04-Dec-2018 14:13:00 CST pre-events
otsdaq_mu2e/otsdaq-mu2e/FEInterfaces/CFOFrontEndInterface_interface.cc [362]	 delay [ 204 ] = 0
%MSG
%MSG-d CFOFrontEndInterface:  Early 04-Dec-2018 14:13:00 CST pre-events
otsdaq_mu2e/otsdaq-mu2e/FEInterfaces/CFOFrontEndInterface_interface.cc [362]	 delay [ 205 ] = 27
%MSG
%MSG-d CFOFrontEndInterface:  Early 04-Dec-2018 14:13:00 CST pre-events
otsdaq_mu2e/otsdaq-mu2e/FEInterfaces/CFOFrontEndInterface_interface.cc [362]	 delay [ 206 ] = 73
%MSG
%MSG-d CFOFrontEndInterface:  Early 04-Dec-2018 14:13:00 CST pre-events
otsdaq_mu2e/otsdaq-mu2e/FEInterfaces/CFOFrontEndInterface_interface.cc [362]	 delay [ 207 ] = 0
%MSG
%MSG-d CFOFrontEndInterface:  Early 04-Dec-2018 14:13:00 CST pre-events
otsdaq_mu2e/otsdaq-mu2e/FEInterfaces/CFOFrontEndInterface_interface.cc [362]	 delay [ 208 ] = 0
%MSG
%MSG-d CFOFrontEndInterface:  Early 04-Dec-2018 14:13:00 CST pre-events
otsdaq_mu2e/otsdaq-mu2e/FEInterfaces/CFOFrontEndInterface_interface.cc [362]	 delay [ 209 ] = 0
%MSG
%MSG-d CFOFrontEndInterface:  Early 04-Dec-2018 14:13:00 CST pre-events
otsdaq_mu2e/otsdaq-mu2e/FEInterfaces/CFOFrontEndInterface_interface.cc [362]	 delay [ 210 ] = 0
%MSG
%MSG-i CFOFrontEndInterface:  Early 04-Dec-2018 14:13:00 CST pre-events
otsdaq_mu2e/otsdaq-mu2e/FEInterfaces/CFOFrontEndInterface_interface.cc [585]	-------------------------
%MSG
%MSG-i CFOFrontEndInterface:  Early 04-Dec-2018 14:13:00 CST pre-events
otsdaq_mu2e/otsdaq-mu2e/FEInterfaces/CFOFrontEndInterface_interface.cc [586]	FULL SYSTEM loopback DONE
%MSG
%MSG-i CFOFrontEndInterface:  Early 04-Dec-2018 14:13:00 CST pre-events
otsdaq_mu2e/otsdaq-mu2e/FEInterfaces/CFOFrontEndInterface_interface.cc [592]	chain 0 - DTC 0 - ROC 0 = 167.98
%MSG
%MSG-i CFOFrontEndInterface:  Early 04-Dec-2018 14:13:00 CST pre-events
otsdaq_mu2e/otsdaq-mu2e/FEInterfaces/CFOFrontEndInterface_interface.cc [592]	chain 0 - DTC 1 - ROC 0 = 205.73
%MSG
%MSG-i CFOFrontEndInterface:  Early 04-Dec-2018 14:13:00 CST pre-events
otsdaq_mu2e/otsdaq-mu2e/FEInterfaces/CFOFrontEndInterface_interface.cc [596]	-------------------------
%MSG
