%MSG-i configureMessageFacility:  CorePropertySupervisorBase  31-Oct-2018 13:41:43 CDT pre-events configureMessageFacility.cc:286
Message Facility Application CorePropertySupervisorBase configured with: debugModules:["*"] destinations:{file:{append:false directory:"/home/mu2edaq/sync_demo/ots/srcs/otsdaq_mu2e/Data/Logs/CorePropertySupervisorBase" pattern:"CorePropertySupervisorBase-%?H%t-%p.log" seperator:"-" threshold:"DEBUG" timestamp_pattern:"%Y%m%d%H%M%S" type:"GenFile"} udp:{host:"192.168.157.6" port:30000 threshold:"DEBUG" type:"UDP"}}
%MSG
%MSG-i _TCPConnect:  CorePropertySupervisorBase 31-Oct-2018 13:41:43 CDT  pre-events TCPConnect.cc:334
Resolving host 192.168.157.6, on port 30000
%MSG
%MSG-i _TCPConnect:  CorePropertySupervisorBase 31-Oct-2018 13:41:43 CDT  pre-events TCPConnect.cc:241
Resolving ip mu2edaq04.fnal.gov
%MSG
%MSG-i configureMessageFacility:  RunControlStateMachine  31-Oct-2018 13:41:44 CDT pre-events configureMessageFacility.cc:286
Message Facility Application RunControlStateMachine configured with: debugModules:["*"] destinations:{file:{append:false directory:"/home/mu2edaq/sync_demo/ots/srcs/otsdaq_mu2e/Data/Logs/RunControlStateMachine" pattern:"RunControlStateMachine-%?H%t-%p.log" seperator:"-" threshold:"DEBUG" timestamp_pattern:"%Y%m%d%H%M%S" type:"GenFile"} udp:{host:"192.168.157.6" port:30000 threshold:"DEBUG" type:"UDP"}}
%MSG
%MSG-i configureMessageFacility:  CoreSupervisorBase 31-Oct-2018 13:41:44 CDT  pre-events configureMessageFacility.cc:286
Message Facility Application CoreSupervisorBase configured with: debugModules:["*"] destinations:{file:{append:false directory:"/home/mu2edaq/sync_demo/ots/srcs/otsdaq_mu2e/Data/Logs/CoreSupervisorBase" pattern:"CoreSupervisorBase-%?H%t-%p.log" seperator:"-" threshold:"DEBUG" timestamp_pattern:"%Y%m%d%H%M%S" type:"GenFile"} udp:{host:"192.168.157.6" port:30000 threshold:"DEBUG" type:"UDP"}}
%MSG
%MSG-i CFOFrontEndInterface:  Early 31-Oct-2018 13:42:27 CDT pre-events
otsdaq_mu2e/otsdaq-mu2e/FEInterfaces/CFOFrontEndInterface_interface.cc [444]	CFO configured
%MSG
%MSG-i CFOFrontEndInterface:  Early 31-Oct-2018 13:42:27 CDT pre-events
otsdaq_mu2e/otsdaq-mu2e/FEInterfaces/CFOFrontEndInterface_interface.cc [448]	CFO links OK = 0x1
%MSG
%MSG-i CFOFrontEndInterface:  Early 31-Oct-2018 13:42:31 CDT pre-events
otsdaq_mu2e/otsdaq-mu2e/FEInterfaces/CFOFrontEndInterface_interface.cc [569]	 Looping back DTC0 ROC0
%MSG
%MSG-i CFOFrontEndInterface:  Early 31-Oct-2018 13:42:40 CDT pre-events
otsdaq_mu2e/otsdaq-mu2e/FEInterfaces/CFOFrontEndInterface_interface.cc [569]	 Looping back DTC0 ROC1
%MSG
%MSG-i CFOFrontEndInterface:  Early 31-Oct-2018 13:42:49 CDT pre-events
otsdaq_mu2e/otsdaq-mu2e/FEInterfaces/CFOFrontEndInterface_interface.cc [569]	 Looping back DTC1 ROC0
%MSG
%MSG-i CFOFrontEndInterface:  Early 31-Oct-2018 13:42:58 CDT pre-events
otsdaq_mu2e/otsdaq-mu2e/FEInterfaces/CFOFrontEndInterface_interface.cc [569]	 Looping back DTC1 ROC1
%MSG
%MSG-i CFOFrontEndInterface:  Early 31-Oct-2018 13:43:07 CDT pre-events
otsdaq_mu2e/otsdaq-mu2e/FEInterfaces/CFOFrontEndInterface_interface.cc [515]	-------------------------
%MSG
%MSG-i CFOFrontEndInterface:  Early 31-Oct-2018 13:43:07 CDT pre-events
otsdaq_mu2e/otsdaq-mu2e/FEInterfaces/CFOFrontEndInterface_interface.cc [516]	FULL SYSTEM loopback DONE
%MSG
%MSG-i CFOFrontEndInterface:  Early 31-Oct-2018 13:43:07 CDT pre-events
otsdaq_mu2e/otsdaq-mu2e/FEInterfaces/CFOFrontEndInterface_interface.cc [522]	chain 0 - DTC 0 - ROC 0 = 88.7126
%MSG
%MSG-i CFOFrontEndInterface:  Early 31-Oct-2018 13:43:07 CDT pre-events
otsdaq_mu2e/otsdaq-mu2e/FEInterfaces/CFOFrontEndInterface_interface.cc [522]	chain 0 - DTC 0 - ROC 1 = 88.7091
%MSG
%MSG-i CFOFrontEndInterface:  Early 31-Oct-2018 13:43:07 CDT pre-events
otsdaq_mu2e/otsdaq-mu2e/FEInterfaces/CFOFrontEndInterface_interface.cc [522]	chain 0 - DTC 1 - ROC 0 = 88.713
%MSG
%MSG-i CFOFrontEndInterface:  Early 31-Oct-2018 13:43:07 CDT pre-events
otsdaq_mu2e/otsdaq-mu2e/FEInterfaces/CFOFrontEndInterface_interface.cc [522]	chain 0 - DTC 1 - ROC 1 = 88.713
%MSG
%MSG-i CFOFrontEndInterface:  Early 31-Oct-2018 13:43:07 CDT pre-events
otsdaq_mu2e/otsdaq-mu2e/FEInterfaces/CFOFrontEndInterface_interface.cc [526]	-------------------------
%MSG
%MSG-i CFOFrontEndInterface:  Early 31-Oct-2018 13:43:31 CDT pre-events
otsdaq_mu2e/otsdaq-mu2e/FEInterfaces/CFOFrontEndInterface_interface.cc [569]	 Looping back DTC0 ROC0
%MSG
%MSG-i CFOFrontEndInterface:  Early 31-Oct-2018 13:43:40 CDT pre-events
otsdaq_mu2e/otsdaq-mu2e/FEInterfaces/CFOFrontEndInterface_interface.cc [569]	 Looping back DTC0 ROC1
%MSG
%MSG-i CFOFrontEndInterface:  Early 31-Oct-2018 13:43:49 CDT pre-events
otsdaq_mu2e/otsdaq-mu2e/FEInterfaces/CFOFrontEndInterface_interface.cc [569]	 Looping back DTC1 ROC0
%MSG
%MSG-i CFOFrontEndInterface:  Early 31-Oct-2018 13:43:58 CDT pre-events
otsdaq_mu2e/otsdaq-mu2e/FEInterfaces/CFOFrontEndInterface_interface.cc [569]	 Looping back DTC1 ROC1
%MSG
%MSG-i CFOFrontEndInterface:  Early 31-Oct-2018 13:44:07 CDT pre-events
otsdaq_mu2e/otsdaq-mu2e/FEInterfaces/CFOFrontEndInterface_interface.cc [515]	-------------------------
%MSG
%MSG-i CFOFrontEndInterface:  Early 31-Oct-2018 13:44:07 CDT pre-events
otsdaq_mu2e/otsdaq-mu2e/FEInterfaces/CFOFrontEndInterface_interface.cc [516]	FULL SYSTEM loopback DONE
%MSG
%MSG-i CFOFrontEndInterface:  Early 31-Oct-2018 13:44:07 CDT pre-events
otsdaq_mu2e/otsdaq-mu2e/FEInterfaces/CFOFrontEndInterface_interface.cc [522]	chain 0 - DTC 0 - ROC 0 = 88.7067
%MSG
%MSG-i CFOFrontEndInterface:  Early 31-Oct-2018 13:44:07 CDT pre-events
otsdaq_mu2e/otsdaq-mu2e/FEInterfaces/CFOFrontEndInterface_interface.cc [522]	chain 0 - DTC 0 - ROC 1 = 88.7065
%MSG
%MSG-i CFOFrontEndInterface:  Early 31-Oct-2018 13:44:07 CDT pre-events
otsdaq_mu2e/otsdaq-mu2e/FEInterfaces/CFOFrontEndInterface_interface.cc [522]	chain 0 - DTC 1 - ROC 0 = 88.7129
%MSG
%MSG-i CFOFrontEndInterface:  Early 31-Oct-2018 13:44:07 CDT pre-events
otsdaq_mu2e/otsdaq-mu2e/FEInterfaces/CFOFrontEndInterface_interface.cc [522]	chain 0 - DTC 1 - ROC 1 = 88.7117
%MSG
%MSG-i CFOFrontEndInterface:  Early 31-Oct-2018 13:44:07 CDT pre-events
otsdaq_mu2e/otsdaq-mu2e/FEInterfaces/CFOFrontEndInterface_interface.cc [526]	-------------------------
%MSG
%MSG-d ots:  Early 31-Oct-2018 13:44:18 CDT pre-events
otsdaq/otsdaq-core/WorkLoopManager/WorkLoop.cc [26]	Destroying WorkLoop: CFO0-SlowControls
%MSG
%MSG-d ots:  Early 31-Oct-2018 13:44:18 CDT pre-events
otsdaq/otsdaq-core/WorkLoopManager/WorkLoop.cc [29]	Destroyed WorkLoop: CFO0-SlowControls
%MSG
%MSG-d ots:  Early 31-Oct-2018 13:44:18 CDT pre-events
otsdaq/otsdaq-core/WorkLoopManager/WorkLoop.cc [26]	Destroying WorkLoop: CFO0
%MSG
%MSG-d ots:  Early 31-Oct-2018 13:44:18 CDT pre-events
otsdaq/otsdaq-core/WorkLoopManager/WorkLoop.cc [29]	Destroyed WorkLoop: CFO0
%MSG
%MSG-i CFOFrontEndInterface:  Early 31-Oct-2018 13:44:29 CDT pre-events
otsdaq_mu2e/otsdaq-mu2e/FEInterfaces/CFOFrontEndInterface_interface.cc [444]	CFO configured
%MSG
%MSG-i CFOFrontEndInterface:  Early 31-Oct-2018 13:44:29 CDT pre-events
otsdaq_mu2e/otsdaq-mu2e/FEInterfaces/CFOFrontEndInterface_interface.cc [448]	CFO links OK = 0x1
%MSG
%MSG-d ots:  Early 31-Oct-2018 13:44:31 CDT pre-events
otsdaq/otsdaq-core/WorkLoopManager/WorkLoop.cc [26]	Destroying WorkLoop: CFO0-SlowControls
%MSG
%MSG-d ots:  Early 31-Oct-2018 13:44:31 CDT pre-events
otsdaq/otsdaq-core/WorkLoopManager/WorkLoop.cc [29]	Destroyed WorkLoop: CFO0-SlowControls
%MSG
%MSG-d ots:  Early 31-Oct-2018 13:44:31 CDT pre-events
otsdaq/otsdaq-core/WorkLoopManager/WorkLoop.cc [26]	Destroying WorkLoop: CFO0
%MSG
%MSG-d ots:  Early 31-Oct-2018 13:44:31 CDT pre-events
otsdaq/otsdaq-core/WorkLoopManager/WorkLoop.cc [29]	Destroyed WorkLoop: CFO0
%MSG
