%MSG-i configureMessageFacility:  CorePropertySupervisorBase  29-Oct-2018 15:38:44 CDT pre-events configureMessageFacility.cc:286
Message Facility Application CorePropertySupervisorBase configured with: debugModules:["*"] destinations:{file:{append:false directory:"/home/mu2edaq/sync_demo/ots/srcs/otsdaq_mu2e/Data/Logs/CorePropertySupervisorBase" pattern:"CorePropertySupervisorBase-%?H%t-%p.log" seperator:"-" threshold:"DEBUG" timestamp_pattern:"%Y%m%d%H%M%S" type:"GenFile"} udp:{host:"192.168.157.6" port:30000 threshold:"DEBUG" type:"UDP"}}
%MSG
%MSG-i _TCPConnect:  CorePropertySupervisorBase 29-Oct-2018 15:38:44 CDT  pre-events TCPConnect.cc:334
Resolving host 192.168.157.6, on port 30000
%MSG
%MSG-i _TCPConnect:  CorePropertySupervisorBase 29-Oct-2018 15:38:44 CDT  pre-events TCPConnect.cc:241
Resolving ip mu2edaq06.fnal.gov
%MSG
%MSG-i configureMessageFacility:  RunControlStateMachine  29-Oct-2018 15:38:45 CDT pre-events configureMessageFacility.cc:286
Message Facility Application RunControlStateMachine configured with: debugModules:["*"] destinations:{file:{append:false directory:"/home/mu2edaq/sync_demo/ots/srcs/otsdaq_mu2e/Data/Logs/RunControlStateMachine" pattern:"RunControlStateMachine-%?H%t-%p.log" seperator:"-" threshold:"DEBUG" timestamp_pattern:"%Y%m%d%H%M%S" type:"GenFile"} udp:{host:"192.168.157.6" port:30000 threshold:"DEBUG" type:"UDP"}}
%MSG
%MSG-i configureMessageFacility:  CoreSupervisorBase 29-Oct-2018 15:38:45 CDT  pre-events configureMessageFacility.cc:286
Message Facility Application CoreSupervisorBase configured with: debugModules:["*"] destinations:{file:{append:false directory:"/home/mu2edaq/sync_demo/ots/srcs/otsdaq_mu2e/Data/Logs/CoreSupervisorBase" pattern:"CoreSupervisorBase-%?H%t-%p.log" seperator:"-" threshold:"DEBUG" timestamp_pattern:"%Y%m%d%H%M%S" type:"GenFile"} udp:{host:"192.168.157.6" port:30000 threshold:"DEBUG" type:"UDP"}}
%MSG
%MSG-d DTCFrontEndInterface:  Early 29-Oct-2018 15:39:25 CDT pre-events
otsdaq_mu2e/otsdaq-mu2e/FEInterfaces/DTCFrontEndInterface_interface.cc [75]	DTCFrontEndInterface instantiated with name: DTC1 dtc_location_in_chain_ = 1 talking to /dev/mu2e0
%MSG
%MSG-d DTCFrontEndInterface:  Early 29-Oct-2018 15:39:50 CDT pre-events
otsdaq_mu2e/otsdaq-mu2e/FEInterfaces/DTCFrontEndInterface_interface.cc [573]	DTC links OK 0xc3
%MSG
%MSG-d DTCFrontEndInterface:  Early 29-Oct-2018 15:40:15 CDT pre-events
otsdaq_mu2e/otsdaq-mu2e/FEInterfaces/DTCFrontEndInterface_interface.cc [573]	DTC links OK 0xc3
%MSG
%MSG-d DTCFrontEndInterface:  Early 29-Oct-2018 15:40:41 CDT pre-events
otsdaq_mu2e/otsdaq-mu2e/FEInterfaces/DTCFrontEndInterface_interface.cc [573]	DTC links OK 0xc3
%MSG
%MSG-d DTCFrontEndInterface:  Early 29-Oct-2018 15:41:06 CDT pre-events
otsdaq_mu2e/otsdaq-mu2e/FEInterfaces/DTCFrontEndInterface_interface.cc [573]	DTC links OK 0xc3
%MSG
%MSG-d DTCFrontEndInterface:  Early 29-Oct-2018 15:41:31 CDT pre-events
otsdaq_mu2e/otsdaq-mu2e/FEInterfaces/DTCFrontEndInterface_interface.cc [573]	DTC links OK 0xc3
%MSG
%MSG-d DTCFrontEndInterface:  Early 29-Oct-2018 15:41:56 CDT pre-events
otsdaq_mu2e/otsdaq-mu2e/FEInterfaces/DTCFrontEndInterface_interface.cc [573]	DTC links OK 0xc3
%MSG
%MSG-d DTCFrontEndInterface:  Early 29-Oct-2018 15:42:21 CDT pre-events
otsdaq_mu2e/otsdaq-mu2e/FEInterfaces/DTCFrontEndInterface_interface.cc [573]	DTC links OK 0xc3
%MSG
%MSG-d DTCFrontEndInterface:  Early 29-Oct-2018 15:42:46 CDT pre-events
otsdaq_mu2e/otsdaq-mu2e/FEInterfaces/DTCFrontEndInterface_interface.cc [573]	DTC links OK 0xc3
%MSG
%MSG-d DTCFrontEndInterface:  Early 29-Oct-2018 15:43:11 CDT pre-events
otsdaq_mu2e/otsdaq-mu2e/FEInterfaces/DTCFrontEndInterface_interface.cc [573]	DTC links OK 0xc3
%MSG
%MSG-d DTCFrontEndInterface:  Early 29-Oct-2018 15:43:35 CDT pre-events
otsdaq_mu2e/otsdaq-mu2e/FEInterfaces/DTCFrontEndInterface_interface.cc [573]	DTC links OK 0xc3
%MSG
%MSG-d DTCFrontEndInterface:  Early 29-Oct-2018 15:44:00 CDT pre-events
otsdaq_mu2e/otsdaq-mu2e/FEInterfaces/DTCFrontEndInterface_interface.cc [573]	DTC links OK 0xc3
%MSG
%MSG-d DTCFrontEndInterface:  Early 29-Oct-2018 15:44:25 CDT pre-events
otsdaq_mu2e/otsdaq-mu2e/FEInterfaces/DTCFrontEndInterface_interface.cc [573]	DTC links OK 0xc3
%MSG
%MSG-d DTCFrontEndInterface:  Early 29-Oct-2018 15:44:50 CDT pre-events
otsdaq_mu2e/otsdaq-mu2e/FEInterfaces/DTCFrontEndInterface_interface.cc [573]	DTC links OK 0xc3
%MSG
%MSG-d DTCFrontEndInterface:  Early 29-Oct-2018 15:45:16 CDT pre-events
otsdaq_mu2e/otsdaq-mu2e/FEInterfaces/DTCFrontEndInterface_interface.cc [573]	DTC links OK 0xc3
%MSG
%MSG-d DTCFrontEndInterface:  Early 29-Oct-2018 15:45:41 CDT pre-events
otsdaq_mu2e/otsdaq-mu2e/FEInterfaces/DTCFrontEndInterface_interface.cc [573]	DTC links OK 0xc3
%MSG
%MSG-d DTCFrontEndInterface:  Early 29-Oct-2018 15:46:06 CDT pre-events
otsdaq_mu2e/otsdaq-mu2e/FEInterfaces/DTCFrontEndInterface_interface.cc [573]	DTC links OK 0xc3
%MSG
%MSG-d DTCFrontEndInterface:  Early 29-Oct-2018 15:46:30 CDT pre-events
otsdaq_mu2e/otsdaq-mu2e/FEInterfaces/DTCFrontEndInterface_interface.cc [573]	DTC links OK 0xc3
%MSG
%MSG-d DTCFrontEndInterface:  Early 29-Oct-2018 15:46:55 CDT pre-events
otsdaq_mu2e/otsdaq-mu2e/FEInterfaces/DTCFrontEndInterface_interface.cc [573]	DTC links OK 0xc3
%MSG
%MSG-d DTCFrontEndInterface:  Early 29-Oct-2018 15:47:20 CDT pre-events
otsdaq_mu2e/otsdaq-mu2e/FEInterfaces/DTCFrontEndInterface_interface.cc [573]	DTC links OK 0xc3
%MSG
%MSG-d DTCFrontEndInterface:  Early 29-Oct-2018 15:47:45 CDT pre-events
otsdaq_mu2e/otsdaq-mu2e/FEInterfaces/DTCFrontEndInterface_interface.cc [573]	DTC links OK 0xc3
%MSG
%MSG-d ots:  Early 29-Oct-2018 15:49:07 CDT pre-events
otsdaq/otsdaq-core/WorkLoopManager/WorkLoop.cc [26]	Destroying WorkLoop: DTC1-SlowControls
%MSG
%MSG-d ots:  Early 29-Oct-2018 15:49:07 CDT pre-events
otsdaq/otsdaq-core/WorkLoopManager/WorkLoop.cc [29]	Destroyed WorkLoop: DTC1-SlowControls
%MSG
%MSG-d ots:  Early 29-Oct-2018 15:49:07 CDT pre-events
otsdaq/otsdaq-core/WorkLoopManager/WorkLoop.cc [26]	Destroying WorkLoop: DTC1
%MSG
%MSG-d ots:  Early 29-Oct-2018 15:49:07 CDT pre-events
otsdaq/otsdaq-core/WorkLoopManager/WorkLoop.cc [29]	Destroyed WorkLoop: DTC1
%MSG
%MSG-d DTCFrontEndInterface:  Early 29-Oct-2018 15:49:12 CDT pre-events
otsdaq_mu2e/otsdaq-mu2e/FEInterfaces/DTCFrontEndInterface_interface.cc [75]	DTCFrontEndInterface instantiated with name: DTC1 dtc_location_in_chain_ = 1 talking to /dev/mu2e0
%MSG
%MSG-d DTCFrontEndInterface:  Early 29-Oct-2018 15:49:37 CDT pre-events
otsdaq_mu2e/otsdaq-mu2e/FEInterfaces/DTCFrontEndInterface_interface.cc [573]	DTC links OK 0xc3
%MSG
%MSG-d DTCFrontEndInterface:  Early 29-Oct-2018 15:50:02 CDT pre-events
otsdaq_mu2e/otsdaq-mu2e/FEInterfaces/DTCFrontEndInterface_interface.cc [573]	DTC links OK 0xc3
%MSG
%MSG-d DTCFrontEndInterface:  Early 29-Oct-2018 15:50:27 CDT pre-events
otsdaq_mu2e/otsdaq-mu2e/FEInterfaces/DTCFrontEndInterface_interface.cc [573]	DTC links OK 0xc3
%MSG
%MSG-d DTCFrontEndInterface:  Early 29-Oct-2018 15:50:53 CDT pre-events
otsdaq_mu2e/otsdaq-mu2e/FEInterfaces/DTCFrontEndInterface_interface.cc [573]	DTC links OK 0xc3
%MSG
%MSG-d DTCFrontEndInterface:  Early 29-Oct-2018 15:51:18 CDT pre-events
otsdaq_mu2e/otsdaq-mu2e/FEInterfaces/DTCFrontEndInterface_interface.cc [573]	DTC links OK 0xc3
%MSG
%MSG-d DTCFrontEndInterface:  Early 29-Oct-2018 15:51:43 CDT pre-events
otsdaq_mu2e/otsdaq-mu2e/FEInterfaces/DTCFrontEndInterface_interface.cc [573]	DTC links OK 0xc3
%MSG
%MSG-d DTCFrontEndInterface:  Early 29-Oct-2018 15:52:08 CDT pre-events
otsdaq_mu2e/otsdaq-mu2e/FEInterfaces/DTCFrontEndInterface_interface.cc [573]	DTC links OK 0xc3
%MSG
%MSG-d DTCFrontEndInterface:  Early 29-Oct-2018 15:52:33 CDT pre-events
otsdaq_mu2e/otsdaq-mu2e/FEInterfaces/DTCFrontEndInterface_interface.cc [573]	DTC links OK 0xc3
%MSG
%MSG-d DTCFrontEndInterface:  Early 29-Oct-2018 15:52:58 CDT pre-events
otsdaq_mu2e/otsdaq-mu2e/FEInterfaces/DTCFrontEndInterface_interface.cc [573]	DTC links OK 0xc3
%MSG
%MSG-d DTCFrontEndInterface:  Early 29-Oct-2018 15:53:25 CDT pre-events
otsdaq_mu2e/otsdaq-mu2e/FEInterfaces/DTCFrontEndInterface_interface.cc [573]	DTC links OK 0xc3
%MSG
%MSG-d DTCFrontEndInterface:  Early 29-Oct-2018 15:53:51 CDT pre-events
otsdaq_mu2e/otsdaq-mu2e/FEInterfaces/DTCFrontEndInterface_interface.cc [573]	DTC links OK 0xc3
%MSG
%MSG-d DTCFrontEndInterface:  Early 29-Oct-2018 15:54:16 CDT pre-events
otsdaq_mu2e/otsdaq-mu2e/FEInterfaces/DTCFrontEndInterface_interface.cc [573]	DTC links OK 0xc3
%MSG
%MSG-d DTCFrontEndInterface:  Early 29-Oct-2018 15:54:41 CDT pre-events
otsdaq_mu2e/otsdaq-mu2e/FEInterfaces/DTCFrontEndInterface_interface.cc [573]	DTC links OK 0xc3
%MSG
%MSG-d DTCFrontEndInterface:  Early 29-Oct-2018 15:55:06 CDT pre-events
otsdaq_mu2e/otsdaq-mu2e/FEInterfaces/DTCFrontEndInterface_interface.cc [573]	DTC links OK 0xc3
%MSG
%MSG-d DTCFrontEndInterface:  Early 29-Oct-2018 15:55:31 CDT pre-events
otsdaq_mu2e/otsdaq-mu2e/FEInterfaces/DTCFrontEndInterface_interface.cc [573]	DTC links OK 0xc3
%MSG
%MSG-d DTCFrontEndInterface:  Early 29-Oct-2018 15:55:56 CDT pre-events
otsdaq_mu2e/otsdaq-mu2e/FEInterfaces/DTCFrontEndInterface_interface.cc [573]	DTC links OK 0xc3
%MSG
%MSG-d DTCFrontEndInterface:  Early 29-Oct-2018 15:56:20 CDT pre-events
otsdaq_mu2e/otsdaq-mu2e/FEInterfaces/DTCFrontEndInterface_interface.cc [573]	DTC links OK 0xc3
%MSG
%MSG-d DTCFrontEndInterface:  Early 29-Oct-2018 15:56:45 CDT pre-events
otsdaq_mu2e/otsdaq-mu2e/FEInterfaces/DTCFrontEndInterface_interface.cc [573]	DTC links OK 0xc3
%MSG
%MSG-d DTCFrontEndInterface:  Early 29-Oct-2018 15:57:10 CDT pre-events
otsdaq_mu2e/otsdaq-mu2e/FEInterfaces/DTCFrontEndInterface_interface.cc [573]	DTC links OK 0xc3
%MSG
%MSG-d DTCFrontEndInterface:  Early 29-Oct-2018 15:57:35 CDT pre-events
otsdaq_mu2e/otsdaq-mu2e/FEInterfaces/DTCFrontEndInterface_interface.cc [573]	DTC links OK 0xc3
%MSG
